FILE:2016-10-13 03:58:08,D:\AWORK\苗尾\昆明院苗尾监测资料\内观资料\PD45探洞（渗压计）\PD45探洞渗压计.xls
FILE:2016-10-13 03:58:08,D:\AWORK\苗尾\昆明院苗尾监测资料\内观资料\厂后\厂后区渗压计.xls
FILE:2016-10-13 03:58:08,D:\AWORK\苗尾\昆明院苗尾监测资料\内观资料\右坝头\右坝头渗压计.xls
FILE:2016-10-13 03:58:08,D:\AWORK\苗尾\昆明院苗尾监测资料\内观资料\大坝\大坝基础（渗压计）\大坝基础渗压计.xls
FILE:2016-10-13 03:58:09,D:\AWORK\苗尾\昆明院苗尾监测资料\内观资料\大坝\大坝心墙\渗压计.xls
FILE:2016-10-13 03:58:09,D:\AWORK\苗尾\昆明院苗尾监测资料\内观资料\溢洪道\溢洪道泄槽段右侧边坡\溢洪道泄槽段右侧边坡渗压计.xls
FILE:2016-10-13 03:58:09,D:\AWORK\苗尾\昆明院苗尾监测资料\内观资料\溢洪道\溢洪道泄槽段左侧边坡\溢洪道泄槽段左侧边坡渗压计.xls
FILE:2016-10-13 03:58:09,D:\AWORK\苗尾\昆明院苗尾监测资料\内观资料\溢洪道\溢洪道泄槽段底板\溢洪道泄槽段底板渗压计.xls
FILE:2016-10-13 03:58:09,D:\AWORK\苗尾\昆明院苗尾监测资料\内观资料\溢洪道\溢洪道进水渠边坡\溢洪道进水渠边坡渗压计.xls
PARAM:PPD45-1-1
PARAM:PPD45-1-2
PARAM:PPD45-2-1
PARAM:PPD45-2-2
PARAM:PPD45-3-1
PARAM:PPD45-3-2
PARAM:UPChb2-1
PARAM:UPChb4-1
PARAM:UPChb5-1
PARAM:UPChb5-2
PARAM:渗压计UPYtb-1
PARAM:渗压计UPYtb-2
PARAM:PBJ-F119,144+012
PARAM:PBJ-F107,166-012
PARAM:PBJ-F144,120-030
PARAM:渗压计UPYb3-1
PARAM:渗压计UPYb4-1
PARAM:渗压计UPYb9-1
FILE:2016-10-13 04:00:20,D:\AWORK\苗尾\昆明院苗尾监测资料\内观资料\PD45探洞（渗压计）\PD45探洞渗压计.xls
FILE:2016-10-13 04:00:20,D:\AWORK\苗尾\昆明院苗尾监测资料\内观资料\厂后\厂后区渗压计.xls
FILE:2016-10-13 04:00:20,D:\AWORK\苗尾\昆明院苗尾监测资料\内观资料\右坝头\右坝头渗压计.xls
FILE:2016-10-13 04:00:21,D:\AWORK\苗尾\昆明院苗尾监测资料\内观资料\大坝\大坝基础（渗压计）\大坝基础渗压计.xls
FILE:2016-10-13 04:00:22,D:\AWORK\苗尾\昆明院苗尾监测资料\内观资料\大坝\大坝心墙\渗压计.xls
FILE:2016-10-13 04:00:22,D:\AWORK\苗尾\昆明院苗尾监测资料\内观资料\溢洪道\溢洪道泄槽段右侧边坡\溢洪道泄槽段右侧边坡渗压计.xls
FILE:2016-10-13 04:00:22,D:\AWORK\苗尾\昆明院苗尾监测资料\内观资料\溢洪道\溢洪道泄槽段左侧边坡\溢洪道泄槽段左侧边坡渗压计.xls
FILE:2016-10-13 04:00:22,D:\AWORK\苗尾\昆明院苗尾监测资料\内观资料\溢洪道\溢洪道泄槽段底板\溢洪道泄槽段底板渗压计.xls
FILE:2016-10-13 04:00:22,D:\AWORK\苗尾\昆明院苗尾监测资料\内观资料\溢洪道\溢洪道进水渠边坡\溢洪道进水渠边坡渗压计.xls
PARAM:PPD45-1-1
PARAM:PPD45-1-2
PARAM:PPD45-2-1
PARAM:PPD45-2-2
PARAM:PPD45-3-1
PARAM:PPD45-3-2
PARAM:UPChb2-1
PARAM:UPChb4-1
PARAM:UPChb5-1
PARAM:UPChb5-2
PARAM:渗压计UPYtb-1
PARAM:渗压计UPYtb-2
PARAM:PBJ-F119,144+012
PARAM:PBJ-F107,166-012
PARAM:PBJ-F144,120-030
PARAM:渗压计UPYb3-1
PARAM:渗压计UPYb4-1
PARAM:渗压计UPYb9-1
FILE:2016-10-13 04:01:01,D:\AWORK\苗尾\昆明院苗尾监测资料\内观资料\PD45探洞（渗压计）\PD45探洞渗压计.xls
FILE:2016-10-13 04:01:01,D:\AWORK\苗尾\昆明院苗尾监测资料\内观资料\厂后\厂后区渗压计.xls
FILE:2016-10-13 04:01:01,D:\AWORK\苗尾\昆明院苗尾监测资料\内观资料\右坝头\右坝头渗压计.xls
FILE:2016-10-13 04:01:02,D:\AWORK\苗尾\昆明院苗尾监测资料\内观资料\大坝\大坝基础（渗压计）\大坝基础渗压计.xls
FILE:2016-10-13 04:01:02,D:\AWORK\苗尾\昆明院苗尾监测资料\内观资料\大坝\大坝心墙\渗压计.xls
FILE:2016-10-13 04:01:02,D:\AWORK\苗尾\昆明院苗尾监测资料\内观资料\溢洪道\溢洪道泄槽段右侧边坡\溢洪道泄槽段右侧边坡渗压计.xls
FILE:2016-10-13 04:01:02,D:\AWORK\苗尾\昆明院苗尾监测资料\内观资料\溢洪道\溢洪道泄槽段左侧边坡\溢洪道泄槽段左侧边坡渗压计.xls
FILE:2016-10-13 04:01:02,D:\AWORK\苗尾\昆明院苗尾监测资料\内观资料\溢洪道\溢洪道泄槽段底板\溢洪道泄槽段底板渗压计.xls
FILE:2016-10-13 04:01:02,D:\AWORK\苗尾\昆明院苗尾监测资料\内观资料\溢洪道\溢洪道进水渠边坡\溢洪道进水渠边坡渗压计.xls
PARAM:PPD45-1-1
PARAM:PPD45-1-2
PARAM:PPD45-2-1
PARAM:PPD45-2-2
PARAM:PPD45-3-1
PARAM:PPD45-3-2
PARAM:UPChb2-1
PARAM:UPChb4-1
PARAM:UPChb5-1
PARAM:UPChb5-2
PARAM:渗压计UPYtb-1
PARAM:渗压计UPYtb-2
PARAM:PBJ-F119,144+012
PARAM:PBJ-F107,166-012
PARAM:PBJ-F144,120-030
PARAM:渗压计UPYb3-1
PARAM:渗压计UPYb4-1
PARAM:渗压计UPYb9-1
FILE:2016-10-13 04:05:24,D:\AWORK\苗尾\昆明院苗尾监测资料\内观资料\PD45探洞（渗压计）\PD45探洞渗压计.xls
FILE:2016-10-13 04:05:24,D:\AWORK\苗尾\昆明院苗尾监测资料\内观资料\厂后\厂后区渗压计.xls
FILE:2016-10-13 04:05:24,D:\AWORK\苗尾\昆明院苗尾监测资料\内观资料\右坝头\右坝头渗压计.xls
FILE:2016-10-13 04:05:24,D:\AWORK\苗尾\昆明院苗尾监测资料\内观资料\大坝\大坝基础（渗压计）\大坝基础渗压计.xls
FILE:2016-10-13 04:05:25,D:\AWORK\苗尾\昆明院苗尾监测资料\内观资料\大坝\大坝心墙\渗压计.xls
FILE:2016-10-13 04:05:25,D:\AWORK\苗尾\昆明院苗尾监测资料\内观资料\溢洪道\溢洪道泄槽段右侧边坡\溢洪道泄槽段右侧边坡渗压计.xls
FILE:2016-10-13 04:05:25,D:\AWORK\苗尾\昆明院苗尾监测资料\内观资料\溢洪道\溢洪道泄槽段左侧边坡\溢洪道泄槽段左侧边坡渗压计.xls
FILE:2016-10-13 04:05:25,D:\AWORK\苗尾\昆明院苗尾监测资料\内观资料\溢洪道\溢洪道泄槽段底板\溢洪道泄槽段底板渗压计.xls
FILE:2016-10-13 04:05:25,D:\AWORK\苗尾\昆明院苗尾监测资料\内观资料\溢洪道\溢洪道进水渠边坡\溢洪道进水渠边坡渗压计.xls
PARAM:PPD45-1-1
PARAM:PPD45-1-2
PARAM:PPD45-2-1
PARAM:PPD45-2-2
PARAM:PPD45-3-1
PARAM:PPD45-3-2
PARAM:UPChb2-1
PARAM:UPChb4-1
PARAM:UPChb5-1
PARAM:UPChb5-2
PARAM:渗压计UPYtb-1
PARAM:渗压计UPYtb-2
PARAM:PBJ-F119,144+012
PARAM:PBJ-F107,166-012
PARAM:PBJ-F144,120-030
PARAM:渗压计UPYb3-1
PARAM:渗压计UPYb4-1
PARAM:渗压计UPYb9-1
FILE:2016-10-13 04:07:25,D:\AWORK\苗尾\昆明院苗尾监测资料\内观资料\厂前\厂前区多点位移计.xls
DATA:MCqb1,9,未将对象引用设置到对象的实例。
DATA:MCqb1,10,未将对象引用设置到对象的实例。
DATA:MCqb1,11,未将对象引用设置到对象的实例。
DATA:MCqb1,12,未将对象引用设置到对象的实例。
DATA:MCqb1,13,未将对象引用设置到对象的实例。
DATA:MCqb1,14,未将对象引用设置到对象的实例。
DATA:MCqb1,15,未将对象引用设置到对象的实例。
DATA:MCqb1,16,未将对象引用设置到对象的实例。
DATA:MCqb1,17,未将对象引用设置到对象的实例。
DATA:MCqb1,18,未将对象引用设置到对象的实例。
DATA:MCqb1,19,未将对象引用设置到对象的实例。
DATA:MCqb1,20,未将对象引用设置到对象的实例。
DATA:MCqb1,21,未将对象引用设置到对象的实例。
DATA:MCqb2,9,未将对象引用设置到对象的实例。
DATA:MCqb2,10,未将对象引用设置到对象的实例。
DATA:MCqb2,11,未将对象引用设置到对象的实例。
DATA:MCqb2,12,未将对象引用设置到对象的实例。
DATA:MCqb2,13,未将对象引用设置到对象的实例。
DATA:MCqb2,14,未将对象引用设置到对象的实例。
DATA:MCqb2,15,未将对象引用设置到对象的实例。
DATA:MCqb2,16,未将对象引用设置到对象的实例。
DATA:MCqb2,17,未将对象引用设置到对象的实例。
DATA:MCqb2,18,未将对象引用设置到对象的实例。
DATA:MCqb2,19,未将对象引用设置到对象的实例。
DATA:MCqb2,20,未将对象引用设置到对象的实例。
DATA:MCqb2,21,未将对象引用设置到对象的实例。
DATA:MCqb2,22,未将对象引用设置到对象的实例。
DATA:MCqb2,23,未将对象引用设置到对象的实例。
FILE:2016-10-13 04:07:26,D:\AWORK\苗尾\昆明院苗尾监测资料\内观资料\厂后\厂后区多点位移计 .xls
DATA:MChb2-1,9,未将对象引用设置到对象的实例。
DATA:MChb3-1,9,未将对象引用设置到对象的实例。
DATA:MChb4-1,9,未将对象引用设置到对象的实例。
DATA:MChb4-1,10,未将对象引用设置到对象的实例。
DATA:MChb4-1,11,未将对象引用设置到对象的实例。
DATA:MChb4-1,12,未将对象引用设置到对象的实例。
DATA:MChb4-1,13,未将对象引用设置到对象的实例。
DATA:MChb4-1,14,未将对象引用设置到对象的实例。
DATA:MChb4-1,15,未将对象引用设置到对象的实例。
DATA:MChb4-1,16,未将对象引用设置到对象的实例。
DATA:MChb4-1,17,未将对象引用设置到对象的实例。
DATA:MChb4-1,18,未将对象引用设置到对象的实例。
DATA:MChb4-1,19,未将对象引用设置到对象的实例。
DATA:MChb4-1,20,未将对象引用设置到对象的实例。
DATA:MChb4-1,21,未将对象引用设置到对象的实例。
DATA:MChb4-1,22,未将对象引用设置到对象的实例。
DATA:MChb4-1,23,未将对象引用设置到对象的实例。
DATA:MChb4-1,24,未将对象引用设置到对象的实例。
DATA:MChb4-1,25,未将对象引用设置到对象的实例。
DATA:MChb4-1,26,未将对象引用设置到对象的实例。
DATA:MChb4-1,27,未将对象引用设置到对象的实例。
DATA:MChb4-1,28,未将对象引用设置到对象的实例。
DATA:MChb4-1,29,未将对象引用设置到对象的实例。
DATA:MChb4-1,30,未将对象引用设置到对象的实例。
DATA:MChb4-1,31,未将对象引用设置到对象的实例。
DATA:MChb4-1,32,未将对象引用设置到对象的实例。
DATA:MChb4-1,33,未将对象引用设置到对象的实例。
DATA:MChb4-1,34,未将对象引用设置到对象的实例。
DATA:MChb5-1,9,未将对象引用设置到对象的实例。
DATA:MChb5-1,10,未将对象引用设置到对象的实例。
DATA:MChb5-1,11,未将对象引用设置到对象的实例。
DATA:MChb5-1,12,未将对象引用设置到对象的实例。
DATA:MChb5-1,13,未将对象引用设置到对象的实例。
DATA:MChb5-1,14,未将对象引用设置到对象的实例。
DATA:MChb5-1,15,未将对象引用设置到对象的实例。
DATA:MChb5-1,16,未将对象引用设置到对象的实例。
DATA:MChb5-1,17,未将对象引用设置到对象的实例。
DATA:MChb5-1,18,未将对象引用设置到对象的实例。
DATA:MChb5-1,19,未将对象引用设置到对象的实例。
DATA:MChb5-1,20,未将对象引用设置到对象的实例。
DATA:MChb5-1,21,未将对象引用设置到对象的实例。
DATA:MChb5-1,22,未将对象引用设置到对象的实例。
DATA:MChb5-1,23,未将对象引用设置到对象的实例。
DATA:MChb5-1,24,未将对象引用设置到对象的实例。
DATA:MChb5-1,25,未将对象引用设置到对象的实例。
DATA:MChb5-1,26,未将对象引用设置到对象的实例。
DATA:MChb5-1,27,未将对象引用设置到对象的实例。
DATA:MChb5-1,28,未将对象引用设置到对象的实例。
DATA:MChb5-2,9,未将对象引用设置到对象的实例。
DATA:MChb5-2,10,未将对象引用设置到对象的实例。
DATA:MChb5-2,11,未将对象引用设置到对象的实例。
DATA:MChb5-2,12,未将对象引用设置到对象的实例。
DATA:MChb5-2,13,未将对象引用设置到对象的实例。
DATA:MChb5-2,14,未将对象引用设置到对象的实例。
DATA:MChb5-2,15,未将对象引用设置到对象的实例。
DATA:MChb5-2,16,未将对象引用设置到对象的实例。
DATA:MChb5-2,17,未将对象引用设置到对象的实例。
DATA:MChb5-2,18,未将对象引用设置到对象的实例。
FILE:2016-10-13 04:07:28,D:\AWORK\苗尾\昆明院苗尾监测资料\内观资料\右坝基\右坝基多点位移计.xls
DATA:MBJZ-R1408,9,未将对象引用设置到对象的实例。
DATA:MBJZ-R1408,10,未将对象引用设置到对象的实例。
DATA:MBJZ-R1408,11,未将对象引用设置到对象的实例。
DATA:MBJZ-R1408,12,未将对象引用设置到对象的实例。
DATA:MBJZ-R1408,13,未将对象引用设置到对象的实例。
DATA:MBJZ-R1408,14,未将对象引用设置到对象的实例。
DATA:MBJZ-R1408,15,未将对象引用设置到对象的实例。
DATA:MBJZ-R1408,16,未将对象引用设置到对象的实例。
DATA:MBJZ-R1408,17,未将对象引用设置到对象的实例。
DATA:MBJZ-R1408,18,未将对象引用设置到对象的实例。
DATA:MBJZ-R1408,19,未将对象引用设置到对象的实例。
DATA:MBJZ-R1408,20,未将对象引用设置到对象的实例。
DATA:MBJZ-R1408,21,未将对象引用设置到对象的实例。
DATA:MBJZ-R1390,9,未将对象引用设置到对象的实例。
DATA:MBJZ-R1390,10,未将对象引用设置到对象的实例。
DATA:MBJZ-R1390,11,未将对象引用设置到对象的实例。
DATA:MBJZ-R1390,12,未将对象引用设置到对象的实例。
DATA:MBJZ-R1390,13,未将对象引用设置到对象的实例。
DATA:MBJZ-R1390,14,未将对象引用设置到对象的实例。
DATA:MBJZ-R1390,15,未将对象引用设置到对象的实例。
DATA:MBJZ-R1390,16,未将对象引用设置到对象的实例。
DATA:MBJZ-R1390,17,未将对象引用设置到对象的实例。
DATA:MBJZ-R1390,18,未将对象引用设置到对象的实例。
DATA:MBJZ-R1390,19,未将对象引用设置到对象的实例。
DATA:M4hpt1-1,9,未将对象引用设置到对象的实例。
DATA:M4hpt1-1,10,未将对象引用设置到对象的实例。
DATA:M4hpt1-1,11,未将对象引用设置到对象的实例。
DATA:M4hpt1-1,12,未将对象引用设置到对象的实例。
DATA:M4hpt1-1,13,未将对象引用设置到对象的实例。
DATA:M4hpt1-1,14,未将对象引用设置到对象的实例。
DATA:M4hpt1-1,15,未将对象引用设置到对象的实例。
DATA:M4hpt1-1,16,未将对象引用设置到对象的实例。
DATA:M4hpt1-1,17,未将对象引用设置到对象的实例。
DATA:M4hpt1-1,18,未将对象引用设置到对象的实例。
DATA:M4hpt1-1,19,未将对象引用设置到对象的实例。
DATA:M4hpt1-1,20,未将对象引用设置到对象的实例。
DATA:M4hpt1-1,21,未将对象引用设置到对象的实例。
DATA:M4hpt1-1,22,未将对象引用设置到对象的实例。
DATA:M4hpt1-1,23,未将对象引用设置到对象的实例。
DATA:M4hpt1-2,9,未将对象引用设置到对象的实例。
DATA:M4hpt1-2,10,未将对象引用设置到对象的实例。
DATA:M4hpt1-2,11,未将对象引用设置到对象的实例。
DATA:M4hpt1-2,12,未将对象引用设置到对象的实例。
DATA:M4hpt1-2,13,未将对象引用设置到对象的实例。
DATA:M4hpt1-2,14,未将对象引用设置到对象的实例。
DATA:M4hpt1-2,15,未将对象引用设置到对象的实例。
DATA:M4hpt1-2,16,未将对象引用设置到对象的实例。
DATA:M4hpt1-2,17,未将对象引用设置到对象的实例。
DATA:M4hpt1-2,18,未将对象引用设置到对象的实例。
DATA:M4hpt1-2,19,未将对象引用设置到对象的实例。
DATA:M4hpt1-2,20,未将对象引用设置到对象的实例。
DATA:M4hpt1-2,21,未将对象引用设置到对象的实例。
DATA:M4hpt1-2,22,未将对象引用设置到对象的实例。
DATA:M4hpt1-2,23,未将对象引用设置到对象的实例。
DATA:M4hpt1-2,24,未将对象引用设置到对象的实例。
DATA:M4hpt1-2,25,未将对象引用设置到对象的实例。
DATA:M4hpt1-2,26,未将对象引用设置到对象的实例。
DATA:M4hpt1-2,27,未将对象引用设置到对象的实例。
DATA:M4hpt1-2,28,未将对象引用设置到对象的实例。
DATA:M4hpt1-2,29,未将对象引用设置到对象的实例。
DATA:M4hpt1-2,30,未将对象引用设置到对象的实例。
DATA:M4hpt1-2,31,未将对象引用设置到对象的实例。
DATA:M4hpt1-2,32,未将对象引用设置到对象的实例。
DATA:M4hpt1-3,9,未将对象引用设置到对象的实例。
DATA:M4hpt1-3,10,未将对象引用设置到对象的实例。
DATA:M4hpt1-3,11,未将对象引用设置到对象的实例。
DATA:M4hpt1-3,12,未将对象引用设置到对象的实例。
DATA:M4hpt1-3,13,未将对象引用设置到对象的实例。
DATA:M4hpt1-3,14,未将对象引用设置到对象的实例。
DATA:M4hpt1-3,15,未将对象引用设置到对象的实例。
DATA:M4hpt1-3,16,未将对象引用设置到对象的实例。
DATA:M4hpt1-3,17,未将对象引用设置到对象的实例。
DATA:M4hpt1-3,18,未将对象引用设置到对象的实例。
DATA:M4hpt1-3,19,未将对象引用设置到对象的实例。
DATA:M4hpt1-3,20,未将对象引用设置到对象的实例。
DATA:M4hpt1-3,21,未将对象引用设置到对象的实例。
DATA:M4hpt1-3,22,未将对象引用设置到对象的实例。
DATA:M4hpt1-3,23,未将对象引用设置到对象的实例。
DATA:M4hpt1-3,24,未将对象引用设置到对象的实例。
DATA:M4hpt1-3,25,未将对象引用设置到对象的实例。
DATA:M4hpt1-3,26,未将对象引用设置到对象的实例。
DATA:M4hpt1-3,27,未将对象引用设置到对象的实例。
DATA:M4hpt1-3,28,未将对象引用设置到对象的实例。
DATA:M4hpt1-4,9,未将对象引用设置到对象的实例。
DATA:M4hpt1-4,10,未将对象引用设置到对象的实例。
DATA:M4hpt1-4,11,未将对象引用设置到对象的实例。
DATA:M4hpt1-4,12,未将对象引用设置到对象的实例。
DATA:M4hpt1-4,13,未将对象引用设置到对象的实例。
DATA:M4hpt1-4,14,未将对象引用设置到对象的实例。
DATA:M4hpt1-4,15,未将对象引用设置到对象的实例。
DATA:M4hpt1-4,16,未将对象引用设置到对象的实例。
DATA:M4hpt1-4,17,未将对象引用设置到对象的实例。
DATA:M4hpt1-4,18,未将对象引用设置到对象的实例。
DATA:M4hpt1-4,19,未将对象引用设置到对象的实例。
DATA:M4hpt1-4,20,未将对象引用设置到对象的实例。
DATA:M4hpt1-4,21,未将对象引用设置到对象的实例。
DATA:M4hpt1-4,22,未将对象引用设置到对象的实例。
DATA:M4hpt1-4,23,未将对象引用设置到对象的实例。
DATA:M4hpt1-4,24,未将对象引用设置到对象的实例。
DATA:M4hpt1-Z1,9,未将对象引用设置到对象的实例。
DATA:M4hpt1-Z1,10,未将对象引用设置到对象的实例。
DATA:M4hpt1-Z1,11,未将对象引用设置到对象的实例。
DATA:M4hpt1-Z1,12,未将对象引用设置到对象的实例。
DATA:M4hpt1-Z1,13,未将对象引用设置到对象的实例。
DATA:M4hpt1-Z1,14,未将对象引用设置到对象的实例。
DATA:M4hpt1-Z1,15,未将对象引用设置到对象的实例。
DATA:M4hpt1-Z1,16,未将对象引用设置到对象的实例。
DATA:M4hpt1-Z1,17,未将对象引用设置到对象的实例。
DATA:M4hpt1-Z1,18,未将对象引用设置到对象的实例。
DATA:M4hpt1-Z1,19,未将对象引用设置到对象的实例。
DATA:M4hpt1-Z1,20,未将对象引用设置到对象的实例。
DATA:M4hpt1-Z1,21,未将对象引用设置到对象的实例。
DATA:M4hpt1-Z1,22,未将对象引用设置到对象的实例。
DATA:M4hpt1-Z1,23,未将对象引用设置到对象的实例。
DATA:M4hpt1-Z2,9,未将对象引用设置到对象的实例。
DATA:M4hpt1-Z2,10,未将对象引用设置到对象的实例。
DATA:M4hpt1-Z2,11,未将对象引用设置到对象的实例。
DATA:M4hpt1-Z2,12,未将对象引用设置到对象的实例。
DATA:M4hpt1-Z2,13,未将对象引用设置到对象的实例。
DATA:M4hpt1-Z2,14,未将对象引用设置到对象的实例。
DATA:M4hpt1-Z2,15,未将对象引用设置到对象的实例。
DATA:M4hpt1-Z2,16,未将对象引用设置到对象的实例。
DATA:M4hpt1-Z2,17,未将对象引用设置到对象的实例。
DATA:M4hpt1-Z2,18,未将对象引用设置到对象的实例。
DATA:M4hpt1-Z2,19,未将对象引用设置到对象的实例。
DATA:M4hpt1-Z2,20,未将对象引用设置到对象的实例。
DATA:M4hpt1-Z2,21,未将对象引用设置到对象的实例。
DATA:M4hpt1-Z2,22,未将对象引用设置到对象的实例。
DATA:M4hpt1-Z2,23,未将对象引用设置到对象的实例。
DATA:M4hpt1-Z2,24,未将对象引用设置到对象的实例。
DATA:M4hpt2-Z1,9,未将对象引用设置到对象的实例。
DATA:M4hpt2-Z1,10,未将对象引用设置到对象的实例。
DATA:M4hpt2-Z1,11,未将对象引用设置到对象的实例。
DATA:M4hpt2-Z1,12,未将对象引用设置到对象的实例。
DATA:M4hpt2-Z1,13,未将对象引用设置到对象的实例。
DATA:M4hpt2-Z1,14,未将对象引用设置到对象的实例。
DATA:M4hpt2-Z1,15,未将对象引用设置到对象的实例。
DATA:M4hpt2-Z1,16,未将对象引用设置到对象的实例。
DATA:M4hpt2-Z1,17,未将对象引用设置到对象的实例。
DATA:M4hpt2-Z1,18,未将对象引用设置到对象的实例。
DATA:M4hpt2-Z1,19,未将对象引用设置到对象的实例。
DATA:M4hpt2-Z1,20,未将对象引用设置到对象的实例。
DATA:M4hpt2-Z1,21,未将对象引用设置到对象的实例。
DATA:M4hpt2-Z1,22,未将对象引用设置到对象的实例。
DATA:M4hpt2-Z1,23,未将对象引用设置到对象的实例。
DATA:M4hpt3-1,9,未将对象引用设置到对象的实例。
DATA:M4hpt3-1,10,未将对象引用设置到对象的实例。
DATA:M4hpt3-1,11,未将对象引用设置到对象的实例。
DATA:M4hpt3-1,12,未将对象引用设置到对象的实例。
DATA:M4hpt3-1,13,未将对象引用设置到对象的实例。
DATA:M4hpt3-1,14,未将对象引用设置到对象的实例。
DATA:M4hpt3-1,15,未将对象引用设置到对象的实例。
DATA:M4hpt3-1,16,未将对象引用设置到对象的实例。
DATA:M4hpt3-1,17,未将对象引用设置到对象的实例。
DATA:M4hpt3-1,18,未将对象引用设置到对象的实例。
DATA:M4hpt3-1,19,未将对象引用设置到对象的实例。
DATA:M4hpt3-1,20,未将对象引用设置到对象的实例。
DATA:M4hpt3-1,21,未将对象引用设置到对象的实例。
DATA:M4hpt3-1,22,未将对象引用设置到对象的实例。
DATA:M4hpt3-Z1,9,未将对象引用设置到对象的实例。
DATA:M4hpt3-Z1,10,未将对象引用设置到对象的实例。
DATA:M4hpt3-Z1,11,未将对象引用设置到对象的实例。
DATA:M4hpt3-Z1,12,未将对象引用设置到对象的实例。
DATA:M4hpt3-Z1,13,未将对象引用设置到对象的实例。
DATA:M4hpt3-Z1,14,未将对象引用设置到对象的实例。
DATA:M4hpt3-Z1,15,未将对象引用设置到对象的实例。
DATA:M4hpt3-Z1,16,未将对象引用设置到对象的实例。
DATA:M4hpt3-Z1,17,未将对象引用设置到对象的实例。
DATA:M4hpt3-Z1,18,未将对象引用设置到对象的实例。
DATA:M4hpt3-Z1,19,未将对象引用设置到对象的实例。
DATA:M4hpt3-Z1,20,未将对象引用设置到对象的实例。
DATA:M4hpt3-Z1,21,未将对象引用设置到对象的实例。
DATA:M4hpt3-Z1,22,未将对象引用设置到对象的实例。
DATA:M4hpt3-Z1,23,未将对象引用设置到对象的实例。
DATA:M4hpt3-Z1,24,未将对象引用设置到对象的实例。
DATA:M4hpt3-Z1,25,未将对象引用设置到对象的实例。
DATA:M4hpt3-Z1,26,未将对象引用设置到对象的实例。
DATA:M4hpt3-Z1,27,未将对象引用设置到对象的实例。
DATA:M4hpt3-Z2,9,未将对象引用设置到对象的实例。
DATA:M4hpt3-Z2,10,未将对象引用设置到对象的实例。
DATA:M4hpt3-Z2,11,未将对象引用设置到对象的实例。
DATA:M4hpt3-Z2,12,未将对象引用设置到对象的实例。
DATA:M4hpt3-Z2,13,未将对象引用设置到对象的实例。
DATA:M4hpt3-Z2,14,未将对象引用设置到对象的实例。
DATA:M4hpt3-Z2,15,未将对象引用设置到对象的实例。
DATA:M4hpt3-Z2,16,未将对象引用设置到对象的实例。
DATA:M4hpt3-Z2,17,未将对象引用设置到对象的实例。
DATA:M4hpt3-Z2,18,未将对象引用设置到对象的实例。
DATA:M4hpt3-Z2,19,未将对象引用设置到对象的实例。
DATA:M4hpt3-Z2,20,未将对象引用设置到对象的实例。
DATA:M4hpt3-Z2,21,未将对象引用设置到对象的实例。
DATA:M4hpt3-Z2,22,未将对象引用设置到对象的实例。
DATA:M4hpt3-Z2,23,未将对象引用设置到对象的实例。
DATA:M4hpt3-Z2,24,未将对象引用设置到对象的实例。
DATA:M4hpt3-Z2,25,未将对象引用设置到对象的实例。
DATA:M4hpt3-Z2,26,未将对象引用设置到对象的实例。
DATA:M4hpt3-Z2,27,未将对象引用设置到对象的实例。
DATA:M4hpt3-Z2,28,未将对象引用设置到对象的实例。
DATA:M4hpt3-Z3,9,未将对象引用设置到对象的实例。
DATA:M4hpt3-Z3,10,未将对象引用设置到对象的实例。
DATA:M4hpt3-Z3,11,未将对象引用设置到对象的实例。
DATA:M4hpt3-Z3,12,未将对象引用设置到对象的实例。
DATA:M4hpt3-Z3,13,未将对象引用设置到对象的实例。
DATA:M4hpt3-Z3,14,未将对象引用设置到对象的实例。
DATA:M4hpt3-Z3,15,未将对象引用设置到对象的实例。
DATA:M4hpt3-Z3,16,未将对象引用设置到对象的实例。
DATA:M4hpt3-Z3,17,未将对象引用设置到对象的实例。
DATA:M4hpt3-Z3,18,未将对象引用设置到对象的实例。
DATA:M4hpt3-Z3,19,未将对象引用设置到对象的实例。
DATA:M4hpt3-Z3,20,未将对象引用设置到对象的实例。
DATA:M4hpt3-Z3,21,未将对象引用设置到对象的实例。
DATA:M4hpt3-Z3,22,未将对象引用设置到对象的实例。
DATA:M4hpt3-Z3,23,未将对象引用设置到对象的实例。
DATA:M4hpt4-Z1,9,未将对象引用设置到对象的实例。
DATA:M4hpt4-Z1,10,未将对象引用设置到对象的实例。
DATA:M4hpt4-Z1,11,未将对象引用设置到对象的实例。
DATA:M4hpt4-Z1,12,未将对象引用设置到对象的实例。
DATA:M4hpt4-Z1,13,未将对象引用设置到对象的实例。
DATA:M4hpt4-Z1,14,未将对象引用设置到对象的实例。
DATA:M4hpt4-Z1,15,未将对象引用设置到对象的实例。
DATA:M4hpt4-Z1,16,未将对象引用设置到对象的实例。
DATA:M4hpt4-Z1,17,未将对象引用设置到对象的实例。
DATA:M4hpt4-Z1,18,未将对象引用设置到对象的实例。
DATA:M4hpt4-Z1,19,未将对象引用设置到对象的实例。
DATA:M4hpt4-Z1,20,未将对象引用设置到对象的实例。
DATA:M4hpt4-Z1,21,未将对象引用设置到对象的实例。
DATA:M4hpt4-Z1,22,未将对象引用设置到对象的实例。
DATA:M4hpt4-Z1,23,未将对象引用设置到对象的实例。
DATA:M4hpt4-Z1,24,未将对象引用设置到对象的实例。
DATA:M4hpt4-Z1,25,未将对象引用设置到对象的实例。
DATA:M4hpt4-Z1,26,未将对象引用设置到对象的实例。
DATA:M4hpt4-Z1,27,未将对象引用设置到对象的实例。
FILE:2016-10-13 04:07:30,D:\AWORK\苗尾\昆明院苗尾监测资料\内观资料\右坝头\右坝头多点位移计.xls
DATA:MYtb1,9,未将对象引用设置到对象的实例。
DATA:MYtb1,10,未将对象引用设置到对象的实例。
DATA:MYtb1,11,未将对象引用设置到对象的实例。
DATA:MYtb1,12,未将对象引用设置到对象的实例。
DATA:MYtb1,13,未将对象引用设置到对象的实例。
DATA:MYtb1,14,未将对象引用设置到对象的实例。
DATA:MYtb1,15,未将对象引用设置到对象的实例。
DATA:MYtb1,16,未将对象引用设置到对象的实例。
DATA:MYtb1,17,未将对象引用设置到对象的实例。
DATA:MYtb1,18,未将对象引用设置到对象的实例。
DATA:MYtb1,19,未将对象引用设置到对象的实例。
DATA:MYtb1,20,未将对象引用设置到对象的实例。
DATA:MYtb1,21,未将对象引用设置到对象的实例。
DATA:MYtb1,22,未将对象引用设置到对象的实例。
DATA:MYtb1,23,未将对象引用设置到对象的实例。
DATA:MYtb1,24,未将对象引用设置到对象的实例。
DATA:MYtb1,25,未将对象引用设置到对象的实例。
DATA:MYtb1,26,未将对象引用设置到对象的实例。
DATA:MYtb2,9,未将对象引用设置到对象的实例。
DATA:MYtb2,10,未将对象引用设置到对象的实例。
DATA:MYtb2,11,未将对象引用设置到对象的实例。
DATA:MYtb2,12,未将对象引用设置到对象的实例。
DATA:MYtb2,13,未将对象引用设置到对象的实例。
DATA:MYtb2,14,未将对象引用设置到对象的实例。
DATA:MYtb2,15,未将对象引用设置到对象的实例。
DATA:MYtb2,16,未将对象引用设置到对象的实例。
DATA:MYtb2,17,未将对象引用设置到对象的实例。
DATA:MYtb2,18,未将对象引用设置到对象的实例。
DATA:MYtb2,19,未将对象引用设置到对象的实例。
DATA:MYtb3,9,未将对象引用设置到对象的实例。
DATA:MYtb3,10,未将对象引用设置到对象的实例。
DATA:MYtb3,11,未将对象引用设置到对象的实例。
DATA:MYtb3,12,未将对象引用设置到对象的实例。
DATA:MYtb3,13,未将对象引用设置到对象的实例。
DATA:MYtb3,14,未将对象引用设置到对象的实例。
DATA:MYtb3,15,未将对象引用设置到对象的实例。
DATA:MYtb3,16,未将对象引用设置到对象的实例。
DATA:MYtb3,17,未将对象引用设置到对象的实例。
DATA:MYtb3,18,未将对象引用设置到对象的实例。
DATA:MYtb3,19,未将对象引用设置到对象的实例。
DATA:MYtb3,20,未将对象引用设置到对象的实例。
DATA:MYtb3,21,未将对象引用设置到对象的实例。
DATA:MYtb3,22,未将对象引用设置到对象的实例。
DATA:MYtb3,23,未将对象引用设置到对象的实例。
DATA:MYtb3,24,未将对象引用设置到对象的实例。
DATA:MYtb3,25,未将对象引用设置到对象的实例。
DATA:MYtb4,9,未将对象引用设置到对象的实例。
DATA:MYtb4,10,未将对象引用设置到对象的实例。
DATA:MYtb4,11,未将对象引用设置到对象的实例。
DATA:MYtb4,12,未将对象引用设置到对象的实例。
DATA:MYtb4,13,未将对象引用设置到对象的实例。
DATA:MYtb4,14,未将对象引用设置到对象的实例。
DATA:MYtb4,15,未将对象引用设置到对象的实例。
DATA:MYtb4,16,未将对象引用设置到对象的实例。
DATA:MYtb4,17,未将对象引用设置到对象的实例。
DATA:MYtb4,18,未将对象引用设置到对象的实例。
DATA:MYtb4,19,未将对象引用设置到对象的实例。
DATA:MYtb4,20,未将对象引用设置到对象的实例。
DATA:MYtb4,21,未将对象引用设置到对象的实例。
DATA:MYtb4,22,未将对象引用设置到对象的实例。
DATA:MYtb4,23,未将对象引用设置到对象的实例。
FILE:2016-10-13 04:07:33,D:\AWORK\苗尾\昆明院苗尾监测资料\内观资料\大坝\大坝堆石区\引张线式水平位移计.xls
DATA:Hdb1-1,8,输入字符串的格式不正确。
DATA:Hdb1-1,9,输入字符串的格式不正确。
DATA:Hdb1-1,10,输入字符串的格式不正确。
DATA:Hdb1-1,11,输入字符串的格式不正确。
DATA:Hdb1-1,12,输入字符串的格式不正确。
DATA:Hdb1-1,13,输入字符串的格式不正确。
DATA:Hdb1-1,14,输入字符串的格式不正确。
DATA:Hdb1-1,15,输入字符串的格式不正确。
DATA:Hdb1-1,16,输入字符串的格式不正确。
DATA:Hdb1-2,8,输入字符串的格式不正确。
DATA:Hdb1-2,9,输入字符串的格式不正确。
DATA:Hdb1-2,10,输入字符串的格式不正确。
DATA:Hdb1-2,11,输入字符串的格式不正确。
DATA:Hdb1-2,12,输入字符串的格式不正确。
DATA:Hdb1-2,13,输入字符串的格式不正确。
DATA:Hdb1-2,14,输入字符串的格式不正确。
DATA:Hdb1-2,15,输入字符串的格式不正确。
DATA:Hdb1-3,8,输入字符串的格式不正确。
DATA:Hdb1-3,9,输入字符串的格式不正确。
DATA:Hdb1-3,10,输入字符串的格式不正确。
DATA:Hdb1-3,11,输入字符串的格式不正确。
DATA:Hdb1-3,12,输入字符串的格式不正确。
DATA:Hdb1-3,13,输入字符串的格式不正确。
DATA:Hdb1-4,8,输入字符串的格式不正确。
DATA:Hdb1-4,9,输入字符串的格式不正确。
DATA:Hdb1-4,10,输入字符串的格式不正确。
DATA:Hdb1-4,11,输入字符串的格式不正确。
DATA:Hdb1-4,12,输入字符串的格式不正确。
DATA:Hdb1-4,13,输入字符串的格式不正确。
DATA:Hdb1-4,14,输入字符串的格式不正确。
DATA:Hdb1-4,15,输入字符串的格式不正确。
DATA:Hdb1-4,16,输入字符串的格式不正确。
DATA:Hdb1-4,17,输入字符串的格式不正确。
DATA:Hdb1-4,18,输入字符串的格式不正确。
DATA:Hdb1-4,19,输入字符串的格式不正确。
DATA:Hdb1-4,20,输入字符串的格式不正确。
DATA:Hdb1-4,21,输入字符串的格式不正确。
DATA:Hdb1-4,22,输入字符串的格式不正确。
DATA:Hdb1-4,23,输入字符串的格式不正确。
DATA:Hdb1-4,24,输入字符串的格式不正确。
DATA:Hdb1-4,25,输入字符串的格式不正确。
DATA:Hdb1-5,8,输入字符串的格式不正确。
DATA:Hdb1-5,9,输入字符串的格式不正确。
DATA:Hdb1-5,10,输入字符串的格式不正确。
DATA:Hdb1-5,11,输入字符串的格式不正确。
DATA:Hdb1-5,12,输入字符串的格式不正确。
DATA:Hdb1-5,13,输入字符串的格式不正确。
DATA:Hdb1-5,14,输入字符串的格式不正确。
DATA:Hdb1-5,15,输入字符串的格式不正确。
DATA:Hdb1-5,16,输入字符串的格式不正确。
DATA:Hdb1-5,17,输入字符串的格式不正确。
DATA:Hdb1-5,18,输入字符串的格式不正确。
DATA:Hdb1-5,19,输入字符串的格式不正确。
DATA:Hdb1-5,20,输入字符串的格式不正确。
DATA:Hdb1-5,21,输入字符串的格式不正确。
DATA:Hdb1-5,22,输入字符串的格式不正确。
DATA:Hdb1-5,23,输入字符串的格式不正确。
DATA:Hdb1-5,24,输入字符串的格式不正确。
DATA:Hdb1-6,8,输入字符串的格式不正确。
DATA:Hdb1-6,9,输入字符串的格式不正确。
DATA:Hdb1-6,10,输入字符串的格式不正确。
DATA:Hdb1-6,11,输入字符串的格式不正确。
DATA:Hdb1-6,12,输入字符串的格式不正确。
DATA:Hdb1-6,13,输入字符串的格式不正确。
DATA:Hdb1-6,14,输入字符串的格式不正确。
DATA:Hdb1-6,15,输入字符串的格式不正确。
DATA:Hdb1-6,16,输入字符串的格式不正确。
DATA:Hdb1-6,17,输入字符串的格式不正确。
DATA:Hdb1-6,18,输入字符串的格式不正确。
DATA:Hdb1-6,19,输入字符串的格式不正确。
DATA:Hdb1-6,20,输入字符串的格式不正确。
DATA:Hdb1-6,21,输入字符串的格式不正确。
DATA:Hdb1-6,22,输入字符串的格式不正确。
DATA:Hdb1-6,23,输入字符串的格式不正确。
DATA:Hdb1-6,24,输入字符串的格式不正确。
DATA:Hdb1-6,25,输入字符串的格式不正确。
DATA:Hdb1-6,26,输入字符串的格式不正确。
DATA:Hdb1-7,8,输入字符串的格式不正确。
DATA:Hdb1-7,9,输入字符串的格式不正确。
DATA:Hdb1-7,10,输入字符串的格式不正确。
DATA:Hdb1-7,11,输入字符串的格式不正确。
DATA:Hdb1-7,12,输入字符串的格式不正确。
DATA:Hdb1-7,13,输入字符串的格式不正确。
DATA:Hdb1-7,14,输入字符串的格式不正确。
DATA:Hdb1-7,15,输入字符串的格式不正确。
DATA:Hdb1-7,16,输入字符串的格式不正确。
DATA:Hdb1-7,17,输入字符串的格式不正确。
DATA:Hdb1-7,18,输入字符串的格式不正确。
DATA:Hdb1-7,19,输入字符串的格式不正确。
DATA:Hdb1-7,20,输入字符串的格式不正确。
DATA:Hdb1-7,21,输入字符串的格式不正确。
DATA:Hdb1-7,22,输入字符串的格式不正确。
DATA:Hdb1-7,23,输入字符串的格式不正确。
DATA:Hdb1-7,24,输入字符串的格式不正确。
DATA:Hdb1-7,25,输入字符串的格式不正确。
DATA:Hdb1-7,26,输入字符串的格式不正确。
DATA:Hdb1-8,8,输入字符串的格式不正确。
DATA:Hdb1-8,9,输入字符串的格式不正确。
DATA:Hdb1-8,10,输入字符串的格式不正确。
DATA:Hdb1-8,11,输入字符串的格式不正确。
DATA:Hdb1-8,12,输入字符串的格式不正确。
DATA:Hdb1-8,13,输入字符串的格式不正确。
DATA:Hdb1-8,14,输入字符串的格式不正确。
DATA:Hdb1-8,15,输入字符串的格式不正确。
DATA:Hdb1-8,16,输入字符串的格式不正确。
DATA:Hdb1-8,17,输入字符串的格式不正确。
DATA:Hdb1-8,18,输入字符串的格式不正确。
DATA:Hdb1-8,19,输入字符串的格式不正确。
DATA:Hdb1-8,20,输入字符串的格式不正确。
DATA:Hdb1-8,21,输入字符串的格式不正确。
DATA:Hdb1-8,22,输入字符串的格式不正确。
DATA:Hdb1-8,23,输入字符串的格式不正确。
DATA:Hdb1-8,24,输入字符串的格式不正确。
DATA:Hdb1-8,25,输入字符串的格式不正确。
DATA:Hdb2-1,8,输入字符串的格式不正确。
DATA:Hdb2-1,9,输入字符串的格式不正确。
DATA:Hdb2-1,10,输入字符串的格式不正确。
DATA:Hdb2-1,11,输入字符串的格式不正确。
DATA:Hdb2-1,12,输入字符串的格式不正确。
DATA:Hdb2-1,13,输入字符串的格式不正确。
DATA:Hdb2-1,14,输入字符串的格式不正确。
DATA:Hdb2-1,15,输入字符串的格式不正确。
DATA:Hdb2-1,16,输入字符串的格式不正确。
DATA:Hdb2-2,8,输入字符串的格式不正确。
DATA:Hdb2-2,9,输入字符串的格式不正确。
DATA:Hdb2-2,10,输入字符串的格式不正确。
DATA:Hdb2-2,11,输入字符串的格式不正确。
DATA:Hdb2-2,12,输入字符串的格式不正确。
DATA:Hdb2-2,13,输入字符串的格式不正确。
DATA:Hdb2-2,14,输入字符串的格式不正确。
DATA:Hdb2-2,15,输入字符串的格式不正确。
DATA:Hdb2-2,16,输入字符串的格式不正确。
DATA:Hdb2-3,8,输入字符串的格式不正确。
DATA:Hdb2-3,9,输入字符串的格式不正确。
DATA:Hdb2-3,10,输入字符串的格式不正确。
DATA:Hdb2-3,11,输入字符串的格式不正确。
DATA:Hdb2-3,12,输入字符串的格式不正确。
DATA:Hdb2-3,13,输入字符串的格式不正确。
DATA:Hdb2-3,14,输入字符串的格式不正确。
DATA:Hdb2-3,15,输入字符串的格式不正确。
DATA:Hdb2-3,16,输入字符串的格式不正确。
DATA:Hdb2-3,17,输入字符串的格式不正确。
DATA:Hdb2-4,8,输入字符串的格式不正确。
DATA:Hdb2-4,9,输入字符串的格式不正确。
DATA:Hdb2-4,10,输入字符串的格式不正确。
DATA:Hdb2-4,11,输入字符串的格式不正确。
DATA:Hdb2-4,12,输入字符串的格式不正确。
DATA:Hdb2-4,13,输入字符串的格式不正确。
DATA:Hdb2-4,14,输入字符串的格式不正确。
DATA:Hdb2-4,15,输入字符串的格式不正确。
DATA:Hdb2-4,16,输入字符串的格式不正确。
DATA:Hdb2-4,17,输入字符串的格式不正确。
DATA:Hdb2-4,18,输入字符串的格式不正确。
DATA:Hdb2-4,19,输入字符串的格式不正确。
DATA:Hdb2-4,20,输入字符串的格式不正确。
DATA:Hdb2-4,21,输入字符串的格式不正确。
DATA:Hdb2-4,22,输入字符串的格式不正确。
DATA:Hdb2-4,23,输入字符串的格式不正确。
DATA:Hdb2-4,24,输入字符串的格式不正确。
DATA:Hdb2-4,25,输入字符串的格式不正确。
DATA:Hdb2-5,8,输入字符串的格式不正确。
DATA:Hdb2-5,9,输入字符串的格式不正确。
DATA:Hdb2-5,10,输入字符串的格式不正确。
DATA:Hdb2-5,11,输入字符串的格式不正确。
DATA:Hdb2-5,12,输入字符串的格式不正确。
DATA:Hdb2-5,13,输入字符串的格式不正确。
DATA:Hdb2-5,14,输入字符串的格式不正确。
DATA:Hdb2-5,15,输入字符串的格式不正确。
DATA:Hdb2-5,16,输入字符串的格式不正确。
DATA:Hdb2-5,17,输入字符串的格式不正确。
DATA:Hdb2-5,18,输入字符串的格式不正确。
DATA:Hdb2-5,19,输入字符串的格式不正确。
DATA:Hdb2-5,20,输入字符串的格式不正确。
DATA:Hdb2-5,21,输入字符串的格式不正确。
DATA:Hdb2-5,22,输入字符串的格式不正确。
DATA:Hdb2-6,8,输入字符串的格式不正确。
DATA:Hdb2-6,9,输入字符串的格式不正确。
DATA:Hdb2-6,10,输入字符串的格式不正确。
DATA:Hdb2-6,11,输入字符串的格式不正确。
DATA:Hdb2-6,12,输入字符串的格式不正确。
DATA:Hdb2-6,13,输入字符串的格式不正确。
DATA:Hdb2-6,14,输入字符串的格式不正确。
DATA:Hdb2-6,15,输入字符串的格式不正确。
DATA:Hdb2-6,16,输入字符串的格式不正确。
DATA:Hdb2-6,17,输入字符串的格式不正确。
DATA:Hdb2-6,18,输入字符串的格式不正确。
DATA:Hdb2-6,19,输入字符串的格式不正确。
DATA:Hdb2-7,8,输入字符串的格式不正确。
DATA:Hdb2-7,9,输入字符串的格式不正确。
DATA:Hdb2-7,10,输入字符串的格式不正确。
DATA:Hdb2-7,11,输入字符串的格式不正确。
DATA:Hdb2-7,12,输入字符串的格式不正确。
DATA:Hdb2-7,13,输入字符串的格式不正确。
DATA:Hdb2-7,14,输入字符串的格式不正确。
DATA:Hdb2-7,15,输入字符串的格式不正确。
DATA:Hdb2-7,16,输入字符串的格式不正确。
DATA:Hdb2-7,17,输入字符串的格式不正确。
DATA:Hdb2-7,18,输入字符串的格式不正确。
DATA:Hdb2-7,19,输入字符串的格式不正确。
DATA:Hdb2-8,8,输入字符串的格式不正确。
DATA:Hdb2-8,9,输入字符串的格式不正确。
DATA:Hdb2-8,10,输入字符串的格式不正确。
DATA:Hdb2-8,11,输入字符串的格式不正确。
DATA:Hdb2-8,12,输入字符串的格式不正确。
DATA:Hdb2-8,13,输入字符串的格式不正确。
DATA:Hdb2-8,14,输入字符串的格式不正确。
DATA:Hdb2-8,15,输入字符串的格式不正确。
DATA:Hdb2-8,16,输入字符串的格式不正确。
DATA:Hdb2-8,17,输入字符串的格式不正确。
DATA:Hdb3-2,8,输入字符串的格式不正确。
DATA:Hdb3-2,9,输入字符串的格式不正确。
DATA:Hdb3-2,10,输入字符串的格式不正确。
DATA:Hdb3-2,11,输入字符串的格式不正确。
DATA:Hdb3-2,12,输入字符串的格式不正确。
DATA:Hdb3-2,13,输入字符串的格式不正确。
DATA:Hdb3-1,8,输入字符串的格式不正确。
DATA:Hdb3-1,9,输入字符串的格式不正确。
DATA:Hdb3-1,10,输入字符串的格式不正确。
DATA:Hdb3-1,11,输入字符串的格式不正确。
DATA:Hdb3-1,12,输入字符串的格式不正确。
DATA:Hdb3-1,13,输入字符串的格式不正确。
DATA:Hdb3-1,14,输入字符串的格式不正确。
DATA:Hdb3-1,15,输入字符串的格式不正确。
DATA:Hdb3-1,16,输入字符串的格式不正确。
DATA:Hdb3-1,17,输入字符串的格式不正确。
DATA:Hdb3-3,8,输入字符串的格式不正确。
DATA:Hdb3-3,9,输入字符串的格式不正确。
DATA:Hdb3-3,10,输入字符串的格式不正确。
DATA:Hdb3-3,11,输入字符串的格式不正确。
DATA:Hdb3-3,12,输入字符串的格式不正确。
DATA:Hdb3-4,8,输入字符串的格式不正确。
DATA:Hdb3-4,9,输入字符串的格式不正确。
DATA:Hdb3-4,10,输入字符串的格式不正确。
DATA:Hdb3-4,11,输入字符串的格式不正确。
DATA:Hdb3-4,12,输入字符串的格式不正确。
DATA:Hdb3-4,13,输入字符串的格式不正确。
DATA:Hdb3-4,14,输入字符串的格式不正确。
DATA:Hdb3-4,15,输入字符串的格式不正确。
DATA:Hdb3-4,16,输入字符串的格式不正确。
DATA:Hdb3-4,17,输入字符串的格式不正确。
DATA:Hdb3-4,18,输入字符串的格式不正确。
DATA:Hdb3-4,19,未将对象引用设置到对象的实例。
DATA:Hdb3-5,8,输入字符串的格式不正确。
DATA:Hdb3-5,9,输入字符串的格式不正确。
DATA:Hdb3-5,10,输入字符串的格式不正确。
DATA:Hdb3-5,11,输入字符串的格式不正确。
DATA:Hdb3-5,12,输入字符串的格式不正确。
DATA:Hdb3-5,13,输入字符串的格式不正确。
DATA:Hdb3-5,14,输入字符串的格式不正确。
DATA:Hdb3-5,15,输入字符串的格式不正确。
DATA:Hdb3-5,16,输入字符串的格式不正确。
DATA:Hdb3-5,17,输入字符串的格式不正确。
DATA:Hdb3-6,8,输入字符串的格式不正确。
DATA:Hdb3-6,9,输入字符串的格式不正确。
DATA:Hdb3-6,10,输入字符串的格式不正确。
DATA:Hdb3-6,11,输入字符串的格式不正确。
DATA:Hdb3-6,12,输入字符串的格式不正确。
DATA:Hdb3-6,13,输入字符串的格式不正确。
DATA:Hdb3-6,14,输入字符串的格式不正确。
DATA:Hdb3-6,15,输入字符串的格式不正确。
DATA:Hdb3-6,16,输入字符串的格式不正确。
DATA:Hdb3-6,17,输入字符串的格式不正确。
DATA:Hdb3-7,8,输入字符串的格式不正确。
DATA:Hdb3-7,9,输入字符串的格式不正确。
DATA:Hdb3-7,10,输入字符串的格式不正确。
DATA:Hdb3-7,11,输入字符串的格式不正确。
DATA:Hdb3-7,12,输入字符串的格式不正确。
DATA:Hdb3-7,13,输入字符串的格式不正确。
DATA:Hdb3-7,14,输入字符串的格式不正确。
DATA:Hdb3-7,15,输入字符串的格式不正确。
DATA:Hdb3-7,16,输入字符串的格式不正确。
DATA:Hdb3-8,8,输入字符串的格式不正确。
DATA:Hdb3-8,9,输入字符串的格式不正确。
DATA:Hdb3-8,10,输入字符串的格式不正确。
DATA:Hdb3-8,11,输入字符串的格式不正确。
DATA:Hdb3-8,12,输入字符串的格式不正确。
DATA:Hdb3-8,13,输入字符串的格式不正确。
DATA:Hdb3-8,14,输入字符串的格式不正确。
DATA:Hdb3-8,15,输入字符串的格式不正确。
DATA:Hdb3-8,16,输入字符串的格式不正确。
DATA:Hdb3-8,17,输入字符串的格式不正确。
FILE:2016-10-13 04:07:39,D:\AWORK\苗尾\昆明院苗尾监测资料\内观资料\大坝\大坝心墙\位移计.xls
DATA:MR-1,8,未将对象引用设置到对象的实例。
DATA:MR-1,9,未将对象引用设置到对象的实例。
DATA:MR-1,10,未将对象引用设置到对象的实例。
DATA:MR-1,11,未将对象引用设置到对象的实例。
DATA:MR-1,12,未将对象引用设置到对象的实例。
DATA:MR-1,13,未将对象引用设置到对象的实例。
DATA:MR-1,14,未将对象引用设置到对象的实例。
DATA:MR-2,8,未将对象引用设置到对象的实例。
DATA:MR-2,9,未将对象引用设置到对象的实例。
DATA:MR-2,10,未将对象引用设置到对象的实例。
DATA:MR-2,11,未将对象引用设置到对象的实例。
DATA:MR-2,12,未将对象引用设置到对象的实例。
DATA:MR-2,13,未将对象引用设置到对象的实例。
DATA:MR-2,14,未将对象引用设置到对象的实例。
DATA:MR-2,15,未将对象引用设置到对象的实例。
DATA:MR-2,16,未将对象引用设置到对象的实例。
DATA:MR-2,17,未将对象引用设置到对象的实例。
DATA:MR-2,18,未将对象引用设置到对象的实例。
DATA:MR-2,19,未将对象引用设置到对象的实例。
DATA:MR-2,20,未将对象引用设置到对象的实例。
DATA:MR-3,8,未将对象引用设置到对象的实例。
DATA:MR-3,9,未将对象引用设置到对象的实例。
DATA:MR-3,10,未将对象引用设置到对象的实例。
DATA:MR-3,11,未将对象引用设置到对象的实例。
DATA:MR-3,12,未将对象引用设置到对象的实例。
DATA:MR-3,13,未将对象引用设置到对象的实例。
DATA:MR-3,14,未将对象引用设置到对象的实例。
DATA:MR-3,15,未将对象引用设置到对象的实例。
DATA:MR-3,16,输入字符串的格式不正确。
DATA:MR-3,17,输入字符串的格式不正确。
DATA:MR-3,18,输入字符串的格式不正确。
DATA:MR-3,19,输入字符串的格式不正确。
DATA:MR-3,20,输入字符串的格式不正确。
DATA:MR-3,21,输入字符串的格式不正确。
DATA:MR-4,8,未将对象引用设置到对象的实例。
DATA:MR-4,9,未将对象引用设置到对象的实例。
DATA:MR-4,10,未将对象引用设置到对象的实例。
DATA:MR-4,11,未将对象引用设置到对象的实例。
DATA:MR-4,12,未将对象引用设置到对象的实例。
DATA:MR-4,13,未将对象引用设置到对象的实例。
DATA:MR-4,14,未将对象引用设置到对象的实例。
DATA:MR-4,15,未将对象引用设置到对象的实例。
DATA:MR-4,16,未将对象引用设置到对象的实例。
DATA:MR-4,17,未将对象引用设置到对象的实例。
DATA:MR-4,18,未将对象引用设置到对象的实例。
DATA:MR-4,19,未将对象引用设置到对象的实例。
DATA:MR-4,20,未将对象引用设置到对象的实例。
DATA:MR-5,8,未将对象引用设置到对象的实例。
DATA:MR-5,9,未将对象引用设置到对象的实例。
DATA:MR-5,10,未将对象引用设置到对象的实例。
DATA:MR-5,11,未将对象引用设置到对象的实例。
DATA:MR-5,12,输入字符串的格式不正确。
DATA:MR-5,13,输入字符串的格式不正确。
DATA:MR-5,14,输入字符串的格式不正确。
DATA:MR-5,15,输入字符串的格式不正确。
DATA:MR-5,16,输入字符串的格式不正确。
DATA:MR-5,17,输入字符串的格式不正确。
DATA:MR-5,18,输入字符串的格式不正确。
DATA:MR-6,8,未将对象引用设置到对象的实例。
DATA:MR-6,9,未将对象引用设置到对象的实例。
DATA:MR-6,10,未将对象引用设置到对象的实例。
DATA:MR-6,11,未将对象引用设置到对象的实例。
DATA:MR-6,12,未将对象引用设置到对象的实例。
DATA:MR-6,13,未将对象引用设置到对象的实例。
DATA:MR-6,14,未将对象引用设置到对象的实例。
DATA:MR-6,15,未将对象引用设置到对象的实例。
DATA:MR-6,16,未将对象引用设置到对象的实例。
DATA:MR-6,17,未将对象引用设置到对象的实例。
DATA:MR-6,18,未将对象引用设置到对象的实例。
DATA:MR-6,19,未将对象引用设置到对象的实例。
DATA:MR-7,8,未将对象引用设置到对象的实例。
DATA:MR-7,9,未将对象引用设置到对象的实例。
DATA:MR-7,10,未将对象引用设置到对象的实例。
DATA:MR-7,11,未将对象引用设置到对象的实例。
DATA:MR-7,12,未将对象引用设置到对象的实例。
DATA:MR-7,13,未将对象引用设置到对象的实例。
DATA:MR-7,14,未将对象引用设置到对象的实例。
DATA:MR-7,15,未将对象引用设置到对象的实例。
DATA:MR-7,16,未将对象引用设置到对象的实例。
DATA:MR-7,17,未将对象引用设置到对象的实例。
DATA:MR-7,18,未将对象引用设置到对象的实例。
DATA:MR-7,19,未将对象引用设置到对象的实例。
DATA:MR-7,20,未将对象引用设置到对象的实例。
DATA:MR-7,21,未将对象引用设置到对象的实例。
DATA:MR-7,22,未将对象引用设置到对象的实例。
DATA:MR-7,23,未将对象引用设置到对象的实例。
DATA:MR-8,8,未将对象引用设置到对象的实例。
DATA:MR-8,9,未将对象引用设置到对象的实例。
DATA:MR-8,10,未将对象引用设置到对象的实例。
DATA:MR-8,11,未将对象引用设置到对象的实例。
DATA:MR-8,12,未将对象引用设置到对象的实例。
DATA:MR-8,13,未将对象引用设置到对象的实例。
DATA:MR-8,14,未将对象引用设置到对象的实例。
DATA:MR-8,15,未将对象引用设置到对象的实例。
DATA:MR-8,16,未将对象引用设置到对象的实例。
DATA:MR-8,17,未将对象引用设置到对象的实例。
DATA:MR-8,18,未将对象引用设置到对象的实例。
DATA:MR-8,19,未将对象引用设置到对象的实例。
DATA:MR-8,20,未将对象引用设置到对象的实例。
DATA:MR-8,21,未将对象引用设置到对象的实例。
DATA:MR-8,22,未将对象引用设置到对象的实例。
DATA:MR-9,8,未将对象引用设置到对象的实例。
DATA:MR-9,9,未将对象引用设置到对象的实例。
DATA:MR-9,10,未将对象引用设置到对象的实例。
DATA:MR-9,11,未将对象引用设置到对象的实例。
DATA:MR-9,12,未将对象引用设置到对象的实例。
DATA:MR-9,13,未将对象引用设置到对象的实例。
DATA:MR-9,14,未将对象引用设置到对象的实例。
DATA:MR-9,15,未将对象引用设置到对象的实例。
DATA:MR-9,16,未将对象引用设置到对象的实例。
DATA:MR-9,17,未将对象引用设置到对象的实例。
DATA:MR-9,18,未将对象引用设置到对象的实例。
DATA:MR-9,19,未将对象引用设置到对象的实例。
DATA:MR-10,8,未将对象引用设置到对象的实例。
DATA:MR-10,9,未将对象引用设置到对象的实例。
DATA:MR-10,10,未将对象引用设置到对象的实例。
DATA:MR-10,11,未将对象引用设置到对象的实例。
DATA:MR-10,12,未将对象引用设置到对象的实例。
DATA:MR-10,13,未将对象引用设置到对象的实例。
DATA:MR-10,14,未将对象引用设置到对象的实例。
DATA:MR-10,15,未将对象引用设置到对象的实例。
DATA:MR-10,16,未将对象引用设置到对象的实例。
DATA:MR-10,17,未将对象引用设置到对象的实例。
DATA:MR-10,18,未将对象引用设置到对象的实例。
DATA:ML-1,8,未将对象引用设置到对象的实例。
DATA:ML-1,9,未将对象引用设置到对象的实例。
DATA:ML-1,10,未将对象引用设置到对象的实例。
DATA:ML-1,11,未将对象引用设置到对象的实例。
DATA:ML-1,12,未将对象引用设置到对象的实例。
DATA:ML-1,13,未将对象引用设置到对象的实例。
DATA:ML-1,14,未将对象引用设置到对象的实例。
DATA:ML-1,15,未将对象引用设置到对象的实例。
DATA:ML-1,16,未将对象引用设置到对象的实例。
DATA:ML-1,17,未将对象引用设置到对象的实例。
DATA:ML-1,18,未将对象引用设置到对象的实例。
DATA:ML-1,19,未将对象引用设置到对象的实例。
DATA:ML-1,20,未将对象引用设置到对象的实例。
DATA:ML-1,21,未将对象引用设置到对象的实例。
DATA:ML-1,22,未将对象引用设置到对象的实例。
DATA:ML-1,23,未将对象引用设置到对象的实例。
DATA:ML-2,8,未将对象引用设置到对象的实例。
DATA:ML-2,9,未将对象引用设置到对象的实例。
DATA:ML-2,10,未将对象引用设置到对象的实例。
DATA:ML-2,11,未将对象引用设置到对象的实例。
DATA:ML-2,12,未将对象引用设置到对象的实例。
DATA:ML-2,13,未将对象引用设置到对象的实例。
DATA:ML-2,14,未将对象引用设置到对象的实例。
DATA:ML-2,15,未将对象引用设置到对象的实例。
DATA:ML-2,16,未将对象引用设置到对象的实例。
DATA:ML-2,17,未将对象引用设置到对象的实例。
DATA:ML-2,18,未将对象引用设置到对象的实例。
DATA:ML-2,19,未将对象引用设置到对象的实例。
DATA:ML-2,20,未将对象引用设置到对象的实例。
DATA:ML-2,21,未将对象引用设置到对象的实例。
DATA:ML-2,22,未将对象引用设置到对象的实例。
DATA:ML-2,23,未将对象引用设置到对象的实例。
DATA:ML-3,8,未将对象引用设置到对象的实例。
DATA:ML-3,9,未将对象引用设置到对象的实例。
DATA:ML-3,10,未将对象引用设置到对象的实例。
DATA:ML-3,11,未将对象引用设置到对象的实例。
DATA:ML-3,12,未将对象引用设置到对象的实例。
DATA:ML-3,13,未将对象引用设置到对象的实例。
DATA:ML-3,14,未将对象引用设置到对象的实例。
DATA:ML-3,15,未将对象引用设置到对象的实例。
DATA:ML-3,16,未将对象引用设置到对象的实例。
DATA:ML-3,17,未将对象引用设置到对象的实例。
DATA:ML-4,8,未将对象引用设置到对象的实例。
DATA:ML-4,9,未将对象引用设置到对象的实例。
DATA:ML-4,10,未将对象引用设置到对象的实例。
DATA:ML-4,11,未将对象引用设置到对象的实例。
DATA:ML-4,12,未将对象引用设置到对象的实例。
DATA:ML-4,13,未将对象引用设置到对象的实例。
DATA:ML-4,14,未将对象引用设置到对象的实例。
DATA:ML-4,15,未将对象引用设置到对象的实例。
DATA:ML-4,16,未将对象引用设置到对象的实例。
DATA:ML-4,17,未将对象引用设置到对象的实例。
DATA:ML-4,18,未将对象引用设置到对象的实例。
DATA:ML-5,8,未将对象引用设置到对象的实例。
DATA:ML-5,9,未将对象引用设置到对象的实例。
DATA:ML-5,10,未将对象引用设置到对象的实例。
DATA:ML-5,11,未将对象引用设置到对象的实例。
DATA:ML-5,12,未将对象引用设置到对象的实例。
DATA:ML-5,13,未将对象引用设置到对象的实例。
DATA:ML-5,14,未将对象引用设置到对象的实例。
DATA:ML-5,15,未将对象引用设置到对象的实例。
DATA:ML-5,16,未将对象引用设置到对象的实例。
DATA:ML-5,17,未将对象引用设置到对象的实例。
DATA:ML-6,8,未将对象引用设置到对象的实例。
DATA:ML-6,9,未将对象引用设置到对象的实例。
DATA:ML-6,10,未将对象引用设置到对象的实例。
DATA:ML-6,11,未将对象引用设置到对象的实例。
DATA:ML-6,12,未将对象引用设置到对象的实例。
DATA:ML-6,13,未将对象引用设置到对象的实例。
DATA:ML-6,14,未将对象引用设置到对象的实例。
DATA:ML-6,15,未将对象引用设置到对象的实例。
DATA:ML-7,8,未将对象引用设置到对象的实例。
DATA:ML-7,9,未将对象引用设置到对象的实例。
DATA:ML-7,10,未将对象引用设置到对象的实例。
DATA:ML-7,11,未将对象引用设置到对象的实例。
DATA:ML-7,12,未将对象引用设置到对象的实例。
DATA:ML-7,13,未将对象引用设置到对象的实例。
DATA:ML-7,14,未将对象引用设置到对象的实例。
DATA:ML-7,15,未将对象引用设置到对象的实例。
DATA:ML-7,16,未将对象引用设置到对象的实例。
DATA:ML-8,8,未将对象引用设置到对象的实例。
DATA:ML-8,9,未将对象引用设置到对象的实例。
DATA:ML-8,10,未将对象引用设置到对象的实例。
DATA:ML-8,11,未将对象引用设置到对象的实例。
DATA:ML-8,12,未将对象引用设置到对象的实例。
DATA:ML-8,13,未将对象引用设置到对象的实例。
DATA:ML-8,14,未将对象引用设置到对象的实例。
DATA:ML-8,15,未将对象引用设置到对象的实例。
DATA:ML-8,16,未将对象引用设置到对象的实例。
DATA:ML-8,17,未将对象引用设置到对象的实例。
DATA:ML-9,8,未将对象引用设置到对象的实例。
DATA:ML-9,9,未将对象引用设置到对象的实例。
DATA:ML-9,10,未将对象引用设置到对象的实例。
DATA:ML-9,11,未将对象引用设置到对象的实例。
DATA:ML-9,12,未将对象引用设置到对象的实例。
DATA:ML-9,13,未将对象引用设置到对象的实例。
DATA:ML-9,14,未将对象引用设置到对象的实例。
DATA:ML-9,15,未将对象引用设置到对象的实例。
DATA:ML-9,16,未将对象引用设置到对象的实例。
DATA:ML-10,8,未将对象引用设置到对象的实例。
DATA:ML-10,9,未将对象引用设置到对象的实例。
DATA:ML-10,10,未将对象引用设置到对象的实例。
DATA:ML-10,11,未将对象引用设置到对象的实例。
DATA:ML-10,12,未将对象引用设置到对象的实例。
DATA:ML-10,13,未将对象引用设置到对象的实例。
DATA:ML-10,14,未将对象引用设置到对象的实例。
DATA:ML-10,15,未将对象引用设置到对象的实例。
DATA:ML-10,16,未将对象引用设置到对象的实例。
DATA:M1-1,8,未将对象引用设置到对象的实例。
DATA:M1-1,9,未将对象引用设置到对象的实例。
DATA:M1-1,10,未将对象引用设置到对象的实例。
DATA:M1-1,11,未将对象引用设置到对象的实例。
DATA:M1-1,12,未将对象引用设置到对象的实例。
DATA:M1-1,13,未将对象引用设置到对象的实例。
DATA:M1-1,14,未将对象引用设置到对象的实例。
DATA:M1-1,15,未将对象引用设置到对象的实例。
DATA:M1-1,16,输入字符串的格式不正确。
DATA:M1-1,17,输入字符串的格式不正确。
DATA:M1-2,8,未将对象引用设置到对象的实例。
DATA:M1-2,9,未将对象引用设置到对象的实例。
DATA:M1-2,10,未将对象引用设置到对象的实例。
DATA:M1-2,11,未将对象引用设置到对象的实例。
DATA:M1-2,12,未将对象引用设置到对象的实例。
DATA:M1-2,13,未将对象引用设置到对象的实例。
DATA:M1-2,14,未将对象引用设置到对象的实例。
DATA:M1-2,15,未将对象引用设置到对象的实例。
DATA:M1-2,16,未将对象引用设置到对象的实例。
DATA:M1-2,17,未将对象引用设置到对象的实例。
DATA:M1-3,8,未将对象引用设置到对象的实例。
DATA:M1-3,9,未将对象引用设置到对象的实例。
DATA:M1-3,10,未将对象引用设置到对象的实例。
DATA:M1-3,11,未将对象引用设置到对象的实例。
DATA:M1-3,12,未将对象引用设置到对象的实例。
DATA:M1-3,13,未将对象引用设置到对象的实例。
DATA:M1-3,14,未将对象引用设置到对象的实例。
DATA:M1-3,15,未将对象引用设置到对象的实例。
DATA:M1-3,16,未将对象引用设置到对象的实例。
DATA:M1-3,17,未将对象引用设置到对象的实例。
DATA:M1-4,8,未将对象引用设置到对象的实例。
DATA:M1-4,9,未将对象引用设置到对象的实例。
DATA:M1-4,10,未将对象引用设置到对象的实例。
DATA:M1-4,11,未将对象引用设置到对象的实例。
DATA:M1-4,12,未将对象引用设置到对象的实例。
DATA:M1-4,13,未将对象引用设置到对象的实例。
DATA:M1-4,14,未将对象引用设置到对象的实例。
DATA:M1-4,15,未将对象引用设置到对象的实例。
DATA:M1-4,16,未将对象引用设置到对象的实例。
DATA:M1-4,17,未将对象引用设置到对象的实例。
DATA:M1-5,8,未将对象引用设置到对象的实例。
DATA:M1-5,9,未将对象引用设置到对象的实例。
DATA:M1-5,10,未将对象引用设置到对象的实例。
DATA:M1-5,11,未将对象引用设置到对象的实例。
DATA:M1-5,12,输入字符串的格式不正确。
DATA:M1-5,13,输入字符串的格式不正确。
DATA:M1-5,14,输入字符串的格式不正确。
DATA:M1-5,15,输入字符串的格式不正确。
DATA:M1-5,16,输入字符串的格式不正确。
DATA:M1-5,17,输入字符串的格式不正确。
DATA:M1-6,8,未将对象引用设置到对象的实例。
DATA:M1-6,9,未将对象引用设置到对象的实例。
DATA:M1-6,10,未将对象引用设置到对象的实例。
DATA:M1-6,11,未将对象引用设置到对象的实例。
DATA:M1-6,12,未将对象引用设置到对象的实例。
DATA:M1-6,13,未将对象引用设置到对象的实例。
DATA:M1-6,14,未将对象引用设置到对象的实例。
DATA:M1-6,15,未将对象引用设置到对象的实例。
DATA:M1-6,16,未将对象引用设置到对象的实例。
DATA:M1-6,17,未将对象引用设置到对象的实例。
DATA:M1-6,18,未将对象引用设置到对象的实例。
DATA:M1-7,8,未将对象引用设置到对象的实例。
DATA:M1-7,9,未将对象引用设置到对象的实例。
DATA:M1-7,10,未将对象引用设置到对象的实例。
DATA:M1-7,11,未将对象引用设置到对象的实例。
DATA:M1-7,12,未将对象引用设置到对象的实例。
DATA:M1-7,13,未将对象引用设置到对象的实例。
DATA:M1-7,14,未将对象引用设置到对象的实例。
DATA:M1-7,15,未将对象引用设置到对象的实例。
DATA:M1-7,16,未将对象引用设置到对象的实例。
DATA:M1-7,17,未将对象引用设置到对象的实例。
DATA:M1-8,8,未将对象引用设置到对象的实例。
DATA:M1-8,9,未将对象引用设置到对象的实例。
DATA:M1-8,10,未将对象引用设置到对象的实例。
DATA:M1-8,11,未将对象引用设置到对象的实例。
DATA:M1-8,12,未将对象引用设置到对象的实例。
DATA:M1-8,13,未将对象引用设置到对象的实例。
DATA:M1-8,14,未将对象引用设置到对象的实例。
DATA:M1-8,15,未将对象引用设置到对象的实例。
DATA:M1-8,16,未将对象引用设置到对象的实例。
DATA:M1-9,8,未将对象引用设置到对象的实例。
DATA:M1-9,9,未将对象引用设置到对象的实例。
DATA:M1-9,10,未将对象引用设置到对象的实例。
DATA:M1-9,11,未将对象引用设置到对象的实例。
DATA:M1-9,12,未将对象引用设置到对象的实例。
DATA:M1-9,13,未将对象引用设置到对象的实例。
DATA:M1-9,14,未将对象引用设置到对象的实例。
DATA:M1-9,15,未将对象引用设置到对象的实例。
DATA:M1-9,16,未将对象引用设置到对象的实例。
DATA:M1-9,17,未将对象引用设置到对象的实例。
DATA:M1-9,18,未将对象引用设置到对象的实例。
DATA:M1-10,8,未将对象引用设置到对象的实例。
DATA:M1-10,9,未将对象引用设置到对象的实例。
DATA:M1-10,10,未将对象引用设置到对象的实例。
DATA:M1-10,11,未将对象引用设置到对象的实例。
DATA:M1-10,12,未将对象引用设置到对象的实例。
DATA:M1-10,13,未将对象引用设置到对象的实例。
DATA:M1-10,14,未将对象引用设置到对象的实例。
DATA:M1-10,15,未将对象引用设置到对象的实例。
DATA:M1-10,16,未将对象引用设置到对象的实例。
DATA:M1-11,8,未将对象引用设置到对象的实例。
DATA:M1-11,9,未将对象引用设置到对象的实例。
DATA:M1-11,10,未将对象引用设置到对象的实例。
DATA:M1-11,11,未将对象引用设置到对象的实例。
DATA:M1-11,12,未将对象引用设置到对象的实例。
DATA:M1-11,13,未将对象引用设置到对象的实例。
DATA:M1-11,14,未将对象引用设置到对象的实例。
DATA:M1-11,15,未将对象引用设置到对象的实例。
DATA:M1-11,16,未将对象引用设置到对象的实例。
DATA:M1-12,8,未将对象引用设置到对象的实例。
DATA:M1-12,9,未将对象引用设置到对象的实例。
DATA:M1-12,10,未将对象引用设置到对象的实例。
DATA:M1-12,11,未将对象引用设置到对象的实例。
DATA:M1-12,12,未将对象引用设置到对象的实例。
DATA:M1-12,13,未将对象引用设置到对象的实例。
DATA:M1-12,14,未将对象引用设置到对象的实例。
DATA:M1-12,15,未将对象引用设置到对象的实例。
DATA:M1-12,16,未将对象引用设置到对象的实例。
DATA:M1-12,17,未将对象引用设置到对象的实例。
DATA:M2-1,8,未将对象引用设置到对象的实例。
DATA:M2-1,9,未将对象引用设置到对象的实例。
DATA:M2-1,10,未将对象引用设置到对象的实例。
DATA:M2-1,11,未将对象引用设置到对象的实例。
DATA:M2-1,12,未将对象引用设置到对象的实例。
DATA:M2-1,13,未将对象引用设置到对象的实例。
DATA:M2-1,14,未将对象引用设置到对象的实例。
DATA:M2-1,15,未将对象引用设置到对象的实例。
DATA:M2-1,16,未将对象引用设置到对象的实例。
DATA:M2-1,17,未将对象引用设置到对象的实例。
DATA:M2-2,8,未将对象引用设置到对象的实例。
DATA:M2-2,9,未将对象引用设置到对象的实例。
DATA:M2-2,10,未将对象引用设置到对象的实例。
DATA:M2-2,11,未将对象引用设置到对象的实例。
DATA:M2-2,12,未将对象引用设置到对象的实例。
DATA:M2-2,13,未将对象引用设置到对象的实例。
DATA:M2-2,14,未将对象引用设置到对象的实例。
DATA:M2-2,15,未将对象引用设置到对象的实例。
DATA:M2-2,16,未将对象引用设置到对象的实例。
DATA:M2-2,17,未将对象引用设置到对象的实例。
DATA:M2-3,8,未将对象引用设置到对象的实例。
DATA:M2-3,9,未将对象引用设置到对象的实例。
DATA:M2-3,10,未将对象引用设置到对象的实例。
DATA:M2-3,11,未将对象引用设置到对象的实例。
DATA:M2-3,12,未将对象引用设置到对象的实例。
DATA:M2-3,13,未将对象引用设置到对象的实例。
DATA:M2-3,14,未将对象引用设置到对象的实例。
DATA:M2-3,15,未将对象引用设置到对象的实例。
DATA:M2-3,16,未将对象引用设置到对象的实例。
DATA:M2-3,17,未将对象引用设置到对象的实例。
DATA:M2-3,18,未将对象引用设置到对象的实例。
DATA:M2-3,19,未将对象引用设置到对象的实例。
DATA:M2-4,8,未将对象引用设置到对象的实例。
DATA:M2-4,9,未将对象引用设置到对象的实例。
DATA:M2-4,10,未将对象引用设置到对象的实例。
DATA:M2-4,11,未将对象引用设置到对象的实例。
DATA:M2-4,12,未将对象引用设置到对象的实例。
DATA:M2-4,13,未将对象引用设置到对象的实例。
DATA:M2-4,14,未将对象引用设置到对象的实例。
DATA:M2-4,15,未将对象引用设置到对象的实例。
DATA:M2-4,16,未将对象引用设置到对象的实例。
DATA:M2-4,17,未将对象引用设置到对象的实例。
DATA:M2-4,18,未将对象引用设置到对象的实例。
DATA:M2-6,8,未将对象引用设置到对象的实例。
DATA:M2-6,9,未将对象引用设置到对象的实例。
DATA:M2-6,10,未将对象引用设置到对象的实例。
DATA:M2-6,11,未将对象引用设置到对象的实例。
DATA:M2-6,12,未将对象引用设置到对象的实例。
DATA:M2-6,13,未将对象引用设置到对象的实例。
DATA:M2-6,14,未将对象引用设置到对象的实例。
DATA:M2-6,15,未将对象引用设置到对象的实例。
DATA:M2-6,16,未将对象引用设置到对象的实例。
DATA:M2-6,17,未将对象引用设置到对象的实例。
DATA:M2-6,18,未将对象引用设置到对象的实例。
DATA:M2-6,19,未将对象引用设置到对象的实例。
DATA:M2-7,8,未将对象引用设置到对象的实例。
DATA:M2-7,9,未将对象引用设置到对象的实例。
DATA:M2-7,10,未将对象引用设置到对象的实例。
DATA:M2-7,11,未将对象引用设置到对象的实例。
DATA:M2-7,12,未将对象引用设置到对象的实例。
DATA:M2-7,13,未将对象引用设置到对象的实例。
DATA:M2-7,14,未将对象引用设置到对象的实例。
DATA:M2-7,15,未将对象引用设置到对象的实例。
DATA:M2-7,16,未将对象引用设置到对象的实例。
DATA:M2-7,17,未将对象引用设置到对象的实例。
DATA:M2-5,8,未将对象引用设置到对象的实例。
DATA:M2-5,9,未将对象引用设置到对象的实例。
DATA:M2-5,10,未将对象引用设置到对象的实例。
DATA:M2-5,11,未将对象引用设置到对象的实例。
DATA:M2-5,12,未将对象引用设置到对象的实例。
DATA:M2-5,13,未将对象引用设置到对象的实例。
DATA:M2-5,14,未将对象引用设置到对象的实例。
DATA:M2-5,15,未将对象引用设置到对象的实例。
DATA:M2-5,16,未将对象引用设置到对象的实例。
DATA:M2-8,8,未将对象引用设置到对象的实例。
DATA:M2-8,9,未将对象引用设置到对象的实例。
DATA:M2-8,10,未将对象引用设置到对象的实例。
DATA:M2-8,11,未将对象引用设置到对象的实例。
DATA:M2-8,12,未将对象引用设置到对象的实例。
DATA:M2-8,13,未将对象引用设置到对象的实例。
DATA:M2-8,14,未将对象引用设置到对象的实例。
DATA:M2-9,8,未将对象引用设置到对象的实例。
DATA:M2-9,9,未将对象引用设置到对象的实例。
DATA:M2-9,10,未将对象引用设置到对象的实例。
DATA:M2-9,11,未将对象引用设置到对象的实例。
DATA:M2-9,12,未将对象引用设置到对象的实例。
DATA:M2-9,13,未将对象引用设置到对象的实例。
DATA:M2-9,14,未将对象引用设置到对象的实例。
DATA:M2-9,15,未将对象引用设置到对象的实例。
DATA:M2-9,16,未将对象引用设置到对象的实例。
DATA:M2-9,17,未将对象引用设置到对象的实例。
DATA:M2-10,8,未将对象引用设置到对象的实例。
DATA:M2-10,9,未将对象引用设置到对象的实例。
DATA:M2-10,10,未将对象引用设置到对象的实例。
DATA:M2-10,11,未将对象引用设置到对象的实例。
DATA:M2-10,12,未将对象引用设置到对象的实例。
DATA:M2-10,13,未将对象引用设置到对象的实例。
DATA:M2-10,14,未将对象引用设置到对象的实例。
DATA:M2-10,15,未将对象引用设置到对象的实例。
DATA:M2-10,16,未将对象引用设置到对象的实例。
DATA:M2-10,17,未将对象引用设置到对象的实例。
DATA:M2-10,18,未将对象引用设置到对象的实例。
DATA:M2-11,8,未将对象引用设置到对象的实例。
DATA:M2-11,9,未将对象引用设置到对象的实例。
DATA:M2-11,10,未将对象引用设置到对象的实例。
DATA:M2-11,11,未将对象引用设置到对象的实例。
DATA:M2-11,12,未将对象引用设置到对象的实例。
DATA:M2-11,13,未将对象引用设置到对象的实例。
DATA:M2-11,14,未将对象引用设置到对象的实例。
DATA:M2-11,15,未将对象引用设置到对象的实例。
DATA:M2-11,16,未将对象引用设置到对象的实例。
DATA:M2-11,17,未将对象引用设置到对象的实例。
DATA:M2-11,18,未将对象引用设置到对象的实例。
DATA:M2-12,8,未将对象引用设置到对象的实例。
DATA:M2-12,9,未将对象引用设置到对象的实例。
DATA:M2-12,10,未将对象引用设置到对象的实例。
DATA:M2-12,11,未将对象引用设置到对象的实例。
DATA:M2-12,12,未将对象引用设置到对象的实例。
DATA:M2-12,13,未将对象引用设置到对象的实例。
DATA:M2-12,14,未将对象引用设置到对象的实例。
DATA:M2-12,15,未将对象引用设置到对象的实例。
DATA:M2-12,16,未将对象引用设置到对象的实例。
DATA:M2-12,17,未将对象引用设置到对象的实例。
DATA:M2-13,8,未将对象引用设置到对象的实例。
DATA:M2-13,9,未将对象引用设置到对象的实例。
DATA:M2-13,10,未将对象引用设置到对象的实例。
DATA:M2-13,11,未将对象引用设置到对象的实例。
DATA:M2-13,12,未将对象引用设置到对象的实例。
DATA:M2-13,13,未将对象引用设置到对象的实例。
DATA:M2-13,14,未将对象引用设置到对象的实例。
DATA:M2-13,15,未将对象引用设置到对象的实例。
DATA:M2-13,16,未将对象引用设置到对象的实例。
DATA:M2-13,17,未将对象引用设置到对象的实例。
DATA:M2-14,8,未将对象引用设置到对象的实例。
DATA:M2-14,9,未将对象引用设置到对象的实例。
DATA:M2-14,10,未将对象引用设置到对象的实例。
DATA:M2-14,11,未将对象引用设置到对象的实例。
DATA:M2-14,12,未将对象引用设置到对象的实例。
DATA:M2-14,13,未将对象引用设置到对象的实例。
DATA:M2-14,14,未将对象引用设置到对象的实例。
DATA:M2-14,15,未将对象引用设置到对象的实例。
DATA:M2-14,16,未将对象引用设置到对象的实例。
DATA:M2-15,8,未将对象引用设置到对象的实例。
DATA:M2-15,9,未将对象引用设置到对象的实例。
DATA:M2-15,10,未将对象引用设置到对象的实例。
DATA:M2-15,11,未将对象引用设置到对象的实例。
DATA:M2-15,12,未将对象引用设置到对象的实例。
DATA:M2-15,13,未将对象引用设置到对象的实例。
DATA:M2-15,14,未将对象引用设置到对象的实例。
DATA:M2-15,15,未将对象引用设置到对象的实例。
DATA:M2-16,8,未将对象引用设置到对象的实例。
DATA:M2-16,9,未将对象引用设置到对象的实例。
DATA:M2-16,10,未将对象引用设置到对象的实例。
DATA:M2-16,11,未将对象引用设置到对象的实例。
DATA:M2-16,12,未将对象引用设置到对象的实例。
DATA:M2-16,13,未将对象引用设置到对象的实例。
DATA:M2-16,14,未将对象引用设置到对象的实例。
DATA:M2-16,15,未将对象引用设置到对象的实例。
DATA:M2-16,16,未将对象引用设置到对象的实例。
DATA:M2-16,17,未将对象引用设置到对象的实例。
DATA:M2-17,8,未将对象引用设置到对象的实例。
DATA:M2-17,9,未将对象引用设置到对象的实例。
DATA:M2-17,10,未将对象引用设置到对象的实例。
DATA:M2-17,11,未将对象引用设置到对象的实例。
DATA:M2-17,12,未将对象引用设置到对象的实例。
DATA:M2-17,13,未将对象引用设置到对象的实例。
DATA:M2-17,14,未将对象引用设置到对象的实例。
DATA:M2-17,15,未将对象引用设置到对象的实例。
DATA:M2-17,16,未将对象引用设置到对象的实例。
DATA:M2-18,8,未将对象引用设置到对象的实例。
DATA:M2-18,9,未将对象引用设置到对象的实例。
DATA:M2-18,10,未将对象引用设置到对象的实例。
DATA:M2-18,11,未将对象引用设置到对象的实例。
DATA:M2-18,12,未将对象引用设置到对象的实例。
DATA:M2-18,13,未将对象引用设置到对象的实例。
DATA:M2-18,14,未将对象引用设置到对象的实例。
DATA:M2-18,15,未将对象引用设置到对象的实例。
DATA:M2-18,16,未将对象引用设置到对象的实例。
DATA:M3-1,8,未将对象引用设置到对象的实例。
DATA:M3-1,9,未将对象引用设置到对象的实例。
DATA:M3-1,10,未将对象引用设置到对象的实例。
DATA:M3-1,11,未将对象引用设置到对象的实例。
DATA:M3-1,12,未将对象引用设置到对象的实例。
DATA:M3-1,13,未将对象引用设置到对象的实例。
DATA:M3-1,14,未将对象引用设置到对象的实例。
DATA:M3-1,15,未将对象引用设置到对象的实例。
DATA:M3-1,16,未将对象引用设置到对象的实例。
DATA:M3-1,17,未将对象引用设置到对象的实例。
DATA:M3-1,18,未将对象引用设置到对象的实例。
DATA:M3-2,8,未将对象引用设置到对象的实例。
DATA:M3-2,9,未将对象引用设置到对象的实例。
DATA:M3-2,10,未将对象引用设置到对象的实例。
DATA:M3-2,11,未将对象引用设置到对象的实例。
DATA:M3-2,12,未将对象引用设置到对象的实例。
DATA:M3-2,13,未将对象引用设置到对象的实例。
DATA:M3-2,14,未将对象引用设置到对象的实例。
DATA:M3-2,15,未将对象引用设置到对象的实例。
DATA:M3-2,16,未将对象引用设置到对象的实例。
DATA:M3-2,17,未将对象引用设置到对象的实例。
DATA:M3-2,18,未将对象引用设置到对象的实例。
DATA:M3-2,19,未将对象引用设置到对象的实例。
DATA:M3-3,8,未将对象引用设置到对象的实例。
DATA:M3-3,9,未将对象引用设置到对象的实例。
DATA:M3-3,10,未将对象引用设置到对象的实例。
DATA:M3-3,11,未将对象引用设置到对象的实例。
DATA:M3-3,12,未将对象引用设置到对象的实例。
DATA:M3-3,13,未将对象引用设置到对象的实例。
DATA:M3-3,14,未将对象引用设置到对象的实例。
DATA:M3-3,15,未将对象引用设置到对象的实例。
DATA:M3-3,16,未将对象引用设置到对象的实例。
DATA:M3-3,17,未将对象引用设置到对象的实例。
DATA:M3-3,18,未将对象引用设置到对象的实例。
DATA:M3-3,19,未将对象引用设置到对象的实例。
DATA:M3-4,8,未将对象引用设置到对象的实例。
DATA:M3-4,9,未将对象引用设置到对象的实例。
DATA:M3-4,10,未将对象引用设置到对象的实例。
DATA:M3-4,11,未将对象引用设置到对象的实例。
DATA:M3-4,12,未将对象引用设置到对象的实例。
DATA:M3-4,13,未将对象引用设置到对象的实例。
DATA:M3-4,14,未将对象引用设置到对象的实例。
DATA:M3-4,15,未将对象引用设置到对象的实例。
DATA:M3-4,16,未将对象引用设置到对象的实例。
DATA:M3-4,17,未将对象引用设置到对象的实例。
DATA:M3-4,18,未将对象引用设置到对象的实例。
DATA:M3-5,8,未将对象引用设置到对象的实例。
DATA:M3-5,9,未将对象引用设置到对象的实例。
DATA:M3-5,10,未将对象引用设置到对象的实例。
DATA:M3-5,11,未将对象引用设置到对象的实例。
DATA:M3-5,12,未将对象引用设置到对象的实例。
DATA:M3-5,13,未将对象引用设置到对象的实例。
DATA:M3-5,14,未将对象引用设置到对象的实例。
DATA:M3-5,15,未将对象引用设置到对象的实例。
DATA:M3-5,16,未将对象引用设置到对象的实例。
DATA:M3-5,17,未将对象引用设置到对象的实例。
DATA:M3-5,18,未将对象引用设置到对象的实例。
DATA:M3-5,19,未将对象引用设置到对象的实例。
DATA:M3-5,20,未将对象引用设置到对象的实例。
DATA:M3-5,21,未将对象引用设置到对象的实例。
DATA:M3-6,8,未将对象引用设置到对象的实例。
DATA:M3-6,9,未将对象引用设置到对象的实例。
DATA:M3-6,10,未将对象引用设置到对象的实例。
DATA:M3-6,11,未将对象引用设置到对象的实例。
DATA:M3-6,12,未将对象引用设置到对象的实例。
DATA:M3-6,13,未将对象引用设置到对象的实例。
DATA:M3-6,14,未将对象引用设置到对象的实例。
DATA:M3-6,15,未将对象引用设置到对象的实例。
DATA:M3-6,16,未将对象引用设置到对象的实例。
DATA:M3-6,17,未将对象引用设置到对象的实例。
DATA:M3-6,18,未将对象引用设置到对象的实例。
DATA:M3-6,19,未将对象引用设置到对象的实例。
DATA:M3-6,20,未将对象引用设置到对象的实例。
DATA:M3-7,8,未将对象引用设置到对象的实例。
DATA:M3-7,9,未将对象引用设置到对象的实例。
DATA:M3-7,10,未将对象引用设置到对象的实例。
DATA:M3-7,11,未将对象引用设置到对象的实例。
DATA:M3-7,12,未将对象引用设置到对象的实例。
DATA:M3-7,13,未将对象引用设置到对象的实例。
DATA:M3-7,14,未将对象引用设置到对象的实例。
DATA:M3-7,15,未将对象引用设置到对象的实例。
DATA:M3-7,16,未将对象引用设置到对象的实例。
DATA:M3-7,17,未将对象引用设置到对象的实例。
DATA:M3-7,18,未将对象引用设置到对象的实例。
DATA:M3-8,8,未将对象引用设置到对象的实例。
DATA:M3-8,9,未将对象引用设置到对象的实例。
DATA:M3-8,10,未将对象引用设置到对象的实例。
DATA:M3-8,11,未将对象引用设置到对象的实例。
DATA:M3-8,12,未将对象引用设置到对象的实例。
DATA:M3-8,13,未将对象引用设置到对象的实例。
DATA:M3-8,14,未将对象引用设置到对象的实例。
DATA:M3-8,15,未将对象引用设置到对象的实例。
DATA:M3-8,16,未将对象引用设置到对象的实例。
DATA:M3-9,8,未将对象引用设置到对象的实例。
DATA:M3-9,9,未将对象引用设置到对象的实例。
DATA:M3-9,10,未将对象引用设置到对象的实例。
DATA:M3-9,11,未将对象引用设置到对象的实例。
DATA:M3-9,12,未将对象引用设置到对象的实例。
DATA:M3-9,13,未将对象引用设置到对象的实例。
DATA:M3-9,14,未将对象引用设置到对象的实例。
DATA:M3-9,15,未将对象引用设置到对象的实例。
DATA:M3-9,16,未将对象引用设置到对象的实例。
DATA:M3-9,17,未将对象引用设置到对象的实例。
DATA:M3-9,18,未将对象引用设置到对象的实例。
DATA:M3-10,8,未将对象引用设置到对象的实例。
DATA:M3-10,9,未将对象引用设置到对象的实例。
DATA:M3-10,10,未将对象引用设置到对象的实例。
DATA:M3-10,11,未将对象引用设置到对象的实例。
DATA:M3-10,12,未将对象引用设置到对象的实例。
DATA:M3-10,13,未将对象引用设置到对象的实例。
DATA:M3-10,14,未将对象引用设置到对象的实例。
DATA:M3-10,15,未将对象引用设置到对象的实例。
DATA:M3-10,16,未将对象引用设置到对象的实例。
DATA:M3-10,17,未将对象引用设置到对象的实例。
DATA:M3-11,8,未将对象引用设置到对象的实例。
DATA:M3-11,9,未将对象引用设置到对象的实例。
DATA:M3-11,10,未将对象引用设置到对象的实例。
DATA:M3-11,11,未将对象引用设置到对象的实例。
DATA:M3-11,12,未将对象引用设置到对象的实例。
DATA:M3-11,13,未将对象引用设置到对象的实例。
DATA:M3-11,14,未将对象引用设置到对象的实例。
DATA:M3-11,15,未将对象引用设置到对象的实例。
DATA:M3-11,16,未将对象引用设置到对象的实例。
DATA:M3-11,17,未将对象引用设置到对象的实例。
DATA:M3-11,18,未将对象引用设置到对象的实例。
DATA:M3-12,8,未将对象引用设置到对象的实例。
DATA:M3-12,9,未将对象引用设置到对象的实例。
DATA:M3-12,10,未将对象引用设置到对象的实例。
DATA:M3-12,11,未将对象引用设置到对象的实例。
DATA:M3-12,12,未将对象引用设置到对象的实例。
DATA:M3-12,13,未将对象引用设置到对象的实例。
DATA:M3-12,14,未将对象引用设置到对象的实例。
DATA:M3-12,15,未将对象引用设置到对象的实例。
DATA:M3-12,16,未将对象引用设置到对象的实例。
DATA:M3-12,17,未将对象引用设置到对象的实例。
DATA:M3-12,18,未将对象引用设置到对象的实例。
DATA:M3-13,8,未将对象引用设置到对象的实例。
DATA:M3-13,9,未将对象引用设置到对象的实例。
DATA:M3-13,10,未将对象引用设置到对象的实例。
DATA:M3-13,11,未将对象引用设置到对象的实例。
DATA:M3-13,12,未将对象引用设置到对象的实例。
DATA:M3-13,13,未将对象引用设置到对象的实例。
DATA:M3-13,14,未将对象引用设置到对象的实例。
DATA:M3-13,15,未将对象引用设置到对象的实例。
DATA:M3-13,16,未将对象引用设置到对象的实例。
DATA:M3-13,17,未将对象引用设置到对象的实例。
DATA:M3-14,8,未将对象引用设置到对象的实例。
DATA:M3-14,9,未将对象引用设置到对象的实例。
DATA:M3-14,10,未将对象引用设置到对象的实例。
DATA:M3-14,11,未将对象引用设置到对象的实例。
DATA:M3-14,12,未将对象引用设置到对象的实例。
DATA:M3-14,13,未将对象引用设置到对象的实例。
DATA:M3-14,14,未将对象引用设置到对象的实例。
DATA:M3-14,15,未将对象引用设置到对象的实例。
DATA:M3-14,16,未将对象引用设置到对象的实例。
DATA:M3-14,17,未将对象引用设置到对象的实例。
DATA:M3-14,18,未将对象引用设置到对象的实例。
DATA:M3-14,19,未将对象引用设置到对象的实例。
DATA:M3-14,20,未将对象引用设置到对象的实例。
DATA:M3-15,8,未将对象引用设置到对象的实例。
DATA:M3-15,9,未将对象引用设置到对象的实例。
DATA:M3-15,10,未将对象引用设置到对象的实例。
DATA:M3-15,11,未将对象引用设置到对象的实例。
DATA:M3-15,12,未将对象引用设置到对象的实例。
DATA:M3-15,13,未将对象引用设置到对象的实例。
DATA:M3-15,14,未将对象引用设置到对象的实例。
DATA:M3-15,15,未将对象引用设置到对象的实例。
DATA:M3-15,16,未将对象引用设置到对象的实例。
DATA:M3-16,8,未将对象引用设置到对象的实例。
DATA:M3-16,9,未将对象引用设置到对象的实例。
DATA:M3-16,10,未将对象引用设置到对象的实例。
DATA:M3-16,11,未将对象引用设置到对象的实例。
DATA:M3-16,12,未将对象引用设置到对象的实例。
DATA:M3-16,13,未将对象引用设置到对象的实例。
DATA:M3-16,14,未将对象引用设置到对象的实例。
DATA:M3-16,15,未将对象引用设置到对象的实例。
DATA:M3-16,16,未将对象引用设置到对象的实例。
DATA:M3-16,17,未将对象引用设置到对象的实例。
DATA:M3-17,8,未将对象引用设置到对象的实例。
DATA:M3-17,9,未将对象引用设置到对象的实例。
DATA:M3-17,10,未将对象引用设置到对象的实例。
DATA:M3-17,11,未将对象引用设置到对象的实例。
DATA:M3-17,12,未将对象引用设置到对象的实例。
DATA:M3-17,13,未将对象引用设置到对象的实例。
DATA:M3-17,14,未将对象引用设置到对象的实例。
DATA:M3-17,15,未将对象引用设置到对象的实例。
DATA:M3-17,16,未将对象引用设置到对象的实例。
DATA:M3-17,17,未将对象引用设置到对象的实例。
DATA:M3-17,18,未将对象引用设置到对象的实例。
DATA:M3-18,8,未将对象引用设置到对象的实例。
DATA:M3-18,9,未将对象引用设置到对象的实例。
DATA:M3-18,10,未将对象引用设置到对象的实例。
DATA:M3-18,11,未将对象引用设置到对象的实例。
DATA:M3-18,12,未将对象引用设置到对象的实例。
DATA:M3-18,13,未将对象引用设置到对象的实例。
DATA:M3-18,14,未将对象引用设置到对象的实例。
DATA:M3-18,15,未将对象引用设置到对象的实例。
DATA:M3-18,16,未将对象引用设置到对象的实例。
DATA:M3-18,17,未将对象引用设置到对象的实例。
DATA:M3-18,18,未将对象引用设置到对象的实例。
DATA:M3-18,19,未将对象引用设置到对象的实例。
FILE:2016-10-13 04:07:50,D:\AWORK\苗尾\昆明院苗尾监测资料\内观资料\大坝\大坝心墙\界面位移计.xls
DATA:MJR-1,8,未将对象引用设置到对象的实例。
DATA:MJR-1,9,未将对象引用设置到对象的实例。
DATA:MJR-1,10,未将对象引用设置到对象的实例。
DATA:MJR-1,11,未将对象引用设置到对象的实例。
DATA:MJR-1,12,未将对象引用设置到对象的实例。
DATA:MJR-1,13,未将对象引用设置到对象的实例。
DATA:MJR-1,14,未将对象引用设置到对象的实例。
DATA:MJR-1,15,未将对象引用设置到对象的实例。
DATA:MJR-1,16,未将对象引用设置到对象的实例。
DATA:MJR-1,17,未将对象引用设置到对象的实例。
DATA:MJR-1,18,未将对象引用设置到对象的实例。
DATA:MJR-1,19,未将对象引用设置到对象的实例。
DATA:MJR-2,8,未将对象引用设置到对象的实例。
DATA:MJR-2,9,未将对象引用设置到对象的实例。
DATA:MJR-2,10,未将对象引用设置到对象的实例。
DATA:MJR-2,11,未将对象引用设置到对象的实例。
DATA:MJR-2,12,未将对象引用设置到对象的实例。
DATA:MJR-2,13,未将对象引用设置到对象的实例。
DATA:MJR-2,14,未将对象引用设置到对象的实例。
DATA:MJR-2,15,未将对象引用设置到对象的实例。
DATA:MJR-2,16,未将对象引用设置到对象的实例。
DATA:MJR-2,17,未将对象引用设置到对象的实例。
DATA:MJR-3,8,未将对象引用设置到对象的实例。
DATA:MJR-3,9,未将对象引用设置到对象的实例。
DATA:MJR-3,10,未将对象引用设置到对象的实例。
DATA:MJR-3,11,未将对象引用设置到对象的实例。
DATA:MJR-3,12,未将对象引用设置到对象的实例。
DATA:MJR-3,13,未将对象引用设置到对象的实例。
DATA:MJR-3,14,未将对象引用设置到对象的实例。
DATA:MJR-3,15,未将对象引用设置到对象的实例。
DATA:MJR-3,16,未将对象引用设置到对象的实例。
DATA:MJR-3,17,未将对象引用设置到对象的实例。
DATA:MJR-3,18,未将对象引用设置到对象的实例。
DATA:MJR-3,19,未将对象引用设置到对象的实例。
DATA:MJR-3,20,未将对象引用设置到对象的实例。
DATA:MJR-4,8,未将对象引用设置到对象的实例。
DATA:MJR-4,9,未将对象引用设置到对象的实例。
DATA:MJR-4,10,未将对象引用设置到对象的实例。
DATA:MJR-4,11,未将对象引用设置到对象的实例。
DATA:MJR-4,12,未将对象引用设置到对象的实例。
DATA:MJR-4,13,未将对象引用设置到对象的实例。
DATA:MJR-4,14,未将对象引用设置到对象的实例。
DATA:MJR-4,15,未将对象引用设置到对象的实例。
DATA:MJR-4,16,未将对象引用设置到对象的实例。
DATA:MJR-4,17,未将对象引用设置到对象的实例。
DATA:MJR-4,18,未将对象引用设置到对象的实例。
DATA:MJR-4,19,未将对象引用设置到对象的实例。
DATA:MJR-5,8,未将对象引用设置到对象的实例。
DATA:MJR-5,9,未将对象引用设置到对象的实例。
DATA:MJR-5,10,未将对象引用设置到对象的实例。
DATA:MJR-5,11,未将对象引用设置到对象的实例。
DATA:MJR-5,12,未将对象引用设置到对象的实例。
DATA:MJR-5,13,未将对象引用设置到对象的实例。
DATA:MJR-5,14,未将对象引用设置到对象的实例。
DATA:MJR-5,15,未将对象引用设置到对象的实例。
DATA:MJR-5,16,未将对象引用设置到对象的实例。
DATA:MJR-5,17,未将对象引用设置到对象的实例。
DATA:MJR-5,18,未将对象引用设置到对象的实例。
DATA:MJR-5,19,未将对象引用设置到对象的实例。
DATA:MJR-5,20,未将对象引用设置到对象的实例。
DATA:MJR-5,21,未将对象引用设置到对象的实例。
DATA:MJR-6,8,未将对象引用设置到对象的实例。
DATA:MJR-6,9,未将对象引用设置到对象的实例。
DATA:MJR-6,10,未将对象引用设置到对象的实例。
DATA:MJR-6,11,未将对象引用设置到对象的实例。
DATA:MJR-6,12,未将对象引用设置到对象的实例。
DATA:MJR-6,13,未将对象引用设置到对象的实例。
DATA:MJR-6,14,未将对象引用设置到对象的实例。
DATA:MJR-6,15,未将对象引用设置到对象的实例。
DATA:MJR-6,16,未将对象引用设置到对象的实例。
DATA:MJR-6,17,未将对象引用设置到对象的实例。
DATA:MJR-6,18,未将对象引用设置到对象的实例。
DATA:MJR-6,19,未将对象引用设置到对象的实例。
DATA:MJR-6,20,未将对象引用设置到对象的实例。
DATA:MJR-6,21,未将对象引用设置到对象的实例。
DATA:MJR-6,22,未将对象引用设置到对象的实例。
DATA:MJR-7,8,未将对象引用设置到对象的实例。
DATA:MJR-7,9,未将对象引用设置到对象的实例。
DATA:MJR-7,10,未将对象引用设置到对象的实例。
DATA:MJR-7,11,未将对象引用设置到对象的实例。
DATA:MJR-7,12,未将对象引用设置到对象的实例。
DATA:MJR-7,13,未将对象引用设置到对象的实例。
DATA:MJR-7,14,未将对象引用设置到对象的实例。
DATA:MJR-7,15,未将对象引用设置到对象的实例。
DATA:MJR-7,16,未将对象引用设置到对象的实例。
DATA:MJR-7,17,未将对象引用设置到对象的实例。
DATA:MJR-7,18,未将对象引用设置到对象的实例。
DATA:MJR-7,19,未将对象引用设置到对象的实例。
DATA:MJR-7,20,未将对象引用设置到对象的实例。
DATA:MJR-8,8,未将对象引用设置到对象的实例。
DATA:MJR-8,9,未将对象引用设置到对象的实例。
DATA:MJR-8,10,未将对象引用设置到对象的实例。
DATA:MJR-8,11,未将对象引用设置到对象的实例。
DATA:MJR-8,12,未将对象引用设置到对象的实例。
DATA:MJR-8,13,未将对象引用设置到对象的实例。
DATA:MJR-8,14,未将对象引用设置到对象的实例。
DATA:MJR-8,15,未将对象引用设置到对象的实例。
DATA:MJR-8,16,未将对象引用设置到对象的实例。
DATA:MJR-8,17,未将对象引用设置到对象的实例。
DATA:MJR-8,18,未将对象引用设置到对象的实例。
DATA:MJR-8,19,未将对象引用设置到对象的实例。
DATA:MJR-9,8,未将对象引用设置到对象的实例。
DATA:MJR-9,9,未将对象引用设置到对象的实例。
DATA:MJR-9,10,未将对象引用设置到对象的实例。
DATA:MJR-9,11,未将对象引用设置到对象的实例。
DATA:MJR-9,12,未将对象引用设置到对象的实例。
DATA:MJR-9,13,未将对象引用设置到对象的实例。
DATA:MJR-9,14,未将对象引用设置到对象的实例。
DATA:MJR-9,15,未将对象引用设置到对象的实例。
DATA:MJR-9,16,未将对象引用设置到对象的实例。
DATA:MJR-9,17,未将对象引用设置到对象的实例。
DATA:MJR-9,18,未将对象引用设置到对象的实例。
DATA:MJR-10,8,未将对象引用设置到对象的实例。
DATA:MJR-10,9,未将对象引用设置到对象的实例。
DATA:MJR-10,10,未将对象引用设置到对象的实例。
DATA:MJR-10,11,未将对象引用设置到对象的实例。
DATA:MJR-10,12,未将对象引用设置到对象的实例。
DATA:MJR-10,13,未将对象引用设置到对象的实例。
DATA:MJR-10,14,未将对象引用设置到对象的实例。
DATA:MJR-10,15,未将对象引用设置到对象的实例。
DATA:MJR-10,16,未将对象引用设置到对象的实例。
DATA:MJR-10,17,未将对象引用设置到对象的实例。
DATA:MJR-10,18,未将对象引用设置到对象的实例。
DATA:MJL-1,8,未将对象引用设置到对象的实例。
DATA:MJL-1,9,未将对象引用设置到对象的实例。
DATA:MJL-1,10,未将对象引用设置到对象的实例。
DATA:MJL-1,11,未将对象引用设置到对象的实例。
DATA:MJL-1,12,未将对象引用设置到对象的实例。
DATA:MJL-1,13,未将对象引用设置到对象的实例。
DATA:MJL-1,14,未将对象引用设置到对象的实例。
DATA:MJL-1,15,未将对象引用设置到对象的实例。
DATA:MJL-1,16,未将对象引用设置到对象的实例。
DATA:MJL-1,17,未将对象引用设置到对象的实例。
DATA:MJL-1,18,未将对象引用设置到对象的实例。
DATA:MJL-1,19,未将对象引用设置到对象的实例。
DATA:MJL-1,20,未将对象引用设置到对象的实例。
DATA:MJL-2,8,未将对象引用设置到对象的实例。
DATA:MJL-2,9,未将对象引用设置到对象的实例。
DATA:MJL-2,10,未将对象引用设置到对象的实例。
DATA:MJL-2,11,未将对象引用设置到对象的实例。
DATA:MJL-2,12,未将对象引用设置到对象的实例。
DATA:MJL-2,13,未将对象引用设置到对象的实例。
DATA:MJL-2,14,未将对象引用设置到对象的实例。
DATA:MJL-2,15,未将对象引用设置到对象的实例。
DATA:MJL-2,16,未将对象引用设置到对象的实例。
DATA:MJL-2,17,未将对象引用设置到对象的实例。
DATA:MJL-3,8,未将对象引用设置到对象的实例。
DATA:MJL-3,9,未将对象引用设置到对象的实例。
DATA:MJL-3,10,未将对象引用设置到对象的实例。
DATA:MJL-3,11,未将对象引用设置到对象的实例。
DATA:MJL-3,12,未将对象引用设置到对象的实例。
DATA:MJL-3,13,未将对象引用设置到对象的实例。
DATA:MJL-3,14,未将对象引用设置到对象的实例。
DATA:MJL-3,15,未将对象引用设置到对象的实例。
DATA:MJL-3,16,未将对象引用设置到对象的实例。
DATA:MJL-3,17,未将对象引用设置到对象的实例。
DATA:MJL-3,18,未将对象引用设置到对象的实例。
DATA:MJL-3,19,未将对象引用设置到对象的实例。
DATA:MJL-3,20,未将对象引用设置到对象的实例。
DATA:MJL-4,8,未将对象引用设置到对象的实例。
DATA:MJL-4,9,未将对象引用设置到对象的实例。
DATA:MJL-4,10,未将对象引用设置到对象的实例。
DATA:MJL-4,11,未将对象引用设置到对象的实例。
DATA:MJL-4,12,未将对象引用设置到对象的实例。
DATA:MJL-4,13,未将对象引用设置到对象的实例。
DATA:MJL-4,14,未将对象引用设置到对象的实例。
DATA:MJL-5,8,未将对象引用设置到对象的实例。
DATA:MJL-5,9,未将对象引用设置到对象的实例。
DATA:MJL-5,10,未将对象引用设置到对象的实例。
DATA:MJL-5,11,未将对象引用设置到对象的实例。
DATA:MJL-5,12,未将对象引用设置到对象的实例。
DATA:MJL-5,13,未将对象引用设置到对象的实例。
DATA:MJL-5,14,未将对象引用设置到对象的实例。
DATA:MJL-5,15,未将对象引用设置到对象的实例。
DATA:MJL-5,16,未将对象引用设置到对象的实例。
DATA:MJL-5,17,未将对象引用设置到对象的实例。
DATA:MJL-5,18,未将对象引用设置到对象的实例。
DATA:MJL-5,19,未将对象引用设置到对象的实例。
DATA:MJL-6,8,未将对象引用设置到对象的实例。
DATA:MJL-6,9,未将对象引用设置到对象的实例。
DATA:MJL-6,10,未将对象引用设置到对象的实例。
DATA:MJL-6,11,未将对象引用设置到对象的实例。
DATA:MJL-6,12,未将对象引用设置到对象的实例。
DATA:MJL-6,13,未将对象引用设置到对象的实例。
DATA:MJL-6,14,未将对象引用设置到对象的实例。
DATA:MJL-6,15,未将对象引用设置到对象的实例。
DATA:MJL-6,16,未将对象引用设置到对象的实例。
DATA:MJL-6,17,未将对象引用设置到对象的实例。
DATA:MJL-6,18,未将对象引用设置到对象的实例。
DATA:MJL-6,19,未将对象引用设置到对象的实例。
DATA:MJL-7,8,未将对象引用设置到对象的实例。
DATA:MJL-7,9,未将对象引用设置到对象的实例。
DATA:MJL-7,10,未将对象引用设置到对象的实例。
DATA:MJL-7,11,未将对象引用设置到对象的实例。
DATA:MJL-7,12,未将对象引用设置到对象的实例。
DATA:MJL-7,13,未将对象引用设置到对象的实例。
DATA:MJL-7,14,未将对象引用设置到对象的实例。
DATA:MJL-7,15,未将对象引用设置到对象的实例。
DATA:MJL-7,16,未将对象引用设置到对象的实例。
DATA:MJL-7,17,未将对象引用设置到对象的实例。
DATA:MJL-8,8,未将对象引用设置到对象的实例。
DATA:MJL-8,9,未将对象引用设置到对象的实例。
DATA:MJL-8,10,未将对象引用设置到对象的实例。
DATA:MJL-8,11,未将对象引用设置到对象的实例。
DATA:MJL-8,12,未将对象引用设置到对象的实例。
DATA:MJL-8,13,未将对象引用设置到对象的实例。
DATA:MJL-8,14,未将对象引用设置到对象的实例。
DATA:MJL-8,15,未将对象引用设置到对象的实例。
DATA:MJL-8,16,未将对象引用设置到对象的实例。
DATA:MJL-8,17,未将对象引用设置到对象的实例。
DATA:MJL-9,8,未将对象引用设置到对象的实例。
DATA:MJL-9,9,未将对象引用设置到对象的实例。
DATA:MJL-9,10,未将对象引用设置到对象的实例。
DATA:MJL-9,11,未将对象引用设置到对象的实例。
DATA:MJL-9,12,未将对象引用设置到对象的实例。
DATA:MJL-9,13,未将对象引用设置到对象的实例。
DATA:MJL-9,14,未将对象引用设置到对象的实例。
DATA:MJL-9,15,未将对象引用设置到对象的实例。
DATA:MJL-9,16,未将对象引用设置到对象的实例。
DATA:MJL-9,17,未将对象引用设置到对象的实例。
DATA:MJL-9,18,未将对象引用设置到对象的实例。
DATA:MJL-9,19,未将对象引用设置到对象的实例。
DATA:MJL-9,20,未将对象引用设置到对象的实例。
DATA:MJL-9,21,未将对象引用设置到对象的实例。
DATA:MJL-10,8,未将对象引用设置到对象的实例。
DATA:MJL-10,9,未将对象引用设置到对象的实例。
DATA:MJL-10,10,未将对象引用设置到对象的实例。
DATA:MJL-10,11,未将对象引用设置到对象的实例。
DATA:MJL-10,12,未将对象引用设置到对象的实例。
DATA:MJL-10,13,未将对象引用设置到对象的实例。
DATA:MJL-10,14,未将对象引用设置到对象的实例。
DATA:MJL-10,15,未将对象引用设置到对象的实例。
DATA:MJL-10,16,未将对象引用设置到对象的实例。
DATA:MJL-10,17,未将对象引用设置到对象的实例。
DATA:MJL-10,18,未将对象引用设置到对象的实例。
DATA:MJL-10,19,未将对象引用设置到对象的实例。
DATA:MJL-10,20,未将对象引用设置到对象的实例。
DATA:MJL-10,21,未将对象引用设置到对象的实例。
DATA:MJ1-1,8,未将对象引用设置到对象的实例。
DATA:MJ1-1,9,未将对象引用设置到对象的实例。
DATA:MJ1-1,10,未将对象引用设置到对象的实例。
DATA:MJ1-1,11,未将对象引用设置到对象的实例。
DATA:MJ1-1,12,未将对象引用设置到对象的实例。
DATA:MJ1-1,13,未将对象引用设置到对象的实例。
DATA:MJ1-1,14,未将对象引用设置到对象的实例。
DATA:MJ1-1,15,输入字符串的格式不正确。
DATA:MJ1-1,16,输入字符串的格式不正确。
DATA:MJ1-1,17,输入字符串的格式不正确。
DATA:MJ1-1,18,输入字符串的格式不正确。
DATA:MJ1-1,19,输入字符串的格式不正确。
DATA:MJ1-2,8,未将对象引用设置到对象的实例。
DATA:MJ1-2,9,未将对象引用设置到对象的实例。
DATA:MJ1-2,10,未将对象引用设置到对象的实例。
DATA:MJ1-2,11,未将对象引用设置到对象的实例。
DATA:MJ1-2,12,未将对象引用设置到对象的实例。
DATA:MJ1-2,13,未将对象引用设置到对象的实例。
DATA:MJ1-2,14,未将对象引用设置到对象的实例。
DATA:MJ1-2,15,未将对象引用设置到对象的实例。
DATA:MJ1-3,8,未将对象引用设置到对象的实例。
DATA:MJ1-3,9,未将对象引用设置到对象的实例。
DATA:MJ1-3,10,未将对象引用设置到对象的实例。
DATA:MJ1-3,11,未将对象引用设置到对象的实例。
DATA:MJ1-3,12,未将对象引用设置到对象的实例。
DATA:MJ1-3,13,未将对象引用设置到对象的实例。
DATA:MJ1-3,14,未将对象引用设置到对象的实例。
DATA:MJ1-3,15,未将对象引用设置到对象的实例。
DATA:MJ1-3,16,未将对象引用设置到对象的实例。
DATA:MJ1-3,17,未将对象引用设置到对象的实例。
DATA:MJ1-3,18,未将对象引用设置到对象的实例。
DATA:MJ1-3,19,未将对象引用设置到对象的实例。
DATA:MJ1-4,8,未将对象引用设置到对象的实例。
DATA:MJ1-4,9,未将对象引用设置到对象的实例。
DATA:MJ1-4,10,未将对象引用设置到对象的实例。
DATA:MJ1-4,11,未将对象引用设置到对象的实例。
DATA:MJ1-4,12,未将对象引用设置到对象的实例。
DATA:MJ1-4,13,未将对象引用设置到对象的实例。
DATA:MJ1-4,14,未将对象引用设置到对象的实例。
DATA:MJ1-4,15,未将对象引用设置到对象的实例。
DATA:MJ1-4,16,未将对象引用设置到对象的实例。
DATA:MJ1-4,17,未将对象引用设置到对象的实例。
DATA:MJ1-4,18,未将对象引用设置到对象的实例。
DATA:MJ1-4,19,未将对象引用设置到对象的实例。
DATA:MJ1-4,20,未将对象引用设置到对象的实例。
DATA:MJ1-5,8,未将对象引用设置到对象的实例。
DATA:MJ1-5,9,未将对象引用设置到对象的实例。
DATA:MJ1-5,10,未将对象引用设置到对象的实例。
DATA:MJ1-5,11,未将对象引用设置到对象的实例。
DATA:MJ1-5,12,未将对象引用设置到对象的实例。
DATA:MJ1-5,13,未将对象引用设置到对象的实例。
DATA:MJ1-5,14,未将对象引用设置到对象的实例。
DATA:MJ1-5,15,未将对象引用设置到对象的实例。
DATA:MJ1-5,16,未将对象引用设置到对象的实例。
DATA:MJ1-5,17,未将对象引用设置到对象的实例。
DATA:MJ1-5,18,未将对象引用设置到对象的实例。
DATA:MJ1-5,19,未将对象引用设置到对象的实例。
DATA:MJ1-6,8,未将对象引用设置到对象的实例。
DATA:MJ1-6,9,未将对象引用设置到对象的实例。
DATA:MJ1-6,10,未将对象引用设置到对象的实例。
DATA:MJ1-6,11,未将对象引用设置到对象的实例。
DATA:MJ1-6,12,未将对象引用设置到对象的实例。
DATA:MJ1-6,13,未将对象引用设置到对象的实例。
DATA:MJ1-6,14,未将对象引用设置到对象的实例。
DATA:MJ1-6,15,未将对象引用设置到对象的实例。
DATA:MJ1-6,16,未将对象引用设置到对象的实例。
DATA:MJ1-6,17,未将对象引用设置到对象的实例。
DATA:MJ1-6,18,未将对象引用设置到对象的实例。
DATA:MJ1-6,19,未将对象引用设置到对象的实例。
DATA:MJ1-6,20,未将对象引用设置到对象的实例。
DATA:MJ1-7,8,未将对象引用设置到对象的实例。
DATA:MJ1-7,9,未将对象引用设置到对象的实例。
DATA:MJ1-7,10,未将对象引用设置到对象的实例。
DATA:MJ1-7,11,未将对象引用设置到对象的实例。
DATA:MJ1-7,12,未将对象引用设置到对象的实例。
DATA:MJ1-7,13,未将对象引用设置到对象的实例。
DATA:MJ1-7,14,未将对象引用设置到对象的实例。
DATA:MJ1-7,15,未将对象引用设置到对象的实例。
DATA:MJ1-7,16,未将对象引用设置到对象的实例。
DATA:MJ1-7,17,未将对象引用设置到对象的实例。
DATA:MJ1-7,18,未将对象引用设置到对象的实例。
DATA:MJ1-7,19,未将对象引用设置到对象的实例。
DATA:MJ1-8,8,未将对象引用设置到对象的实例。
DATA:MJ1-8,9,未将对象引用设置到对象的实例。
DATA:MJ1-8,10,未将对象引用设置到对象的实例。
DATA:MJ1-8,11,未将对象引用设置到对象的实例。
DATA:MJ1-8,12,未将对象引用设置到对象的实例。
DATA:MJ1-8,13,未将对象引用设置到对象的实例。
DATA:MJ1-8,14,未将对象引用设置到对象的实例。
DATA:MJ1-8,15,未将对象引用设置到对象的实例。
DATA:MJ1-8,16,未将对象引用设置到对象的实例。
DATA:MJ1-8,17,未将对象引用设置到对象的实例。
DATA:MJ1-8,18,未将对象引用设置到对象的实例。
DATA:MJ1-8,19,未将对象引用设置到对象的实例。
DATA:MJ1-9,8,未将对象引用设置到对象的实例。
DATA:MJ1-9,9,未将对象引用设置到对象的实例。
DATA:MJ1-9,10,未将对象引用设置到对象的实例。
DATA:MJ1-9,11,未将对象引用设置到对象的实例。
DATA:MJ1-9,12,未将对象引用设置到对象的实例。
DATA:MJ1-9,13,未将对象引用设置到对象的实例。
DATA:MJ1-9,14,未将对象引用设置到对象的实例。
DATA:MJ1-9,15,未将对象引用设置到对象的实例。
DATA:MJ1-9,16,未将对象引用设置到对象的实例。
DATA:MJ1-9,17,未将对象引用设置到对象的实例。
DATA:MJ1-9,18,未将对象引用设置到对象的实例。
DATA:MJ1-9,19,未将对象引用设置到对象的实例。
DATA:MJ1-9,20,未将对象引用设置到对象的实例。
DATA:MJ1-10,8,未将对象引用设置到对象的实例。
DATA:MJ1-10,9,未将对象引用设置到对象的实例。
DATA:MJ1-10,10,未将对象引用设置到对象的实例。
DATA:MJ1-10,11,未将对象引用设置到对象的实例。
DATA:MJ1-10,12,未将对象引用设置到对象的实例。
DATA:MJ1-10,13,未将对象引用设置到对象的实例。
DATA:MJ1-10,14,未将对象引用设置到对象的实例。
DATA:MJ1-10,15,未将对象引用设置到对象的实例。
DATA:MJ1-10,16,未将对象引用设置到对象的实例。
DATA:MJ1-10,17,未将对象引用设置到对象的实例。
DATA:MJ1-10,18,未将对象引用设置到对象的实例。
DATA:MJ1-11,8,未将对象引用设置到对象的实例。
DATA:MJ1-11,9,未将对象引用设置到对象的实例。
DATA:MJ1-11,10,未将对象引用设置到对象的实例。
DATA:MJ1-11,11,未将对象引用设置到对象的实例。
DATA:MJ1-11,12,未将对象引用设置到对象的实例。
DATA:MJ1-11,13,未将对象引用设置到对象的实例。
DATA:MJ1-11,14,未将对象引用设置到对象的实例。
DATA:MJ1-11,15,未将对象引用设置到对象的实例。
DATA:MJ1-11,16,未将对象引用设置到对象的实例。
DATA:MJ1-11,17,未将对象引用设置到对象的实例。
DATA:MJ1-11,18,未将对象引用设置到对象的实例。
DATA:MJ1-11,19,未将对象引用设置到对象的实例。
DATA:MJ1-12,8,未将对象引用设置到对象的实例。
DATA:MJ1-12,9,未将对象引用设置到对象的实例。
DATA:MJ1-12,10,未将对象引用设置到对象的实例。
DATA:MJ1-12,11,未将对象引用设置到对象的实例。
DATA:MJ1-12,12,未将对象引用设置到对象的实例。
DATA:MJ1-12,13,未将对象引用设置到对象的实例。
DATA:MJ1-12,14,未将对象引用设置到对象的实例。
DATA:MJ1-12,15,未将对象引用设置到对象的实例。
DATA:MJ1-12,16,未将对象引用设置到对象的实例。
DATA:MJ1-12,17,未将对象引用设置到对象的实例。
DATA:MJ1-12,18,未将对象引用设置到对象的实例。
DATA:MJ2-1,8,未将对象引用设置到对象的实例。
DATA:MJ2-1,9,未将对象引用设置到对象的实例。
DATA:MJ2-1,10,未将对象引用设置到对象的实例。
DATA:MJ2-1,11,未将对象引用设置到对象的实例。
DATA:MJ2-1,12,未将对象引用设置到对象的实例。
DATA:MJ2-1,13,未将对象引用设置到对象的实例。
DATA:MJ2-1,14,未将对象引用设置到对象的实例。
DATA:MJ2-1,15,未将对象引用设置到对象的实例。
DATA:MJ2-1,16,未将对象引用设置到对象的实例。
DATA:MJ2-1,17,未将对象引用设置到对象的实例。
DATA:MJ2-1,18,未将对象引用设置到对象的实例。
DATA:MJ2-1,19,未将对象引用设置到对象的实例。
DATA:MJ2-1,20,未将对象引用设置到对象的实例。
DATA:MJ2-1,21,未将对象引用设置到对象的实例。
DATA:MJ2-1,22,未将对象引用设置到对象的实例。
DATA:MJ2-1,23,未将对象引用设置到对象的实例。
DATA:MJ2-1,24,未将对象引用设置到对象的实例。
DATA:MJ2-1,25,未将对象引用设置到对象的实例。
DATA:MJ2-1,26,未将对象引用设置到对象的实例。
DATA:MJ2-1,27,未将对象引用设置到对象的实例。
DATA:MJ2-1,28,未将对象引用设置到对象的实例。
DATA:MJ2-1,29,未将对象引用设置到对象的实例。
DATA:MJ2-1,30,未将对象引用设置到对象的实例。
DATA:MJ2-1,31,未将对象引用设置到对象的实例。
DATA:MJ2-1,32,未将对象引用设置到对象的实例。
DATA:MJ2-1,33,未将对象引用设置到对象的实例。
DATA:MJ2-1,34,未将对象引用设置到对象的实例。
DATA:MJ2-1,35,未将对象引用设置到对象的实例。
DATA:MJ2-1,36,未将对象引用设置到对象的实例。
DATA:MJ2-1,37,未将对象引用设置到对象的实例。
DATA:MJ2-1,38,未将对象引用设置到对象的实例。
DATA:MJ2-1,39,未将对象引用设置到对象的实例。
DATA:MJ2-1,40,未将对象引用设置到对象的实例。
DATA:MJ2-1,41,未将对象引用设置到对象的实例。
DATA:MJ2-1,42,未将对象引用设置到对象的实例。
DATA:MJ2-1,43,未将对象引用设置到对象的实例。
DATA:MJ2-1,44,未将对象引用设置到对象的实例。
DATA:MJ2-1,45,未将对象引用设置到对象的实例。
DATA:MJ2-1,46,未将对象引用设置到对象的实例。
DATA:MJ2-1,47,未将对象引用设置到对象的实例。
DATA:MJ2-1,48,未将对象引用设置到对象的实例。
DATA:MJ2-1,49,未将对象引用设置到对象的实例。
DATA:MJ2-1,50,未将对象引用设置到对象的实例。
DATA:MJ2-1,51,未将对象引用设置到对象的实例。
DATA:MJ2-1,52,未将对象引用设置到对象的实例。
DATA:MJ2-1,53,未将对象引用设置到对象的实例。
DATA:MJ2-1,54,未将对象引用设置到对象的实例。
DATA:MJ2-1,55,未将对象引用设置到对象的实例。
DATA:MJ2-1,56,未将对象引用设置到对象的实例。
DATA:MJ2-1,57,未将对象引用设置到对象的实例。
DATA:MJ2-1,58,未将对象引用设置到对象的实例。
DATA:MJ2-1,59,未将对象引用设置到对象的实例。
DATA:MJ2-1,60,未将对象引用设置到对象的实例。
DATA:MJ2-1,61,未将对象引用设置到对象的实例。
DATA:MJ2-1,62,未将对象引用设置到对象的实例。
DATA:MJ2-1,63,未将对象引用设置到对象的实例。
DATA:MJ2-1,64,未将对象引用设置到对象的实例。
DATA:MJ2-1,65,未将对象引用设置到对象的实例。
DATA:MJ2-1,66,未将对象引用设置到对象的实例。
DATA:MJ2-1,67,未将对象引用设置到对象的实例。
DATA:MJ2-1,68,未将对象引用设置到对象的实例。
DATA:MJ2-1,69,未将对象引用设置到对象的实例。
DATA:MJ2-1,70,未将对象引用设置到对象的实例。
DATA:MJ2-1,71,未将对象引用设置到对象的实例。
DATA:MJ2-1,72,未将对象引用设置到对象的实例。
DATA:MJ2-1,73,未将对象引用设置到对象的实例。
DATA:MJ2-1,74,未将对象引用设置到对象的实例。
DATA:MJ2-1,75,未将对象引用设置到对象的实例。
DATA:MJ2-1,76,未将对象引用设置到对象的实例。
DATA:MJ2-1,77,未将对象引用设置到对象的实例。
DATA:MJ2-1,78,未将对象引用设置到对象的实例。
DATA:MJ2-1,79,未将对象引用设置到对象的实例。
DATA:MJ2-1,80,未将对象引用设置到对象的实例。
DATA:MJ2-1,81,未将对象引用设置到对象的实例。
DATA:MJ2-1,82,未将对象引用设置到对象的实例。
DATA:MJ2-1,83,未将对象引用设置到对象的实例。
DATA:MJ2-1,84,未将对象引用设置到对象的实例。
DATA:MJ2-1,85,未将对象引用设置到对象的实例。
DATA:MJ2-1,86,未将对象引用设置到对象的实例。
DATA:MJ2-1,87,未将对象引用设置到对象的实例。
DATA:MJ2-1,88,未将对象引用设置到对象的实例。
DATA:MJ2-2,8,未将对象引用设置到对象的实例。
DATA:MJ2-2,9,未将对象引用设置到对象的实例。
DATA:MJ2-2,10,未将对象引用设置到对象的实例。
DATA:MJ2-2,11,未将对象引用设置到对象的实例。
DATA:MJ2-2,12,未将对象引用设置到对象的实例。
DATA:MJ2-2,13,未将对象引用设置到对象的实例。
DATA:MJ2-2,14,未将对象引用设置到对象的实例。
DATA:MJ2-2,15,未将对象引用设置到对象的实例。
DATA:MJ2-2,16,未将对象引用设置到对象的实例。
DATA:MJ2-2,17,未将对象引用设置到对象的实例。
DATA:MJ2-2,18,未将对象引用设置到对象的实例。
DATA:MJ2-2,19,未将对象引用设置到对象的实例。
DATA:MJ2-3,8,未将对象引用设置到对象的实例。
DATA:MJ2-3,9,未将对象引用设置到对象的实例。
DATA:MJ2-3,10,未将对象引用设置到对象的实例。
DATA:MJ2-3,11,未将对象引用设置到对象的实例。
DATA:MJ2-3,12,未将对象引用设置到对象的实例。
DATA:MJ2-3,13,未将对象引用设置到对象的实例。
DATA:MJ2-3,14,未将对象引用设置到对象的实例。
DATA:MJ2-3,15,未将对象引用设置到对象的实例。
DATA:MJ2-3,16,未将对象引用设置到对象的实例。
DATA:MJ2-3,17,未将对象引用设置到对象的实例。
DATA:MJ2-3,18,未将对象引用设置到对象的实例。
DATA:MJ2-3,19,未将对象引用设置到对象的实例。
DATA:MJ2-4,8,未将对象引用设置到对象的实例。
DATA:MJ2-4,9,未将对象引用设置到对象的实例。
DATA:MJ2-4,10,未将对象引用设置到对象的实例。
DATA:MJ2-4,11,未将对象引用设置到对象的实例。
DATA:MJ2-4,12,未将对象引用设置到对象的实例。
DATA:MJ2-4,13,未将对象引用设置到对象的实例。
DATA:MJ2-4,14,未将对象引用设置到对象的实例。
DATA:MJ2-4,15,未将对象引用设置到对象的实例。
DATA:MJ2-4,16,未将对象引用设置到对象的实例。
DATA:MJ2-4,17,未将对象引用设置到对象的实例。
DATA:MJ2-4,18,未将对象引用设置到对象的实例。
DATA:MJ2-4,19,未将对象引用设置到对象的实例。
DATA:MJ2-4,20,未将对象引用设置到对象的实例。
DATA:MJ2-4,21,未将对象引用设置到对象的实例。
DATA:MJ2-4,22,未将对象引用设置到对象的实例。
DATA:MJ2-4,23,未将对象引用设置到对象的实例。
DATA:MJ2-5,8,未将对象引用设置到对象的实例。
DATA:MJ2-5,9,未将对象引用设置到对象的实例。
DATA:MJ2-5,10,未将对象引用设置到对象的实例。
DATA:MJ2-5,11,未将对象引用设置到对象的实例。
DATA:MJ2-5,12,未将对象引用设置到对象的实例。
DATA:MJ2-5,13,未将对象引用设置到对象的实例。
DATA:MJ2-5,14,未将对象引用设置到对象的实例。
DATA:MJ2-5,15,未将对象引用设置到对象的实例。
DATA:MJ2-5,16,未将对象引用设置到对象的实例。
DATA:MJ2-5,17,未将对象引用设置到对象的实例。
DATA:MJ2-5,18,未将对象引用设置到对象的实例。
DATA:MJ2-5,19,未将对象引用设置到对象的实例。
DATA:MJ2-5,20,未将对象引用设置到对象的实例。
DATA:MJ2-5,21,未将对象引用设置到对象的实例。
DATA:MJ2-6,8,未将对象引用设置到对象的实例。
DATA:MJ2-6,9,未将对象引用设置到对象的实例。
DATA:MJ2-6,10,未将对象引用设置到对象的实例。
DATA:MJ2-6,11,未将对象引用设置到对象的实例。
DATA:MJ2-6,12,未将对象引用设置到对象的实例。
DATA:MJ2-6,13,未将对象引用设置到对象的实例。
DATA:MJ2-6,14,未将对象引用设置到对象的实例。
DATA:MJ2-6,15,未将对象引用设置到对象的实例。
DATA:MJ2-6,16,未将对象引用设置到对象的实例。
DATA:MJ2-6,17,未将对象引用设置到对象的实例。
DATA:MJ2-6,18,未将对象引用设置到对象的实例。
DATA:MJ2-6,19,未将对象引用设置到对象的实例。
DATA:MJ2-6,20,未将对象引用设置到对象的实例。
DATA:MJ2-7,8,未将对象引用设置到对象的实例。
DATA:MJ2-7,9,未将对象引用设置到对象的实例。
DATA:MJ2-7,10,未将对象引用设置到对象的实例。
DATA:MJ2-7,11,未将对象引用设置到对象的实例。
DATA:MJ2-7,12,未将对象引用设置到对象的实例。
DATA:MJ2-7,13,未将对象引用设置到对象的实例。
DATA:MJ2-7,14,未将对象引用设置到对象的实例。
DATA:MJ2-7,15,未将对象引用设置到对象的实例。
DATA:MJ2-7,16,未将对象引用设置到对象的实例。
DATA:MJ2-7,17,未将对象引用设置到对象的实例。
DATA:MJ2-7,18,未将对象引用设置到对象的实例。
DATA:MJ2-7,19,未将对象引用设置到对象的实例。
DATA:MJ2-8,8,未将对象引用设置到对象的实例。
DATA:MJ2-8,9,未将对象引用设置到对象的实例。
DATA:MJ2-8,10,未将对象引用设置到对象的实例。
DATA:MJ2-8,11,未将对象引用设置到对象的实例。
DATA:MJ2-8,12,未将对象引用设置到对象的实例。
DATA:MJ2-8,13,未将对象引用设置到对象的实例。
DATA:MJ2-8,14,未将对象引用设置到对象的实例。
DATA:MJ2-8,15,未将对象引用设置到对象的实例。
DATA:MJ2-8,16,未将对象引用设置到对象的实例。
DATA:MJ2-8,17,未将对象引用设置到对象的实例。
DATA:MJ2-8,18,未将对象引用设置到对象的实例。
DATA:MJ2-8,19,未将对象引用设置到对象的实例。
DATA:MJ2-9,8,未将对象引用设置到对象的实例。
DATA:MJ2-9,9,未将对象引用设置到对象的实例。
DATA:MJ2-9,10,未将对象引用设置到对象的实例。
DATA:MJ2-9,11,未将对象引用设置到对象的实例。
DATA:MJ2-9,12,未将对象引用设置到对象的实例。
DATA:MJ2-9,13,未将对象引用设置到对象的实例。
DATA:MJ2-9,14,未将对象引用设置到对象的实例。
DATA:MJ2-9,15,未将对象引用设置到对象的实例。
DATA:MJ2-9,16,未将对象引用设置到对象的实例。
DATA:MJ2-9,17,未将对象引用设置到对象的实例。
DATA:MJ2-9,18,未将对象引用设置到对象的实例。
DATA:MJ2-9,19,未将对象引用设置到对象的实例。
DATA:MJ2-10,8,未将对象引用设置到对象的实例。
DATA:MJ2-10,9,未将对象引用设置到对象的实例。
DATA:MJ2-10,10,未将对象引用设置到对象的实例。
DATA:MJ2-10,11,未将对象引用设置到对象的实例。
DATA:MJ2-10,12,未将对象引用设置到对象的实例。
DATA:MJ2-10,13,未将对象引用设置到对象的实例。
DATA:MJ2-10,14,未将对象引用设置到对象的实例。
DATA:MJ2-10,15,未将对象引用设置到对象的实例。
DATA:MJ2-10,16,未将对象引用设置到对象的实例。
DATA:MJ2-10,17,未将对象引用设置到对象的实例。
DATA:MJ2-10,18,未将对象引用设置到对象的实例。
DATA:MJ2-10,19,未将对象引用设置到对象的实例。
DATA:MJ2-10,20,未将对象引用设置到对象的实例。
DATA:MJ2-11,8,未将对象引用设置到对象的实例。
DATA:MJ2-11,9,未将对象引用设置到对象的实例。
DATA:MJ2-11,10,未将对象引用设置到对象的实例。
DATA:MJ2-11,11,未将对象引用设置到对象的实例。
DATA:MJ2-11,12,未将对象引用设置到对象的实例。
DATA:MJ2-11,13,未将对象引用设置到对象的实例。
DATA:MJ2-11,14,未将对象引用设置到对象的实例。
DATA:MJ2-11,15,未将对象引用设置到对象的实例。
DATA:MJ2-11,16,未将对象引用设置到对象的实例。
DATA:MJ2-11,17,未将对象引用设置到对象的实例。
DATA:MJ2-11,18,未将对象引用设置到对象的实例。
DATA:MJ2-12,8,未将对象引用设置到对象的实例。
DATA:MJ2-12,9,未将对象引用设置到对象的实例。
DATA:MJ2-12,10,未将对象引用设置到对象的实例。
DATA:MJ2-12,11,未将对象引用设置到对象的实例。
DATA:MJ2-12,12,未将对象引用设置到对象的实例。
DATA:MJ2-12,13,未将对象引用设置到对象的实例。
DATA:MJ2-12,14,未将对象引用设置到对象的实例。
DATA:MJ2-12,15,未将对象引用设置到对象的实例。
DATA:MJ2-12,16,未将对象引用设置到对象的实例。
DATA:MJ2-12,17,未将对象引用设置到对象的实例。
DATA:MJ2-12,18,未将对象引用设置到对象的实例。
DATA:MJ2-12,19,未将对象引用设置到对象的实例。
DATA:MJ2-12,20,未将对象引用设置到对象的实例。
DATA:MJ2-13,8,未将对象引用设置到对象的实例。
DATA:MJ2-13,9,未将对象引用设置到对象的实例。
DATA:MJ2-13,10,未将对象引用设置到对象的实例。
DATA:MJ2-13,11,未将对象引用设置到对象的实例。
DATA:MJ2-13,12,未将对象引用设置到对象的实例。
DATA:MJ2-13,13,未将对象引用设置到对象的实例。
DATA:MJ2-13,14,未将对象引用设置到对象的实例。
DATA:MJ2-13,15,未将对象引用设置到对象的实例。
DATA:MJ2-13,16,未将对象引用设置到对象的实例。
DATA:MJ2-13,17,未将对象引用设置到对象的实例。
DATA:MJ2-14,8,未将对象引用设置到对象的实例。
DATA:MJ2-14,9,未将对象引用设置到对象的实例。
DATA:MJ2-14,10,未将对象引用设置到对象的实例。
DATA:MJ2-14,11,未将对象引用设置到对象的实例。
DATA:MJ2-14,12,未将对象引用设置到对象的实例。
DATA:MJ2-14,13,未将对象引用设置到对象的实例。
DATA:MJ2-14,14,未将对象引用设置到对象的实例。
DATA:MJ2-14,15,未将对象引用设置到对象的实例。
DATA:MJ2-14,16,未将对象引用设置到对象的实例。
DATA:MJ2-14,17,未将对象引用设置到对象的实例。
DATA:MJ2-14,18,未将对象引用设置到对象的实例。
DATA:MJ2-14,19,未将对象引用设置到对象的实例。
DATA:MJ2-15,8,未将对象引用设置到对象的实例。
DATA:MJ2-15,9,未将对象引用设置到对象的实例。
DATA:MJ2-15,10,未将对象引用设置到对象的实例。
DATA:MJ2-15,11,未将对象引用设置到对象的实例。
DATA:MJ2-15,12,未将对象引用设置到对象的实例。
DATA:MJ2-15,13,未将对象引用设置到对象的实例。
DATA:MJ2-15,14,未将对象引用设置到对象的实例。
DATA:MJ2-15,15,未将对象引用设置到对象的实例。
DATA:MJ2-15,16,未将对象引用设置到对象的实例。
DATA:MJ2-15,17,未将对象引用设置到对象的实例。
DATA:MJ2-15,18,未将对象引用设置到对象的实例。
DATA:MJ2-15,19,未将对象引用设置到对象的实例。
DATA:MJ2-16,8,未将对象引用设置到对象的实例。
DATA:MJ2-16,9,未将对象引用设置到对象的实例。
DATA:MJ2-16,10,未将对象引用设置到对象的实例。
DATA:MJ2-16,11,未将对象引用设置到对象的实例。
DATA:MJ2-16,12,未将对象引用设置到对象的实例。
DATA:MJ2-16,13,未将对象引用设置到对象的实例。
DATA:MJ2-16,14,未将对象引用设置到对象的实例。
DATA:MJ2-16,15,未将对象引用设置到对象的实例。
DATA:MJ2-16,16,未将对象引用设置到对象的实例。
DATA:MJ2-16,17,未将对象引用设置到对象的实例。
DATA:MJ2-16,18,未将对象引用设置到对象的实例。
DATA:MJ2-16,19,未将对象引用设置到对象的实例。
DATA:MJ2-17,8,未将对象引用设置到对象的实例。
DATA:MJ2-17,9,未将对象引用设置到对象的实例。
DATA:MJ2-17,10,未将对象引用设置到对象的实例。
DATA:MJ2-17,11,未将对象引用设置到对象的实例。
DATA:MJ2-17,12,未将对象引用设置到对象的实例。
DATA:MJ2-17,13,未将对象引用设置到对象的实例。
DATA:MJ2-17,14,未将对象引用设置到对象的实例。
DATA:MJ2-17,15,未将对象引用设置到对象的实例。
DATA:MJ2-17,16,未将对象引用设置到对象的实例。
DATA:MJ2-17,17,未将对象引用设置到对象的实例。
DATA:MJ2-17,18,未将对象引用设置到对象的实例。
DATA:MJ2-17,19,未将对象引用设置到对象的实例。
DATA:MJ2-18,8,未将对象引用设置到对象的实例。
DATA:MJ2-18,9,未将对象引用设置到对象的实例。
DATA:MJ2-18,10,未将对象引用设置到对象的实例。
DATA:MJ2-18,11,未将对象引用设置到对象的实例。
DATA:MJ2-18,12,未将对象引用设置到对象的实例。
DATA:MJ2-18,13,未将对象引用设置到对象的实例。
DATA:MJ2-18,14,未将对象引用设置到对象的实例。
DATA:MJ2-18,15,未将对象引用设置到对象的实例。
DATA:MJ2-18,16,未将对象引用设置到对象的实例。
DATA:MJ2-18,17,未将对象引用设置到对象的实例。
DATA:MJ2-18,18,未将对象引用设置到对象的实例。
DATA:MJ2-18,19,未将对象引用设置到对象的实例。
DATA:MJ2-18,20,未将对象引用设置到对象的实例。
DATA:MJ3-1,8,未将对象引用设置到对象的实例。
DATA:MJ3-1,9,未将对象引用设置到对象的实例。
DATA:MJ3-1,10,未将对象引用设置到对象的实例。
DATA:MJ3-1,11,未将对象引用设置到对象的实例。
DATA:MJ3-1,12,未将对象引用设置到对象的实例。
DATA:MJ3-1,13,未将对象引用设置到对象的实例。
DATA:MJ3-1,14,未将对象引用设置到对象的实例。
DATA:MJ3-1,15,未将对象引用设置到对象的实例。
DATA:MJ3-1,16,未将对象引用设置到对象的实例。
DATA:MJ3-1,17,未将对象引用设置到对象的实例。
DATA:MJ3-1,18,未将对象引用设置到对象的实例。
DATA:MJ3-1,19,未将对象引用设置到对象的实例。
DATA:MJ3-1,20,未将对象引用设置到对象的实例。
DATA:MJ3-1,21,未将对象引用设置到对象的实例。
DATA:MJ3-2,8,未将对象引用设置到对象的实例。
DATA:MJ3-2,9,未将对象引用设置到对象的实例。
DATA:MJ3-2,10,未将对象引用设置到对象的实例。
DATA:MJ3-2,11,未将对象引用设置到对象的实例。
DATA:MJ3-2,12,未将对象引用设置到对象的实例。
DATA:MJ3-2,13,未将对象引用设置到对象的实例。
DATA:MJ3-2,14,未将对象引用设置到对象的实例。
DATA:MJ3-2,15,未将对象引用设置到对象的实例。
DATA:MJ3-2,16,未将对象引用设置到对象的实例。
DATA:MJ3-2,17,未将对象引用设置到对象的实例。
DATA:MJ3-2,18,未将对象引用设置到对象的实例。
DATA:MJ3-2,19,未将对象引用设置到对象的实例。
DATA:MJ3-3,8,未将对象引用设置到对象的实例。
DATA:MJ3-3,9,未将对象引用设置到对象的实例。
DATA:MJ3-3,10,未将对象引用设置到对象的实例。
DATA:MJ3-3,11,未将对象引用设置到对象的实例。
DATA:MJ3-3,12,未将对象引用设置到对象的实例。
DATA:MJ3-3,13,未将对象引用设置到对象的实例。
DATA:MJ3-3,14,未将对象引用设置到对象的实例。
DATA:MJ3-3,15,未将对象引用设置到对象的实例。
DATA:MJ3-3,16,未将对象引用设置到对象的实例。
DATA:MJ3-3,17,未将对象引用设置到对象的实例。
DATA:MJ3-3,18,未将对象引用设置到对象的实例。
DATA:MJ3-3,19,未将对象引用设置到对象的实例。
DATA:MJ3-3,20,未将对象引用设置到对象的实例。
DATA:MJ3-3,21,未将对象引用设置到对象的实例。
DATA:MJ3-4,8,未将对象引用设置到对象的实例。
DATA:MJ3-4,9,未将对象引用设置到对象的实例。
DATA:MJ3-4,10,未将对象引用设置到对象的实例。
DATA:MJ3-4,11,未将对象引用设置到对象的实例。
DATA:MJ3-4,12,未将对象引用设置到对象的实例。
DATA:MJ3-4,13,未将对象引用设置到对象的实例。
DATA:MJ3-4,14,未将对象引用设置到对象的实例。
DATA:MJ3-4,15,未将对象引用设置到对象的实例。
DATA:MJ3-4,16,未将对象引用设置到对象的实例。
DATA:MJ3-4,17,未将对象引用设置到对象的实例。
DATA:MJ3-5,8,未将对象引用设置到对象的实例。
DATA:MJ3-5,9,未将对象引用设置到对象的实例。
DATA:MJ3-5,10,未将对象引用设置到对象的实例。
DATA:MJ3-5,11,未将对象引用设置到对象的实例。
DATA:MJ3-5,12,未将对象引用设置到对象的实例。
DATA:MJ3-5,13,未将对象引用设置到对象的实例。
DATA:MJ3-5,14,未将对象引用设置到对象的实例。
DATA:MJ3-5,15,未将对象引用设置到对象的实例。
DATA:MJ3-5,16,未将对象引用设置到对象的实例。
DATA:MJ3-5,17,未将对象引用设置到对象的实例。
DATA:MJ3-5,18,未将对象引用设置到对象的实例。
DATA:MJ3-5,19,未将对象引用设置到对象的实例。
DATA:MJ3-5,20,未将对象引用设置到对象的实例。
DATA:MJ3-5,21,未将对象引用设置到对象的实例。
DATA:MJ3-6,8,未将对象引用设置到对象的实例。
DATA:MJ3-6,9,未将对象引用设置到对象的实例。
DATA:MJ3-6,10,未将对象引用设置到对象的实例。
DATA:MJ3-6,11,未将对象引用设置到对象的实例。
DATA:MJ3-6,12,未将对象引用设置到对象的实例。
DATA:MJ3-6,13,未将对象引用设置到对象的实例。
DATA:MJ3-6,14,未将对象引用设置到对象的实例。
DATA:MJ3-6,15,未将对象引用设置到对象的实例。
DATA:MJ3-6,16,未将对象引用设置到对象的实例。
DATA:MJ3-6,17,未将对象引用设置到对象的实例。
DATA:MJ3-6,18,未将对象引用设置到对象的实例。
DATA:MJ3-6,19,未将对象引用设置到对象的实例。
DATA:MJ3-6,20,未将对象引用设置到对象的实例。
DATA:MJ3-7,8,未将对象引用设置到对象的实例。
DATA:MJ3-7,9,未将对象引用设置到对象的实例。
DATA:MJ3-7,10,未将对象引用设置到对象的实例。
DATA:MJ3-7,11,未将对象引用设置到对象的实例。
DATA:MJ3-7,12,未将对象引用设置到对象的实例。
DATA:MJ3-7,13,未将对象引用设置到对象的实例。
DATA:MJ3-7,14,未将对象引用设置到对象的实例。
DATA:MJ3-7,15,未将对象引用设置到对象的实例。
DATA:MJ3-7,16,未将对象引用设置到对象的实例。
DATA:MJ3-7,17,未将对象引用设置到对象的实例。
DATA:MJ3-7,18,未将对象引用设置到对象的实例。
DATA:MJ3-7,19,未将对象引用设置到对象的实例。
DATA:MJ3-7,20,未将对象引用设置到对象的实例。
DATA:MJ3-7,21,未将对象引用设置到对象的实例。
DATA:MJ3-8,8,未将对象引用设置到对象的实例。
DATA:MJ3-8,9,未将对象引用设置到对象的实例。
DATA:MJ3-8,10,未将对象引用设置到对象的实例。
DATA:MJ3-8,11,未将对象引用设置到对象的实例。
DATA:MJ3-8,12,未将对象引用设置到对象的实例。
FILE:2016-10-13 04:12:29,D:\AWORK\苗尾\昆明院苗尾监测资料\内观资料\PD45探洞（渗压计）\PD45探洞渗压计.xls
FILE:2016-10-13 04:12:29,D:\AWORK\苗尾\昆明院苗尾监测资料\内观资料\厂后\厂后区渗压计.xls
FILE:2016-10-13 04:12:29,D:\AWORK\苗尾\昆明院苗尾监测资料\内观资料\右坝头\右坝头渗压计.xls
FILE:2016-10-13 04:12:30,D:\AWORK\苗尾\昆明院苗尾监测资料\内观资料\大坝\大坝基础（渗压计）\大坝基础渗压计.xls
FILE:2016-10-13 04:12:31,D:\AWORK\苗尾\昆明院苗尾监测资料\内观资料\大坝\大坝心墙\渗压计.xls
FILE:2016-10-13 04:12:31,D:\AWORK\苗尾\昆明院苗尾监测资料\内观资料\溢洪道\溢洪道泄槽段右侧边坡\溢洪道泄槽段右侧边坡渗压计.xls
FILE:2016-10-13 04:12:31,D:\AWORK\苗尾\昆明院苗尾监测资料\内观资料\溢洪道\溢洪道泄槽段左侧边坡\溢洪道泄槽段左侧边坡渗压计.xls
FILE:2016-10-13 04:12:31,D:\AWORK\苗尾\昆明院苗尾监测资料\内观资料\溢洪道\溢洪道泄槽段底板\溢洪道泄槽段底板渗压计.xls
FILE:2016-10-13 04:12:31,D:\AWORK\苗尾\昆明院苗尾监测资料\内观资料\溢洪道\溢洪道进水渠边坡\溢洪道进水渠边坡渗压计.xls
PARAM:PPD45-1-1
PARAM:PPD45-1-2
PARAM:PPD45-2-1
PARAM:PPD45-2-2
PARAM:PPD45-3-1
PARAM:PPD45-3-2
PARAM:UPChb2-1
PARAM:UPChb4-1
PARAM:UPChb5-1
PARAM:UPChb5-2
PARAM:渗压计UPYtb-1
PARAM:渗压计UPYtb-2
PARAM:PBJ-F119,144+012
PARAM:PBJ-F107,166-012
PARAM:PBJ-F144,120-030
PARAM:渗压计UPYb3-1
PARAM:渗压计UPYb4-1
PARAM:渗压计UPYb9-1
FILE:2016-10-13 04:14:11,D:\AWORK\苗尾\昆明院苗尾监测资料\内观资料\PD45探洞（渗压计）\PD45探洞渗压计.xls
FILE:2016-10-13 04:14:11,D:\AWORK\苗尾\昆明院苗尾监测资料\内观资料\厂后\厂后区渗压计.xls
FILE:2016-10-13 04:14:11,D:\AWORK\苗尾\昆明院苗尾监测资料\内观资料\右坝头\右坝头渗压计.xls
FILE:2016-10-13 04:14:12,D:\AWORK\苗尾\昆明院苗尾监测资料\内观资料\大坝\大坝基础（渗压计）\大坝基础渗压计.xls
FILE:2016-10-13 04:14:12,D:\AWORK\苗尾\昆明院苗尾监测资料\内观资料\大坝\大坝心墙\渗压计.xls
FILE:2016-10-13 04:14:12,D:\AWORK\苗尾\昆明院苗尾监测资料\内观资料\溢洪道\溢洪道泄槽段右侧边坡\溢洪道泄槽段右侧边坡渗压计.xls
FILE:2016-10-13 04:14:12,D:\AWORK\苗尾\昆明院苗尾监测资料\内观资料\溢洪道\溢洪道泄槽段左侧边坡\溢洪道泄槽段左侧边坡渗压计.xls
FILE:2016-10-13 04:14:12,D:\AWORK\苗尾\昆明院苗尾监测资料\内观资料\溢洪道\溢洪道泄槽段底板\溢洪道泄槽段底板渗压计.xls
FILE:2016-10-13 04:14:12,D:\AWORK\苗尾\昆明院苗尾监测资料\内观资料\溢洪道\溢洪道进水渠边坡\溢洪道进水渠边坡渗压计.xls
PARAM:PPD45-1-1
PARAM:PPD45-1-2
PARAM:PPD45-2-1
PARAM:PPD45-2-2
PARAM:PPD45-3-1
PARAM:PPD45-3-2
PARAM:UPChb2-1
PARAM:UPChb4-1
PARAM:UPChb5-1
PARAM:UPChb5-2
PARAM:渗压计UPYtb-1
PARAM:渗压计UPYtb-2
PARAM:PBJ-F119,144+012
PARAM:PBJ-F107,166-012
PARAM:PBJ-F144,120-030
PARAM:渗压计UPYb3-1
PARAM:渗压计UPYb4-1
PARAM:渗压计UPYb9-1
FILE:2016-10-13 04:15:16,D:\AWORK\苗尾\昆明院苗尾监测资料\内观资料\PD45探洞（渗压计）\PD45探洞渗压计.xls
FILE:2016-10-13 04:15:16,D:\AWORK\苗尾\昆明院苗尾监测资料\内观资料\厂后\厂后区渗压计.xls
FILE:2016-10-13 04:15:16,D:\AWORK\苗尾\昆明院苗尾监测资料\内观资料\右坝头\右坝头渗压计.xls
FILE:2016-10-13 04:15:17,D:\AWORK\苗尾\昆明院苗尾监测资料\内观资料\大坝\大坝基础（渗压计）\大坝基础渗压计.xls
FILE:2016-10-13 04:15:17,D:\AWORK\苗尾\昆明院苗尾监测资料\内观资料\大坝\大坝心墙\渗压计.xls
FILE:2016-10-13 04:15:17,D:\AWORK\苗尾\昆明院苗尾监测资料\内观资料\溢洪道\溢洪道泄槽段右侧边坡\溢洪道泄槽段右侧边坡渗压计.xls
FILE:2016-10-13 04:15:17,D:\AWORK\苗尾\昆明院苗尾监测资料\内观资料\溢洪道\溢洪道泄槽段左侧边坡\溢洪道泄槽段左侧边坡渗压计.xls
FILE:2016-10-13 04:15:17,D:\AWORK\苗尾\昆明院苗尾监测资料\内观资料\溢洪道\溢洪道泄槽段底板\溢洪道泄槽段底板渗压计.xls
FILE:2016-10-13 04:15:17,D:\AWORK\苗尾\昆明院苗尾监测资料\内观资料\溢洪道\溢洪道进水渠边坡\溢洪道进水渠边坡渗压计.xls
PARAM:PPD45-1-1
PARAM:PPD45-1-2
PARAM:PPD45-2-1
PARAM:PPD45-2-2
PARAM:PPD45-3-1
PARAM:PPD45-3-2
PARAM:UPChb2-1
PARAM:UPChb4-1
PARAM:UPChb5-1
PARAM:UPChb5-2
PARAM:渗压计UPYtb-1
PARAM:渗压计UPYtb-2
PARAM:PBJ-F119,144+012
PARAM:PBJ-F107,166-012
PARAM:PBJ-F144,120-030
PARAM:渗压计UPYb3-1
PARAM:渗压计UPYb4-1
PARAM:渗压计UPYb9-1
FILE:2016-10-13 04:18:03,D:\AWORK\苗尾\昆明院苗尾监测资料\内观资料\PD45探洞（渗压计）\PD45探洞渗压计.xls
FILE:2016-10-13 04:18:03,D:\AWORK\苗尾\昆明院苗尾监测资料\内观资料\厂后\厂后区渗压计.xls
FILE:2016-10-13 04:18:03,D:\AWORK\苗尾\昆明院苗尾监测资料\内观资料\右坝头\右坝头渗压计.xls
FILE:2016-10-13 04:18:04,D:\AWORK\苗尾\昆明院苗尾监测资料\内观资料\大坝\大坝基础（渗压计）\大坝基础渗压计.xls
FILE:2016-10-13 04:18:05,D:\AWORK\苗尾\昆明院苗尾监测资料\内观资料\大坝\大坝心墙\渗压计.xls
FILE:2016-10-13 04:18:05,D:\AWORK\苗尾\昆明院苗尾监测资料\内观资料\溢洪道\溢洪道泄槽段右侧边坡\溢洪道泄槽段右侧边坡渗压计.xls
FILE:2016-10-13 04:18:05,D:\AWORK\苗尾\昆明院苗尾监测资料\内观资料\溢洪道\溢洪道泄槽段左侧边坡\溢洪道泄槽段左侧边坡渗压计.xls
FILE:2016-10-13 04:18:05,D:\AWORK\苗尾\昆明院苗尾监测资料\内观资料\溢洪道\溢洪道泄槽段底板\溢洪道泄槽段底板渗压计.xls
FILE:2016-10-13 04:18:05,D:\AWORK\苗尾\昆明院苗尾监测资料\内观资料\溢洪道\溢洪道进水渠边坡\溢洪道进水渠边坡渗压计.xls
PARAM:PPD45-1-1
PARAM:PPD45-1-2
PARAM:PPD45-2-1
PARAM:PPD45-2-2
PARAM:PPD45-3-1
PARAM:PPD45-3-2
PARAM:UPChb2-1
PARAM:UPChb4-1
PARAM:UPChb5-1
PARAM:UPChb5-2
PARAM:渗压计UPYtb-1
PARAM:渗压计UPYtb-2
PARAM:PBJ-F119,144+012
PARAM:PBJ-F107,166-012
PARAM:PBJ-F144,120-030
PARAM:渗压计UPYb3-1
PARAM:渗压计UPYb4-1
PARAM:渗压计UPYb9-1
FILE:2016-10-13 04:18:12,D:\AWORK\苗尾\昆明院苗尾监测资料\内观资料\PD45探洞（渗压计）\PD45探洞渗压计.xls
FILE:2016-10-13 04:18:12,D:\AWORK\苗尾\昆明院苗尾监测资料\内观资料\厂后\厂后区渗压计.xls
FILE:2016-10-13 04:18:12,D:\AWORK\苗尾\昆明院苗尾监测资料\内观资料\右坝头\右坝头渗压计.xls
FILE:2016-10-13 04:18:13,D:\AWORK\苗尾\昆明院苗尾监测资料\内观资料\大坝\大坝基础（渗压计）\大坝基础渗压计.xls
FILE:2016-10-13 04:18:13,D:\AWORK\苗尾\昆明院苗尾监测资料\内观资料\大坝\大坝心墙\渗压计.xls
FILE:2016-10-13 04:18:13,D:\AWORK\苗尾\昆明院苗尾监测资料\内观资料\溢洪道\溢洪道泄槽段右侧边坡\溢洪道泄槽段右侧边坡渗压计.xls
FILE:2016-10-13 04:18:13,D:\AWORK\苗尾\昆明院苗尾监测资料\内观资料\溢洪道\溢洪道泄槽段左侧边坡\溢洪道泄槽段左侧边坡渗压计.xls
FILE:2016-10-13 04:18:13,D:\AWORK\苗尾\昆明院苗尾监测资料\内观资料\溢洪道\溢洪道泄槽段底板\溢洪道泄槽段底板渗压计.xls
FILE:2016-10-13 04:18:13,D:\AWORK\苗尾\昆明院苗尾监测资料\内观资料\溢洪道\溢洪道进水渠边坡\溢洪道进水渠边坡渗压计.xls
PARAM:PPD45-1-1
PARAM:PPD45-1-2
PARAM:PPD45-2-1
PARAM:PPD45-2-2
PARAM:PPD45-3-1
PARAM:PPD45-3-2
PARAM:UPChb2-1
PARAM:UPChb4-1
PARAM:UPChb5-1
PARAM:UPChb5-2
PARAM:渗压计UPYtb-1
PARAM:渗压计UPYtb-2
PARAM:PBJ-F119,144+012
PARAM:PBJ-F107,166-012
PARAM:PBJ-F144,120-030
PARAM:渗压计UPYb3-1
PARAM:渗压计UPYb4-1
PARAM:渗压计UPYb9-1
FILE:2016-10-13 04:18:27,D:\AWORK\苗尾\昆明院苗尾监测资料\内观资料\PD45探洞（渗压计）\PD45探洞渗压计.xls
FILE:2016-10-13 04:18:27,D:\AWORK\苗尾\昆明院苗尾监测资料\内观资料\厂后\厂后区渗压计.xls
FILE:2016-10-13 04:18:27,D:\AWORK\苗尾\昆明院苗尾监测资料\内观资料\右坝头\右坝头渗压计.xls
FILE:2016-10-13 04:18:28,D:\AWORK\苗尾\昆明院苗尾监测资料\内观资料\大坝\大坝基础（渗压计）\大坝基础渗压计.xls
FILE:2016-10-13 04:18:28,D:\AWORK\苗尾\昆明院苗尾监测资料\内观资料\大坝\大坝心墙\渗压计.xls
FILE:2016-10-13 04:18:28,D:\AWORK\苗尾\昆明院苗尾监测资料\内观资料\溢洪道\溢洪道泄槽段右侧边坡\溢洪道泄槽段右侧边坡渗压计.xls
FILE:2016-10-13 04:18:29,D:\AWORK\苗尾\昆明院苗尾监测资料\内观资料\溢洪道\溢洪道泄槽段左侧边坡\溢洪道泄槽段左侧边坡渗压计.xls
FILE:2016-10-13 04:18:29,D:\AWORK\苗尾\昆明院苗尾监测资料\内观资料\溢洪道\溢洪道泄槽段底板\溢洪道泄槽段底板渗压计.xls
FILE:2016-10-13 04:18:29,D:\AWORK\苗尾\昆明院苗尾监测资料\内观资料\溢洪道\溢洪道进水渠边坡\溢洪道进水渠边坡渗压计.xls
PARAM:PPD45-1-1
PARAM:PPD45-1-2
PARAM:PPD45-2-1
PARAM:PPD45-2-2
PARAM:PPD45-3-1
PARAM:PPD45-3-2
PARAM:UPChb2-1
PARAM:UPChb4-1
PARAM:UPChb5-1
PARAM:UPChb5-2
PARAM:渗压计UPYtb-1
PARAM:渗压计UPYtb-2
PARAM:PBJ-F119,144+012
PARAM:PBJ-F107,166-012
PARAM:PBJ-F144,120-030
PARAM:渗压计UPYb3-1
PARAM:渗压计UPYb4-1
PARAM:渗压计UPYb9-1
FILE:2016-10-13 04:21:41,D:\AWORK\苗尾\昆明院苗尾监测资料\内观资料\PD45探洞（渗压计）\PD45探洞渗压计.xls
FILE:2016-10-13 04:21:41,D:\AWORK\苗尾\昆明院苗尾监测资料\内观资料\厂后\厂后区渗压计.xls
FILE:2016-10-13 04:21:41,D:\AWORK\苗尾\昆明院苗尾监测资料\内观资料\右坝头\右坝头渗压计.xls
FILE:2016-10-13 04:21:41,D:\AWORK\苗尾\昆明院苗尾监测资料\内观资料\大坝\大坝基础（渗压计）\大坝基础渗压计.xls
FILE:2016-10-13 04:21:42,D:\AWORK\苗尾\昆明院苗尾监测资料\内观资料\大坝\大坝心墙\渗压计.xls
FILE:2016-10-13 04:21:42,D:\AWORK\苗尾\昆明院苗尾监测资料\内观资料\溢洪道\溢洪道泄槽段右侧边坡\溢洪道泄槽段右侧边坡渗压计.xls
FILE:2016-10-13 04:21:42,D:\AWORK\苗尾\昆明院苗尾监测资料\内观资料\溢洪道\溢洪道泄槽段左侧边坡\溢洪道泄槽段左侧边坡渗压计.xls
FILE:2016-10-13 04:21:42,D:\AWORK\苗尾\昆明院苗尾监测资料\内观资料\溢洪道\溢洪道泄槽段底板\溢洪道泄槽段底板渗压计.xls
FILE:2016-10-13 04:21:42,D:\AWORK\苗尾\昆明院苗尾监测资料\内观资料\溢洪道\溢洪道进水渠边坡\溢洪道进水渠边坡渗压计.xls
PARAM:PPD45-1-1
PARAM:PPD45-1-2
PARAM:PPD45-2-1
PARAM:PPD45-2-2
PARAM:PPD45-3-1
PARAM:PPD45-3-2
PARAM:UPChb2-1
PARAM:UPChb4-1
PARAM:UPChb5-1
PARAM:UPChb5-2
PARAM:渗压计UPYtb-1
PARAM:渗压计UPYtb-2
PARAM:PBJ-F119,144+012
PARAM:PBJ-F107,166-012
PARAM:PBJ-F144,120-030
PARAM:渗压计UPYb3-1
PARAM:渗压计UPYb4-1
PARAM:渗压计UPYb9-1
FILE:2016-10-13 04:29:47,D:\AWORK\苗尾\昆明院苗尾监测资料\内观资料\PD45探洞（渗压计）\PD45探洞渗压计.xls
FILE:2016-10-13 04:29:47,D:\AWORK\苗尾\昆明院苗尾监测资料\内观资料\厂后\厂后区渗压计.xls
FILE:2016-10-13 04:29:47,D:\AWORK\苗尾\昆明院苗尾监测资料\内观资料\右坝头\右坝头渗压计.xls
FILE:2016-10-13 04:29:47,D:\AWORK\苗尾\昆明院苗尾监测资料\内观资料\大坝\大坝基础（渗压计）\大坝基础渗压计.xls
FILE:2016-10-13 04:29:48,D:\AWORK\苗尾\昆明院苗尾监测资料\内观资料\大坝\大坝心墙\渗压计.xls
FILE:2016-10-13 04:29:48,D:\AWORK\苗尾\昆明院苗尾监测资料\内观资料\溢洪道\溢洪道泄槽段右侧边坡\溢洪道泄槽段右侧边坡渗压计.xls
FILE:2016-10-13 04:29:48,D:\AWORK\苗尾\昆明院苗尾监测资料\内观资料\溢洪道\溢洪道泄槽段左侧边坡\溢洪道泄槽段左侧边坡渗压计.xls
FILE:2016-10-13 04:29:48,D:\AWORK\苗尾\昆明院苗尾监测资料\内观资料\溢洪道\溢洪道泄槽段底板\溢洪道泄槽段底板渗压计.xls
FILE:2016-10-13 04:29:48,D:\AWORK\苗尾\昆明院苗尾监测资料\内观资料\溢洪道\溢洪道进水渠边坡\溢洪道进水渠边坡渗压计.xls
PARAM:PPD45-1-1
PARAM:PPD45-1-2
PARAM:PPD45-2-1
PARAM:PPD45-2-2
PARAM:PPD45-3-1
PARAM:PPD45-3-2
PARAM:UPChb2-1
PARAM:UPChb4-1
PARAM:UPChb5-1
PARAM:UPChb5-2
PARAM:渗压计UPYtb-1
PARAM:渗压计UPYtb-2
PARAM:PBJ-F119,144+012
PARAM:PBJ-F107,166-012
PARAM:PBJ-F144,120-030
PARAM:渗压计UPYb3-1
PARAM:渗压计UPYb4-1
PARAM:渗压计UPYb9-1
FILE:2016-10-13 04:30:26,D:\AWORK\苗尾\昆明院苗尾监测资料\内观资料\PD45探洞（渗压计）\PD45探洞渗压计.xls
FILE:2016-10-13 04:30:26,D:\AWORK\苗尾\昆明院苗尾监测资料\内观资料\厂后\厂后区渗压计.xls
FILE:2016-10-13 04:30:26,D:\AWORK\苗尾\昆明院苗尾监测资料\内观资料\右坝头\右坝头渗压计.xls
FILE:2016-10-13 04:30:26,D:\AWORK\苗尾\昆明院苗尾监测资料\内观资料\大坝\大坝基础（渗压计）\大坝基础渗压计.xls
FILE:2016-10-13 04:30:27,D:\AWORK\苗尾\昆明院苗尾监测资料\内观资料\大坝\大坝心墙\渗压计.xls
FILE:2016-10-13 04:30:27,D:\AWORK\苗尾\昆明院苗尾监测资料\内观资料\溢洪道\溢洪道泄槽段右侧边坡\溢洪道泄槽段右侧边坡渗压计.xls
FILE:2016-10-13 04:30:27,D:\AWORK\苗尾\昆明院苗尾监测资料\内观资料\溢洪道\溢洪道泄槽段左侧边坡\溢洪道泄槽段左侧边坡渗压计.xls
FILE:2016-10-13 04:30:27,D:\AWORK\苗尾\昆明院苗尾监测资料\内观资料\溢洪道\溢洪道泄槽段底板\溢洪道泄槽段底板渗压计.xls
FILE:2016-10-13 04:30:27,D:\AWORK\苗尾\昆明院苗尾监测资料\内观资料\溢洪道\溢洪道进水渠边坡\溢洪道进水渠边坡渗压计.xls
PARAM:PPD45-1-1
PARAM:PPD45-1-2
PARAM:PPD45-2-1
PARAM:PPD45-2-2
PARAM:PPD45-3-1
PARAM:PPD45-3-2
PARAM:UPChb2-1
PARAM:UPChb4-1
PARAM:UPChb5-1
PARAM:UPChb5-2
PARAM:渗压计UPYtb-1
PARAM:渗压计UPYtb-2
PARAM:PBJ-F119,144+012
PARAM:PBJ-F107,166-012
PARAM:PBJ-F144,120-030
PARAM:渗压计UPYb3-1
PARAM:渗压计UPYb4-1
PARAM:渗压计UPYb9-1
FILE:2016-10-13 05:21:11,D:\AWORK\苗尾\昆明院苗尾监测资料\内观资料\PD45探洞（渗压计）\PD45探洞渗压计.xls
FILE:2016-10-13 05:21:11,D:\AWORK\苗尾\昆明院苗尾监测资料\内观资料\厂后\厂后区渗压计.xls
FILE:2016-10-13 05:21:11,D:\AWORK\苗尾\昆明院苗尾监测资料\内观资料\右坝头\右坝头渗压计.xls
FILE:2016-10-13 05:21:11,D:\AWORK\苗尾\昆明院苗尾监测资料\内观资料\大坝\大坝基础（渗压计）\大坝基础渗压计.xls
FILE:2016-10-13 05:21:12,D:\AWORK\苗尾\昆明院苗尾监测资料\内观资料\大坝\大坝心墙\渗压计.xls
FILE:2016-10-13 05:21:12,D:\AWORK\苗尾\昆明院苗尾监测资料\内观资料\溢洪道\溢洪道泄槽段右侧边坡\溢洪道泄槽段右侧边坡渗压计.xls
FILE:2016-10-13 05:21:12,D:\AWORK\苗尾\昆明院苗尾监测资料\内观资料\溢洪道\溢洪道泄槽段左侧边坡\溢洪道泄槽段左侧边坡渗压计.xls
FILE:2016-10-13 05:21:12,D:\AWORK\苗尾\昆明院苗尾监测资料\内观资料\溢洪道\溢洪道泄槽段底板\溢洪道泄槽段底板渗压计.xls
FILE:2016-10-13 05:21:12,D:\AWORK\苗尾\昆明院苗尾监测资料\内观资料\溢洪道\溢洪道进水渠边坡\溢洪道进水渠边坡渗压计.xls
PARAM:PPD45-1-1
PARAM:PPD45-1-2
PARAM:PPD45-2-1
PARAM:PPD45-2-2
PARAM:PPD45-3-1
PARAM:PPD45-3-2
PARAM:UPChb2-1
PARAM:UPChb4-1
PARAM:UPChb5-1
PARAM:UPChb5-2
PARAM:渗压计UPYtb-1
PARAM:渗压计UPYtb-2
PARAM:PBJ-F119,144+012
PARAM:PBJ-F107,166-012
PARAM:PBJ-F144,120-030
PARAM:渗压计UPYb3-1
PARAM:渗压计UPYb4-1
PARAM:渗压计UPYb9-1
FILE:2016-10-13 05:24:17,D:\AWORK\苗尾\昆明院苗尾监测资料\内观资料\PD45探洞（渗压计）\PD45探洞渗压计.xls
FILE:2016-10-13 05:24:17,D:\AWORK\苗尾\昆明院苗尾监测资料\内观资料\厂后\厂后区渗压计.xls
FILE:2016-10-13 05:24:17,D:\AWORK\苗尾\昆明院苗尾监测资料\内观资料\右坝头\右坝头渗压计.xls
FILE:2016-10-13 05:24:18,D:\AWORK\苗尾\昆明院苗尾监测资料\内观资料\大坝\大坝基础（渗压计）\大坝基础渗压计.xls
FILE:2016-10-13 05:24:18,D:\AWORK\苗尾\昆明院苗尾监测资料\内观资料\大坝\大坝心墙\渗压计.xls
FILE:2016-10-13 05:24:18,D:\AWORK\苗尾\昆明院苗尾监测资料\内观资料\溢洪道\溢洪道泄槽段右侧边坡\溢洪道泄槽段右侧边坡渗压计.xls
FILE:2016-10-13 05:24:18,D:\AWORK\苗尾\昆明院苗尾监测资料\内观资料\溢洪道\溢洪道泄槽段左侧边坡\溢洪道泄槽段左侧边坡渗压计.xls
FILE:2016-10-13 05:24:18,D:\AWORK\苗尾\昆明院苗尾监测资料\内观资料\溢洪道\溢洪道泄槽段底板\溢洪道泄槽段底板渗压计.xls
FILE:2016-10-13 05:24:18,D:\AWORK\苗尾\昆明院苗尾监测资料\内观资料\溢洪道\溢洪道进水渠边坡\溢洪道进水渠边坡渗压计.xls
PARAM:PPD45-1-1
PARAM:PPD45-1-2
PARAM:PPD45-2-1
PARAM:PPD45-2-2
PARAM:PPD45-3-1
PARAM:PPD45-3-2
PARAM:UPChb2-1
PARAM:UPChb4-1
PARAM:UPChb5-1
PARAM:UPChb5-2
PARAM:渗压计UPYtb-1
PARAM:渗压计UPYtb-2
PARAM:PBJ-F119,144+012
PARAM:PBJ-F107,166-012
PARAM:PBJ-F144,120-030
PARAM:渗压计UPYb3-1
PARAM:渗压计UPYb4-1
PARAM:渗压计UPYb9-1
FILE:2016-10-13 05:25:16,D:\AWORK\苗尾\昆明院苗尾监测资料\内观资料\PD45探洞（渗压计）\PD45探洞渗压计.xls
FILE:2016-10-13 05:25:16,D:\AWORK\苗尾\昆明院苗尾监测资料\内观资料\厂后\厂后区渗压计.xls
FILE:2016-10-13 05:25:16,D:\AWORK\苗尾\昆明院苗尾监测资料\内观资料\右坝头\右坝头渗压计.xls
FILE:2016-10-13 05:25:17,D:\AWORK\苗尾\昆明院苗尾监测资料\内观资料\大坝\大坝基础（渗压计）\大坝基础渗压计.xls
FILE:2016-10-13 05:25:17,D:\AWORK\苗尾\昆明院苗尾监测资料\内观资料\大坝\大坝心墙\渗压计.xls
FILE:2016-10-13 05:25:17,D:\AWORK\苗尾\昆明院苗尾监测资料\内观资料\溢洪道\溢洪道泄槽段右侧边坡\溢洪道泄槽段右侧边坡渗压计.xls
FILE:2016-10-13 05:25:17,D:\AWORK\苗尾\昆明院苗尾监测资料\内观资料\溢洪道\溢洪道泄槽段左侧边坡\溢洪道泄槽段左侧边坡渗压计.xls
FILE:2016-10-13 05:25:17,D:\AWORK\苗尾\昆明院苗尾监测资料\内观资料\溢洪道\溢洪道泄槽段底板\溢洪道泄槽段底板渗压计.xls
FILE:2016-10-13 05:25:17,D:\AWORK\苗尾\昆明院苗尾监测资料\内观资料\溢洪道\溢洪道进水渠边坡\溢洪道进水渠边坡渗压计.xls
PARAM:PPD45-1-1
PARAM:PPD45-1-2
PARAM:PPD45-2-1
PARAM:PPD45-2-2
PARAM:PPD45-3-1
PARAM:PPD45-3-2
PARAM:UPChb2-1
PARAM:UPChb4-1
PARAM:UPChb5-1
PARAM:UPChb5-2
PARAM:渗压计UPYtb-1
PARAM:渗压计UPYtb-2
PARAM:PBJ-F119,144+012
PARAM:PBJ-F107,166-012
PARAM:PBJ-F144,120-030
PARAM:渗压计UPYb3-1
PARAM:渗压计UPYb4-1
PARAM:渗压计UPYb9-1
