FILE:2016-12-13 08:51:38,D:\AWORK\向家坝\向家坝11月数据\2016年11月月报及数据\2016年11月月报及数据\2标段内观\左岸高边坡\左岸边坡-铟钢丝位移计.xlsx
FILE:2016-12-13 08:51:38,D:\AWORK\向家坝\向家坝11月数据\长科院11月数据\11月数据\基岩变位计、回弹仪\基岩变位计（一期）.xlsx
DATA:M11-1,66,数据误差超限
DATA:M11-1,67,数据误差超限
DATA:M11-1,68,数据误差超限
DATA:M11-1,69,数据误差超限
FILE:2016-12-13 08:51:38,D:\AWORK\向家坝\向家坝11月数据\长科院11月数据\11月数据\基岩变位计、回弹仪\基岩变位计（二期）.xlsx
FILE:2016-12-13 09:24:29,D:\AWORK\向家坝\向家坝11月数据\2016年11月月报及数据\2016年11月月报及数据\2标段内观\左岸高边坡\左岸边坡-铟钢丝位移计.xlsx
FILE:2016-12-13 09:24:29,D:\AWORK\向家坝\向家坝11月数据\长科院11月数据\11月数据\基岩变位计、回弹仪\基岩变位计（一期）.xlsx
DATA:M11-1,66,数据误差超限
DATA:M11-1,67,数据误差超限
DATA:M11-1,68,数据误差超限
DATA:M11-1,69,数据误差超限
FILE:2016-12-13 09:24:29,D:\AWORK\向家坝\向家坝11月数据\长科院11月数据\11月数据\基岩变位计、回弹仪\基岩变位计（二期）.xlsx
FILE:2016-12-13 09:24:46,D:\AWORK\向家坝\向家坝11月数据\2016年11月月报及数据\2016年11月月报及数据\2标段内观\地下洞室\右岸地下主厂房\主厂房-岩锚梁混凝土单向应变计与无应力计.xlsx
FILE:2016-12-13 09:24:46,D:\AWORK\向家坝\向家坝11月数据\2016年11月月报及数据\2016年11月月报及数据\2标段内观\地下洞室\右岸地下厂房尾水主洞(ab-678)\尾水主洞-单向应变计与无应力计.xlsx
FILE:2016-12-13 09:24:46,D:\AWORK\向家坝\向家坝11月数据\2016年11月月报及数据\2016年11月月报及数据\2标段内观\地下洞室\右岸地下厂房尾水扩散段(w)\尾水扩散段-单向应变计与无应力计.xlsx
FILE:2016-12-13 09:24:46,D:\AWORK\向家坝\向家坝11月数据\2016年11月月报及数据\2016年11月月报及数据\2标段内观\地下洞室\右岸地下厂房尾水支洞(ab-5)\尾水支洞-单向应变计与无应力计.xlsx
FILE:2016-12-13 09:24:46,D:\AWORK\向家坝\向家坝11月数据\2016年11月月报及数据\2016年11月月报及数据\2标段内观\地下洞室\右岸地下厂房引水洞(ab-1234)\引水洞-单向应变计与无应力计.xlsx
FILE:2016-12-13 09:24:46,D:\AWORK\向家坝\向家坝11月数据\2016年11月月报及数据\2016年11月月报及数据\2标段内观\地下洞室\右岸进厂交通洞\右岸交通洞-单向应变计与无应力计.xlsx
FILE:2016-12-13 09:24:46,D:\AWORK\向家坝\向家坝11月数据\2016年11月月报及数据\2016年11月月报及数据\2标段内观\左岸高边坡\左岸边坡-单向应变计与无应力计.xlsx
FILE:2016-12-13 09:26:33,D:\AWORK\向家坝\向家坝11月数据\2016年11月月报及数据\2016年11月月报及数据\2标段内观\地下洞室\右岸地下主厂房\主厂房-岩锚梁混凝土单向应变计与无应力计.xlsx
FILE:2016-12-13 09:26:33,D:\AWORK\向家坝\向家坝11月数据\2016年11月月报及数据\2016年11月月报及数据\2标段内观\地下洞室\右岸地下厂房尾水主洞(ab-678)\尾水主洞-单向应变计与无应力计.xlsx
FILE:2016-12-13 09:26:33,D:\AWORK\向家坝\向家坝11月数据\2016年11月月报及数据\2016年11月月报及数据\2标段内观\地下洞室\右岸地下厂房尾水扩散段(w)\尾水扩散段-单向应变计与无应力计.xlsx
FILE:2016-12-13 09:26:33,D:\AWORK\向家坝\向家坝11月数据\2016年11月月报及数据\2016年11月月报及数据\2标段内观\地下洞室\右岸地下厂房尾水支洞(ab-5)\尾水支洞-单向应变计与无应力计.xlsx
FILE:2016-12-13 09:26:33,D:\AWORK\向家坝\向家坝11月数据\2016年11月月报及数据\2016年11月月报及数据\2标段内观\地下洞室\右岸地下厂房引水洞(ab-1234)\引水洞-单向应变计与无应力计.xlsx
FILE:2016-12-13 09:26:33,D:\AWORK\向家坝\向家坝11月数据\2016年11月月报及数据\2016年11月月报及数据\2标段内观\地下洞室\右岸进厂交通洞\右岸交通洞-单向应变计与无应力计.xlsx
FILE:2016-12-13 09:26:33,D:\AWORK\向家坝\向家坝11月数据\2016年11月月报及数据\2016年11月月报及数据\2标段内观\左岸高边坡\左岸边坡-单向应变计与无应力计.xlsx
FILE:2016-12-13 09:27:55,D:\AWORK\向家坝\向家坝11月数据\2016年11月月报及数据\2016年11月月报及数据\2标段内观\地下洞室\右岸地下主厂房\主厂房-岩锚梁混凝土单向应变计与无应力计.xlsx
FILE:2016-12-13 09:27:55,D:\AWORK\向家坝\向家坝11月数据\2016年11月月报及数据\2016年11月月报及数据\2标段内观\地下洞室\右岸地下厂房尾水主洞(ab-678)\尾水主洞-单向应变计与无应力计.xlsx
FILE:2016-12-13 09:27:55,D:\AWORK\向家坝\向家坝11月数据\2016年11月月报及数据\2016年11月月报及数据\2标段内观\地下洞室\右岸地下厂房尾水扩散段(w)\尾水扩散段-单向应变计与无应力计.xlsx
FILE:2016-12-13 09:27:55,D:\AWORK\向家坝\向家坝11月数据\2016年11月月报及数据\2016年11月月报及数据\2标段内观\地下洞室\右岸地下厂房尾水支洞(ab-5)\尾水支洞-单向应变计与无应力计.xlsx
FILE:2016-12-13 09:27:55,D:\AWORK\向家坝\向家坝11月数据\2016年11月月报及数据\2016年11月月报及数据\2标段内观\地下洞室\右岸地下厂房引水洞(ab-1234)\引水洞-单向应变计与无应力计.xlsx
FILE:2016-12-13 09:27:55,D:\AWORK\向家坝\向家坝11月数据\2016年11月月报及数据\2016年11月月报及数据\2标段内观\地下洞室\右岸进厂交通洞\右岸交通洞-单向应变计与无应力计.xlsx
FILE:2016-12-13 09:27:55,D:\AWORK\向家坝\向家坝11月数据\2016年11月月报及数据\2016年11月月报及数据\2标段内观\左岸高边坡\左岸边坡-单向应变计与无应力计.xlsx
PARAM:Sb-1dc,找不到对应的无应力计数据
PARAM:Sa6-1dc,找不到对应的无应力计数据
PARAM:Sa7-1dc,找不到对应的无应力计数据
PARAM:Sb6-1dc,找不到对应的无应力计数据
PARAM:Sb8-1dc,找不到对应的无应力计数据
FILE:2016-12-13 09:30:24,D:\AWORK\向家坝\向家坝11月数据\2016年11月月报及数据\2016年11月月报及数据\2标段内观\地下洞室\右岸地下主厂房\主厂房-岩锚梁混凝土单向应变计与无应力计.xlsx
FILE:2016-12-13 09:30:24,D:\AWORK\向家坝\向家坝11月数据\2016年11月月报及数据\2016年11月月报及数据\2标段内观\地下洞室\右岸地下厂房尾水主洞(ab-678)\尾水主洞-单向应变计与无应力计.xlsx
FILE:2016-12-13 09:30:24,D:\AWORK\向家坝\向家坝11月数据\2016年11月月报及数据\2016年11月月报及数据\2标段内观\地下洞室\右岸地下厂房尾水扩散段(w)\尾水扩散段-单向应变计与无应力计.xlsx
FILE:2016-12-13 09:30:24,D:\AWORK\向家坝\向家坝11月数据\2016年11月月报及数据\2016年11月月报及数据\2标段内观\地下洞室\右岸地下厂房尾水支洞(ab-5)\尾水支洞-单向应变计与无应力计.xlsx
FILE:2016-12-13 09:30:24,D:\AWORK\向家坝\向家坝11月数据\2016年11月月报及数据\2016年11月月报及数据\2标段内观\地下洞室\右岸地下厂房引水洞(ab-1234)\引水洞-单向应变计与无应力计.xlsx
FILE:2016-12-13 09:30:24,D:\AWORK\向家坝\向家坝11月数据\2016年11月月报及数据\2016年11月月报及数据\2标段内观\地下洞室\右岸进厂交通洞\右岸交通洞-单向应变计与无应力计.xlsx
FILE:2016-12-13 09:30:24,D:\AWORK\向家坝\向家坝11月数据\2016年11月月报及数据\2016年11月月报及数据\2标段内观\左岸高边坡\左岸边坡-单向应变计与无应力计.xlsx
PARAM:Sb-1dc,找不到对应的无应力计数据
PARAM:Sa6-1dc,找不到对应的无应力计数据
PARAM:Sa7-1dc,找不到对应的无应力计数据
PARAM:Sb6-1dc,找不到对应的无应力计数据
PARAM:Sb8-1dc,找不到对应的无应力计数据
FILE:2016-12-13 09:36:58,D:\AWORK\向家坝\向家坝11月数据\2016年11月月报及数据\2016年11月月报及数据\2标段内观\地下洞室\右岸地下主厂房\主厂房-岩锚梁混凝土单向应变计与无应力计.xlsx
FILE:2016-12-13 09:36:58,D:\AWORK\向家坝\向家坝11月数据\2016年11月月报及数据\2016年11月月报及数据\2标段内观\地下洞室\右岸地下厂房尾水主洞(ab-678)\尾水主洞-单向应变计与无应力计.xlsx
FILE:2016-12-13 09:36:58,D:\AWORK\向家坝\向家坝11月数据\2016年11月月报及数据\2016年11月月报及数据\2标段内观\地下洞室\右岸地下厂房尾水扩散段(w)\尾水扩散段-单向应变计与无应力计.xlsx
FILE:2016-12-13 09:36:58,D:\AWORK\向家坝\向家坝11月数据\2016年11月月报及数据\2016年11月月报及数据\2标段内观\地下洞室\右岸地下厂房尾水支洞(ab-5)\尾水支洞-单向应变计与无应力计.xlsx
FILE:2016-12-13 09:36:58,D:\AWORK\向家坝\向家坝11月数据\2016年11月月报及数据\2016年11月月报及数据\2标段内观\地下洞室\右岸地下厂房引水洞(ab-1234)\引水洞-单向应变计与无应力计.xlsx
FILE:2016-12-13 09:36:58,D:\AWORK\向家坝\向家坝11月数据\2016年11月月报及数据\2016年11月月报及数据\2标段内观\地下洞室\右岸进厂交通洞\右岸交通洞-单向应变计与无应力计.xlsx
FILE:2016-12-13 09:36:58,D:\AWORK\向家坝\向家坝11月数据\2016年11月月报及数据\2016年11月月报及数据\2标段内观\左岸高边坡\左岸边坡-单向应变计与无应力计.xlsx
PARAM:Sb-1dc,找不到对应的无应力计数据
PARAM:Sa6-1dc,找不到对应的无应力计数据
PARAM:Sa7-1dc,找不到对应的无应力计数据
PARAM:Sb6-1dc,找不到对应的无应力计数据
PARAM:Sb8-1dc,找不到对应的无应力计数据
