FILE:2017-03-03 09:57:04,D:\AWORK\苗尾\苗尾监测数据2-28\内观资料283期\大坝\大坝心墙\位移计.xls
简报
曲线图 (蓄水后)
周报
专题报告
月报
巡视检查统计表
年报
曲线图
大坝填筑高程
FILE:2017-03-03 09:57:04,D:\AWORK\苗尾\苗尾监测数据2-28\内观资料283期\大坝\大坝心墙\界面位移计.xls
简报
曲线图 (蓄水后)
周报
专题报告
月报
巡视检查统计表
年报
曲线图
大坝心墙填筑高程
FILE:2017-03-03 09:57:04,D:\AWORK\苗尾\苗尾监测数据2-28\内观资料283期\大坝右岸坝前边坡\杆式位移计.xls
M4PD8
M4PD22
简报
专题报告
周报
绝对位移变形过程线
月报
FILE:2017-03-03 09:57:04,D:\AWORK\苗尾\苗尾监测数据2-28\内观资料283期\自动化内观数据\新建文件夹\MWXC09-ML心墙位移计周报资料.xls
月报统计表
周报统计表
FILE:2017-03-03 09:57:04,D:\AWORK\苗尾\苗尾监测数据2-28\葛洲坝\排水廊道，灌浆廊道\三点式杆式位移计.xls
M3JT-L2
周报
