FILE:2016-11-21 08:47:46,D:\AWORK\苗尾\苗尾监测数据\昆明院监测\大坝\大坝垫层\两向应变计.xls
FILE:2016-11-21 08:47:46,D:\AWORK\苗尾\苗尾监测数据\昆明院监测\大坝\大坝垫层\五向应变计.xls
FILE:2016-11-21 08:47:46,D:\AWORK\苗尾\苗尾监测数据\昆明院监测\导流隧洞观测数据第265期\导流洞\导流洞两向应变计组.xls
DATA:S2dsz1-110-1,68,部分数据误差超限
DATA:S2dsz1-110-1,79,部分数据误差超限
DATA:S2dsz1-110-1,81,部分数据误差超限
DATA:S2dsz1-110-1,84,部分数据误差超限
DATA:S2dsz1-110-1,85,部分数据误差超限
DATA:S2dsz1-110-1,109,部分数据误差超限
DATA:S2dsz1-110-1,116,部分数据误差超限
DATA:S2dsz1-110-1,122,部分数据误差超限
DATA:S2dsz1-110-1,123,部分数据误差超限
DATA:S2dsz1-110-1,127,部分数据误差超限
DATA:S2dsz1-110-1,128,部分数据误差超限
DATA:S2dsz1-110-1,130,部分数据误差超限
DATA:S2dsz1-110-1,132,部分数据误差超限
DATA:S2dsz1-110-2,167,部分数据误差超限
DATA:S2dsz1-110-2,168,部分数据误差超限
DATA:S2dsz1-110-2,196,部分数据误差超限
DATA:S2dsz1-110-3,17,部分数据误差超限
DATA:S2dsz1-110-3,21,部分数据误差超限
DATA:S2dsz1-110-3,26,部分数据误差超限
DATA:S2dsz1-110-3,27,部分数据误差超限
DATA:S2dsz1-110-3,28,部分数据误差超限
DATA:S2dsz1-110-3,29,部分数据误差超限
DATA:S2dsz1-110-3,38,部分数据误差超限
DATA:S2dsz1-110-3,40,部分数据误差超限
DATA:S2dsz1-110-3,50,部分数据误差超限
DATA:S2dsz1-110-3,53,部分数据误差超限
DATA:S2dsz1-110-3,64,部分数据误差超限
DATA:S2dsz1-110-3,69,部分数据误差超限
DATA:S2dsz1-110-3,70,部分数据误差超限
DATA:S2dsz1-110-3,74,部分数据误差超限
DATA:S2dsz1-110-3,75,部分数据误差超限
DATA:S2dsz1-110-3,77,部分数据误差超限
DATA:S2dsz1-110-3,78,部分数据误差超限
DATA:S2dsz1-110-3,81,部分数据误差超限
DATA:S2dsz1-110-3,84,部分数据误差超限
DATA:S2dsz1-110-3,85,部分数据误差超限
DATA:S2dsz1-110-3,87,部分数据误差超限
DATA:S2dsz1-110-3,97,部分数据误差超限
DATA:S2dsz1-110-3,100,部分数据误差超限
DATA:S2dsz1-110-3,103,部分数据误差超限
DATA:S2dsz1-110-3,111,部分数据误差超限
DATA:S2dsz1-110-3,112,部分数据误差超限
DATA:S2dsz1-110-3,113,部分数据误差超限
DATA:S2dsz1-110-3,114,部分数据误差超限
DATA:S2dsz1-110-3,119,部分数据误差超限
DATA:S2dsz1-110-3,121,部分数据误差超限
DATA:S2dsz1-110-3,122,部分数据误差超限
DATA:S2dsz1-110-3,126,部分数据误差超限
DATA:S2dsz1-110-3,129,部分数据误差超限
DATA:S2dsz1-110-3,132,部分数据误差超限
DATA:S2dsz1-110-3,133,部分数据误差超限
DATA:S2dsz1-110-3,140,部分数据误差超限
DATA:S2dsz1-110-3,143,部分数据误差超限
DATA:S2dsz1-110-3,144,所有数据误差超限
DATA:S2dsz1-110-3,145,部分数据误差超限
DATA:S2dsz1-110-3,151,部分数据误差超限
DATA:S2dsz1-110-3,153,部分数据误差超限
DATA:S2dsz1-110-3,158,部分数据误差超限
DATA:S2dsz1-110-3,163,部分数据误差超限
DATA:S2dsz1-110-3,164,部分数据误差超限
DATA:S2dsz1-110-3,168,部分数据误差超限
DATA:S2dsz1-110-3,175,部分数据误差超限
DATA:S2dsz1-110-3,178,部分数据误差超限
DATA:S2dsz1-110-3,179,部分数据误差超限
DATA:S2dsz1-110-3,186,部分数据误差超限
DATA:S2dsz1-110-3,187,部分数据误差超限
DATA:S2dsz1-110-3,188,部分数据误差超限
DATA:S2dsz1-110-3,192,部分数据误差超限
DATA:S2dsz1-110-3,197,部分数据误差超限
DATA:S2dsz1-110-3,205,所有数据误差超限
DATA:S2dsz1-110-3,206,所有数据误差超限
DATA:S2dsz1-110-3,207,所有数据误差超限
DATA:S2dsz1-110-3,208,所有数据误差超限
DATA:S2dsz1-110-3,209,所有数据误差超限
DATA:S2dsz1-110-3,210,所有数据误差超限
DATA:S2dsz1-110-3,211,所有数据误差超限
DATA:S2dsz1-110-3,212,所有数据误差超限
DATA:S2dsz1-110-3,213,所有数据误差超限
DATA:S2dsz1-110-3,214,所有数据误差超限
DATA:S2dsz1-110-3,215,所有数据误差超限
DATA:S2dsz1-110-3,216,所有数据误差超限
DATA:S2dsz1-110-3,217,所有数据误差超限
DATA:S2dsz1-110-3,218,所有数据误差超限
DATA:S2dsz1-110-3,219,所有数据误差超限
DATA:S2dsz1-110-3,220,所有数据误差超限
DATA:S2dsz1-110-4,27,部分数据误差超限
DATA:S2dsz1-110-4,28,部分数据误差超限
DATA:S2dsz1-110-4,86,部分数据误差超限
DATA:S2dsz1-110-4,87,部分数据误差超限
DATA:S2dsz1-110-4,120,部分数据误差超限
DATA:S2dsz1-110-4,127,部分数据误差超限
DATA:S2dsz1-110-4,173,部分数据误差超限
DATA:S2dsz1-110-4,175,部分数据误差超限
DATA:S2dsz1-110-4,212,部分数据误差超限
DATA:S2dsz1-110-5,49,部分数据误差超限
DATA:S2dsz1-110-5,50,部分数据误差超限
DATA:S2dsz1-110-5,111,部分数据误差超限
DATA:S2dsz1-110-5,128,部分数据误差超限
DATA:S2dsz1-110-5,133,部分数据误差超限
DATA:S2dsz1-110-5,142,部分数据误差超限
DATA:S2dsz1-110-5,180,部分数据误差超限
DATA:S2dsz1-110-5,183,部分数据误差超限
FILE:2016-11-21 08:47:54,D:\AWORK\苗尾\苗尾监测数据\昆明院监测\大坝\大坝垫层\两向应变计.xls
FILE:2016-11-21 08:47:54,D:\AWORK\苗尾\苗尾监测数据\昆明院监测\大坝\大坝垫层\五向应变计.xls
FILE:2016-11-21 08:47:54,D:\AWORK\苗尾\苗尾监测数据\昆明院监测\导流隧洞观测数据第265期\导流洞\导流洞两向应变计组.xls
DATA:S2dsz1-110-1,79,部分数据误差超限
DATA:S2dsz1-110-1,123,部分数据误差超限
DATA:S2dsz1-110-3,77,部分数据误差超限
DATA:S2dsz1-110-3,78,部分数据误差超限
DATA:S2dsz1-110-3,144,部分数据误差超限
DATA:S2dsz1-110-3,186,部分数据误差超限
DATA:S2dsz1-110-3,187,部分数据误差超限
DATA:S2dsz1-110-3,188,部分数据误差超限
DATA:S2dsz1-110-5,142,部分数据误差超限
FILE:2016-11-21 08:48:02,D:\AWORK\苗尾\苗尾监测数据\昆明院监测\大坝\大坝垫层\两向应变计.xls
FILE:2016-11-21 08:48:02,D:\AWORK\苗尾\苗尾监测数据\昆明院监测\大坝\大坝垫层\五向应变计.xls
FILE:2016-11-21 08:48:02,D:\AWORK\苗尾\苗尾监测数据\昆明院监测\导流隧洞观测数据第265期\导流洞\导流洞两向应变计组.xls
DATA:S2dsz1-110-3,77,部分数据误差超限
DATA:S2dsz1-110-3,78,部分数据误差超限
DATA:S2dsz1-110-5,142,部分数据误差超限
FILE:2016-11-21 09:01:48,D:\AWORK\苗尾\苗尾监测数据\昆明院监测\大坝\大坝垫层\两向应变计.xls
FILE:2016-11-21 09:01:48,D:\AWORK\苗尾\苗尾监测数据\昆明院监测\大坝\大坝垫层\五向应变计.xls
FILE:2016-11-21 09:01:48,D:\AWORK\苗尾\苗尾监测数据\昆明院监测\导流隧洞观测数据第265期\导流洞\导流洞两向应变计组.xls
DATA:S2dsz1-110-5,142,部分数据误差超限
FILE:2016-11-21 10:13:46,D:\AWORK\苗尾\苗尾监测数据\昆明院监测\大坝\大坝垫层\两向应变计.xls
FILE:2016-11-21 10:13:46,D:\AWORK\苗尾\苗尾监测数据\昆明院监测\大坝\大坝垫层\五向应变计.xls
FILE:2016-11-21 10:13:46,D:\AWORK\苗尾\苗尾监测数据\昆明院监测\导流隧洞观测数据第265期\导流洞\导流洞两向应变计组.xls
