FILE:2016-12-02 08:21:05,D:\AWORK\向家坝\向家坝数据\9月数据(2016.9)\9月数据\测缝计、裂缝计、位错计\位错计（一期+二期）.xls
FILE:2016-12-02 08:21:05,D:\AWORK\向家坝\向家坝数据\9月数据(2016.9)\9月数据\测缝计、裂缝计、位错计\11#机测缝计.xlsx
FILE:2016-12-02 08:21:05,D:\AWORK\向家坝\向家坝数据\9月数据(2016.9)\9月数据\测缝计、裂缝计、位错计\光纤测缝计（二期）.xlsx
FILE:2016-12-02 08:21:05,D:\AWORK\向家坝\向家坝数据\9月数据(2016.9)\9月数据\测缝计、裂缝计、位错计\导流底孔测缝计.xlsx
FILE:2016-12-02 08:21:05,D:\AWORK\向家坝\向家坝数据\9月数据(2016.9)\9月数据\测缝计、裂缝计、位错计\测缝计（一期）.xlsx
DATA:JC-7,390,观测日期有误
DATA:JD-1,202,数据误差超限
DATA:JD-1,203,数据误差超限
DATA:JD-1,204,数据误差超限
DATA:JD-1,205,数据误差超限
DATA:JD-1,206,数据误差超限
DATA:JD-1,207,数据误差超限
DATA:JD-1,210,数据误差超限
DATA:JD-1,211,数据误差超限
FILE:2016-12-02 08:21:05,D:\AWORK\向家坝\向家坝数据\9月数据(2016.9)\9月数据\测缝计、裂缝计、位错计\测缝计（二期）.xlsx
DATA:KG-11,239,测值异常
DATA:KG-11,240,测值异常
DATA:KG-11,241,测值异常
DATA:KG-11,242,测值异常
DATA:KG-11,243,测值异常
DATA:KG-11,244,测值异常
DATA:KG-11,245,测值异常
DATA:KG-11,246,测值异常
DATA:KG-11,247,测值异常
DATA:KG-11,250,测值异常
DATA:KG-11,252,数据误差超限
DATA:KG-11,253,数据误差超限
DATA:KG-11,254,数据误差超限
DATA:KG-11,255,数据误差超限
DATA:KG-11,256,数据误差超限
DATA:KG-11,262,数据误差超限
DATA:KG-11,263,数据误差超限
DATA:KG-11,264,数据误差超限
DATA:KG-11,265,数据误差超限
DATA:KG-11,266,数据误差超限
DATA:KG-11,267,数据误差超限
DATA:KG-11,268,数据误差超限
DATA:KG-11,269,数据误差超限
DATA:KG-11,270,数据误差超限
DATA:KG-11,271,数据误差超限
DATA:KG-11,272,数据误差超限
DATA:KG-11,273,数据误差超限
DATA:KG-11,274,数据误差超限
DATA:KG-11,275,数据误差超限
DATA:KG-11,276,数据误差超限
DATA:KG-11,277,数据误差超限
DATA:KG-11,278,数据误差超限
DATA:KG-11,279,数据误差超限
DATA:KG-11,280,数据误差超限
DATA:KG-11,281,数据误差超限
DATA:KG-11,282,数据误差超限
DATA:KG-11,283,数据误差超限
DATA:KG-11,284,数据误差超限
DATA:KG-11,285,数据误差超限
DATA:KG-11,286,数据误差超限
DATA:KG-11,287,数据误差超限
DATA:KG-11,288,数据误差超限
DATA:KG-11,289,数据误差超限
DATA:KG-11,290,数据误差超限
DATA:KG-11,291,数据误差超限
DATA:KG-11,292,数据误差超限
DATA:KG-11,293,数据误差超限
DATA:KG-11,294,数据误差超限
DATA:KG-11,295,数据误差超限
DATA:KG-11,296,数据误差超限
DATA:KG-11,297,数据误差超限
DATA:KG-11,298,数据误差超限
DATA:KG-11,299,数据误差超限
DATA:KG-11,300,数据误差超限
DATA:KG-11,301,数据误差超限
DATA:KG-11,302,数据误差超限
DATA:KG-11,303,数据误差超限
DATA:KG-11,304,数据误差超限
DATA:KG-11,308,数据误差超限
DATA:KG-11,309,数据误差超限
DATA:KG-11,310,数据误差超限
DATA:KG-11,311,数据误差超限
DATA:KG-11,312,数据误差超限
DATA:J-H-3,611,测值异常
DATA:J-H-3,620,Cannot get a numeric value from a text cell
DATA:J-H-3,621,Cannot get a numeric value from a text cell
DATA:J-H-3,622,Cannot get a numeric value from a text cell
DATA:J-H-3,623,Cannot get a numeric value from a text cell
DATA:J-H-3,624,Cannot get a numeric value from a text cell
DATA:J-H-3,631,测值异常
FILE:2016-12-02 08:21:05,D:\AWORK\向家坝\向家坝数据\9月数据(2016.9)\9月数据\测缝计、裂缝计、位错计\裂缝计（一期）.xlsx
DATA:LF1-1,297,数据误差超限
DATA:LF1-1,298,数据误差超限
DATA:LF1-1,299,数据误差超限
FILE:2016-12-02 08:21:05,D:\AWORK\向家坝\向家坝数据\干渠9月工程数据库\南干渠监测数据\测缝计.xlsx
FILE:2016-12-02 08:21:05,D:\AWORK\向家坝\向家坝数据\空间公司上报的2016年9月月报及数据\2标段内观\地下洞室\右岸地下主厂房\主厂房-岩锚梁测缝计.xlsx
FILE:2016-12-02 08:21:05,D:\AWORK\向家坝\向家坝数据\空间公司上报的2016年9月月报及数据\2标段内观\地下洞室\右岸地下主厂房\主厂房-岩锚梁混凝土测缝计.xlsx
FILE:2016-12-02 08:21:05,D:\AWORK\向家坝\向家坝数据\空间公司上报的2016年9月月报及数据\2标段内观\地下洞室\右岸地下主厂房\主厂房-岩锚梁混凝土裂缝计.xlsx
FILE:2016-12-02 08:21:05,D:\AWORK\向家坝\向家坝数据\空间公司上报的2016年9月月报及数据\2标段内观\地下洞室\右岸地下厂房243高程以下(j)\243高程以下-测缝计.xlsx
FILE:2016-12-02 08:21:05,D:\AWORK\向家坝\向家坝数据\空间公司上报的2016年9月月报及数据\2标段内观\地下洞室\右岸地下厂房尾水主洞(ab-678)\尾水主洞-测缝计.xlsx
FILE:2016-12-02 08:21:05,D:\AWORK\向家坝\向家坝数据\空间公司上报的2016年9月月报及数据\2标段内观\地下洞室\右岸地下厂房尾水扩散段(w)\尾水扩散段-测缝计.xlsx
FILE:2016-12-02 08:21:05,D:\AWORK\向家坝\向家坝数据\空间公司上报的2016年9月月报及数据\2标段内观\地下洞室\右岸地下厂房尾水支洞(ab-5)\尾水支洞-测缝计.xlsx
FILE:2016-12-02 08:21:05,D:\AWORK\向家坝\向家坝数据\空间公司上报的2016年9月月报及数据\2标段内观\地下洞室\右岸地下厂房引水洞(ab-1234)\引水洞-测缝计.xlsx
FILE:2016-12-02 08:21:05,D:\AWORK\向家坝\向家坝数据\空间公司上报的2016年9月月报及数据\2标段内观\地下洞室\右岸地下厂房水轮机蜗壳(o)\蜗壳-测缝计.xlsx
FILE:2016-12-02 08:21:05,D:\AWORK\向家坝\向家坝数据\空间公司上报的2016年9月月报及数据\2标段内观\左岸高边坡\左岸边坡-测缝计.xlsx
FILE:2016-12-02 08:25:24,D:\AWORK\向家坝\向家坝数据\9月数据(2016.9)\9月数据\测缝计、裂缝计、位错计\位错计（一期+二期）.xls
FILE:2016-12-02 08:25:24,D:\AWORK\向家坝\向家坝数据\9月数据(2016.9)\9月数据\测缝计、裂缝计、位错计\11#机测缝计.xlsx
FILE:2016-12-02 08:25:24,D:\AWORK\向家坝\向家坝数据\9月数据(2016.9)\9月数据\测缝计、裂缝计、位错计\光纤测缝计（二期）.xlsx
FILE:2016-12-02 08:25:24,D:\AWORK\向家坝\向家坝数据\9月数据(2016.9)\9月数据\测缝计、裂缝计、位错计\导流底孔测缝计.xlsx
FILE:2016-12-02 08:25:24,D:\AWORK\向家坝\向家坝数据\9月数据(2016.9)\9月数据\测缝计、裂缝计、位错计\测缝计（一期）.xlsx
DATA:JC-7,390,观测日期有误
DATA:JD-1,202,数据误差超限
DATA:JD-1,203,数据误差超限
DATA:JD-1,204,数据误差超限
DATA:JD-1,205,数据误差超限
DATA:JD-1,206,数据误差超限
DATA:JD-1,207,数据误差超限
DATA:JD-1,210,数据误差超限
FILE:2016-12-02 08:25:24,D:\AWORK\向家坝\向家坝数据\9月数据(2016.9)\9月数据\测缝计、裂缝计、位错计\测缝计（二期）.xlsx
DATA:KG-11,239,测值异常
DATA:KG-11,240,测值异常
DATA:KG-11,241,测值异常
DATA:KG-11,242,测值异常
DATA:KG-11,243,测值异常
DATA:KG-11,244,测值异常
DATA:KG-11,245,测值异常
DATA:KG-11,246,测值异常
DATA:KG-11,247,测值异常
DATA:KG-11,250,测值异常
DATA:KG-11,262,数据误差超限
DATA:KG-11,263,数据误差超限
DATA:KG-11,264,数据误差超限
DATA:KG-11,265,数据误差超限
DATA:KG-11,266,数据误差超限
DATA:KG-11,267,数据误差超限
DATA:KG-11,268,数据误差超限
DATA:KG-11,269,数据误差超限
DATA:KG-11,270,数据误差超限
DATA:KG-11,271,数据误差超限
DATA:KG-11,272,数据误差超限
DATA:KG-11,273,数据误差超限
DATA:KG-11,274,数据误差超限
DATA:KG-11,275,数据误差超限
DATA:KG-11,276,数据误差超限
DATA:KG-11,277,数据误差超限
DATA:KG-11,278,数据误差超限
DATA:KG-11,279,数据误差超限
DATA:KG-11,280,数据误差超限
DATA:KG-11,281,数据误差超限
DATA:KG-11,282,数据误差超限
DATA:KG-11,283,数据误差超限
DATA:KG-11,284,数据误差超限
DATA:KG-11,285,数据误差超限
DATA:KG-11,286,数据误差超限
DATA:KG-11,287,数据误差超限
DATA:KG-11,288,数据误差超限
DATA:KG-11,289,数据误差超限
DATA:KG-11,290,数据误差超限
DATA:KG-11,291,数据误差超限
DATA:KG-11,292,数据误差超限
DATA:KG-11,308,数据误差超限
DATA:KG-11,309,数据误差超限
DATA:KG-11,310,数据误差超限
DATA:KG-11,311,数据误差超限
DATA:KG-11,312,数据误差超限
DATA:J-H-3,611,测值异常
DATA:J-H-3,631,测值异常
FILE:2016-12-02 08:25:24,D:\AWORK\向家坝\向家坝数据\9月数据(2016.9)\9月数据\测缝计、裂缝计、位错计\裂缝计（一期）.xlsx
DATA:LF1-1,298,数据误差超限
DATA:LF1-1,299,数据误差超限
FILE:2016-12-02 08:25:24,D:\AWORK\向家坝\向家坝数据\干渠9月工程数据库\南干渠监测数据\测缝计.xlsx
FILE:2016-12-02 08:25:24,D:\AWORK\向家坝\向家坝数据\空间公司上报的2016年9月月报及数据\2标段内观\地下洞室\右岸地下主厂房\主厂房-岩锚梁测缝计.xlsx
FILE:2016-12-02 08:25:24,D:\AWORK\向家坝\向家坝数据\空间公司上报的2016年9月月报及数据\2标段内观\地下洞室\右岸地下主厂房\主厂房-岩锚梁混凝土测缝计.xlsx
FILE:2016-12-02 08:25:24,D:\AWORK\向家坝\向家坝数据\空间公司上报的2016年9月月报及数据\2标段内观\地下洞室\右岸地下主厂房\主厂房-岩锚梁混凝土裂缝计.xlsx
FILE:2016-12-02 08:25:24,D:\AWORK\向家坝\向家坝数据\空间公司上报的2016年9月月报及数据\2标段内观\地下洞室\右岸地下厂房243高程以下(j)\243高程以下-测缝计.xlsx
FILE:2016-12-02 08:25:24,D:\AWORK\向家坝\向家坝数据\空间公司上报的2016年9月月报及数据\2标段内观\地下洞室\右岸地下厂房尾水主洞(ab-678)\尾水主洞-测缝计.xlsx
FILE:2016-12-02 08:25:24,D:\AWORK\向家坝\向家坝数据\空间公司上报的2016年9月月报及数据\2标段内观\地下洞室\右岸地下厂房尾水扩散段(w)\尾水扩散段-测缝计.xlsx
FILE:2016-12-02 08:25:24,D:\AWORK\向家坝\向家坝数据\空间公司上报的2016年9月月报及数据\2标段内观\地下洞室\右岸地下厂房尾水支洞(ab-5)\尾水支洞-测缝计.xlsx
FILE:2016-12-02 08:25:24,D:\AWORK\向家坝\向家坝数据\空间公司上报的2016年9月月报及数据\2标段内观\地下洞室\右岸地下厂房引水洞(ab-1234)\引水洞-测缝计.xlsx
FILE:2016-12-02 08:25:24,D:\AWORK\向家坝\向家坝数据\空间公司上报的2016年9月月报及数据\2标段内观\地下洞室\右岸地下厂房水轮机蜗壳(o)\蜗壳-测缝计.xlsx
FILE:2016-12-02 08:25:24,D:\AWORK\向家坝\向家坝数据\空间公司上报的2016年9月月报及数据\2标段内观\左岸高边坡\左岸边坡-测缝计.xlsx
写入1475行测值
写入1475行成果值
写入1475行测值
写入1475行成果值
FILE:2016-12-02 08:39:44,D:\AWORK\向家坝\向家坝数据\9月数据(2016.9)\9月数据\渗压计、测压管、水文孔、量水堰\水位孔\水位孔（一期）.xlsx
FILE:2016-12-02 08:39:44,D:\AWORK\向家坝\向家坝数据\9月数据(2016.9)\9月数据\渗压计、测压管、水文孔、量水堰\水位孔\水位孔（二期）.xlsx
DATA:OH3-9,230,观测日期有误
DATA:OH3-9,231,观测日期有误
FILE:2016-12-02 08:39:44,D:\AWORK\向家坝\向家坝数据\9月数据(2016.9)\9月数据\渗压计、测压管、水文孔、量水堰\测压管\测压管（一期）.xlsx
FILE:2016-12-02 08:39:44,D:\AWORK\向家坝\向家坝数据\9月数据(2016.9)\9月数据\渗压计、测压管、水文孔、量水堰\测压管\测压管（二期）.xlsx
FILE:2016-12-02 08:39:44,D:\AWORK\向家坝\向家坝数据\9月数据(2016.9)\9月数据\渗压计、测压管、水文孔、量水堰\渗压计\导流底孔渗压计.xlsx
FILE:2016-12-02 08:39:44,D:\AWORK\向家坝\向家坝数据\9月数据(2016.9)\9月数据\渗压计、测压管、水文孔、量水堰\渗压计\渗压计（一期）.xlsx
FILE:2016-12-02 08:39:44,D:\AWORK\向家坝\向家坝数据\9月数据(2016.9)\9月数据\渗压计、测压管、水文孔、量水堰\渗压计\渗压计（二期）-1(坝体、坝基).xlsx
FILE:2016-12-02 08:39:44,D:\AWORK\向家坝\向家坝数据\9月数据(2016.9)\9月数据\渗压计、测压管、水文孔、量水堰\渗压计\渗压计（二期）-2(坝基深孔).xlsx
DATA:PHS-12,430,观测日期有误
DATA:PHS-12,431,观测日期有误
FILE:2016-12-02 08:39:44,D:\AWORK\向家坝\向家坝数据\干渠9月工程数据库\南干渠监测数据\渗压计.xlsx
FILE:2016-12-02 08:39:44,D:\AWORK\向家坝\向家坝数据\空间公司上报的2016年9月月报及数据\2标段内观\地下洞室\右岸地下厂房243高程以下(j)\243高程以下-渗压计.xlsx
DATA:Pj1-2,4,测值异常
DATA:Pj2-1,4,测值异常
DATA:Pj2-2,4,测值异常
FILE:2016-12-02 08:39:44,D:\AWORK\向家坝\向家坝数据\空间公司上报的2016年9月月报及数据\2标段内观\地下洞室\右岸地下厂房尾水主洞(ab-678)\尾水主洞-渗压计.xlsx
DATA:Pa6-2,4,测值异常
DATA:Pa7-2,4,测值异常
DATA:Pa8-1,4,测值异常
DATA:Pa8-2,4,测值异常
DATA:Pb6-1,4,测值异常
DATA:Pb6-2,4,测值异常
DATA:Pb7-1,4,测值异常
DATA:Pb8-1,4,测值异常
DATA:Pb8-2,4,测值异常
FILE:2016-12-02 08:39:44,D:\AWORK\向家坝\向家坝数据\空间公司上报的2016年9月月报及数据\2标段内观\地下洞室\右岸地下厂房尾水扩散段(w)\尾水扩散段-渗压计.xlsx
DATA:Pw2-1,4,测值异常
DATA:Pw2-2,4,测值异常
DATA:PW3-1,4,测值异常
FILE:2016-12-02 08:39:44,D:\AWORK\向家坝\向家坝数据\空间公司上报的2016年9月月报及数据\2标段内观\地下洞室\右岸地下厂房尾水支洞(ab-5)\尾水支洞-渗压计.xlsx
DATA:Pa5-1,4,测值异常
DATA:Pa5-2,4,测值异常
DATA:Pb5-1,4,测值异常
DATA:Pb5-2,4,测值异常
FILE:2016-12-02 08:39:44,D:\AWORK\向家坝\向家坝数据\空间公司上报的2016年9月月报及数据\2标段内观\地下洞室\右岸地下厂房引水洞(ab-1234)\引水洞-渗压计.xlsx
FILE:2016-12-02 08:39:44,D:\AWORK\向家坝\向家坝数据\空间公司上报的2016年9月月报及数据\2标段内观\地下洞室\右岸地下厂房排水廊道\排水廊道-测压管.xlsx
DATA:UP2-29补,4,测值异常
DATA:UP2-30补,4,测值异常
DATA:UP2-31补,4,测值异常
FILE:2016-12-02 08:39:44,D:\AWORK\向家坝\向家坝数据\空间公司上报的2016年9月月报及数据\2标段内观\地下洞室\右岸进厂交通洞\右岸交通洞-渗压计.xlsx
FILE:2016-12-02 08:39:44,D:\AWORK\向家坝\向家坝数据\空间公司上报的2016年9月月报及数据\2标段内观\左岸高边坡\左岸边坡-交通洞渗压计.xlsx
FILE:2016-12-02 08:55:54,D:\AWORK\向家坝\向家坝数据\9月数据(2016.9)\9月数据\钢筋计、钢板计、锚杆应力计、压应力计\钢板计\11#机钢板计.xlsx
FILE:2016-12-02 08:55:54,D:\AWORK\向家坝\向家坝数据\9月数据(2016.9)\9月数据\钢筋计、钢板计、锚杆应力计、压应力计\钢板计\钢板计（一期）.xlsx
FILE:2016-12-02 08:55:54,D:\AWORK\向家坝\向家坝数据\9月数据(2016.9)\9月数据\钢筋计、钢板计、锚杆应力计、压应力计\钢板计\钢板计（二期）.xlsx
DATA:PSE0-23,278,数据误差超限
FILE:2016-12-02 08:55:54,D:\AWORK\向家坝\向家坝数据\空间公司上报的2016年9月月报及数据\2标段内观\地下洞室\右岸地下厂房引水洞(ab-1234)\引水洞-钢板计.xlsx
FILE:2016-12-02 08:55:54,D:\AWORK\向家坝\向家坝数据\空间公司上报的2016年9月月报及数据\2标段内观\地下洞室\右岸地下厂房水轮机蜗壳(o)\蜗壳-钢板计.xlsx
FILE:2016-12-02 08:58:47,D:\AWORK\向家坝\向家坝数据\9月数据(2016.9)\9月数据\钢筋计、钢板计、锚杆应力计、压应力计\钢板计\11#机钢板计.xlsx
FILE:2016-12-02 08:58:47,D:\AWORK\向家坝\向家坝数据\9月数据(2016.9)\9月数据\钢筋计、钢板计、锚杆应力计、压应力计\钢板计\钢板计（一期）.xlsx
FILE:2016-12-02 08:58:47,D:\AWORK\向家坝\向家坝数据\9月数据(2016.9)\9月数据\钢筋计、钢板计、锚杆应力计、压应力计\钢板计\钢板计（二期）.xlsx
DATA:PSE0-23,278,数据误差超限
FILE:2016-12-02 08:58:47,D:\AWORK\向家坝\向家坝数据\空间公司上报的2016年9月月报及数据\2标段内观\地下洞室\右岸地下厂房引水洞(ab-1234)\引水洞-钢板计.xlsx
FILE:2016-12-02 08:58:47,D:\AWORK\向家坝\向家坝数据\空间公司上报的2016年9月月报及数据\2标段内观\地下洞室\右岸地下厂房水轮机蜗壳(o)\蜗壳-钢板计.xlsx
FILE:2016-12-02 08:59:22,D:\AWORK\向家坝\向家坝数据\干渠9月工程数据库\南干渠监测数据\应变计.xlsx
FILE:2016-12-02 08:59:22,D:\AWORK\向家坝\向家坝数据\空间公司上报的2016年9月月报及数据\2标段内观\地下洞室\右岸地下主厂房\主厂房-岩锚梁混凝土单向应变计与无应力计.xlsx
FILE:2016-12-02 08:59:22,D:\AWORK\向家坝\向家坝数据\空间公司上报的2016年9月月报及数据\2标段内观\地下洞室\右岸地下厂房尾水主洞(ab-678)\尾水主洞-单向应变计与无应力计.xlsx
DATA:Nb8-1,142,数据误差超限无应力计
FILE:2016-12-02 08:59:22,D:\AWORK\向家坝\向家坝数据\空间公司上报的2016年9月月报及数据\2标段内观\地下洞室\右岸地下厂房尾水扩散段(w)\尾水扩散段-单向应变计与无应力计.xlsx
FILE:2016-12-02 08:59:22,D:\AWORK\向家坝\向家坝数据\空间公司上报的2016年9月月报及数据\2标段内观\地下洞室\右岸地下厂房尾水支洞(ab-5)\尾水支洞-单向应变计与无应力计.xlsx
FILE:2016-12-02 08:59:22,D:\AWORK\向家坝\向家坝数据\空间公司上报的2016年9月月报及数据\2标段内观\地下洞室\右岸地下厂房引水洞(ab-1234)\引水洞-单向应变计与无应力计.xlsx
FILE:2016-12-02 08:59:22,D:\AWORK\向家坝\向家坝数据\空间公司上报的2016年9月月报及数据\2标段内观\地下洞室\右岸进厂交通洞\右岸交通洞-单向应变计与无应力计.xlsx
FILE:2016-12-02 08:59:22,D:\AWORK\向家坝\向家坝数据\空间公司上报的2016年9月月报及数据\2标段内观\左岸高边坡\左岸边坡-单向应变计与无应力计.xlsx
FILE:2016-12-02 08:59:39,D:\AWORK\向家坝\向家坝数据\9月数据(2016.9)\9月数据\钢筋计、钢板计、锚杆应力计、压应力计\钢板计\11#机钢板计.xlsx
FILE:2016-12-02 08:59:39,D:\AWORK\向家坝\向家坝数据\9月数据(2016.9)\9月数据\钢筋计、钢板计、锚杆应力计、压应力计\钢板计\钢板计（一期）.xlsx
FILE:2016-12-02 08:59:39,D:\AWORK\向家坝\向家坝数据\9月数据(2016.9)\9月数据\钢筋计、钢板计、锚杆应力计、压应力计\钢板计\钢板计（二期）.xlsx
DATA:PSE0-23,278,数据误差超限
FILE:2016-12-02 08:59:39,D:\AWORK\向家坝\向家坝数据\空间公司上报的2016年9月月报及数据\2标段内观\地下洞室\右岸地下厂房引水洞(ab-1234)\引水洞-钢板计.xlsx
FILE:2016-12-02 08:59:39,D:\AWORK\向家坝\向家坝数据\空间公司上报的2016年9月月报及数据\2标段内观\地下洞室\右岸地下厂房水轮机蜗壳(o)\蜗壳-钢板计.xlsx
写入316行测值
写入316行成果值
FILE:2016-12-02 09:20:00,D:\AWORK\向家坝\向家坝数据\9月数据(2016.9)\9月数据\钢筋计、钢板计、锚杆应力计、压应力计\钢筋计\11#机钢筋计.xlsx
FILE:2016-12-02 09:20:00,D:\AWORK\向家坝\向家坝数据\9月数据(2016.9)\9月数据\钢筋计、钢板计、锚杆应力计、压应力计\钢筋计\二期主体钢筋计(E.F.G.H.L).xlsx
DATA:RF-20,237,数据误差超限
DATA:RF-20,238,数据误差超限
DATA:RF-20,239,数据误差超限
FILE:2016-12-02 09:20:00,D:\AWORK\向家坝\向家坝数据\9月数据(2016.9)\9月数据\钢筋计、钢板计、锚杆应力计、压应力计\钢筋计\二期主体钢筋计（J.Z.N）.xlsx
DATA:RZ2-22,97,数据误差超限
DATA:RZ2-22,98,数据误差超限
DATA:RZ2-24,201,数据误差超限
DATA:RZ2-24,202,数据误差超限
DATA:RZ2-24,203,数据误差超限
DATA:RZ2-24,204,数据误差超限
DATA:RZ2-24,207,数据误差超限
DATA:RZ2-24,208,数据误差超限
DATA:RZ2-24,209,数据误差超限
DATA:RZ2-24,215,数据误差超限
DATA:RZ2-24,217,数据误差超限
DATA:RZ2-24,223,数据误差超限
DATA:RZ2-24,224,数据误差超限
DATA:RZ2-24,225,数据误差超限
DATA:RZ2-24,232,数据误差超限
DATA:RZ2-24,233,数据误差超限
DATA:RZ2-24,234,数据误差超限
FILE:2016-12-02 09:20:00,D:\AWORK\向家坝\向家坝数据\9月数据(2016.9)\9月数据\钢筋计、钢板计、锚杆应力计、压应力计\钢筋计\钢筋计（一期）.xlsx
FILE:2016-12-02 09:20:00,D:\AWORK\向家坝\向家坝数据\干渠9月工程数据库\南干渠监测数据\钢筋计.xlsx
FILE:2016-12-02 09:20:00,D:\AWORK\向家坝\向家坝数据\空间公司上报的2016年9月月报及数据\2标段内观\出水口边坡\出水口边坡-钢筋桩钢筋计.xlsx
FILE:2016-12-02 09:20:00,D:\AWORK\向家坝\向家坝数据\空间公司上报的2016年9月月报及数据\2标段内观\右岸马延坡边坡\马延坡-钢筋计.xlsx
DATA:RⅠBc-2,301,数据误差超限
DATA:RⅠBc-2,302,数据误差超限
DATA:RⅠBc-2,303,数据误差超限
FILE:2016-12-02 09:20:00,D:\AWORK\向家坝\向家坝数据\空间公司上报的2016年9月月报及数据\2标段内观\地下洞室\右岸地下主厂房\主厂房-岩锚梁混凝土钢筋计.xlsx
FILE:2016-12-02 09:20:00,D:\AWORK\向家坝\向家坝数据\空间公司上报的2016年9月月报及数据\2标段内观\地下洞室\右岸地下厂房243高程以下(j)\243高程以下-钢筋计.xlsx
FILE:2016-12-02 09:20:00,D:\AWORK\向家坝\向家坝数据\空间公司上报的2016年9月月报及数据\2标段内观\地下洞室\右岸地下厂房尾水主洞(ab-678)\尾水主洞-钢筋计.xlsx
DATA:Ra6-1,148,数据误差超限
DATA:Ra6-1,149,数据误差超限
DATA:Ra6-1,152,数据误差超限
DATA:Ra7-6,186,数据误差超限
FILE:2016-12-02 09:20:00,D:\AWORK\向家坝\向家坝数据\空间公司上报的2016年9月月报及数据\2标段内观\地下洞室\右岸地下厂房尾水扩散段(w)\尾水扩散段-钢筋计.xlsx
FILE:2016-12-02 09:20:00,D:\AWORK\向家坝\向家坝数据\空间公司上报的2016年9月月报及数据\2标段内观\地下洞室\右岸地下厂房尾水支洞(ab-5)\尾水支洞-钢筋计.xlsx
FILE:2016-12-02 09:20:00,D:\AWORK\向家坝\向家坝数据\空间公司上报的2016年9月月报及数据\2标段内观\地下洞室\右岸地下厂房引水洞(ab-1234)\引水洞-钢筋计.xlsx
FILE:2016-12-02 09:20:00,D:\AWORK\向家坝\向家坝数据\空间公司上报的2016年9月月报及数据\2标段内观\地下洞室\右岸地下厂房水轮机蜗壳(o)\蜗壳-钢筋计.xlsx
FILE:2016-12-02 09:20:00,D:\AWORK\向家坝\向家坝数据\空间公司上报的2016年9月月报及数据\2标段内观\地下洞室\右岸进厂交通洞\右岸交通洞-差阻式钢筋计.xlsx
FILE:2016-12-02 09:20:00,D:\AWORK\向家坝\向家坝数据\空间公司上报的2016年9月月报及数据\2标段内观\太平料场边坡\太平料场-差阻式钢筋计.xlsx
FILE:2016-12-02 09:20:00,D:\AWORK\向家坝\向家坝数据\空间公司上报的2016年9月月报及数据\2标段内观\太平料场边坡\太平料场-振弦式钢筋计.xlsx
DATA:Rz-9,327,数据误差超限
DATA:Rz-10,229,数据误差超限
DATA:Rz-11,326,数据误差超限
DATA:Rz-12,327,数据误差超限
DATA:Rz-16,299,数据误差超限
DATA:Rz-21,299,数据误差超限
DATA:Rz-21,300,数据误差超限
DATA:Rz-21,301,数据误差超限
DATA:Rz-24,299,数据误差超限
DATA:Rz-24,300,数据误差超限
DATA:Rz-24,301,数据误差超限
DATA:Rz-27,4,测值异常
DATA:Rz-27,300,数据误差超限
DATA:Rz-28,4,测值异常
DATA:Rz-29,4,测值异常
DATA:Rz-30,4,测值异常
DATA:Rz-31,4,测值异常
DATA:Rz-31,301,数据误差超限
FILE:2016-12-02 09:20:00,D:\AWORK\向家坝\向家坝数据\空间公司上报的2016年9月月报及数据\2标段内观\尾渣坝-右岸护坡\右岸护坡-钢筋计.xlsx
FILE:2016-12-02 09:20:00,D:\AWORK\向家坝\向家坝数据\空间公司上报的2016年9月月报及数据\2标段内观\左岸高边坡\钢筋计\交通洞钢筋计.xlsx
FILE:2016-12-02 09:20:00,D:\AWORK\向家坝\向家坝数据\空间公司上报的2016年9月月报及数据\2标段内观\左岸高边坡\钢筋计\钢筋桩钢筋计.xlsx
FILE:2016-12-02 09:20:00,D:\AWORK\向家坝\向家坝数据\空间公司上报的2016年9月月报及数据\2标段内观\进水口边坡\进水口边坡-钢筋桩钢筋计.xlsx
FILE:2016-12-02 10:09:26,D:\AWORK\向家坝\向家坝数据\9月数据(2016.9)\9月数据\钢筋计、钢板计、锚杆应力计、压应力计\钢筋计\11#机钢筋计.xlsx
FILE:2016-12-02 10:09:26,D:\AWORK\向家坝\向家坝数据\9月数据(2016.9)\9月数据\钢筋计、钢板计、锚杆应力计、压应力计\钢筋计\二期主体钢筋计(E.F.G.H.L).xlsx
DATA:RF-20,237,数据误差超限
DATA:RF-20,238,数据误差超限
DATA:RF-20,239,数据误差超限
FILE:2016-12-02 10:09:26,D:\AWORK\向家坝\向家坝数据\9月数据(2016.9)\9月数据\钢筋计、钢板计、锚杆应力计、压应力计\钢筋计\二期主体钢筋计（J.Z.N）.xlsx
DATA:RZ2-22,97,数据误差超限
DATA:RZ2-22,98,数据误差超限
DATA:RZ2-24,201,数据误差超限
DATA:RZ2-24,202,数据误差超限
DATA:RZ2-24,203,数据误差超限
DATA:RZ2-24,204,数据误差超限
DATA:RZ2-24,207,数据误差超限
DATA:RZ2-24,208,数据误差超限
DATA:RZ2-24,209,数据误差超限
DATA:RZ2-24,215,数据误差超限
DATA:RZ2-24,217,数据误差超限
DATA:RZ2-24,223,数据误差超限
DATA:RZ2-24,224,数据误差超限
DATA:RZ2-24,225,数据误差超限
DATA:RZ2-24,232,数据误差超限
DATA:RZ2-24,233,数据误差超限
DATA:RZ2-24,234,数据误差超限
FILE:2016-12-02 10:09:26,D:\AWORK\向家坝\向家坝数据\9月数据(2016.9)\9月数据\钢筋计、钢板计、锚杆应力计、压应力计\钢筋计\钢筋计（一期）.xlsx
FILE:2016-12-02 10:09:26,D:\AWORK\向家坝\向家坝数据\干渠9月工程数据库\南干渠监测数据\钢筋计.xlsx
FILE:2016-12-02 10:09:26,D:\AWORK\向家坝\向家坝数据\空间公司上报的2016年9月月报及数据\2标段内观\出水口边坡\出水口边坡-钢筋桩钢筋计.xlsx
FILE:2016-12-02 10:09:26,D:\AWORK\向家坝\向家坝数据\空间公司上报的2016年9月月报及数据\2标段内观\右岸马延坡边坡\马延坡-钢筋计.xlsx
DATA:RⅠBc-2,301,数据误差超限
DATA:RⅠBc-2,302,数据误差超限
DATA:RⅠBc-2,303,数据误差超限
FILE:2016-12-02 10:09:26,D:\AWORK\向家坝\向家坝数据\空间公司上报的2016年9月月报及数据\2标段内观\地下洞室\右岸地下主厂房\主厂房-岩锚梁混凝土钢筋计.xlsx
FILE:2016-12-02 10:09:26,D:\AWORK\向家坝\向家坝数据\空间公司上报的2016年9月月报及数据\2标段内观\地下洞室\右岸地下厂房243高程以下(j)\243高程以下-钢筋计.xlsx
FILE:2016-12-02 10:09:26,D:\AWORK\向家坝\向家坝数据\空间公司上报的2016年9月月报及数据\2标段内观\地下洞室\右岸地下厂房尾水主洞(ab-678)\尾水主洞-钢筋计.xlsx
DATA:Ra6-1,148,数据误差超限
DATA:Ra6-1,149,数据误差超限
DATA:Ra6-1,152,数据误差超限
DATA:Ra7-6,186,数据误差超限
FILE:2016-12-02 10:09:26,D:\AWORK\向家坝\向家坝数据\空间公司上报的2016年9月月报及数据\2标段内观\地下洞室\右岸地下厂房尾水扩散段(w)\尾水扩散段-钢筋计.xlsx
FILE:2016-12-02 10:09:26,D:\AWORK\向家坝\向家坝数据\空间公司上报的2016年9月月报及数据\2标段内观\地下洞室\右岸地下厂房尾水支洞(ab-5)\尾水支洞-钢筋计.xlsx
FILE:2016-12-02 10:09:26,D:\AWORK\向家坝\向家坝数据\空间公司上报的2016年9月月报及数据\2标段内观\地下洞室\右岸地下厂房引水洞(ab-1234)\引水洞-钢筋计.xlsx
FILE:2016-12-02 10:09:26,D:\AWORK\向家坝\向家坝数据\空间公司上报的2016年9月月报及数据\2标段内观\地下洞室\右岸地下厂房水轮机蜗壳(o)\蜗壳-钢筋计.xlsx
FILE:2016-12-02 10:09:26,D:\AWORK\向家坝\向家坝数据\空间公司上报的2016年9月月报及数据\2标段内观\地下洞室\右岸进厂交通洞\右岸交通洞-差阻式钢筋计.xlsx
FILE:2016-12-02 10:09:26,D:\AWORK\向家坝\向家坝数据\空间公司上报的2016年9月月报及数据\2标段内观\太平料场边坡\太平料场-差阻式钢筋计.xlsx
FILE:2016-12-02 10:09:26,D:\AWORK\向家坝\向家坝数据\空间公司上报的2016年9月月报及数据\2标段内观\太平料场边坡\太平料场-振弦式钢筋计.xlsx
DATA:Rz-9,327,数据误差超限
DATA:Rz-10,229,数据误差超限
DATA:Rz-11,326,数据误差超限
DATA:Rz-12,327,数据误差超限
DATA:Rz-16,299,数据误差超限
DATA:Rz-21,299,数据误差超限
DATA:Rz-21,300,数据误差超限
DATA:Rz-21,301,数据误差超限
DATA:Rz-24,299,数据误差超限
DATA:Rz-24,300,数据误差超限
DATA:Rz-24,301,数据误差超限
DATA:Rz-27,4,测值异常
DATA:Rz-27,300,数据误差超限
DATA:Rz-28,4,测值异常
DATA:Rz-29,4,测值异常
DATA:Rz-30,4,测值异常
DATA:Rz-31,4,测值异常
DATA:Rz-31,301,数据误差超限
FILE:2016-12-02 10:09:26,D:\AWORK\向家坝\向家坝数据\空间公司上报的2016年9月月报及数据\2标段内观\尾渣坝-右岸护坡\右岸护坡-钢筋计.xlsx
FILE:2016-12-02 10:09:26,D:\AWORK\向家坝\向家坝数据\空间公司上报的2016年9月月报及数据\2标段内观\左岸高边坡\钢筋计\交通洞钢筋计.xlsx
FILE:2016-12-02 10:09:26,D:\AWORK\向家坝\向家坝数据\空间公司上报的2016年9月月报及数据\2标段内观\左岸高边坡\钢筋计\钢筋桩钢筋计.xlsx
FILE:2016-12-02 10:09:26,D:\AWORK\向家坝\向家坝数据\空间公司上报的2016年9月月报及数据\2标段内观\进水口边坡\进水口边坡-钢筋桩钢筋计.xlsx
FILE:2016-12-02 10:49:21,D:\AWORK\向家坝\向家坝数据\9月数据(2016.9)\9月数据\钢筋计、钢板计、锚杆应力计、压应力计\钢筋计\11#机钢筋计.xlsx
FILE:2016-12-02 10:49:21,D:\AWORK\向家坝\向家坝数据\9月数据(2016.9)\9月数据\钢筋计、钢板计、锚杆应力计、压应力计\钢筋计\二期主体钢筋计(E.F.G.H.L).xlsx
DATA:RF-20,237,数据误差超限
DATA:RF-20,238,数据误差超限
DATA:RF-20,239,数据误差超限
FILE:2016-12-02 10:49:21,D:\AWORK\向家坝\向家坝数据\9月数据(2016.9)\9月数据\钢筋计、钢板计、锚杆应力计、压应力计\钢筋计\二期主体钢筋计（J.Z.N）.xlsx
DATA:RZ2-22,97,数据误差超限
DATA:RZ2-22,98,数据误差超限
DATA:RZ2-24,201,数据误差超限
DATA:RZ2-24,202,数据误差超限
DATA:RZ2-24,203,数据误差超限
DATA:RZ2-24,204,数据误差超限
DATA:RZ2-24,207,数据误差超限
DATA:RZ2-24,208,数据误差超限
DATA:RZ2-24,209,数据误差超限
DATA:RZ2-24,215,数据误差超限
DATA:RZ2-24,217,数据误差超限
DATA:RZ2-24,223,数据误差超限
DATA:RZ2-24,224,数据误差超限
DATA:RZ2-24,225,数据误差超限
DATA:RZ2-24,232,数据误差超限
DATA:RZ2-24,233,数据误差超限
DATA:RZ2-24,234,数据误差超限
FILE:2016-12-02 10:49:21,D:\AWORK\向家坝\向家坝数据\9月数据(2016.9)\9月数据\钢筋计、钢板计、锚杆应力计、压应力计\钢筋计\钢筋计（一期）.xlsx
FILE:2016-12-02 10:49:21,D:\AWORK\向家坝\向家坝数据\干渠9月工程数据库\南干渠监测数据\钢筋计.xlsx
FILE:2016-12-02 10:49:21,D:\AWORK\向家坝\向家坝数据\空间公司上报的2016年9月月报及数据\2标段内观\出水口边坡\出水口边坡-钢筋桩钢筋计.xlsx
DATA:Rd-3,484,数据误差超限
DATA:Rd-5,487,数据误差超限
DATA:Rd-9,479,数据误差超限
DATA:Rd-11,467,数据误差超限
DATA:Rd-21,87,数据误差超限
DATA:Rd-21,87,数据误差超限
DATA:Rd-21,85,数据误差超限
DATA:Rd-21,84,数据误差超限
DATA:Rd-21,84,数据误差超限
DATA:Rd-21,83,数据误差超限
DATA:Rd-21,83,数据误差超限
DATA:Rd-21,82,数据误差超限
DATA:Rd-21,82,数据误差超限
DATA:Rd-21,81,数据误差超限
DATA:Rd-21,81,数据误差超限
DATA:Rd-21,80,数据误差超限
DATA:Rd-21,80,数据误差超限
DATA:Rd-21,79,数据误差超限
DATA:Rd-21,79,数据误差超限
DATA:Rd-21,78,数据误差超限
DATA:Rd-21,78,数据误差超限
DATA:Rd-21,77,数据误差超限
DATA:Rd-21,77,数据误差超限
DATA:Rd-21,76,数据误差超限
DATA:Rd-21,76,数据误差超限
DATA:Rd-21,75,数据误差超限
DATA:Rd-21,75,数据误差超限
DATA:Rd-21,74,数据误差超限
DATA:Rd-21,74,数据误差超限
DATA:Rd-21,73,数据误差超限
DATA:Rd-21,73,数据误差超限
DATA:Rd-21,72,数据误差超限
DATA:Rd-21,72,数据误差超限
DATA:Rd-21,71,数据误差超限
DATA:Rd-21,71,数据误差超限
DATA:Rd-21,70,数据误差超限
DATA:Rd-21,70,数据误差超限
DATA:Rd-21,69,数据误差超限
DATA:Rd-21,69,数据误差超限
DATA:Rd-21,68,数据误差超限
DATA:Rd-21,68,数据误差超限
DATA:Rd-21,67,数据误差超限
DATA:Rd-21,67,数据误差超限
DATA:Rd-21,66,数据误差超限
DATA:Rd-21,66,数据误差超限
DATA:Rd-21,65,数据误差超限
DATA:Rd-21,65,数据误差超限
DATA:Rd-21,64,数据误差超限
DATA:Rd-21,64,数据误差超限
DATA:Rd-21,63,数据误差超限
DATA:Rd-21,63,数据误差超限
DATA:Rd-21,62,数据误差超限
DATA:Rd-21,62,数据误差超限
DATA:Rd-21,61,数据误差超限
DATA:Rd-21,61,数据误差超限
DATA:Rd-21,60,数据误差超限
DATA:Rd-21,60,数据误差超限
DATA:Rd-21,59,数据误差超限
DATA:Rd-21,59,数据误差超限
DATA:Rd-21,58,数据误差超限
DATA:Rd-21,58,数据误差超限
DATA:Rd-21,57,数据误差超限
DATA:Rd-21,57,数据误差超限
DATA:Rd-21,56,数据误差超限
DATA:Rd-21,56,数据误差超限
DATA:Rd-21,55,数据误差超限
DATA:Rd-21,55,数据误差超限
DATA:Rd-21,54,数据误差超限
DATA:Rd-21,54,数据误差超限
DATA:Rd-21,53,数据误差超限
DATA:Rd-21,53,数据误差超限
DATA:Rd-21,52,数据误差超限
DATA:Rd-21,52,数据误差超限
DATA:Rd-21,51,数据误差超限
DATA:Rd-21,51,数据误差超限
DATA:Rd-21,50,数据误差超限
DATA:Rd-21,50,数据误差超限
DATA:Rd-21,49,数据误差超限
DATA:Rd-21,49,数据误差超限
DATA:Rd-21,48,数据误差超限
DATA:Rd-21,48,数据误差超限
DATA:Rd-21,47,数据误差超限
DATA:Rd-21,47,数据误差超限
DATA:Rd-21,46,数据误差超限
DATA:Rd-21,46,数据误差超限
DATA:Rd-21,45,数据误差超限
DATA:Rd-21,45,数据误差超限
DATA:Rd-21,44,数据误差超限
DATA:Rd-21,44,数据误差超限
DATA:Rd-21,43,数据误差超限
DATA:Rd-21,43,数据误差超限
DATA:Rd-21,42,数据误差超限
DATA:Rd-21,42,数据误差超限
DATA:Rd-21,41,数据误差超限
DATA:Rd-21,41,数据误差超限
DATA:Rd-21,40,数据误差超限
DATA:Rd-21,40,数据误差超限
DATA:Rd-21,39,数据误差超限
DATA:Rd-21,39,数据误差超限
DATA:Rd-21,38,数据误差超限
DATA:Rd-21,38,数据误差超限
DATA:Rd-21,37,数据误差超限
DATA:Rd-21,37,数据误差超限
DATA:Rd-21,36,数据误差超限
DATA:Rd-21,36,数据误差超限
DATA:Rd-21,35,数据误差超限
DATA:Rd-21,35,数据误差超限
DATA:Rd-25,437,数据误差超限
FILE:2016-12-02 10:49:21,D:\AWORK\向家坝\向家坝数据\空间公司上报的2016年9月月报及数据\2标段内观\右岸马延坡边坡\马延坡-钢筋计.xlsx
DATA:RⅠBc-2,301,数据误差超限
DATA:RⅠBc-2,302,数据误差超限
DATA:RⅠBc-2,303,数据误差超限
FILE:2016-12-02 10:49:21,D:\AWORK\向家坝\向家坝数据\空间公司上报的2016年9月月报及数据\2标段内观\地下洞室\右岸地下主厂房\主厂房-岩锚梁混凝土钢筋计.xlsx
FILE:2016-12-02 10:49:21,D:\AWORK\向家坝\向家坝数据\空间公司上报的2016年9月月报及数据\2标段内观\地下洞室\右岸地下厂房243高程以下(j)\243高程以下-钢筋计.xlsx
FILE:2016-12-02 10:49:21,D:\AWORK\向家坝\向家坝数据\空间公司上报的2016年9月月报及数据\2标段内观\地下洞室\右岸地下厂房尾水主洞(ab-678)\尾水主洞-钢筋计.xlsx
DATA:Ra6-1,148,数据误差超限
DATA:Ra6-1,149,数据误差超限
DATA:Ra6-1,152,数据误差超限
DATA:Ra7-6,186,数据误差超限
FILE:2016-12-02 10:49:21,D:\AWORK\向家坝\向家坝数据\空间公司上报的2016年9月月报及数据\2标段内观\地下洞室\右岸地下厂房尾水扩散段(w)\尾水扩散段-钢筋计.xlsx
FILE:2016-12-02 10:49:21,D:\AWORK\向家坝\向家坝数据\空间公司上报的2016年9月月报及数据\2标段内观\地下洞室\右岸地下厂房尾水支洞(ab-5)\尾水支洞-钢筋计.xlsx
FILE:2016-12-02 10:49:21,D:\AWORK\向家坝\向家坝数据\空间公司上报的2016年9月月报及数据\2标段内观\地下洞室\右岸地下厂房引水洞(ab-1234)\引水洞-钢筋计.xlsx
FILE:2016-12-02 10:49:21,D:\AWORK\向家坝\向家坝数据\空间公司上报的2016年9月月报及数据\2标段内观\地下洞室\右岸地下厂房水轮机蜗壳(o)\蜗壳-钢筋计.xlsx
FILE:2016-12-02 10:49:21,D:\AWORK\向家坝\向家坝数据\空间公司上报的2016年9月月报及数据\2标段内观\地下洞室\右岸进厂交通洞\右岸交通洞-差阻式钢筋计.xlsx
FILE:2016-12-02 10:49:21,D:\AWORK\向家坝\向家坝数据\空间公司上报的2016年9月月报及数据\2标段内观\太平料场边坡\太平料场-差阻式钢筋计.xlsx
FILE:2016-12-02 10:49:21,D:\AWORK\向家坝\向家坝数据\空间公司上报的2016年9月月报及数据\2标段内观\太平料场边坡\太平料场-振弦式钢筋计.xlsx
DATA:Rz-9,327,数据误差超限
DATA:Rz-10,229,数据误差超限
DATA:Rz-11,326,数据误差超限
DATA:Rz-12,327,数据误差超限
DATA:Rz-16,299,数据误差超限
DATA:Rz-21,299,数据误差超限
DATA:Rz-21,300,数据误差超限
DATA:Rz-21,301,数据误差超限
DATA:Rz-24,299,数据误差超限
DATA:Rz-24,300,数据误差超限
DATA:Rz-24,301,数据误差超限
DATA:Rz-27,4,测值异常
DATA:Rz-27,300,数据误差超限
DATA:Rz-28,4,测值异常
DATA:Rz-29,4,测值异常
DATA:Rz-30,4,测值异常
DATA:Rz-31,4,测值异常
DATA:Rz-31,301,数据误差超限
FILE:2016-12-02 10:49:21,D:\AWORK\向家坝\向家坝数据\空间公司上报的2016年9月月报及数据\2标段内观\尾渣坝-右岸护坡\右岸护坡-钢筋计.xlsx
FILE:2016-12-02 10:49:21,D:\AWORK\向家坝\向家坝数据\空间公司上报的2016年9月月报及数据\2标段内观\左岸高边坡\钢筋计\交通洞钢筋计.xlsx
FILE:2016-12-02 10:49:21,D:\AWORK\向家坝\向家坝数据\空间公司上报的2016年9月月报及数据\2标段内观\左岸高边坡\钢筋计\钢筋桩钢筋计.xlsx
FILE:2016-12-02 10:49:21,D:\AWORK\向家坝\向家坝数据\空间公司上报的2016年9月月报及数据\2标段内观\进水口边坡\进水口边坡-钢筋桩钢筋计.xlsx
DATA:Rc-5,533,数据误差超限
DATA:Rc-7,525,数据误差超限
DATA:Rc-9,533,数据误差超限
DATA:Rc-11,541,数据误差超限
DATA:Rc-17,501,数据误差超限
FILE:2016-12-02 04:15:23,D:\AWORK\向家坝\向家坝数据\9月数据(2016.9)\9月数据\基岩变位计、回弹仪\基岩变位计（一期）.xlsx
FILE:2016-12-02 04:15:23,D:\AWORK\向家坝\向家坝数据\9月数据(2016.9)\9月数据\基岩变位计、回弹仪\基岩变位计（二期）.xlsx
FILE:2016-12-02 04:15:23,D:\AWORK\向家坝\向家坝数据\空间公司上报的2016年9月月报及数据\2标段内观\左岸高边坡\左岸边坡-铟钢丝位移计.xlsx
FILE:2016-12-02 04:20:06,D:\AWORK\向家坝\向家坝数据\9月数据(2016.9)\9月数据\钢筋计、钢板计、锚杆应力计、压应力计\钢筋计\11#机钢筋计.xlsx
FILE:2016-12-02 04:20:06,D:\AWORK\向家坝\向家坝数据\9月数据(2016.9)\9月数据\钢筋计、钢板计、锚杆应力计、压应力计\钢筋计\二期主体钢筋计(E.F.G.H.L).xlsx
DATA:RF-20,237,数据误差超限
DATA:RF-20,238,数据误差超限
DATA:RF-20,239,数据误差超限
FILE:2016-12-02 04:20:06,D:\AWORK\向家坝\向家坝数据\9月数据(2016.9)\9月数据\钢筋计、钢板计、锚杆应力计、压应力计\钢筋计\二期主体钢筋计（J.Z.N）.xlsx
DATA:RZ2-22,97,数据误差超限
DATA:RZ2-22,98,数据误差超限
DATA:RZ2-24,201,数据误差超限
DATA:RZ2-24,202,数据误差超限
DATA:RZ2-24,203,数据误差超限
DATA:RZ2-24,204,数据误差超限
DATA:RZ2-24,207,数据误差超限
DATA:RZ2-24,208,数据误差超限
DATA:RZ2-24,209,数据误差超限
DATA:RZ2-24,215,数据误差超限
DATA:RZ2-24,217,数据误差超限
DATA:RZ2-24,223,数据误差超限
DATA:RZ2-24,224,数据误差超限
DATA:RZ2-24,225,数据误差超限
DATA:RZ2-24,232,数据误差超限
DATA:RZ2-24,233,数据误差超限
DATA:RZ2-24,234,数据误差超限
FILE:2016-12-02 04:20:06,D:\AWORK\向家坝\向家坝数据\9月数据(2016.9)\9月数据\钢筋计、钢板计、锚杆应力计、压应力计\钢筋计\钢筋计（一期）.xlsx
FILE:2016-12-02 04:20:06,D:\AWORK\向家坝\向家坝数据\干渠9月工程数据库\南干渠监测数据\钢筋计.xlsx
FILE:2016-12-02 04:20:06,D:\AWORK\向家坝\向家坝数据\空间公司上报的2016年9月月报及数据\2标段内观\出水口边坡\出水口边坡-钢筋桩钢筋计.xlsx
DATA:Rd-3,484,数据误差超限
DATA:Rd-5,487,数据误差超限
DATA:Rd-9,479,数据误差超限
DATA:Rd-11,467,数据误差超限
DATA:Rd-21,87,数据误差超限
DATA:Rd-21,87,数据误差超限
DATA:Rd-21,85,数据误差超限
DATA:Rd-21,84,数据误差超限
DATA:Rd-21,84,数据误差超限
DATA:Rd-21,83,数据误差超限
DATA:Rd-21,83,数据误差超限
DATA:Rd-21,82,数据误差超限
DATA:Rd-21,82,数据误差超限
DATA:Rd-21,81,数据误差超限
DATA:Rd-21,81,数据误差超限
DATA:Rd-21,80,数据误差超限
DATA:Rd-21,80,数据误差超限
DATA:Rd-21,79,数据误差超限
DATA:Rd-21,79,数据误差超限
DATA:Rd-21,78,数据误差超限
DATA:Rd-21,78,数据误差超限
DATA:Rd-21,77,数据误差超限
DATA:Rd-21,77,数据误差超限
DATA:Rd-21,76,数据误差超限
DATA:Rd-21,76,数据误差超限
DATA:Rd-21,75,数据误差超限
DATA:Rd-21,75,数据误差超限
DATA:Rd-21,74,数据误差超限
DATA:Rd-21,74,数据误差超限
DATA:Rd-21,73,数据误差超限
DATA:Rd-21,73,数据误差超限
DATA:Rd-21,72,数据误差超限
DATA:Rd-21,72,数据误差超限
DATA:Rd-21,71,数据误差超限
DATA:Rd-21,71,数据误差超限
DATA:Rd-21,70,数据误差超限
DATA:Rd-21,70,数据误差超限
DATA:Rd-21,69,数据误差超限
DATA:Rd-21,69,数据误差超限
DATA:Rd-21,68,数据误差超限
DATA:Rd-21,68,数据误差超限
DATA:Rd-21,67,数据误差超限
DATA:Rd-21,67,数据误差超限
DATA:Rd-21,66,数据误差超限
DATA:Rd-21,66,数据误差超限
DATA:Rd-21,65,数据误差超限
DATA:Rd-21,65,数据误差超限
DATA:Rd-21,64,数据误差超限
DATA:Rd-21,64,数据误差超限
DATA:Rd-21,63,数据误差超限
DATA:Rd-21,63,数据误差超限
DATA:Rd-21,62,数据误差超限
DATA:Rd-21,62,数据误差超限
DATA:Rd-21,61,数据误差超限
DATA:Rd-21,61,数据误差超限
DATA:Rd-21,60,数据误差超限
DATA:Rd-21,60,数据误差超限
DATA:Rd-21,59,数据误差超限
DATA:Rd-21,59,数据误差超限
DATA:Rd-21,58,数据误差超限
DATA:Rd-21,58,数据误差超限
DATA:Rd-21,57,数据误差超限
DATA:Rd-21,57,数据误差超限
DATA:Rd-21,56,数据误差超限
DATA:Rd-21,56,数据误差超限
DATA:Rd-21,55,数据误差超限
DATA:Rd-21,55,数据误差超限
DATA:Rd-21,54,数据误差超限
DATA:Rd-21,54,数据误差超限
DATA:Rd-21,53,数据误差超限
DATA:Rd-21,53,数据误差超限
DATA:Rd-21,52,数据误差超限
DATA:Rd-21,52,数据误差超限
DATA:Rd-21,51,数据误差超限
DATA:Rd-21,51,数据误差超限
DATA:Rd-21,50,数据误差超限
DATA:Rd-21,50,数据误差超限
DATA:Rd-21,49,数据误差超限
DATA:Rd-21,49,数据误差超限
DATA:Rd-21,48,数据误差超限
DATA:Rd-21,48,数据误差超限
DATA:Rd-21,47,数据误差超限
DATA:Rd-21,47,数据误差超限
DATA:Rd-21,46,数据误差超限
DATA:Rd-21,46,数据误差超限
DATA:Rd-21,45,数据误差超限
DATA:Rd-21,45,数据误差超限
DATA:Rd-21,44,数据误差超限
DATA:Rd-21,44,数据误差超限
DATA:Rd-21,43,数据误差超限
DATA:Rd-21,43,数据误差超限
DATA:Rd-21,42,数据误差超限
DATA:Rd-21,42,数据误差超限
DATA:Rd-21,41,数据误差超限
DATA:Rd-21,41,数据误差超限
DATA:Rd-21,40,数据误差超限
DATA:Rd-21,40,数据误差超限
DATA:Rd-21,39,数据误差超限
DATA:Rd-21,39,数据误差超限
DATA:Rd-21,38,数据误差超限
DATA:Rd-21,38,数据误差超限
DATA:Rd-21,37,数据误差超限
DATA:Rd-21,37,数据误差超限
DATA:Rd-21,36,数据误差超限
DATA:Rd-21,36,数据误差超限
DATA:Rd-21,35,数据误差超限
DATA:Rd-21,35,数据误差超限
DATA:Rd-25,437,数据误差超限
FILE:2016-12-02 04:20:06,D:\AWORK\向家坝\向家坝数据\空间公司上报的2016年9月月报及数据\2标段内观\右岸马延坡边坡\马延坡-钢筋计.xlsx
DATA:RⅠBc-2,301,数据误差超限
DATA:RⅠBc-2,302,数据误差超限
DATA:RⅠBc-2,303,数据误差超限
FILE:2016-12-02 04:20:06,D:\AWORK\向家坝\向家坝数据\空间公司上报的2016年9月月报及数据\2标段内观\地下洞室\右岸地下主厂房\主厂房-岩锚梁混凝土钢筋计.xlsx
FILE:2016-12-02 04:20:06,D:\AWORK\向家坝\向家坝数据\空间公司上报的2016年9月月报及数据\2标段内观\地下洞室\右岸地下厂房243高程以下(j)\243高程以下-钢筋计.xlsx
FILE:2016-12-02 04:20:06,D:\AWORK\向家坝\向家坝数据\空间公司上报的2016年9月月报及数据\2标段内观\地下洞室\右岸地下厂房尾水主洞(ab-678)\尾水主洞-钢筋计.xlsx
DATA:Ra6-1,148,数据误差超限
DATA:Ra6-1,149,数据误差超限
DATA:Ra6-1,152,数据误差超限
DATA:Ra7-6,186,数据误差超限
FILE:2016-12-02 04:20:06,D:\AWORK\向家坝\向家坝数据\空间公司上报的2016年9月月报及数据\2标段内观\地下洞室\右岸地下厂房尾水扩散段(w)\尾水扩散段-钢筋计.xlsx
FILE:2016-12-02 04:20:06,D:\AWORK\向家坝\向家坝数据\空间公司上报的2016年9月月报及数据\2标段内观\地下洞室\右岸地下厂房尾水支洞(ab-5)\尾水支洞-钢筋计.xlsx
FILE:2016-12-02 04:20:06,D:\AWORK\向家坝\向家坝数据\空间公司上报的2016年9月月报及数据\2标段内观\地下洞室\右岸地下厂房引水洞(ab-1234)\引水洞-钢筋计.xlsx
FILE:2016-12-02 04:20:06,D:\AWORK\向家坝\向家坝数据\空间公司上报的2016年9月月报及数据\2标段内观\地下洞室\右岸地下厂房水轮机蜗壳(o)\蜗壳-钢筋计.xlsx
FILE:2016-12-02 04:20:06,D:\AWORK\向家坝\向家坝数据\空间公司上报的2016年9月月报及数据\2标段内观\地下洞室\右岸进厂交通洞\右岸交通洞-差阻式钢筋计.xlsx
FILE:2016-12-02 04:20:06,D:\AWORK\向家坝\向家坝数据\空间公司上报的2016年9月月报及数据\2标段内观\太平料场边坡\太平料场-差阻式钢筋计.xlsx
FILE:2016-12-02 04:20:06,D:\AWORK\向家坝\向家坝数据\空间公司上报的2016年9月月报及数据\2标段内观\太平料场边坡\太平料场-振弦式钢筋计.xlsx
DATA:Rz-9,327,数据误差超限
DATA:Rz-10,229,数据误差超限
DATA:Rz-11,326,数据误差超限
DATA:Rz-12,327,数据误差超限
DATA:Rz-16,299,数据误差超限
DATA:Rz-21,299,数据误差超限
DATA:Rz-21,300,数据误差超限
DATA:Rz-21,301,数据误差超限
DATA:Rz-24,299,数据误差超限
DATA:Rz-24,300,数据误差超限
DATA:Rz-24,301,数据误差超限
DATA:Rz-27,4,测值异常
DATA:Rz-27,300,数据误差超限
DATA:Rz-28,4,测值异常
DATA:Rz-29,4,测值异常
DATA:Rz-30,4,测值异常
DATA:Rz-31,4,测值异常
DATA:Rz-31,301,数据误差超限
FILE:2016-12-02 04:20:06,D:\AWORK\向家坝\向家坝数据\空间公司上报的2016年9月月报及数据\2标段内观\尾渣坝-右岸护坡\右岸护坡-钢筋计.xlsx
FILE:2016-12-02 04:20:06,D:\AWORK\向家坝\向家坝数据\空间公司上报的2016年9月月报及数据\2标段内观\左岸高边坡\钢筋计\交通洞钢筋计.xlsx
FILE:2016-12-02 04:20:06,D:\AWORK\向家坝\向家坝数据\空间公司上报的2016年9月月报及数据\2标段内观\左岸高边坡\钢筋计\钢筋桩钢筋计.xlsx
FILE:2016-12-02 04:20:06,D:\AWORK\向家坝\向家坝数据\空间公司上报的2016年9月月报及数据\2标段内观\进水口边坡\进水口边坡-钢筋桩钢筋计.xlsx
DATA:Rc-5,533,数据误差超限
DATA:Rc-7,525,数据误差超限
DATA:Rc-9,533,数据误差超限
DATA:Rc-11,541,数据误差超限
DATA:Rc-17,501,数据误差超限
FILE:2016-12-02 05:21:53,D:\AWORK\向家坝\向家坝数据\9月数据(2016.9)\9月数据\钢筋计、钢板计、锚杆应力计、压应力计\钢筋计\11#机钢筋计.xlsx
FILE:2016-12-02 05:21:53,D:\AWORK\向家坝\向家坝数据\9月数据(2016.9)\9月数据\钢筋计、钢板计、锚杆应力计、压应力计\钢筋计\二期主体钢筋计(E.F.G.H.L).xlsx
DATA:RF-20,237,数据误差超限
DATA:RF-20,238,数据误差超限
DATA:RF-20,239,数据误差超限
FILE:2016-12-02 05:21:53,D:\AWORK\向家坝\向家坝数据\9月数据(2016.9)\9月数据\钢筋计、钢板计、锚杆应力计、压应力计\钢筋计\二期主体钢筋计（J.Z.N）.xlsx
DATA:RZ2-22,97,数据误差超限
DATA:RZ2-22,98,数据误差超限
DATA:RZ2-24,207,数据误差超限
DATA:RZ2-24,208,数据误差超限
DATA:RZ2-24,209,数据误差超限
DATA:RZ2-24,213,数据误差超限
DATA:RZ2-24,215,数据误差超限
DATA:RZ2-24,217,数据误差超限
DATA:RZ2-24,223,数据误差超限
DATA:RZ2-24,224,数据误差超限
DATA:RZ2-24,225,数据误差超限
DATA:RZ2-24,232,数据误差超限
DATA:RZ2-24,233,数据误差超限
DATA:RZ2-24,234,数据误差超限
FILE:2016-12-02 05:21:53,D:\AWORK\向家坝\向家坝数据\9月数据(2016.9)\9月数据\钢筋计、钢板计、锚杆应力计、压应力计\钢筋计\钢筋计（一期）.xlsx
FILE:2016-12-02 05:21:53,D:\AWORK\向家坝\向家坝数据\干渠9月工程数据库\南干渠监测数据\钢筋计.xlsx
FILE:2016-12-02 05:21:53,D:\AWORK\向家坝\向家坝数据\空间公司上报的2016年9月月报及数据\2标段内观\出水口边坡\出水口边坡-钢筋桩钢筋计.xlsx
DATA:Rd-3,484,数据误差超限
DATA:Rd-21,85,数据误差超限
DATA:Rd-21,84,数据误差超限
DATA:Rd-21,84,数据误差超限
DATA:Rd-21,83,数据误差超限
DATA:Rd-21,83,数据误差超限
DATA:Rd-21,82,数据误差超限
DATA:Rd-21,82,数据误差超限
DATA:Rd-21,81,数据误差超限
DATA:Rd-21,81,数据误差超限
DATA:Rd-21,80,数据误差超限
DATA:Rd-21,80,数据误差超限
DATA:Rd-21,79,数据误差超限
DATA:Rd-21,79,数据误差超限
DATA:Rd-21,78,数据误差超限
DATA:Rd-21,78,数据误差超限
DATA:Rd-21,77,数据误差超限
DATA:Rd-21,77,数据误差超限
DATA:Rd-21,76,数据误差超限
DATA:Rd-21,76,数据误差超限
DATA:Rd-21,75,数据误差超限
DATA:Rd-21,75,数据误差超限
DATA:Rd-21,74,数据误差超限
DATA:Rd-21,74,数据误差超限
DATA:Rd-21,73,数据误差超限
DATA:Rd-21,73,数据误差超限
DATA:Rd-21,72,数据误差超限
DATA:Rd-21,72,数据误差超限
DATA:Rd-21,71,数据误差超限
DATA:Rd-21,71,数据误差超限
DATA:Rd-21,70,数据误差超限
DATA:Rd-21,70,数据误差超限
DATA:Rd-21,69,数据误差超限
DATA:Rd-21,69,数据误差超限
DATA:Rd-21,68,数据误差超限
DATA:Rd-21,68,数据误差超限
DATA:Rd-21,67,数据误差超限
DATA:Rd-21,67,数据误差超限
DATA:Rd-21,66,数据误差超限
DATA:Rd-21,66,数据误差超限
DATA:Rd-21,65,数据误差超限
DATA:Rd-21,65,数据误差超限
DATA:Rd-21,64,数据误差超限
DATA:Rd-21,64,数据误差超限
DATA:Rd-21,63,数据误差超限
DATA:Rd-21,63,数据误差超限
DATA:Rd-21,62,数据误差超限
DATA:Rd-21,62,数据误差超限
DATA:Rd-21,61,数据误差超限
DATA:Rd-21,61,数据误差超限
DATA:Rd-21,60,数据误差超限
DATA:Rd-21,60,数据误差超限
DATA:Rd-21,59,数据误差超限
DATA:Rd-21,59,数据误差超限
DATA:Rd-21,58,数据误差超限
DATA:Rd-21,58,数据误差超限
DATA:Rd-21,57,数据误差超限
DATA:Rd-21,57,数据误差超限
DATA:Rd-21,56,数据误差超限
DATA:Rd-21,56,数据误差超限
DATA:Rd-21,55,数据误差超限
DATA:Rd-21,55,数据误差超限
DATA:Rd-21,54,数据误差超限
DATA:Rd-21,54,数据误差超限
DATA:Rd-21,53,数据误差超限
DATA:Rd-21,53,数据误差超限
DATA:Rd-21,52,数据误差超限
DATA:Rd-21,52,数据误差超限
DATA:Rd-21,51,数据误差超限
DATA:Rd-21,51,数据误差超限
DATA:Rd-21,50,数据误差超限
DATA:Rd-21,50,数据误差超限
DATA:Rd-21,49,数据误差超限
DATA:Rd-21,49,数据误差超限
DATA:Rd-21,48,数据误差超限
DATA:Rd-21,48,数据误差超限
DATA:Rd-21,47,数据误差超限
DATA:Rd-21,47,数据误差超限
DATA:Rd-21,46,数据误差超限
DATA:Rd-21,46,数据误差超限
DATA:Rd-21,45,数据误差超限
DATA:Rd-21,45,数据误差超限
DATA:Rd-21,44,数据误差超限
DATA:Rd-21,44,数据误差超限
DATA:Rd-21,43,数据误差超限
DATA:Rd-21,43,数据误差超限
DATA:Rd-21,42,数据误差超限
DATA:Rd-21,42,数据误差超限
DATA:Rd-21,41,数据误差超限
DATA:Rd-21,41,数据误差超限
DATA:Rd-21,40,数据误差超限
DATA:Rd-21,40,数据误差超限
DATA:Rd-21,39,数据误差超限
DATA:Rd-21,39,数据误差超限
DATA:Rd-25,437,数据误差超限
FILE:2016-12-02 05:21:53,D:\AWORK\向家坝\向家坝数据\空间公司上报的2016年9月月报及数据\2标段内观\右岸马延坡边坡\马延坡-钢筋计.xlsx
DATA:RⅠBc-2,303,数据误差超限
FILE:2016-12-02 05:21:53,D:\AWORK\向家坝\向家坝数据\空间公司上报的2016年9月月报及数据\2标段内观\地下洞室\右岸地下主厂房\主厂房-岩锚梁混凝土钢筋计.xlsx
FILE:2016-12-02 05:21:53,D:\AWORK\向家坝\向家坝数据\空间公司上报的2016年9月月报及数据\2标段内观\地下洞室\右岸地下厂房243高程以下(j)\243高程以下-钢筋计.xlsx
FILE:2016-12-02 05:21:53,D:\AWORK\向家坝\向家坝数据\空间公司上报的2016年9月月报及数据\2标段内观\地下洞室\右岸地下厂房尾水主洞(ab-678)\尾水主洞-钢筋计.xlsx
DATA:Ra6-1,151,数据误差超限
DATA:Ra6-1,152,数据误差超限
FILE:2016-12-02 05:21:53,D:\AWORK\向家坝\向家坝数据\空间公司上报的2016年9月月报及数据\2标段内观\地下洞室\右岸地下厂房尾水扩散段(w)\尾水扩散段-钢筋计.xlsx
FILE:2016-12-02 05:21:53,D:\AWORK\向家坝\向家坝数据\空间公司上报的2016年9月月报及数据\2标段内观\地下洞室\右岸地下厂房尾水支洞(ab-5)\尾水支洞-钢筋计.xlsx
FILE:2016-12-02 05:21:53,D:\AWORK\向家坝\向家坝数据\空间公司上报的2016年9月月报及数据\2标段内观\地下洞室\右岸地下厂房引水洞(ab-1234)\引水洞-钢筋计.xlsx
FILE:2016-12-02 05:21:53,D:\AWORK\向家坝\向家坝数据\空间公司上报的2016年9月月报及数据\2标段内观\地下洞室\右岸地下厂房水轮机蜗壳(o)\蜗壳-钢筋计.xlsx
FILE:2016-12-02 05:21:53,D:\AWORK\向家坝\向家坝数据\空间公司上报的2016年9月月报及数据\2标段内观\地下洞室\右岸进厂交通洞\右岸交通洞-差阻式钢筋计.xlsx
FILE:2016-12-02 05:21:53,D:\AWORK\向家坝\向家坝数据\空间公司上报的2016年9月月报及数据\2标段内观\太平料场边坡\太平料场-差阻式钢筋计.xlsx
FILE:2016-12-02 05:21:53,D:\AWORK\向家坝\向家坝数据\空间公司上报的2016年9月月报及数据\2标段内观\太平料场边坡\太平料场-振弦式钢筋计.xlsx
DATA:Rz-27,4,测值异常
DATA:Rz-28,4,测值异常
DATA:Rz-29,4,测值异常
DATA:Rz-30,4,测值异常
DATA:Rz-31,4,测值异常
FILE:2016-12-02 05:21:53,D:\AWORK\向家坝\向家坝数据\空间公司上报的2016年9月月报及数据\2标段内观\尾渣坝-右岸护坡\右岸护坡-钢筋计.xlsx
FILE:2016-12-02 05:21:53,D:\AWORK\向家坝\向家坝数据\空间公司上报的2016年9月月报及数据\2标段内观\左岸高边坡\钢筋计\交通洞钢筋计.xlsx
FILE:2016-12-02 05:21:53,D:\AWORK\向家坝\向家坝数据\空间公司上报的2016年9月月报及数据\2标段内观\左岸高边坡\钢筋计\钢筋桩钢筋计.xlsx
FILE:2016-12-02 05:21:53,D:\AWORK\向家坝\向家坝数据\空间公司上报的2016年9月月报及数据\2标段内观\进水口边坡\进水口边坡-钢筋桩钢筋计.xlsx
DATA:Rc-5,533,数据误差超限
DATA:Rc-11,541,数据误差超限
DATA:Rc-17,501,数据误差超限
FILE:2016-12-02 06:04:40,D:\AWORK\向家坝\向家坝数据\9月数据(2016.9)\9月数据\钢筋计、钢板计、锚杆应力计、压应力计\钢筋计\11#机钢筋计.xlsx
FILE:2016-12-02 06:04:40,D:\AWORK\向家坝\向家坝数据\9月数据(2016.9)\9月数据\钢筋计、钢板计、锚杆应力计、压应力计\钢筋计\二期主体钢筋计(E.F.G.H.L).xlsx
DATA:RF-20,237,数据误差超限
DATA:RF-20,238,数据误差超限
DATA:RF-20,239,数据误差超限
FILE:2016-12-02 06:04:40,D:\AWORK\向家坝\向家坝数据\9月数据(2016.9)\9月数据\钢筋计、钢板计、锚杆应力计、压应力计\钢筋计\二期主体钢筋计（J.Z.N）.xlsx
DATA:RZ2-22,97,数据误差超限
DATA:RZ2-22,98,数据误差超限
DATA:RZ2-24,201,数据误差超限
DATA:RZ2-24,202,数据误差超限
DATA:RZ2-24,203,数据误差超限
DATA:RZ2-24,204,数据误差超限
DATA:RZ2-24,207,数据误差超限
DATA:RZ2-24,208,数据误差超限
DATA:RZ2-24,209,数据误差超限
DATA:RZ2-24,215,数据误差超限
DATA:RZ2-24,217,数据误差超限
DATA:RZ2-24,223,数据误差超限
DATA:RZ2-24,224,数据误差超限
DATA:RZ2-24,225,数据误差超限
DATA:RZ2-24,232,数据误差超限
DATA:RZ2-24,233,数据误差超限
DATA:RZ2-24,234,数据误差超限
FILE:2016-12-02 06:04:40,D:\AWORK\向家坝\向家坝数据\9月数据(2016.9)\9月数据\钢筋计、钢板计、锚杆应力计、压应力计\钢筋计\钢筋计（一期）.xlsx
FILE:2016-12-02 06:04:40,D:\AWORK\向家坝\向家坝数据\干渠9月工程数据库\南干渠监测数据\钢筋计.xlsx
FILE:2016-12-02 06:04:40,D:\AWORK\向家坝\向家坝数据\空间公司上报的2016年9月月报及数据\2标段内观\出水口边坡\出水口边坡-钢筋桩钢筋计.xlsx
DATA:Rd-3,484,数据误差超限
DATA:Rd-5,487,数据误差超限
DATA:Rd-9,479,数据误差超限
DATA:Rd-11,467,数据误差超限
DATA:Rd-21,87,数据误差超限
DATA:Rd-21,87,数据误差超限
DATA:Rd-21,85,数据误差超限
DATA:Rd-21,84,数据误差超限
DATA:Rd-21,84,数据误差超限
DATA:Rd-21,83,数据误差超限
DATA:Rd-21,83,数据误差超限
DATA:Rd-21,82,数据误差超限
DATA:Rd-21,82,数据误差超限
DATA:Rd-21,81,数据误差超限
DATA:Rd-21,81,数据误差超限
DATA:Rd-21,80,数据误差超限
DATA:Rd-21,80,数据误差超限
DATA:Rd-21,79,数据误差超限
DATA:Rd-21,79,数据误差超限
DATA:Rd-21,78,数据误差超限
DATA:Rd-21,78,数据误差超限
DATA:Rd-21,77,数据误差超限
DATA:Rd-21,77,数据误差超限
DATA:Rd-21,76,数据误差超限
DATA:Rd-21,76,数据误差超限
DATA:Rd-21,75,数据误差超限
DATA:Rd-21,75,数据误差超限
DATA:Rd-21,74,数据误差超限
DATA:Rd-21,74,数据误差超限
DATA:Rd-21,73,数据误差超限
DATA:Rd-21,73,数据误差超限
DATA:Rd-21,72,数据误差超限
DATA:Rd-21,72,数据误差超限
DATA:Rd-21,71,数据误差超限
DATA:Rd-21,71,数据误差超限
DATA:Rd-21,70,数据误差超限
DATA:Rd-21,70,数据误差超限
DATA:Rd-21,69,数据误差超限
DATA:Rd-21,69,数据误差超限
DATA:Rd-21,68,数据误差超限
DATA:Rd-21,68,数据误差超限
DATA:Rd-21,67,数据误差超限
DATA:Rd-21,67,数据误差超限
DATA:Rd-21,66,数据误差超限
DATA:Rd-21,66,数据误差超限
DATA:Rd-21,65,数据误差超限
DATA:Rd-21,65,数据误差超限
DATA:Rd-21,64,数据误差超限
DATA:Rd-21,64,数据误差超限
DATA:Rd-21,63,数据误差超限
DATA:Rd-21,63,数据误差超限
DATA:Rd-21,62,数据误差超限
DATA:Rd-21,62,数据误差超限
DATA:Rd-21,61,数据误差超限
DATA:Rd-21,61,数据误差超限
DATA:Rd-21,60,数据误差超限
DATA:Rd-21,60,数据误差超限
DATA:Rd-21,59,数据误差超限
DATA:Rd-21,59,数据误差超限
DATA:Rd-21,58,数据误差超限
DATA:Rd-21,58,数据误差超限
DATA:Rd-21,57,数据误差超限
DATA:Rd-21,57,数据误差超限
DATA:Rd-21,56,数据误差超限
DATA:Rd-21,56,数据误差超限
DATA:Rd-21,55,数据误差超限
DATA:Rd-21,55,数据误差超限
DATA:Rd-21,54,数据误差超限
DATA:Rd-21,54,数据误差超限
DATA:Rd-21,53,数据误差超限
DATA:Rd-21,53,数据误差超限
DATA:Rd-21,52,数据误差超限
DATA:Rd-21,52,数据误差超限
DATA:Rd-21,51,数据误差超限
DATA:Rd-21,51,数据误差超限
DATA:Rd-21,50,数据误差超限
DATA:Rd-21,50,数据误差超限
DATA:Rd-21,49,数据误差超限
DATA:Rd-21,49,数据误差超限
DATA:Rd-21,48,数据误差超限
DATA:Rd-21,48,数据误差超限
DATA:Rd-21,47,数据误差超限
DATA:Rd-21,47,数据误差超限
DATA:Rd-21,46,数据误差超限
DATA:Rd-21,46,数据误差超限
DATA:Rd-21,45,数据误差超限
DATA:Rd-21,45,数据误差超限
DATA:Rd-21,44,数据误差超限
DATA:Rd-21,44,数据误差超限
DATA:Rd-21,43,数据误差超限
DATA:Rd-21,43,数据误差超限
DATA:Rd-21,42,数据误差超限
DATA:Rd-21,42,数据误差超限
DATA:Rd-21,41,数据误差超限
DATA:Rd-21,41,数据误差超限
DATA:Rd-21,40,数据误差超限
DATA:Rd-21,40,数据误差超限
DATA:Rd-21,39,数据误差超限
DATA:Rd-21,39,数据误差超限
DATA:Rd-21,38,数据误差超限
DATA:Rd-21,38,数据误差超限
DATA:Rd-21,37,数据误差超限
DATA:Rd-21,37,数据误差超限
DATA:Rd-21,36,数据误差超限
DATA:Rd-21,36,数据误差超限
DATA:Rd-21,35,数据误差超限
DATA:Rd-21,35,数据误差超限
DATA:Rd-25,437,数据误差超限
FILE:2016-12-02 06:04:40,D:\AWORK\向家坝\向家坝数据\空间公司上报的2016年9月月报及数据\2标段内观\右岸马延坡边坡\马延坡-钢筋计.xlsx
DATA:RⅠBc-2,301,数据误差超限
DATA:RⅠBc-2,302,数据误差超限
DATA:RⅠBc-2,303,数据误差超限
FILE:2016-12-02 06:04:40,D:\AWORK\向家坝\向家坝数据\空间公司上报的2016年9月月报及数据\2标段内观\地下洞室\右岸地下主厂房\主厂房-岩锚梁混凝土钢筋计.xlsx
FILE:2016-12-02 06:04:40,D:\AWORK\向家坝\向家坝数据\空间公司上报的2016年9月月报及数据\2标段内观\地下洞室\右岸地下厂房243高程以下(j)\243高程以下-钢筋计.xlsx
FILE:2016-12-02 06:04:40,D:\AWORK\向家坝\向家坝数据\空间公司上报的2016年9月月报及数据\2标段内观\地下洞室\右岸地下厂房尾水主洞(ab-678)\尾水主洞-钢筋计.xlsx
DATA:Ra6-1,148,数据误差超限
DATA:Ra6-1,149,数据误差超限
DATA:Ra6-1,152,数据误差超限
DATA:Ra7-6,186,数据误差超限
FILE:2016-12-02 06:04:40,D:\AWORK\向家坝\向家坝数据\空间公司上报的2016年9月月报及数据\2标段内观\地下洞室\右岸地下厂房尾水扩散段(w)\尾水扩散段-钢筋计.xlsx
FILE:2016-12-02 06:04:40,D:\AWORK\向家坝\向家坝数据\空间公司上报的2016年9月月报及数据\2标段内观\地下洞室\右岸地下厂房尾水支洞(ab-5)\尾水支洞-钢筋计.xlsx
FILE:2016-12-02 06:04:40,D:\AWORK\向家坝\向家坝数据\空间公司上报的2016年9月月报及数据\2标段内观\地下洞室\右岸地下厂房引水洞(ab-1234)\引水洞-钢筋计.xlsx
FILE:2016-12-02 06:04:40,D:\AWORK\向家坝\向家坝数据\空间公司上报的2016年9月月报及数据\2标段内观\地下洞室\右岸地下厂房水轮机蜗壳(o)\蜗壳-钢筋计.xlsx
FILE:2016-12-02 06:04:40,D:\AWORK\向家坝\向家坝数据\空间公司上报的2016年9月月报及数据\2标段内观\地下洞室\右岸进厂交通洞\右岸交通洞-差阻式钢筋计.xlsx
FILE:2016-12-02 06:04:40,D:\AWORK\向家坝\向家坝数据\空间公司上报的2016年9月月报及数据\2标段内观\太平料场边坡\太平料场-差阻式钢筋计.xlsx
FILE:2016-12-02 06:04:40,D:\AWORK\向家坝\向家坝数据\空间公司上报的2016年9月月报及数据\2标段内观\太平料场边坡\太平料场-振弦式钢筋计.xlsx
DATA:Rz-9,327,数据误差超限
DATA:Rz-10,229,数据误差超限
DATA:Rz-11,326,数据误差超限
DATA:Rz-12,327,数据误差超限
DATA:Rz-16,299,数据误差超限
DATA:Rz-21,299,数据误差超限
DATA:Rz-21,300,数据误差超限
DATA:Rz-21,301,数据误差超限
DATA:Rz-24,299,数据误差超限
DATA:Rz-24,300,数据误差超限
DATA:Rz-24,301,数据误差超限
DATA:Rz-27,4,测值异常
DATA:Rz-27,300,数据误差超限
DATA:Rz-28,4,测值异常
DATA:Rz-29,4,测值异常
DATA:Rz-30,4,测值异常
DATA:Rz-31,4,测值异常
DATA:Rz-31,301,数据误差超限
FILE:2016-12-02 06:04:40,D:\AWORK\向家坝\向家坝数据\空间公司上报的2016年9月月报及数据\2标段内观\尾渣坝-右岸护坡\右岸护坡-钢筋计.xlsx
FILE:2016-12-02 06:04:40,D:\AWORK\向家坝\向家坝数据\空间公司上报的2016年9月月报及数据\2标段内观\左岸高边坡\钢筋计\交通洞钢筋计.xlsx
FILE:2016-12-02 06:04:40,D:\AWORK\向家坝\向家坝数据\空间公司上报的2016年9月月报及数据\2标段内观\左岸高边坡\钢筋计\钢筋桩钢筋计.xlsx
FILE:2016-12-02 06:04:40,D:\AWORK\向家坝\向家坝数据\空间公司上报的2016年9月月报及数据\2标段内观\进水口边坡\进水口边坡-钢筋桩钢筋计.xlsx
DATA:Rc-5,533,数据误差超限
DATA:Rc-7,525,数据误差超限
DATA:Rc-9,533,数据误差超限
DATA:Rc-11,541,数据误差超限
DATA:Rc-17,501,数据误差超限
