FILE:2016-10-25 10:22:45,D:\AWORK\向家坝\向家坝数据\干渠9月工程数据库\北干渠监测数据\多点位移计.xlsx
FILE:2016-10-25 10:22:45,D:\AWORK\向家坝\向家坝数据\9月数据(2016.9)\9月数据\基岩变位计、回弹仪\回弹仪（一+二期）.xlsx
FILE:2016-10-25 10:22:45,D:\AWORK\向家坝\向家坝数据\空间公司上报的2016年9月月报及数据\2标段内观\地下洞室\右岸地下厂房通风洞\通风洞-多点位移计.xlsx
FILE:2016-10-25 10:22:45,D:\AWORK\向家坝\向家坝数据\空间公司上报的2016年9月月报及数据\2标段内观\太平料场边坡\太平料场-多点位移计.xlsx
FILE:2016-10-25 10:22:45,D:\AWORK\向家坝\向家坝数据\空间公司上报的2016年9月月报及数据\2标段内观\出水口边坡\出水口边坡-多点位移计.xlsx
FILE:2016-10-25 10:22:45,D:\AWORK\向家坝\向家坝数据\空间公司上报的2016年9月月报及数据\2标段内观\地下洞室\右岸地下厂房尾水支洞(ab-5)\尾水支洞-多点位移计.xlsx
FILE:2016-10-25 10:22:45,D:\AWORK\向家坝\向家坝数据\9月数据(2016.9)\9月数据\多点位移计\多点位移计（一期）.xlsx
FILE:2016-10-25 10:22:45,D:\AWORK\向家坝\向家坝数据\空间公司上报的2016年9月月报及数据\2标段内观\左岸高边坡\多点位移计\多点位移计.xlsx
FILE:2016-10-25 10:22:45,D:\AWORK\向家坝\向家坝数据\空间公司上报的2016年9月月报及数据\2标段内观\地下洞室\右岸进厂交通洞\右岸交通洞-多点位移计.xlsx
FILE:2016-10-25 10:22:45,D:\AWORK\向家坝\向家坝数据\空间公司上报的2016年9月月报及数据\2标段内观\左岸高边坡\多点位移计\交通洞多点位移计.xlsx
FILE:2016-10-25 10:22:45,D:\AWORK\向家坝\向家坝数据\空间公司上报的2016年9月月报及数据\2标段内观\进水口边坡\进水口边坡-多点位移计.xlsx
FILE:2016-10-25 10:22:45,D:\AWORK\向家坝\向家坝数据\空间公司上报的2016年9月月报及数据\2标段内观\地下洞室\右岸地下厂房尾水主洞(ab-678)\尾水主洞-多点位移计.xlsx
FILE:2016-10-25 10:22:45,D:\AWORK\向家坝\向家坝数据\空间公司上报的2016年9月月报及数据\2标段内观\地下洞室\右岸地下主厂房\主厂房-多点位移计.xlsx
FILE:2016-10-25 10:22:45,D:\AWORK\向家坝\向家坝数据\空间公司上报的2016年9月月报及数据\2标段内观\地下洞室\右岸地下厂房尾水扩散段(w)\尾水扩散段-多点位移计.xlsx
FILE:2016-10-25 10:22:45,D:\AWORK\向家坝\向家坝数据\空间公司上报的2016年9月月报及数据\2标段内观\地下洞室\右岸地下厂房引水洞(ab-1234)\引水洞-多点位移计.xlsx
FILE:2016-10-25 10:22:45,D:\AWORK\向家坝\向家坝数据\空间公司上报的2016年9月月报及数据\2标段内观\地下洞室\右岸地下厂房主变洞\主变洞-多点位移计.xlsx
FILE:2016-10-25 10:26:44,D:\AWORK\向家坝\向家坝数据\干渠9月工程数据库\北干渠监测数据\多点位移计.xlsx
FILE:2016-10-25 10:26:44,D:\AWORK\向家坝\向家坝数据\9月数据(2016.9)\9月数据\基岩变位计、回弹仪\回弹仪（一+二期）.xlsx
FILE:2016-10-25 10:26:44,D:\AWORK\向家坝\向家坝数据\空间公司上报的2016年9月月报及数据\2标段内观\地下洞室\右岸地下厂房通风洞\通风洞-多点位移计.xlsx
FILE:2016-10-25 10:26:44,D:\AWORK\向家坝\向家坝数据\空间公司上报的2016年9月月报及数据\2标段内观\太平料场边坡\太平料场-多点位移计.xlsx
FILE:2016-10-25 10:26:44,D:\AWORK\向家坝\向家坝数据\空间公司上报的2016年9月月报及数据\2标段内观\出水口边坡\出水口边坡-多点位移计.xlsx
FILE:2016-10-25 10:26:44,D:\AWORK\向家坝\向家坝数据\空间公司上报的2016年9月月报及数据\2标段内观\地下洞室\右岸地下厂房尾水支洞(ab-5)\尾水支洞-多点位移计.xlsx
FILE:2016-10-25 10:26:44,D:\AWORK\向家坝\向家坝数据\空间公司上报的2016年9月月报及数据\2标段内观\左岸高边坡\多点位移计\多点位移计.xlsx
FILE:2016-10-25 10:26:44,D:\AWORK\向家坝\向家坝数据\9月数据(2016.9)\9月数据\多点位移计\多点位移计（一期）.xlsx
FILE:2016-10-25 10:26:44,D:\AWORK\向家坝\向家坝数据\空间公司上报的2016年9月月报及数据\2标段内观\地下洞室\右岸进厂交通洞\右岸交通洞-多点位移计.xlsx
FILE:2016-10-25 10:26:44,D:\AWORK\向家坝\向家坝数据\空间公司上报的2016年9月月报及数据\2标段内观\左岸高边坡\多点位移计\交通洞多点位移计.xlsx
FILE:2016-10-25 10:26:44,D:\AWORK\向家坝\向家坝数据\空间公司上报的2016年9月月报及数据\2标段内观\进水口边坡\进水口边坡-多点位移计.xlsx
FILE:2016-10-25 10:26:44,D:\AWORK\向家坝\向家坝数据\空间公司上报的2016年9月月报及数据\2标段内观\地下洞室\右岸地下厂房尾水主洞(ab-678)\尾水主洞-多点位移计.xlsx
FILE:2016-10-25 10:26:44,D:\AWORK\向家坝\向家坝数据\空间公司上报的2016年9月月报及数据\2标段内观\地下洞室\右岸地下主厂房\主厂房-多点位移计.xlsx
FILE:2016-10-25 10:26:44,D:\AWORK\向家坝\向家坝数据\空间公司上报的2016年9月月报及数据\2标段内观\地下洞室\右岸地下厂房尾水扩散段(w)\尾水扩散段-多点位移计.xlsx
FILE:2016-10-25 10:26:44,D:\AWORK\向家坝\向家坝数据\空间公司上报的2016年9月月报及数据\2标段内观\地下洞室\右岸地下厂房引水洞(ab-1234)\引水洞-多点位移计.xlsx
FILE:2016-10-25 10:26:44,D:\AWORK\向家坝\向家坝数据\空间公司上报的2016年9月月报及数据\2标段内观\地下洞室\右岸地下厂房主变洞\主变洞-多点位移计.xlsx
FILE:2016-10-25 10:29:12,D:\AWORK\向家坝\向家坝数据\干渠9月工程数据库\北干渠监测数据\多点位移计.xlsx
FILE:2016-10-25 10:29:12,D:\AWORK\向家坝\向家坝数据\9月数据(2016.9)\9月数据\基岩变位计、回弹仪\回弹仪（一+二期）.xlsx
FILE:2016-10-25 10:29:12,D:\AWORK\向家坝\向家坝数据\空间公司上报的2016年9月月报及数据\2标段内观\地下洞室\右岸地下厂房通风洞\通风洞-多点位移计.xlsx
FILE:2016-10-25 10:29:12,D:\AWORK\向家坝\向家坝数据\空间公司上报的2016年9月月报及数据\2标段内观\太平料场边坡\太平料场-多点位移计.xlsx
FILE:2016-10-25 10:29:12,D:\AWORK\向家坝\向家坝数据\空间公司上报的2016年9月月报及数据\2标段内观\出水口边坡\出水口边坡-多点位移计.xlsx
FILE:2016-10-25 10:29:12,D:\AWORK\向家坝\向家坝数据\空间公司上报的2016年9月月报及数据\2标段内观\地下洞室\右岸地下厂房尾水支洞(ab-5)\尾水支洞-多点位移计.xlsx
FILE:2016-10-25 10:29:12,D:\AWORK\向家坝\向家坝数据\9月数据(2016.9)\9月数据\多点位移计\多点位移计（一期）.xlsx
FILE:2016-10-25 10:29:12,D:\AWORK\向家坝\向家坝数据\空间公司上报的2016年9月月报及数据\2标段内观\左岸高边坡\多点位移计\多点位移计.xlsx
FILE:2016-10-25 10:29:12,D:\AWORK\向家坝\向家坝数据\空间公司上报的2016年9月月报及数据\2标段内观\地下洞室\右岸进厂交通洞\右岸交通洞-多点位移计.xlsx
FILE:2016-10-25 10:29:12,D:\AWORK\向家坝\向家坝数据\空间公司上报的2016年9月月报及数据\2标段内观\左岸高边坡\多点位移计\交通洞多点位移计.xlsx
FILE:2016-10-25 10:29:12,D:\AWORK\向家坝\向家坝数据\空间公司上报的2016年9月月报及数据\2标段内观\进水口边坡\进水口边坡-多点位移计.xlsx
FILE:2016-10-25 10:29:12,D:\AWORK\向家坝\向家坝数据\空间公司上报的2016年9月月报及数据\2标段内观\地下洞室\右岸地下厂房尾水主洞(ab-678)\尾水主洞-多点位移计.xlsx
FILE:2016-10-25 10:29:12,D:\AWORK\向家坝\向家坝数据\空间公司上报的2016年9月月报及数据\2标段内观\地下洞室\右岸地下厂房尾水扩散段(w)\尾水扩散段-多点位移计.xlsx
FILE:2016-10-25 10:29:12,D:\AWORK\向家坝\向家坝数据\空间公司上报的2016年9月月报及数据\2标段内观\地下洞室\右岸地下主厂房\主厂房-多点位移计.xlsx
FILE:2016-10-25 10:29:12,D:\AWORK\向家坝\向家坝数据\空间公司上报的2016年9月月报及数据\2标段内观\地下洞室\右岸地下厂房引水洞(ab-1234)\引水洞-多点位移计.xlsx
FILE:2016-10-25 10:29:12,D:\AWORK\向家坝\向家坝数据\空间公司上报的2016年9月月报及数据\2标段内观\地下洞室\右岸地下厂房主变洞\主变洞-多点位移计.xlsx
FILE:2016-10-25 10:37:15,D:\AWORK\向家坝\向家坝数据\干渠9月工程数据库\北干渠监测数据\多点位移计.xlsx
FILE:2016-10-25 10:37:15,D:\AWORK\向家坝\向家坝数据\9月数据(2016.9)\9月数据\基岩变位计、回弹仪\回弹仪（一+二期）.xlsx
FILE:2016-10-25 10:37:15,D:\AWORK\向家坝\向家坝数据\空间公司上报的2016年9月月报及数据\2标段内观\地下洞室\右岸地下厂房通风洞\通风洞-多点位移计.xlsx
FILE:2016-10-25 10:37:15,D:\AWORK\向家坝\向家坝数据\空间公司上报的2016年9月月报及数据\2标段内观\太平料场边坡\太平料场-多点位移计.xlsx
FILE:2016-10-25 10:37:15,D:\AWORK\向家坝\向家坝数据\空间公司上报的2016年9月月报及数据\2标段内观\出水口边坡\出水口边坡-多点位移计.xlsx
FILE:2016-10-25 10:37:15,D:\AWORK\向家坝\向家坝数据\9月数据(2016.9)\9月数据\多点位移计\多点位移计（一期）.xlsx
FILE:2016-10-25 10:37:15,D:\AWORK\向家坝\向家坝数据\空间公司上报的2016年9月月报及数据\2标段内观\地下洞室\右岸地下厂房尾水支洞(ab-5)\尾水支洞-多点位移计.xlsx
FILE:2016-10-25 10:37:15,D:\AWORK\向家坝\向家坝数据\空间公司上报的2016年9月月报及数据\2标段内观\左岸高边坡\多点位移计\多点位移计.xlsx
FILE:2016-10-25 10:37:15,D:\AWORK\向家坝\向家坝数据\空间公司上报的2016年9月月报及数据\2标段内观\地下洞室\右岸进厂交通洞\右岸交通洞-多点位移计.xlsx
FILE:2016-10-25 10:37:15,D:\AWORK\向家坝\向家坝数据\空间公司上报的2016年9月月报及数据\2标段内观\左岸高边坡\多点位移计\交通洞多点位移计.xlsx
FILE:2016-10-25 10:37:15,D:\AWORK\向家坝\向家坝数据\空间公司上报的2016年9月月报及数据\2标段内观\进水口边坡\进水口边坡-多点位移计.xlsx
FILE:2016-10-25 10:37:15,D:\AWORK\向家坝\向家坝数据\空间公司上报的2016年9月月报及数据\2标段内观\地下洞室\右岸地下厂房尾水主洞(ab-678)\尾水主洞-多点位移计.xlsx
FILE:2016-10-25 10:37:15,D:\AWORK\向家坝\向家坝数据\空间公司上报的2016年9月月报及数据\2标段内观\地下洞室\右岸地下主厂房\主厂房-多点位移计.xlsx
FILE:2016-10-25 10:37:15,D:\AWORK\向家坝\向家坝数据\空间公司上报的2016年9月月报及数据\2标段内观\地下洞室\右岸地下厂房尾水扩散段(w)\尾水扩散段-多点位移计.xlsx
FILE:2016-10-25 10:37:15,D:\AWORK\向家坝\向家坝数据\空间公司上报的2016年9月月报及数据\2标段内观\地下洞室\右岸地下厂房引水洞(ab-1234)\引水洞-多点位移计.xlsx
FILE:2016-10-25 10:37:15,D:\AWORK\向家坝\向家坝数据\空间公司上报的2016年9月月报及数据\2标段内观\地下洞室\右岸地下厂房主变洞\主变洞-多点位移计.xlsx
FILE:2016-10-25 10:45:22,D:\AWORK\向家坝\向家坝数据\干渠9月工程数据库\北干渠监测数据\多点位移计.xlsx
FILE:2016-10-25 10:45:22,D:\AWORK\向家坝\向家坝数据\9月数据(2016.9)\9月数据\基岩变位计、回弹仪\回弹仪（一+二期）.xlsx
FILE:2016-10-25 10:45:22,D:\AWORK\向家坝\向家坝数据\空间公司上报的2016年9月月报及数据\2标段内观\地下洞室\右岸地下厂房通风洞\通风洞-多点位移计.xlsx
FILE:2016-10-25 10:45:22,D:\AWORK\向家坝\向家坝数据\空间公司上报的2016年9月月报及数据\2标段内观\太平料场边坡\太平料场-多点位移计.xlsx
FILE:2016-10-25 10:45:22,D:\AWORK\向家坝\向家坝数据\空间公司上报的2016年9月月报及数据\2标段内观\出水口边坡\出水口边坡-多点位移计.xlsx
FILE:2016-10-25 10:45:22,D:\AWORK\向家坝\向家坝数据\空间公司上报的2016年9月月报及数据\2标段内观\地下洞室\右岸地下厂房尾水支洞(ab-5)\尾水支洞-多点位移计.xlsx
FILE:2016-10-25 10:45:22,D:\AWORK\向家坝\向家坝数据\9月数据(2016.9)\9月数据\多点位移计\多点位移计（一期）.xlsx
FILE:2016-10-25 10:45:22,D:\AWORK\向家坝\向家坝数据\空间公司上报的2016年9月月报及数据\2标段内观\左岸高边坡\多点位移计\多点位移计.xlsx
FILE:2016-10-25 10:45:22,D:\AWORK\向家坝\向家坝数据\空间公司上报的2016年9月月报及数据\2标段内观\地下洞室\右岸进厂交通洞\右岸交通洞-多点位移计.xlsx
FILE:2016-10-25 10:45:22,D:\AWORK\向家坝\向家坝数据\空间公司上报的2016年9月月报及数据\2标段内观\左岸高边坡\多点位移计\交通洞多点位移计.xlsx
FILE:2016-10-25 10:45:22,D:\AWORK\向家坝\向家坝数据\空间公司上报的2016年9月月报及数据\2标段内观\进水口边坡\进水口边坡-多点位移计.xlsx
FILE:2016-10-25 10:45:22,D:\AWORK\向家坝\向家坝数据\空间公司上报的2016年9月月报及数据\2标段内观\地下洞室\右岸地下厂房尾水主洞(ab-678)\尾水主洞-多点位移计.xlsx
FILE:2016-10-25 10:45:22,D:\AWORK\向家坝\向家坝数据\空间公司上报的2016年9月月报及数据\2标段内观\地下洞室\右岸地下主厂房\主厂房-多点位移计.xlsx
FILE:2016-10-25 10:45:22,D:\AWORK\向家坝\向家坝数据\空间公司上报的2016年9月月报及数据\2标段内观\地下洞室\右岸地下厂房尾水扩散段(w)\尾水扩散段-多点位移计.xlsx
FILE:2016-10-25 10:45:22,D:\AWORK\向家坝\向家坝数据\空间公司上报的2016年9月月报及数据\2标段内观\地下洞室\右岸地下厂房引水洞(ab-1234)\引水洞-多点位移计.xlsx
FILE:2016-10-25 10:45:22,D:\AWORK\向家坝\向家坝数据\空间公司上报的2016年9月月报及数据\2标段内观\地下洞室\右岸地下厂房主变洞\主变洞-多点位移计.xlsx
FILE:2016-10-25 03:16:43,D:\AWORK\向家坝\向家坝数据\干渠9月工程数据库\北干渠监测数据\多点位移计.xlsx
FILE:2016-10-25 03:16:43,D:\AWORK\向家坝\向家坝数据\9月数据(2016.9)\9月数据\基岩变位计、回弹仪\回弹仪（一+二期）.xlsx
FILE:2016-10-25 03:16:43,D:\AWORK\向家坝\向家坝数据\空间公司上报的2016年9月月报及数据\2标段内观\地下洞室\右岸地下厂房通风洞\通风洞-多点位移计.xlsx
FILE:2016-10-25 03:16:43,D:\AWORK\向家坝\向家坝数据\空间公司上报的2016年9月月报及数据\2标段内观\太平料场边坡\太平料场-多点位移计.xlsx
FILE:2016-10-25 03:16:43,D:\AWORK\向家坝\向家坝数据\空间公司上报的2016年9月月报及数据\2标段内观\出水口边坡\出水口边坡-多点位移计.xlsx
FILE:2016-10-25 03:16:43,D:\AWORK\向家坝\向家坝数据\空间公司上报的2016年9月月报及数据\2标段内观\地下洞室\右岸地下厂房尾水支洞(ab-5)\尾水支洞-多点位移计.xlsx
FILE:2016-10-25 03:16:43,D:\AWORK\向家坝\向家坝数据\空间公司上报的2016年9月月报及数据\2标段内观\左岸高边坡\多点位移计\多点位移计.xlsx
FILE:2016-10-25 03:16:43,D:\AWORK\向家坝\向家坝数据\9月数据(2016.9)\9月数据\多点位移计\多点位移计（一期）.xlsx
FILE:2016-10-25 03:16:43,D:\AWORK\向家坝\向家坝数据\空间公司上报的2016年9月月报及数据\2标段内观\地下洞室\右岸进厂交通洞\右岸交通洞-多点位移计.xlsx
FILE:2016-10-25 03:16:43,D:\AWORK\向家坝\向家坝数据\空间公司上报的2016年9月月报及数据\2标段内观\左岸高边坡\多点位移计\交通洞多点位移计.xlsx
FILE:2016-10-25 03:16:43,D:\AWORK\向家坝\向家坝数据\空间公司上报的2016年9月月报及数据\2标段内观\进水口边坡\进水口边坡-多点位移计.xlsx
FILE:2016-10-25 03:16:43,D:\AWORK\向家坝\向家坝数据\空间公司上报的2016年9月月报及数据\2标段内观\地下洞室\右岸地下厂房尾水主洞(ab-678)\尾水主洞-多点位移计.xlsx
FILE:2016-10-25 03:16:43,D:\AWORK\向家坝\向家坝数据\空间公司上报的2016年9月月报及数据\2标段内观\地下洞室\右岸地下厂房尾水扩散段(w)\尾水扩散段-多点位移计.xlsx
FILE:2016-10-25 03:16:43,D:\AWORK\向家坝\向家坝数据\空间公司上报的2016年9月月报及数据\2标段内观\地下洞室\右岸地下主厂房\主厂房-多点位移计.xlsx
FILE:2016-10-25 03:16:43,D:\AWORK\向家坝\向家坝数据\空间公司上报的2016年9月月报及数据\2标段内观\地下洞室\右岸地下厂房引水洞(ab-1234)\引水洞-多点位移计.xlsx
FILE:2016-10-25 03:16:43,D:\AWORK\向家坝\向家坝数据\空间公司上报的2016年9月月报及数据\2标段内观\地下洞室\右岸地下厂房主变洞\主变洞-多点位移计.xlsx
FILE:2016-10-25 03:19:58,D:\AWORK\向家坝\向家坝数据\干渠9月工程数据库\北干渠监测数据\多点位移计.xlsx
FILE:2016-10-25 03:19:58,D:\AWORK\向家坝\向家坝数据\9月数据(2016.9)\9月数据\基岩变位计、回弹仪\回弹仪（一+二期）.xlsx
FILE:2016-10-25 03:19:58,D:\AWORK\向家坝\向家坝数据\空间公司上报的2016年9月月报及数据\2标段内观\地下洞室\右岸地下厂房通风洞\通风洞-多点位移计.xlsx
FILE:2016-10-25 03:19:58,D:\AWORK\向家坝\向家坝数据\空间公司上报的2016年9月月报及数据\2标段内观\太平料场边坡\太平料场-多点位移计.xlsx
FILE:2016-10-25 03:19:58,D:\AWORK\向家坝\向家坝数据\空间公司上报的2016年9月月报及数据\2标段内观\出水口边坡\出水口边坡-多点位移计.xlsx
FILE:2016-10-25 03:19:58,D:\AWORK\向家坝\向家坝数据\空间公司上报的2016年9月月报及数据\2标段内观\地下洞室\右岸地下厂房尾水支洞(ab-5)\尾水支洞-多点位移计.xlsx
FILE:2016-10-25 03:19:58,D:\AWORK\向家坝\向家坝数据\9月数据(2016.9)\9月数据\多点位移计\多点位移计（一期）.xlsx
FILE:2016-10-25 03:19:58,D:\AWORK\向家坝\向家坝数据\空间公司上报的2016年9月月报及数据\2标段内观\左岸高边坡\多点位移计\多点位移计.xlsx
FILE:2016-10-25 03:19:58,D:\AWORK\向家坝\向家坝数据\空间公司上报的2016年9月月报及数据\2标段内观\地下洞室\右岸进厂交通洞\右岸交通洞-多点位移计.xlsx
FILE:2016-10-25 03:19:58,D:\AWORK\向家坝\向家坝数据\空间公司上报的2016年9月月报及数据\2标段内观\左岸高边坡\多点位移计\交通洞多点位移计.xlsx
FILE:2016-10-25 03:19:58,D:\AWORK\向家坝\向家坝数据\空间公司上报的2016年9月月报及数据\2标段内观\进水口边坡\进水口边坡-多点位移计.xlsx
FILE:2016-10-25 03:19:58,D:\AWORK\向家坝\向家坝数据\空间公司上报的2016年9月月报及数据\2标段内观\地下洞室\右岸地下厂房尾水主洞(ab-678)\尾水主洞-多点位移计.xlsx
FILE:2016-10-25 03:19:58,D:\AWORK\向家坝\向家坝数据\空间公司上报的2016年9月月报及数据\2标段内观\地下洞室\右岸地下主厂房\主厂房-多点位移计.xlsx
FILE:2016-10-25 03:19:58,D:\AWORK\向家坝\向家坝数据\空间公司上报的2016年9月月报及数据\2标段内观\地下洞室\右岸地下厂房尾水扩散段(w)\尾水扩散段-多点位移计.xlsx
FILE:2016-10-25 03:19:58,D:\AWORK\向家坝\向家坝数据\空间公司上报的2016年9月月报及数据\2标段内观\地下洞室\右岸地下厂房引水洞(ab-1234)\引水洞-多点位移计.xlsx
FILE:2016-10-25 03:19:58,D:\AWORK\向家坝\向家坝数据\空间公司上报的2016年9月月报及数据\2标段内观\地下洞室\右岸地下厂房主变洞\主变洞-多点位移计.xlsx
FILE:2016-10-25 03:26:33,D:\AWORK\向家坝\向家坝数据\9月数据(2016.9)\9月数据\基岩变位计、回弹仪\回弹仪（一+二期）.xlsx
FILE:2016-10-25 03:26:33,D:\AWORK\向家坝\向家坝数据\9月数据(2016.9)\9月数据\多点位移计\多点位移计（一期）.xlsx
FILE:2016-10-25 03:26:33,D:\AWORK\向家坝\向家坝数据\干渠9月工程数据库\北干渠监测数据\多点位移计.xlsx
FILE:2016-10-25 03:26:33,D:\AWORK\向家坝\向家坝数据\空间公司上报的2016年9月月报及数据\2标段内观\出水口边坡\出水口边坡-多点位移计.xlsx
FILE:2016-10-25 03:26:33,D:\AWORK\向家坝\向家坝数据\空间公司上报的2016年9月月报及数据\2标段内观\地下洞室\右岸地下主厂房\主厂房-多点位移计.xlsx
FILE:2016-10-25 03:26:33,D:\AWORK\向家坝\向家坝数据\空间公司上报的2016年9月月报及数据\2标段内观\地下洞室\右岸地下厂房主变洞\主变洞-多点位移计.xlsx
FILE:2016-10-25 03:26:33,D:\AWORK\向家坝\向家坝数据\空间公司上报的2016年9月月报及数据\2标段内观\地下洞室\右岸地下厂房尾水主洞(ab-678)\尾水主洞-多点位移计.xlsx
FILE:2016-10-25 03:26:33,D:\AWORK\向家坝\向家坝数据\空间公司上报的2016年9月月报及数据\2标段内观\地下洞室\右岸地下厂房尾水扩散段(w)\尾水扩散段-多点位移计.xlsx
FILE:2016-10-25 03:26:33,D:\AWORK\向家坝\向家坝数据\空间公司上报的2016年9月月报及数据\2标段内观\地下洞室\右岸地下厂房尾水支洞(ab-5)\尾水支洞-多点位移计.xlsx
FILE:2016-10-25 03:26:33,D:\AWORK\向家坝\向家坝数据\空间公司上报的2016年9月月报及数据\2标段内观\地下洞室\右岸地下厂房引水洞(ab-1234)\引水洞-多点位移计.xlsx
FILE:2016-10-25 03:26:33,D:\AWORK\向家坝\向家坝数据\空间公司上报的2016年9月月报及数据\2标段内观\地下洞室\右岸地下厂房通风洞\通风洞-多点位移计.xlsx
FILE:2016-10-25 03:26:33,D:\AWORK\向家坝\向家坝数据\空间公司上报的2016年9月月报及数据\2标段内观\地下洞室\右岸进厂交通洞\右岸交通洞-多点位移计.xlsx
FILE:2016-10-25 03:26:33,D:\AWORK\向家坝\向家坝数据\空间公司上报的2016年9月月报及数据\2标段内观\太平料场边坡\太平料场-多点位移计.xlsx
FILE:2016-10-25 03:26:33,D:\AWORK\向家坝\向家坝数据\空间公司上报的2016年9月月报及数据\2标段内观\左岸高边坡\多点位移计\交通洞多点位移计.xlsx
FILE:2016-10-25 03:26:33,D:\AWORK\向家坝\向家坝数据\空间公司上报的2016年9月月报及数据\2标段内观\左岸高边坡\多点位移计\多点位移计.xlsx
FILE:2016-10-25 03:26:33,D:\AWORK\向家坝\向家坝数据\空间公司上报的2016年9月月报及数据\2标段内观\进水口边坡\进水口边坡-多点位移计.xlsx
FILE:2016-10-25 03:31:42,D:\AWORK\向家坝\向家坝数据\9月数据(2016.9)\9月数据\基岩变位计、回弹仪\回弹仪（一+二期）.xlsx
FILE:2016-10-25 03:31:42,D:\AWORK\向家坝\向家坝数据\9月数据(2016.9)\9月数据\多点位移计\多点位移计（一期）.xlsx
FILE:2016-10-25 03:31:42,D:\AWORK\向家坝\向家坝数据\干渠9月工程数据库\北干渠监测数据\多点位移计.xlsx
FILE:2016-10-25 03:31:42,D:\AWORK\向家坝\向家坝数据\空间公司上报的2016年9月月报及数据\2标段内观\出水口边坡\出水口边坡-多点位移计.xlsx
FILE:2016-10-25 03:31:42,D:\AWORK\向家坝\向家坝数据\空间公司上报的2016年9月月报及数据\2标段内观\地下洞室\右岸地下主厂房\主厂房-多点位移计.xlsx
FILE:2016-10-25 03:31:42,D:\AWORK\向家坝\向家坝数据\空间公司上报的2016年9月月报及数据\2标段内观\地下洞室\右岸地下厂房主变洞\主变洞-多点位移计.xlsx
FILE:2016-10-25 03:31:42,D:\AWORK\向家坝\向家坝数据\空间公司上报的2016年9月月报及数据\2标段内观\地下洞室\右岸地下厂房尾水主洞(ab-678)\尾水主洞-多点位移计.xlsx
FILE:2016-10-25 03:31:42,D:\AWORK\向家坝\向家坝数据\空间公司上报的2016年9月月报及数据\2标段内观\地下洞室\右岸地下厂房尾水扩散段(w)\尾水扩散段-多点位移计.xlsx
FILE:2016-10-25 03:31:42,D:\AWORK\向家坝\向家坝数据\空间公司上报的2016年9月月报及数据\2标段内观\地下洞室\右岸地下厂房尾水支洞(ab-5)\尾水支洞-多点位移计.xlsx
FILE:2016-10-25 03:31:42,D:\AWORK\向家坝\向家坝数据\空间公司上报的2016年9月月报及数据\2标段内观\地下洞室\右岸地下厂房引水洞(ab-1234)\引水洞-多点位移计.xlsx
FILE:2016-10-25 03:31:42,D:\AWORK\向家坝\向家坝数据\空间公司上报的2016年9月月报及数据\2标段内观\地下洞室\右岸地下厂房通风洞\通风洞-多点位移计.xlsx
FILE:2016-10-25 03:31:42,D:\AWORK\向家坝\向家坝数据\空间公司上报的2016年9月月报及数据\2标段内观\地下洞室\右岸进厂交通洞\右岸交通洞-多点位移计.xlsx
FILE:2016-10-25 03:31:42,D:\AWORK\向家坝\向家坝数据\空间公司上报的2016年9月月报及数据\2标段内观\太平料场边坡\太平料场-多点位移计.xlsx
FILE:2016-10-25 03:31:42,D:\AWORK\向家坝\向家坝数据\空间公司上报的2016年9月月报及数据\2标段内观\左岸高边坡\多点位移计\交通洞多点位移计.xlsx
FILE:2016-10-25 03:31:42,D:\AWORK\向家坝\向家坝数据\空间公司上报的2016年9月月报及数据\2标段内观\左岸高边坡\多点位移计\多点位移计.xlsx
FILE:2016-10-25 03:31:42,D:\AWORK\向家坝\向家坝数据\空间公司上报的2016年9月月报及数据\2标段内观\进水口边坡\进水口边坡-多点位移计.xlsx
