FILE:2016-11-30 09:41:41,D:\AWORK\向家坝\向家坝数据\9月数据(2016.9)\9月数据\钢筋计、钢板计、锚杆应力计、压应力计\钢筋计\11#机钢筋计.xlsx
FILE:2016-11-30 09:41:41,D:\AWORK\向家坝\向家坝数据\9月数据(2016.9)\9月数据\钢筋计、钢板计、锚杆应力计、压应力计\钢筋计\二期主体钢筋计(E.F.G.H.L).xlsx
DATA:RE-10,45,数据误差超限
DATA:RE-12,44,数据误差超限
DATA:RE-15,52,数据误差超限
DATA:RF-20,237,数据误差超限
DATA:RF-20,238,数据误差超限
DATA:RF-20,239,数据误差超限
DATA:RFSQ-5,29,数据误差超限
DATA:RFSQ-7,33,数据误差超限
DATA:RFSQ-8,33,数据误差超限
FILE:2016-11-30 09:41:41,D:\AWORK\向家坝\向家坝数据\9月数据(2016.9)\9月数据\钢筋计、钢板计、锚杆应力计、压应力计\钢筋计\二期主体钢筋计（J.Z.N）.xlsx
DATA:RZ1-6,247,数据误差超限
DATA:RZ2-22,97,数据误差超限
DATA:RZ2-22,98,数据误差超限
DATA:RZ2-24,207,数据误差超限
DATA:RZ2-24,208,数据误差超限
DATA:RZ2-24,209,数据误差超限
DATA:RZ2-24,213,数据误差超限
DATA:RZ2-24,215,数据误差超限
DATA:RZ2-24,217,数据误差超限
DATA:RZ2-24,223,数据误差超限
DATA:RZ2-24,224,数据误差超限
DATA:RZ2-24,225,数据误差超限
DATA:RZ2-24,232,数据误差超限
DATA:RZ2-24,233,数据误差超限
DATA:RZ2-24,234,数据误差超限
FILE:2016-11-30 09:41:41,D:\AWORK\向家坝\向家坝数据\9月数据(2016.9)\9月数据\钢筋计、钢板计、锚杆应力计、压应力计\钢筋计\钢筋计（一期）.xlsx
FILE:2016-11-30 09:41:41,D:\AWORK\向家坝\向家坝数据\二标段数据及月报（2016.8）\右岸护坡\钢筋计..xlsx
FILE:2016-11-30 09:41:41,D:\AWORK\向家坝\向家坝数据\二标段数据及月报（2016.8）\地厂\钢筋计..xlsx
FILE:2016-11-30 09:41:41,D:\AWORK\向家坝\向家坝数据\二标段数据及月报（2016.8）\太平料场\钢筋计..xlsx
FILE:2016-11-30 09:41:41,D:\AWORK\向家坝\向家坝数据\二标段数据及月报（2016.8）\左岸高边坡\钢筋计..xlsx
FILE:2016-11-30 09:41:41,D:\AWORK\向家坝\向家坝数据\二标段数据及月报（2016.8）\马延坡边坡\钢筋计..xlsx
FILE:2016-11-30 09:41:41,D:\AWORK\向家坝\向家坝数据\干渠9月工程数据库\南干渠监测数据\钢筋计.xlsx
FILE:2016-11-30 09:41:41,D:\AWORK\向家坝\向家坝数据\空间公司上报的2016年9月月报及数据\2标段内观\出水口边坡\出水口边坡-钢筋桩钢筋计.xlsx
FILE:2016-11-30 09:41:41,D:\AWORK\向家坝\向家坝数据\空间公司上报的2016年9月月报及数据\2标段内观\右岸马延坡边坡\马延坡-钢筋计.xlsx
DATA:RⅠBc-2,303,数据误差超限
FILE:2016-11-30 09:41:41,D:\AWORK\向家坝\向家坝数据\空间公司上报的2016年9月月报及数据\2标段内观\地下洞室\右岸地下主厂房\主厂房-岩锚梁混凝土钢筋计.xlsx
FILE:2016-11-30 09:41:41,D:\AWORK\向家坝\向家坝数据\空间公司上报的2016年9月月报及数据\2标段内观\地下洞室\右岸地下厂房243高程以下(j)\243高程以下-钢筋计.xlsx
FILE:2016-11-30 09:41:41,D:\AWORK\向家坝\向家坝数据\空间公司上报的2016年9月月报及数据\2标段内观\地下洞室\右岸地下厂房尾水主洞(ab-678)\尾水主洞-钢筋计.xlsx
DATA:Ra6-1,151,数据误差超限
DATA:Ra6-1,152,数据误差超限
FILE:2016-11-30 09:41:41,D:\AWORK\向家坝\向家坝数据\空间公司上报的2016年9月月报及数据\2标段内观\地下洞室\右岸地下厂房尾水扩散段(w)\尾水扩散段-钢筋计.xlsx
FILE:2016-11-30 09:41:41,D:\AWORK\向家坝\向家坝数据\空间公司上报的2016年9月月报及数据\2标段内观\地下洞室\右岸地下厂房尾水支洞(ab-5)\尾水支洞-钢筋计.xlsx
FILE:2016-11-30 09:41:41,D:\AWORK\向家坝\向家坝数据\空间公司上报的2016年9月月报及数据\2标段内观\地下洞室\右岸地下厂房引水洞(ab-1234)\引水洞-钢筋计.xlsx
FILE:2016-11-30 09:41:41,D:\AWORK\向家坝\向家坝数据\空间公司上报的2016年9月月报及数据\2标段内观\地下洞室\右岸地下厂房水轮机蜗壳(o)\蜗壳-钢筋计.xlsx
FILE:2016-11-30 09:41:41,D:\AWORK\向家坝\向家坝数据\空间公司上报的2016年9月月报及数据\2标段内观\地下洞室\右岸进厂交通洞\右岸交通洞-差阻式钢筋计.xlsx
FILE:2016-11-30 09:41:41,D:\AWORK\向家坝\向家坝数据\空间公司上报的2016年9月月报及数据\2标段内观\太平料场边坡\太平料场-差阻式钢筋计.xlsx
FILE:2016-11-30 09:41:41,D:\AWORK\向家坝\向家坝数据\空间公司上报的2016年9月月报及数据\2标段内观\太平料场边坡\太平料场-振弦式钢筋计.xlsx
DATA:Rz-27,4,测值异常
DATA:Rz-28,4,测值异常
DATA:Rz-29,4,测值异常
DATA:Rz-30,4,测值异常
DATA:Rz-31,4,测值异常
FILE:2016-11-30 09:41:41,D:\AWORK\向家坝\向家坝数据\空间公司上报的2016年9月月报及数据\2标段内观\尾渣坝-右岸护坡\右岸护坡-钢筋计.xlsx
FILE:2016-11-30 09:41:41,D:\AWORK\向家坝\向家坝数据\空间公司上报的2016年9月月报及数据\2标段内观\左岸高边坡\钢筋计\交通洞钢筋计.xlsx
FILE:2016-11-30 09:41:41,D:\AWORK\向家坝\向家坝数据\空间公司上报的2016年9月月报及数据\2标段内观\左岸高边坡\钢筋计\钢筋桩钢筋计.xlsx
FILE:2016-11-30 09:41:41,D:\AWORK\向家坝\向家坝数据\空间公司上报的2016年9月月报及数据\2标段内观\进水口边坡\进水口边坡-钢筋桩钢筋计.xlsx
FILE:2016-11-30 11:00:26,D:\AWORK\向家坝\向家坝数据\9月数据(2016.9)\9月数据\基岩变位计、回弹仪\回弹仪（一+二期）.xlsx
FILE:2016-11-30 11:00:26,D:\AWORK\向家坝\向家坝数据\9月数据(2016.9)\9月数据\多点位移计\多点位移计（一期）.xlsx
FILE:2016-11-30 11:00:26,D:\AWORK\向家坝\向家坝数据\二标段数据及月报（2016.8）\地厂\多点位移计..xlsx
FILE:2016-11-30 11:00:26,D:\AWORK\向家坝\向家坝数据\二标段数据及月报（2016.8）\太平料场\多点位移计..xlsx
FILE:2016-11-30 11:00:26,D:\AWORK\向家坝\向家坝数据\二标段数据及月报（2016.8）\左岸高边坡\多点位移计..xlsx
FILE:2016-11-30 11:00:26,D:\AWORK\向家坝\向家坝数据\干渠9月工程数据库\北干渠监测数据\多点位移计.xlsx
FILE:2016-11-30 11:00:26,D:\AWORK\向家坝\向家坝数据\空间公司上报的2016年9月月报及数据\2标段内观\出水口边坡\出水口边坡-多点位移计.xlsx
FILE:2016-11-30 11:00:26,D:\AWORK\向家坝\向家坝数据\空间公司上报的2016年9月月报及数据\2标段内观\地下洞室\右岸地下主厂房\主厂房-多点位移计.xlsx
FILE:2016-11-30 11:00:26,D:\AWORK\向家坝\向家坝数据\空间公司上报的2016年9月月报及数据\2标段内观\地下洞室\右岸地下厂房主变洞\主变洞-多点位移计.xlsx
FILE:2016-11-30 11:00:26,D:\AWORK\向家坝\向家坝数据\空间公司上报的2016年9月月报及数据\2标段内观\地下洞室\右岸地下厂房尾水主洞(ab-678)\尾水主洞-多点位移计.xlsx
FILE:2016-11-30 11:00:26,D:\AWORK\向家坝\向家坝数据\空间公司上报的2016年9月月报及数据\2标段内观\地下洞室\右岸地下厂房尾水扩散段(w)\尾水扩散段-多点位移计.xlsx
FILE:2016-11-30 11:00:26,D:\AWORK\向家坝\向家坝数据\空间公司上报的2016年9月月报及数据\2标段内观\地下洞室\右岸地下厂房尾水支洞(ab-5)\尾水支洞-多点位移计.xlsx
FILE:2016-11-30 11:00:26,D:\AWORK\向家坝\向家坝数据\空间公司上报的2016年9月月报及数据\2标段内观\地下洞室\右岸地下厂房引水洞(ab-1234)\引水洞-多点位移计.xlsx
FILE:2016-11-30 11:00:26,D:\AWORK\向家坝\向家坝数据\空间公司上报的2016年9月月报及数据\2标段内观\地下洞室\右岸地下厂房通风洞\通风洞-多点位移计.xlsx
FILE:2016-11-30 11:00:26,D:\AWORK\向家坝\向家坝数据\空间公司上报的2016年9月月报及数据\2标段内观\地下洞室\右岸进厂交通洞\右岸交通洞-多点位移计.xlsx
FILE:2016-11-30 11:00:26,D:\AWORK\向家坝\向家坝数据\空间公司上报的2016年9月月报及数据\2标段内观\太平料场边坡\太平料场-多点位移计.xlsx
FILE:2016-11-30 11:00:26,D:\AWORK\向家坝\向家坝数据\空间公司上报的2016年9月月报及数据\2标段内观\左岸高边坡\多点位移计\交通洞多点位移计.xlsx
FILE:2016-11-30 11:00:26,D:\AWORK\向家坝\向家坝数据\空间公司上报的2016年9月月报及数据\2标段内观\左岸高边坡\多点位移计\多点位移计.xlsx
FILE:2016-11-30 11:00:26,D:\AWORK\向家坝\向家坝数据\空间公司上报的2016年9月月报及数据\2标段内观\进水口边坡\进水口边坡-多点位移计.xlsx
FILE:2016-11-30 11:25:19,D:\AWORK\向家坝\向家坝数据\二标段数据及月报（2016.8）\地厂\单向应变计与无应力计..xlsx
FILE:2016-11-30 11:25:19,D:\AWORK\向家坝\向家坝数据\二标段数据及月报（2016.8）\左岸高边坡\单向应变计与无应力计..xlsx
FILE:2016-11-30 11:25:19,D:\AWORK\向家坝\向家坝数据\干渠9月工程数据库\南干渠监测数据\应变计.xlsx
FILE:2016-11-30 11:25:19,D:\AWORK\向家坝\向家坝数据\空间公司上报的2016年9月月报及数据\2标段内观\地下洞室\右岸地下主厂房\主厂房-岩锚梁混凝土单向应变计与无应力计.xlsx
FILE:2016-11-30 11:25:19,D:\AWORK\向家坝\向家坝数据\空间公司上报的2016年9月月报及数据\2标段内观\地下洞室\右岸地下厂房尾水主洞(ab-678)\尾水主洞-单向应变计与无应力计.xlsx
FILE:2016-11-30 11:25:19,D:\AWORK\向家坝\向家坝数据\空间公司上报的2016年9月月报及数据\2标段内观\地下洞室\右岸地下厂房尾水扩散段(w)\尾水扩散段-单向应变计与无应力计.xlsx
FILE:2016-11-30 11:25:19,D:\AWORK\向家坝\向家坝数据\空间公司上报的2016年9月月报及数据\2标段内观\地下洞室\右岸地下厂房尾水支洞(ab-5)\尾水支洞-单向应变计与无应力计.xlsx
FILE:2016-11-30 11:25:19,D:\AWORK\向家坝\向家坝数据\空间公司上报的2016年9月月报及数据\2标段内观\地下洞室\右岸地下厂房引水洞(ab-1234)\引水洞-单向应变计与无应力计.xlsx
FILE:2016-11-30 11:25:19,D:\AWORK\向家坝\向家坝数据\空间公司上报的2016年9月月报及数据\2标段内观\地下洞室\右岸进厂交通洞\右岸交通洞-单向应变计与无应力计.xlsx
FILE:2016-11-30 11:25:19,D:\AWORK\向家坝\向家坝数据\空间公司上报的2016年9月月报及数据\2标段内观\左岸高边坡\左岸边坡-单向应变计与无应力计.xlsx
FILE:2016-11-30 11:27:22,D:\AWORK\向家坝\向家坝数据\二标段数据及月报（2016.8）\地厂\单向应变计与无应力计..xlsx
FILE:2016-11-30 11:27:22,D:\AWORK\向家坝\向家坝数据\二标段数据及月报（2016.8）\左岸高边坡\单向应变计与无应力计..xlsx
FILE:2016-11-30 11:27:22,D:\AWORK\向家坝\向家坝数据\干渠9月工程数据库\南干渠监测数据\应变计.xlsx
FILE:2016-11-30 11:27:22,D:\AWORK\向家坝\向家坝数据\空间公司上报的2016年9月月报及数据\2标段内观\地下洞室\右岸地下主厂房\主厂房-岩锚梁混凝土单向应变计与无应力计.xlsx
FILE:2016-11-30 11:27:22,D:\AWORK\向家坝\向家坝数据\空间公司上报的2016年9月月报及数据\2标段内观\地下洞室\右岸地下厂房尾水主洞(ab-678)\尾水主洞-单向应变计与无应力计.xlsx
FILE:2016-11-30 11:27:22,D:\AWORK\向家坝\向家坝数据\空间公司上报的2016年9月月报及数据\2标段内观\地下洞室\右岸地下厂房尾水扩散段(w)\尾水扩散段-单向应变计与无应力计.xlsx
FILE:2016-11-30 11:27:22,D:\AWORK\向家坝\向家坝数据\空间公司上报的2016年9月月报及数据\2标段内观\地下洞室\右岸地下厂房尾水支洞(ab-5)\尾水支洞-单向应变计与无应力计.xlsx
FILE:2016-11-30 11:27:22,D:\AWORK\向家坝\向家坝数据\空间公司上报的2016年9月月报及数据\2标段内观\地下洞室\右岸地下厂房引水洞(ab-1234)\引水洞-单向应变计与无应力计.xlsx
FILE:2016-11-30 11:27:22,D:\AWORK\向家坝\向家坝数据\空间公司上报的2016年9月月报及数据\2标段内观\地下洞室\右岸进厂交通洞\右岸交通洞-单向应变计与无应力计.xlsx
FILE:2016-11-30 11:27:22,D:\AWORK\向家坝\向家坝数据\空间公司上报的2016年9月月报及数据\2标段内观\左岸高边坡\左岸边坡-单向应变计与无应力计.xlsx
FILE:2016-11-30 11:38:12,D:\AWORK\向家坝\向家坝数据\9月数据(2016.9)\9月数据\应变计组\无应力计（二期）.xlsx
DATA:NL-10,218,测值异常
DATA:NL-10,219,测值异常
DATA:NL-10,220,测值异常
DATA:NG-4,213,测值异常
DATA:NG-4,214,测值异常
DATA:NG-4,216,测值异常
DATA:NG-5,102,测值异常
DATA:NG-5,104,测值异常
DATA:NB1-1,94,观测日期有误
DATA:NA1-2,113,观测日期有误
DATA:N2-4,134,数据误差超限
FILE:2016-11-30 11:38:12,D:\AWORK\向家坝\向家坝数据\干渠9月工程数据库\南干渠监测数据\无应力计.xlsx
FILE:2016-11-30 02:26:30,D:\AWORK\向家坝\向家坝数据\9月数据(2016.9)\9月数据\渗压计、测压管、水文孔、量水堰\水位孔\水位孔（一期）.xlsx
FILE:2016-11-30 02:26:30,D:\AWORK\向家坝\向家坝数据\9月数据(2016.9)\9月数据\渗压计、测压管、水文孔、量水堰\水位孔\水位孔（二期）.xlsx
DATA:OH3-9,230,观测日期有误
DATA:OH3-9,231,观测日期有误
FILE:2016-11-30 02:26:30,D:\AWORK\向家坝\向家坝数据\9月数据(2016.9)\9月数据\渗压计、测压管、水文孔、量水堰\测压管\测压管（一期）.xlsx
DATA:UP1-4,271,数据误差超限
DATA:UP1-4,272,数据误差超限
DATA:UP1-4,273,数据误差超限
DATA:UP1-4,274,数据误差超限
DATA:UP1-4,275,数据误差超限
DATA:UP1-4,276,数据误差超限
DATA:UP1-4,277,数据误差超限
DATA:UP1-4,278,数据误差超限
DATA:UP1-4,279,数据误差超限
DATA:UP1-4,280,数据误差超限
DATA:UP1-4,281,数据误差超限
DATA:UP1-12,318,数据误差超限
DATA:UP1-12,322,数据误差超限
DATA:UP1-12,323,数据误差超限
DATA:UP1-12,324,数据误差超限
DATA:UP1-12,325,数据误差超限
FILE:2016-11-30 02:26:30,D:\AWORK\向家坝\向家坝数据\9月数据(2016.9)\9月数据\渗压计、测压管、水文孔、量水堰\测压管\测压管（二期）.xlsx
FILE:2016-11-30 02:26:30,D:\AWORK\向家坝\向家坝数据\9月数据(2016.9)\9月数据\渗压计、测压管、水文孔、量水堰\渗压计\导流底孔渗压计.xlsx
FILE:2016-11-30 02:26:30,D:\AWORK\向家坝\向家坝数据\9月数据(2016.9)\9月数据\渗压计、测压管、水文孔、量水堰\渗压计\渗压计（一期）.xlsx
FILE:2016-11-30 02:26:30,D:\AWORK\向家坝\向家坝数据\9月数据(2016.9)\9月数据\渗压计、测压管、水文孔、量水堰\渗压计\渗压计（二期）-1(坝体、坝基).xlsx
FILE:2016-11-30 02:26:30,D:\AWORK\向家坝\向家坝数据\9月数据(2016.9)\9月数据\渗压计、测压管、水文孔、量水堰\渗压计\渗压计（二期）-2(坝基深孔).xlsx
DATA:PHS-12,430,观测日期有误
DATA:PHS-12,431,观测日期有误
FILE:2016-11-30 02:26:30,D:\AWORK\向家坝\向家坝数据\二标段数据及月报（2016.8）\地厂\测压管..xlsx
FILE:2016-11-30 02:26:30,D:\AWORK\向家坝\向家坝数据\二标段数据及月报（2016.8）\地厂\渗压计..xlsx
FILE:2016-11-30 02:26:30,D:\AWORK\向家坝\向家坝数据\二标段数据及月报（2016.8）\左岸高边坡\渗压计..xlsx
FILE:2016-11-30 02:26:30,D:\AWORK\向家坝\向家坝数据\干渠9月工程数据库\南干渠监测数据\渗压计.xlsx
FILE:2016-11-30 02:26:30,D:\AWORK\向家坝\向家坝数据\空间公司上报的2016年9月月报及数据\2标段内观\地下洞室\右岸地下厂房243高程以下(j)\243高程以下-渗压计.xlsx
DATA:Pj1-2,4,测值异常
DATA:Pj2-1,4,测值异常
DATA:Pj2-2,4,测值异常
FILE:2016-11-30 02:26:30,D:\AWORK\向家坝\向家坝数据\空间公司上报的2016年9月月报及数据\2标段内观\地下洞室\右岸地下厂房尾水主洞(ab-678)\尾水主洞-渗压计.xlsx
DATA:Pa6-2,4,测值异常
DATA:Pa7-2,4,测值异常
DATA:Pa8-1,4,测值异常
DATA:Pa8-2,4,测值异常
DATA:Pb6-1,4,测值异常
DATA:Pb6-2,4,测值异常
DATA:Pb7-1,4,测值异常
DATA:Pb8-1,4,测值异常
DATA:Pb8-2,4,测值异常
FILE:2016-11-30 02:26:30,D:\AWORK\向家坝\向家坝数据\空间公司上报的2016年9月月报及数据\2标段内观\地下洞室\右岸地下厂房尾水扩散段(w)\尾水扩散段-渗压计.xlsx
DATA:Pw2-1,4,测值异常
DATA:Pw2-2,4,测值异常
DATA:PW3-1,4,测值异常
FILE:2016-11-30 02:26:30,D:\AWORK\向家坝\向家坝数据\空间公司上报的2016年9月月报及数据\2标段内观\地下洞室\右岸地下厂房尾水支洞(ab-5)\尾水支洞-渗压计.xlsx
DATA:Pa5-1,4,测值异常
DATA:Pa5-2,4,测值异常
DATA:Pb5-1,4,测值异常
DATA:Pb5-2,4,测值异常
FILE:2016-11-30 02:26:30,D:\AWORK\向家坝\向家坝数据\空间公司上报的2016年9月月报及数据\2标段内观\地下洞室\右岸地下厂房引水洞(ab-1234)\引水洞-渗压计.xlsx
DATA:Pa3-2,329,数据误差超限
FILE:2016-11-30 02:26:30,D:\AWORK\向家坝\向家坝数据\空间公司上报的2016年9月月报及数据\2标段内观\地下洞室\右岸地下厂房排水廊道\排水廊道-测压管.xlsx
DATA:UP2-29补,4,测值异常
DATA:UP2-30补,4,测值异常
DATA:UP2-31补,4,测值异常
FILE:2016-11-30 02:26:30,D:\AWORK\向家坝\向家坝数据\空间公司上报的2016年9月月报及数据\2标段内观\地下洞室\右岸进厂交通洞\右岸交通洞-渗压计.xlsx
FILE:2016-11-30 02:26:30,D:\AWORK\向家坝\向家坝数据\空间公司上报的2016年9月月报及数据\2标段内观\左岸高边坡\左岸边坡-交通洞渗压计.xlsx
FILE:2016-11-30 02:44:40,D:\AWORK\向家坝\向家坝数据\9月数据(2016.9)\9月数据\渗压计、测压管、水文孔、量水堰\水位孔\水位孔（一期）.xlsx
FILE:2016-11-30 02:44:40,D:\AWORK\向家坝\向家坝数据\9月数据(2016.9)\9月数据\渗压计、测压管、水文孔、量水堰\水位孔\水位孔（二期）.xlsx
DATA:OH3-9,230,观测日期有误
DATA:OH3-9,231,观测日期有误
FILE:2016-11-30 02:44:40,D:\AWORK\向家坝\向家坝数据\9月数据(2016.9)\9月数据\渗压计、测压管、水文孔、量水堰\测压管\测压管（一期）.xlsx
DATA:UP1-4,271,数据误差超限
DATA:UP1-4,272,数据误差超限
DATA:UP1-4,273,数据误差超限
DATA:UP1-4,274,数据误差超限
DATA:UP1-4,275,数据误差超限
DATA:UP1-4,276,数据误差超限
DATA:UP1-4,277,数据误差超限
DATA:UP1-4,278,数据误差超限
DATA:UP1-4,279,数据误差超限
DATA:UP1-4,280,数据误差超限
DATA:UP1-4,281,数据误差超限
DATA:UP1-12,318,数据误差超限
DATA:UP1-12,322,数据误差超限
DATA:UP1-12,323,数据误差超限
DATA:UP1-12,324,数据误差超限
DATA:UP1-12,325,数据误差超限
FILE:2016-11-30 02:44:40,D:\AWORK\向家坝\向家坝数据\9月数据(2016.9)\9月数据\渗压计、测压管、水文孔、量水堰\测压管\测压管（二期）.xlsx
DATA:ZUP1-33新,158,数据误差超限
DATA:ZUP1-33新,159,数据误差超限
DATA:ZUP1-33新,160,数据误差超限
DATA:ZUP1-35,218,数据误差超限
DATA:ZUP1-35,219,数据误差超限
DATA:ZUP1-35,221,数据误差超限
DATA:ZUP1-35,222,数据误差超限
DATA:ZUP1-35,223,数据误差超限
DATA:ZUP1-35,224,数据误差超限
DATA:ZUP1-35,225,数据误差超限
DATA:ZUP1-35,226,数据误差超限
DATA:ZUP1-35,227,数据误差超限
DATA:ZUP1-35,228,数据误差超限
DATA:ZUP1-35,229,数据误差超限
DATA:ZUP1-35,230,数据误差超限
DATA:ZUP1-35,231,数据误差超限
DATA:ZUP1-35,232,数据误差超限
DATA:ZUP1-35,233,数据误差超限
DATA:ZUP1-35,235,数据误差超限
DATA:ZUP1-35,236,数据误差超限
DATA:ZUP1-35,237,数据误差超限
DATA:ZUP1-35,238,数据误差超限
DATA:ZUP1-35,239,数据误差超限
DATA:ZUP1-35,240,数据误差超限
DATA:ZUP1-35,242,数据误差超限
DATA:ZUP1-35,243,数据误差超限
DATA:ZUP1-35,244,数据误差超限
DATA:ZUP1-35,245,数据误差超限
FILE:2016-11-30 02:44:40,D:\AWORK\向家坝\向家坝数据\9月数据(2016.9)\9月数据\渗压计、测压管、水文孔、量水堰\渗压计\导流底孔渗压计.xlsx
DATA:ZPD6-6,225,数据误差超限
FILE:2016-11-30 02:44:40,D:\AWORK\向家坝\向家坝数据\9月数据(2016.9)\9月数据\渗压计、测压管、水文孔、量水堰\渗压计\渗压计（一期）.xlsx
DATA:ZPB-6,40,数据误差超限
DATA:ZPB-6,41,数据误差超限
DATA:ZPB-6,42,数据误差超限
DATA:ZPB-6,43,数据误差超限
DATA:ZPB-6,44,数据误差超限
DATA:ZPB-6,45,数据误差超限
DATA:ZPB-6,46,数据误差超限
DATA:ZPB-6,47,数据误差超限
DATA:ZPB-6,48,数据误差超限
DATA:ZPB-6,49,数据误差超限
DATA:ZPB-6,50,数据误差超限
DATA:ZPB-6,51,数据误差超限
DATA:ZPB-6,52,数据误差超限
DATA:ZPB-6,53,数据误差超限
DATA:ZPB-6,54,数据误差超限
DATA:ZPB-6,55,数据误差超限
DATA:ZPB-6,56,数据误差超限
DATA:ZPB-6,57,数据误差超限
DATA:ZPB-6,58,数据误差超限
DATA:ZPB-6,59,数据误差超限
DATA:ZPB-6,60,数据误差超限
DATA:ZPB-6,61,数据误差超限
DATA:ZPB-6,62,数据误差超限
DATA:ZPB-6,63,数据误差超限
DATA:ZPB-6,64,数据误差超限
DATA:ZPB-6,65,数据误差超限
DATA:ZPB-6,66,数据误差超限
DATA:ZPB-6,67,数据误差超限
DATA:ZPB-6,68,数据误差超限
DATA:ZPB-6,69,数据误差超限
DATA:ZPB-6,70,数据误差超限
DATA:ZPB-6,71,数据误差超限
DATA:ZPB-6,72,数据误差超限
DATA:ZPB-6,73,数据误差超限
DATA:ZPB-6,74,数据误差超限
DATA:ZPB-6,75,数据误差超限
DATA:ZPB-6,76,数据误差超限
DATA:ZPB-6,77,数据误差超限
DATA:ZPB-6,78,数据误差超限
DATA:ZPB-6,79,数据误差超限
DATA:ZPB-6,80,数据误差超限
DATA:ZPB-6,81,数据误差超限
DATA:ZPB-6,82,数据误差超限
DATA:ZPB-6,83,数据误差超限
DATA:ZPB-6,84,数据误差超限
DATA:ZPB-6,85,数据误差超限
DATA:ZPB-7,71,数据误差超限
DATA:ZPB-7,72,数据误差超限
DATA:ZPB-7,73,数据误差超限
DATA:ZPB-7,74,数据误差超限
DATA:ZPB-7,75,数据误差超限
DATA:ZPB-7,76,数据误差超限
DATA:ZPB-7,77,数据误差超限
DATA:ZPB-7,78,数据误差超限
DATA:ZPB-7,79,数据误差超限
DATA:ZPB-7,80,数据误差超限
DATA:ZPB-7,81,数据误差超限
DATA:ZPB-7,82,数据误差超限
DATA:ZPB-7,83,数据误差超限
DATA:ZPB-7,84,数据误差超限
DATA:ZPB-7,85,数据误差超限
DATA:ZPB-7,86,数据误差超限
DATA:ZPB-7,87,数据误差超限
DATA:ZPB-7,88,数据误差超限
FILE:2016-11-30 02:44:40,D:\AWORK\向家坝\向家坝数据\9月数据(2016.9)\9月数据\渗压计、测压管、水文孔、量水堰\渗压计\渗压计（二期）-1(坝体、坝基).xlsx
FILE:2016-11-30 02:44:40,D:\AWORK\向家坝\向家坝数据\9月数据(2016.9)\9月数据\渗压计、测压管、水文孔、量水堰\渗压计\渗压计（二期）-2(坝基深孔).xlsx
DATA:PHS-12,430,观测日期有误
DATA:PHS-12,431,观测日期有误
FILE:2016-11-30 02:44:40,D:\AWORK\向家坝\向家坝数据\二标段数据及月报（2016.8）\地厂\测压管..xlsx
FILE:2016-11-30 02:44:40,D:\AWORK\向家坝\向家坝数据\二标段数据及月报（2016.8）\地厂\渗压计..xlsx
FILE:2016-11-30 02:44:40,D:\AWORK\向家坝\向家坝数据\二标段数据及月报（2016.8）\左岸高边坡\渗压计..xlsx
FILE:2016-11-30 02:44:40,D:\AWORK\向家坝\向家坝数据\干渠9月工程数据库\南干渠监测数据\渗压计.xlsx
FILE:2016-11-30 02:44:40,D:\AWORK\向家坝\向家坝数据\空间公司上报的2016年9月月报及数据\2标段内观\地下洞室\右岸地下厂房243高程以下(j)\243高程以下-渗压计.xlsx
DATA:Pj1-2,4,测值异常
DATA:Pj2-1,4,测值异常
DATA:Pj2-2,4,测值异常
FILE:2016-11-30 02:44:40,D:\AWORK\向家坝\向家坝数据\空间公司上报的2016年9月月报及数据\2标段内观\地下洞室\右岸地下厂房尾水主洞(ab-678)\尾水主洞-渗压计.xlsx
DATA:Pa6-2,4,测值异常
DATA:Pa7-2,4,测值异常
DATA:Pa8-1,4,测值异常
DATA:Pa8-2,4,测值异常
DATA:Pb6-1,4,测值异常
DATA:Pb6-2,4,测值异常
DATA:Pb7-1,4,测值异常
DATA:Pb8-1,4,测值异常
DATA:Pb8-2,4,测值异常
FILE:2016-11-30 02:44:40,D:\AWORK\向家坝\向家坝数据\空间公司上报的2016年9月月报及数据\2标段内观\地下洞室\右岸地下厂房尾水扩散段(w)\尾水扩散段-渗压计.xlsx
DATA:Pw2-1,4,测值异常
DATA:Pw2-2,4,测值异常
DATA:PW3-1,4,测值异常
FILE:2016-11-30 02:44:40,D:\AWORK\向家坝\向家坝数据\空间公司上报的2016年9月月报及数据\2标段内观\地下洞室\右岸地下厂房尾水支洞(ab-5)\尾水支洞-渗压计.xlsx
DATA:Pa5-1,4,测值异常
DATA:Pa5-2,4,测值异常
DATA:Pb5-1,4,测值异常
DATA:Pb5-2,4,测值异常
FILE:2016-11-30 02:44:40,D:\AWORK\向家坝\向家坝数据\空间公司上报的2016年9月月报及数据\2标段内观\地下洞室\右岸地下厂房引水洞(ab-1234)\引水洞-渗压计.xlsx
DATA:Pa3-2,329,数据误差超限
FILE:2016-11-30 02:44:40,D:\AWORK\向家坝\向家坝数据\空间公司上报的2016年9月月报及数据\2标段内观\地下洞室\右岸地下厂房排水廊道\排水廊道-测压管.xlsx
DATA:UP2-29补,4,测值异常
DATA:UP2-30补,4,测值异常
DATA:UP2-31补,4,测值异常
FILE:2016-11-30 02:44:40,D:\AWORK\向家坝\向家坝数据\空间公司上报的2016年9月月报及数据\2标段内观\地下洞室\右岸进厂交通洞\右岸交通洞-渗压计.xlsx
FILE:2016-11-30 02:44:40,D:\AWORK\向家坝\向家坝数据\空间公司上报的2016年9月月报及数据\2标段内观\左岸高边坡\左岸边坡-交通洞渗压计.xlsx
FILE:2016-11-30 03:52:39,D:\AWORK\向家坝\向家坝数据\9月数据(2016.9)\9月数据\基岩变位计、回弹仪\基岩变位计（一期）.xlsx
DATA:M11-1,66,数据误差超限
DATA:M11-1,67,数据误差超限
DATA:M11-1,68,数据误差超限
DATA:M11-1,69,数据误差超限
FILE:2016-11-30 03:52:39,D:\AWORK\向家坝\向家坝数据\9月数据(2016.9)\9月数据\基岩变位计、回弹仪\基岩变位计（二期）.xlsx
FILE:2016-11-30 03:52:39,D:\AWORK\向家坝\向家坝数据\空间公司上报的2016年9月月报及数据\2标段内观\左岸高边坡\左岸边坡-铟钢丝位移计.xlsx
FILE:2016-11-30 04:03:28,D:\AWORK\向家坝\向家坝数据\9月数据(2016.9)\9月数据\基岩变位计、回弹仪\基岩变位计（一期）.xlsx
DATA:M11-1,66,数据误差超限
DATA:M11-1,67,数据误差超限
DATA:M11-1,68,数据误差超限
DATA:M11-1,69,数据误差超限
FILE:2016-11-30 04:03:28,D:\AWORK\向家坝\向家坝数据\9月数据(2016.9)\9月数据\基岩变位计、回弹仪\基岩变位计（二期）.xlsx
FILE:2016-11-30 04:03:28,D:\AWORK\向家坝\向家坝数据\空间公司上报的2016年9月月报及数据\2标段内观\左岸高边坡\左岸边坡-铟钢丝位移计.xlsx
FILE:2016-11-30 04:41:52,D:\AWORK\向家坝\向家坝数据\9月数据(2016.9)\9月数据\基岩变位计、回弹仪\基岩变位计（一期）.xlsx
DATA:M11-1,66,数据误差超限
DATA:M11-1,67,数据误差超限
DATA:M11-1,68,数据误差超限
DATA:M11-1,69,数据误差超限
FILE:2016-11-30 04:41:52,D:\AWORK\向家坝\向家坝数据\9月数据(2016.9)\9月数据\基岩变位计、回弹仪\基岩变位计（二期）.xlsx
FILE:2016-11-30 04:41:52,D:\AWORK\向家坝\向家坝数据\空间公司上报的2016年9月月报及数据\2标段内观\左岸高边坡\左岸边坡-铟钢丝位移计.xlsx
FILE:2016-11-30 04:57:32,D:\AWORK\向家坝\向家坝数据\9月数据(2016.9)\9月数据\基岩变位计、回弹仪\基岩变位计（一期）.xlsx
DATA:M11-1,66,数据误差超限
DATA:M11-1,67,数据误差超限
DATA:M11-1,68,数据误差超限
DATA:M11-1,69,数据误差超限
FILE:2016-11-30 04:57:32,D:\AWORK\向家坝\向家坝数据\9月数据(2016.9)\9月数据\基岩变位计、回弹仪\基岩变位计（二期）.xlsx
FILE:2016-11-30 04:57:32,D:\AWORK\向家坝\向家坝数据\空间公司上报的2016年9月月报及数据\2标段内观\左岸高边坡\左岸边坡-铟钢丝位移计.xlsx
FILE:2016-11-30 04:58:18,D:\AWORK\向家坝\向家坝数据\9月数据(2016.9)\9月数据\基岩变位计、回弹仪\基岩变位计（一期）.xlsx
DATA:M11-1,66,数据误差超限
DATA:M11-1,67,数据误差超限
DATA:M11-1,68,数据误差超限
DATA:M11-1,69,数据误差超限
FILE:2016-11-30 04:58:18,D:\AWORK\向家坝\向家坝数据\9月数据(2016.9)\9月数据\基岩变位计、回弹仪\基岩变位计（二期）.xlsx
FILE:2016-11-30 04:58:18,D:\AWORK\向家坝\向家坝数据\空间公司上报的2016年9月月报及数据\2标段内观\左岸高边坡\左岸边坡-铟钢丝位移计.xlsx
FILE:2016-11-30 05:02:57,D:\AWORK\向家坝\向家坝数据\9月数据(2016.9)\9月数据\基岩变位计、回弹仪\基岩变位计（一期）.xlsx
FILE:2016-11-30 05:02:57,D:\AWORK\向家坝\向家坝数据\9月数据(2016.9)\9月数据\基岩变位计、回弹仪\基岩变位计（二期）.xlsx
FILE:2016-11-30 05:02:57,D:\AWORK\向家坝\向家坝数据\空间公司上报的2016年9月月报及数据\2标段内观\左岸高边坡\左岸边坡-铟钢丝位移计.xlsx
FILE:2016-11-30 05:04:13,D:\AWORK\向家坝\向家坝数据\9月数据(2016.9)\9月数据\基岩变位计、回弹仪\基岩变位计（一期）.xlsx
FILE:2016-11-30 05:04:13,D:\AWORK\向家坝\向家坝数据\9月数据(2016.9)\9月数据\基岩变位计、回弹仪\基岩变位计（二期）.xlsx
FILE:2016-11-30 05:04:13,D:\AWORK\向家坝\向家坝数据\空间公司上报的2016年9月月报及数据\2标段内观\左岸高边坡\左岸边坡-铟钢丝位移计.xlsx
FILE:2016-11-30 05:05:31,D:\AWORK\向家坝\向家坝数据\9月数据(2016.9)\9月数据\基岩变位计、回弹仪\基岩变位计（一期）.xlsx
FILE:2016-11-30 05:05:31,D:\AWORK\向家坝\向家坝数据\9月数据(2016.9)\9月数据\基岩变位计、回弹仪\基岩变位计（二期）.xlsx
FILE:2016-11-30 05:05:31,D:\AWORK\向家坝\向家坝数据\空间公司上报的2016年9月月报及数据\2标段内观\左岸高边坡\左岸边坡-铟钢丝位移计.xlsx
FILE:2016-11-30 05:06:40,D:\AWORK\向家坝\向家坝数据\9月数据(2016.9)\9月数据\基岩变位计、回弹仪\基岩变位计（一期）.xlsx
FILE:2016-11-30 05:06:40,D:\AWORK\向家坝\向家坝数据\9月数据(2016.9)\9月数据\基岩变位计、回弹仪\基岩变位计（二期）.xlsx
FILE:2016-11-30 05:06:40,D:\AWORK\向家坝\向家坝数据\空间公司上报的2016年9月月报及数据\2标段内观\左岸高边坡\左岸边坡-铟钢丝位移计.xlsx
FILE:2016-11-30 05:25:01,D:\AWORK\向家坝\向家坝数据\9月数据(2016.9)\9月数据\基岩变位计、回弹仪\基岩变位计（一期）.xlsx
FILE:2016-11-30 05:25:01,D:\AWORK\向家坝\向家坝数据\9月数据(2016.9)\9月数据\基岩变位计、回弹仪\基岩变位计（二期）.xlsx
FILE:2016-11-30 05:25:01,D:\AWORK\向家坝\向家坝数据\空间公司上报的2016年9月月报及数据\2标段内观\左岸高边坡\左岸边坡-铟钢丝位移计.xlsx
FILE:2016-11-30 05:26:14,D:\AWORK\向家坝\向家坝数据\9月数据(2016.9)\9月数据\基岩变位计、回弹仪\基岩变位计（一期）.xlsx
FILE:2016-11-30 05:26:14,D:\AWORK\向家坝\向家坝数据\9月数据(2016.9)\9月数据\基岩变位计、回弹仪\基岩变位计（二期）.xlsx
FILE:2016-11-30 05:26:14,D:\AWORK\向家坝\向家坝数据\空间公司上报的2016年9月月报及数据\2标段内观\左岸高边坡\左岸边坡-铟钢丝位移计.xlsx
FILE:2016-11-30 05:45:16,D:\AWORK\向家坝\向家坝数据\9月数据(2016.9)\9月数据\基岩变位计、回弹仪\基岩变位计（一期）.xlsx
FILE:2016-11-30 05:45:16,D:\AWORK\向家坝\向家坝数据\9月数据(2016.9)\9月数据\基岩变位计、回弹仪\基岩变位计（二期）.xlsx
FILE:2016-11-30 05:45:16,D:\AWORK\向家坝\向家坝数据\空间公司上报的2016年9月月报及数据\2标段内观\左岸高边坡\左岸边坡-铟钢丝位移计.xlsx
