FILE:2016-11-25 09:06:17,D:\AWORK\向家坝\向家坝数据\9月数据(2016.9)\9月数据\渗压计、测压管、水文孔、量水堰\水位孔\水位孔（一期）.xlsx
FILE:2016-11-25 09:06:17,D:\AWORK\向家坝\向家坝数据\9月数据(2016.9)\9月数据\渗压计、测压管、水文孔、量水堰\水位孔\水位孔（二期）.xlsx
DATA:OH3-9,230,观测日期有误
DATA:OH3-9,231,观测日期有误
FILE:2016-11-25 09:06:17,D:\AWORK\向家坝\向家坝数据\9月数据(2016.9)\9月数据\渗压计、测压管、水文孔、量水堰\测压管\测压管（一期）.xlsx
DATA:UP1-1,270,Cell index must be >= 0
DATA:UP1-1,271,Cell index must be >= 0
DATA:UP1-1,272,Cell index must be >= 0
DATA:UP1-1,273,Cell index must be >= 0
DATA:UP1-1,274,Cell index must be >= 0
DATA:UP1-1,275,Cell index must be >= 0
DATA:UP1-1,276,Cell index must be >= 0
DATA:UP1-1,277,Cell index must be >= 0
DATA:UP1-1,278,Cell index must be >= 0
DATA:UP1-1,279,Cell index must be >= 0
DATA:UP1-1,280,Cell index must be >= 0
DATA:UP1-1,281,Cell index must be >= 0
DATA:UP1-2,269,Cell index must be >= 0
DATA:UP1-2,270,Cell index must be >= 0
DATA:UP1-2,271,Cell index must be >= 0
DATA:UP1-2,272,Cell index must be >= 0
DATA:UP1-2,273,Cell index must be >= 0
DATA:UP1-2,274,Cell index must be >= 0
DATA:UP1-2,275,Cell index must be >= 0
DATA:UP1-2,276,Cell index must be >= 0
DATA:UP1-2,277,Cell index must be >= 0
DATA:UP1-2,278,Cell index must be >= 0
DATA:UP1-2,279,Cell index must be >= 0
DATA:UP1-2,280,Cell index must be >= 0
DATA:UP1-3,270,Cell index must be >= 0
DATA:UP1-3,271,Cell index must be >= 0
DATA:UP1-3,272,Cell index must be >= 0
DATA:UP1-3,273,Cell index must be >= 0
DATA:UP1-3,274,Cell index must be >= 0
DATA:UP1-3,275,Cell index must be >= 0
DATA:UP1-3,276,Cell index must be >= 0
DATA:UP1-3,277,Cell index must be >= 0
DATA:UP1-3,278,Cell index must be >= 0
DATA:UP1-3,279,Cell index must be >= 0
DATA:UP1-3,280,Cell index must be >= 0
DATA:UP1-3,281,Cell index must be >= 0
DATA:UP1-4,270,Cell index must be >= 0
DATA:UP1-4,271,Cell index must be >= 0
DATA:UP1-4,272,Cell index must be >= 0
DATA:UP1-4,273,Cell index must be >= 0
DATA:UP1-4,274,Cell index must be >= 0
DATA:UP1-4,275,Cell index must be >= 0
DATA:UP1-4,276,Cell index must be >= 0
DATA:UP1-4,277,Cell index must be >= 0
DATA:UP1-4,278,Cell index must be >= 0
DATA:UP1-4,279,Cell index must be >= 0
DATA:UP1-4,280,Cell index must be >= 0
DATA:UP1-4,281,Cell index must be >= 0
DATA:UP1-5,270,Cell index must be >= 0
DATA:UP1-5,271,Cell index must be >= 0
DATA:UP1-5,272,Cell index must be >= 0
DATA:UP1-5,273,Cell index must be >= 0
DATA:UP1-5,274,Cell index must be >= 0
DATA:UP1-5,275,Cell index must be >= 0
DATA:UP1-5,276,Cell index must be >= 0
DATA:UP1-5,277,Cell index must be >= 0
DATA:UP1-5,278,Cell index must be >= 0
DATA:UP1-5,279,Cell index must be >= 0
DATA:UP1-5,280,Cell index must be >= 0
DATA:UP1-5,281,Cell index must be >= 0
DATA:UP1-6,270,Cell index must be >= 0
DATA:UP1-6,271,Cell index must be >= 0
DATA:UP1-6,272,Cell index must be >= 0
DATA:UP1-6,273,Cell index must be >= 0
DATA:UP1-6,274,Cell index must be >= 0
DATA:UP1-6,275,Cell index must be >= 0
DATA:UP1-6,276,Cell index must be >= 0
DATA:UP1-6,277,Cell index must be >= 0
DATA:UP1-6,278,Cell index must be >= 0
DATA:UP1-6,279,Cell index must be >= 0
DATA:UP1-6,280,Cell index must be >= 0
DATA:UP1-6,281,Cell index must be >= 0
DATA:UP1-7,268,Cell index must be >= 0
DATA:UP1-7,269,Cell index must be >= 0
DATA:UP1-7,270,Cell index must be >= 0
DATA:UP1-7,271,Cell index must be >= 0
DATA:UP1-7,272,Cell index must be >= 0
DATA:UP1-7,273,Cell index must be >= 0
DATA:UP1-7,274,Cell index must be >= 0
DATA:UP1-7,275,Cell index must be >= 0
DATA:UP1-7,276,Cell index must be >= 0
DATA:UP1-7,277,Cell index must be >= 0
DATA:UP1-7,278,Cell index must be >= 0
DATA:UP1-7,279,Cell index must be >= 0
DATA:UP1-9,310,Cell index must be >= 0
DATA:UP1-9,311,Cell index must be >= 0
DATA:UP1-9,312,Cell index must be >= 0
DATA:UP1-9,313,Cell index must be >= 0
DATA:UP1-9,314,Cell index must be >= 0
DATA:UP1-9,315,Cell index must be >= 0
DATA:UP1-9,316,Cell index must be >= 0
DATA:UP1-9,317,Cell index must be >= 0
DATA:UP1-9,318,Cell index must be >= 0
DATA:UP1-9,319,Cell index must be >= 0
DATA:UP1-9,320,Cell index must be >= 0
DATA:UP1-9,321,Cell index must be >= 0
DATA:UP1-10,312,Cell index must be >= 0
DATA:UP1-10,313,Cell index must be >= 0
DATA:UP1-10,314,Cell index must be >= 0
DATA:UP1-10,315,Cell index must be >= 0
DATA:UP1-10,316,Cell index must be >= 0
DATA:UP1-10,317,Cell index must be >= 0
DATA:UP1-10,318,Cell index must be >= 0
DATA:UP1-10,319,Cell index must be >= 0
DATA:UP1-10,320,Cell index must be >= 0
DATA:UP1-10,321,Cell index must be >= 0
DATA:UP1-10,322,Cell index must be >= 0
DATA:UP1-10,323,Cell index must be >= 0
DATA:UP1-11,317,Cell index must be >= 0
DATA:UP1-11,318,Cell index must be >= 0
DATA:UP1-11,319,Cell index must be >= 0
DATA:UP1-11,320,Cell index must be >= 0
DATA:UP1-11,321,Cell index must be >= 0
DATA:UP1-11,322,Cell index must be >= 0
DATA:UP1-11,323,Cell index must be >= 0
DATA:UP1-11,324,Cell index must be >= 0
DATA:UP1-11,325,Cell index must be >= 0
DATA:UP1-11,326,Cell index must be >= 0
DATA:UP1-11,327,Cell index must be >= 0
DATA:UP1-11,328,Cell index must be >= 0
DATA:UP1-12,317,Cell index must be >= 0
DATA:UP1-12,318,Cell index must be >= 0
DATA:UP1-12,319,Cell index must be >= 0
DATA:UP1-12,320,Cell index must be >= 0
DATA:UP1-12,321,Cell index must be >= 0
DATA:UP1-12,322,Cell index must be >= 0
DATA:UP1-12,323,Cell index must be >= 0
DATA:UP1-12,324,Cell index must be >= 0
DATA:UP1-12,325,Cell index must be >= 0
DATA:UP1-12,326,Cell index must be >= 0
DATA:UP1-12,327,Cell index must be >= 0
DATA:UP1-12,328,Cell index must be >= 0
DATA:UP1-13,319,Cell index must be >= 0
DATA:UP1-13,320,Cell index must be >= 0
DATA:UP1-13,321,Cell index must be >= 0
DATA:UP1-13,322,Cell index must be >= 0
DATA:UP1-13,323,Cell index must be >= 0
DATA:UP1-13,324,Cell index must be >= 0
DATA:UP1-13,325,Cell index must be >= 0
DATA:UP1-13,326,Cell index must be >= 0
DATA:UP1-13,327,Cell index must be >= 0
DATA:UP1-13,328,Cell index must be >= 0
DATA:UP1-13,329,Cell index must be >= 0
DATA:UP1-13,330,Cell index must be >= 0
DATA:UP1-14,321,Cell index must be >= 0
DATA:UP1-14,322,Cell index must be >= 0
DATA:UP1-14,323,Cell index must be >= 0
DATA:UP1-14,324,Cell index must be >= 0
DATA:UP1-14,325,Cell index must be >= 0
DATA:UP1-14,326,Cell index must be >= 0
DATA:UP1-14,327,Cell index must be >= 0
DATA:UP1-14,328,Cell index must be >= 0
DATA:UP1-14,329,Cell index must be >= 0
DATA:UP1-14,330,Cell index must be >= 0
DATA:UP1-14,331,Cell index must be >= 0
DATA:UP1-14,332,Cell index must be >= 0
DATA:UP2-3,323,Cell index must be >= 0
DATA:UP2-3,324,Cell index must be >= 0
DATA:UP2-3,325,Cell index must be >= 0
DATA:UP2-3,326,Cell index must be >= 0
DATA:UP2-3,327,Cell index must be >= 0
DATA:UP2-3,328,Cell index must be >= 0
DATA:UP2-3,329,Cell index must be >= 0
DATA:UP2-3,330,Cell index must be >= 0
DATA:UP2-3,331,Cell index must be >= 0
DATA:UP2-3,332,Cell index must be >= 0
DATA:UP2-3,333,Cell index must be >= 0
DATA:UP2-3,334,Cell index must be >= 0
DATA:UP3-1,330,Cell index must be >= 0
DATA:UP3-1,331,Cell index must be >= 0
DATA:UP3-1,332,Cell index must be >= 0
DATA:UP3-1,333,Cell index must be >= 0
DATA:UP3-1,334,Cell index must be >= 0
DATA:UP3-1,335,Cell index must be >= 0
DATA:UP3-1,336,Cell index must be >= 0
DATA:UP3-1,337,Cell index must be >= 0
DATA:UP3-1,338,Cell index must be >= 0
DATA:UP3-1,339,Cell index must be >= 0
DATA:UP3-1,340,Cell index must be >= 0
DATA:UP3-1,341,Cell index must be >= 0
DATA:UP3-2,315,Cell index must be >= 0
DATA:UP3-2,316,Cell index must be >= 0
DATA:UP3-2,317,Cell index must be >= 0
DATA:UP3-2,318,Cell index must be >= 0
DATA:UP3-2,319,Cell index must be >= 0
DATA:UP3-2,320,Cell index must be >= 0
DATA:UP3-2,321,Cell index must be >= 0
DATA:UP3-2,322,Cell index must be >= 0
DATA:UP3-2,323,Cell index must be >= 0
DATA:UP3-2,324,Cell index must be >= 0
DATA:UP3-2,325,Cell index must be >= 0
DATA:UP3-2,326,Cell index must be >= 0
DATA:UP3-3,279,Cell index must be >= 0
DATA:UP3-3,280,Cell index must be >= 0
DATA:UP3-3,281,Cell index must be >= 0
DATA:UP3-3,282,Cell index must be >= 0
DATA:UP3-3,283,Cell index must be >= 0
DATA:UP3-3,284,Cell index must be >= 0
DATA:UP3-3,285,Cell index must be >= 0
DATA:UP3-3,286,Cell index must be >= 0
DATA:UP3-3,287,Cell index must be >= 0
DATA:UP3-3,288,Cell index must be >= 0
DATA:UP3-3,289,Cell index must be >= 0
DATA:UP3-3,290,Cell index must be >= 0
DATA:UP4-1,278,Cell index must be >= 0
DATA:UP4-1,279,Cell index must be >= 0
DATA:UP4-1,280,Cell index must be >= 0
DATA:UP4-1,281,Cell index must be >= 0
DATA:UP4-1,282,Cell index must be >= 0
DATA:UP4-1,283,Cell index must be >= 0
DATA:UP4-1,284,Cell index must be >= 0
DATA:UP4-1,285,Cell index must be >= 0
DATA:UP4-1,286,Cell index must be >= 0
DATA:UP4-1,287,Cell index must be >= 0
DATA:UP4-1,288,Cell index must be >= 0
DATA:UP4-1,289,Cell index must be >= 0
FILE:2016-11-25 09:06:17,D:\AWORK\向家坝\向家坝数据\9月数据(2016.9)\9月数据\渗压计、测压管、水文孔、量水堰\测压管\测压管（二期）.xlsx
DATA:UP2-7,205,Cell index must be >= 0
DATA:UP2-7,206,Cell index must be >= 0
DATA:UP2-7,207,Cell index must be >= 0
DATA:UP2-7,208,Cell index must be >= 0
DATA:UP2-7,209,Cell index must be >= 0
DATA:UP2-7,210,Cell index must be >= 0
DATA:UP2-7,211,Cell index must be >= 0
DATA:UP2-7,212,Cell index must be >= 0
DATA:UP2-7,213,Cell index must be >= 0
DATA:UP2-7,214,Cell index must be >= 0
DATA:UP2-7,215,Cell index must be >= 0
DATA:UP2-8,301,Cell index must be >= 0
DATA:UP2-8,302,Cell index must be >= 0
DATA:UP2-8,303,Cell index must be >= 0
DATA:UP2-8,304,Cell index must be >= 0
DATA:UP2-8,305,Cell index must be >= 0
DATA:UP2-8,306,Cell index must be >= 0
DATA:UP2-8,307,Cell index must be >= 0
DATA:UP2-8,308,Cell index must be >= 0
DATA:UP2-8,309,Cell index must be >= 0
DATA:UP2-8,310,Cell index must be >= 0
DATA:UP2-8,311,Cell index must be >= 0
DATA:UP2-9,443,Cell index must be >= 0
DATA:UP2-9,445,Cell index must be >= 0
DATA:UP2-9,446,Cell index must be >= 0
DATA:UP2-9,447,Cell index must be >= 0
DATA:UP2-9,448,Cell index must be >= 0
DATA:UP2-9,449,Cell index must be >= 0
DATA:UP2-11,346,Cell index must be >= 0
DATA:UP2-11,347,Cell index must be >= 0
DATA:UP2-11,348,Cell index must be >= 0
DATA:UP2-11,349,Cell index must be >= 0
DATA:UP2-11,350,Cell index must be >= 0
DATA:UP2-11,351,Cell index must be >= 0
DATA:UP2-11,352,Cell index must be >= 0
DATA:UP2-12,308,Cell index must be >= 0
DATA:UP2-12,309,Cell index must be >= 0
DATA:UP2-12,310,Cell index must be >= 0
DATA:UP2-12,311,Cell index must be >= 0
DATA:UP2-12,312,Cell index must be >= 0
DATA:UP2-12,313,Cell index must be >= 0
DATA:UP2-12,314,Cell index must be >= 0
DATA:UP2-12,315,Cell index must be >= 0
DATA:UP2-12,316,Cell index must be >= 0
DATA:UP2-12,317,Cell index must be >= 0
DATA:UP2-12,318,Cell index must be >= 0
DATA:UP2-13,321,Cell index must be >= 0
DATA:UP2-13,322,Cell index must be >= 0
DATA:UP2-13,323,Cell index must be >= 0
DATA:UP2-13,324,Cell index must be >= 0
DATA:UP2-13,325,Cell index must be >= 0
DATA:UP2-13,326,Cell index must be >= 0
DATA:UP2-13,327,Cell index must be >= 0
DATA:UP2-13,328,Cell index must be >= 0
DATA:UP2-13,329,Cell index must be >= 0
DATA:UP2-13,330,Cell index must be >= 0
DATA:UP2-13,331,Cell index must be >= 0
DATA:UP2-14,305,Cell index must be >= 0
DATA:UP2-14,306,Cell index must be >= 0
DATA:UP2-14,307,Cell index must be >= 0
DATA:UP2-14,308,Cell index must be >= 0
DATA:UP2-14,309,Cell index must be >= 0
DATA:UP2-14,310,Cell index must be >= 0
DATA:UP2-14,311,Cell index must be >= 0
DATA:UP2-14,312,Cell index must be >= 0
DATA:UP2-14,313,Cell index must be >= 0
DATA:UP2-14,314,Cell index must be >= 0
DATA:UP2-14,315,Cell index must be >= 0
DATA:UP3-4,381,Cell index must be >= 0
DATA:UP3-4,382,Cell index must be >= 0
DATA:UP3-4,383,Cell index must be >= 0
DATA:UP3-4,384,Cell index must be >= 0
DATA:UP3-4,385,Cell index must be >= 0
DATA:UP3-4,386,Cell index must be >= 0
DATA:UP3-5,378,Cell index must be >= 0
DATA:UP3-5,379,Cell index must be >= 0
DATA:UP3-5,380,Cell index must be >= 0
DATA:UP3-5,381,Cell index must be >= 0
DATA:UP3-5,382,Cell index must be >= 0
DATA:UP3-5,383,Cell index must be >= 0
DATA:UP3-7,126,Cell index must be >= 0
DATA:UP3-7,127,Cell index must be >= 0
DATA:UP3-7,128,Cell index must be >= 0
DATA:UP3-7,129,Cell index must be >= 0
DATA:UP3-7,130,Cell index must be >= 0
DATA:UP3-7,131,Cell index must be >= 0
DATA:UP3-7,132,Cell index must be >= 0
DATA:UP3-7,133,Cell index must be >= 0
DATA:UP3-7,134,Cell index must be >= 0
DATA:UP3-7,135,Cell index must be >= 0
DATA:UP3-7,136,Cell index must be >= 0
DATA:UP3-8,415,Cell index must be >= 0
DATA:UP3-8,416,Cell index must be >= 0
DATA:UP3-8,417,Cell index must be >= 0
DATA:UP3-8,418,Cell index must be >= 0
DATA:UP3-8,419,Cell index must be >= 0
DATA:UP3-8,420,Cell index must be >= 0
DATA:UP3-8,421,Cell index must be >= 0
DATA:UP3-9,348,Cell index must be >= 0
DATA:UP3-9,349,Cell index must be >= 0
DATA:UP3-9,350,Cell index must be >= 0
DATA:UP3-9,351,Cell index must be >= 0
DATA:UP3-9,352,Cell index must be >= 0
DATA:UP3-9,353,Cell index must be >= 0
DATA:UP3-9,354,Cell index must be >= 0
DATA:UP3-11,377,Cell index must be >= 0
DATA:UP3-11,378,Cell index must be >= 0
DATA:UP3-11,379,Cell index must be >= 0
DATA:UP3-11,380,Cell index must be >= 0
DATA:UP3-11,381,Cell index must be >= 0
DATA:UP3-11,382,Cell index must be >= 0
DATA:UP3-11,383,Cell index must be >= 0
DATA:UP3-12,443,Cell index must be >= 0
DATA:UP3-12,444,Cell index must be >= 0
DATA:UP3-12,445,Cell index must be >= 0
DATA:UP3-12,446,Cell index must be >= 0
DATA:UP3-12,447,Cell index must be >= 0
DATA:UP3-12,448,Cell index must be >= 0
DATA:UP3-12,449,Cell index must be >= 0
DATA:UP4-2,387,Cell index must be >= 0
DATA:UP4-2,388,Cell index must be >= 0
DATA:UP4-2,389,Cell index must be >= 0
DATA:UP4-2,390,Cell index must be >= 0
DATA:UP4-2,391,Cell index must be >= 0
DATA:UP4-2,392,Cell index must be >= 0
DATA:UP4-3,289,Cell index must be >= 0
DATA:UP4-3,290,Cell index must be >= 0
DATA:UP4-3,291,Cell index must be >= 0
DATA:UP4-3,292,Cell index must be >= 0
DATA:UP4-3,293,Cell index must be >= 0
DATA:UP4-3,294,Cell index must be >= 0
DATA:UP4-4,354,Cell index must be >= 0
DATA:UP4-4,355,Cell index must be >= 0
DATA:UP4-4,356,Cell index must be >= 0
DATA:UP4-4,357,Cell index must be >= 0
DATA:UP4-4,358,Cell index must be >= 0
DATA:UP4-4,359,Cell index must be >= 0
DATA:UP4-5,354,Cell index must be >= 0
DATA:UP4-5,355,Cell index must be >= 0
DATA:UP4-5,356,Cell index must be >= 0
DATA:UP4-5,357,Cell index must be >= 0
DATA:UP4-5,358,Cell index must be >= 0
DATA:UP4-5,359,Cell index must be >= 0
FILE:2016-11-25 09:06:17,D:\AWORK\向家坝\向家坝数据\9月数据(2016.9)\9月数据\渗压计、测压管、水文孔、量水堰\渗压计\导流底孔渗压计.xlsx
FILE:2016-11-25 09:06:17,D:\AWORK\向家坝\向家坝数据\9月数据(2016.9)\9月数据\渗压计、测压管、水文孔、量水堰\渗压计\渗压计（一期）.xlsx
FILE:2016-11-25 09:06:17,D:\AWORK\向家坝\向家坝数据\9月数据(2016.9)\9月数据\渗压计、测压管、水文孔、量水堰\渗压计\渗压计（二期）-1(坝体、坝基).xlsx
DATA:PG-14,508,Cell index must be >= 0
DATA:PG-14,509,Cell index must be >= 0
FILE:2016-11-25 09:06:17,D:\AWORK\向家坝\向家坝数据\9月数据(2016.9)\9月数据\渗压计、测压管、水文孔、量水堰\渗压计\渗压计（二期）-2(坝基深孔).xlsx
DATA:PHS-12,430,观测日期有误
DATA:PHS-12,431,观测日期有误
FILE:2016-11-25 09:06:17,D:\AWORK\向家坝\向家坝数据\二标段数据及月报（2016.8）\地厂\测压管..xlsx
FILE:2016-11-25 09:06:17,D:\AWORK\向家坝\向家坝数据\二标段数据及月报（2016.8）\地厂\渗压计..xlsx
FILE:2016-11-25 09:06:17,D:\AWORK\向家坝\向家坝数据\二标段数据及月报（2016.8）\左岸高边坡\渗压计..xlsx
FILE:2016-11-25 09:06:17,D:\AWORK\向家坝\向家坝数据\干渠9月工程数据库\南干渠监测数据\渗压计.xlsx
DATA:PB1-1,77,Cell index must be >= 0
DATA:PB1-1,78,Cell index must be >= 0
DATA:PB1-1,79,Cell index must be >= 0
DATA:PB1-1,80,Cell index must be >= 0
DATA:PB1-2,76,Cell index must be >= 0
DATA:PB1-2,77,Cell index must be >= 0
DATA:PB1-2,78,Cell index must be >= 0
DATA:PB1-2,79,Cell index must be >= 0
DATA:PB3-1,30,Cell index must be >= 0
DATA:PB3-1,31,Cell index must be >= 0
DATA:PB3-1,32,Cell index must be >= 0
DATA:PB3-1,33,Cell index must be >= 0
DATA:PB3-2,30,Cell index must be >= 0
DATA:PB3-2,31,Cell index must be >= 0
DATA:PB3-2,32,Cell index must be >= 0
DATA:PB3-2,33,Cell index must be >= 0
FILE:2016-11-25 09:06:17,D:\AWORK\向家坝\向家坝数据\空间公司上报的2016年9月月报及数据\2标段内观\地下洞室\右岸地下厂房243高程以下(j)\243高程以下-渗压计.xlsx
DATA:Pj1-2,4,测值异常
DATA:Pj2-1,4,测值异常
DATA:Pj2-2,4,测值异常
FILE:2016-11-25 09:06:17,D:\AWORK\向家坝\向家坝数据\空间公司上报的2016年9月月报及数据\2标段内观\地下洞室\右岸地下厂房尾水主洞(ab-678)\尾水主洞-渗压计.xlsx
DATA:Pa6-2,4,测值异常
DATA:Pa7-2,4,测值异常
DATA:Pa8-1,4,测值异常
DATA:Pa8-2,4,测值异常
DATA:Pb6-1,4,测值异常
DATA:Pb6-2,4,测值异常
DATA:Pb7-1,4,测值异常
DATA:Pb8-1,4,测值异常
DATA:Pb8-2,4,测值异常
FILE:2016-11-25 09:06:17,D:\AWORK\向家坝\向家坝数据\空间公司上报的2016年9月月报及数据\2标段内观\地下洞室\右岸地下厂房尾水扩散段(w)\尾水扩散段-渗压计.xlsx
DATA:Pw2-1,4,测值异常
DATA:Pw2-2,4,测值异常
DATA:PW3-1,4,测值异常
FILE:2016-11-25 09:06:17,D:\AWORK\向家坝\向家坝数据\空间公司上报的2016年9月月报及数据\2标段内观\地下洞室\右岸地下厂房尾水支洞(ab-5)\尾水支洞-渗压计.xlsx
DATA:Pa5-1,4,测值异常
DATA:Pa5-2,4,测值异常
DATA:Pb5-1,4,测值异常
DATA:Pb5-2,4,测值异常
FILE:2016-11-25 09:06:17,D:\AWORK\向家坝\向家坝数据\空间公司上报的2016年9月月报及数据\2标段内观\地下洞室\右岸地下厂房引水洞(ab-1234)\引水洞-渗压计.xlsx
DATA:Pa1-2,339,Cell index must be >= 0
DATA:Pa1-2,340,Cell index must be >= 0
DATA:Pa1-2,341,Cell index must be >= 0
DATA:Pa1-2,342,Cell index must be >= 0
DATA:Pa1-2,343,Cell index must be >= 0
DATA:Pa1-2,344,Cell index must be >= 0
DATA:Pa1-2,345,Cell index must be >= 0
DATA:Pa1-2,346,Cell index must be >= 0
DATA:Pa1-2,347,Cell index must be >= 0
DATA:Pa2-2,346,Cell index must be >= 0
DATA:Pa2-2,347,Cell index must be >= 0
DATA:Pa2-2,348,Cell index must be >= 0
DATA:Pa2-2,349,Cell index must be >= 0
DATA:Pa2-2,350,Cell index must be >= 0
DATA:Pa2-2,351,Cell index must be >= 0
DATA:Pa2-2,352,Cell index must be >= 0
DATA:Pa2-2,353,Cell index must be >= 0
DATA:Pa2-2,354,Cell index must be >= 0
DATA:Pa3-2,329,数据误差超限
DATA:Pb1-1,319,Cell index must be >= 0
DATA:Pb1-1,320,Cell index must be >= 0
DATA:Pb1-1,321,Cell index must be >= 0
DATA:Pb1-1,322,Cell index must be >= 0
DATA:Pb1-1,323,Cell index must be >= 0
DATA:Pb1-1,324,Cell index must be >= 0
DATA:Pb1-1,325,Cell index must be >= 0
DATA:Pb1-1,326,Cell index must be >= 0
DATA:Pb1-1,327,Cell index must be >= 0
DATA:Pb1-2,319,Cell index must be >= 0
DATA:Pb1-2,320,Cell index must be >= 0
DATA:Pb1-2,321,Cell index must be >= 0
DATA:Pb1-2,322,Cell index must be >= 0
DATA:Pb1-2,323,Cell index must be >= 0
DATA:Pb1-2,324,Cell index must be >= 0
DATA:Pb1-2,325,Cell index must be >= 0
DATA:Pb1-2,326,Cell index must be >= 0
DATA:Pb1-2,327,Cell index must be >= 0
DATA:Pb2-1,323,Cell index must be >= 0
DATA:Pb2-1,324,Cell index must be >= 0
DATA:Pb2-1,325,Cell index must be >= 0
DATA:Pb2-1,326,Cell index must be >= 0
DATA:Pb2-1,327,Cell index must be >= 0
DATA:Pb2-1,328,Cell index must be >= 0
DATA:Pb2-1,329,Cell index must be >= 0
DATA:Pb2-1,330,Cell index must be >= 0
DATA:Pb2-1,331,Cell index must be >= 0
DATA:Pb2-2,335,Cell index must be >= 0
DATA:Pb2-2,336,Cell index must be >= 0
DATA:Pb2-2,337,Cell index must be >= 0
DATA:Pb2-2,338,Cell index must be >= 0
DATA:Pb2-2,339,Cell index must be >= 0
DATA:Pb2-2,340,Cell index must be >= 0
DATA:Pb2-2,341,Cell index must be >= 0
DATA:Pb2-2,342,Cell index must be >= 0
DATA:Pb2-2,343,Cell index must be >= 0
FILE:2016-11-25 09:06:17,D:\AWORK\向家坝\向家坝数据\空间公司上报的2016年9月月报及数据\2标段内观\地下洞室\右岸地下厂房排水廊道\排水廊道-测压管.xlsx
DATA:UP2-29补,4,测值异常
DATA:UP2-30补,4,测值异常
DATA:UP2-31补,4,测值异常
FILE:2016-11-25 09:06:17,D:\AWORK\向家坝\向家坝数据\空间公司上报的2016年9月月报及数据\2标段内观\地下洞室\右岸进厂交通洞\右岸交通洞-渗压计.xlsx
FILE:2016-11-25 09:06:17,D:\AWORK\向家坝\向家坝数据\空间公司上报的2016年9月月报及数据\2标段内观\左岸高边坡\左岸边坡-交通洞渗压计.xlsx
FILE:2016-11-25 09:23:40,D:\AWORK\向家坝\向家坝数据\9月数据(2016.9)\9月数据\渗压计、测压管、水文孔、量水堰\水位孔\水位孔（一期）.xlsx
FILE:2016-11-25 09:23:40,D:\AWORK\向家坝\向家坝数据\9月数据(2016.9)\9月数据\渗压计、测压管、水文孔、量水堰\水位孔\水位孔（二期）.xlsx
DATA:OH3-9,230,观测日期有误
DATA:OH3-9,231,观测日期有误
FILE:2016-11-25 09:23:40,D:\AWORK\向家坝\向家坝数据\9月数据(2016.9)\9月数据\渗压计、测压管、水文孔、量水堰\测压管\测压管（一期）.xlsx
DATA:UP1-4,271,数据误差超限
DATA:UP1-4,272,数据误差超限
DATA:UP1-4,273,数据误差超限
DATA:UP1-4,274,数据误差超限
DATA:UP1-4,275,数据误差超限
DATA:UP1-4,276,数据误差超限
DATA:UP1-4,277,数据误差超限
DATA:UP1-4,278,数据误差超限
DATA:UP1-4,279,数据误差超限
DATA:UP1-4,280,数据误差超限
DATA:UP1-4,281,数据误差超限
DATA:UP1-12,318,数据误差超限
DATA:UP1-12,322,数据误差超限
DATA:UP1-12,323,数据误差超限
DATA:UP1-12,324,数据误差超限
DATA:UP1-12,325,数据误差超限
FILE:2016-11-25 09:23:40,D:\AWORK\向家坝\向家坝数据\9月数据(2016.9)\9月数据\渗压计、测压管、水文孔、量水堰\测压管\测压管（二期）.xlsx
FILE:2016-11-25 09:23:40,D:\AWORK\向家坝\向家坝数据\9月数据(2016.9)\9月数据\渗压计、测压管、水文孔、量水堰\渗压计\导流底孔渗压计.xlsx
FILE:2016-11-25 09:23:40,D:\AWORK\向家坝\向家坝数据\9月数据(2016.9)\9月数据\渗压计、测压管、水文孔、量水堰\渗压计\渗压计（一期）.xlsx
FILE:2016-11-25 09:23:40,D:\AWORK\向家坝\向家坝数据\9月数据(2016.9)\9月数据\渗压计、测压管、水文孔、量水堰\渗压计\渗压计（二期）-1(坝体、坝基).xlsx
FILE:2016-11-25 09:23:40,D:\AWORK\向家坝\向家坝数据\9月数据(2016.9)\9月数据\渗压计、测压管、水文孔、量水堰\渗压计\渗压计（二期）-2(坝基深孔).xlsx
DATA:PHS-12,430,观测日期有误
DATA:PHS-12,431,观测日期有误
FILE:2016-11-25 09:23:40,D:\AWORK\向家坝\向家坝数据\二标段数据及月报（2016.8）\地厂\测压管..xlsx
FILE:2016-11-25 09:23:40,D:\AWORK\向家坝\向家坝数据\二标段数据及月报（2016.8）\地厂\渗压计..xlsx
FILE:2016-11-25 09:23:40,D:\AWORK\向家坝\向家坝数据\二标段数据及月报（2016.8）\左岸高边坡\渗压计..xlsx
FILE:2016-11-25 09:23:40,D:\AWORK\向家坝\向家坝数据\干渠9月工程数据库\南干渠监测数据\渗压计.xlsx
FILE:2016-11-25 09:23:40,D:\AWORK\向家坝\向家坝数据\空间公司上报的2016年9月月报及数据\2标段内观\地下洞室\右岸地下厂房243高程以下(j)\243高程以下-渗压计.xlsx
DATA:Pj1-2,4,测值异常
DATA:Pj2-1,4,测值异常
DATA:Pj2-2,4,测值异常
FILE:2016-11-25 09:23:40,D:\AWORK\向家坝\向家坝数据\空间公司上报的2016年9月月报及数据\2标段内观\地下洞室\右岸地下厂房尾水主洞(ab-678)\尾水主洞-渗压计.xlsx
DATA:Pa6-2,4,测值异常
DATA:Pa7-2,4,测值异常
DATA:Pa8-1,4,测值异常
DATA:Pa8-2,4,测值异常
DATA:Pb6-1,4,测值异常
DATA:Pb6-2,4,测值异常
DATA:Pb7-1,4,测值异常
DATA:Pb8-1,4,测值异常
DATA:Pb8-2,4,测值异常
FILE:2016-11-25 09:23:40,D:\AWORK\向家坝\向家坝数据\空间公司上报的2016年9月月报及数据\2标段内观\地下洞室\右岸地下厂房尾水扩散段(w)\尾水扩散段-渗压计.xlsx
DATA:Pw2-1,4,测值异常
DATA:Pw2-2,4,测值异常
DATA:PW3-1,4,测值异常
FILE:2016-11-25 09:23:40,D:\AWORK\向家坝\向家坝数据\空间公司上报的2016年9月月报及数据\2标段内观\地下洞室\右岸地下厂房尾水支洞(ab-5)\尾水支洞-渗压计.xlsx
DATA:Pa5-1,4,测值异常
DATA:Pa5-2,4,测值异常
DATA:Pb5-1,4,测值异常
DATA:Pb5-2,4,测值异常
FILE:2016-11-25 09:23:40,D:\AWORK\向家坝\向家坝数据\空间公司上报的2016年9月月报及数据\2标段内观\地下洞室\右岸地下厂房引水洞(ab-1234)\引水洞-渗压计.xlsx
DATA:Pa3-2,329,数据误差超限
FILE:2016-11-25 09:23:40,D:\AWORK\向家坝\向家坝数据\空间公司上报的2016年9月月报及数据\2标段内观\地下洞室\右岸地下厂房排水廊道\排水廊道-测压管.xlsx
DATA:UP2-29补,4,测值异常
DATA:UP2-30补,4,测值异常
DATA:UP2-31补,4,测值异常
FILE:2016-11-25 09:23:40,D:\AWORK\向家坝\向家坝数据\空间公司上报的2016年9月月报及数据\2标段内观\地下洞室\右岸进厂交通洞\右岸交通洞-渗压计.xlsx
FILE:2016-11-25 09:23:40,D:\AWORK\向家坝\向家坝数据\空间公司上报的2016年9月月报及数据\2标段内观\左岸高边坡\左岸边坡-交通洞渗压计.xlsx
FILE:2016-11-25 09:31:47,D:\AWORK\向家坝\向家坝数据\9月数据(2016.9)\9月数据\渗压计、测压管、水文孔、量水堰\水位孔\水位孔（一期）.xlsx
FILE:2016-11-25 09:31:47,D:\AWORK\向家坝\向家坝数据\9月数据(2016.9)\9月数据\渗压计、测压管、水文孔、量水堰\水位孔\水位孔（二期）.xlsx
DATA:OH3-9,230,观测日期有误
DATA:OH3-9,231,观测日期有误
FILE:2016-11-25 09:31:47,D:\AWORK\向家坝\向家坝数据\9月数据(2016.9)\9月数据\渗压计、测压管、水文孔、量水堰\测压管\测压管（一期）.xlsx
DATA:UP1-4,271,数据误差超限
DATA:UP1-4,272,数据误差超限
DATA:UP1-4,273,数据误差超限
DATA:UP1-4,274,数据误差超限
DATA:UP1-4,275,数据误差超限
DATA:UP1-4,276,数据误差超限
DATA:UP1-4,277,数据误差超限
DATA:UP1-4,278,数据误差超限
DATA:UP1-4,279,数据误差超限
DATA:UP1-4,280,数据误差超限
DATA:UP1-4,281,数据误差超限
DATA:UP1-12,318,数据误差超限
DATA:UP1-12,322,数据误差超限
DATA:UP1-12,323,数据误差超限
DATA:UP1-12,324,数据误差超限
DATA:UP1-12,325,数据误差超限
FILE:2016-11-25 09:31:47,D:\AWORK\向家坝\向家坝数据\9月数据(2016.9)\9月数据\渗压计、测压管、水文孔、量水堰\测压管\测压管（二期）.xlsx
FILE:2016-11-25 09:31:47,D:\AWORK\向家坝\向家坝数据\9月数据(2016.9)\9月数据\渗压计、测压管、水文孔、量水堰\渗压计\导流底孔渗压计.xlsx
FILE:2016-11-25 09:31:47,D:\AWORK\向家坝\向家坝数据\9月数据(2016.9)\9月数据\渗压计、测压管、水文孔、量水堰\渗压计\渗压计（一期）.xlsx
FILE:2016-11-25 09:31:47,D:\AWORK\向家坝\向家坝数据\9月数据(2016.9)\9月数据\渗压计、测压管、水文孔、量水堰\渗压计\渗压计（二期）-1(坝体、坝基).xlsx
FILE:2016-11-25 09:31:47,D:\AWORK\向家坝\向家坝数据\9月数据(2016.9)\9月数据\渗压计、测压管、水文孔、量水堰\渗压计\渗压计（二期）-2(坝基深孔).xlsx
DATA:PHS-12,430,观测日期有误
DATA:PHS-12,431,观测日期有误
FILE:2016-11-25 09:31:47,D:\AWORK\向家坝\向家坝数据\二标段数据及月报（2016.8）\地厂\测压管..xlsx
FILE:2016-11-25 09:31:47,D:\AWORK\向家坝\向家坝数据\二标段数据及月报（2016.8）\地厂\渗压计..xlsx
FILE:2016-11-25 09:31:47,D:\AWORK\向家坝\向家坝数据\二标段数据及月报（2016.8）\左岸高边坡\渗压计..xlsx
FILE:2016-11-25 09:31:47,D:\AWORK\向家坝\向家坝数据\干渠9月工程数据库\南干渠监测数据\渗压计.xlsx
FILE:2016-11-25 09:31:47,D:\AWORK\向家坝\向家坝数据\空间公司上报的2016年9月月报及数据\2标段内观\地下洞室\右岸地下厂房243高程以下(j)\243高程以下-渗压计.xlsx
DATA:Pj1-2,4,测值异常
DATA:Pj2-1,4,测值异常
DATA:Pj2-2,4,测值异常
FILE:2016-11-25 09:31:47,D:\AWORK\向家坝\向家坝数据\空间公司上报的2016年9月月报及数据\2标段内观\地下洞室\右岸地下厂房尾水主洞(ab-678)\尾水主洞-渗压计.xlsx
DATA:Pa6-2,4,测值异常
DATA:Pa7-2,4,测值异常
DATA:Pa8-1,4,测值异常
DATA:Pa8-2,4,测值异常
DATA:Pb6-1,4,测值异常
DATA:Pb6-2,4,测值异常
DATA:Pb7-1,4,测值异常
DATA:Pb8-1,4,测值异常
DATA:Pb8-2,4,测值异常
FILE:2016-11-25 09:31:47,D:\AWORK\向家坝\向家坝数据\空间公司上报的2016年9月月报及数据\2标段内观\地下洞室\右岸地下厂房尾水扩散段(w)\尾水扩散段-渗压计.xlsx
DATA:Pw2-1,4,测值异常
DATA:Pw2-2,4,测值异常
DATA:PW3-1,4,测值异常
FILE:2016-11-25 09:31:47,D:\AWORK\向家坝\向家坝数据\空间公司上报的2016年9月月报及数据\2标段内观\地下洞室\右岸地下厂房尾水支洞(ab-5)\尾水支洞-渗压计.xlsx
DATA:Pa5-1,4,测值异常
DATA:Pa5-2,4,测值异常
DATA:Pb5-1,4,测值异常
DATA:Pb5-2,4,测值异常
FILE:2016-11-25 09:31:47,D:\AWORK\向家坝\向家坝数据\空间公司上报的2016年9月月报及数据\2标段内观\地下洞室\右岸地下厂房引水洞(ab-1234)\引水洞-渗压计.xlsx
DATA:Pa3-2,329,数据误差超限
FILE:2016-11-25 09:31:47,D:\AWORK\向家坝\向家坝数据\空间公司上报的2016年9月月报及数据\2标段内观\地下洞室\右岸地下厂房排水廊道\排水廊道-测压管.xlsx
DATA:UP2-29补,4,测值异常
DATA:UP2-30补,4,测值异常
DATA:UP2-31补,4,测值异常
FILE:2016-11-25 09:31:47,D:\AWORK\向家坝\向家坝数据\空间公司上报的2016年9月月报及数据\2标段内观\地下洞室\右岸进厂交通洞\右岸交通洞-渗压计.xlsx
FILE:2016-11-25 09:31:47,D:\AWORK\向家坝\向家坝数据\空间公司上报的2016年9月月报及数据\2标段内观\左岸高边坡\左岸边坡-交通洞渗压计.xlsx
FILE:2016-11-25 09:38:12,D:\AWORK\向家坝\向家坝数据\9月数据(2016.9)\9月数据\渗压计、测压管、水文孔、量水堰\水位孔\水位孔（一期）.xlsx
FILE:2016-11-25 09:38:12,D:\AWORK\向家坝\向家坝数据\9月数据(2016.9)\9月数据\渗压计、测压管、水文孔、量水堰\水位孔\水位孔（二期）.xlsx
DATA:OH3-9,230,观测日期有误
DATA:OH3-9,231,观测日期有误
FILE:2016-11-25 09:38:12,D:\AWORK\向家坝\向家坝数据\9月数据(2016.9)\9月数据\渗压计、测压管、水文孔、量水堰\测压管\测压管（一期）.xlsx
DATA:UP1-4,271,数据误差超限
DATA:UP1-4,272,数据误差超限
DATA:UP1-4,273,数据误差超限
DATA:UP1-4,274,数据误差超限
DATA:UP1-4,275,数据误差超限
DATA:UP1-4,276,数据误差超限
DATA:UP1-4,277,数据误差超限
DATA:UP1-4,278,数据误差超限
DATA:UP1-4,279,数据误差超限
DATA:UP1-4,280,数据误差超限
DATA:UP1-4,281,数据误差超限
DATA:UP1-12,318,数据误差超限
DATA:UP1-12,322,数据误差超限
DATA:UP1-12,323,数据误差超限
DATA:UP1-12,324,数据误差超限
DATA:UP1-12,325,数据误差超限
FILE:2016-11-25 09:38:12,D:\AWORK\向家坝\向家坝数据\9月数据(2016.9)\9月数据\渗压计、测压管、水文孔、量水堰\测压管\测压管（二期）.xlsx
FILE:2016-11-25 09:38:12,D:\AWORK\向家坝\向家坝数据\9月数据(2016.9)\9月数据\渗压计、测压管、水文孔、量水堰\渗压计\导流底孔渗压计.xlsx
FILE:2016-11-25 09:38:12,D:\AWORK\向家坝\向家坝数据\9月数据(2016.9)\9月数据\渗压计、测压管、水文孔、量水堰\渗压计\渗压计（一期）.xlsx
FILE:2016-11-25 09:38:12,D:\AWORK\向家坝\向家坝数据\9月数据(2016.9)\9月数据\渗压计、测压管、水文孔、量水堰\渗压计\渗压计（二期）-1(坝体、坝基).xlsx
FILE:2016-11-25 09:38:12,D:\AWORK\向家坝\向家坝数据\9月数据(2016.9)\9月数据\渗压计、测压管、水文孔、量水堰\渗压计\渗压计（二期）-2(坝基深孔).xlsx
DATA:PHS-12,430,观测日期有误
DATA:PHS-12,431,观测日期有误
FILE:2016-11-25 09:38:12,D:\AWORK\向家坝\向家坝数据\二标段数据及月报（2016.8）\地厂\测压管..xlsx
FILE:2016-11-25 09:38:12,D:\AWORK\向家坝\向家坝数据\二标段数据及月报（2016.8）\地厂\渗压计..xlsx
FILE:2016-11-25 09:38:12,D:\AWORK\向家坝\向家坝数据\二标段数据及月报（2016.8）\左岸高边坡\渗压计..xlsx
FILE:2016-11-25 09:38:12,D:\AWORK\向家坝\向家坝数据\干渠9月工程数据库\南干渠监测数据\渗压计.xlsx
FILE:2016-11-25 09:38:12,D:\AWORK\向家坝\向家坝数据\空间公司上报的2016年9月月报及数据\2标段内观\地下洞室\右岸地下厂房243高程以下(j)\243高程以下-渗压计.xlsx
DATA:Pj1-2,4,测值异常
DATA:Pj2-1,4,测值异常
DATA:Pj2-2,4,测值异常
FILE:2016-11-25 09:38:12,D:\AWORK\向家坝\向家坝数据\空间公司上报的2016年9月月报及数据\2标段内观\地下洞室\右岸地下厂房尾水主洞(ab-678)\尾水主洞-渗压计.xlsx
DATA:Pa6-2,4,测值异常
DATA:Pa7-2,4,测值异常
DATA:Pa8-1,4,测值异常
DATA:Pa8-2,4,测值异常
DATA:Pb6-1,4,测值异常
DATA:Pb6-2,4,测值异常
DATA:Pb7-1,4,测值异常
DATA:Pb8-1,4,测值异常
DATA:Pb8-2,4,测值异常
FILE:2016-11-25 09:38:12,D:\AWORK\向家坝\向家坝数据\空间公司上报的2016年9月月报及数据\2标段内观\地下洞室\右岸地下厂房尾水扩散段(w)\尾水扩散段-渗压计.xlsx
DATA:Pw2-1,4,测值异常
DATA:Pw2-2,4,测值异常
DATA:PW3-1,4,测值异常
FILE:2016-11-25 09:38:12,D:\AWORK\向家坝\向家坝数据\空间公司上报的2016年9月月报及数据\2标段内观\地下洞室\右岸地下厂房尾水支洞(ab-5)\尾水支洞-渗压计.xlsx
DATA:Pa5-1,4,测值异常
DATA:Pa5-2,4,测值异常
DATA:Pb5-1,4,测值异常
DATA:Pb5-2,4,测值异常
FILE:2016-11-25 09:38:12,D:\AWORK\向家坝\向家坝数据\空间公司上报的2016年9月月报及数据\2标段内观\地下洞室\右岸地下厂房引水洞(ab-1234)\引水洞-渗压计.xlsx
DATA:Pa3-2,329,数据误差超限
FILE:2016-11-25 09:38:12,D:\AWORK\向家坝\向家坝数据\空间公司上报的2016年9月月报及数据\2标段内观\地下洞室\右岸地下厂房排水廊道\排水廊道-测压管.xlsx
DATA:UP2-29补,4,测值异常
DATA:UP2-30补,4,测值异常
DATA:UP2-31补,4,测值异常
FILE:2016-11-25 09:38:12,D:\AWORK\向家坝\向家坝数据\空间公司上报的2016年9月月报及数据\2标段内观\地下洞室\右岸进厂交通洞\右岸交通洞-渗压计.xlsx
FILE:2016-11-25 09:38:12,D:\AWORK\向家坝\向家坝数据\空间公司上报的2016年9月月报及数据\2标段内观\左岸高边坡\左岸边坡-交通洞渗压计.xlsx
FILE:2016-11-25 09:46:03,D:\AWORK\向家坝\向家坝数据\9月数据(2016.9)\9月数据\渗压计、测压管、水文孔、量水堰\水位孔\水位孔（一期）.xlsx
FILE:2016-11-25 09:46:03,D:\AWORK\向家坝\向家坝数据\9月数据(2016.9)\9月数据\渗压计、测压管、水文孔、量水堰\水位孔\水位孔（二期）.xlsx
DATA:OH3-9,230,观测日期有误
DATA:OH3-9,231,观测日期有误
FILE:2016-11-25 09:46:03,D:\AWORK\向家坝\向家坝数据\9月数据(2016.9)\9月数据\渗压计、测压管、水文孔、量水堰\测压管\测压管（一期）.xlsx
FILE:2016-11-25 09:46:03,D:\AWORK\向家坝\向家坝数据\9月数据(2016.9)\9月数据\渗压计、测压管、水文孔、量水堰\测压管\测压管（二期）.xlsx
FILE:2016-11-25 09:46:03,D:\AWORK\向家坝\向家坝数据\9月数据(2016.9)\9月数据\渗压计、测压管、水文孔、量水堰\渗压计\导流底孔渗压计.xlsx
FILE:2016-11-25 09:46:03,D:\AWORK\向家坝\向家坝数据\9月数据(2016.9)\9月数据\渗压计、测压管、水文孔、量水堰\渗压计\渗压计（一期）.xlsx
FILE:2016-11-25 09:46:03,D:\AWORK\向家坝\向家坝数据\9月数据(2016.9)\9月数据\渗压计、测压管、水文孔、量水堰\渗压计\渗压计（二期）-1(坝体、坝基).xlsx
FILE:2016-11-25 09:46:03,D:\AWORK\向家坝\向家坝数据\9月数据(2016.9)\9月数据\渗压计、测压管、水文孔、量水堰\渗压计\渗压计（二期）-2(坝基深孔).xlsx
DATA:PHS-12,430,观测日期有误
DATA:PHS-12,431,观测日期有误
FILE:2016-11-25 09:46:03,D:\AWORK\向家坝\向家坝数据\二标段数据及月报（2016.8）\地厂\测压管..xlsx
FILE:2016-11-25 09:46:03,D:\AWORK\向家坝\向家坝数据\二标段数据及月报（2016.8）\地厂\渗压计..xlsx
FILE:2016-11-25 09:46:03,D:\AWORK\向家坝\向家坝数据\二标段数据及月报（2016.8）\左岸高边坡\渗压计..xlsx
FILE:2016-11-25 09:46:03,D:\AWORK\向家坝\向家坝数据\干渠9月工程数据库\南干渠监测数据\渗压计.xlsx
FILE:2016-11-25 09:46:03,D:\AWORK\向家坝\向家坝数据\空间公司上报的2016年9月月报及数据\2标段内观\地下洞室\右岸地下厂房243高程以下(j)\243高程以下-渗压计.xlsx
DATA:Pj1-2,4,测值异常
DATA:Pj2-1,4,测值异常
DATA:Pj2-2,4,测值异常
FILE:2016-11-25 09:46:03,D:\AWORK\向家坝\向家坝数据\空间公司上报的2016年9月月报及数据\2标段内观\地下洞室\右岸地下厂房尾水主洞(ab-678)\尾水主洞-渗压计.xlsx
DATA:Pa6-2,4,测值异常
DATA:Pa7-2,4,测值异常
DATA:Pa8-1,4,测值异常
DATA:Pa8-2,4,测值异常
DATA:Pb6-1,4,测值异常
DATA:Pb6-2,4,测值异常
DATA:Pb7-1,4,测值异常
DATA:Pb8-1,4,测值异常
DATA:Pb8-2,4,测值异常
FILE:2016-11-25 09:46:03,D:\AWORK\向家坝\向家坝数据\空间公司上报的2016年9月月报及数据\2标段内观\地下洞室\右岸地下厂房尾水扩散段(w)\尾水扩散段-渗压计.xlsx
DATA:Pw2-1,4,测值异常
DATA:Pw2-2,4,测值异常
DATA:PW3-1,4,测值异常
FILE:2016-11-25 09:46:03,D:\AWORK\向家坝\向家坝数据\空间公司上报的2016年9月月报及数据\2标段内观\地下洞室\右岸地下厂房尾水支洞(ab-5)\尾水支洞-渗压计.xlsx
DATA:Pa5-1,4,测值异常
DATA:Pa5-2,4,测值异常
DATA:Pb5-1,4,测值异常
DATA:Pb5-2,4,测值异常
FILE:2016-11-25 09:46:03,D:\AWORK\向家坝\向家坝数据\空间公司上报的2016年9月月报及数据\2标段内观\地下洞室\右岸地下厂房引水洞(ab-1234)\引水洞-渗压计.xlsx
DATA:Pa3-2,329,数据误差超限
FILE:2016-11-25 09:46:03,D:\AWORK\向家坝\向家坝数据\空间公司上报的2016年9月月报及数据\2标段内观\地下洞室\右岸地下厂房排水廊道\排水廊道-测压管.xlsx
DATA:UP2-29补,4,测值异常
DATA:UP2-30补,4,测值异常
DATA:UP2-31补,4,测值异常
FILE:2016-11-25 09:46:03,D:\AWORK\向家坝\向家坝数据\空间公司上报的2016年9月月报及数据\2标段内观\地下洞室\右岸进厂交通洞\右岸交通洞-渗压计.xlsx
FILE:2016-11-25 09:46:03,D:\AWORK\向家坝\向家坝数据\空间公司上报的2016年9月月报及数据\2标段内观\左岸高边坡\左岸边坡-交通洞渗压计.xlsx
FILE:2016-11-25 09:50:06,D:\AWORK\向家坝\向家坝数据\9月数据(2016.9)\9月数据\基岩变位计、回弹仪\基岩变位计（一期）.xlsx
DATA:M11-1,66,数据误差超限
DATA:M11-1,67,数据误差超限
DATA:M11-1,68,数据误差超限
DATA:M11-1,69,数据误差超限
FILE:2016-11-25 09:50:06,D:\AWORK\向家坝\向家坝数据\9月数据(2016.9)\9月数据\基岩变位计、回弹仪\基岩变位计（二期）.xlsx
FILE:2016-11-25 09:50:06,D:\AWORK\向家坝\向家坝数据\二标段数据及月报（2016.8）\左岸高边坡\铟钢丝位移计..xlsx
FILE:2016-11-25 09:50:06,D:\AWORK\向家坝\向家坝数据\空间公司上报的2016年9月月报及数据\2标段内观\左岸高边坡\左岸边坡-铟钢丝位移计.xlsx
FILE:2016-11-25 09:59:55,D:\AWORK\向家坝\向家坝数据\9月数据(2016.9)\9月数据\测缝计、裂缝计、位错计\位错计（一期+二期）.xls
DATA:WCL-3z,248,测值异常
DATA:WCL-5y,248,测值异常
DATA:WCL-5z,248,测值异常
DATA:WCL-7x,231,该字符串未被识别为有效的 DateTime。
DATA:WCL-7y,231,该字符串未被识别为有效的 DateTime。
DATA:WCL-7z,231,该字符串未被识别为有效的 DateTime。
FILE:2016-11-25 09:59:55,D:\AWORK\向家坝\向家坝数据\9月数据(2016.9)\9月数据\测缝计、裂缝计、位错计\11#机测缝计.xlsx
FILE:2016-11-25 09:59:55,D:\AWORK\向家坝\向家坝数据\9月数据(2016.9)\9月数据\测缝计、裂缝计、位错计\光纤测缝计（二期）.xlsx
FILE:2016-11-25 09:59:55,D:\AWORK\向家坝\向家坝数据\9月数据(2016.9)\9月数据\测缝计、裂缝计、位错计\导流底孔测缝计.xlsx
FILE:2016-11-25 09:59:55,D:\AWORK\向家坝\向家坝数据\9月数据(2016.9)\9月数据\测缝计、裂缝计、位错计\测缝计（一期）.xlsx
DATA:JC-7,390,观测日期有误
DATA:JD-1,202,数据误差超限
DATA:JD-1,203,数据误差超限
DATA:JD-1,204,数据误差超限
DATA:JD-1,205,数据误差超限
DATA:JD-1,206,数据误差超限
DATA:JD-1,207,数据误差超限
DATA:JD-1,210,数据误差超限
DATA:JD-1,211,数据误差超限
DATA:JD-16,109,数据误差超限
FILE:2016-11-25 09:59:55,D:\AWORK\向家坝\向家坝数据\9月数据(2016.9)\9月数据\测缝计、裂缝计、位错计\测缝计（二期）.xlsx
DATA:KG-11,239,测值异常
DATA:KG-11,240,测值异常
DATA:KG-11,241,测值异常
DATA:KG-11,242,测值异常
DATA:KG-11,243,测值异常
DATA:KG-11,244,测值异常
DATA:KG-11,245,测值异常
DATA:KG-11,246,测值异常
DATA:KG-11,247,测值异常
DATA:KG-11,250,测值异常
DATA:KG-11,252,数据误差超限
DATA:KG-11,253,数据误差超限
DATA:KG-11,254,数据误差超限
DATA:KG-11,255,数据误差超限
DATA:KG-11,256,数据误差超限
DATA:KG-11,262,数据误差超限
DATA:KG-11,263,数据误差超限
DATA:KG-11,264,数据误差超限
DATA:KG-11,265,数据误差超限
DATA:KG-11,266,数据误差超限
DATA:KG-11,267,数据误差超限
DATA:KG-11,268,数据误差超限
DATA:KG-11,269,数据误差超限
DATA:KG-11,270,数据误差超限
DATA:KG-11,271,数据误差超限
DATA:KG-11,272,数据误差超限
DATA:KG-11,273,数据误差超限
DATA:KG-11,274,数据误差超限
DATA:KG-11,275,数据误差超限
DATA:KG-11,276,数据误差超限
DATA:KG-11,277,数据误差超限
DATA:KG-11,278,数据误差超限
DATA:KG-11,279,数据误差超限
DATA:KG-11,280,数据误差超限
DATA:KG-11,281,数据误差超限
DATA:KG-11,282,数据误差超限
DATA:KG-11,283,数据误差超限
DATA:KG-11,284,数据误差超限
DATA:KG-11,285,数据误差超限
DATA:KG-11,286,数据误差超限
DATA:KG-11,287,数据误差超限
DATA:KG-11,288,数据误差超限
DATA:KG-11,289,数据误差超限
DATA:KG-11,290,数据误差超限
DATA:KG-11,291,数据误差超限
DATA:KG-11,292,数据误差超限
DATA:KG-11,293,数据误差超限
DATA:KG-11,294,数据误差超限
DATA:KG-11,295,数据误差超限
DATA:KG-11,296,数据误差超限
DATA:KG-11,297,数据误差超限
DATA:KG-11,298,数据误差超限
DATA:KG-11,299,数据误差超限
DATA:KG-11,300,数据误差超限
DATA:KG-11,301,数据误差超限
DATA:KG-11,302,数据误差超限
DATA:KG-11,303,数据误差超限
DATA:KG-11,304,数据误差超限
DATA:KG-11,308,数据误差超限
DATA:KG-11,309,数据误差超限
DATA:KG-11,310,数据误差超限
DATA:KG-11,311,数据误差超限
DATA:KG-11,312,数据误差超限
DATA:J-H-3,611,测值异常
DATA:J-H-3,620,Cannot get a numeric value from a text cell
DATA:J-H-3,621,Cannot get a numeric value from a text cell
DATA:J-H-3,622,Cannot get a numeric value from a text cell
DATA:J-H-3,623,Cannot get a numeric value from a text cell
DATA:J-H-3,624,Cannot get a numeric value from a text cell
DATA:J-H-3,631,测值异常
FILE:2016-11-25 09:59:55,D:\AWORK\向家坝\向家坝数据\9月数据(2016.9)\9月数据\测缝计、裂缝计、位错计\裂缝计（一期）.xlsx
DATA:LF1-1,297,数据误差超限
DATA:LF1-1,298,数据误差超限
DATA:LF1-1,299,数据误差超限
FILE:2016-11-25 09:59:55,D:\AWORK\向家坝\向家坝数据\二标段数据及月报（2016.8）\地厂\测缝计..xlsx
FILE:2016-11-25 09:59:55,D:\AWORK\向家坝\向家坝数据\二标段数据及月报（2016.8）\地厂\裂缝计..xlsx
FILE:2016-11-25 09:59:55,D:\AWORK\向家坝\向家坝数据\二标段数据及月报（2016.8）\左岸高边坡\测缝计..xlsx
FILE:2016-11-25 09:59:55,D:\AWORK\向家坝\向家坝数据\干渠9月工程数据库\南干渠监测数据\测缝计.xlsx
FILE:2016-11-25 09:59:55,D:\AWORK\向家坝\向家坝数据\空间公司上报的2016年9月月报及数据\2标段内观\地下洞室\右岸地下主厂房\主厂房-岩锚梁测缝计.xlsx
FILE:2016-11-25 09:59:55,D:\AWORK\向家坝\向家坝数据\空间公司上报的2016年9月月报及数据\2标段内观\地下洞室\右岸地下主厂房\主厂房-岩锚梁混凝土测缝计.xlsx
FILE:2016-11-25 09:59:55,D:\AWORK\向家坝\向家坝数据\空间公司上报的2016年9月月报及数据\2标段内观\地下洞室\右岸地下主厂房\主厂房-岩锚梁混凝土裂缝计.xlsx
FILE:2016-11-25 09:59:55,D:\AWORK\向家坝\向家坝数据\空间公司上报的2016年9月月报及数据\2标段内观\地下洞室\右岸地下厂房243高程以下(j)\243高程以下-测缝计.xlsx
FILE:2016-11-25 09:59:55,D:\AWORK\向家坝\向家坝数据\空间公司上报的2016年9月月报及数据\2标段内观\地下洞室\右岸地下厂房尾水主洞(ab-678)\尾水主洞-测缝计.xlsx
FILE:2016-11-25 09:59:55,D:\AWORK\向家坝\向家坝数据\空间公司上报的2016年9月月报及数据\2标段内观\地下洞室\右岸地下厂房尾水扩散段(w)\尾水扩散段-测缝计.xlsx
FILE:2016-11-25 09:59:55,D:\AWORK\向家坝\向家坝数据\空间公司上报的2016年9月月报及数据\2标段内观\地下洞室\右岸地下厂房尾水支洞(ab-5)\尾水支洞-测缝计.xlsx
FILE:2016-11-25 09:59:55,D:\AWORK\向家坝\向家坝数据\空间公司上报的2016年9月月报及数据\2标段内观\地下洞室\右岸地下厂房引水洞(ab-1234)\引水洞-测缝计.xlsx
FILE:2016-11-25 09:59:55,D:\AWORK\向家坝\向家坝数据\空间公司上报的2016年9月月报及数据\2标段内观\地下洞室\右岸地下厂房水轮机蜗壳(o)\蜗壳-测缝计.xlsx
FILE:2016-11-25 09:59:55,D:\AWORK\向家坝\向家坝数据\空间公司上报的2016年9月月报及数据\2标段内观\左岸高边坡\左岸边坡-测缝计.xlsx
FILE:2016-11-25 10:02:44,D:\AWORK\向家坝\向家坝数据\9月数据(2016.9)\9月数据\测缝计、裂缝计、位错计\位错计（一期+二期）.xls
DATA:WCL-3z,248,测值异常
DATA:WCL-5y,248,测值异常
DATA:WCL-5z,248,测值异常
DATA:WCL-7x,231,该字符串未被识别为有效的 DateTime。
DATA:WCL-7y,231,该字符串未被识别为有效的 DateTime。
DATA:WCL-7z,231,该字符串未被识别为有效的 DateTime。
FILE:2016-11-25 10:02:44,D:\AWORK\向家坝\向家坝数据\9月数据(2016.9)\9月数据\测缝计、裂缝计、位错计\11#机测缝计.xlsx
FILE:2016-11-25 10:02:44,D:\AWORK\向家坝\向家坝数据\9月数据(2016.9)\9月数据\测缝计、裂缝计、位错计\光纤测缝计（二期）.xlsx
FILE:2016-11-25 10:02:44,D:\AWORK\向家坝\向家坝数据\9月数据(2016.9)\9月数据\测缝计、裂缝计、位错计\导流底孔测缝计.xlsx
FILE:2016-11-25 10:02:44,D:\AWORK\向家坝\向家坝数据\9月数据(2016.9)\9月数据\测缝计、裂缝计、位错计\测缝计（一期）.xlsx
DATA:JC-7,390,观测日期有误
DATA:JD-1,202,数据误差超限
DATA:JD-1,203,数据误差超限
DATA:JD-1,204,数据误差超限
DATA:JD-1,205,数据误差超限
DATA:JD-1,206,数据误差超限
DATA:JD-1,207,数据误差超限
DATA:JD-1,210,数据误差超限
DATA:JD-1,211,数据误差超限
DATA:JD-16,109,数据误差超限
FILE:2016-11-25 10:02:44,D:\AWORK\向家坝\向家坝数据\9月数据(2016.9)\9月数据\测缝计、裂缝计、位错计\测缝计（二期）.xlsx
DATA:KG-11,239,测值异常
DATA:KG-11,240,测值异常
DATA:KG-11,241,测值异常
DATA:KG-11,242,测值异常
DATA:KG-11,243,测值异常
DATA:KG-11,244,测值异常
DATA:KG-11,245,测值异常
DATA:KG-11,246,测值异常
DATA:KG-11,247,测值异常
DATA:KG-11,250,测值异常
DATA:KG-11,252,数据误差超限
DATA:KG-11,253,数据误差超限
DATA:KG-11,254,数据误差超限
DATA:KG-11,255,数据误差超限
DATA:KG-11,256,数据误差超限
DATA:KG-11,262,数据误差超限
DATA:KG-11,263,数据误差超限
DATA:KG-11,264,数据误差超限
DATA:KG-11,265,数据误差超限
DATA:KG-11,266,数据误差超限
DATA:KG-11,267,数据误差超限
DATA:KG-11,268,数据误差超限
DATA:KG-11,269,数据误差超限
DATA:KG-11,270,数据误差超限
DATA:KG-11,271,数据误差超限
DATA:KG-11,272,数据误差超限
DATA:KG-11,273,数据误差超限
DATA:KG-11,274,数据误差超限
DATA:KG-11,275,数据误差超限
DATA:KG-11,276,数据误差超限
DATA:KG-11,277,数据误差超限
DATA:KG-11,278,数据误差超限
DATA:KG-11,279,数据误差超限
DATA:KG-11,280,数据误差超限
DATA:KG-11,281,数据误差超限
DATA:KG-11,282,数据误差超限
DATA:KG-11,283,数据误差超限
DATA:KG-11,284,数据误差超限
DATA:KG-11,285,数据误差超限
DATA:KG-11,286,数据误差超限
DATA:KG-11,287,数据误差超限
DATA:KG-11,288,数据误差超限
DATA:KG-11,289,数据误差超限
DATA:KG-11,290,数据误差超限
DATA:KG-11,291,数据误差超限
DATA:KG-11,292,数据误差超限
DATA:KG-11,293,数据误差超限
DATA:KG-11,294,数据误差超限
DATA:KG-11,295,数据误差超限
DATA:KG-11,296,数据误差超限
DATA:KG-11,297,数据误差超限
DATA:KG-11,298,数据误差超限
DATA:KG-11,299,数据误差超限
DATA:KG-11,300,数据误差超限
DATA:KG-11,301,数据误差超限
DATA:KG-11,302,数据误差超限
DATA:KG-11,303,数据误差超限
DATA:KG-11,304,数据误差超限
DATA:KG-11,308,数据误差超限
DATA:KG-11,309,数据误差超限
DATA:KG-11,310,数据误差超限
DATA:KG-11,311,数据误差超限
DATA:KG-11,312,数据误差超限
DATA:J-H-3,611,测值异常
DATA:J-H-3,620,Cannot get a numeric value from a text cell
DATA:J-H-3,621,Cannot get a numeric value from a text cell
DATA:J-H-3,622,Cannot get a numeric value from a text cell
DATA:J-H-3,623,Cannot get a numeric value from a text cell
DATA:J-H-3,624,Cannot get a numeric value from a text cell
DATA:J-H-3,631,测值异常
FILE:2016-11-25 10:02:44,D:\AWORK\向家坝\向家坝数据\9月数据(2016.9)\9月数据\测缝计、裂缝计、位错计\裂缝计（一期）.xlsx
DATA:LF1-1,297,数据误差超限
DATA:LF1-1,298,数据误差超限
DATA:LF1-1,299,数据误差超限
FILE:2016-11-25 10:02:44,D:\AWORK\向家坝\向家坝数据\二标段数据及月报（2016.8）\地厂\测缝计..xlsx
FILE:2016-11-25 10:02:44,D:\AWORK\向家坝\向家坝数据\二标段数据及月报（2016.8）\地厂\裂缝计..xlsx
FILE:2016-11-25 10:02:44,D:\AWORK\向家坝\向家坝数据\二标段数据及月报（2016.8）\左岸高边坡\测缝计..xlsx
FILE:2016-11-25 10:02:44,D:\AWORK\向家坝\向家坝数据\干渠9月工程数据库\南干渠监测数据\测缝计.xlsx
FILE:2016-11-25 10:02:44,D:\AWORK\向家坝\向家坝数据\空间公司上报的2016年9月月报及数据\2标段内观\地下洞室\右岸地下主厂房\主厂房-岩锚梁测缝计.xlsx
FILE:2016-11-25 10:02:44,D:\AWORK\向家坝\向家坝数据\空间公司上报的2016年9月月报及数据\2标段内观\地下洞室\右岸地下主厂房\主厂房-岩锚梁混凝土测缝计.xlsx
FILE:2016-11-25 10:02:44,D:\AWORK\向家坝\向家坝数据\空间公司上报的2016年9月月报及数据\2标段内观\地下洞室\右岸地下主厂房\主厂房-岩锚梁混凝土裂缝计.xlsx
FILE:2016-11-25 10:02:44,D:\AWORK\向家坝\向家坝数据\空间公司上报的2016年9月月报及数据\2标段内观\地下洞室\右岸地下厂房243高程以下(j)\243高程以下-测缝计.xlsx
FILE:2016-11-25 10:02:44,D:\AWORK\向家坝\向家坝数据\空间公司上报的2016年9月月报及数据\2标段内观\地下洞室\右岸地下厂房尾水主洞(ab-678)\尾水主洞-测缝计.xlsx
FILE:2016-11-25 10:02:44,D:\AWORK\向家坝\向家坝数据\空间公司上报的2016年9月月报及数据\2标段内观\地下洞室\右岸地下厂房尾水扩散段(w)\尾水扩散段-测缝计.xlsx
FILE:2016-11-25 10:02:44,D:\AWORK\向家坝\向家坝数据\空间公司上报的2016年9月月报及数据\2标段内观\地下洞室\右岸地下厂房尾水支洞(ab-5)\尾水支洞-测缝计.xlsx
FILE:2016-11-25 10:02:44,D:\AWORK\向家坝\向家坝数据\空间公司上报的2016年9月月报及数据\2标段内观\地下洞室\右岸地下厂房引水洞(ab-1234)\引水洞-测缝计.xlsx
FILE:2016-11-25 10:02:44,D:\AWORK\向家坝\向家坝数据\空间公司上报的2016年9月月报及数据\2标段内观\地下洞室\右岸地下厂房水轮机蜗壳(o)\蜗壳-测缝计.xlsx
FILE:2016-11-25 10:02:44,D:\AWORK\向家坝\向家坝数据\空间公司上报的2016年9月月报及数据\2标段内观\左岸高边坡\左岸边坡-测缝计.xlsx
FILE:2016-11-25 10:11:48,D:\AWORK\向家坝\向家坝数据\9月数据(2016.9)\9月数据\钢筋计、钢板计、锚杆应力计、压应力计\钢板计\11#机钢板计.xlsx
FILE:2016-11-25 10:11:48,D:\AWORK\向家坝\向家坝数据\9月数据(2016.9)\9月数据\钢筋计、钢板计、锚杆应力计、压应力计\钢板计\钢板计（一期）.xlsx
FILE:2016-11-25 10:11:48,D:\AWORK\向家坝\向家坝数据\9月数据(2016.9)\9月数据\钢筋计、钢板计、锚杆应力计、压应力计\钢板计\钢板计（二期）.xlsx
FILE:2016-11-25 10:11:48,D:\AWORK\向家坝\向家坝数据\二标段数据及月报（2016.8）\地厂\钢板计..xlsx
FILE:2016-11-25 10:11:48,D:\AWORK\向家坝\向家坝数据\空间公司上报的2016年9月月报及数据\2标段内观\地下洞室\右岸地下厂房引水洞(ab-1234)\引水洞-钢板计.xlsx
FILE:2016-11-25 10:11:48,D:\AWORK\向家坝\向家坝数据\空间公司上报的2016年9月月报及数据\2标段内观\地下洞室\右岸地下厂房水轮机蜗壳(o)\蜗壳-钢板计.xlsx
DATA:PS01-2,92,数据误差超限
DATA:PS03-2,102,数据误差超限
DATA:PS03-6,327,数据误差超限
FILE:2016-11-25 10:14:08,D:\AWORK\向家坝\向家坝数据\9月数据(2016.9)\9月数据\钢筋计、钢板计、锚杆应力计、压应力计\钢筋计\11#机钢筋计.xlsx
FILE:2016-11-25 10:14:08,D:\AWORK\向家坝\向家坝数据\9月数据(2016.9)\9月数据\钢筋计、钢板计、锚杆应力计、压应力计\钢筋计\二期主体钢筋计(E.F.G.H.L).xlsx
DATA:RE-10,45,数据误差超限
DATA:RE-12,44,数据误差超限
DATA:RE-15,52,数据误差超限
DATA:RF-20,237,数据误差超限
DATA:RF-20,238,数据误差超限
DATA:RF-20,239,数据误差超限
DATA:RFSQ-5,29,数据误差超限
DATA:RFSQ-7,33,数据误差超限
DATA:RFSQ-8,33,数据误差超限
FILE:2016-11-25 10:14:08,D:\AWORK\向家坝\向家坝数据\9月数据(2016.9)\9月数据\钢筋计、钢板计、锚杆应力计、压应力计\钢筋计\二期主体钢筋计（J.Z.N）.xlsx
DATA:RZ1-6,247,数据误差超限
DATA:RZ2-22,97,数据误差超限
DATA:RZ2-22,98,数据误差超限
DATA:RZ2-24,207,数据误差超限
DATA:RZ2-24,208,数据误差超限
DATA:RZ2-24,209,数据误差超限
DATA:RZ2-24,213,数据误差超限
DATA:RZ2-24,215,数据误差超限
DATA:RZ2-24,217,数据误差超限
DATA:RZ2-24,223,数据误差超限
DATA:RZ2-24,224,数据误差超限
DATA:RZ2-24,225,数据误差超限
DATA:RZ2-24,232,数据误差超限
DATA:RZ2-24,233,数据误差超限
DATA:RZ2-24,234,数据误差超限
FILE:2016-11-25 10:14:08,D:\AWORK\向家坝\向家坝数据\9月数据(2016.9)\9月数据\钢筋计、钢板计、锚杆应力计、压应力计\钢筋计\钢筋计（一期）.xlsx
FILE:2016-11-25 10:14:08,D:\AWORK\向家坝\向家坝数据\二标段数据及月报（2016.8）\右岸护坡\钢筋计..xlsx
FILE:2016-11-25 10:14:08,D:\AWORK\向家坝\向家坝数据\二标段数据及月报（2016.8）\地厂\钢筋计..xlsx
FILE:2016-11-25 10:14:08,D:\AWORK\向家坝\向家坝数据\二标段数据及月报（2016.8）\太平料场\钢筋计..xlsx
FILE:2016-11-25 10:14:08,D:\AWORK\向家坝\向家坝数据\二标段数据及月报（2016.8）\左岸高边坡\钢筋计..xlsx
FILE:2016-11-25 10:14:08,D:\AWORK\向家坝\向家坝数据\二标段数据及月报（2016.8）\马延坡边坡\钢筋计..xlsx
FILE:2016-11-25 10:14:08,D:\AWORK\向家坝\向家坝数据\干渠9月工程数据库\南干渠监测数据\钢筋计.xlsx
FILE:2016-11-25 10:14:08,D:\AWORK\向家坝\向家坝数据\空间公司上报的2016年9月月报及数据\2标段内观\出水口边坡\出水口边坡-钢筋桩钢筋计.xlsx
FILE:2016-11-25 10:14:08,D:\AWORK\向家坝\向家坝数据\空间公司上报的2016年9月月报及数据\2标段内观\右岸马延坡边坡\马延坡-钢筋计.xlsx
DATA:RⅠBc-2,303,数据误差超限
FILE:2016-11-25 10:14:08,D:\AWORK\向家坝\向家坝数据\空间公司上报的2016年9月月报及数据\2标段内观\地下洞室\右岸地下主厂房\主厂房-岩锚梁混凝土钢筋计.xlsx
FILE:2016-11-25 10:14:08,D:\AWORK\向家坝\向家坝数据\空间公司上报的2016年9月月报及数据\2标段内观\地下洞室\右岸地下厂房243高程以下(j)\243高程以下-钢筋计.xlsx
FILE:2016-11-25 10:14:08,D:\AWORK\向家坝\向家坝数据\空间公司上报的2016年9月月报及数据\2标段内观\地下洞室\右岸地下厂房尾水主洞(ab-678)\尾水主洞-钢筋计.xlsx
DATA:Ra6-1,151,数据误差超限
DATA:Ra6-1,152,数据误差超限
FILE:2016-11-25 10:14:08,D:\AWORK\向家坝\向家坝数据\空间公司上报的2016年9月月报及数据\2标段内观\地下洞室\右岸地下厂房尾水扩散段(w)\尾水扩散段-钢筋计.xlsx
FILE:2016-11-25 10:14:08,D:\AWORK\向家坝\向家坝数据\空间公司上报的2016年9月月报及数据\2标段内观\地下洞室\右岸地下厂房尾水支洞(ab-5)\尾水支洞-钢筋计.xlsx
FILE:2016-11-25 10:14:08,D:\AWORK\向家坝\向家坝数据\空间公司上报的2016年9月月报及数据\2标段内观\地下洞室\右岸地下厂房引水洞(ab-1234)\引水洞-钢筋计.xlsx
FILE:2016-11-25 10:14:08,D:\AWORK\向家坝\向家坝数据\空间公司上报的2016年9月月报及数据\2标段内观\地下洞室\右岸地下厂房水轮机蜗壳(o)\蜗壳-钢筋计.xlsx
FILE:2016-11-25 10:14:08,D:\AWORK\向家坝\向家坝数据\空间公司上报的2016年9月月报及数据\2标段内观\地下洞室\右岸进厂交通洞\右岸交通洞-差阻式钢筋计.xlsx
FILE:2016-11-25 10:14:08,D:\AWORK\向家坝\向家坝数据\空间公司上报的2016年9月月报及数据\2标段内观\太平料场边坡\太平料场-差阻式钢筋计.xlsx
FILE:2016-11-25 10:14:08,D:\AWORK\向家坝\向家坝数据\空间公司上报的2016年9月月报及数据\2标段内观\太平料场边坡\太平料场-振弦式钢筋计.xlsx
DATA:Rz-27,4,测值异常
DATA:Rz-28,4,测值异常
DATA:Rz-29,4,测值异常
DATA:Rz-30,4,测值异常
DATA:Rz-31,4,测值异常
FILE:2016-11-25 10:14:08,D:\AWORK\向家坝\向家坝数据\空间公司上报的2016年9月月报及数据\2标段内观\尾渣坝-右岸护坡\右岸护坡-钢筋计.xlsx
FILE:2016-11-25 10:14:08,D:\AWORK\向家坝\向家坝数据\空间公司上报的2016年9月月报及数据\2标段内观\左岸高边坡\钢筋计\交通洞钢筋计.xlsx
FILE:2016-11-25 10:14:08,D:\AWORK\向家坝\向家坝数据\空间公司上报的2016年9月月报及数据\2标段内观\左岸高边坡\钢筋计\钢筋桩钢筋计.xlsx
FILE:2016-11-25 10:14:08,D:\AWORK\向家坝\向家坝数据\空间公司上报的2016年9月月报及数据\2标段内观\进水口边坡\进水口边坡-钢筋桩钢筋计.xlsx
FILE:2016-11-25 10:52:00,D:\AWORK\向家坝\向家坝数据\9月数据(2016.9)\9月数据\钢筋计、钢板计、锚杆应力计、压应力计\锚杆应力计（二期）.xlsx
DATA:AS4-1,310,数据误差超限
DATA:AS4-2,213,Cannot get a numeric value from a text cell
DATA:AS4-2,214,Cannot get a numeric value from a text cell
DATA:AS4-2,215,Cannot get a numeric value from a text cell
DATA:AS4-2,216,Cannot get a numeric value from a text cell
DATA:AS4-2,217,Cannot get a numeric value from a text cell
DATA:AS4-2,310,数据误差超限
DATA:AS4-3,312,数据误差超限
FILE:2016-11-25 10:52:00,D:\AWORK\向家坝\向家坝数据\二标段数据及月报（2016.8）\右岸护坡\锚杆应力计..xlsx
FILE:2016-11-25 10:52:00,D:\AWORK\向家坝\向家坝数据\二标段数据及月报（2016.8）\地厂\锚杆应力计..xlsx
FILE:2016-11-25 10:52:00,D:\AWORK\向家坝\向家坝数据\二标段数据及月报（2016.8）\太平料场\锚杆应力计..xlsx
FILE:2016-11-25 10:52:00,D:\AWORK\向家坝\向家坝数据\二标段数据及月报（2016.8）\左岸高边坡\锚杆应力计..xlsx
FILE:2016-11-25 10:52:00,D:\AWORK\向家坝\向家坝数据\干渠9月工程数据库\北干渠监测数据\锚杆应力计.xlsx
FILE:2016-11-25 10:52:00,D:\AWORK\向家坝\向家坝数据\空间公司上报的2016年9月月报及数据\2标段内观\出水口边坡\出水口边坡-锚杆应力计.xlsx
FILE:2016-11-25 10:52:00,D:\AWORK\向家坝\向家坝数据\空间公司上报的2016年9月月报及数据\2标段内观\地下洞室\右岸地下主厂房\主厂房-岩锚梁锚杆应力计.xlsx
FILE:2016-11-25 10:52:00,D:\AWORK\向家坝\向家坝数据\空间公司上报的2016年9月月报及数据\2标段内观\地下洞室\右岸地下主厂房\主厂房-锚杆应力计.xlsx
DATA:AS1-3,4,测值异常
DATA:AS1-4,4,测值异常
DATA:AS2-9,4,测值异常
DATA:AS3-3,4,测值异常
DATA:AS3-8,4,测值异常
DATA:AS3-10,4,测值异常
DATA:AS4-2,4,测值异常
FILE:2016-11-25 10:52:00,D:\AWORK\向家坝\向家坝数据\空间公司上报的2016年9月月报及数据\2标段内观\地下洞室\右岸地下厂房主变洞\主变洞-锚杆应力计.xlsx
DATA:AS7-2,4,测值异常
DATA:AS7-4,4,测值异常
DATA:AS9-2,4,测值异常
DATA:AS9-4,4,测值异常
DATA:AS9-5,4,测值异常
FILE:2016-11-25 10:52:00,D:\AWORK\向家坝\向家坝数据\空间公司上报的2016年9月月报及数据\2标段内观\地下洞室\右岸地下厂房尾水主洞(ab-678)\尾水主洞-锚杆应力计.xlsx
FILE:2016-11-25 10:52:00,D:\AWORK\向家坝\向家坝数据\空间公司上报的2016年9月月报及数据\2标段内观\地下洞室\右岸地下厂房尾水扩散段(w)\尾水扩散段-锚杆应力计.xlsx
FILE:2016-11-25 10:52:00,D:\AWORK\向家坝\向家坝数据\空间公司上报的2016年9月月报及数据\2标段内观\地下洞室\右岸地下厂房尾水支洞(ab-5)\尾水支洞-锚杆应力计.xlsx
DATA:AS1-3,4,测值异常
DATA:AS1-4,4,测值异常
DATA:AS2-9,4,测值异常
DATA:AS3-3,4,测值异常
DATA:AS3-8,4,测值异常
DATA:AS3-10,4,测值异常
DATA:AS4-2,4,测值异常
FILE:2016-11-25 10:52:00,D:\AWORK\向家坝\向家坝数据\空间公司上报的2016年9月月报及数据\2标段内观\地下洞室\右岸地下厂房引水洞(ab-1234)\引水洞-锚杆应力计.xlsx
FILE:2016-11-25 10:52:00,D:\AWORK\向家坝\向家坝数据\空间公司上报的2016年9月月报及数据\2标段内观\地下洞室\右岸进厂交通洞\右岸交通洞-锚杆应力计.xlsx
FILE:2016-11-25 10:52:00,D:\AWORK\向家坝\向家坝数据\空间公司上报的2016年9月月报及数据\2标段内观\太平料场边坡\太平料场-锚杆应力计.xlsx
FILE:2016-11-25 10:52:00,D:\AWORK\向家坝\向家坝数据\空间公司上报的2016年9月月报及数据\2标段内观\尾渣坝-右岸护坡\右岸护坡-锚杆应力计.xlsx
DATA:ASh-7 ,3,测值异常
FILE:2016-11-25 10:52:00,D:\AWORK\向家坝\向家坝数据\空间公司上报的2016年9月月报及数据\2标段内观\左岸高边坡\锚杆应力计\1断面锚杆应力计计算表.xlsx
FILE:2016-11-25 10:52:00,D:\AWORK\向家坝\向家坝数据\空间公司上报的2016年9月月报及数据\2标段内观\左岸高边坡\锚杆应力计\2断面锚杆应力计计算表.xlsx
FILE:2016-11-25 10:52:00,D:\AWORK\向家坝\向家坝数据\空间公司上报的2016年9月月报及数据\2标段内观\左岸高边坡\锚杆应力计\3断面锚杆应力计计算表.xlsx
FILE:2016-11-25 10:52:00,D:\AWORK\向家坝\向家坝数据\空间公司上报的2016年9月月报及数据\2标段内观\左岸高边坡\锚杆应力计\4断面锚杆应力计计算表.xlsx
FILE:2016-11-25 10:52:00,D:\AWORK\向家坝\向家坝数据\空间公司上报的2016年9月月报及数据\2标段内观\左岸高边坡\锚杆应力计\5断面锚杆应力计计算表.xlsx
FILE:2016-11-25 10:52:00,D:\AWORK\向家坝\向家坝数据\空间公司上报的2016年9月月报及数据\2标段内观\左岸高边坡\锚杆应力计\6断面锚杆应力计计算表.xlsx
FILE:2016-11-25 10:52:00,D:\AWORK\向家坝\向家坝数据\空间公司上报的2016年9月月报及数据\2标段内观\左岸高边坡\锚杆应力计\7断面锚杆应力计计算表.xlsx
FILE:2016-11-25 10:52:00,D:\AWORK\向家坝\向家坝数据\空间公司上报的2016年9月月报及数据\2标段内观\左岸高边坡\锚杆应力计\8断面锚杆应力计计算表.xlsx
FILE:2016-11-25 10:52:00,D:\AWORK\向家坝\向家坝数据\空间公司上报的2016年9月月报及数据\2标段内观\左岸高边坡\锚杆应力计\9断面锚杆应力计计算表.xlsx
DATA:9AS-2,82,测值异常
FILE:2016-11-25 10:52:00,D:\AWORK\向家坝\向家坝数据\空间公司上报的2016年9月月报及数据\2标段内观\左岸高边坡\锚杆应力计\交通洞锚杆应力计计算表.xlsx
FILE:2016-11-25 10:52:00,D:\AWORK\向家坝\向家坝数据\空间公司上报的2016年9月月报及数据\2标段内观\进水口边坡\进水口边坡-锚杆应力计.xlsx
FILE:2016-11-25 10:58:01,D:\AWORK\向家坝\向家坝数据\9月数据(2016.9)\9月数据\钢筋计、钢板计、锚杆应力计、压应力计\锚杆应力计（二期）.xlsx
DATA:AS4-1,310,数据误差超限
DATA:AS4-2,213,Cannot get a numeric value from a text cell
DATA:AS4-2,214,Cannot get a numeric value from a text cell
DATA:AS4-2,215,Cannot get a numeric value from a text cell
DATA:AS4-2,216,Cannot get a numeric value from a text cell
DATA:AS4-2,217,Cannot get a numeric value from a text cell
DATA:AS4-2,310,数据误差超限
DATA:AS4-3,312,数据误差超限
FILE:2016-11-25 10:58:01,D:\AWORK\向家坝\向家坝数据\二标段数据及月报（2016.8）\右岸护坡\锚杆应力计..xlsx
FILE:2016-11-25 10:58:01,D:\AWORK\向家坝\向家坝数据\二标段数据及月报（2016.8）\地厂\锚杆应力计..xlsx
FILE:2016-11-25 10:58:01,D:\AWORK\向家坝\向家坝数据\二标段数据及月报（2016.8）\太平料场\锚杆应力计..xlsx
FILE:2016-11-25 10:58:01,D:\AWORK\向家坝\向家坝数据\二标段数据及月报（2016.8）\左岸高边坡\锚杆应力计..xlsx
FILE:2016-11-25 10:58:01,D:\AWORK\向家坝\向家坝数据\干渠9月工程数据库\北干渠监测数据\锚杆应力计.xlsx
FILE:2016-11-25 10:58:01,D:\AWORK\向家坝\向家坝数据\空间公司上报的2016年9月月报及数据\2标段内观\出水口边坡\出水口边坡-锚杆应力计.xlsx
FILE:2016-11-25 10:58:01,D:\AWORK\向家坝\向家坝数据\空间公司上报的2016年9月月报及数据\2标段内观\地下洞室\右岸地下主厂房\主厂房-岩锚梁锚杆应力计.xlsx
FILE:2016-11-25 10:58:01,D:\AWORK\向家坝\向家坝数据\空间公司上报的2016年9月月报及数据\2标段内观\地下洞室\右岸地下主厂房\主厂房-锚杆应力计.xlsx
DATA:AS1-3,4,测值异常
DATA:AS1-4,4,测值异常
DATA:AS2-9,4,测值异常
DATA:AS3-3,4,测值异常
DATA:AS3-8,4,测值异常
DATA:AS3-10,4,测值异常
DATA:AS4-2,4,测值异常
FILE:2016-11-25 10:58:01,D:\AWORK\向家坝\向家坝数据\空间公司上报的2016年9月月报及数据\2标段内观\地下洞室\右岸地下厂房主变洞\主变洞-锚杆应力计.xlsx
DATA:AS7-2,4,测值异常
DATA:AS7-4,4,测值异常
DATA:AS9-2,4,测值异常
DATA:AS9-4,4,测值异常
DATA:AS9-5,4,测值异常
FILE:2016-11-25 10:58:01,D:\AWORK\向家坝\向家坝数据\空间公司上报的2016年9月月报及数据\2标段内观\地下洞室\右岸地下厂房尾水主洞(ab-678)\尾水主洞-锚杆应力计.xlsx
FILE:2016-11-25 10:58:01,D:\AWORK\向家坝\向家坝数据\空间公司上报的2016年9月月报及数据\2标段内观\地下洞室\右岸地下厂房尾水扩散段(w)\尾水扩散段-锚杆应力计.xlsx
FILE:2016-11-25 10:58:01,D:\AWORK\向家坝\向家坝数据\空间公司上报的2016年9月月报及数据\2标段内观\地下洞室\右岸地下厂房尾水支洞(ab-5)\尾水支洞-锚杆应力计.xlsx
DATA:AS1-3,4,测值异常
DATA:AS1-4,4,测值异常
DATA:AS2-9,4,测值异常
DATA:AS3-3,4,测值异常
DATA:AS3-8,4,测值异常
DATA:AS3-10,4,测值异常
DATA:AS4-2,4,测值异常
FILE:2016-11-25 10:58:01,D:\AWORK\向家坝\向家坝数据\空间公司上报的2016年9月月报及数据\2标段内观\地下洞室\右岸地下厂房引水洞(ab-1234)\引水洞-锚杆应力计.xlsx
FILE:2016-11-25 10:58:01,D:\AWORK\向家坝\向家坝数据\空间公司上报的2016年9月月报及数据\2标段内观\地下洞室\右岸进厂交通洞\右岸交通洞-锚杆应力计.xlsx
FILE:2016-11-25 10:58:01,D:\AWORK\向家坝\向家坝数据\空间公司上报的2016年9月月报及数据\2标段内观\太平料场边坡\太平料场-锚杆应力计.xlsx
FILE:2016-11-25 10:58:01,D:\AWORK\向家坝\向家坝数据\空间公司上报的2016年9月月报及数据\2标段内观\尾渣坝-右岸护坡\右岸护坡-锚杆应力计.xlsx
DATA:ASh-7 ,3,测值异常
FILE:2016-11-25 10:58:01,D:\AWORK\向家坝\向家坝数据\空间公司上报的2016年9月月报及数据\2标段内观\左岸高边坡\锚杆应力计\1断面锚杆应力计计算表.xlsx
FILE:2016-11-25 10:58:01,D:\AWORK\向家坝\向家坝数据\空间公司上报的2016年9月月报及数据\2标段内观\左岸高边坡\锚杆应力计\2断面锚杆应力计计算表.xlsx
FILE:2016-11-25 10:58:01,D:\AWORK\向家坝\向家坝数据\空间公司上报的2016年9月月报及数据\2标段内观\左岸高边坡\锚杆应力计\3断面锚杆应力计计算表.xlsx
FILE:2016-11-25 10:58:01,D:\AWORK\向家坝\向家坝数据\空间公司上报的2016年9月月报及数据\2标段内观\左岸高边坡\锚杆应力计\4断面锚杆应力计计算表.xlsx
FILE:2016-11-25 10:58:01,D:\AWORK\向家坝\向家坝数据\空间公司上报的2016年9月月报及数据\2标段内观\左岸高边坡\锚杆应力计\5断面锚杆应力计计算表.xlsx
FILE:2016-11-25 10:58:01,D:\AWORK\向家坝\向家坝数据\空间公司上报的2016年9月月报及数据\2标段内观\左岸高边坡\锚杆应力计\6断面锚杆应力计计算表.xlsx
FILE:2016-11-25 10:58:01,D:\AWORK\向家坝\向家坝数据\空间公司上报的2016年9月月报及数据\2标段内观\左岸高边坡\锚杆应力计\7断面锚杆应力计计算表.xlsx
FILE:2016-11-25 10:58:01,D:\AWORK\向家坝\向家坝数据\空间公司上报的2016年9月月报及数据\2标段内观\左岸高边坡\锚杆应力计\8断面锚杆应力计计算表.xlsx
FILE:2016-11-25 10:58:01,D:\AWORK\向家坝\向家坝数据\空间公司上报的2016年9月月报及数据\2标段内观\左岸高边坡\锚杆应力计\9断面锚杆应力计计算表.xlsx
DATA:9AS-2,82,测值异常
FILE:2016-11-25 10:58:01,D:\AWORK\向家坝\向家坝数据\空间公司上报的2016年9月月报及数据\2标段内观\左岸高边坡\锚杆应力计\交通洞锚杆应力计计算表.xlsx
FILE:2016-11-25 10:58:01,D:\AWORK\向家坝\向家坝数据\空间公司上报的2016年9月月报及数据\2标段内观\进水口边坡\进水口边坡-锚杆应力计.xlsx
FILE:2016-11-25 11:18:39,D:\AWORK\向家坝\向家坝数据\9月数据(2016.9)\9月数据\钢筋计、钢板计、锚杆应力计、压应力计\钢筋计\11#机钢筋计.xlsx
FILE:2016-11-25 11:18:39,D:\AWORK\向家坝\向家坝数据\9月数据(2016.9)\9月数据\钢筋计、钢板计、锚杆应力计、压应力计\钢筋计\二期主体钢筋计(E.F.G.H.L).xlsx
DATA:RE-10,45,数据误差超限
DATA:RE-12,44,数据误差超限
DATA:RE-15,52,数据误差超限
DATA:RF-20,237,数据误差超限
DATA:RF-20,238,数据误差超限
DATA:RF-20,239,数据误差超限
DATA:RFSQ-5,29,数据误差超限
DATA:RFSQ-7,33,数据误差超限
DATA:RFSQ-8,33,数据误差超限
FILE:2016-11-25 11:18:39,D:\AWORK\向家坝\向家坝数据\9月数据(2016.9)\9月数据\钢筋计、钢板计、锚杆应力计、压应力计\钢筋计\二期主体钢筋计（J.Z.N）.xlsx
DATA:RZ1-6,247,数据误差超限
DATA:RZ2-22,97,数据误差超限
DATA:RZ2-22,98,数据误差超限
DATA:RZ2-24,207,数据误差超限
DATA:RZ2-24,208,数据误差超限
DATA:RZ2-24,209,数据误差超限
DATA:RZ2-24,213,数据误差超限
DATA:RZ2-24,215,数据误差超限
DATA:RZ2-24,217,数据误差超限
DATA:RZ2-24,223,数据误差超限
DATA:RZ2-24,224,数据误差超限
DATA:RZ2-24,225,数据误差超限
DATA:RZ2-24,232,数据误差超限
DATA:RZ2-24,233,数据误差超限
DATA:RZ2-24,234,数据误差超限
FILE:2016-11-25 11:18:39,D:\AWORK\向家坝\向家坝数据\9月数据(2016.9)\9月数据\钢筋计、钢板计、锚杆应力计、压应力计\钢筋计\钢筋计（一期）.xlsx
FILE:2016-11-25 11:18:39,D:\AWORK\向家坝\向家坝数据\二标段数据及月报（2016.8）\右岸护坡\钢筋计..xlsx
FILE:2016-11-25 11:18:39,D:\AWORK\向家坝\向家坝数据\二标段数据及月报（2016.8）\地厂\钢筋计..xlsx
FILE:2016-11-25 11:18:39,D:\AWORK\向家坝\向家坝数据\二标段数据及月报（2016.8）\太平料场\钢筋计..xlsx
FILE:2016-11-25 11:18:39,D:\AWORK\向家坝\向家坝数据\二标段数据及月报（2016.8）\左岸高边坡\钢筋计..xlsx
FILE:2016-11-25 11:18:39,D:\AWORK\向家坝\向家坝数据\二标段数据及月报（2016.8）\马延坡边坡\钢筋计..xlsx
FILE:2016-11-25 11:18:39,D:\AWORK\向家坝\向家坝数据\干渠9月工程数据库\南干渠监测数据\钢筋计.xlsx
FILE:2016-11-25 11:18:39,D:\AWORK\向家坝\向家坝数据\空间公司上报的2016年9月月报及数据\2标段内观\出水口边坡\出水口边坡-钢筋桩钢筋计.xlsx
FILE:2016-11-25 11:18:39,D:\AWORK\向家坝\向家坝数据\空间公司上报的2016年9月月报及数据\2标段内观\右岸马延坡边坡\马延坡-钢筋计.xlsx
DATA:RⅠBc-2,303,数据误差超限
FILE:2016-11-25 11:18:39,D:\AWORK\向家坝\向家坝数据\空间公司上报的2016年9月月报及数据\2标段内观\地下洞室\右岸地下主厂房\主厂房-岩锚梁混凝土钢筋计.xlsx
FILE:2016-11-25 11:18:39,D:\AWORK\向家坝\向家坝数据\空间公司上报的2016年9月月报及数据\2标段内观\地下洞室\右岸地下厂房243高程以下(j)\243高程以下-钢筋计.xlsx
FILE:2016-11-25 11:18:39,D:\AWORK\向家坝\向家坝数据\空间公司上报的2016年9月月报及数据\2标段内观\地下洞室\右岸地下厂房尾水主洞(ab-678)\尾水主洞-钢筋计.xlsx
DATA:Ra6-1,151,数据误差超限
DATA:Ra6-1,152,数据误差超限
FILE:2016-11-25 11:18:39,D:\AWORK\向家坝\向家坝数据\空间公司上报的2016年9月月报及数据\2标段内观\地下洞室\右岸地下厂房尾水扩散段(w)\尾水扩散段-钢筋计.xlsx
FILE:2016-11-25 11:18:39,D:\AWORK\向家坝\向家坝数据\空间公司上报的2016年9月月报及数据\2标段内观\地下洞室\右岸地下厂房尾水支洞(ab-5)\尾水支洞-钢筋计.xlsx
FILE:2016-11-25 11:18:39,D:\AWORK\向家坝\向家坝数据\空间公司上报的2016年9月月报及数据\2标段内观\地下洞室\右岸地下厂房引水洞(ab-1234)\引水洞-钢筋计.xlsx
FILE:2016-11-25 11:18:39,D:\AWORK\向家坝\向家坝数据\空间公司上报的2016年9月月报及数据\2标段内观\地下洞室\右岸地下厂房水轮机蜗壳(o)\蜗壳-钢筋计.xlsx
FILE:2016-11-25 11:18:39,D:\AWORK\向家坝\向家坝数据\空间公司上报的2016年9月月报及数据\2标段内观\地下洞室\右岸进厂交通洞\右岸交通洞-差阻式钢筋计.xlsx
FILE:2016-11-25 11:18:39,D:\AWORK\向家坝\向家坝数据\空间公司上报的2016年9月月报及数据\2标段内观\太平料场边坡\太平料场-差阻式钢筋计.xlsx
FILE:2016-11-25 11:18:39,D:\AWORK\向家坝\向家坝数据\空间公司上报的2016年9月月报及数据\2标段内观\太平料场边坡\太平料场-振弦式钢筋计.xlsx
DATA:Rz-27,4,测值异常
DATA:Rz-28,4,测值异常
DATA:Rz-29,4,测值异常
DATA:Rz-30,4,测值异常
DATA:Rz-31,4,测值异常
FILE:2016-11-25 11:18:39,D:\AWORK\向家坝\向家坝数据\空间公司上报的2016年9月月报及数据\2标段内观\尾渣坝-右岸护坡\右岸护坡-钢筋计.xlsx
FILE:2016-11-25 11:18:39,D:\AWORK\向家坝\向家坝数据\空间公司上报的2016年9月月报及数据\2标段内观\左岸高边坡\钢筋计\交通洞钢筋计.xlsx
FILE:2016-11-25 11:18:39,D:\AWORK\向家坝\向家坝数据\空间公司上报的2016年9月月报及数据\2标段内观\左岸高边坡\钢筋计\钢筋桩钢筋计.xlsx
FILE:2016-11-25 11:18:39,D:\AWORK\向家坝\向家坝数据\空间公司上报的2016年9月月报及数据\2标段内观\进水口边坡\进水口边坡-钢筋桩钢筋计.xlsx
FILE:2016-11-25 11:24:32,D:\AWORK\向家坝\向家坝数据\9月数据(2016.9)\9月数据\钢筋计、钢板计、锚杆应力计、压应力计\钢板计\11#机钢板计.xlsx
FILE:2016-11-25 11:24:32,D:\AWORK\向家坝\向家坝数据\9月数据(2016.9)\9月数据\钢筋计、钢板计、锚杆应力计、压应力计\钢板计\钢板计（一期）.xlsx
FILE:2016-11-25 11:24:32,D:\AWORK\向家坝\向家坝数据\9月数据(2016.9)\9月数据\钢筋计、钢板计、锚杆应力计、压应力计\钢板计\钢板计（二期）.xlsx
FILE:2016-11-25 11:24:32,D:\AWORK\向家坝\向家坝数据\二标段数据及月报（2016.8）\地厂\钢板计..xlsx
FILE:2016-11-25 11:24:32,D:\AWORK\向家坝\向家坝数据\空间公司上报的2016年9月月报及数据\2标段内观\地下洞室\右岸地下厂房引水洞(ab-1234)\引水洞-钢板计.xlsx
FILE:2016-11-25 11:24:32,D:\AWORK\向家坝\向家坝数据\空间公司上报的2016年9月月报及数据\2标段内观\地下洞室\右岸地下厂房水轮机蜗壳(o)\蜗壳-钢板计.xlsx
DATA:PS01-2,92,数据误差超限
DATA:PS03-2,102,数据误差超限
DATA:PS03-6,327,数据误差超限
FILE:2016-11-25 11:32:05,D:\AWORK\向家坝\向家坝数据\9月数据(2016.9)\9月数据\基岩变位计、回弹仪\基岩变位计（一期）.xlsx
DATA:M11-1,66,数据误差超限
DATA:M11-1,67,数据误差超限
DATA:M11-1,68,数据误差超限
DATA:M11-1,69,数据误差超限
FILE:2016-11-25 11:32:05,D:\AWORK\向家坝\向家坝数据\9月数据(2016.9)\9月数据\基岩变位计、回弹仪\基岩变位计（二期）.xlsx
FILE:2016-11-25 11:32:05,D:\AWORK\向家坝\向家坝数据\二标段数据及月报（2016.8）\左岸高边坡\铟钢丝位移计..xlsx
FILE:2016-11-25 11:32:05,D:\AWORK\向家坝\向家坝数据\空间公司上报的2016年9月月报及数据\2标段内观\左岸高边坡\左岸边坡-铟钢丝位移计.xlsx
FILE:2016-11-25 02:11:09,D:\AWORK\向家坝\向家坝数据\9月数据(2016.9)\9月数据\钢筋计、钢板计、锚杆应力计、压应力计\压应力计（二期）.xlsx
DATA:CE-4,235,数据误差超限
FILE:2016-11-25 02:12:08,D:\AWORK\向家坝\向家坝数据\9月数据(2016.9)\9月数据\基岩变位计、回弹仪\回弹仪（一+二期）.xlsx
DATA:LR-8,396,
DATA:LR-8,345,
DATA:LR-8,325,
DATA:LR-9,329,
FILE:2016-11-25 02:12:08,D:\AWORK\向家坝\向家坝数据\9月数据(2016.9)\9月数据\多点位移计\多点位移计（一期）.xlsx
FILE:2016-11-25 02:12:08,D:\AWORK\向家坝\向家坝数据\二标段数据及月报（2016.8）\地厂\多点位移计..xlsx
FILE:2016-11-25 02:12:08,D:\AWORK\向家坝\向家坝数据\二标段数据及月报（2016.8）\太平料场\多点位移计..xlsx
FILE:2016-11-25 02:12:08,D:\AWORK\向家坝\向家坝数据\二标段数据及月报（2016.8）\左岸高边坡\多点位移计..xlsx
FILE:2016-11-25 02:12:08,D:\AWORK\向家坝\向家坝数据\干渠9月工程数据库\北干渠监测数据\多点位移计.xlsx
FILE:2016-11-25 02:12:08,D:\AWORK\向家坝\向家坝数据\空间公司上报的2016年9月月报及数据\2标段内观\出水口边坡\出水口边坡-多点位移计.xlsx
FILE:2016-11-25 02:12:08,D:\AWORK\向家坝\向家坝数据\空间公司上报的2016年9月月报及数据\2标段内观\地下洞室\右岸地下主厂房\主厂房-多点位移计.xlsx
FILE:2016-11-25 02:12:08,D:\AWORK\向家坝\向家坝数据\空间公司上报的2016年9月月报及数据\2标段内观\地下洞室\右岸地下厂房主变洞\主变洞-多点位移计.xlsx
FILE:2016-11-25 02:12:08,D:\AWORK\向家坝\向家坝数据\空间公司上报的2016年9月月报及数据\2标段内观\地下洞室\右岸地下厂房尾水主洞(ab-678)\尾水主洞-多点位移计.xlsx
FILE:2016-11-25 02:12:08,D:\AWORK\向家坝\向家坝数据\空间公司上报的2016年9月月报及数据\2标段内观\地下洞室\右岸地下厂房尾水扩散段(w)\尾水扩散段-多点位移计.xlsx
FILE:2016-11-25 02:12:08,D:\AWORK\向家坝\向家坝数据\空间公司上报的2016年9月月报及数据\2标段内观\地下洞室\右岸地下厂房尾水支洞(ab-5)\尾水支洞-多点位移计.xlsx
FILE:2016-11-25 02:12:08,D:\AWORK\向家坝\向家坝数据\空间公司上报的2016年9月月报及数据\2标段内观\地下洞室\右岸地下厂房引水洞(ab-1234)\引水洞-多点位移计.xlsx
FILE:2016-11-25 02:12:08,D:\AWORK\向家坝\向家坝数据\空间公司上报的2016年9月月报及数据\2标段内观\地下洞室\右岸地下厂房通风洞\通风洞-多点位移计.xlsx
FILE:2016-11-25 02:12:08,D:\AWORK\向家坝\向家坝数据\空间公司上报的2016年9月月报及数据\2标段内观\地下洞室\右岸进厂交通洞\右岸交通洞-多点位移计.xlsx
FILE:2016-11-25 02:12:08,D:\AWORK\向家坝\向家坝数据\空间公司上报的2016年9月月报及数据\2标段内观\太平料场边坡\太平料场-多点位移计.xlsx
FILE:2016-11-25 02:12:08,D:\AWORK\向家坝\向家坝数据\空间公司上报的2016年9月月报及数据\2标段内观\左岸高边坡\多点位移计\交通洞多点位移计.xlsx
FILE:2016-11-25 02:12:08,D:\AWORK\向家坝\向家坝数据\空间公司上报的2016年9月月报及数据\2标段内观\左岸高边坡\多点位移计\多点位移计.xlsx
FILE:2016-11-25 02:12:08,D:\AWORK\向家坝\向家坝数据\空间公司上报的2016年9月月报及数据\2标段内观\进水口边坡\进水口边坡-多点位移计.xlsx
FILE:2016-11-25 02:17:36,D:\AWORK\向家坝\向家坝数据\9月数据(2016.9)\9月数据\基岩变位计、回弹仪\回弹仪（一+二期）.xlsx
DATA:LR-8,396,
DATA:LR-8,345,
DATA:LR-8,325,
DATA:LR-9,329,
FILE:2016-11-25 02:17:36,D:\AWORK\向家坝\向家坝数据\9月数据(2016.9)\9月数据\多点位移计\多点位移计（一期）.xlsx
FILE:2016-11-25 02:17:36,D:\AWORK\向家坝\向家坝数据\二标段数据及月报（2016.8）\地厂\多点位移计..xlsx
FILE:2016-11-25 02:17:36,D:\AWORK\向家坝\向家坝数据\二标段数据及月报（2016.8）\太平料场\多点位移计..xlsx
FILE:2016-11-25 02:17:36,D:\AWORK\向家坝\向家坝数据\二标段数据及月报（2016.8）\左岸高边坡\多点位移计..xlsx
FILE:2016-11-25 02:17:36,D:\AWORK\向家坝\向家坝数据\干渠9月工程数据库\北干渠监测数据\多点位移计.xlsx
FILE:2016-11-25 02:17:36,D:\AWORK\向家坝\向家坝数据\空间公司上报的2016年9月月报及数据\2标段内观\出水口边坡\出水口边坡-多点位移计.xlsx
FILE:2016-11-25 02:17:36,D:\AWORK\向家坝\向家坝数据\空间公司上报的2016年9月月报及数据\2标段内观\地下洞室\右岸地下主厂房\主厂房-多点位移计.xlsx
FILE:2016-11-25 02:17:36,D:\AWORK\向家坝\向家坝数据\空间公司上报的2016年9月月报及数据\2标段内观\地下洞室\右岸地下厂房主变洞\主变洞-多点位移计.xlsx
FILE:2016-11-25 02:17:36,D:\AWORK\向家坝\向家坝数据\空间公司上报的2016年9月月报及数据\2标段内观\地下洞室\右岸地下厂房尾水主洞(ab-678)\尾水主洞-多点位移计.xlsx
FILE:2016-11-25 02:17:36,D:\AWORK\向家坝\向家坝数据\空间公司上报的2016年9月月报及数据\2标段内观\地下洞室\右岸地下厂房尾水扩散段(w)\尾水扩散段-多点位移计.xlsx
FILE:2016-11-25 02:17:36,D:\AWORK\向家坝\向家坝数据\空间公司上报的2016年9月月报及数据\2标段内观\地下洞室\右岸地下厂房尾水支洞(ab-5)\尾水支洞-多点位移计.xlsx
FILE:2016-11-25 02:17:36,D:\AWORK\向家坝\向家坝数据\空间公司上报的2016年9月月报及数据\2标段内观\地下洞室\右岸地下厂房引水洞(ab-1234)\引水洞-多点位移计.xlsx
FILE:2016-11-25 02:17:36,D:\AWORK\向家坝\向家坝数据\空间公司上报的2016年9月月报及数据\2标段内观\地下洞室\右岸地下厂房通风洞\通风洞-多点位移计.xlsx
FILE:2016-11-25 02:17:36,D:\AWORK\向家坝\向家坝数据\空间公司上报的2016年9月月报及数据\2标段内观\地下洞室\右岸进厂交通洞\右岸交通洞-多点位移计.xlsx
FILE:2016-11-25 02:17:36,D:\AWORK\向家坝\向家坝数据\空间公司上报的2016年9月月报及数据\2标段内观\太平料场边坡\太平料场-多点位移计.xlsx
FILE:2016-11-25 02:17:36,D:\AWORK\向家坝\向家坝数据\空间公司上报的2016年9月月报及数据\2标段内观\左岸高边坡\多点位移计\交通洞多点位移计.xlsx
FILE:2016-11-25 02:17:36,D:\AWORK\向家坝\向家坝数据\空间公司上报的2016年9月月报及数据\2标段内观\左岸高边坡\多点位移计\多点位移计.xlsx
FILE:2016-11-25 02:17:36,D:\AWORK\向家坝\向家坝数据\空间公司上报的2016年9月月报及数据\2标段内观\进水口边坡\进水口边坡-多点位移计.xlsx
FILE:2016-11-25 03:27:52,D:\AWORK\苗尾\苗尾监测数据\昆明院监测\厂前\厂前区钢筋计.xls
FILE:2016-11-25 03:27:52,D:\AWORK\苗尾\苗尾监测数据\昆明院监测\厂后\厂后区钢筋计.xls
FILE:2016-11-25 03:27:52,D:\AWORK\苗尾\苗尾监测数据\昆明院监测\右坝基监测\右坝基钢筋计.xls
FILE:2016-11-25 03:27:52,D:\AWORK\苗尾\苗尾监测数据\昆明院监测\右坝头监测\右坝头钢筋计.xls
FILE:2016-11-25 03:27:52,D:\AWORK\苗尾\苗尾监测数据\昆明院监测\大坝\大坝垫层\钢筋计.xls
FILE:2016-11-25 03:27:52,D:\AWORK\苗尾\苗尾监测数据\昆明院监测\导流隧洞观测数据第265期\导流洞\导流洞钢筋计.xls
FILE:2016-11-25 03:27:52,D:\AWORK\苗尾\苗尾监测数据\昆明院监测\左坝基监测\左坝基钢筋计.xls
FILE:2016-11-25 03:27:52,D:\AWORK\苗尾\苗尾监测数据\昆明院监测\料场-观测数据\钢筋计.xls
FILE:2016-11-25 03:27:52,D:\AWORK\苗尾\苗尾监测数据\昆明院监测\溢洪道\溢洪道泄槽段右侧边坡\溢洪道泄槽段右侧边坡钢筋应力计.xls
FILE:2016-11-25 03:27:52,D:\AWORK\苗尾\苗尾监测数据\昆明院监测\溢洪道\溢洪道泄槽段左侧边坡\溢洪道泄槽段左侧边坡钢筋应力计.xls
FILE:2016-11-25 03:27:52,D:\AWORK\苗尾\苗尾监测数据\昆明院监测\溢洪道\溢洪道泄槽段底板\溢洪道泄槽段底板钢筋计.xls
FILE:2016-11-25 03:27:52,D:\AWORK\苗尾\苗尾监测数据\昆明院监测\溢洪道\溢洪道进水渠边坡\溢洪道边坡钢筋应力计.xls
FILE:2016-11-25 03:27:52,D:\AWORK\苗尾\苗尾监测数据\昆明院监测\溢洪道\溢洪道闸墩\溢洪道闸墩钢筋计.xls
FILE:2016-11-25 03:27:52,D:\AWORK\苗尾\苗尾监测数据\昆明院监测\进水口\进水口钢筋计.xls
FILE:2016-11-25 03:27:52,D:\AWORK\苗尾\苗尾监测数据\葛洲坝安全监测\2#施工支洞\出口边坡\2#施工支洞边坡钢筋计.xls
FILE:2016-11-25 03:27:52,D:\AWORK\苗尾\苗尾监测数据\葛洲坝安全监测\冲沙兼放空洞\冲沙洞出口延伸段\钢筋计.xls
FILE:2016-11-25 03:27:52,D:\AWORK\苗尾\苗尾监测数据\葛洲坝安全监测\厂房尾水管\1#机组钢筋计.xls
FILE:2016-11-25 03:27:52,D:\AWORK\苗尾\苗尾监测数据\葛洲坝安全监测\厂房尾水管\3#机组钢筋计.xls
FILE:2016-11-25 03:27:52,D:\AWORK\苗尾\苗尾监测数据\葛洲坝安全监测\厂房蜗壳\2#机蜗壳钢筋计.xls
FILE:2016-11-25 03:27:52,D:\AWORK\苗尾\苗尾监测数据\葛洲坝安全监测\厂房蜗壳\4#机蜗壳钢筋计 .xls
FILE:2016-11-25 03:27:52,D:\AWORK\苗尾\苗尾监测数据\葛洲坝安全监测\灌溉取水交通洞\灌溉交通洞0+015\0+15衬砌钢筋计.xls
FILE:2016-11-25 03:27:52,D:\AWORK\苗尾\苗尾监测数据\葛洲坝安全监测\灌溉取水交通洞\灌溉交通洞0+015\0+15钢筋计.xls
FILE:2016-11-25 03:27:52,D:\AWORK\苗尾\苗尾监测数据\葛洲坝安全监测\灌溉取水交通洞\灌溉交通洞0+058\0+58衬砌钢筋计.xls
FILE:2016-11-25 03:27:52,D:\AWORK\苗尾\苗尾监测数据\葛洲坝安全监测\灌溉取水交通洞\灌溉交通洞进口边坡\边坡钢筋计.xls
写入1501行测值
写入1501行成果值
FILE:2016-11-25 04:07:47,D:\AWORK\向家坝\向家坝数据\9月数据(2016.9)\9月数据\渗压计、测压管、水文孔、量水堰\水位孔\水位孔（一期）.xlsx
FILE:2016-11-25 04:07:47,D:\AWORK\向家坝\向家坝数据\9月数据(2016.9)\9月数据\渗压计、测压管、水文孔、量水堰\水位孔\水位孔（二期）.xlsx
DATA:OH1-8,239,数据误差超限
DATA:OH1-8,240,数据误差超限
DATA:OH3-5,239,数据误差超限
DATA:OH3-5,240,数据误差超限
DATA:OH3-7,237,数据误差超限
DATA:OH3-7,238,数据误差超限
DATA:OH3-9,230,观测日期有误
DATA:OH3-9,231,观测日期有误
DATA:OH3-9,239,数据误差超限
DATA:OH3-9,240,数据误差超限
DATA:OHR2-1,126,数据误差超限
FILE:2016-11-25 04:07:47,D:\AWORK\向家坝\向家坝数据\9月数据(2016.9)\9月数据\渗压计、测压管、水文孔、量水堰\测压管\测压管（一期）.xlsx
DATA:UP1-1,275,数据误差超限
DATA:UP1-1,276,数据误差超限
DATA:UP1-1,277,数据误差超限
DATA:UP1-1,278,数据误差超限
DATA:UP1-1,279,数据误差超限
DATA:UP1-1,280,数据误差超限
DATA:UP1-1,281,数据误差超限
DATA:UP1-3,275,数据误差超限
DATA:UP1-4,271,数据误差超限
DATA:UP1-4,272,数据误差超限
DATA:UP1-4,273,数据误差超限
DATA:UP1-4,274,数据误差超限
DATA:UP1-4,275,数据误差超限
DATA:UP1-4,276,数据误差超限
DATA:UP1-4,277,数据误差超限
DATA:UP1-4,278,数据误差超限
DATA:UP1-4,279,数据误差超限
DATA:UP1-4,280,数据误差超限
DATA:UP1-4,281,数据误差超限
DATA:UP1-10,317,数据误差超限
DATA:UP1-10,318,数据误差超限
DATA:UP1-10,319,数据误差超限
DATA:UP1-10,320,数据误差超限
DATA:UP1-12,318,数据误差超限
DATA:UP1-12,319,数据误差超限
DATA:UP1-12,320,数据误差超限
DATA:UP1-12,321,数据误差超限
DATA:UP3-2,316,数据误差超限
DATA:UP3-2,317,数据误差超限
DATA:UP3-2,318,数据误差超限
DATA:UP3-2,319,数据误差超限
DATA:UP3-2,320,数据误差超限
DATA:UP3-2,321,数据误差超限
DATA:UP3-2,322,数据误差超限
DATA:UP3-2,323,数据误差超限
DATA:UP3-2,324,数据误差超限
DATA:UP3-2,325,数据误差超限
DATA:UP3-2,326,数据误差超限
FILE:2016-11-25 04:07:47,D:\AWORK\向家坝\向家坝数据\9月数据(2016.9)\9月数据\渗压计、测压管、水文孔、量水堰\测压管\测压管（二期）.xlsx
DATA:UP2-13,331,数据误差超限
FILE:2016-11-25 04:07:47,D:\AWORK\向家坝\向家坝数据\9月数据(2016.9)\9月数据\渗压计、测压管、水文孔、量水堰\渗压计\导流底孔渗压计.xlsx
FILE:2016-11-25 04:07:47,D:\AWORK\向家坝\向家坝数据\9月数据(2016.9)\9月数据\渗压计、测压管、水文孔、量水堰\渗压计\渗压计（一期）.xlsx
FILE:2016-11-25 04:07:47,D:\AWORK\向家坝\向家坝数据\9月数据(2016.9)\9月数据\渗压计、测压管、水文孔、量水堰\渗压计\渗压计（二期）-1(坝体、坝基).xlsx
DATA:PJ-5,444,数据误差超限
FILE:2016-11-25 04:07:47,D:\AWORK\向家坝\向家坝数据\9月数据(2016.9)\9月数据\渗压计、测压管、水文孔、量水堰\渗压计\渗压计（二期）-2(坝基深孔).xlsx
DATA:PFSQ-17新,232,数据误差超限
DATA:PFSQ-17新,258,数据误差超限
DATA:PHS-12,430,观测日期有误
DATA:PHS-12,431,观测日期有误
FILE:2016-11-25 04:07:47,D:\AWORK\向家坝\向家坝数据\二标段数据及月报（2016.8）\地厂\测压管..xlsx
FILE:2016-11-25 04:07:47,D:\AWORK\向家坝\向家坝数据\二标段数据及月报（2016.8）\地厂\渗压计..xlsx
FILE:2016-11-25 04:07:47,D:\AWORK\向家坝\向家坝数据\二标段数据及月报（2016.8）\左岸高边坡\渗压计..xlsx
FILE:2016-11-25 04:07:47,D:\AWORK\向家坝\向家坝数据\干渠9月工程数据库\南干渠监测数据\渗压计.xlsx
FILE:2016-11-25 04:07:47,D:\AWORK\向家坝\向家坝数据\空间公司上报的2016年9月月报及数据\2标段内观\地下洞室\右岸地下厂房243高程以下(j)\243高程以下-渗压计.xlsx
DATA:Pj1-2,4,测值异常
DATA:Pj2-1,4,测值异常
DATA:Pj2-2,4,测值异常
FILE:2016-11-25 04:07:47,D:\AWORK\向家坝\向家坝数据\空间公司上报的2016年9月月报及数据\2标段内观\地下洞室\右岸地下厂房尾水主洞(ab-678)\尾水主洞-渗压计.xlsx
DATA:Pa6-2,4,测值异常
DATA:Pa7-2,4,测值异常
DATA:Pa8-1,4,测值异常
DATA:Pa8-2,4,测值异常
DATA:Pb6-1,4,测值异常
DATA:Pb6-2,4,测值异常
DATA:Pb7-1,4,测值异常
DATA:Pb8-1,4,测值异常
DATA:Pb8-1,445,数据误差超限
DATA:Pb8-2,4,测值异常
FILE:2016-11-25 04:07:47,D:\AWORK\向家坝\向家坝数据\空间公司上报的2016年9月月报及数据\2标段内观\地下洞室\右岸地下厂房尾水扩散段(w)\尾水扩散段-渗压计.xlsx
DATA:Pw1-1,391,数据误差超限
DATA:Pw1-1,392,数据误差超限
DATA:Pw1-1,393,数据误差超限
DATA:Pw2-1,4,测值异常
DATA:Pw2-2,4,测值异常
DATA:PW3-1,4,测值异常
FILE:2016-11-25 04:07:47,D:\AWORK\向家坝\向家坝数据\空间公司上报的2016年9月月报及数据\2标段内观\地下洞室\右岸地下厂房尾水支洞(ab-5)\尾水支洞-渗压计.xlsx
DATA:Pa5-1,4,测值异常
DATA:Pa5-1,332,数据误差超限
DATA:Pa5-1,333,数据误差超限
DATA:Pa5-2,4,测值异常
DATA:Pb5-1,4,测值异常
DATA:Pb5-2,4,测值异常
FILE:2016-11-25 04:07:47,D:\AWORK\向家坝\向家坝数据\空间公司上报的2016年9月月报及数据\2标段内观\地下洞室\右岸地下厂房引水洞(ab-1234)\引水洞-渗压计.xlsx
DATA:Pa1-1,345,数据误差超限
DATA:Pa1-1,346,数据误差超限
DATA:Pa1-1,347,数据误差超限
DATA:Pa1-2,346,数据误差超限
DATA:Pa2-2,352,数据误差超限
DATA:Pa2-2,353,数据误差超限
DATA:Pa2-2,354,数据误差超限
DATA:Pa3-1,410,数据误差超限
DATA:Pa3-1,411,数据误差超限
DATA:Pa3-2,329,数据误差超限
DATA:Pb1-2,323,数据误差超限
DATA:Pb1-2,325,数据误差超限
DATA:Pb1-2,326,数据误差超限
DATA:Pb1-2,327,数据误差超限
DATA:Pb2-1,327,数据误差超限
DATA:Pb2-1,329,数据误差超限
DATA:Pb2-1,330,数据误差超限
DATA:Pb2-1,331,数据误差超限
DATA:Pb2-2,340,数据误差超限
DATA:Pb2-2,342,数据误差超限
DATA:Pb2-2,343,数据误差超限
DATA:Pb3-1,416,数据误差超限
DATA:Pb3-1,417,数据误差超限
DATA:Pb3-1,418,数据误差超限
DATA:Pb3-2,398,数据误差超限
DATA:Pb3-2,399,数据误差超限
FILE:2016-11-25 04:07:47,D:\AWORK\向家坝\向家坝数据\空间公司上报的2016年9月月报及数据\2标段内观\地下洞室\右岸地下厂房排水廊道\排水廊道-测压管.xlsx
DATA:UP2-28,209,数据误差超限
DATA:UP2-28,210,数据误差超限
DATA:UP2-28,211,数据误差超限
DATA:UP2-28,212,数据误差超限
DATA:UP2-29补,4,测值异常
DATA:UP2-30补,4,测值异常
DATA:UP2-31补,4,测值异常
FILE:2016-11-25 04:07:47,D:\AWORK\向家坝\向家坝数据\空间公司上报的2016年9月月报及数据\2标段内观\地下洞室\右岸进厂交通洞\右岸交通洞-渗压计.xlsx
FILE:2016-11-25 04:07:47,D:\AWORK\向家坝\向家坝数据\空间公司上报的2016年9月月报及数据\2标段内观\左岸高边坡\左岸边坡-交通洞渗压计.xlsx
