FILE:2016-10-27 08:28:06,D:\AWORK\向家坝\向家坝数据\干渠9月工程数据库\北干渠监测数据\锚索测力计.xlsx
FILE:2016-10-27 08:28:06,D:\AWORK\向家坝\向家坝数据\空间公司上报的2016年9月月报及数据\2标段内观\出水口边坡\出水口边坡-锚索测力计.xlsx
FILE:2016-10-27 08:28:06,D:\AWORK\向家坝\向家坝数据\空间公司上报的2016年9月月报及数据\2标段内观\地下洞室\右岸地下厂房主变洞\主变洞-锚索测力计.xlsx
FILE:2016-10-27 08:28:06,D:\AWORK\向家坝\向家坝数据\空间公司上报的2016年9月月报及数据\2标段内观\进水口边坡\进水口边坡-锚索测力计.xlsx
FILE:2016-10-27 08:28:06,D:\AWORK\向家坝\向家坝数据\空间公司上报的2016年9月月报及数据\2标段内观\尾渣坝-右岸护坡\右岸护坡-锚索测力计.xlsx
FILE:2016-10-27 08:28:06,D:\AWORK\向家坝\向家坝数据\空间公司上报的2016年9月月报及数据\2标段内观\地下洞室\右岸地下厂房尾水扩散段(w)\尾水扩散段-锚索测力计.xlsx
FILE:2016-10-27 08:28:06,D:\AWORK\向家坝\向家坝数据\空间公司上报的2016年9月月报及数据\2标段内观\右岸马延坡边坡\马延坡-锚索测力计.xlsx
FILE:2016-10-27 08:28:06,D:\AWORK\向家坝\向家坝数据\空间公司上报的2016年9月月报及数据\2标段内观\太平料场边坡\太平料场-锚索测力计.xlsx
FILE:2016-10-27 08:28:06,D:\AWORK\向家坝\向家坝数据\空间公司上报的2016年9月月报及数据\2标段内观\左岸高边坡\左岸边坡-锚索测力计计算表.xlsx
FILE:2016-10-27 08:28:06,D:\AWORK\向家坝\向家坝数据\空间公司上报的2016年9月月报及数据\2标段内观\地下洞室\右岸地下厂房尾水主洞(ab-678)\尾水主洞-锚索测力计.xlsx
FILE:2016-10-27 08:28:06,D:\AWORK\向家坝\向家坝数据\空间公司上报的2016年9月月报及数据\2标段内观\地下洞室\右岸地下主厂房\主厂房-锚索测力计.xlsx
FILE:2016-10-27 09:09:58,D:\AWORK\向家坝\向家坝数据\干渠9月工程数据库\北干渠监测数据\锚索测力计.xlsx
FILE:2016-10-27 09:09:58,D:\AWORK\向家坝\向家坝数据\空间公司上报的2016年9月月报及数据\2标段内观\出水口边坡\出水口边坡-锚索测力计.xlsx
FILE:2016-10-27 09:09:58,D:\AWORK\向家坝\向家坝数据\空间公司上报的2016年9月月报及数据\2标段内观\地下洞室\右岸地下厂房主变洞\主变洞-锚索测力计.xlsx
FILE:2016-10-27 09:09:58,D:\AWORK\向家坝\向家坝数据\空间公司上报的2016年9月月报及数据\2标段内观\进水口边坡\进水口边坡-锚索测力计.xlsx
FILE:2016-10-27 09:09:58,D:\AWORK\向家坝\向家坝数据\空间公司上报的2016年9月月报及数据\2标段内观\尾渣坝-右岸护坡\右岸护坡-锚索测力计.xlsx
FILE:2016-10-27 09:09:58,D:\AWORK\向家坝\向家坝数据\空间公司上报的2016年9月月报及数据\2标段内观\地下洞室\右岸地下厂房尾水扩散段(w)\尾水扩散段-锚索测力计.xlsx
FILE:2016-10-27 09:09:58,D:\AWORK\向家坝\向家坝数据\空间公司上报的2016年9月月报及数据\2标段内观\右岸马延坡边坡\马延坡-锚索测力计.xlsx
FILE:2016-10-27 09:09:58,D:\AWORK\向家坝\向家坝数据\空间公司上报的2016年9月月报及数据\2标段内观\太平料场边坡\太平料场-锚索测力计.xlsx
FILE:2016-10-27 09:09:58,D:\AWORK\向家坝\向家坝数据\空间公司上报的2016年9月月报及数据\2标段内观\左岸高边坡\左岸边坡-锚索测力计计算表.xlsx
FILE:2016-10-27 09:09:58,D:\AWORK\向家坝\向家坝数据\空间公司上报的2016年9月月报及数据\2标段内观\地下洞室\右岸地下厂房尾水主洞(ab-678)\尾水主洞-锚索测力计.xlsx
FILE:2016-10-27 09:09:58,D:\AWORK\向家坝\向家坝数据\空间公司上报的2016年9月月报及数据\2标段内观\地下洞室\右岸地下主厂房\主厂房-锚索测力计.xlsx
FILE:2016-10-27 09:11:25,D:\AWORK\向家坝\向家坝数据\干渠9月工程数据库\北干渠监测数据\锚索测力计.xlsx
FILE:2016-10-27 09:11:25,D:\AWORK\向家坝\向家坝数据\空间公司上报的2016年9月月报及数据\2标段内观\地下洞室\右岸地下厂房主变洞\主变洞-锚索测力计.xlsx
FILE:2016-10-27 09:11:25,D:\AWORK\向家坝\向家坝数据\空间公司上报的2016年9月月报及数据\2标段内观\出水口边坡\出水口边坡-锚索测力计.xlsx
FILE:2016-10-27 09:11:25,D:\AWORK\向家坝\向家坝数据\空间公司上报的2016年9月月报及数据\2标段内观\尾渣坝-右岸护坡\右岸护坡-锚索测力计.xlsx
FILE:2016-10-27 09:11:25,D:\AWORK\向家坝\向家坝数据\空间公司上报的2016年9月月报及数据\2标段内观\进水口边坡\进水口边坡-锚索测力计.xlsx
FILE:2016-10-27 09:11:25,D:\AWORK\向家坝\向家坝数据\空间公司上报的2016年9月月报及数据\2标段内观\地下洞室\右岸地下厂房尾水扩散段(w)\尾水扩散段-锚索测力计.xlsx
FILE:2016-10-27 09:11:25,D:\AWORK\向家坝\向家坝数据\空间公司上报的2016年9月月报及数据\2标段内观\右岸马延坡边坡\马延坡-锚索测力计.xlsx
FILE:2016-10-27 09:11:25,D:\AWORK\向家坝\向家坝数据\空间公司上报的2016年9月月报及数据\2标段内观\太平料场边坡\太平料场-锚索测力计.xlsx
FILE:2016-10-27 09:11:25,D:\AWORK\向家坝\向家坝数据\空间公司上报的2016年9月月报及数据\2标段内观\左岸高边坡\左岸边坡-锚索测力计计算表.xlsx
FILE:2016-10-27 09:11:25,D:\AWORK\向家坝\向家坝数据\空间公司上报的2016年9月月报及数据\2标段内观\地下洞室\右岸地下厂房尾水主洞(ab-678)\尾水主洞-锚索测力计.xlsx
FILE:2016-10-27 09:11:25,D:\AWORK\向家坝\向家坝数据\空间公司上报的2016年9月月报及数据\2标段内观\地下洞室\右岸地下主厂房\主厂房-锚索测力计.xlsx
FILE:2016-10-27 09:13:36,D:\AWORK\向家坝\向家坝数据\干渠9月工程数据库\北干渠监测数据\锚索测力计.xlsx
FILE:2016-10-27 09:13:36,D:\AWORK\向家坝\向家坝数据\空间公司上报的2016年9月月报及数据\2标段内观\出水口边坡\出水口边坡-锚索测力计.xlsx
FILE:2016-10-27 09:13:36,D:\AWORK\向家坝\向家坝数据\空间公司上报的2016年9月月报及数据\2标段内观\地下洞室\右岸地下厂房主变洞\主变洞-锚索测力计.xlsx
FILE:2016-10-27 09:13:36,D:\AWORK\向家坝\向家坝数据\空间公司上报的2016年9月月报及数据\2标段内观\进水口边坡\进水口边坡-锚索测力计.xlsx
FILE:2016-10-27 09:13:36,D:\AWORK\向家坝\向家坝数据\空间公司上报的2016年9月月报及数据\2标段内观\尾渣坝-右岸护坡\右岸护坡-锚索测力计.xlsx
FILE:2016-10-27 09:13:36,D:\AWORK\向家坝\向家坝数据\空间公司上报的2016年9月月报及数据\2标段内观\地下洞室\右岸地下厂房尾水扩散段(w)\尾水扩散段-锚索测力计.xlsx
FILE:2016-10-27 09:13:36,D:\AWORK\向家坝\向家坝数据\空间公司上报的2016年9月月报及数据\2标段内观\右岸马延坡边坡\马延坡-锚索测力计.xlsx
FILE:2016-10-27 09:13:36,D:\AWORK\向家坝\向家坝数据\空间公司上报的2016年9月月报及数据\2标段内观\太平料场边坡\太平料场-锚索测力计.xlsx
FILE:2016-10-27 09:13:36,D:\AWORK\向家坝\向家坝数据\空间公司上报的2016年9月月报及数据\2标段内观\左岸高边坡\左岸边坡-锚索测力计计算表.xlsx
FILE:2016-10-27 09:13:36,D:\AWORK\向家坝\向家坝数据\空间公司上报的2016年9月月报及数据\2标段内观\地下洞室\右岸地下厂房尾水主洞(ab-678)\尾水主洞-锚索测力计.xlsx
FILE:2016-10-27 09:13:36,D:\AWORK\向家坝\向家坝数据\空间公司上报的2016年9月月报及数据\2标段内观\地下洞室\右岸地下主厂房\主厂房-锚索测力计.xlsx
FILE:2016-10-27 09:15:01,D:\AWORK\向家坝\向家坝数据\干渠9月工程数据库\北干渠监测数据\锚索测力计.xlsx
FILE:2016-10-27 09:15:01,D:\AWORK\向家坝\向家坝数据\空间公司上报的2016年9月月报及数据\2标段内观\出水口边坡\出水口边坡-锚索测力计.xlsx
FILE:2016-10-27 09:15:01,D:\AWORK\向家坝\向家坝数据\空间公司上报的2016年9月月报及数据\2标段内观\地下洞室\右岸地下厂房主变洞\主变洞-锚索测力计.xlsx
FILE:2016-10-27 09:15:01,D:\AWORK\向家坝\向家坝数据\空间公司上报的2016年9月月报及数据\2标段内观\进水口边坡\进水口边坡-锚索测力计.xlsx
FILE:2016-10-27 09:15:01,D:\AWORK\向家坝\向家坝数据\空间公司上报的2016年9月月报及数据\2标段内观\尾渣坝-右岸护坡\右岸护坡-锚索测力计.xlsx
FILE:2016-10-27 09:15:01,D:\AWORK\向家坝\向家坝数据\空间公司上报的2016年9月月报及数据\2标段内观\地下洞室\右岸地下厂房尾水扩散段(w)\尾水扩散段-锚索测力计.xlsx
FILE:2016-10-27 09:15:01,D:\AWORK\向家坝\向家坝数据\空间公司上报的2016年9月月报及数据\2标段内观\右岸马延坡边坡\马延坡-锚索测力计.xlsx
FILE:2016-10-27 09:15:01,D:\AWORK\向家坝\向家坝数据\空间公司上报的2016年9月月报及数据\2标段内观\太平料场边坡\太平料场-锚索测力计.xlsx
FILE:2016-10-27 09:15:01,D:\AWORK\向家坝\向家坝数据\空间公司上报的2016年9月月报及数据\2标段内观\左岸高边坡\左岸边坡-锚索测力计计算表.xlsx
FILE:2016-10-27 09:15:01,D:\AWORK\向家坝\向家坝数据\空间公司上报的2016年9月月报及数据\2标段内观\地下洞室\右岸地下厂房尾水主洞(ab-678)\尾水主洞-锚索测力计.xlsx
FILE:2016-10-27 09:15:01,D:\AWORK\向家坝\向家坝数据\空间公司上报的2016年9月月报及数据\2标段内观\地下洞室\右岸地下主厂房\主厂房-锚索测力计.xlsx
PARAM:DPd-3
PARAM:DPd-4
PARAM:DPd-5
PARAM:DPd-6
PARAM:DPd-7
PARAM:DP7-1
PARAM:DP7-2
PARAM:DP7-3
PARAM:DP9-1
PARAM:DP9-2
PARAM:DP9-3
PARAM:DPh-3
PARAM:DPh-4
PARAM:DPh-5
PARAM:DPh-6
PARAM:DPh-7
PARAM:DPh-8
PARAM:DPw1-1
PARAM:DPw1-2
PARAM:DPw1-3
PARAM:DPw2-1
PARAM:DPw2-2
PARAM:DPw2-3
PARAM:DPw3-1
PARAM:DPw3-2
PARAM:DPw3-3
PARAM:DP-1CP
PARAM:DP-14CP
PARAM:DP-15CP
PARAM:DP-1BD
PARAM:DP-2BD
PARAM:DP-2SJ
PARAM:DP-3SJ
PARAM:DP-7SJ
PARAM:DP-8SJ
PARAM:DP-1G14
PARAM:DP-2G14
PARAM:DP-4G14
PARAM:DPⅠB-1
PARAM:DPⅠB-2
PARAM:DPⅠB-3
PARAM:DPⅠC-2
PARAM:DPⅡA-2
PARAM:DPⅡB-1
PARAM:DPⅡB-3
PARAM:DP-1
PARAM:DP-2
PARAM:DP-3
PARAM:DP-4
PARAM:DP-5
PARAM:DP-6
PARAM:DP-7
PARAM:DP-8
PARAM:DP-9
PARAM:DP-10
PARAM:DP-11
PARAM:DP-12
PARAM:DP-13
PARAM:DP-14
PARAM:DP-15
PARAM:DP-16
PARAM:DP-17
PARAM:DP-18
PARAM:1DP-1
PARAM:1DP-2
PARAM:1DP-3
PARAM:1DP-4
PARAM:1DP-5
PARAM:1DP-6
PARAM:2DP-1
PARAM:2DP-2
PARAM:2DP-3
PARAM:2DP-4
PARAM:3DP-1
PARAM:3DP-2
PARAM:5DP-1
PARAM:5DP-2
PARAM:5DP-3
PARAM:6DP-1
PARAM:6DP-2
PARAM:6DP-3
PARAM:6DP-4
PARAM:8DP-1
PARAM:8DP-2
PARAM:8DP-3
PARAM:9DP-1
PARAM:9DP-2
PARAM:DPa6-1
PARAM:DPa6-2
PARAM:DPa6-3
PARAM:DPa7-1
PARAM:DPa7-2
PARAM:DPa7-3
PARAM:DPa7-4
PARAM:DPa8-1
PARAM:DPa8-2
PARAM:DPa8-3
PARAM:DPa8-4
PARAM:DPb6-1
PARAM:DPb6-2
PARAM:DPb6-3
PARAM:DPb7-1
PARAM:DPb8-2
PARAM:DP1-3
PARAM:DP1-4
PARAM:DP1-5
PARAM:DP1-6
PARAM:DP2-1
PARAM:DP2-2
PARAM:DP2-4
PARAM:DP3-1
PARAM:DP3-2
PARAM:DP3-3
PARAM:DP3-4
PARAM:DP3-5
PARAM:DP3-7
PARAM:DP3-8
PARAM:DP3-9
PARAM:DP4-1
PARAM:DP4-2
PARAM:DP4-3
PARAM:DP4-4
PARAM:DP4-6
PARAM:DP5-1
PARAM:DP5-2
PARAM:DP5-3
PARAM:DP5-4
PARAM:DP5-5
PARAM:DP5-6
PARAM:DP5-7
PARAM:DP5-8
PARAM:DP5-9
PARAM:DP5-10
FILE:2016-10-27 09:19:33,D:\AWORK\向家坝\向家坝数据\干渠9月工程数据库\北干渠监测数据\锚索测力计.xlsx
FILE:2016-10-27 09:19:33,D:\AWORK\向家坝\向家坝数据\空间公司上报的2016年9月月报及数据\2标段内观\出水口边坡\出水口边坡-锚索测力计.xlsx
FILE:2016-10-27 09:19:33,D:\AWORK\向家坝\向家坝数据\空间公司上报的2016年9月月报及数据\2标段内观\地下洞室\右岸地下厂房主变洞\主变洞-锚索测力计.xlsx
FILE:2016-10-27 09:19:33,D:\AWORK\向家坝\向家坝数据\空间公司上报的2016年9月月报及数据\2标段内观\进水口边坡\进水口边坡-锚索测力计.xlsx
FILE:2016-10-27 09:19:33,D:\AWORK\向家坝\向家坝数据\空间公司上报的2016年9月月报及数据\2标段内观\尾渣坝-右岸护坡\右岸护坡-锚索测力计.xlsx
FILE:2016-10-27 09:19:33,D:\AWORK\向家坝\向家坝数据\空间公司上报的2016年9月月报及数据\2标段内观\地下洞室\右岸地下厂房尾水扩散段(w)\尾水扩散段-锚索测力计.xlsx
FILE:2016-10-27 09:19:33,D:\AWORK\向家坝\向家坝数据\空间公司上报的2016年9月月报及数据\2标段内观\右岸马延坡边坡\马延坡-锚索测力计.xlsx
FILE:2016-10-27 09:19:33,D:\AWORK\向家坝\向家坝数据\空间公司上报的2016年9月月报及数据\2标段内观\太平料场边坡\太平料场-锚索测力计.xlsx
FILE:2016-10-27 09:19:33,D:\AWORK\向家坝\向家坝数据\空间公司上报的2016年9月月报及数据\2标段内观\左岸高边坡\左岸边坡-锚索测力计计算表.xlsx
FILE:2016-10-27 09:19:33,D:\AWORK\向家坝\向家坝数据\空间公司上报的2016年9月月报及数据\2标段内观\地下洞室\右岸地下厂房尾水主洞(ab-678)\尾水主洞-锚索测力计.xlsx
FILE:2016-10-27 09:19:33,D:\AWORK\向家坝\向家坝数据\空间公司上报的2016年9月月报及数据\2标段内观\地下洞室\右岸地下主厂房\主厂房-锚索测力计.xlsx
FILE:2016-10-27 09:21:28,D:\AWORK\向家坝\向家坝数据\干渠9月工程数据库\北干渠监测数据\锚索测力计.xlsx
FILE:2016-10-27 09:21:28,D:\AWORK\向家坝\向家坝数据\空间公司上报的2016年9月月报及数据\2标段内观\出水口边坡\出水口边坡-锚索测力计.xlsx
FILE:2016-10-27 09:21:28,D:\AWORK\向家坝\向家坝数据\空间公司上报的2016年9月月报及数据\2标段内观\地下洞室\右岸地下厂房主变洞\主变洞-锚索测力计.xlsx
FILE:2016-10-27 09:21:28,D:\AWORK\向家坝\向家坝数据\空间公司上报的2016年9月月报及数据\2标段内观\进水口边坡\进水口边坡-锚索测力计.xlsx
FILE:2016-10-27 09:21:28,D:\AWORK\向家坝\向家坝数据\空间公司上报的2016年9月月报及数据\2标段内观\尾渣坝-右岸护坡\右岸护坡-锚索测力计.xlsx
FILE:2016-10-27 09:21:28,D:\AWORK\向家坝\向家坝数据\空间公司上报的2016年9月月报及数据\2标段内观\地下洞室\右岸地下厂房尾水扩散段(w)\尾水扩散段-锚索测力计.xlsx
FILE:2016-10-27 09:21:28,D:\AWORK\向家坝\向家坝数据\空间公司上报的2016年9月月报及数据\2标段内观\右岸马延坡边坡\马延坡-锚索测力计.xlsx
FILE:2016-10-27 09:21:28,D:\AWORK\向家坝\向家坝数据\空间公司上报的2016年9月月报及数据\2标段内观\太平料场边坡\太平料场-锚索测力计.xlsx
FILE:2016-10-27 09:21:28,D:\AWORK\向家坝\向家坝数据\空间公司上报的2016年9月月报及数据\2标段内观\左岸高边坡\左岸边坡-锚索测力计计算表.xlsx
FILE:2016-10-27 09:21:28,D:\AWORK\向家坝\向家坝数据\空间公司上报的2016年9月月报及数据\2标段内观\地下洞室\右岸地下厂房尾水主洞(ab-678)\尾水主洞-锚索测力计.xlsx
FILE:2016-10-27 09:21:28,D:\AWORK\向家坝\向家坝数据\空间公司上报的2016年9月月报及数据\2标段内观\地下洞室\右岸地下主厂房\主厂房-锚索测力计.xlsx
FILE:2016-10-27 09:23:09,D:\AWORK\向家坝\向家坝数据\干渠9月工程数据库\北干渠监测数据\锚索测力计.xlsx
FILE:2016-10-27 09:23:09,D:\AWORK\向家坝\向家坝数据\空间公司上报的2016年9月月报及数据\2标段内观\出水口边坡\出水口边坡-锚索测力计.xlsx
FILE:2016-10-27 09:23:09,D:\AWORK\向家坝\向家坝数据\空间公司上报的2016年9月月报及数据\2标段内观\尾渣坝-右岸护坡\右岸护坡-锚索测力计.xlsx
FILE:2016-10-27 09:23:09,D:\AWORK\向家坝\向家坝数据\空间公司上报的2016年9月月报及数据\2标段内观\地下洞室\右岸地下厂房主变洞\主变洞-锚索测力计.xlsx
FILE:2016-10-27 09:23:09,D:\AWORK\向家坝\向家坝数据\空间公司上报的2016年9月月报及数据\2标段内观\进水口边坡\进水口边坡-锚索测力计.xlsx
FILE:2016-10-27 09:23:09,D:\AWORK\向家坝\向家坝数据\空间公司上报的2016年9月月报及数据\2标段内观\地下洞室\右岸地下厂房尾水扩散段(w)\尾水扩散段-锚索测力计.xlsx
FILE:2016-10-27 09:23:09,D:\AWORK\向家坝\向家坝数据\空间公司上报的2016年9月月报及数据\2标段内观\右岸马延坡边坡\马延坡-锚索测力计.xlsx
FILE:2016-10-27 09:23:09,D:\AWORK\向家坝\向家坝数据\空间公司上报的2016年9月月报及数据\2标段内观\太平料场边坡\太平料场-锚索测力计.xlsx
FILE:2016-10-27 09:23:09,D:\AWORK\向家坝\向家坝数据\空间公司上报的2016年9月月报及数据\2标段内观\左岸高边坡\左岸边坡-锚索测力计计算表.xlsx
FILE:2016-10-27 09:23:09,D:\AWORK\向家坝\向家坝数据\空间公司上报的2016年9月月报及数据\2标段内观\地下洞室\右岸地下厂房尾水主洞(ab-678)\尾水主洞-锚索测力计.xlsx
FILE:2016-10-27 09:23:09,D:\AWORK\向家坝\向家坝数据\空间公司上报的2016年9月月报及数据\2标段内观\地下洞室\右岸地下主厂房\主厂房-锚索测力计.xlsx
FILE:2016-10-27 09:24:08,D:\AWORK\向家坝\向家坝数据\干渠9月工程数据库\北干渠监测数据\锚索测力计.xlsx
FILE:2016-10-27 09:24:08,D:\AWORK\向家坝\向家坝数据\空间公司上报的2016年9月月报及数据\2标段内观\尾渣坝-右岸护坡\右岸护坡-锚索测力计.xlsx
FILE:2016-10-27 09:24:08,D:\AWORK\向家坝\向家坝数据\空间公司上报的2016年9月月报及数据\2标段内观\出水口边坡\出水口边坡-锚索测力计.xlsx
FILE:2016-10-27 09:24:08,D:\AWORK\向家坝\向家坝数据\空间公司上报的2016年9月月报及数据\2标段内观\地下洞室\右岸地下厂房主变洞\主变洞-锚索测力计.xlsx
FILE:2016-10-27 09:24:08,D:\AWORK\向家坝\向家坝数据\空间公司上报的2016年9月月报及数据\2标段内观\进水口边坡\进水口边坡-锚索测力计.xlsx
FILE:2016-10-27 09:24:08,D:\AWORK\向家坝\向家坝数据\空间公司上报的2016年9月月报及数据\2标段内观\地下洞室\右岸地下厂房尾水扩散段(w)\尾水扩散段-锚索测力计.xlsx
FILE:2016-10-27 09:24:08,D:\AWORK\向家坝\向家坝数据\空间公司上报的2016年9月月报及数据\2标段内观\右岸马延坡边坡\马延坡-锚索测力计.xlsx
FILE:2016-10-27 09:24:08,D:\AWORK\向家坝\向家坝数据\空间公司上报的2016年9月月报及数据\2标段内观\太平料场边坡\太平料场-锚索测力计.xlsx
FILE:2016-10-27 09:24:08,D:\AWORK\向家坝\向家坝数据\空间公司上报的2016年9月月报及数据\2标段内观\左岸高边坡\左岸边坡-锚索测力计计算表.xlsx
FILE:2016-10-27 09:24:08,D:\AWORK\向家坝\向家坝数据\空间公司上报的2016年9月月报及数据\2标段内观\地下洞室\右岸地下厂房尾水主洞(ab-678)\尾水主洞-锚索测力计.xlsx
FILE:2016-10-27 09:24:08,D:\AWORK\向家坝\向家坝数据\空间公司上报的2016年9月月报及数据\2标段内观\地下洞室\右岸地下主厂房\主厂房-锚索测力计.xlsx
FILE:2016-10-27 09:30:47,D:\AWORK\向家坝\向家坝数据\干渠9月工程数据库\北干渠监测数据\锚索测力计.xlsx
FILE:2016-10-27 09:30:47,D:\AWORK\向家坝\向家坝数据\空间公司上报的2016年9月月报及数据\2标段内观\尾渣坝-右岸护坡\右岸护坡-锚索测力计.xlsx
FILE:2016-10-27 09:30:47,D:\AWORK\向家坝\向家坝数据\空间公司上报的2016年9月月报及数据\2标段内观\进水口边坡\进水口边坡-锚索测力计.xlsx
FILE:2016-10-27 09:30:47,D:\AWORK\向家坝\向家坝数据\空间公司上报的2016年9月月报及数据\2标段内观\出水口边坡\出水口边坡-锚索测力计.xlsx
FILE:2016-10-27 09:30:47,D:\AWORK\向家坝\向家坝数据\空间公司上报的2016年9月月报及数据\2标段内观\地下洞室\右岸地下厂房主变洞\主变洞-锚索测力计.xlsx
FILE:2016-10-27 09:30:47,D:\AWORK\向家坝\向家坝数据\空间公司上报的2016年9月月报及数据\2标段内观\地下洞室\右岸地下厂房尾水扩散段(w)\尾水扩散段-锚索测力计.xlsx
FILE:2016-10-27 09:30:47,D:\AWORK\向家坝\向家坝数据\空间公司上报的2016年9月月报及数据\2标段内观\右岸马延坡边坡\马延坡-锚索测力计.xlsx
FILE:2016-10-27 09:30:47,D:\AWORK\向家坝\向家坝数据\空间公司上报的2016年9月月报及数据\2标段内观\太平料场边坡\太平料场-锚索测力计.xlsx
FILE:2016-10-27 09:30:47,D:\AWORK\向家坝\向家坝数据\空间公司上报的2016年9月月报及数据\2标段内观\地下洞室\右岸地下厂房尾水主洞(ab-678)\尾水主洞-锚索测力计.xlsx
FILE:2016-10-27 09:30:47,D:\AWORK\向家坝\向家坝数据\空间公司上报的2016年9月月报及数据\2标段内观\左岸高边坡\左岸边坡-锚索测力计计算表.xlsx
FILE:2016-10-27 09:30:47,D:\AWORK\向家坝\向家坝数据\空间公司上报的2016年9月月报及数据\2标段内观\地下洞室\右岸地下主厂房\主厂房-锚索测力计.xlsx
FILE:2016-10-27 09:35:46,D:\AWORK\向家坝\向家坝数据\空间公司上报的2016年9月月报及数据\2标段内观\进水口边坡\进水口边坡-锚索测力计.xlsx
FILE:2016-10-27 09:36:05,D:\AWORK\向家坝\向家坝数据\空间公司上报的2016年9月月报及数据\2标段内观\进水口边坡\进水口边坡-锚索测力计.xlsx
FILE:2016-10-27 09:36:19,D:\AWORK\向家坝\向家坝数据\空间公司上报的2016年9月月报及数据\2标段内观\进水口边坡\进水口边坡-锚索测力计.xlsx
FILE:2016-10-27 09:36:19,D:\AWORK\向家坝\向家坝数据\空间公司上报的2016年9月月报及数据\2标段内观\左岸高边坡\左岸边坡-锚索测力计计算表.xlsx
FILE:2016-10-27 09:37:39,D:\AWORK\向家坝\向家坝数据\空间公司上报的2016年9月月报及数据\2标段内观\进水口边坡\进水口边坡-锚索测力计.xlsx
FILE:2016-10-27 09:37:39,D:\AWORK\向家坝\向家坝数据\空间公司上报的2016年9月月报及数据\2标段内观\左岸高边坡\左岸边坡-锚索测力计计算表.xlsx
FILE:2016-10-27 09:41:00,D:\AWORK\向家坝\向家坝数据\空间公司上报的2016年9月月报及数据\2标段内观\进水口边坡\进水口边坡-锚索测力计.xlsx
FILE:2016-10-27 09:41:00,D:\AWORK\向家坝\向家坝数据\空间公司上报的2016年9月月报及数据\2标段内观\左岸高边坡\左岸边坡-锚索测力计计算表.xlsx
FILE:2016-10-27 03:16:35,D:\AWORK\向家坝\向家坝数据\干渠9月工程数据库\南干渠监测数据\应变计.xlsx
FILE:2016-10-27 03:16:35,D:\AWORK\向家坝\向家坝数据\空间公司上报的2016年9月月报及数据\2标段内观\地下洞室\右岸地下主厂房\主厂房-岩锚梁混凝土单向应变计与无应力计.xlsx
FILE:2016-10-27 03:16:35,D:\AWORK\向家坝\向家坝数据\空间公司上报的2016年9月月报及数据\2标段内观\左岸高边坡\左岸边坡-单向应变计与无应力计.xlsx
FILE:2016-10-27 03:16:35,D:\AWORK\向家坝\向家坝数据\空间公司上报的2016年9月月报及数据\2标段内观\地下洞室\右岸地下厂房尾水支洞(ab-5)\尾水支洞-单向应变计与无应力计.xlsx
FILE:2016-10-27 03:16:35,D:\AWORK\向家坝\向家坝数据\空间公司上报的2016年9月月报及数据\2标段内观\地下洞室\右岸地下厂房尾水扩散段(w)\尾水扩散段-单向应变计与无应力计.xlsx
FILE:2016-10-27 03:16:35,D:\AWORK\向家坝\向家坝数据\空间公司上报的2016年9月月报及数据\2标段内观\地下洞室\右岸进厂交通洞\右岸交通洞-单向应变计与无应力计.xlsx
FILE:2016-10-27 03:16:35,D:\AWORK\向家坝\向家坝数据\空间公司上报的2016年9月月报及数据\2标段内观\地下洞室\右岸地下厂房尾水主洞(ab-678)\尾水主洞-单向应变计与无应力计.xlsx
DATA:Nb8-1,142,数据误差超限
FILE:2016-10-27 03:16:35,D:\AWORK\向家坝\向家坝数据\空间公司上报的2016年9月月报及数据\2标段内观\地下洞室\右岸地下厂房引水洞(ab-1234)\引水洞-单向应变计与无应力计.xlsx
FILE:2016-10-27 03:17:46,D:\AWORK\向家坝\向家坝数据\干渠9月工程数据库\南干渠监测数据\应变计.xlsx
FILE:2016-10-27 03:17:46,D:\AWORK\向家坝\向家坝数据\空间公司上报的2016年9月月报及数据\2标段内观\地下洞室\右岸地下主厂房\主厂房-岩锚梁混凝土单向应变计与无应力计.xlsx
FILE:2016-10-27 03:17:46,D:\AWORK\向家坝\向家坝数据\空间公司上报的2016年9月月报及数据\2标段内观\左岸高边坡\左岸边坡-单向应变计与无应力计.xlsx
FILE:2016-10-27 03:17:46,D:\AWORK\向家坝\向家坝数据\空间公司上报的2016年9月月报及数据\2标段内观\地下洞室\右岸地下厂房尾水支洞(ab-5)\尾水支洞-单向应变计与无应力计.xlsx
FILE:2016-10-27 03:17:46,D:\AWORK\向家坝\向家坝数据\空间公司上报的2016年9月月报及数据\2标段内观\地下洞室\右岸地下厂房尾水扩散段(w)\尾水扩散段-单向应变计与无应力计.xlsx
FILE:2016-10-27 03:17:46,D:\AWORK\向家坝\向家坝数据\空间公司上报的2016年9月月报及数据\2标段内观\地下洞室\右岸进厂交通洞\右岸交通洞-单向应变计与无应力计.xlsx
FILE:2016-10-27 03:17:46,D:\AWORK\向家坝\向家坝数据\空间公司上报的2016年9月月报及数据\2标段内观\地下洞室\右岸地下厂房尾水主洞(ab-678)\尾水主洞-单向应变计与无应力计.xlsx
DATA:Nb8-1,142,数据误差超限
FILE:2016-10-27 03:17:46,D:\AWORK\向家坝\向家坝数据\空间公司上报的2016年9月月报及数据\2标段内观\地下洞室\右岸地下厂房引水洞(ab-1234)\引水洞-单向应变计与无应力计.xlsx
FILE:2016-10-27 03:22:27,D:\AWORK\向家坝\向家坝数据\干渠9月工程数据库\南干渠监测数据\应变计.xlsx
FILE:2016-10-27 03:22:27,D:\AWORK\向家坝\向家坝数据\空间公司上报的2016年9月月报及数据\2标段内观\地下洞室\右岸地下主厂房\主厂房-岩锚梁混凝土单向应变计与无应力计.xlsx
FILE:2016-10-27 03:22:27,D:\AWORK\向家坝\向家坝数据\空间公司上报的2016年9月月报及数据\2标段内观\左岸高边坡\左岸边坡-单向应变计与无应力计.xlsx
FILE:2016-10-27 03:22:27,D:\AWORK\向家坝\向家坝数据\空间公司上报的2016年9月月报及数据\2标段内观\地下洞室\右岸地下厂房尾水支洞(ab-5)\尾水支洞-单向应变计与无应力计.xlsx
FILE:2016-10-27 03:22:27,D:\AWORK\向家坝\向家坝数据\空间公司上报的2016年9月月报及数据\2标段内观\地下洞室\右岸进厂交通洞\右岸交通洞-单向应变计与无应力计.xlsx
FILE:2016-10-27 03:22:27,D:\AWORK\向家坝\向家坝数据\空间公司上报的2016年9月月报及数据\2标段内观\地下洞室\右岸地下厂房尾水扩散段(w)\尾水扩散段-单向应变计与无应力计.xlsx
FILE:2016-10-27 03:22:27,D:\AWORK\向家坝\向家坝数据\空间公司上报的2016年9月月报及数据\2标段内观\地下洞室\右岸地下厂房尾水主洞(ab-678)\尾水主洞-单向应变计与无应力计.xlsx
DATA:Nb8-1,142,数据误差超限
FILE:2016-10-27 03:22:27,D:\AWORK\向家坝\向家坝数据\空间公司上报的2016年9月月报及数据\2标段内观\地下洞室\右岸地下厂房引水洞(ab-1234)\引水洞-单向应变计与无应力计.xlsx
FILE:2016-10-27 03:24:47,D:\AWORK\向家坝\向家坝数据\干渠9月工程数据库\南干渠监测数据\应变计.xlsx
FILE:2016-10-27 03:24:47,D:\AWORK\向家坝\向家坝数据\空间公司上报的2016年9月月报及数据\2标段内观\地下洞室\右岸地下主厂房\主厂房-岩锚梁混凝土单向应变计与无应力计.xlsx
FILE:2016-10-27 03:24:47,D:\AWORK\向家坝\向家坝数据\空间公司上报的2016年9月月报及数据\2标段内观\左岸高边坡\左岸边坡-单向应变计与无应力计.xlsx
FILE:2016-10-27 03:24:47,D:\AWORK\向家坝\向家坝数据\空间公司上报的2016年9月月报及数据\2标段内观\地下洞室\右岸地下厂房尾水支洞(ab-5)\尾水支洞-单向应变计与无应力计.xlsx
FILE:2016-10-27 03:24:47,D:\AWORK\向家坝\向家坝数据\空间公司上报的2016年9月月报及数据\2标段内观\地下洞室\右岸地下厂房尾水扩散段(w)\尾水扩散段-单向应变计与无应力计.xlsx
FILE:2016-10-27 03:24:47,D:\AWORK\向家坝\向家坝数据\空间公司上报的2016年9月月报及数据\2标段内观\地下洞室\右岸进厂交通洞\右岸交通洞-单向应变计与无应力计.xlsx
FILE:2016-10-27 03:24:47,D:\AWORK\向家坝\向家坝数据\空间公司上报的2016年9月月报及数据\2标段内观\地下洞室\右岸地下厂房尾水主洞(ab-678)\尾水主洞-单向应变计与无应力计.xlsx
DATA:Nb8-1,142,数据误差超限
FILE:2016-10-27 03:24:47,D:\AWORK\向家坝\向家坝数据\空间公司上报的2016年9月月报及数据\2标段内观\地下洞室\右岸地下厂房引水洞(ab-1234)\引水洞-单向应变计与无应力计.xlsx
FILE:2016-10-27 03:32:14,D:\AWORK\向家坝\向家坝数据\干渠9月工程数据库\南干渠监测数据\应变计.xlsx
FILE:2016-10-27 03:32:14,D:\AWORK\向家坝\向家坝数据\空间公司上报的2016年9月月报及数据\2标段内观\地下洞室\右岸地下主厂房\主厂房-岩锚梁混凝土单向应变计与无应力计.xlsx
FILE:2016-10-27 05:00:27,D:\AWORK\向家坝\向家坝数据\空间公司上报的2016年9月月报及数据\2标段内观\地下洞室\右岸地下主厂房\主厂房-三向应变计与无应力计.xlsx
FILE:2016-10-27 05:00:27,D:\AWORK\向家坝\向家坝数据\空间公司上报的2016年9月月报及数据\2标段内观\地下洞室\右岸地下厂房243高程以下(j)\243高程以下-五向应变计与无应力计.xlsx
FILE:2016-10-27 05:00:27,D:\AWORK\向家坝\向家坝数据\空间公司上报的2016年9月月报及数据\2标段内观\右岸马延坡边坡\马延坡-三向应变计与无应力计.xlsx
FILE:2016-10-27 05:00:27,D:\AWORK\向家坝\向家坝数据\9月数据(2016.9)\9月数据\应变计组\五向应变计组（一期）.xlsx
FILE:2016-10-27 05:00:27,D:\AWORK\向家坝\向家坝数据\9月数据(2016.9)\9月数据\应变计组\五向应变计组（二期）.xlsx
DATA:S5G-1,427,该字符串未被识别为有效的 DateTime。有一个未知单词(从索引 11 处开始)。
DATA:S5G-1,426,该字符串未被识别为有效的 DateTime。有一个未知单词(从索引 11 处开始)。
DATA:S5G-1,425,该字符串未被识别为有效的 DateTime。有一个未知单词(从索引 11 处开始)。
DATA:S5G-2,390,未将对象引用设置到对象的实例。
DATA:S5G-4,341,已添加了具有相同键的项。
DATA:S5G-4,340,已添加了具有相同键的项。
DATA:S5G-4,339,已添加了具有相同键的项。
DATA:S5G-4,338,已添加了具有相同键的项。
DATA:S5G-4,337,已添加了具有相同键的项。
DATA:S5G-4,336,已添加了具有相同键的项。
DATA:S5G-4,335,已添加了具有相同键的项。
DATA:S5G-4,334,已添加了具有相同键的项。
DATA:S5G-4,333,已添加了具有相同键的项。
DATA:S5G-4,332,已添加了具有相同键的项。
DATA:S5G-4,331,已添加了具有相同键的项。
DATA:S5G-4,330,已添加了具有相同键的项。
DATA:S5G-4,329,已添加了具有相同键的项。
DATA:S5G-4,328,已添加了具有相同键的项。
DATA:S5G-4,327,已添加了具有相同键的项。
DATA:S5G-4,326,已添加了具有相同键的项。
DATA:S5G-4,325,已添加了具有相同键的项。
DATA:S5G-4,324,已添加了具有相同键的项。
DATA:S5G-4,323,已添加了具有相同键的项。
DATA:S5G-4,322,已添加了具有相同键的项。
DATA:S5G-4,321,已添加了具有相同键的项。
DATA:S5G-4,320,已添加了具有相同键的项。
DATA:S5G-4,319,已添加了具有相同键的项。
DATA:S5G-4,318,已添加了具有相同键的项。
DATA:S5G-4,317,已添加了具有相同键的项。
DATA:S5G-4,316,已添加了具有相同键的项。
DATA:S5G-4,315,已添加了具有相同键的项。
DATA:S5G-4,314,已添加了具有相同键的项。
DATA:S5G-4,313,已添加了具有相同键的项。
DATA:S5G-4,312,已添加了具有相同键的项。
DATA:S5G-4,311,已添加了具有相同键的项。
DATA:S5G-4,310,已添加了具有相同键的项。
DATA:S5G-4,309,已添加了具有相同键的项。
DATA:S5G-4,308,已添加了具有相同键的项。
DATA:S5G-4,307,已添加了具有相同键的项。
DATA:S5G-4,306,已添加了具有相同键的项。
DATA:S5G-4,305,已添加了具有相同键的项。
DATA:S5G-4,304,已添加了具有相同键的项。
DATA:S5G-4,303,已添加了具有相同键的项。
DATA:S5G-4,302,已添加了具有相同键的项。
DATA:S5G-4,301,已添加了具有相同键的项。
DATA:S5G-4,300,已添加了具有相同键的项。
DATA:S5G-4,299,已添加了具有相同键的项。
DATA:S5G-4,298,已添加了具有相同键的项。
DATA:S5G-4,297,已添加了具有相同键的项。
DATA:S5G-4,296,已添加了具有相同键的项。
DATA:S5G-4,295,已添加了具有相同键的项。
DATA:S5G-4,294,已添加了具有相同键的项。
DATA:S5G-4,293,已添加了具有相同键的项。
DATA:S5G-4,292,已添加了具有相同键的项。
DATA:S5G-4,291,已添加了具有相同键的项。
DATA:S5G-4,290,已添加了具有相同键的项。
DATA:S5G-4,289,已添加了具有相同键的项。
DATA:S5G-4,288,已添加了具有相同键的项。
DATA:S5G-4,287,已添加了具有相同键的项。
DATA:S5G-4,286,已添加了具有相同键的项。
DATA:S5G-4,285,已添加了具有相同键的项。
DATA:S5G-4,284,已添加了具有相同键的项。
DATA:S5G-4,283,已添加了具有相同键的项。
DATA:S5G-4,282,已添加了具有相同键的项。
DATA:S5G-4,281,已添加了具有相同键的项。
DATA:S5G-4,280,已添加了具有相同键的项。
DATA:S5G-4,279,已添加了具有相同键的项。
DATA:S5G-4,278,已添加了具有相同键的项。
DATA:S5G-4,277,已添加了具有相同键的项。
DATA:S5G-4,276,已添加了具有相同键的项。
DATA:S5G-4,275,已添加了具有相同键的项。
DATA:S5G-4,274,已添加了具有相同键的项。
DATA:S5G-4,273,已添加了具有相同键的项。
DATA:S5G-4,272,已添加了具有相同键的项。
DATA:S5G-4,271,已添加了具有相同键的项。
DATA:S5G-4,270,已添加了具有相同键的项。
DATA:S5G-4,269,已添加了具有相同键的项。
DATA:S5G-4,268,已添加了具有相同键的项。
DATA:S5G-4,267,已添加了具有相同键的项。
DATA:S5G-4,266,已添加了具有相同键的项。
DATA:S5G-4,265,已添加了具有相同键的项。
DATA:S5G-4,264,已添加了具有相同键的项。
DATA:S5G-4,263,已添加了具有相同键的项。
DATA:S5G-4,262,已添加了具有相同键的项。
DATA:S5G-4,261,已添加了具有相同键的项。
DATA:S5G-4,260,已添加了具有相同键的项。
DATA:S5G-4,259,已添加了具有相同键的项。
DATA:S5G-4,258,已添加了具有相同键的项。
DATA:S5G-4,257,已添加了具有相同键的项。
DATA:S5G-4,256,已添加了具有相同键的项。
DATA:S5G-4,255,已添加了具有相同键的项。
DATA:S5G-4,254,已添加了具有相同键的项。
DATA:S5G-4,253,已添加了具有相同键的项。
DATA:S5G-4,252,已添加了具有相同键的项。
DATA:S5G-4,251,已添加了具有相同键的项。
DATA:S5G-4,250,已添加了具有相同键的项。
DATA:S5G-4,249,已添加了具有相同键的项。
DATA:S5G-4,248,已添加了具有相同键的项。
DATA:S5G-4,247,已添加了具有相同键的项。
DATA:S5G-4,246,已添加了具有相同键的项。
DATA:S5G-4,245,已添加了具有相同键的项。
DATA:S5G-4,244,已添加了具有相同键的项。
DATA:S5G-4,243,已添加了具有相同键的项。
DATA:S5G-4,242,已添加了具有相同键的项。
DATA:S5G-4,241,已添加了具有相同键的项。
DATA:S5G-4,240,已添加了具有相同键的项。
DATA:S5G-4,239,已添加了具有相同键的项。
DATA:S5G-4,238,已添加了具有相同键的项。
DATA:S5G-4,237,已添加了具有相同键的项。
DATA:S5G-4,236,已添加了具有相同键的项。
DATA:S5G-4,235,已添加了具有相同键的项。
DATA:S5G-4,234,已添加了具有相同键的项。
DATA:S5G-4,233,已添加了具有相同键的项。
DATA:S5G-4,232,已添加了具有相同键的项。
DATA:S5G-4,231,已添加了具有相同键的项。
DATA:S5G-4,230,已添加了具有相同键的项。
DATA:S5G-4,229,已添加了具有相同键的项。
DATA:S5G-4,228,已添加了具有相同键的项。
DATA:S5G-4,227,已添加了具有相同键的项。
DATA:S5G-4,226,已添加了具有相同键的项。
DATA:S5G-4,225,已添加了具有相同键的项。
DATA:S5G-4,224,已添加了具有相同键的项。
DATA:S5G-4,223,已添加了具有相同键的项。
DATA:S5G-4,222,已添加了具有相同键的项。
DATA:S5G-4,221,已添加了具有相同键的项。
DATA:S5G-4,220,已添加了具有相同键的项。
DATA:S5G-4,219,已添加了具有相同键的项。
DATA:S5G-4,218,已添加了具有相同键的项。
DATA:S5G-4,217,已添加了具有相同键的项。
DATA:S5G-4,216,已添加了具有相同键的项。
DATA:S5G-4,215,已添加了具有相同键的项。
DATA:S5G-4,214,已添加了具有相同键的项。
DATA:S5G-4,213,已添加了具有相同键的项。
DATA:S5G-4,212,已添加了具有相同键的项。
DATA:S5G-4,211,已添加了具有相同键的项。
DATA:S5G-4,210,已添加了具有相同键的项。
DATA:S5G-4,209,已添加了具有相同键的项。
DATA:S5G-4,208,已添加了具有相同键的项。
DATA:S5G-4,207,已添加了具有相同键的项。
DATA:S5G-4,206,已添加了具有相同键的项。
DATA:S5G-4,205,已添加了具有相同键的项。
DATA:S5G-4,204,已添加了具有相同键的项。
DATA:S5G-4,203,已添加了具有相同键的项。
DATA:S5G-4,202,已添加了具有相同键的项。
DATA:S5G-4,201,已添加了具有相同键的项。
DATA:S5G-4,200,已添加了具有相同键的项。
DATA:S5G-4,199,已添加了具有相同键的项。
DATA:S5G-4,198,已添加了具有相同键的项。
DATA:S5G-4,197,已添加了具有相同键的项。
DATA:S5G-4,196,已添加了具有相同键的项。
DATA:S5G-4,195,已添加了具有相同键的项。
DATA:S5G-4,194,已添加了具有相同键的项。
DATA:S5G-4,193,已添加了具有相同键的项。
DATA:S5G-4,192,已添加了具有相同键的项。
DATA:S5G-4,191,已添加了具有相同键的项。
DATA:S5G-4,190,已添加了具有相同键的项。
DATA:S5G-4,189,已添加了具有相同键的项。
DATA:S5G-4,188,已添加了具有相同键的项。
DATA:S5G-4,187,已添加了具有相同键的项。
DATA:S5G-4,186,已添加了具有相同键的项。
DATA:S5G-4,185,已添加了具有相同键的项。
DATA:S5G-4,184,已添加了具有相同键的项。
DATA:S5G-4,183,已添加了具有相同键的项。
DATA:S5G-4,182,已添加了具有相同键的项。
DATA:S5G-4,181,已添加了具有相同键的项。
DATA:S5G-4,180,已添加了具有相同键的项。
DATA:S5G-4,179,已添加了具有相同键的项。
DATA:S5G-4,178,已添加了具有相同键的项。
DATA:S5G-4,177,已添加了具有相同键的项。
DATA:S5G-4,176,已添加了具有相同键的项。
DATA:S5G-4,175,已添加了具有相同键的项。
DATA:S5G-4,174,已添加了具有相同键的项。
DATA:S5G-4,173,已添加了具有相同键的项。
DATA:S5G-4,172,已添加了具有相同键的项。
DATA:S5G-4,171,已添加了具有相同键的项。
DATA:S5G-4,170,已添加了具有相同键的项。
DATA:S5G-4,169,已添加了具有相同键的项。
DATA:S5G-4,168,已添加了具有相同键的项。
DATA:S5G-4,167,已添加了具有相同键的项。
DATA:S5G-4,166,已添加了具有相同键的项。
DATA:S5G-4,165,已添加了具有相同键的项。
DATA:S5G-4,164,已添加了具有相同键的项。
DATA:S5G-4,163,已添加了具有相同键的项。
DATA:S5G-4,162,已添加了具有相同键的项。
DATA:S5G-4,161,已添加了具有相同键的项。
DATA:S5G-4,160,已添加了具有相同键的项。
DATA:S5G-4,159,已添加了具有相同键的项。
DATA:S5G-4,158,已添加了具有相同键的项。
DATA:S5G-4,157,已添加了具有相同键的项。
DATA:S5G-4,156,已添加了具有相同键的项。
DATA:S5G-4,155,已添加了具有相同键的项。
DATA:S5G-4,154,已添加了具有相同键的项。
DATA:S5G-4,153,已添加了具有相同键的项。
DATA:S5G-4,152,已添加了具有相同键的项。
DATA:S5G-4,151,已添加了具有相同键的项。
DATA:S5G-4,150,已添加了具有相同键的项。
DATA:S5G-4,149,已添加了具有相同键的项。
DATA:S5G-4,148,已添加了具有相同键的项。
DATA:S5G-4,147,已添加了具有相同键的项。
DATA:S5G-4,146,已添加了具有相同键的项。
DATA:S5G-4,145,已添加了具有相同键的项。
DATA:S5G-4,144,已添加了具有相同键的项。
DATA:S5G-4,143,已添加了具有相同键的项。
DATA:S5G-4,142,已添加了具有相同键的项。
DATA:S5G-4,141,已添加了具有相同键的项。
DATA:S5G-4,140,已添加了具有相同键的项。
DATA:S5G-4,139,已添加了具有相同键的项。
DATA:S5G-4,138,已添加了具有相同键的项。
DATA:S5G-4,137,已添加了具有相同键的项。
DATA:S5G-4,136,已添加了具有相同键的项。
DATA:S5G-4,135,已添加了具有相同键的项。
DATA:S5G-4,134,已添加了具有相同键的项。
DATA:S5G-4,133,已添加了具有相同键的项。
DATA:S5G-4,132,已添加了具有相同键的项。
DATA:S5G-4,131,已添加了具有相同键的项。
DATA:S5G-4,130,已添加了具有相同键的项。
DATA:S5G-4,129,已添加了具有相同键的项。
DATA:S5G-4,128,已添加了具有相同键的项。
DATA:S5G-4,127,已添加了具有相同键的项。
DATA:S5G-4,126,已添加了具有相同键的项。
DATA:S5G-4,125,已添加了具有相同键的项。
DATA:S5G-4,124,已添加了具有相同键的项。
DATA:S5G-4,123,已添加了具有相同键的项。
DATA:S5G-4,122,已添加了具有相同键的项。
DATA:S5G-4,121,已添加了具有相同键的项。
DATA:S5G-4,120,已添加了具有相同键的项。
DATA:S5G-4,119,已添加了具有相同键的项。
DATA:S5G-4,118,已添加了具有相同键的项。
DATA:S5G-4,117,已添加了具有相同键的项。
DATA:S5G-4,116,已添加了具有相同键的项。
DATA:S5G-4,115,已添加了具有相同键的项。
DATA:S5G-4,114,已添加了具有相同键的项。
DATA:S5G-4,113,已添加了具有相同键的项。
DATA:S5G-4,112,已添加了具有相同键的项。
DATA:S5G-4,111,已添加了具有相同键的项。
DATA:S5G-4,110,已添加了具有相同键的项。
DATA:S5G-4,109,已添加了具有相同键的项。
DATA:S5G-4,108,已添加了具有相同键的项。
DATA:S5G-4,107,已添加了具有相同键的项。
DATA:S5G-4,106,已添加了具有相同键的项。
DATA:S5G-4,105,已添加了具有相同键的项。
DATA:S5G-4,104,已添加了具有相同键的项。
DATA:S5G-4,103,已添加了具有相同键的项。
DATA:S5G-4,102,已添加了具有相同键的项。
DATA:S5G-4,101,已添加了具有相同键的项。
DATA:S5G-4,100,已添加了具有相同键的项。
DATA:S5G-4,99,已添加了具有相同键的项。
DATA:S5G-4,98,已添加了具有相同键的项。
DATA:S5G-4,96,已添加了具有相同键的项。
DATA:S5G-4,95,已添加了具有相同键的项。
DATA:S5G-4,94,已添加了具有相同键的项。
DATA:S5G-4,93,已添加了具有相同键的项。
DATA:S5G-4,92,已添加了具有相同键的项。
DATA:S5G-4,91,已添加了具有相同键的项。
DATA:S5G-4,90,已添加了具有相同键的项。
DATA:S5G-4,89,已添加了具有相同键的项。
DATA:S5G-4,88,已添加了具有相同键的项。
DATA:S5G-4,87,已添加了具有相同键的项。
DATA:S5G-4,86,已添加了具有相同键的项。
DATA:S5G-4,85,已添加了具有相同键的项。
DATA:S5G-4,84,已添加了具有相同键的项。
DATA:S5G-4,83,已添加了具有相同键的项。
DATA:S5G-4,82,已添加了具有相同键的项。
DATA:S5G-4,81,已添加了具有相同键的项。
DATA:S5G-4,80,已添加了具有相同键的项。
DATA:S5G-4,79,已添加了具有相同键的项。
DATA:S5G-4,78,已添加了具有相同键的项。
DATA:S5G-4,77,已添加了具有相同键的项。
DATA:S5G-4,76,已添加了具有相同键的项。
DATA:S5G-4,75,已添加了具有相同键的项。
DATA:S5G-4,74,已添加了具有相同键的项。
DATA:S5G-4,73,已添加了具有相同键的项。
DATA:S5G-4,72,已添加了具有相同键的项。
DATA:S5G-4,71,已添加了具有相同键的项。
DATA:S5G-4,70,已添加了具有相同键的项。
DATA:S5G-4,69,已添加了具有相同键的项。
DATA:S5G-4,68,已添加了具有相同键的项。
DATA:S5G-4,67,已添加了具有相同键的项。
DATA:S5G-4,66,已添加了具有相同键的项。
DATA:S5G-4,65,已添加了具有相同键的项。
DATA:S5G-4,64,已添加了具有相同键的项。
DATA:S5G-4,63,已添加了具有相同键的项。
DATA:S5G-4,62,已添加了具有相同键的项。
DATA:S5G-4,61,已添加了具有相同键的项。
DATA:S5G-4,60,已添加了具有相同键的项。
DATA:S5G-4,59,已添加了具有相同键的项。
DATA:S5G-4,58,已添加了具有相同键的项。
DATA:S5G-4,57,已添加了具有相同键的项。
DATA:S5G-4,56,已添加了具有相同键的项。
DATA:S5G-4,55,已添加了具有相同键的项。
DATA:S5G-4,54,已添加了具有相同键的项。
DATA:S5G-4,53,已添加了具有相同键的项。
DATA:S5G-4,52,已添加了具有相同键的项。
DATA:S5G-4,51,已添加了具有相同键的项。
DATA:S5G-4,50,已添加了具有相同键的项。
DATA:S5G-4,49,已添加了具有相同键的项。
DATA:S5G-4,48,已添加了具有相同键的项。
DATA:S5G-4,47,已添加了具有相同键的项。
DATA:S5G-4,46,已添加了具有相同键的项。
DATA:S5G-4,45,已添加了具有相同键的项。
DATA:S5G-4,44,已添加了具有相同键的项。
DATA:S5G-4,43,已添加了具有相同键的项。
DATA:S5G-4,42,已添加了具有相同键的项。
DATA:S5G-4,41,已添加了具有相同键的项。
DATA:S5G-4,40,已添加了具有相同键的项。
DATA:S5G-4,39,已添加了具有相同键的项。
DATA:S5G-4,38,已添加了具有相同键的项。
DATA:S5G-4,37,已添加了具有相同键的项。
DATA:S5G-4,36,已添加了具有相同键的项。
DATA:S5G-4,35,已添加了具有相同键的项。
DATA:S5G-4,34,已添加了具有相同键的项。
DATA:S5G-4,33,已添加了具有相同键的项。
DATA:S5G-4,32,已添加了具有相同键的项。
DATA:S5G-4,31,已添加了具有相同键的项。
DATA:S5G-4,30,已添加了具有相同键的项。
DATA:S5G-4,29,已添加了具有相同键的项。
DATA:S5G-4,28,已添加了具有相同键的项。
DATA:S5G-4,27,已添加了具有相同键的项。
DATA:S5G-4,26,已添加了具有相同键的项。
DATA:S5G-4,25,已添加了具有相同键的项。
DATA:S5G-4,24,已添加了具有相同键的项。
DATA:S5G-4,23,已添加了具有相同键的项。
DATA:S5G-4,22,已添加了具有相同键的项。
DATA:S5G-4,21,已添加了具有相同键的项。
DATA:S5G-4,20,已添加了具有相同键的项。
DATA:S5G-4,19,已添加了具有相同键的项。
DATA:S5G-4,18,已添加了具有相同键的项。
DATA:S5G-4,17,已添加了具有相同键的项。
DATA:S5G-4,16,已添加了具有相同键的项。
DATA:S5E-18,165,未将对象引用设置到对象的实例。
DATA:S51-4,142,未将对象引用设置到对象的实例。
FILE:2016-10-27 05:05:27,D:\AWORK\向家坝\向家坝数据\干渠9月工程数据库\北干渠监测数据\多点位移计.xlsx
FILE:2016-10-27 05:05:27,D:\AWORK\向家坝\向家坝数据\9月数据(2016.9)\9月数据\基岩变位计、回弹仪\回弹仪（一+二期）.xlsx
FILE:2016-10-27 05:05:27,D:\AWORK\向家坝\向家坝数据\空间公司上报的2016年9月月报及数据\2标段内观\地下洞室\右岸地下厂房通风洞\通风洞-多点位移计.xlsx
FILE:2016-10-27 05:05:27,D:\AWORK\向家坝\向家坝数据\空间公司上报的2016年9月月报及数据\2标段内观\太平料场边坡\太平料场-多点位移计.xlsx
FILE:2016-10-27 05:05:27,D:\AWORK\向家坝\向家坝数据\空间公司上报的2016年9月月报及数据\2标段内观\出水口边坡\出水口边坡-多点位移计.xlsx
FILE:2016-10-27 05:05:27,D:\AWORK\向家坝\向家坝数据\空间公司上报的2016年9月月报及数据\2标段内观\地下洞室\右岸地下厂房尾水支洞(ab-5)\尾水支洞-多点位移计.xlsx
FILE:2016-10-27 05:05:27,D:\AWORK\向家坝\向家坝数据\空间公司上报的2016年9月月报及数据\2标段内观\左岸高边坡\多点位移计\多点位移计.xlsx
FILE:2016-10-27 05:05:27,D:\AWORK\向家坝\向家坝数据\9月数据(2016.9)\9月数据\多点位移计\多点位移计（一期）.xlsx
FILE:2016-10-27 05:05:27,D:\AWORK\向家坝\向家坝数据\空间公司上报的2016年9月月报及数据\2标段内观\地下洞室\右岸进厂交通洞\右岸交通洞-多点位移计.xlsx
FILE:2016-10-27 05:05:27,D:\AWORK\向家坝\向家坝数据\空间公司上报的2016年9月月报及数据\2标段内观\左岸高边坡\多点位移计\交通洞多点位移计.xlsx
FILE:2016-10-27 05:05:27,D:\AWORK\向家坝\向家坝数据\空间公司上报的2016年9月月报及数据\2标段内观\进水口边坡\进水口边坡-多点位移计.xlsx
FILE:2016-10-27 05:05:27,D:\AWORK\向家坝\向家坝数据\空间公司上报的2016年9月月报及数据\2标段内观\地下洞室\右岸地下厂房尾水主洞(ab-678)\尾水主洞-多点位移计.xlsx
FILE:2016-10-27 05:05:27,D:\AWORK\向家坝\向家坝数据\空间公司上报的2016年9月月报及数据\2标段内观\地下洞室\右岸地下主厂房\主厂房-多点位移计.xlsx
FILE:2016-10-27 05:05:27,D:\AWORK\向家坝\向家坝数据\空间公司上报的2016年9月月报及数据\2标段内观\地下洞室\右岸地下厂房尾水扩散段(w)\尾水扩散段-多点位移计.xlsx
FILE:2016-10-27 05:05:27,D:\AWORK\向家坝\向家坝数据\空间公司上报的2016年9月月报及数据\2标段内观\地下洞室\右岸地下厂房引水洞(ab-1234)\引水洞-多点位移计.xlsx
FILE:2016-10-27 05:05:27,D:\AWORK\向家坝\向家坝数据\空间公司上报的2016年9月月报及数据\2标段内观\地下洞室\右岸地下厂房主变洞\主变洞-多点位移计.xlsx
FILE:2016-10-27 05:07:10,D:\AWORK\向家坝\向家坝数据\空间公司上报的2016年9月月报及数据\2标段内观\地下洞室\右岸地下主厂房\主厂房-三向应变计与无应力计.xlsx
FILE:2016-10-27 05:07:10,D:\AWORK\向家坝\向家坝数据\空间公司上报的2016年9月月报及数据\2标段内观\地下洞室\右岸地下厂房243高程以下(j)\243高程以下-五向应变计与无应力计.xlsx
FILE:2016-10-27 05:07:10,D:\AWORK\向家坝\向家坝数据\空间公司上报的2016年9月月报及数据\2标段内观\右岸马延坡边坡\马延坡-三向应变计与无应力计.xlsx
FILE:2016-10-27 05:07:10,D:\AWORK\向家坝\向家坝数据\9月数据(2016.9)\9月数据\应变计组\五向应变计组（一期）.xlsx
FILE:2016-10-27 05:07:10,D:\AWORK\向家坝\向家坝数据\9月数据(2016.9)\9月数据\应变计组\五向应变计组（二期）.xlsx
DATA:S5G-1,427,该字符串未被识别为有效的 DateTime。有一个未知单词(从索引 11 处开始)。
DATA:S5G-1,426,该字符串未被识别为有效的 DateTime。有一个未知单词(从索引 11 处开始)。
DATA:S5G-1,425,该字符串未被识别为有效的 DateTime。有一个未知单词(从索引 11 处开始)。
DATA:S5G-2,390,未将对象引用设置到对象的实例。
DATA:S5G-4,341,已添加了具有相同键的项。
DATA:S5G-4,340,已添加了具有相同键的项。
DATA:S5G-4,339,已添加了具有相同键的项。
DATA:S5G-4,338,已添加了具有相同键的项。
DATA:S5G-4,337,已添加了具有相同键的项。
DATA:S5G-4,336,已添加了具有相同键的项。
DATA:S5G-4,335,已添加了具有相同键的项。
DATA:S5G-4,334,已添加了具有相同键的项。
DATA:S5G-4,333,已添加了具有相同键的项。
DATA:S5G-4,332,已添加了具有相同键的项。
DATA:S5G-4,331,已添加了具有相同键的项。
DATA:S5G-4,330,已添加了具有相同键的项。
DATA:S5G-4,329,已添加了具有相同键的项。
DATA:S5G-4,328,已添加了具有相同键的项。
DATA:S5G-4,327,已添加了具有相同键的项。
DATA:S5G-4,326,已添加了具有相同键的项。
DATA:S5G-4,325,已添加了具有相同键的项。
DATA:S5G-4,324,已添加了具有相同键的项。
DATA:S5G-4,323,已添加了具有相同键的项。
DATA:S5G-4,322,已添加了具有相同键的项。
DATA:S5G-4,321,已添加了具有相同键的项。
DATA:S5G-4,320,已添加了具有相同键的项。
DATA:S5G-4,319,已添加了具有相同键的项。
DATA:S5G-4,318,已添加了具有相同键的项。
DATA:S5G-4,317,已添加了具有相同键的项。
DATA:S5G-4,316,已添加了具有相同键的项。
DATA:S5G-4,315,已添加了具有相同键的项。
DATA:S5G-4,314,已添加了具有相同键的项。
DATA:S5G-4,313,已添加了具有相同键的项。
DATA:S5G-4,312,已添加了具有相同键的项。
DATA:S5G-4,311,已添加了具有相同键的项。
DATA:S5G-4,310,已添加了具有相同键的项。
DATA:S5G-4,309,已添加了具有相同键的项。
DATA:S5G-4,308,已添加了具有相同键的项。
DATA:S5G-4,307,已添加了具有相同键的项。
DATA:S5G-4,306,已添加了具有相同键的项。
DATA:S5G-4,305,已添加了具有相同键的项。
DATA:S5G-4,304,已添加了具有相同键的项。
DATA:S5G-4,303,已添加了具有相同键的项。
DATA:S5G-4,302,已添加了具有相同键的项。
DATA:S5G-4,301,已添加了具有相同键的项。
DATA:S5G-4,300,已添加了具有相同键的项。
DATA:S5G-4,299,已添加了具有相同键的项。
DATA:S5G-4,298,已添加了具有相同键的项。
DATA:S5G-4,297,已添加了具有相同键的项。
DATA:S5G-4,296,已添加了具有相同键的项。
DATA:S5G-4,295,已添加了具有相同键的项。
DATA:S5G-4,294,已添加了具有相同键的项。
DATA:S5G-4,293,已添加了具有相同键的项。
DATA:S5G-4,292,已添加了具有相同键的项。
DATA:S5G-4,291,已添加了具有相同键的项。
DATA:S5G-4,290,已添加了具有相同键的项。
DATA:S5G-4,289,已添加了具有相同键的项。
DATA:S5G-4,288,已添加了具有相同键的项。
DATA:S5G-4,287,已添加了具有相同键的项。
DATA:S5G-4,286,已添加了具有相同键的项。
DATA:S5G-4,285,已添加了具有相同键的项。
DATA:S5G-4,284,已添加了具有相同键的项。
DATA:S5G-4,283,已添加了具有相同键的项。
DATA:S5G-4,282,已添加了具有相同键的项。
DATA:S5G-4,281,已添加了具有相同键的项。
DATA:S5G-4,280,已添加了具有相同键的项。
DATA:S5G-4,279,已添加了具有相同键的项。
DATA:S5G-4,278,已添加了具有相同键的项。
DATA:S5G-4,277,已添加了具有相同键的项。
DATA:S5G-4,276,已添加了具有相同键的项。
DATA:S5G-4,275,已添加了具有相同键的项。
DATA:S5G-4,274,已添加了具有相同键的项。
DATA:S5G-4,273,已添加了具有相同键的项。
DATA:S5G-4,272,已添加了具有相同键的项。
DATA:S5G-4,271,已添加了具有相同键的项。
DATA:S5G-4,270,已添加了具有相同键的项。
DATA:S5G-4,269,已添加了具有相同键的项。
DATA:S5G-4,268,已添加了具有相同键的项。
DATA:S5G-4,267,已添加了具有相同键的项。
DATA:S5G-4,266,已添加了具有相同键的项。
DATA:S5G-4,265,已添加了具有相同键的项。
DATA:S5G-4,264,已添加了具有相同键的项。
DATA:S5G-4,263,已添加了具有相同键的项。
DATA:S5G-4,262,已添加了具有相同键的项。
DATA:S5G-4,261,已添加了具有相同键的项。
DATA:S5G-4,260,已添加了具有相同键的项。
DATA:S5G-4,259,已添加了具有相同键的项。
DATA:S5G-4,258,已添加了具有相同键的项。
DATA:S5G-4,257,已添加了具有相同键的项。
DATA:S5G-4,256,已添加了具有相同键的项。
DATA:S5G-4,255,已添加了具有相同键的项。
DATA:S5G-4,254,已添加了具有相同键的项。
DATA:S5G-4,253,已添加了具有相同键的项。
DATA:S5G-4,252,已添加了具有相同键的项。
DATA:S5G-4,251,已添加了具有相同键的项。
DATA:S5G-4,250,已添加了具有相同键的项。
DATA:S5G-4,249,已添加了具有相同键的项。
DATA:S5G-4,248,已添加了具有相同键的项。
DATA:S5G-4,247,已添加了具有相同键的项。
DATA:S5G-4,246,已添加了具有相同键的项。
DATA:S5G-4,245,已添加了具有相同键的项。
DATA:S5G-4,244,已添加了具有相同键的项。
DATA:S5G-4,243,已添加了具有相同键的项。
DATA:S5G-4,242,已添加了具有相同键的项。
DATA:S5G-4,241,已添加了具有相同键的项。
DATA:S5G-4,240,已添加了具有相同键的项。
DATA:S5G-4,239,已添加了具有相同键的项。
DATA:S5G-4,238,已添加了具有相同键的项。
DATA:S5G-4,237,已添加了具有相同键的项。
DATA:S5G-4,236,已添加了具有相同键的项。
DATA:S5G-4,235,已添加了具有相同键的项。
DATA:S5G-4,234,已添加了具有相同键的项。
DATA:S5G-4,233,已添加了具有相同键的项。
DATA:S5G-4,232,已添加了具有相同键的项。
DATA:S5G-4,231,已添加了具有相同键的项。
DATA:S5G-4,230,已添加了具有相同键的项。
DATA:S5G-4,229,已添加了具有相同键的项。
DATA:S5G-4,228,已添加了具有相同键的项。
DATA:S5G-4,227,已添加了具有相同键的项。
DATA:S5G-4,226,已添加了具有相同键的项。
DATA:S5G-4,225,已添加了具有相同键的项。
DATA:S5G-4,224,已添加了具有相同键的项。
DATA:S5G-4,223,已添加了具有相同键的项。
DATA:S5G-4,222,已添加了具有相同键的项。
DATA:S5G-4,221,已添加了具有相同键的项。
DATA:S5G-4,220,已添加了具有相同键的项。
DATA:S5G-4,219,已添加了具有相同键的项。
DATA:S5G-4,218,已添加了具有相同键的项。
DATA:S5G-4,217,已添加了具有相同键的项。
DATA:S5G-4,216,已添加了具有相同键的项。
DATA:S5G-4,215,已添加了具有相同键的项。
DATA:S5G-4,214,已添加了具有相同键的项。
DATA:S5G-4,213,已添加了具有相同键的项。
DATA:S5G-4,212,已添加了具有相同键的项。
DATA:S5G-4,211,已添加了具有相同键的项。
DATA:S5G-4,210,已添加了具有相同键的项。
DATA:S5G-4,209,已添加了具有相同键的项。
DATA:S5G-4,208,已添加了具有相同键的项。
DATA:S5G-4,207,已添加了具有相同键的项。
DATA:S5G-4,206,已添加了具有相同键的项。
DATA:S5G-4,205,已添加了具有相同键的项。
DATA:S5G-4,204,已添加了具有相同键的项。
DATA:S5G-4,203,已添加了具有相同键的项。
DATA:S5G-4,202,已添加了具有相同键的项。
DATA:S5G-4,201,已添加了具有相同键的项。
DATA:S5G-4,200,已添加了具有相同键的项。
DATA:S5G-4,199,已添加了具有相同键的项。
DATA:S5G-4,198,已添加了具有相同键的项。
DATA:S5G-4,197,已添加了具有相同键的项。
DATA:S5G-4,196,已添加了具有相同键的项。
DATA:S5G-4,195,已添加了具有相同键的项。
DATA:S5G-4,194,已添加了具有相同键的项。
DATA:S5G-4,193,已添加了具有相同键的项。
DATA:S5G-4,192,已添加了具有相同键的项。
DATA:S5G-4,191,已添加了具有相同键的项。
DATA:S5G-4,190,已添加了具有相同键的项。
DATA:S5G-4,189,已添加了具有相同键的项。
DATA:S5G-4,188,已添加了具有相同键的项。
DATA:S5G-4,187,已添加了具有相同键的项。
DATA:S5G-4,186,已添加了具有相同键的项。
DATA:S5G-4,185,已添加了具有相同键的项。
DATA:S5G-4,184,已添加了具有相同键的项。
DATA:S5G-4,183,已添加了具有相同键的项。
DATA:S5G-4,182,已添加了具有相同键的项。
DATA:S5G-4,181,已添加了具有相同键的项。
DATA:S5G-4,180,已添加了具有相同键的项。
DATA:S5G-4,179,已添加了具有相同键的项。
DATA:S5G-4,178,已添加了具有相同键的项。
DATA:S5G-4,177,已添加了具有相同键的项。
DATA:S5G-4,176,已添加了具有相同键的项。
DATA:S5G-4,175,已添加了具有相同键的项。
DATA:S5G-4,174,已添加了具有相同键的项。
DATA:S5G-4,173,已添加了具有相同键的项。
DATA:S5G-4,172,已添加了具有相同键的项。
DATA:S5G-4,171,已添加了具有相同键的项。
DATA:S5G-4,170,已添加了具有相同键的项。
DATA:S5G-4,169,已添加了具有相同键的项。
DATA:S5G-4,168,已添加了具有相同键的项。
DATA:S5G-4,167,已添加了具有相同键的项。
DATA:S5G-4,166,已添加了具有相同键的项。
DATA:S5G-4,165,已添加了具有相同键的项。
DATA:S5G-4,164,已添加了具有相同键的项。
DATA:S5G-4,163,已添加了具有相同键的项。
DATA:S5G-4,162,已添加了具有相同键的项。
DATA:S5G-4,161,已添加了具有相同键的项。
DATA:S5G-4,160,已添加了具有相同键的项。
DATA:S5G-4,159,已添加了具有相同键的项。
DATA:S5G-4,158,已添加了具有相同键的项。
DATA:S5G-4,157,已添加了具有相同键的项。
DATA:S5G-4,156,已添加了具有相同键的项。
DATA:S5G-4,155,已添加了具有相同键的项。
DATA:S5G-4,154,已添加了具有相同键的项。
DATA:S5G-4,153,已添加了具有相同键的项。
DATA:S5G-4,152,已添加了具有相同键的项。
DATA:S5G-4,151,已添加了具有相同键的项。
DATA:S5G-4,150,已添加了具有相同键的项。
DATA:S5G-4,149,已添加了具有相同键的项。
DATA:S5G-4,148,已添加了具有相同键的项。
DATA:S5G-4,147,已添加了具有相同键的项。
DATA:S5G-4,146,已添加了具有相同键的项。
DATA:S5G-4,145,已添加了具有相同键的项。
DATA:S5G-4,144,已添加了具有相同键的项。
DATA:S5G-4,143,已添加了具有相同键的项。
DATA:S5G-4,142,已添加了具有相同键的项。
DATA:S5G-4,141,已添加了具有相同键的项。
DATA:S5G-4,140,已添加了具有相同键的项。
DATA:S5G-4,139,已添加了具有相同键的项。
DATA:S5G-4,138,已添加了具有相同键的项。
DATA:S5G-4,137,已添加了具有相同键的项。
DATA:S5G-4,136,已添加了具有相同键的项。
DATA:S5G-4,135,已添加了具有相同键的项。
DATA:S5G-4,134,已添加了具有相同键的项。
DATA:S5G-4,133,已添加了具有相同键的项。
DATA:S5G-4,132,已添加了具有相同键的项。
DATA:S5G-4,131,已添加了具有相同键的项。
DATA:S5G-4,130,已添加了具有相同键的项。
DATA:S5G-4,129,已添加了具有相同键的项。
DATA:S5G-4,128,已添加了具有相同键的项。
DATA:S5G-4,127,已添加了具有相同键的项。
DATA:S5G-4,126,已添加了具有相同键的项。
DATA:S5G-4,125,已添加了具有相同键的项。
DATA:S5G-4,124,已添加了具有相同键的项。
DATA:S5G-4,123,已添加了具有相同键的项。
DATA:S5G-4,122,已添加了具有相同键的项。
DATA:S5G-4,121,已添加了具有相同键的项。
DATA:S5G-4,120,已添加了具有相同键的项。
DATA:S5G-4,119,已添加了具有相同键的项。
DATA:S5G-4,118,已添加了具有相同键的项。
DATA:S5G-4,117,已添加了具有相同键的项。
DATA:S5G-4,116,已添加了具有相同键的项。
DATA:S5G-4,115,已添加了具有相同键的项。
DATA:S5G-4,114,已添加了具有相同键的项。
DATA:S5G-4,113,已添加了具有相同键的项。
DATA:S5G-4,112,已添加了具有相同键的项。
DATA:S5G-4,111,已添加了具有相同键的项。
DATA:S5G-4,110,已添加了具有相同键的项。
DATA:S5G-4,109,已添加了具有相同键的项。
DATA:S5G-4,108,已添加了具有相同键的项。
DATA:S5G-4,107,已添加了具有相同键的项。
DATA:S5G-4,106,已添加了具有相同键的项。
DATA:S5G-4,105,已添加了具有相同键的项。
DATA:S5G-4,104,已添加了具有相同键的项。
DATA:S5G-4,103,已添加了具有相同键的项。
DATA:S5G-4,102,已添加了具有相同键的项。
DATA:S5G-4,101,已添加了具有相同键的项。
DATA:S5G-4,100,已添加了具有相同键的项。
DATA:S5G-4,99,已添加了具有相同键的项。
DATA:S5G-4,98,已添加了具有相同键的项。
DATA:S5G-4,96,已添加了具有相同键的项。
DATA:S5G-4,95,已添加了具有相同键的项。
DATA:S5G-4,94,已添加了具有相同键的项。
DATA:S5G-4,93,已添加了具有相同键的项。
DATA:S5G-4,92,已添加了具有相同键的项。
DATA:S5G-4,91,已添加了具有相同键的项。
DATA:S5G-4,90,已添加了具有相同键的项。
DATA:S5G-4,89,已添加了具有相同键的项。
DATA:S5G-4,88,已添加了具有相同键的项。
DATA:S5G-4,87,已添加了具有相同键的项。
DATA:S5G-4,86,已添加了具有相同键的项。
DATA:S5G-4,85,已添加了具有相同键的项。
DATA:S5G-4,84,已添加了具有相同键的项。
DATA:S5G-4,83,已添加了具有相同键的项。
DATA:S5G-4,82,已添加了具有相同键的项。
DATA:S5G-4,81,已添加了具有相同键的项。
DATA:S5G-4,80,已添加了具有相同键的项。
DATA:S5G-4,79,已添加了具有相同键的项。
DATA:S5G-4,78,已添加了具有相同键的项。
DATA:S5G-4,77,已添加了具有相同键的项。
DATA:S5G-4,76,已添加了具有相同键的项。
DATA:S5G-4,75,已添加了具有相同键的项。
DATA:S5G-4,74,已添加了具有相同键的项。
DATA:S5G-4,73,已添加了具有相同键的项。
DATA:S5G-4,72,已添加了具有相同键的项。
DATA:S5G-4,71,已添加了具有相同键的项。
DATA:S5G-4,70,已添加了具有相同键的项。
DATA:S5G-4,69,已添加了具有相同键的项。
DATA:S5G-4,68,已添加了具有相同键的项。
DATA:S5G-4,67,已添加了具有相同键的项。
DATA:S5G-4,66,已添加了具有相同键的项。
DATA:S5G-4,65,已添加了具有相同键的项。
DATA:S5G-4,64,已添加了具有相同键的项。
DATA:S5G-4,63,已添加了具有相同键的项。
DATA:S5G-4,62,已添加了具有相同键的项。
DATA:S5G-4,61,已添加了具有相同键的项。
DATA:S5G-4,60,已添加了具有相同键的项。
DATA:S5G-4,59,已添加了具有相同键的项。
DATA:S5G-4,58,已添加了具有相同键的项。
DATA:S5G-4,57,已添加了具有相同键的项。
DATA:S5G-4,56,已添加了具有相同键的项。
DATA:S5G-4,55,已添加了具有相同键的项。
DATA:S5G-4,54,已添加了具有相同键的项。
DATA:S5G-4,53,已添加了具有相同键的项。
DATA:S5G-4,52,已添加了具有相同键的项。
DATA:S5G-4,51,已添加了具有相同键的项。
DATA:S5G-4,50,已添加了具有相同键的项。
DATA:S5G-4,49,已添加了具有相同键的项。
DATA:S5G-4,48,已添加了具有相同键的项。
DATA:S5G-4,47,已添加了具有相同键的项。
DATA:S5G-4,46,已添加了具有相同键的项。
DATA:S5G-4,45,已添加了具有相同键的项。
DATA:S5G-4,44,已添加了具有相同键的项。
DATA:S5G-4,43,已添加了具有相同键的项。
DATA:S5G-4,42,已添加了具有相同键的项。
DATA:S5G-4,41,已添加了具有相同键的项。
DATA:S5G-4,40,已添加了具有相同键的项。
DATA:S5G-4,39,已添加了具有相同键的项。
DATA:S5G-4,38,已添加了具有相同键的项。
DATA:S5G-4,37,已添加了具有相同键的项。
DATA:S5G-4,36,已添加了具有相同键的项。
DATA:S5G-4,35,已添加了具有相同键的项。
DATA:S5G-4,34,已添加了具有相同键的项。
DATA:S5G-4,33,已添加了具有相同键的项。
DATA:S5G-4,32,已添加了具有相同键的项。
DATA:S5G-4,31,已添加了具有相同键的项。
DATA:S5G-4,30,已添加了具有相同键的项。
DATA:S5G-4,29,已添加了具有相同键的项。
DATA:S5G-4,28,已添加了具有相同键的项。
DATA:S5G-4,27,已添加了具有相同键的项。
DATA:S5G-4,26,已添加了具有相同键的项。
DATA:S5G-4,25,已添加了具有相同键的项。
DATA:S5G-4,24,已添加了具有相同键的项。
DATA:S5G-4,23,已添加了具有相同键的项。
DATA:S5G-4,22,已添加了具有相同键的项。
DATA:S5G-4,21,已添加了具有相同键的项。
DATA:S5G-4,20,已添加了具有相同键的项。
DATA:S5G-4,19,已添加了具有相同键的项。
DATA:S5G-4,18,已添加了具有相同键的项。
DATA:S5G-4,17,已添加了具有相同键的项。
DATA:S5G-4,16,已添加了具有相同键的项。
DATA:S5E-18,165,未将对象引用设置到对象的实例。
DATA:S51-4,142,未将对象引用设置到对象的实例。
FILE:2016-10-27 07:04:31,D:\AWORK\向家坝\向家坝数据\空间公司上报的2016年9月月报及数据\2标段内观\地下洞室\右岸地下主厂房\主厂房-三向应变计与无应力计.xlsx
FILE:2016-10-27 07:04:31,D:\AWORK\向家坝\向家坝数据\空间公司上报的2016年9月月报及数据\2标段内观\地下洞室\右岸地下厂房243高程以下(j)\243高程以下-五向应变计与无应力计.xlsx
FILE:2016-10-27 07:04:31,D:\AWORK\向家坝\向家坝数据\空间公司上报的2016年9月月报及数据\2标段内观\右岸马延坡边坡\马延坡-三向应变计与无应力计.xlsx
FILE:2016-10-27 07:04:31,D:\AWORK\向家坝\向家坝数据\9月数据(2016.9)\9月数据\应变计组\五向应变计组（一期）.xlsx
FILE:2016-10-27 07:04:31,D:\AWORK\向家坝\向家坝数据\9月数据(2016.9)\9月数据\应变计组\五向应变计组（二期）.xlsx
DATA:S5G-2,390,未将对象引用设置到对象的实例。
DATA:S5E-18,165,未将对象引用设置到对象的实例。
DATA:S51-4,142,未将对象引用设置到对象的实例。
FILE:2016-10-27 07:07:09,D:\AWORK\向家坝\向家坝数据\空间公司上报的2016年9月月报及数据\2标段内观\地下洞室\右岸地下主厂房\主厂房-三向应变计与无应力计.xlsx
FILE:2016-10-27 07:07:09,D:\AWORK\向家坝\向家坝数据\空间公司上报的2016年9月月报及数据\2标段内观\地下洞室\右岸地下厂房243高程以下(j)\243高程以下-五向应变计与无应力计.xlsx
FILE:2016-10-27 07:07:09,D:\AWORK\向家坝\向家坝数据\空间公司上报的2016年9月月报及数据\2标段内观\右岸马延坡边坡\马延坡-三向应变计与无应力计.xlsx
FILE:2016-10-27 07:07:09,D:\AWORK\向家坝\向家坝数据\9月数据(2016.9)\9月数据\应变计组\五向应变计组（一期）.xlsx
FILE:2016-10-27 07:07:09,D:\AWORK\向家坝\向家坝数据\9月数据(2016.9)\9月数据\应变计组\五向应变计组（二期）.xlsx
DATA:S5G-2,390,未将对象引用设置到对象的实例。
DATA:S5E-18,165,未将对象引用设置到对象的实例。
DATA:S51-4,142,未将对象引用设置到对象的实例。
FILE:2016-10-27 07:21:30,D:\AWORK\向家坝\向家坝数据\空间公司上报的2016年9月月报及数据\2标段内观\地下洞室\右岸地下主厂房\主厂房-三向应变计与无应力计.xlsx
FILE:2016-10-27 07:21:30,D:\AWORK\向家坝\向家坝数据\空间公司上报的2016年9月月报及数据\2标段内观\地下洞室\右岸地下厂房243高程以下(j)\243高程以下-五向应变计与无应力计.xlsx
FILE:2016-10-27 07:21:30,D:\AWORK\向家坝\向家坝数据\空间公司上报的2016年9月月报及数据\2标段内观\右岸马延坡边坡\马延坡-三向应变计与无应力计.xlsx
FILE:2016-10-27 07:21:30,D:\AWORK\向家坝\向家坝数据\9月数据(2016.9)\9月数据\应变计组\五向应变计组（一期）.xlsx
FILE:2016-10-27 07:21:30,D:\AWORK\向家坝\向家坝数据\9月数据(2016.9)\9月数据\应变计组\五向应变计组（二期）.xlsx
DATA:S5G-2,390,未将对象引用设置到对象的实例。
DATA:S5E-18,165,未将对象引用设置到对象的实例。
DATA:S51-4,142,未将对象引用设置到对象的实例。
FILE:2016-10-27 07:31:57,D:\AWORK\向家坝\向家坝数据\空间公司上报的2016年9月月报及数据\2标段内观\地下洞室\右岸地下主厂房\主厂房-三向应变计与无应力计.xlsx
FILE:2016-10-27 07:31:57,D:\AWORK\向家坝\向家坝数据\空间公司上报的2016年9月月报及数据\2标段内观\地下洞室\右岸地下厂房243高程以下(j)\243高程以下-五向应变计与无应力计.xlsx
FILE:2016-10-27 07:31:57,D:\AWORK\向家坝\向家坝数据\空间公司上报的2016年9月月报及数据\2标段内观\右岸马延坡边坡\马延坡-三向应变计与无应力计.xlsx
FILE:2016-10-27 07:31:57,D:\AWORK\向家坝\向家坝数据\9月数据(2016.9)\9月数据\应变计组\五向应变计组（一期）.xlsx
FILE:2016-10-27 07:31:57,D:\AWORK\向家坝\向家坝数据\9月数据(2016.9)\9月数据\应变计组\五向应变计组（二期）.xlsx
DATA:S5G-2,390,未将对象引用设置到对象的实例。
DATA:S5E-18,165,未将对象引用设置到对象的实例。
DATA:S51-4,142,未将对象引用设置到对象的实例。
FILE:2016-10-27 07:34:57,D:\AWORK\向家坝\向家坝数据\空间公司上报的2016年9月月报及数据\2标段内观\地下洞室\右岸地下厂房243高程以下(j)\243高程以下-五向应变计与无应力计.xlsx
FILE:2016-10-27 07:34:57,D:\AWORK\向家坝\向家坝数据\空间公司上报的2016年9月月报及数据\2标段内观\地下洞室\右岸地下主厂房\主厂房-三向应变计与无应力计.xlsx
FILE:2016-10-27 07:34:57,D:\AWORK\向家坝\向家坝数据\空间公司上报的2016年9月月报及数据\2标段内观\右岸马延坡边坡\马延坡-三向应变计与无应力计.xlsx
FILE:2016-10-27 07:34:57,D:\AWORK\向家坝\向家坝数据\9月数据(2016.9)\9月数据\应变计组\五向应变计组（一期）.xlsx
FILE:2016-10-27 07:34:57,D:\AWORK\向家坝\向家坝数据\9月数据(2016.9)\9月数据\应变计组\五向应变计组（二期）.xlsx
DATA:S5G-2,390,未将对象引用设置到对象的实例。
DATA:S5E-18,165,未将对象引用设置到对象的实例。
DATA:S51-4,142,未将对象引用设置到对象的实例。
FILE:2016-10-27 07:36:47,D:\AWORK\向家坝\向家坝数据\空间公司上报的2016年9月月报及数据\2标段内观\地下洞室\右岸地下主厂房\主厂房-三向应变计与无应力计.xlsx
FILE:2016-10-27 07:36:47,D:\AWORK\向家坝\向家坝数据\空间公司上报的2016年9月月报及数据\2标段内观\地下洞室\右岸地下厂房243高程以下(j)\243高程以下-五向应变计与无应力计.xlsx
FILE:2016-10-27 07:36:47,D:\AWORK\向家坝\向家坝数据\空间公司上报的2016年9月月报及数据\2标段内观\右岸马延坡边坡\马延坡-三向应变计与无应力计.xlsx
FILE:2016-10-27 07:36:47,D:\AWORK\向家坝\向家坝数据\9月数据(2016.9)\9月数据\应变计组\五向应变计组（一期）.xlsx
FILE:2016-10-27 07:36:47,D:\AWORK\向家坝\向家坝数据\9月数据(2016.9)\9月数据\应变计组\五向应变计组（二期）.xlsx
DATA:S5G-2,390,未将对象引用设置到对象的实例。
DATA:S5E-18,165,未将对象引用设置到对象的实例。
DATA:S51-4,142,未将对象引用设置到对象的实例。
FILE:2016-10-27 07:39:54,D:\AWORK\向家坝\向家坝数据\空间公司上报的2016年9月月报及数据\2标段内观\地下洞室\右岸地下主厂房\主厂房-三向应变计与无应力计.xlsx
FILE:2016-10-27 07:39:54,D:\AWORK\向家坝\向家坝数据\空间公司上报的2016年9月月报及数据\2标段内观\地下洞室\右岸地下厂房243高程以下(j)\243高程以下-五向应变计与无应力计.xlsx
FILE:2016-10-27 07:39:54,D:\AWORK\向家坝\向家坝数据\空间公司上报的2016年9月月报及数据\2标段内观\右岸马延坡边坡\马延坡-三向应变计与无应力计.xlsx
FILE:2016-10-27 07:39:54,D:\AWORK\向家坝\向家坝数据\9月数据(2016.9)\9月数据\应变计组\五向应变计组（一期）.xlsx
FILE:2016-10-27 07:39:54,D:\AWORK\向家坝\向家坝数据\9月数据(2016.9)\9月数据\应变计组\五向应变计组（二期）.xlsx
