FILE:2016-12-07 08:42:45,D:\AWORK\向家坝\向家坝10月份数据\2016年10月月报及数据\2标段内观\出水口边坡\出水口边坡-锚索测力计.xlsx
FILE:2016-12-07 08:42:45,D:\AWORK\向家坝\向家坝10月份数据\2016年10月月报及数据\2标段内观\右岸马延坡边坡\马延坡-锚索测力计.xlsx
DATA:DP-13CP,12,所有数据误差超限
DATA:DP-13CP,13,所有数据误差超限
DATA:DP-13CP,14,所有数据误差超限
DATA:DP-13CP,15,所有数据误差超限
DATA:DP-13CP,16,所有数据误差超限
DATA:DP-13CP,17,所有数据误差超限
DATA:DP-13CP,18,所有数据误差超限
DATA:DP-13CP,19,所有数据误差超限
DATA:DP-13CP,20,所有数据误差超限
DATA:DP-13CP,21,所有数据误差超限
DATA:DP-13CP,22,所有数据误差超限
DATA:DP-13CP,23,所有数据误差超限
DATA:DP-13CP,24,所有数据误差超限
DATA:DP-13CP,25,所有数据误差超限
DATA:DP-13CP,26,所有数据误差超限
DATA:DP-13CP,27,所有数据误差超限
DATA:DP-13CP,28,所有数据误差超限
DATA:DP-13CP,29,所有数据误差超限
DATA:DP-13CP,30,所有数据误差超限
DATA:DP-13CP,31,所有数据误差超限
DATA:DP-13CP,32,所有数据误差超限
DATA:DP-13CP,33,所有数据误差超限
DATA:DP-13CP,34,所有数据误差超限
DATA:DP-13CP,35,所有数据误差超限
DATA:DP-13CP,36,所有数据误差超限
DATA:DP-13CP,37,所有数据误差超限
DATA:DP-13CP,38,所有数据误差超限
DATA:DP-13CP,39,所有数据误差超限
DATA:DP-13CP,40,所有数据误差超限
DATA:DP-13CP,41,所有数据误差超限
DATA:DP-13CP,42,所有数据误差超限
DATA:DP-13CP,43,所有数据误差超限
DATA:DP-13CP,44,所有数据误差超限
DATA:DP-13CP,45,所有数据误差超限
DATA:DP-13CP,46,所有数据误差超限
DATA:DP-13CP,47,所有数据误差超限
DATA:DP-13CP,48,所有数据误差超限
DATA:DP-13CP,49,所有数据误差超限
DATA:DP-13CP,50,所有数据误差超限
DATA:DP-13CP,51,所有数据误差超限
DATA:DP-13CP,52,所有数据误差超限
DATA:DP-13CP,53,所有数据误差超限
DATA:DP-13CP,54,所有数据误差超限
DATA:DP-13CP,55,所有数据误差超限
DATA:DP-13CP,56,所有数据误差超限
DATA:DP-13CP,57,所有数据误差超限
DATA:DP-13CP,58,所有数据误差超限
DATA:DP-13CP,59,所有数据误差超限
DATA:DP-13CP,60,所有数据误差超限
DATA:DP-13CP,61,所有数据误差超限
DATA:DP-13CP,62,所有数据误差超限
DATA:DP-13CP,63,所有数据误差超限
DATA:DP-13CP,64,所有数据误差超限
DATA:DP-13CP,65,所有数据误差超限
DATA:DP-13CP,66,所有数据误差超限
DATA:DP-13CP,67,所有数据误差超限
DATA:DP-13CP,68,所有数据误差超限
DATA:DP-13CP,69,所有数据误差超限
DATA:DP-13CP,70,所有数据误差超限
DATA:DP-13CP,71,所有数据误差超限
DATA:DP-13CP,72,所有数据误差超限
DATA:DP-13CP,73,所有数据误差超限
DATA:DP-13CP,74,所有数据误差超限
DATA:DP-13CP,75,所有数据误差超限
DATA:DP-13CP,76,所有数据误差超限
DATA:DP-13CP,77,所有数据误差超限
DATA:DP-13CP,78,所有数据误差超限
DATA:DP-13CP,79,所有数据误差超限
DATA:DP-13CP,80,所有数据误差超限
DATA:DP-13CP,81,所有数据误差超限
DATA:DP-13CP,82,所有数据误差超限
DATA:DP-13CP,83,所有数据误差超限
DATA:DP-13CP,84,所有数据误差超限
DATA:DP-13CP,85,所有数据误差超限
DATA:DP-13CP,86,所有数据误差超限
DATA:DP-13CP,87,所有数据误差超限
DATA:DP-13CP,88,所有数据误差超限
DATA:DP-15CP,12,所有数据误差超限
DATA:DP-15CP,13,所有数据误差超限
DATA:DP-15CP,14,所有数据误差超限
DATA:DP-15CP,15,所有数据误差超限
DATA:DP-15CP,16,所有数据误差超限
DATA:DP-15CP,17,所有数据误差超限
DATA:DP-15CP,18,所有数据误差超限
DATA:DP-15CP,19,所有数据误差超限
DATA:DP-15CP,20,所有数据误差超限
DATA:DP-15CP,21,所有数据误差超限
DATA:DP-15CP,22,所有数据误差超限
DATA:DP-15CP,23,所有数据误差超限
DATA:DP-15CP,24,所有数据误差超限
DATA:DP-15CP,25,所有数据误差超限
DATA:DP-15CP,26,所有数据误差超限
DATA:DP-15CP,27,所有数据误差超限
DATA:DP-15CP,28,所有数据误差超限
DATA:DP-15CP,29,所有数据误差超限
DATA:DP-15CP,30,所有数据误差超限
DATA:DP-15CP,31,所有数据误差超限
DATA:DP-15CP,32,所有数据误差超限
DATA:DP-15CP,33,所有数据误差超限
DATA:DP-15CP,34,所有数据误差超限
DATA:DP-15CP,35,所有数据误差超限
DATA:DP-15CP,36,所有数据误差超限
DATA:DP-15CP,37,所有数据误差超限
DATA:DP-15CP,38,所有数据误差超限
DATA:DP-15CP,39,所有数据误差超限
DATA:DP-15CP,40,所有数据误差超限
DATA:DP-15CP,41,所有数据误差超限
DATA:DP-15CP,42,所有数据误差超限
DATA:DP-15CP,43,所有数据误差超限
DATA:DP-15CP,44,所有数据误差超限
DATA:DP-15CP,45,所有数据误差超限
DATA:DP-15CP,46,所有数据误差超限
DATA:DP-15CP,47,所有数据误差超限
DATA:DP-15CP,48,所有数据误差超限
DATA:DP-15CP,49,所有数据误差超限
DATA:DP-15CP,50,所有数据误差超限
DATA:DP-15CP,51,所有数据误差超限
DATA:DP-15CP,52,所有数据误差超限
DATA:DP-15CP,53,所有数据误差超限
DATA:DP-15CP,54,所有数据误差超限
DATA:DP-15CP,55,所有数据误差超限
DATA:DP-15CP,56,所有数据误差超限
DATA:DP-15CP,57,所有数据误差超限
DATA:DP-15CP,58,所有数据误差超限
DATA:DP-15CP,59,所有数据误差超限
DATA:DP-15CP,60,所有数据误差超限
DATA:DP-15CP,61,所有数据误差超限
DATA:DP-15CP,62,所有数据误差超限
DATA:DP-15CP,63,所有数据误差超限
DATA:DP-15CP,64,所有数据误差超限
DATA:DP-15CP,65,所有数据误差超限
DATA:DP-15CP,66,所有数据误差超限
DATA:DP-15CP,67,所有数据误差超限
DATA:DP-15CP,68,所有数据误差超限
DATA:DP-15CP,69,所有数据误差超限
DATA:DP-15CP,70,所有数据误差超限
DATA:DP-15CP,71,所有数据误差超限
DATA:DP-15CP,72,所有数据误差超限
DATA:DP-15CP,73,所有数据误差超限
DATA:DP-15CP,74,所有数据误差超限
DATA:DP-15CP,75,所有数据误差超限
DATA:DP-15CP,76,所有数据误差超限
DATA:DP-15CP,77,所有数据误差超限
DATA:DP-15CP,78,所有数据误差超限
DATA:DP-15CP,79,所有数据误差超限
DATA:DP-15CP,80,所有数据误差超限
DATA:DP-15CP,81,所有数据误差超限
DATA:DP-15CP,82,所有数据误差超限
DATA:DP-15CP,83,所有数据误差超限
DATA:DP-15CP,84,所有数据误差超限
DATA:DP-15CP,85,所有数据误差超限
DATA:DP-15CP,86,所有数据误差超限
DATA:DP-15CP,87,所有数据误差超限
DATA:DP-15CP,88,所有数据误差超限
DATA:DP-15CP,89,所有数据误差超限
DATA:DP-15CP,90,所有数据误差超限
DATA:DP-15CP,91,所有数据误差超限
DATA:DP-15CP,92,所有数据误差超限
DATA:DP-15CP,93,所有数据误差超限
DATA:DP-15CP,94,所有数据误差超限
DATA:DP-15CP,95,所有数据误差超限
DATA:DP-15CP,96,所有数据误差超限
DATA:DP-15CP,97,所有数据误差超限
DATA:DP-15CP,98,所有数据误差超限
DATA:DP-15CP,99,所有数据误差超限
DATA:DP-15CP,100,所有数据误差超限
DATA:DP-15CP,101,所有数据误差超限
DATA:DP-15CP,102,所有数据误差超限
DATA:DP-15CP,103,所有数据误差超限
DATA:DP-15CP,104,所有数据误差超限
DATA:DP-15CP,105,所有数据误差超限
DATA:DP-15CP,106,所有数据误差超限
DATA:DP-15CP,107,所有数据误差超限
DATA:DP-15CP,108,所有数据误差超限
DATA:DP-15CP,109,所有数据误差超限
DATA:DP-15CP,110,所有数据误差超限
DATA:DP-15CP,111,所有数据误差超限
DATA:DP-15CP,112,所有数据误差超限
DATA:DP-15CP,113,所有数据误差超限
DATA:DP-15CP,114,所有数据误差超限
DATA:DP-15CP,115,所有数据误差超限
DATA:DP-15CP,116,所有数据误差超限
DATA:DP-15CP,117,所有数据误差超限
DATA:DP-15CP,118,所有数据误差超限
DATA:DP-15CP,119,所有数据误差超限
DATA:DP-15CP,120,所有数据误差超限
DATA:DP-15CP,121,所有数据误差超限
DATA:DP-15CP,122,所有数据误差超限
DATA:DP-15CP,123,所有数据误差超限
DATA:DP-15CP,124,所有数据误差超限
DATA:DP-15CP,125,所有数据误差超限
DATA:DP-15CP,126,所有数据误差超限
DATA:DP-15CP,127,所有数据误差超限
DATA:DP-15CP,128,所有数据误差超限
DATA:DP-15CP,129,所有数据误差超限
DATA:DP-15CP,130,所有数据误差超限
DATA:DP-15CP,131,所有数据误差超限
DATA:DP-15CP,132,所有数据误差超限
DATA:DP-15CP,133,所有数据误差超限
DATA:DP-15CP,134,所有数据误差超限
DATA:DP-15CP,135,所有数据误差超限
DATA:DP-15CP,136,所有数据误差超限
DATA:DP-15CP,137,所有数据误差超限
DATA:DP-15CP,138,所有数据误差超限
DATA:DP-15CP,139,所有数据误差超限
DATA:DP-15CP,140,所有数据误差超限
DATA:DP-15CP,141,所有数据误差超限
DATA:DP-15CP,142,所有数据误差超限
DATA:DP-15CP,143,所有数据误差超限
DATA:DP-15CP,144,所有数据误差超限
DATA:DP-15CP,145,所有数据误差超限
DATA:DP-15CP,146,所有数据误差超限
DATA:DP-2BD,10,所有数据误差超限
DATA:DP-2BD,11,所有数据误差超限
DATA:DP-2BD,12,所有数据误差超限
DATA:DP-2BD,13,所有数据误差超限
DATA:DP-2BD,14,所有数据误差超限
DATA:DP-2BD,15,所有数据误差超限
DATA:DP-2BD,16,所有数据误差超限
DATA:DP-2BD,17,所有数据误差超限
DATA:DP-2BD,18,所有数据误差超限
DATA:DP-2BD,19,所有数据误差超限
DATA:DP-2BD,20,所有数据误差超限
DATA:DP-2BD,21,所有数据误差超限
DATA:DP-2BD,22,所有数据误差超限
DATA:DP-2BD,23,所有数据误差超限
DATA:DP-2BD,24,所有数据误差超限
DATA:DP-2BD,25,所有数据误差超限
DATA:DP-2BD,26,所有数据误差超限
DATA:DP-2BD,27,所有数据误差超限
DATA:DP-2BD,28,所有数据误差超限
DATA:DP-2BD,29,所有数据误差超限
DATA:DP-2BD,30,所有数据误差超限
DATA:DP-2BD,31,所有数据误差超限
DATA:DP-2BD,32,所有数据误差超限
DATA:DP-2BD,33,所有数据误差超限
DATA:DP-2BD,34,所有数据误差超限
DATA:DP-2BD,35,所有数据误差超限
DATA:DP-2BD,36,所有数据误差超限
DATA:DP-2BD,37,所有数据误差超限
DATA:DP-2BD,38,所有数据误差超限
DATA:DP-2BD,39,所有数据误差超限
DATA:DP-2BD,40,所有数据误差超限
DATA:DP-2BD,41,所有数据误差超限
DATA:DP-2BD,42,所有数据误差超限
DATA:DP-2BD,43,所有数据误差超限
DATA:DP-2BD,44,所有数据误差超限
DATA:DP-2BD,45,所有数据误差超限
DATA:DP-2BD,46,所有数据误差超限
DATA:DP-2BD,47,所有数据误差超限
DATA:DP-2BD,48,所有数据误差超限
DATA:DP-2BD,49,所有数据误差超限
DATA:DP-2BD,50,所有数据误差超限
DATA:DP-2BD,51,所有数据误差超限
DATA:DP-2BD,52,所有数据误差超限
DATA:DP-2BD,53,所有数据误差超限
DATA:DP-2BD,54,所有数据误差超限
DATA:DP-2BD,55,所有数据误差超限
DATA:DP-2BD,56,所有数据误差超限
DATA:DP-2BD,57,所有数据误差超限
DATA:DP-2BD,58,所有数据误差超限
DATA:DP-2BD,59,所有数据误差超限
DATA:DP-2BD,60,所有数据误差超限
DATA:DP-2BD,61,所有数据误差超限
DATA:DP-2BD,62,所有数据误差超限
DATA:DP-2BD,63,所有数据误差超限
DATA:DP-2BD,64,所有数据误差超限
DATA:DP-2BD,65,所有数据误差超限
DATA:DP-2BD,66,所有数据误差超限
DATA:DP-2BD,67,所有数据误差超限
DATA:DP-2BD,68,所有数据误差超限
DATA:DP-2BD,69,所有数据误差超限
DATA:DP-2BD,70,所有数据误差超限
DATA:DP-2BD,71,所有数据误差超限
DATA:DP-2BD,72,所有数据误差超限
DATA:DP-2BD,73,所有数据误差超限
DATA:DP-2BD,74,所有数据误差超限
DATA:DP-2BD,75,所有数据误差超限
DATA:DP-2BD,76,所有数据误差超限
DATA:DP-2BD,77,所有数据误差超限
DATA:DP-2BD,78,所有数据误差超限
DATA:DP-2BD,79,所有数据误差超限
DATA:DP-2BD,80,所有数据误差超限
DATA:DP-2BD,81,所有数据误差超限
DATA:DP-2BD,82,所有数据误差超限
DATA:DP-2BD,83,所有数据误差超限
DATA:DP-2BD,84,所有数据误差超限
DATA:DP-2BD,85,所有数据误差超限
DATA:DP-2BD,86,所有数据误差超限
DATA:DP-2BD,87,所有数据误差超限
DATA:DP-2BD,88,所有数据误差超限
DATA:DP-2BD,89,所有数据误差超限
DATA:DP-2BD,90,所有数据误差超限
DATA:DP-2BD,91,所有数据误差超限
DATA:DP-2BD,92,所有数据误差超限
DATA:DP-2BD,93,所有数据误差超限
DATA:DP-2BD,94,所有数据误差超限
DATA:DP-2BD,95,所有数据误差超限
DATA:DP-2BD,96,所有数据误差超限
DATA:DP-2BD,97,所有数据误差超限
DATA:DP-2BD,98,所有数据误差超限
DATA:DP-2BD,99,所有数据误差超限
DATA:DP-2BD,100,所有数据误差超限
DATA:DP-2BD,101,所有数据误差超限
DATA:DP-2BD,102,所有数据误差超限
DATA:DP-2BD,103,所有数据误差超限
DATA:DP-2BD,104,所有数据误差超限
DATA:DP-2BD,105,所有数据误差超限
DATA:DP-2BD,106,所有数据误差超限
DATA:DP-2BD,107,所有数据误差超限
DATA:DP-2BD,108,所有数据误差超限
DATA:DP-2BD,109,所有数据误差超限
DATA:DP-2BD,110,所有数据误差超限
DATA:DP-2BD,111,所有数据误差超限
DATA:DP-2BD,112,所有数据误差超限
DATA:DP-2BD,113,所有数据误差超限
DATA:DP-2BD,114,所有数据误差超限
DATA:DP-2BD,115,所有数据误差超限
DATA:DP-2BD,116,所有数据误差超限
DATA:DP-2BD,117,所有数据误差超限
DATA:DP-2BD,118,所有数据误差超限
DATA:DP-2BD,119,所有数据误差超限
DATA:DP-2BD,120,所有数据误差超限
DATA:DP-2BD,121,所有数据误差超限
DATA:DP-2BD,122,所有数据误差超限
DATA:DP-2BD,123,所有数据误差超限
DATA:DP-2BD,124,所有数据误差超限
DATA:DP-2BD,125,所有数据误差超限
DATA:DP-2BD,126,所有数据误差超限
DATA:DP-2BD,127,所有数据误差超限
DATA:DP-2BD,128,所有数据误差超限
DATA:DP-2BD,129,所有数据误差超限
DATA:DP-2BD,130,所有数据误差超限
DATA:DP-2BD,131,所有数据误差超限
DATA:DP-2BD,132,所有数据误差超限
DATA:DP-2BD,133,所有数据误差超限
DATA:DP-2BD,134,所有数据误差超限
DATA:DP-2BD,135,所有数据误差超限
DATA:DP-2BD,136,所有数据误差超限
DATA:DP-2BD,137,所有数据误差超限
DATA:DP-2BD,138,所有数据误差超限
DATA:DP-2BD,139,所有数据误差超限
DATA:DP-2BD,140,所有数据误差超限
DATA:DP-2BD,141,所有数据误差超限
DATA:DP-2BD,142,所有数据误差超限
DATA:DP-2BD,143,所有数据误差超限
DATA:DP-2BD,144,所有数据误差超限
DATA:DP-2BD,145,所有数据误差超限
DATA:DP-2BD,146,所有数据误差超限
DATA:DP-2BD,147,所有数据误差超限
DATA:DP-2BD,148,所有数据误差超限
DATA:DP-2BD,149,所有数据误差超限
DATA:DP-2BD,150,所有数据误差超限
DATA:DP-2BD,151,所有数据误差超限
DATA:DP-2BD,152,所有数据误差超限
DATA:DP-2BD,153,所有数据误差超限
DATA:DP-2BD,154,所有数据误差超限
DATA:DP-2BD,155,所有数据误差超限
DATA:DP-2BD,156,所有数据误差超限
DATA:DP-2BD,157,所有数据误差超限
DATA:DP-2G14,12,所有数据误差超限
DATA:DP-2G14,13,所有数据误差超限
DATA:DP-2G14,14,所有数据误差超限
DATA:DP-2G14,15,所有数据误差超限
DATA:DP-2G14,16,所有数据误差超限
DATA:DP-2G14,17,所有数据误差超限
DATA:DP-2G14,18,所有数据误差超限
DATA:DP-2G14,19,所有数据误差超限
DATA:DP-2G14,20,所有数据误差超限
DATA:DP-2G14,21,所有数据误差超限
DATA:DP-2G14,22,所有数据误差超限
DATA:DP-2G14,23,所有数据误差超限
DATA:DP-2G14,24,所有数据误差超限
DATA:DP-2G14,25,所有数据误差超限
DATA:DP-2G14,26,所有数据误差超限
DATA:DP-2G14,27,所有数据误差超限
DATA:DP-2G14,28,所有数据误差超限
DATA:DP-2G14,29,所有数据误差超限
DATA:DP-2G14,30,所有数据误差超限
DATA:DP-2G14,31,所有数据误差超限
DATA:DP-2G14,32,所有数据误差超限
DATA:DP-2G14,33,所有数据误差超限
DATA:DP-2G14,34,所有数据误差超限
DATA:DP-2G14,35,所有数据误差超限
DATA:DP-2G14,36,所有数据误差超限
DATA:DP-2G14,37,所有数据误差超限
DATA:DP-2G14,38,所有数据误差超限
DATA:DP-2G14,39,所有数据误差超限
DATA:DP-2G14,40,所有数据误差超限
DATA:DP-2G14,41,所有数据误差超限
DATA:DP-2G14,42,所有数据误差超限
DATA:DP-2G14,43,所有数据误差超限
DATA:DP-2G14,44,所有数据误差超限
DATA:DP-2G14,45,所有数据误差超限
DATA:DP-2G14,46,所有数据误差超限
DATA:DP-2G14,47,所有数据误差超限
DATA:DP-2G14,48,所有数据误差超限
DATA:DP-2G14,49,所有数据误差超限
DATA:DP-2G14,50,所有数据误差超限
DATA:DP-2G14,51,所有数据误差超限
DATA:DP-2G14,52,所有数据误差超限
DATA:DP-2G14,53,所有数据误差超限
DATA:DP-2G14,54,所有数据误差超限
DATA:DP-2G14,55,所有数据误差超限
DATA:DP-2G14,56,所有数据误差超限
DATA:DP-2G14,57,所有数据误差超限
DATA:DP-2G14,58,所有数据误差超限
DATA:DP-2G14,59,所有数据误差超限
DATA:DP-2G14,60,所有数据误差超限
DATA:DP-2G14,61,所有数据误差超限
DATA:DP-2G14,62,所有数据误差超限
DATA:DP-2G14,63,所有数据误差超限
DATA:DP-2G14,64,所有数据误差超限
DATA:DP-2G14,65,所有数据误差超限
DATA:DP-2G14,66,所有数据误差超限
DATA:DP-2G14,67,所有数据误差超限
DATA:DP-2G14,68,所有数据误差超限
DATA:DP-2G14,69,所有数据误差超限
DATA:DP-2G14,70,所有数据误差超限
DATA:DP-2G14,71,所有数据误差超限
DATA:DP-2G14,72,所有数据误差超限
DATA:DP-2G14,73,所有数据误差超限
DATA:DP-2G14,74,所有数据误差超限
DATA:DP-2G14,75,所有数据误差超限
DATA:DP-2G14,76,所有数据误差超限
DATA:DP-2G14,77,所有数据误差超限
DATA:DP-2G14,78,所有数据误差超限
DATA:DP-2G14,79,所有数据误差超限
DATA:DP-2G14,80,所有数据误差超限
DATA:DP-2G14,81,所有数据误差超限
DATA:DP-2G14,82,所有数据误差超限
DATA:DP-2G14,83,所有数据误差超限
DATA:DP-2G14,84,所有数据误差超限
DATA:DP-2G14,85,所有数据误差超限
DATA:DP-2G14,86,所有数据误差超限
DATA:DP-2G14,87,所有数据误差超限
DATA:DP-2G14,88,所有数据误差超限
DATA:DP-2G14,89,所有数据误差超限
DATA:DP-2G14,90,所有数据误差超限
DATA:DP-2G14,91,所有数据误差超限
DATA:DP-2G14,92,所有数据误差超限
DATA:DP-2G14,93,所有数据误差超限
DATA:DP-2G14,94,所有数据误差超限
DATA:DP-2G14,95,所有数据误差超限
DATA:DP-2G14,96,所有数据误差超限
DATA:DP-2G14,97,所有数据误差超限
DATA:DP-2G14,98,所有数据误差超限
DATA:DP-2G14,99,所有数据误差超限
DATA:DP-2G14,100,所有数据误差超限
DATA:DP-2G14,101,所有数据误差超限
DATA:DP-2G14,102,所有数据误差超限
DATA:DP-2G14,103,所有数据误差超限
DATA:DP-2G14,104,所有数据误差超限
DATA:DP-2G14,105,所有数据误差超限
DATA:DP-2G14,106,所有数据误差超限
DATA:DP-2G14,107,所有数据误差超限
DATA:DP-2G14,108,所有数据误差超限
DATA:DP-2G14,109,所有数据误差超限
DATA:DP-2G14,110,所有数据误差超限
DATA:DP-2G14,111,所有数据误差超限
DATA:DP-2G14,112,所有数据误差超限
DATA:DP-2G14,113,所有数据误差超限
DATA:DP-2G14,114,所有数据误差超限
DATA:DP-2G14,115,所有数据误差超限
DATA:DP-2G14,116,所有数据误差超限
DATA:DP-2G14,117,所有数据误差超限
DATA:DP-2G14,118,所有数据误差超限
DATA:DP-2G14,119,所有数据误差超限
DATA:DP-2G14,120,所有数据误差超限
DATA:DP-2G14,121,所有数据误差超限
DATA:DP-2G14,122,所有数据误差超限
DATA:DP-2G14,123,所有数据误差超限
DATA:DP-2G14,124,所有数据误差超限
DATA:DP-2G14,125,所有数据误差超限
DATA:DP-2G14,126,所有数据误差超限
DATA:DP-2G14,127,所有数据误差超限
DATA:DP-2G14,128,所有数据误差超限
DATA:DP-2G14,129,所有数据误差超限
DATA:DP-2G14,130,所有数据误差超限
DATA:DP-2G14,131,所有数据误差超限
DATA:DP-2G14,132,所有数据误差超限
DATA:DP-2G14,133,所有数据误差超限
DATA:DP-2G14,134,所有数据误差超限
DATA:DP-2G14,135,所有数据误差超限
DATA:DP-2G14,136,所有数据误差超限
DATA:DP-2G14,137,所有数据误差超限
DATA:DP-2G14,138,所有数据误差超限
DATA:DP-2G14,139,所有数据误差超限
DATA:DP-2G14,140,所有数据误差超限
DATA:DP-2G14,141,所有数据误差超限
DATA:DP-2G14,142,所有数据误差超限
DATA:DP-2G14,143,所有数据误差超限
DATA:DP-2G14,144,所有数据误差超限
DATA:DP-2G14,145,所有数据误差超限
DATA:DP-2G14,146,所有数据误差超限
DATA:DP-2G14,147,所有数据误差超限
DATA:DP-2G14,148,所有数据误差超限
DATA:DP-2G14,149,所有数据误差超限
DATA:DP-2G14,150,所有数据误差超限
DATA:DP-2G14,151,所有数据误差超限
DATA:DP-2G14,152,所有数据误差超限
DATA:DP-2G14,153,所有数据误差超限
DATA:DP-2G14,154,所有数据误差超限
DATA:DP-2G14,155,所有数据误差超限
DATA:DP-2G14,156,所有数据误差超限
DATA:DP-2G14,157,所有数据误差超限
DATA:DP-2G14,158,所有数据误差超限
DATA:DP-2G14,159,所有数据误差超限
DATA:DP-2G14,160,所有数据误差超限
DATA:DP-2G14,161,所有数据误差超限
DATA:DP-2G14,162,所有数据误差超限
DATA:DP-2G14,163,所有数据误差超限
DATA:DP-2G14,164,所有数据误差超限
DATA:DP-2G14,165,所有数据误差超限
DATA:DP-2G14,166,所有数据误差超限
DATA:DP-2G14,167,所有数据误差超限
DATA:DP-2G14,168,所有数据误差超限
DATA:DP-2G14,169,所有数据误差超限
DATA:DP-2G14,170,所有数据误差超限
DATA:DP-2G14,171,所有数据误差超限
DATA:DP-2G14,172,所有数据误差超限
DATA:DP-2G14,173,所有数据误差超限
DATA:DP-2G14,174,所有数据误差超限
DATA:DP-2G14,175,所有数据误差超限
DATA:DP-2G14,176,所有数据误差超限
DATA:DP-2G14,177,所有数据误差超限
DATA:DP-2G14,178,所有数据误差超限
DATA:DP-2G14,179,所有数据误差超限
DATA:DP-2G14,180,所有数据误差超限
DATA:DP-2G14,181,所有数据误差超限
DATA:DP-2G14,182,所有数据误差超限
DATA:DP-2G14,183,所有数据误差超限
DATA:DP-2G14,184,所有数据误差超限
DATA:DP-2G14,185,所有数据误差超限
DATA:DP-2G14,186,所有数据误差超限
DATA:DP-2G14,187,所有数据误差超限
DATA:DP-2G14,188,所有数据误差超限
DATA:DP-2G14,189,所有数据误差超限
DATA:DP-2G14,190,所有数据误差超限
DATA:DP-2G14,191,所有数据误差超限
DATA:DP-2G14,192,所有数据误差超限
DATA:DP-2G14,193,所有数据误差超限
DATA:DP-2G14,194,所有数据误差超限
DATA:DP-2G14,195,所有数据误差超限
DATA:DP-2G14,196,所有数据误差超限
DATA:DP-2G14,197,所有数据误差超限
DATA:DP-2G14,198,所有数据误差超限
DATA:DP-2G14,199,所有数据误差超限
DATA:DP-2G14,200,所有数据误差超限
DATA:DP-2G14,201,所有数据误差超限
DATA:DPⅠB-3,12,所有数据误差超限
DATA:DPⅠB-3,13,所有数据误差超限
DATA:DPⅠB-3,14,所有数据误差超限
DATA:DPⅠB-3,15,所有数据误差超限
DATA:DPⅠB-3,16,所有数据误差超限
DATA:DPⅠB-3,17,所有数据误差超限
DATA:DPⅠB-3,18,所有数据误差超限
DATA:DPⅠB-3,19,所有数据误差超限
DATA:DPⅠB-3,20,所有数据误差超限
DATA:DPⅠB-3,21,所有数据误差超限
DATA:DPⅠB-3,22,所有数据误差超限
DATA:DPⅠB-3,23,所有数据误差超限
DATA:DPⅠB-3,24,所有数据误差超限
DATA:DPⅠB-3,25,所有数据误差超限
DATA:DPⅠB-3,26,所有数据误差超限
DATA:DPⅠB-3,27,所有数据误差超限
DATA:DPⅠB-3,28,所有数据误差超限
DATA:DPⅠB-3,29,所有数据误差超限
DATA:DPⅠB-3,30,所有数据误差超限
DATA:DPⅠB-3,31,所有数据误差超限
DATA:DPⅠB-3,32,所有数据误差超限
DATA:DPⅠB-3,33,所有数据误差超限
DATA:DPⅠB-3,34,所有数据误差超限
DATA:DPⅠB-3,35,所有数据误差超限
DATA:DPⅠB-3,36,所有数据误差超限
DATA:DPⅠB-3,37,所有数据误差超限
DATA:DPⅠB-3,38,所有数据误差超限
DATA:DPⅠB-3,39,所有数据误差超限
DATA:DPⅠB-3,40,所有数据误差超限
DATA:DPⅠB-3,41,所有数据误差超限
DATA:DPⅠB-3,42,所有数据误差超限
DATA:DPⅠB-3,43,所有数据误差超限
DATA:DPⅠB-3,44,所有数据误差超限
DATA:DPⅠB-3,45,所有数据误差超限
DATA:DPⅠB-3,46,所有数据误差超限
DATA:DPⅠB-3,47,所有数据误差超限
DATA:DPⅠB-3,48,所有数据误差超限
DATA:DPⅠB-3,49,所有数据误差超限
DATA:DPⅠB-3,50,所有数据误差超限
DATA:DPⅠB-3,51,所有数据误差超限
DATA:DPⅠB-3,52,所有数据误差超限
DATA:DPⅠB-3,53,所有数据误差超限
DATA:DPⅠB-3,54,所有数据误差超限
DATA:DPⅠB-3,55,所有数据误差超限
DATA:DPⅠB-3,56,所有数据误差超限
DATA:DPⅠB-3,57,所有数据误差超限
DATA:DPⅠB-3,58,所有数据误差超限
DATA:DPⅠB-3,59,所有数据误差超限
DATA:DPⅠB-3,60,所有数据误差超限
DATA:DPⅠB-3,61,所有数据误差超限
DATA:DPⅠB-3,62,所有数据误差超限
DATA:DPⅠB-3,63,所有数据误差超限
DATA:DPⅠB-3,64,所有数据误差超限
DATA:DPⅠB-3,65,所有数据误差超限
DATA:DPⅠB-3,66,所有数据误差超限
DATA:DPⅠB-3,67,所有数据误差超限
DATA:DPⅠB-3,68,所有数据误差超限
DATA:DPⅠB-3,69,所有数据误差超限
DATA:DPⅠB-3,70,所有数据误差超限
DATA:DPⅠB-3,71,所有数据误差超限
DATA:DPⅠB-3,72,所有数据误差超限
DATA:DPⅠB-3,73,所有数据误差超限
DATA:DPⅠB-3,74,所有数据误差超限
DATA:DPⅠB-3,75,所有数据误差超限
DATA:DPⅠB-3,76,所有数据误差超限
DATA:DPⅠB-3,77,所有数据误差超限
DATA:DPⅠB-3,78,所有数据误差超限
DATA:DPⅠB-3,79,所有数据误差超限
DATA:DPⅠB-3,80,所有数据误差超限
DATA:DPⅠB-3,81,所有数据误差超限
DATA:DPⅠB-3,82,所有数据误差超限
DATA:DPⅠB-3,83,所有数据误差超限
DATA:DPⅠB-3,84,所有数据误差超限
DATA:DPⅠB-3,85,所有数据误差超限
DATA:DPⅠB-3,86,所有数据误差超限
DATA:DPⅠB-3,87,所有数据误差超限
DATA:DPⅠB-3,88,所有数据误差超限
DATA:DPⅠB-3,89,所有数据误差超限
DATA:DPⅠB-3,90,所有数据误差超限
DATA:DPⅠB-3,91,所有数据误差超限
DATA:DPⅠB-3,92,所有数据误差超限
DATA:DPⅠB-3,93,所有数据误差超限
DATA:DPⅠB-3,94,所有数据误差超限
DATA:DPⅠB-3,95,所有数据误差超限
DATA:DPⅠB-3,96,所有数据误差超限
DATA:DPⅠB-3,97,所有数据误差超限
DATA:DPⅠB-3,98,所有数据误差超限
DATA:DPⅠB-3,99,所有数据误差超限
DATA:DPⅠB-3,100,所有数据误差超限
DATA:DPⅠB-3,101,所有数据误差超限
DATA:DPⅠB-3,102,所有数据误差超限
DATA:DPⅠB-3,103,所有数据误差超限
DATA:DPⅠB-3,104,所有数据误差超限
DATA:DPⅠB-3,105,所有数据误差超限
DATA:DPⅠB-3,106,所有数据误差超限
DATA:DPⅠB-3,107,所有数据误差超限
DATA:DPⅠB-3,108,所有数据误差超限
DATA:DPⅠB-3,109,所有数据误差超限
DATA:DPⅠB-3,110,所有数据误差超限
DATA:DPⅠB-3,111,所有数据误差超限
DATA:DPⅠB-3,112,所有数据误差超限
DATA:DPⅠB-3,113,所有数据误差超限
DATA:DPⅠB-3,114,所有数据误差超限
DATA:DPⅠB-3,115,所有数据误差超限
DATA:DPⅠB-3,116,所有数据误差超限
DATA:DPⅠB-3,117,所有数据误差超限
DATA:DPⅠB-3,118,所有数据误差超限
DATA:DPⅠB-3,119,所有数据误差超限
DATA:DPⅠB-3,120,所有数据误差超限
DATA:DPⅠB-3,121,所有数据误差超限
DATA:DPⅠB-3,122,所有数据误差超限
DATA:DPⅠB-3,123,所有数据误差超限
DATA:DPⅠB-3,124,所有数据误差超限
DATA:DPⅠB-3,125,所有数据误差超限
DATA:DPⅠB-3,126,所有数据误差超限
DATA:DPⅠB-3,127,所有数据误差超限
DATA:DPⅠB-3,128,所有数据误差超限
DATA:DPⅠB-3,129,所有数据误差超限
DATA:DPⅠB-3,130,所有数据误差超限
DATA:DPⅠB-3,131,所有数据误差超限
DATA:DPⅠB-3,132,所有数据误差超限
DATA:DPⅠB-3,133,所有数据误差超限
DATA:DPⅠB-3,134,所有数据误差超限
DATA:DPⅠB-3,135,所有数据误差超限
DATA:DPⅠB-3,136,所有数据误差超限
DATA:DPⅠB-3,137,所有数据误差超限
DATA:DPⅠB-3,138,所有数据误差超限
DATA:DPⅠB-3,139,所有数据误差超限
DATA:DPⅠB-3,140,所有数据误差超限
DATA:DPⅠB-3,141,所有数据误差超限
DATA:DPⅠB-3,142,所有数据误差超限
DATA:DPⅠB-3,143,所有数据误差超限
DATA:DPⅠB-3,144,所有数据误差超限
DATA:DPⅠB-3,145,所有数据误差超限
DATA:DPⅠB-3,146,所有数据误差超限
DATA:DPⅠB-3,147,所有数据误差超限
DATA:DPⅠB-3,148,所有数据误差超限
DATA:DPⅠB-3,149,所有数据误差超限
DATA:DPⅠB-3,150,所有数据误差超限
DATA:DPⅠB-3,151,所有数据误差超限
DATA:DPⅠB-3,152,所有数据误差超限
DATA:DPⅠB-3,153,所有数据误差超限
DATA:DPⅠB-3,154,所有数据误差超限
DATA:DPⅠB-3,155,所有数据误差超限
DATA:DPⅠB-3,156,所有数据误差超限
DATA:DPⅠB-3,157,所有数据误差超限
DATA:DPⅠB-3,158,所有数据误差超限
DATA:DPⅠB-3,159,所有数据误差超限
DATA:DPⅠB-3,160,所有数据误差超限
DATA:DPⅠB-3,161,所有数据误差超限
DATA:DPⅠB-3,162,所有数据误差超限
DATA:DPⅠB-3,163,所有数据误差超限
DATA:DPⅠB-3,164,所有数据误差超限
DATA:DPⅠB-3,165,所有数据误差超限
DATA:DPⅠB-3,166,所有数据误差超限
DATA:DPⅠB-3,167,所有数据误差超限
DATA:DPⅠB-3,168,所有数据误差超限
DATA:DPⅠB-3,169,所有数据误差超限
DATA:DPⅠB-3,170,所有数据误差超限
DATA:DPⅠB-3,171,所有数据误差超限
DATA:DPⅠB-3,172,所有数据误差超限
DATA:DPⅠB-3,173,所有数据误差超限
DATA:DPⅠB-3,174,所有数据误差超限
DATA:DPⅠB-3,175,所有数据误差超限
DATA:DPⅠB-3,177,所有数据误差超限
DATA:DPⅠB-3,178,所有数据误差超限
DATA:DPⅠB-3,179,所有数据误差超限
DATA:DPⅡA-2,10,所有数据误差超限
DATA:DPⅡA-2,11,所有数据误差超限
DATA:DPⅡA-2,12,所有数据误差超限
DATA:DPⅡA-2,13,所有数据误差超限
DATA:DPⅡA-2,14,所有数据误差超限
DATA:DPⅡA-2,15,所有数据误差超限
DATA:DPⅡA-2,16,所有数据误差超限
DATA:DPⅡA-2,17,所有数据误差超限
DATA:DPⅡA-2,18,所有数据误差超限
DATA:DPⅡA-2,19,所有数据误差超限
DATA:DPⅡA-2,20,所有数据误差超限
DATA:DPⅡA-2,21,所有数据误差超限
DATA:DPⅡA-2,22,所有数据误差超限
DATA:DPⅡA-2,23,所有数据误差超限
DATA:DPⅡA-2,24,所有数据误差超限
DATA:DPⅡA-2,25,所有数据误差超限
DATA:DPⅡA-2,26,所有数据误差超限
DATA:DPⅡA-2,27,所有数据误差超限
DATA:DPⅡA-2,28,所有数据误差超限
DATA:DPⅡA-2,29,所有数据误差超限
DATA:DPⅡA-2,30,所有数据误差超限
DATA:DPⅡA-2,31,所有数据误差超限
DATA:DPⅡA-2,32,所有数据误差超限
DATA:DPⅡA-2,33,所有数据误差超限
DATA:DPⅡA-2,34,所有数据误差超限
DATA:DPⅡA-2,35,所有数据误差超限
DATA:DPⅡA-2,36,所有数据误差超限
DATA:DPⅡA-2,37,所有数据误差超限
DATA:DPⅡA-2,38,所有数据误差超限
DATA:DPⅡA-2,39,所有数据误差超限
DATA:DPⅡA-2,40,所有数据误差超限
DATA:DPⅡA-2,41,所有数据误差超限
DATA:DPⅡA-2,42,所有数据误差超限
DATA:DPⅡA-2,43,所有数据误差超限
DATA:DPⅡA-2,44,所有数据误差超限
DATA:DPⅡA-2,45,所有数据误差超限
DATA:DPⅡA-2,46,所有数据误差超限
DATA:DPⅡA-2,47,所有数据误差超限
DATA:DPⅡA-2,48,所有数据误差超限
DATA:DPⅡA-2,49,所有数据误差超限
DATA:DPⅡA-2,50,所有数据误差超限
DATA:DPⅡA-2,51,所有数据误差超限
DATA:DPⅡA-2,52,所有数据误差超限
DATA:DPⅡA-2,53,所有数据误差超限
DATA:DPⅡA-2,54,所有数据误差超限
DATA:DPⅡA-2,55,所有数据误差超限
DATA:DPⅡA-2,56,所有数据误差超限
DATA:DPⅡA-2,57,所有数据误差超限
DATA:DPⅡA-2,58,所有数据误差超限
DATA:DPⅡA-2,59,所有数据误差超限
DATA:DPⅡA-2,60,所有数据误差超限
DATA:DPⅡA-2,61,所有数据误差超限
DATA:DPⅡA-2,62,所有数据误差超限
DATA:DPⅡA-2,63,所有数据误差超限
DATA:DPⅡA-2,64,所有数据误差超限
DATA:DPⅡA-2,65,所有数据误差超限
DATA:DPⅡA-2,66,所有数据误差超限
DATA:DPⅡA-2,67,所有数据误差超限
DATA:DPⅡA-2,68,所有数据误差超限
DATA:DPⅡA-2,69,所有数据误差超限
DATA:DPⅡA-2,70,所有数据误差超限
DATA:DPⅡA-2,71,所有数据误差超限
DATA:DPⅡA-2,72,所有数据误差超限
DATA:DPⅡA-2,73,所有数据误差超限
DATA:DPⅡA-2,74,所有数据误差超限
DATA:DPⅡA-2,75,所有数据误差超限
DATA:DPⅡA-2,76,所有数据误差超限
DATA:DPⅡA-2,77,所有数据误差超限
DATA:DPⅡA-2,78,所有数据误差超限
DATA:DPⅡA-2,79,所有数据误差超限
DATA:DPⅡA-2,80,所有数据误差超限
DATA:DPⅡA-2,81,所有数据误差超限
DATA:DPⅡA-2,82,所有数据误差超限
DATA:DPⅡA-2,83,所有数据误差超限
DATA:DPⅡA-2,84,所有数据误差超限
DATA:DPⅡA-2,85,所有数据误差超限
DATA:DPⅡA-2,86,所有数据误差超限
DATA:DPⅡA-2,87,所有数据误差超限
DATA:DPⅡA-2,88,所有数据误差超限
DATA:DPⅡA-2,89,所有数据误差超限
DATA:DPⅡA-2,90,所有数据误差超限
DATA:DPⅡA-2,91,所有数据误差超限
DATA:DPⅡA-2,92,所有数据误差超限
DATA:DPⅡA-2,94,所有数据误差超限
DATA:DPⅡA-2,96,所有数据误差超限
DATA:DPⅡA-2,97,所有数据误差超限
DATA:DPⅡA-2,98,所有数据误差超限
DATA:DPⅡA-2,100,所有数据误差超限
DATA:DPⅡA-2,101,所有数据误差超限
DATA:DPⅡB-1,13,所有数据误差超限
DATA:DPⅡB-1,14,所有数据误差超限
DATA:DPⅡB-1,15,所有数据误差超限
DATA:DPⅡB-1,16,所有数据误差超限
DATA:DPⅡB-1,17,所有数据误差超限
DATA:DPⅡB-1,18,所有数据误差超限
DATA:DPⅡB-1,19,所有数据误差超限
DATA:DPⅡB-1,20,所有数据误差超限
DATA:DPⅡB-1,21,所有数据误差超限
DATA:DPⅡB-1,22,所有数据误差超限
DATA:DPⅡB-1,23,所有数据误差超限
DATA:DPⅡB-1,24,所有数据误差超限
DATA:DPⅡB-1,25,所有数据误差超限
DATA:DPⅡB-1,26,所有数据误差超限
DATA:DPⅡB-1,27,所有数据误差超限
DATA:DPⅡB-1,28,所有数据误差超限
DATA:DPⅡB-1,29,所有数据误差超限
DATA:DPⅡB-1,30,所有数据误差超限
DATA:DPⅡB-1,31,所有数据误差超限
DATA:DPⅡB-1,32,所有数据误差超限
DATA:DPⅡB-1,33,所有数据误差超限
DATA:DPⅡB-1,34,所有数据误差超限
DATA:DPⅡB-1,35,所有数据误差超限
DATA:DPⅡB-1,36,所有数据误差超限
DATA:DPⅡB-1,37,所有数据误差超限
DATA:DPⅡB-1,38,所有数据误差超限
DATA:DPⅡB-1,39,所有数据误差超限
DATA:DPⅡB-1,40,所有数据误差超限
DATA:DPⅡB-1,41,所有数据误差超限
DATA:DPⅡB-1,42,所有数据误差超限
DATA:DPⅡB-1,43,所有数据误差超限
DATA:DPⅡB-1,44,所有数据误差超限
DATA:DPⅡB-1,45,所有数据误差超限
DATA:DPⅡB-1,46,所有数据误差超限
DATA:DPⅡB-1,47,所有数据误差超限
DATA:DPⅡB-1,48,所有数据误差超限
DATA:DPⅡB-1,49,所有数据误差超限
DATA:DPⅡB-1,50,所有数据误差超限
DATA:DPⅡB-1,51,所有数据误差超限
DATA:DPⅡB-1,52,所有数据误差超限
DATA:DPⅡB-1,53,所有数据误差超限
DATA:DPⅡB-1,54,所有数据误差超限
DATA:DPⅡB-1,55,所有数据误差超限
DATA:DPⅡB-1,56,所有数据误差超限
DATA:DPⅡB-1,57,所有数据误差超限
DATA:DPⅡB-1,58,所有数据误差超限
DATA:DPⅡB-1,59,所有数据误差超限
DATA:DPⅡB-1,60,所有数据误差超限
DATA:DPⅡB-1,61,所有数据误差超限
DATA:DPⅡB-1,62,所有数据误差超限
DATA:DPⅡB-1,63,所有数据误差超限
DATA:DPⅡB-1,64,所有数据误差超限
DATA:DPⅡB-1,65,所有数据误差超限
DATA:DPⅡB-1,66,所有数据误差超限
DATA:DPⅡB-1,67,所有数据误差超限
DATA:DPⅡB-1,68,所有数据误差超限
DATA:DPⅡB-1,69,所有数据误差超限
DATA:DPⅡB-1,70,所有数据误差超限
DATA:DPⅡB-1,71,所有数据误差超限
DATA:DPⅡB-1,72,所有数据误差超限
DATA:DPⅡB-1,73,所有数据误差超限
DATA:DPⅡB-1,74,所有数据误差超限
DATA:DPⅡB-1,75,所有数据误差超限
DATA:DPⅡB-1,76,所有数据误差超限
DATA:DPⅡB-1,77,所有数据误差超限
DATA:DPⅡB-1,78,所有数据误差超限
DATA:DPⅡB-1,79,所有数据误差超限
DATA:DPⅡB-1,80,所有数据误差超限
DATA:DPⅡB-1,81,所有数据误差超限
DATA:DPⅡB-1,82,所有数据误差超限
DATA:DPⅡB-1,83,所有数据误差超限
DATA:DPⅡB-1,84,所有数据误差超限
DATA:DPⅡB-1,85,所有数据误差超限
DATA:DPⅡB-1,86,所有数据误差超限
DATA:DPⅡB-1,87,所有数据误差超限
DATA:DPⅡB-1,88,所有数据误差超限
DATA:DPⅡB-1,89,所有数据误差超限
DATA:DPⅡB-1,90,所有数据误差超限
DATA:DPⅡB-1,91,所有数据误差超限
DATA:DPⅡB-1,92,所有数据误差超限
DATA:DPⅡB-1,93,所有数据误差超限
DATA:DPⅡB-1,94,所有数据误差超限
DATA:DPⅡB-1,95,所有数据误差超限
DATA:DPⅡB-1,96,所有数据误差超限
DATA:DPⅡB-1,97,所有数据误差超限
DATA:DPⅡB-1,98,所有数据误差超限
DATA:DPⅡB-1,99,所有数据误差超限
DATA:DPⅡB-1,100,所有数据误差超限
DATA:DPⅡB-1,101,所有数据误差超限
DATA:DPⅡB-1,102,所有数据误差超限
DATA:DPⅡB-1,103,所有数据误差超限
DATA:DPⅡB-1,104,所有数据误差超限
DATA:DPⅡB-1,105,所有数据误差超限
DATA:DPⅡB-1,106,所有数据误差超限
DATA:DPⅡB-1,107,所有数据误差超限
DATA:DPⅡB-1,108,所有数据误差超限
DATA:DPⅡB-1,109,所有数据误差超限
DATA:DPⅡB-1,110,所有数据误差超限
DATA:DPⅡB-1,111,所有数据误差超限
DATA:DPⅡB-1,112,所有数据误差超限
DATA:DPⅡB-1,113,所有数据误差超限
DATA:DPⅡB-1,114,所有数据误差超限
DATA:DPⅡB-1,115,所有数据误差超限
DATA:DPⅡB-1,116,所有数据误差超限
DATA:DPⅡB-1,117,所有数据误差超限
DATA:DPⅡB-1,118,所有数据误差超限
DATA:DPⅡB-1,119,所有数据误差超限
DATA:DPⅡB-1,120,所有数据误差超限
DATA:DPⅡB-1,121,所有数据误差超限
DATA:DPⅡB-1,122,所有数据误差超限
DATA:DPⅡB-1,123,所有数据误差超限
DATA:DPⅡB-1,124,所有数据误差超限
DATA:DPⅡB-1,125,所有数据误差超限
DATA:DPⅡB-1,126,所有数据误差超限
DATA:DPⅡB-1,127,所有数据误差超限
DATA:DPⅡB-1,128,所有数据误差超限
DATA:DPⅡB-1,129,所有数据误差超限
DATA:DPⅡB-1,130,所有数据误差超限
DATA:DPⅡB-1,131,所有数据误差超限
DATA:DPⅡB-1,132,所有数据误差超限
DATA:DPⅡB-1,133,所有数据误差超限
DATA:DPⅡB-1,134,所有数据误差超限
DATA:DPⅡB-1,135,所有数据误差超限
DATA:DPⅡB-1,136,所有数据误差超限
DATA:DPⅡB-1,137,所有数据误差超限
DATA:DPⅡB-1,138,所有数据误差超限
DATA:DPⅡB-1,139,所有数据误差超限
DATA:DPⅡB-1,140,所有数据误差超限
DATA:DPⅡB-1,141,所有数据误差超限
DATA:DPⅡB-1,142,所有数据误差超限
DATA:DPⅡB-1,143,所有数据误差超限
DATA:DPⅡB-1,144,所有数据误差超限
DATA:DPⅡB-1,145,所有数据误差超限
DATA:DPⅡB-1,146,所有数据误差超限
DATA:DPⅡB-1,147,所有数据误差超限
DATA:DPⅡB-1,148,所有数据误差超限
DATA:DPⅡB-1,149,所有数据误差超限
DATA:DPⅡB-1,150,所有数据误差超限
DATA:DPⅡB-1,151,所有数据误差超限
DATA:DPⅡB-1,152,所有数据误差超限
DATA:DPⅡB-1,153,所有数据误差超限
DATA:DPⅡB-1,154,所有数据误差超限
DATA:DPⅡB-1,155,所有数据误差超限
DATA:DPⅡB-1,156,所有数据误差超限
DATA:DPⅡB-1,157,所有数据误差超限
DATA:DPⅡB-1,158,所有数据误差超限
DATA:DPⅡB-1,159,所有数据误差超限
DATA:DPⅡB-1,160,所有数据误差超限
DATA:DPⅡB-1,161,所有数据误差超限
DATA:DPⅡB-1,162,所有数据误差超限
DATA:DPⅡB-1,163,所有数据误差超限
DATA:DPⅡB-1,164,所有数据误差超限
DATA:DPⅡB-1,165,所有数据误差超限
DATA:DPⅡB-1,166,所有数据误差超限
DATA:DPⅡB-1,167,所有数据误差超限
DATA:DPⅡB-1,168,所有数据误差超限
DATA:DPⅡB-1,169,所有数据误差超限
DATA:DPⅡB-1,170,所有数据误差超限
DATA:DPⅡB-1,171,所有数据误差超限
DATA:DPⅡB-1,172,所有数据误差超限
DATA:DPⅡB-1,173,所有数据误差超限
DATA:DPⅡB-1,175,所有数据误差超限
DATA:DPⅡB-1,176,所有数据误差超限
DATA:DPⅡB-1,177,所有数据误差超限
DATA:DPⅡB-1,178,所有数据误差超限
DATA:DPⅡB-1,179,所有数据误差超限
DATA:DPⅡB-1,180,所有数据误差超限
DATA:DPⅡB-1,181,所有数据误差超限
DATA:DPⅡB-1,182,所有数据误差超限
DATA:DPⅡB-1,183,所有数据误差超限
DATA:DPⅡB-1,184,所有数据误差超限
DATA:DPⅡB-1,185,所有数据误差超限
DATA:DPⅡB-1,186,所有数据误差超限
DATA:DPⅡB-1,187,所有数据误差超限
DATA:DPⅡB-1,188,所有数据误差超限
DATA:DPⅡB-1,189,所有数据误差超限
DATA:DPⅡB-1,190,所有数据误差超限
DATA:DPⅡB-1,191,所有数据误差超限
DATA:DPⅡB-1,192,所有数据误差超限
DATA:DPⅡB-1,193,所有数据误差超限
DATA:DPⅡB-1,194,所有数据误差超限
DATA:DPⅡB-1,195,所有数据误差超限
DATA:DPⅡB-1,196,所有数据误差超限
DATA:DPⅡB-1,197,所有数据误差超限
DATA:DPⅡB-1,198,所有数据误差超限
DATA:DPⅡB-1,199,所有数据误差超限
DATA:DPⅡB-1,200,所有数据误差超限
DATA:DPⅡB-1,201,所有数据误差超限
DATA:DPⅡB-1,202,所有数据误差超限
DATA:DPⅡB-1,203,所有数据误差超限
DATA:DPⅡB-1,204,所有数据误差超限
DATA:DPⅡB-1,205,所有数据误差超限
DATA:DPⅡB-1,206,所有数据误差超限
DATA:DPⅡB-1,207,所有数据误差超限
DATA:DPⅡB-1,208,所有数据误差超限
DATA:DPⅡB-1,209,所有数据误差超限
DATA:DPⅡB-1,210,所有数据误差超限
DATA:DPⅡB-1,211,所有数据误差超限
DATA:DPⅡB-1,212,所有数据误差超限
DATA:DPⅡB-1,213,所有数据误差超限
DATA:DPⅡB-1,214,所有数据误差超限
DATA:DPⅡB-1,215,所有数据误差超限
DATA:DPⅡB-1,216,所有数据误差超限
DATA:DPⅡB-1,217,所有数据误差超限
DATA:DPⅡB-1,218,所有数据误差超限
DATA:DPⅡB-1,219,所有数据误差超限
DATA:DPⅡB-1,220,所有数据误差超限
DATA:DPⅡB-1,221,所有数据误差超限
DATA:DPⅡB-1,222,所有数据误差超限
DATA:DPⅡB-1,223,所有数据误差超限
DATA:DPⅡB-1,224,所有数据误差超限
DATA:DPⅡB-1,225,所有数据误差超限
DATA:DPⅡB-1,226,所有数据误差超限
DATA:DPⅡB-1,227,所有数据误差超限
DATA:DPⅡB-1,228,所有数据误差超限
DATA:DPⅡB-1,229,所有数据误差超限
DATA:DPⅡB-1,230,所有数据误差超限
DATA:DPⅡB-1,231,所有数据误差超限
DATA:DPⅡB-1,232,所有数据误差超限
DATA:DPⅡB-1,233,所有数据误差超限
DATA:DPⅡB-1,234,所有数据误差超限
DATA:DPⅡB-1,235,所有数据误差超限
DATA:DPⅡB-1,236,所有数据误差超限
FILE:2016-12-07 08:42:45,D:\AWORK\向家坝\向家坝10月份数据\2016年10月月报及数据\2标段内观\地下洞室\右岸地下主厂房\主厂房-锚索测力计.xlsx
FILE:2016-12-07 08:42:45,D:\AWORK\向家坝\向家坝10月份数据\2016年10月月报及数据\2标段内观\地下洞室\右岸地下厂房主变洞\主变洞-锚索测力计.xlsx
FILE:2016-12-07 08:42:45,D:\AWORK\向家坝\向家坝10月份数据\2016年10月月报及数据\2标段内观\地下洞室\右岸地下厂房尾水主洞(ab-678)\尾水主洞-锚索测力计.xlsx
DATA:DPa7-4,9,所有数据误差超限
FILE:2016-12-07 08:42:45,D:\AWORK\向家坝\向家坝10月份数据\2016年10月月报及数据\2标段内观\地下洞室\右岸地下厂房尾水扩散段(w)\尾水扩散段-锚索测力计.xlsx
FILE:2016-12-07 08:42:45,D:\AWORK\向家坝\向家坝10月份数据\2016年10月月报及数据\2标段内观\太平料场边坡\太平料场-锚索测力计.xlsx
FILE:2016-12-07 08:42:45,D:\AWORK\向家坝\向家坝10月份数据\2016年10月月报及数据\2标段内观\尾渣坝-右岸护坡\右岸护坡-锚索测力计.xlsx
DATA:DPh-3,10,所有数据误差超限
DATA:DPh-3,11,所有数据误差超限
DATA:DPh-3,12,所有数据误差超限
DATA:DPh-3,13,所有数据误差超限
DATA:DPh-3,14,所有数据误差超限
DATA:DPh-3,15,所有数据误差超限
DATA:DPh-3,16,所有数据误差超限
DATA:DPh-3,17,所有数据误差超限
DATA:DPh-3,18,所有数据误差超限
DATA:DPh-3,19,所有数据误差超限
DATA:DPh-3,20,所有数据误差超限
DATA:DPh-7,10,所有数据误差超限
DATA:DPh-7,11,所有数据误差超限
DATA:DPh-7,12,所有数据误差超限
DATA:DPh-7,13,所有数据误差超限
DATA:DPh-7,14,所有数据误差超限
DATA:DPh-7,15,所有数据误差超限
DATA:DPh-7,16,所有数据误差超限
DATA:DPh-7,17,所有数据误差超限
DATA:DPh-7,18,所有数据误差超限
DATA:DPh-7,19,所有数据误差超限
DATA:DPh-7,20,所有数据误差超限
FILE:2016-12-07 08:42:45,D:\AWORK\向家坝\向家坝10月份数据\2016年10月月报及数据\2标段内观\左岸高边坡\左岸边坡-锚索测力计计算表.xlsx
DATA:Dp-1,11,Cannot get a numeric value from a text cell
DATA:Dp-1,12,Cannot get a numeric value from a text cell
DATA:Dp-1,13,Cannot get a numeric value from a text cell
DATA:Dp-1,14,Cannot get a numeric value from a text cell
DATA:Dp-1,15,Cannot get a numeric value from a text cell
DATA:Dp-1,16,Cannot get a numeric value from a text cell
DATA:Dp-1,17,Cannot get a numeric value from a text cell
FILE:2016-12-07 08:42:45,D:\AWORK\向家坝\向家坝10月份数据\2016年10月月报及数据\2标段内观\进水口边坡\进水口边坡-锚索测力计.xlsx
FILE:2016-12-07 08:42:45,D:\AWORK\向家坝\向家坝10月份数据\干渠2016年11月工程数据库\北干渠监测数据\锚索测力计.xlsx
FILE:2016-12-07 08:47:39,D:\AWORK\向家坝\向家坝10月份数据\2016年10月月报及数据\2标段内观\出水口边坡\出水口边坡-锚索测力计.xlsx
FILE:2016-12-07 08:47:39,D:\AWORK\向家坝\向家坝10月份数据\2016年10月月报及数据\2标段内观\右岸马延坡边坡\马延坡-锚索测力计.xlsx
DATA:DP-13CP,12,所有数据误差超限
DATA:DP-13CP,13,所有数据误差超限
DATA:DP-13CP,14,所有数据误差超限
DATA:DP-13CP,15,所有数据误差超限
DATA:DP-13CP,16,所有数据误差超限
DATA:DP-13CP,17,所有数据误差超限
DATA:DP-13CP,18,所有数据误差超限
DATA:DP-13CP,19,所有数据误差超限
DATA:DP-13CP,20,所有数据误差超限
DATA:DP-13CP,21,所有数据误差超限
DATA:DP-13CP,22,所有数据误差超限
DATA:DP-13CP,23,所有数据误差超限
DATA:DP-13CP,24,所有数据误差超限
DATA:DP-13CP,25,所有数据误差超限
DATA:DP-13CP,26,所有数据误差超限
DATA:DP-13CP,27,所有数据误差超限
DATA:DP-13CP,28,所有数据误差超限
DATA:DP-13CP,29,所有数据误差超限
DATA:DP-13CP,30,所有数据误差超限
DATA:DP-13CP,31,所有数据误差超限
DATA:DP-13CP,32,所有数据误差超限
DATA:DP-13CP,33,所有数据误差超限
DATA:DP-13CP,34,所有数据误差超限
DATA:DP-13CP,35,所有数据误差超限
DATA:DP-13CP,36,所有数据误差超限
DATA:DP-13CP,37,所有数据误差超限
DATA:DP-13CP,38,所有数据误差超限
DATA:DP-13CP,39,所有数据误差超限
DATA:DP-13CP,40,所有数据误差超限
DATA:DP-13CP,41,所有数据误差超限
DATA:DP-13CP,42,所有数据误差超限
DATA:DP-13CP,43,所有数据误差超限
DATA:DP-13CP,44,所有数据误差超限
DATA:DP-13CP,45,所有数据误差超限
DATA:DP-13CP,46,所有数据误差超限
DATA:DP-13CP,47,所有数据误差超限
DATA:DP-13CP,48,所有数据误差超限
DATA:DP-13CP,49,所有数据误差超限
DATA:DP-13CP,50,所有数据误差超限
DATA:DP-13CP,51,所有数据误差超限
DATA:DP-13CP,52,所有数据误差超限
DATA:DP-13CP,53,所有数据误差超限
DATA:DP-13CP,54,所有数据误差超限
DATA:DP-13CP,55,所有数据误差超限
DATA:DP-13CP,56,所有数据误差超限
DATA:DP-13CP,57,所有数据误差超限
DATA:DP-13CP,58,所有数据误差超限
DATA:DP-13CP,59,所有数据误差超限
DATA:DP-13CP,60,所有数据误差超限
DATA:DP-13CP,61,所有数据误差超限
DATA:DP-13CP,62,所有数据误差超限
DATA:DP-13CP,63,所有数据误差超限
DATA:DP-13CP,64,所有数据误差超限
DATA:DP-13CP,65,所有数据误差超限
DATA:DP-13CP,66,所有数据误差超限
DATA:DP-13CP,67,所有数据误差超限
DATA:DP-13CP,68,所有数据误差超限
DATA:DP-13CP,69,所有数据误差超限
DATA:DP-13CP,70,所有数据误差超限
DATA:DP-13CP,71,所有数据误差超限
DATA:DP-13CP,72,所有数据误差超限
DATA:DP-13CP,73,所有数据误差超限
DATA:DP-13CP,74,所有数据误差超限
DATA:DP-13CP,75,所有数据误差超限
DATA:DP-13CP,76,所有数据误差超限
DATA:DP-13CP,77,所有数据误差超限
DATA:DP-13CP,78,所有数据误差超限
DATA:DP-13CP,79,所有数据误差超限
DATA:DP-13CP,80,所有数据误差超限
DATA:DP-13CP,81,所有数据误差超限
DATA:DP-13CP,82,所有数据误差超限
DATA:DP-13CP,83,所有数据误差超限
DATA:DP-13CP,84,所有数据误差超限
DATA:DP-13CP,85,所有数据误差超限
DATA:DP-13CP,86,所有数据误差超限
DATA:DP-13CP,87,所有数据误差超限
DATA:DP-13CP,88,所有数据误差超限
DATA:DP-15CP,12,所有数据误差超限
DATA:DP-15CP,13,所有数据误差超限
DATA:DP-15CP,14,所有数据误差超限
DATA:DP-15CP,15,所有数据误差超限
DATA:DP-15CP,16,所有数据误差超限
DATA:DP-15CP,17,所有数据误差超限
DATA:DP-15CP,18,所有数据误差超限
DATA:DP-15CP,19,所有数据误差超限
DATA:DP-15CP,20,所有数据误差超限
DATA:DP-15CP,21,所有数据误差超限
DATA:DP-15CP,22,所有数据误差超限
DATA:DP-15CP,23,所有数据误差超限
DATA:DP-15CP,24,所有数据误差超限
DATA:DP-15CP,25,所有数据误差超限
DATA:DP-15CP,26,所有数据误差超限
DATA:DP-15CP,27,所有数据误差超限
DATA:DP-15CP,28,所有数据误差超限
DATA:DP-15CP,29,所有数据误差超限
DATA:DP-15CP,30,所有数据误差超限
DATA:DP-15CP,31,所有数据误差超限
DATA:DP-15CP,32,所有数据误差超限
DATA:DP-15CP,33,所有数据误差超限
DATA:DP-15CP,34,所有数据误差超限
DATA:DP-15CP,35,所有数据误差超限
DATA:DP-15CP,36,所有数据误差超限
DATA:DP-15CP,37,所有数据误差超限
DATA:DP-15CP,38,所有数据误差超限
DATA:DP-15CP,39,所有数据误差超限
DATA:DP-15CP,40,所有数据误差超限
DATA:DP-15CP,41,所有数据误差超限
DATA:DP-15CP,42,所有数据误差超限
DATA:DP-15CP,43,所有数据误差超限
DATA:DP-15CP,44,所有数据误差超限
DATA:DP-15CP,45,所有数据误差超限
DATA:DP-15CP,46,所有数据误差超限
DATA:DP-15CP,47,所有数据误差超限
DATA:DP-15CP,48,所有数据误差超限
DATA:DP-15CP,49,所有数据误差超限
DATA:DP-15CP,50,所有数据误差超限
DATA:DP-15CP,51,所有数据误差超限
DATA:DP-15CP,52,所有数据误差超限
DATA:DP-15CP,53,所有数据误差超限
DATA:DP-15CP,54,所有数据误差超限
DATA:DP-15CP,55,所有数据误差超限
DATA:DP-15CP,56,所有数据误差超限
DATA:DP-15CP,57,所有数据误差超限
DATA:DP-15CP,58,所有数据误差超限
DATA:DP-15CP,59,所有数据误差超限
DATA:DP-15CP,60,所有数据误差超限
DATA:DP-15CP,61,所有数据误差超限
DATA:DP-15CP,62,所有数据误差超限
DATA:DP-15CP,63,所有数据误差超限
DATA:DP-15CP,64,所有数据误差超限
DATA:DP-15CP,65,所有数据误差超限
DATA:DP-15CP,66,所有数据误差超限
DATA:DP-15CP,67,所有数据误差超限
DATA:DP-15CP,68,所有数据误差超限
DATA:DP-15CP,69,所有数据误差超限
DATA:DP-15CP,70,所有数据误差超限
DATA:DP-15CP,71,所有数据误差超限
DATA:DP-15CP,72,所有数据误差超限
DATA:DP-15CP,73,所有数据误差超限
DATA:DP-15CP,74,所有数据误差超限
DATA:DP-15CP,75,所有数据误差超限
DATA:DP-15CP,76,所有数据误差超限
DATA:DP-15CP,77,所有数据误差超限
DATA:DP-15CP,78,所有数据误差超限
DATA:DP-15CP,79,所有数据误差超限
DATA:DP-15CP,80,所有数据误差超限
DATA:DP-15CP,81,所有数据误差超限
DATA:DP-15CP,82,所有数据误差超限
DATA:DP-15CP,83,所有数据误差超限
DATA:DP-15CP,84,所有数据误差超限
DATA:DP-15CP,85,所有数据误差超限
DATA:DP-15CP,86,所有数据误差超限
DATA:DP-15CP,87,所有数据误差超限
DATA:DP-15CP,88,所有数据误差超限
DATA:DP-15CP,89,所有数据误差超限
DATA:DP-15CP,90,所有数据误差超限
DATA:DP-15CP,91,所有数据误差超限
DATA:DP-15CP,92,所有数据误差超限
DATA:DP-15CP,93,所有数据误差超限
DATA:DP-15CP,94,所有数据误差超限
DATA:DP-15CP,95,所有数据误差超限
DATA:DP-15CP,96,所有数据误差超限
DATA:DP-15CP,97,所有数据误差超限
DATA:DP-15CP,98,所有数据误差超限
DATA:DP-15CP,99,所有数据误差超限
DATA:DP-15CP,100,所有数据误差超限
DATA:DP-15CP,101,所有数据误差超限
DATA:DP-15CP,102,所有数据误差超限
DATA:DP-15CP,103,所有数据误差超限
DATA:DP-15CP,104,所有数据误差超限
DATA:DP-15CP,105,所有数据误差超限
DATA:DP-15CP,106,所有数据误差超限
DATA:DP-15CP,107,所有数据误差超限
DATA:DP-15CP,108,所有数据误差超限
DATA:DP-15CP,109,所有数据误差超限
DATA:DP-15CP,110,所有数据误差超限
DATA:DP-15CP,111,所有数据误差超限
DATA:DP-15CP,112,所有数据误差超限
DATA:DP-15CP,113,所有数据误差超限
DATA:DP-15CP,114,所有数据误差超限
DATA:DP-15CP,115,所有数据误差超限
DATA:DP-15CP,116,所有数据误差超限
DATA:DP-15CP,117,所有数据误差超限
DATA:DP-15CP,118,所有数据误差超限
DATA:DP-15CP,119,所有数据误差超限
DATA:DP-15CP,120,所有数据误差超限
DATA:DP-15CP,121,所有数据误差超限
DATA:DP-15CP,122,所有数据误差超限
DATA:DP-15CP,123,所有数据误差超限
DATA:DP-15CP,124,所有数据误差超限
DATA:DP-15CP,125,所有数据误差超限
DATA:DP-15CP,126,所有数据误差超限
DATA:DP-15CP,127,所有数据误差超限
DATA:DP-15CP,128,所有数据误差超限
DATA:DP-15CP,129,所有数据误差超限
DATA:DP-15CP,130,所有数据误差超限
DATA:DP-15CP,131,所有数据误差超限
DATA:DP-15CP,132,所有数据误差超限
DATA:DP-15CP,133,所有数据误差超限
DATA:DP-15CP,134,所有数据误差超限
DATA:DP-15CP,135,所有数据误差超限
DATA:DP-15CP,136,所有数据误差超限
DATA:DP-15CP,137,所有数据误差超限
DATA:DP-15CP,138,所有数据误差超限
DATA:DP-15CP,139,所有数据误差超限
DATA:DP-15CP,140,所有数据误差超限
DATA:DP-15CP,141,所有数据误差超限
DATA:DP-15CP,142,所有数据误差超限
DATA:DP-15CP,143,所有数据误差超限
DATA:DP-15CP,144,所有数据误差超限
DATA:DP-15CP,145,所有数据误差超限
DATA:DP-15CP,146,所有数据误差超限
DATA:DP-2BD,10,所有数据误差超限
DATA:DP-2BD,11,所有数据误差超限
DATA:DP-2BD,12,所有数据误差超限
DATA:DP-2BD,13,所有数据误差超限
DATA:DP-2BD,14,所有数据误差超限
DATA:DP-2BD,15,所有数据误差超限
DATA:DP-2BD,16,所有数据误差超限
DATA:DP-2BD,17,所有数据误差超限
DATA:DP-2BD,18,所有数据误差超限
DATA:DP-2BD,19,所有数据误差超限
DATA:DP-2BD,20,所有数据误差超限
DATA:DP-2BD,21,所有数据误差超限
DATA:DP-2BD,22,所有数据误差超限
DATA:DP-2BD,23,所有数据误差超限
DATA:DP-2BD,24,所有数据误差超限
DATA:DP-2BD,25,所有数据误差超限
DATA:DP-2BD,26,所有数据误差超限
DATA:DP-2BD,27,所有数据误差超限
DATA:DP-2BD,28,所有数据误差超限
DATA:DP-2BD,29,所有数据误差超限
DATA:DP-2BD,30,所有数据误差超限
DATA:DP-2BD,31,所有数据误差超限
DATA:DP-2BD,32,所有数据误差超限
DATA:DP-2BD,33,所有数据误差超限
DATA:DP-2BD,34,所有数据误差超限
DATA:DP-2BD,35,所有数据误差超限
DATA:DP-2BD,36,所有数据误差超限
DATA:DP-2BD,37,所有数据误差超限
DATA:DP-2BD,38,所有数据误差超限
DATA:DP-2BD,39,所有数据误差超限
DATA:DP-2BD,40,所有数据误差超限
DATA:DP-2BD,41,所有数据误差超限
DATA:DP-2BD,42,所有数据误差超限
DATA:DP-2BD,43,所有数据误差超限
DATA:DP-2BD,44,所有数据误差超限
DATA:DP-2BD,45,所有数据误差超限
DATA:DP-2BD,46,所有数据误差超限
DATA:DP-2BD,47,所有数据误差超限
DATA:DP-2BD,48,所有数据误差超限
DATA:DP-2BD,49,所有数据误差超限
DATA:DP-2BD,50,所有数据误差超限
DATA:DP-2BD,51,所有数据误差超限
DATA:DP-2BD,52,所有数据误差超限
DATA:DP-2BD,53,所有数据误差超限
DATA:DP-2BD,54,所有数据误差超限
DATA:DP-2BD,55,所有数据误差超限
DATA:DP-2BD,56,所有数据误差超限
DATA:DP-2BD,57,所有数据误差超限
DATA:DP-2BD,58,所有数据误差超限
DATA:DP-2BD,59,所有数据误差超限
DATA:DP-2BD,60,所有数据误差超限
DATA:DP-2BD,61,所有数据误差超限
DATA:DP-2BD,62,所有数据误差超限
DATA:DP-2BD,63,所有数据误差超限
DATA:DP-2BD,64,所有数据误差超限
DATA:DP-2BD,65,所有数据误差超限
DATA:DP-2BD,66,所有数据误差超限
DATA:DP-2BD,67,所有数据误差超限
DATA:DP-2BD,68,所有数据误差超限
DATA:DP-2BD,69,所有数据误差超限
DATA:DP-2BD,70,所有数据误差超限
DATA:DP-2BD,71,所有数据误差超限
DATA:DP-2BD,72,所有数据误差超限
DATA:DP-2BD,73,所有数据误差超限
DATA:DP-2BD,74,所有数据误差超限
DATA:DP-2BD,75,所有数据误差超限
DATA:DP-2BD,76,所有数据误差超限
DATA:DP-2BD,77,所有数据误差超限
DATA:DP-2BD,78,所有数据误差超限
DATA:DP-2BD,79,所有数据误差超限
DATA:DP-2BD,80,所有数据误差超限
DATA:DP-2BD,81,所有数据误差超限
DATA:DP-2BD,82,所有数据误差超限
DATA:DP-2BD,83,所有数据误差超限
DATA:DP-2BD,84,所有数据误差超限
DATA:DP-2BD,85,所有数据误差超限
DATA:DP-2BD,86,所有数据误差超限
DATA:DP-2BD,87,所有数据误差超限
DATA:DP-2BD,88,所有数据误差超限
DATA:DP-2BD,89,所有数据误差超限
DATA:DP-2BD,90,所有数据误差超限
DATA:DP-2BD,91,所有数据误差超限
DATA:DP-2BD,92,所有数据误差超限
DATA:DP-2BD,93,所有数据误差超限
DATA:DP-2BD,94,所有数据误差超限
DATA:DP-2BD,95,所有数据误差超限
DATA:DP-2BD,96,所有数据误差超限
DATA:DP-2BD,97,所有数据误差超限
DATA:DP-2BD,98,所有数据误差超限
DATA:DP-2BD,99,所有数据误差超限
DATA:DP-2BD,100,所有数据误差超限
DATA:DP-2BD,101,所有数据误差超限
DATA:DP-2BD,102,所有数据误差超限
DATA:DP-2BD,103,所有数据误差超限
DATA:DP-2BD,104,所有数据误差超限
DATA:DP-2BD,105,所有数据误差超限
DATA:DP-2BD,106,所有数据误差超限
DATA:DP-2BD,107,所有数据误差超限
DATA:DP-2BD,108,所有数据误差超限
DATA:DP-2BD,109,所有数据误差超限
DATA:DP-2BD,110,所有数据误差超限
DATA:DP-2BD,111,所有数据误差超限
DATA:DP-2BD,112,所有数据误差超限
DATA:DP-2BD,113,所有数据误差超限
DATA:DP-2BD,114,所有数据误差超限
DATA:DP-2BD,115,所有数据误差超限
DATA:DP-2BD,116,所有数据误差超限
DATA:DP-2BD,117,所有数据误差超限
DATA:DP-2BD,118,所有数据误差超限
DATA:DP-2BD,119,所有数据误差超限
DATA:DP-2BD,120,所有数据误差超限
DATA:DP-2BD,121,所有数据误差超限
DATA:DP-2BD,122,所有数据误差超限
DATA:DP-2BD,123,所有数据误差超限
DATA:DP-2BD,124,所有数据误差超限
DATA:DP-2BD,125,所有数据误差超限
DATA:DP-2BD,126,所有数据误差超限
DATA:DP-2BD,127,所有数据误差超限
DATA:DP-2BD,128,所有数据误差超限
DATA:DP-2BD,129,所有数据误差超限
DATA:DP-2BD,130,所有数据误差超限
DATA:DP-2BD,131,所有数据误差超限
DATA:DP-2BD,132,所有数据误差超限
DATA:DP-2BD,133,所有数据误差超限
DATA:DP-2BD,134,所有数据误差超限
DATA:DP-2BD,135,所有数据误差超限
DATA:DP-2BD,136,所有数据误差超限
DATA:DP-2BD,137,所有数据误差超限
DATA:DP-2BD,138,所有数据误差超限
DATA:DP-2BD,139,所有数据误差超限
DATA:DP-2BD,140,所有数据误差超限
DATA:DP-2BD,141,所有数据误差超限
DATA:DP-2BD,142,所有数据误差超限
DATA:DP-2BD,143,所有数据误差超限
DATA:DP-2BD,144,所有数据误差超限
DATA:DP-2BD,145,所有数据误差超限
DATA:DP-2BD,146,所有数据误差超限
DATA:DP-2BD,147,所有数据误差超限
DATA:DP-2BD,148,所有数据误差超限
DATA:DP-2BD,149,所有数据误差超限
DATA:DP-2BD,150,所有数据误差超限
DATA:DP-2BD,151,所有数据误差超限
DATA:DP-2BD,152,所有数据误差超限
DATA:DP-2BD,153,所有数据误差超限
DATA:DP-2BD,154,所有数据误差超限
DATA:DP-2BD,155,所有数据误差超限
DATA:DP-2BD,156,所有数据误差超限
DATA:DP-2BD,157,所有数据误差超限
DATA:DP-2G14,12,所有数据误差超限
DATA:DP-2G14,13,所有数据误差超限
DATA:DP-2G14,14,所有数据误差超限
DATA:DP-2G14,15,所有数据误差超限
DATA:DP-2G14,16,所有数据误差超限
DATA:DP-2G14,17,所有数据误差超限
DATA:DP-2G14,18,所有数据误差超限
DATA:DP-2G14,19,所有数据误差超限
DATA:DP-2G14,20,所有数据误差超限
DATA:DP-2G14,21,所有数据误差超限
DATA:DP-2G14,22,所有数据误差超限
DATA:DP-2G14,23,所有数据误差超限
DATA:DP-2G14,24,所有数据误差超限
DATA:DP-2G14,25,所有数据误差超限
DATA:DP-2G14,26,所有数据误差超限
DATA:DP-2G14,27,所有数据误差超限
DATA:DP-2G14,28,所有数据误差超限
DATA:DP-2G14,29,所有数据误差超限
DATA:DP-2G14,30,所有数据误差超限
DATA:DP-2G14,31,所有数据误差超限
DATA:DP-2G14,32,所有数据误差超限
DATA:DP-2G14,33,所有数据误差超限
DATA:DP-2G14,34,所有数据误差超限
DATA:DP-2G14,35,所有数据误差超限
DATA:DP-2G14,36,所有数据误差超限
DATA:DP-2G14,37,所有数据误差超限
DATA:DP-2G14,38,所有数据误差超限
DATA:DP-2G14,39,所有数据误差超限
DATA:DP-2G14,40,所有数据误差超限
DATA:DP-2G14,41,所有数据误差超限
DATA:DP-2G14,42,所有数据误差超限
DATA:DP-2G14,43,所有数据误差超限
DATA:DP-2G14,44,所有数据误差超限
DATA:DP-2G14,45,所有数据误差超限
DATA:DP-2G14,46,所有数据误差超限
DATA:DP-2G14,47,所有数据误差超限
DATA:DP-2G14,48,所有数据误差超限
DATA:DP-2G14,49,所有数据误差超限
DATA:DP-2G14,50,所有数据误差超限
DATA:DP-2G14,51,所有数据误差超限
DATA:DP-2G14,52,所有数据误差超限
DATA:DP-2G14,53,所有数据误差超限
DATA:DP-2G14,54,所有数据误差超限
DATA:DP-2G14,55,所有数据误差超限
DATA:DP-2G14,56,所有数据误差超限
DATA:DP-2G14,57,所有数据误差超限
DATA:DP-2G14,58,所有数据误差超限
DATA:DP-2G14,59,所有数据误差超限
DATA:DP-2G14,60,所有数据误差超限
DATA:DP-2G14,61,所有数据误差超限
DATA:DP-2G14,62,所有数据误差超限
DATA:DP-2G14,63,所有数据误差超限
DATA:DP-2G14,64,所有数据误差超限
DATA:DP-2G14,65,所有数据误差超限
DATA:DP-2G14,66,所有数据误差超限
DATA:DP-2G14,67,所有数据误差超限
DATA:DP-2G14,68,所有数据误差超限
DATA:DP-2G14,69,所有数据误差超限
DATA:DP-2G14,70,所有数据误差超限
DATA:DP-2G14,71,所有数据误差超限
DATA:DP-2G14,72,所有数据误差超限
DATA:DP-2G14,73,所有数据误差超限
DATA:DP-2G14,74,所有数据误差超限
DATA:DP-2G14,75,所有数据误差超限
DATA:DP-2G14,76,所有数据误差超限
DATA:DP-2G14,77,所有数据误差超限
DATA:DP-2G14,78,所有数据误差超限
DATA:DP-2G14,79,所有数据误差超限
DATA:DP-2G14,80,所有数据误差超限
DATA:DP-2G14,81,所有数据误差超限
DATA:DP-2G14,82,所有数据误差超限
DATA:DP-2G14,83,所有数据误差超限
DATA:DP-2G14,84,所有数据误差超限
DATA:DP-2G14,85,所有数据误差超限
DATA:DP-2G14,86,所有数据误差超限
DATA:DP-2G14,87,所有数据误差超限
DATA:DP-2G14,88,所有数据误差超限
DATA:DP-2G14,89,所有数据误差超限
DATA:DP-2G14,90,所有数据误差超限
DATA:DP-2G14,91,所有数据误差超限
DATA:DP-2G14,92,所有数据误差超限
DATA:DP-2G14,93,所有数据误差超限
DATA:DP-2G14,94,所有数据误差超限
DATA:DP-2G14,95,所有数据误差超限
DATA:DP-2G14,96,所有数据误差超限
DATA:DP-2G14,97,所有数据误差超限
DATA:DP-2G14,98,所有数据误差超限
DATA:DP-2G14,99,所有数据误差超限
DATA:DP-2G14,100,所有数据误差超限
DATA:DP-2G14,101,所有数据误差超限
DATA:DP-2G14,102,所有数据误差超限
DATA:DP-2G14,103,所有数据误差超限
DATA:DP-2G14,104,所有数据误差超限
DATA:DP-2G14,105,所有数据误差超限
DATA:DP-2G14,106,所有数据误差超限
DATA:DP-2G14,107,所有数据误差超限
DATA:DP-2G14,108,所有数据误差超限
DATA:DP-2G14,109,所有数据误差超限
DATA:DP-2G14,110,所有数据误差超限
DATA:DP-2G14,111,所有数据误差超限
DATA:DP-2G14,112,所有数据误差超限
DATA:DP-2G14,113,所有数据误差超限
DATA:DP-2G14,114,所有数据误差超限
DATA:DP-2G14,115,所有数据误差超限
DATA:DP-2G14,116,所有数据误差超限
DATA:DP-2G14,117,所有数据误差超限
DATA:DP-2G14,118,所有数据误差超限
DATA:DP-2G14,119,所有数据误差超限
DATA:DP-2G14,120,所有数据误差超限
DATA:DP-2G14,121,所有数据误差超限
DATA:DP-2G14,122,所有数据误差超限
DATA:DP-2G14,123,所有数据误差超限
DATA:DP-2G14,124,所有数据误差超限
DATA:DP-2G14,125,所有数据误差超限
DATA:DP-2G14,126,所有数据误差超限
DATA:DP-2G14,127,所有数据误差超限
DATA:DP-2G14,128,所有数据误差超限
DATA:DP-2G14,129,所有数据误差超限
DATA:DP-2G14,130,所有数据误差超限
DATA:DP-2G14,131,所有数据误差超限
DATA:DP-2G14,132,所有数据误差超限
DATA:DP-2G14,133,所有数据误差超限
DATA:DP-2G14,134,所有数据误差超限
DATA:DP-2G14,135,所有数据误差超限
DATA:DP-2G14,136,所有数据误差超限
DATA:DP-2G14,137,所有数据误差超限
DATA:DP-2G14,138,所有数据误差超限
DATA:DP-2G14,139,所有数据误差超限
DATA:DP-2G14,140,所有数据误差超限
DATA:DP-2G14,141,所有数据误差超限
DATA:DP-2G14,142,所有数据误差超限
DATA:DP-2G14,143,所有数据误差超限
DATA:DP-2G14,144,所有数据误差超限
DATA:DP-2G14,145,所有数据误差超限
DATA:DP-2G14,146,所有数据误差超限
DATA:DP-2G14,147,所有数据误差超限
DATA:DP-2G14,148,所有数据误差超限
DATA:DP-2G14,149,所有数据误差超限
DATA:DP-2G14,150,所有数据误差超限
DATA:DP-2G14,151,所有数据误差超限
DATA:DP-2G14,152,所有数据误差超限
DATA:DP-2G14,153,所有数据误差超限
DATA:DP-2G14,154,所有数据误差超限
DATA:DP-2G14,155,所有数据误差超限
DATA:DP-2G14,156,所有数据误差超限
DATA:DP-2G14,157,所有数据误差超限
DATA:DP-2G14,158,所有数据误差超限
DATA:DP-2G14,159,所有数据误差超限
DATA:DP-2G14,160,所有数据误差超限
DATA:DP-2G14,161,所有数据误差超限
DATA:DP-2G14,162,所有数据误差超限
DATA:DP-2G14,163,所有数据误差超限
DATA:DP-2G14,164,所有数据误差超限
DATA:DP-2G14,165,所有数据误差超限
DATA:DP-2G14,166,所有数据误差超限
DATA:DP-2G14,167,所有数据误差超限
DATA:DP-2G14,168,所有数据误差超限
DATA:DP-2G14,169,所有数据误差超限
DATA:DP-2G14,170,所有数据误差超限
DATA:DP-2G14,171,所有数据误差超限
DATA:DP-2G14,172,所有数据误差超限
DATA:DP-2G14,173,所有数据误差超限
DATA:DP-2G14,174,所有数据误差超限
DATA:DP-2G14,175,所有数据误差超限
DATA:DP-2G14,176,所有数据误差超限
DATA:DP-2G14,177,所有数据误差超限
DATA:DP-2G14,178,所有数据误差超限
DATA:DP-2G14,179,所有数据误差超限
DATA:DP-2G14,180,所有数据误差超限
DATA:DP-2G14,181,所有数据误差超限
DATA:DP-2G14,182,所有数据误差超限
DATA:DP-2G14,183,所有数据误差超限
DATA:DP-2G14,184,所有数据误差超限
DATA:DP-2G14,185,所有数据误差超限
DATA:DP-2G14,186,所有数据误差超限
DATA:DP-2G14,187,所有数据误差超限
DATA:DP-2G14,188,所有数据误差超限
DATA:DP-2G14,189,所有数据误差超限
DATA:DP-2G14,190,所有数据误差超限
DATA:DP-2G14,191,所有数据误差超限
DATA:DP-2G14,192,所有数据误差超限
DATA:DP-2G14,193,所有数据误差超限
DATA:DP-2G14,194,所有数据误差超限
DATA:DP-2G14,195,所有数据误差超限
DATA:DP-2G14,196,所有数据误差超限
DATA:DP-2G14,197,所有数据误差超限
DATA:DP-2G14,198,所有数据误差超限
DATA:DP-2G14,199,所有数据误差超限
DATA:DP-2G14,200,所有数据误差超限
DATA:DP-2G14,201,所有数据误差超限
DATA:DPⅠB-3,12,所有数据误差超限
DATA:DPⅠB-3,13,所有数据误差超限
DATA:DPⅠB-3,14,所有数据误差超限
DATA:DPⅠB-3,15,所有数据误差超限
DATA:DPⅠB-3,16,所有数据误差超限
DATA:DPⅠB-3,17,所有数据误差超限
DATA:DPⅠB-3,18,所有数据误差超限
DATA:DPⅠB-3,19,所有数据误差超限
DATA:DPⅠB-3,20,所有数据误差超限
DATA:DPⅠB-3,21,所有数据误差超限
DATA:DPⅠB-3,22,所有数据误差超限
DATA:DPⅠB-3,23,所有数据误差超限
DATA:DPⅠB-3,24,所有数据误差超限
DATA:DPⅠB-3,25,所有数据误差超限
DATA:DPⅠB-3,26,所有数据误差超限
DATA:DPⅠB-3,27,所有数据误差超限
DATA:DPⅠB-3,28,所有数据误差超限
DATA:DPⅠB-3,29,所有数据误差超限
DATA:DPⅠB-3,30,所有数据误差超限
DATA:DPⅠB-3,31,所有数据误差超限
DATA:DPⅠB-3,32,所有数据误差超限
DATA:DPⅠB-3,33,所有数据误差超限
DATA:DPⅠB-3,34,所有数据误差超限
DATA:DPⅠB-3,35,所有数据误差超限
DATA:DPⅠB-3,36,所有数据误差超限
DATA:DPⅠB-3,37,所有数据误差超限
DATA:DPⅠB-3,38,所有数据误差超限
DATA:DPⅠB-3,39,所有数据误差超限
DATA:DPⅠB-3,40,所有数据误差超限
DATA:DPⅠB-3,41,所有数据误差超限
DATA:DPⅠB-3,42,所有数据误差超限
DATA:DPⅠB-3,43,所有数据误差超限
DATA:DPⅠB-3,44,所有数据误差超限
DATA:DPⅠB-3,45,所有数据误差超限
DATA:DPⅠB-3,46,所有数据误差超限
DATA:DPⅠB-3,47,所有数据误差超限
DATA:DPⅠB-3,48,所有数据误差超限
DATA:DPⅠB-3,49,所有数据误差超限
DATA:DPⅠB-3,50,所有数据误差超限
DATA:DPⅠB-3,51,所有数据误差超限
DATA:DPⅠB-3,52,所有数据误差超限
DATA:DPⅠB-3,53,所有数据误差超限
DATA:DPⅠB-3,54,所有数据误差超限
DATA:DPⅠB-3,55,所有数据误差超限
DATA:DPⅠB-3,56,所有数据误差超限
DATA:DPⅠB-3,57,所有数据误差超限
DATA:DPⅠB-3,58,所有数据误差超限
DATA:DPⅠB-3,59,所有数据误差超限
DATA:DPⅠB-3,60,所有数据误差超限
DATA:DPⅠB-3,61,所有数据误差超限
DATA:DPⅠB-3,62,所有数据误差超限
DATA:DPⅠB-3,63,所有数据误差超限
DATA:DPⅠB-3,64,所有数据误差超限
DATA:DPⅠB-3,65,所有数据误差超限
DATA:DPⅠB-3,66,所有数据误差超限
DATA:DPⅠB-3,67,所有数据误差超限
DATA:DPⅠB-3,68,所有数据误差超限
DATA:DPⅠB-3,69,所有数据误差超限
DATA:DPⅠB-3,70,所有数据误差超限
DATA:DPⅠB-3,71,所有数据误差超限
DATA:DPⅠB-3,72,所有数据误差超限
DATA:DPⅠB-3,73,所有数据误差超限
DATA:DPⅠB-3,74,所有数据误差超限
DATA:DPⅠB-3,75,所有数据误差超限
DATA:DPⅠB-3,76,所有数据误差超限
DATA:DPⅠB-3,77,所有数据误差超限
DATA:DPⅠB-3,78,所有数据误差超限
DATA:DPⅠB-3,79,所有数据误差超限
DATA:DPⅠB-3,80,所有数据误差超限
DATA:DPⅠB-3,81,所有数据误差超限
DATA:DPⅠB-3,82,所有数据误差超限
DATA:DPⅠB-3,83,所有数据误差超限
DATA:DPⅠB-3,84,所有数据误差超限
DATA:DPⅠB-3,85,所有数据误差超限
DATA:DPⅠB-3,86,所有数据误差超限
DATA:DPⅠB-3,87,所有数据误差超限
DATA:DPⅠB-3,88,所有数据误差超限
DATA:DPⅠB-3,89,所有数据误差超限
DATA:DPⅠB-3,90,所有数据误差超限
DATA:DPⅠB-3,91,所有数据误差超限
DATA:DPⅠB-3,92,所有数据误差超限
DATA:DPⅠB-3,93,所有数据误差超限
DATA:DPⅠB-3,94,所有数据误差超限
DATA:DPⅠB-3,95,所有数据误差超限
DATA:DPⅠB-3,96,所有数据误差超限
DATA:DPⅠB-3,97,所有数据误差超限
DATA:DPⅠB-3,98,所有数据误差超限
DATA:DPⅠB-3,99,所有数据误差超限
DATA:DPⅠB-3,100,所有数据误差超限
DATA:DPⅠB-3,101,所有数据误差超限
DATA:DPⅠB-3,102,所有数据误差超限
DATA:DPⅠB-3,103,所有数据误差超限
DATA:DPⅠB-3,104,所有数据误差超限
DATA:DPⅠB-3,105,所有数据误差超限
DATA:DPⅠB-3,106,所有数据误差超限
DATA:DPⅠB-3,107,所有数据误差超限
DATA:DPⅠB-3,108,所有数据误差超限
DATA:DPⅠB-3,109,所有数据误差超限
DATA:DPⅠB-3,110,所有数据误差超限
DATA:DPⅠB-3,111,所有数据误差超限
DATA:DPⅠB-3,112,所有数据误差超限
DATA:DPⅠB-3,113,所有数据误差超限
DATA:DPⅠB-3,114,所有数据误差超限
DATA:DPⅠB-3,115,所有数据误差超限
DATA:DPⅠB-3,116,所有数据误差超限
DATA:DPⅠB-3,117,所有数据误差超限
DATA:DPⅠB-3,118,所有数据误差超限
DATA:DPⅠB-3,119,所有数据误差超限
DATA:DPⅠB-3,120,所有数据误差超限
DATA:DPⅠB-3,121,所有数据误差超限
DATA:DPⅠB-3,122,所有数据误差超限
DATA:DPⅠB-3,123,所有数据误差超限
DATA:DPⅠB-3,124,所有数据误差超限
DATA:DPⅠB-3,125,所有数据误差超限
DATA:DPⅠB-3,126,所有数据误差超限
DATA:DPⅠB-3,127,所有数据误差超限
DATA:DPⅠB-3,128,所有数据误差超限
DATA:DPⅠB-3,129,所有数据误差超限
DATA:DPⅠB-3,130,所有数据误差超限
DATA:DPⅠB-3,131,所有数据误差超限
DATA:DPⅠB-3,132,所有数据误差超限
DATA:DPⅠB-3,133,所有数据误差超限
DATA:DPⅠB-3,134,所有数据误差超限
DATA:DPⅠB-3,135,所有数据误差超限
DATA:DPⅠB-3,136,所有数据误差超限
DATA:DPⅠB-3,137,所有数据误差超限
DATA:DPⅠB-3,138,所有数据误差超限
DATA:DPⅠB-3,139,所有数据误差超限
DATA:DPⅠB-3,140,所有数据误差超限
DATA:DPⅠB-3,141,所有数据误差超限
DATA:DPⅠB-3,142,所有数据误差超限
DATA:DPⅠB-3,143,所有数据误差超限
DATA:DPⅠB-3,144,所有数据误差超限
DATA:DPⅠB-3,145,所有数据误差超限
DATA:DPⅠB-3,146,所有数据误差超限
DATA:DPⅠB-3,147,所有数据误差超限
DATA:DPⅠB-3,148,所有数据误差超限
DATA:DPⅠB-3,149,所有数据误差超限
DATA:DPⅠB-3,150,所有数据误差超限
DATA:DPⅠB-3,151,所有数据误差超限
DATA:DPⅠB-3,152,所有数据误差超限
DATA:DPⅠB-3,153,所有数据误差超限
DATA:DPⅠB-3,154,所有数据误差超限
DATA:DPⅠB-3,155,所有数据误差超限
DATA:DPⅠB-3,156,所有数据误差超限
DATA:DPⅠB-3,157,所有数据误差超限
DATA:DPⅠB-3,158,所有数据误差超限
DATA:DPⅠB-3,159,所有数据误差超限
DATA:DPⅠB-3,160,所有数据误差超限
DATA:DPⅠB-3,161,所有数据误差超限
DATA:DPⅠB-3,162,所有数据误差超限
DATA:DPⅠB-3,163,所有数据误差超限
DATA:DPⅠB-3,164,所有数据误差超限
DATA:DPⅠB-3,165,所有数据误差超限
DATA:DPⅠB-3,166,所有数据误差超限
DATA:DPⅠB-3,167,所有数据误差超限
DATA:DPⅠB-3,168,所有数据误差超限
DATA:DPⅠB-3,169,所有数据误差超限
DATA:DPⅠB-3,170,所有数据误差超限
DATA:DPⅠB-3,171,所有数据误差超限
DATA:DPⅠB-3,172,所有数据误差超限
DATA:DPⅠB-3,173,所有数据误差超限
DATA:DPⅠB-3,174,所有数据误差超限
DATA:DPⅠB-3,175,所有数据误差超限
DATA:DPⅠB-3,177,所有数据误差超限
DATA:DPⅠB-3,178,所有数据误差超限
DATA:DPⅠB-3,179,所有数据误差超限
DATA:DPⅡA-2,10,所有数据误差超限
DATA:DPⅡA-2,11,所有数据误差超限
DATA:DPⅡA-2,12,所有数据误差超限
DATA:DPⅡA-2,13,所有数据误差超限
DATA:DPⅡA-2,14,所有数据误差超限
DATA:DPⅡA-2,15,所有数据误差超限
DATA:DPⅡA-2,16,所有数据误差超限
DATA:DPⅡA-2,17,所有数据误差超限
DATA:DPⅡA-2,18,所有数据误差超限
DATA:DPⅡA-2,19,所有数据误差超限
DATA:DPⅡA-2,20,所有数据误差超限
DATA:DPⅡA-2,21,所有数据误差超限
DATA:DPⅡA-2,22,所有数据误差超限
DATA:DPⅡA-2,23,所有数据误差超限
DATA:DPⅡA-2,24,所有数据误差超限
DATA:DPⅡA-2,25,所有数据误差超限
DATA:DPⅡA-2,26,所有数据误差超限
DATA:DPⅡA-2,27,所有数据误差超限
DATA:DPⅡA-2,28,所有数据误差超限
DATA:DPⅡA-2,29,所有数据误差超限
DATA:DPⅡA-2,30,所有数据误差超限
DATA:DPⅡA-2,31,所有数据误差超限
DATA:DPⅡA-2,32,所有数据误差超限
DATA:DPⅡA-2,33,所有数据误差超限
DATA:DPⅡA-2,34,所有数据误差超限
DATA:DPⅡA-2,35,所有数据误差超限
DATA:DPⅡA-2,36,所有数据误差超限
DATA:DPⅡA-2,37,所有数据误差超限
DATA:DPⅡA-2,38,所有数据误差超限
DATA:DPⅡA-2,39,所有数据误差超限
DATA:DPⅡA-2,40,所有数据误差超限
DATA:DPⅡA-2,41,所有数据误差超限
DATA:DPⅡA-2,42,所有数据误差超限
DATA:DPⅡA-2,43,所有数据误差超限
DATA:DPⅡA-2,44,所有数据误差超限
DATA:DPⅡA-2,45,所有数据误差超限
DATA:DPⅡA-2,46,所有数据误差超限
DATA:DPⅡA-2,47,所有数据误差超限
DATA:DPⅡA-2,48,所有数据误差超限
DATA:DPⅡA-2,49,所有数据误差超限
DATA:DPⅡA-2,50,所有数据误差超限
DATA:DPⅡA-2,51,所有数据误差超限
DATA:DPⅡA-2,52,所有数据误差超限
DATA:DPⅡA-2,53,所有数据误差超限
DATA:DPⅡA-2,54,所有数据误差超限
DATA:DPⅡA-2,55,所有数据误差超限
DATA:DPⅡA-2,56,所有数据误差超限
DATA:DPⅡA-2,57,所有数据误差超限
DATA:DPⅡA-2,58,所有数据误差超限
DATA:DPⅡA-2,59,所有数据误差超限
DATA:DPⅡA-2,60,所有数据误差超限
DATA:DPⅡA-2,61,所有数据误差超限
DATA:DPⅡA-2,62,所有数据误差超限
DATA:DPⅡA-2,63,所有数据误差超限
DATA:DPⅡA-2,64,所有数据误差超限
DATA:DPⅡA-2,65,所有数据误差超限
DATA:DPⅡA-2,66,所有数据误差超限
DATA:DPⅡA-2,67,所有数据误差超限
DATA:DPⅡA-2,68,所有数据误差超限
DATA:DPⅡA-2,69,所有数据误差超限
DATA:DPⅡA-2,70,所有数据误差超限
DATA:DPⅡA-2,71,所有数据误差超限
DATA:DPⅡA-2,72,所有数据误差超限
DATA:DPⅡA-2,73,所有数据误差超限
DATA:DPⅡA-2,74,所有数据误差超限
DATA:DPⅡA-2,75,所有数据误差超限
DATA:DPⅡA-2,76,所有数据误差超限
DATA:DPⅡA-2,77,所有数据误差超限
DATA:DPⅡA-2,78,所有数据误差超限
DATA:DPⅡA-2,79,所有数据误差超限
DATA:DPⅡA-2,80,所有数据误差超限
DATA:DPⅡA-2,81,所有数据误差超限
DATA:DPⅡA-2,82,所有数据误差超限
DATA:DPⅡA-2,83,所有数据误差超限
DATA:DPⅡA-2,84,所有数据误差超限
DATA:DPⅡA-2,85,所有数据误差超限
DATA:DPⅡA-2,86,所有数据误差超限
DATA:DPⅡA-2,87,所有数据误差超限
DATA:DPⅡA-2,88,所有数据误差超限
DATA:DPⅡA-2,89,所有数据误差超限
DATA:DPⅡA-2,90,所有数据误差超限
DATA:DPⅡA-2,91,所有数据误差超限
DATA:DPⅡA-2,92,所有数据误差超限
DATA:DPⅡA-2,94,所有数据误差超限
DATA:DPⅡA-2,96,所有数据误差超限
DATA:DPⅡA-2,97,所有数据误差超限
DATA:DPⅡA-2,98,所有数据误差超限
DATA:DPⅡA-2,100,所有数据误差超限
DATA:DPⅡA-2,101,所有数据误差超限
DATA:DPⅡB-1,13,所有数据误差超限
DATA:DPⅡB-1,14,所有数据误差超限
DATA:DPⅡB-1,15,所有数据误差超限
DATA:DPⅡB-1,16,所有数据误差超限
DATA:DPⅡB-1,17,所有数据误差超限
DATA:DPⅡB-1,18,所有数据误差超限
DATA:DPⅡB-1,19,所有数据误差超限
DATA:DPⅡB-1,20,所有数据误差超限
DATA:DPⅡB-1,21,所有数据误差超限
DATA:DPⅡB-1,22,所有数据误差超限
DATA:DPⅡB-1,23,所有数据误差超限
DATA:DPⅡB-1,24,所有数据误差超限
DATA:DPⅡB-1,25,所有数据误差超限
DATA:DPⅡB-1,26,所有数据误差超限
DATA:DPⅡB-1,27,所有数据误差超限
DATA:DPⅡB-1,28,所有数据误差超限
DATA:DPⅡB-1,29,所有数据误差超限
DATA:DPⅡB-1,30,所有数据误差超限
DATA:DPⅡB-1,31,所有数据误差超限
DATA:DPⅡB-1,32,所有数据误差超限
DATA:DPⅡB-1,33,所有数据误差超限
DATA:DPⅡB-1,34,所有数据误差超限
DATA:DPⅡB-1,35,所有数据误差超限
DATA:DPⅡB-1,36,所有数据误差超限
DATA:DPⅡB-1,37,所有数据误差超限
DATA:DPⅡB-1,38,所有数据误差超限
DATA:DPⅡB-1,39,所有数据误差超限
DATA:DPⅡB-1,40,所有数据误差超限
DATA:DPⅡB-1,41,所有数据误差超限
DATA:DPⅡB-1,42,所有数据误差超限
DATA:DPⅡB-1,43,所有数据误差超限
DATA:DPⅡB-1,44,所有数据误差超限
DATA:DPⅡB-1,45,所有数据误差超限
DATA:DPⅡB-1,46,所有数据误差超限
DATA:DPⅡB-1,47,所有数据误差超限
DATA:DPⅡB-1,48,所有数据误差超限
DATA:DPⅡB-1,49,所有数据误差超限
DATA:DPⅡB-1,50,所有数据误差超限
DATA:DPⅡB-1,51,所有数据误差超限
DATA:DPⅡB-1,52,所有数据误差超限
DATA:DPⅡB-1,53,所有数据误差超限
DATA:DPⅡB-1,54,所有数据误差超限
DATA:DPⅡB-1,55,所有数据误差超限
DATA:DPⅡB-1,56,所有数据误差超限
DATA:DPⅡB-1,57,所有数据误差超限
DATA:DPⅡB-1,58,所有数据误差超限
DATA:DPⅡB-1,59,所有数据误差超限
DATA:DPⅡB-1,60,所有数据误差超限
DATA:DPⅡB-1,61,所有数据误差超限
DATA:DPⅡB-1,62,所有数据误差超限
DATA:DPⅡB-1,63,所有数据误差超限
DATA:DPⅡB-1,64,所有数据误差超限
DATA:DPⅡB-1,65,所有数据误差超限
DATA:DPⅡB-1,66,所有数据误差超限
DATA:DPⅡB-1,67,所有数据误差超限
DATA:DPⅡB-1,68,所有数据误差超限
DATA:DPⅡB-1,69,所有数据误差超限
DATA:DPⅡB-1,70,所有数据误差超限
DATA:DPⅡB-1,71,所有数据误差超限
DATA:DPⅡB-1,72,所有数据误差超限
DATA:DPⅡB-1,73,所有数据误差超限
DATA:DPⅡB-1,74,所有数据误差超限
DATA:DPⅡB-1,75,所有数据误差超限
DATA:DPⅡB-1,76,所有数据误差超限
DATA:DPⅡB-1,77,所有数据误差超限
DATA:DPⅡB-1,78,所有数据误差超限
DATA:DPⅡB-1,79,所有数据误差超限
DATA:DPⅡB-1,80,所有数据误差超限
DATA:DPⅡB-1,81,所有数据误差超限
DATA:DPⅡB-1,82,所有数据误差超限
DATA:DPⅡB-1,83,所有数据误差超限
DATA:DPⅡB-1,84,所有数据误差超限
DATA:DPⅡB-1,85,所有数据误差超限
DATA:DPⅡB-1,86,所有数据误差超限
DATA:DPⅡB-1,87,所有数据误差超限
DATA:DPⅡB-1,88,所有数据误差超限
DATA:DPⅡB-1,89,所有数据误差超限
DATA:DPⅡB-1,90,所有数据误差超限
DATA:DPⅡB-1,91,所有数据误差超限
DATA:DPⅡB-1,92,所有数据误差超限
DATA:DPⅡB-1,93,所有数据误差超限
DATA:DPⅡB-1,94,所有数据误差超限
DATA:DPⅡB-1,95,所有数据误差超限
DATA:DPⅡB-1,96,所有数据误差超限
DATA:DPⅡB-1,97,所有数据误差超限
DATA:DPⅡB-1,98,所有数据误差超限
DATA:DPⅡB-1,99,所有数据误差超限
DATA:DPⅡB-1,100,所有数据误差超限
DATA:DPⅡB-1,101,所有数据误差超限
DATA:DPⅡB-1,102,所有数据误差超限
DATA:DPⅡB-1,103,所有数据误差超限
DATA:DPⅡB-1,104,所有数据误差超限
DATA:DPⅡB-1,105,所有数据误差超限
DATA:DPⅡB-1,106,所有数据误差超限
DATA:DPⅡB-1,107,所有数据误差超限
DATA:DPⅡB-1,108,所有数据误差超限
DATA:DPⅡB-1,109,所有数据误差超限
DATA:DPⅡB-1,110,所有数据误差超限
DATA:DPⅡB-1,111,所有数据误差超限
DATA:DPⅡB-1,112,所有数据误差超限
DATA:DPⅡB-1,113,所有数据误差超限
DATA:DPⅡB-1,114,所有数据误差超限
DATA:DPⅡB-1,115,所有数据误差超限
DATA:DPⅡB-1,116,所有数据误差超限
DATA:DPⅡB-1,117,所有数据误差超限
DATA:DPⅡB-1,118,所有数据误差超限
DATA:DPⅡB-1,119,所有数据误差超限
DATA:DPⅡB-1,120,所有数据误差超限
DATA:DPⅡB-1,121,所有数据误差超限
DATA:DPⅡB-1,122,所有数据误差超限
DATA:DPⅡB-1,123,所有数据误差超限
DATA:DPⅡB-1,124,所有数据误差超限
DATA:DPⅡB-1,125,所有数据误差超限
DATA:DPⅡB-1,126,所有数据误差超限
DATA:DPⅡB-1,127,所有数据误差超限
DATA:DPⅡB-1,128,所有数据误差超限
DATA:DPⅡB-1,129,所有数据误差超限
DATA:DPⅡB-1,130,所有数据误差超限
DATA:DPⅡB-1,131,所有数据误差超限
DATA:DPⅡB-1,132,所有数据误差超限
DATA:DPⅡB-1,133,所有数据误差超限
DATA:DPⅡB-1,134,所有数据误差超限
DATA:DPⅡB-1,135,所有数据误差超限
DATA:DPⅡB-1,136,所有数据误差超限
DATA:DPⅡB-1,137,所有数据误差超限
DATA:DPⅡB-1,138,所有数据误差超限
DATA:DPⅡB-1,139,所有数据误差超限
DATA:DPⅡB-1,140,所有数据误差超限
DATA:DPⅡB-1,141,所有数据误差超限
DATA:DPⅡB-1,142,所有数据误差超限
DATA:DPⅡB-1,143,所有数据误差超限
DATA:DPⅡB-1,144,所有数据误差超限
DATA:DPⅡB-1,145,所有数据误差超限
DATA:DPⅡB-1,146,所有数据误差超限
DATA:DPⅡB-1,147,所有数据误差超限
DATA:DPⅡB-1,148,所有数据误差超限
DATA:DPⅡB-1,149,所有数据误差超限
DATA:DPⅡB-1,150,所有数据误差超限
DATA:DPⅡB-1,151,所有数据误差超限
DATA:DPⅡB-1,152,所有数据误差超限
DATA:DPⅡB-1,153,所有数据误差超限
DATA:DPⅡB-1,154,所有数据误差超限
DATA:DPⅡB-1,155,所有数据误差超限
DATA:DPⅡB-1,156,所有数据误差超限
DATA:DPⅡB-1,157,所有数据误差超限
DATA:DPⅡB-1,158,所有数据误差超限
DATA:DPⅡB-1,159,所有数据误差超限
DATA:DPⅡB-1,160,所有数据误差超限
DATA:DPⅡB-1,161,所有数据误差超限
DATA:DPⅡB-1,162,所有数据误差超限
DATA:DPⅡB-1,163,所有数据误差超限
DATA:DPⅡB-1,164,所有数据误差超限
DATA:DPⅡB-1,165,所有数据误差超限
DATA:DPⅡB-1,166,所有数据误差超限
DATA:DPⅡB-1,167,所有数据误差超限
DATA:DPⅡB-1,168,所有数据误差超限
DATA:DPⅡB-1,169,所有数据误差超限
DATA:DPⅡB-1,170,所有数据误差超限
DATA:DPⅡB-1,171,所有数据误差超限
DATA:DPⅡB-1,172,所有数据误差超限
DATA:DPⅡB-1,173,所有数据误差超限
DATA:DPⅡB-1,175,所有数据误差超限
DATA:DPⅡB-1,176,所有数据误差超限
DATA:DPⅡB-1,177,所有数据误差超限
DATA:DPⅡB-1,178,所有数据误差超限
DATA:DPⅡB-1,179,所有数据误差超限
DATA:DPⅡB-1,180,所有数据误差超限
DATA:DPⅡB-1,181,所有数据误差超限
DATA:DPⅡB-1,182,所有数据误差超限
DATA:DPⅡB-1,183,所有数据误差超限
DATA:DPⅡB-1,184,所有数据误差超限
DATA:DPⅡB-1,185,所有数据误差超限
DATA:DPⅡB-1,186,所有数据误差超限
DATA:DPⅡB-1,187,所有数据误差超限
DATA:DPⅡB-1,188,所有数据误差超限
DATA:DPⅡB-1,189,所有数据误差超限
DATA:DPⅡB-1,190,所有数据误差超限
DATA:DPⅡB-1,191,所有数据误差超限
DATA:DPⅡB-1,192,所有数据误差超限
DATA:DPⅡB-1,193,所有数据误差超限
DATA:DPⅡB-1,194,所有数据误差超限
DATA:DPⅡB-1,195,所有数据误差超限
DATA:DPⅡB-1,196,所有数据误差超限
DATA:DPⅡB-1,197,所有数据误差超限
DATA:DPⅡB-1,198,所有数据误差超限
DATA:DPⅡB-1,199,所有数据误差超限
DATA:DPⅡB-1,200,所有数据误差超限
DATA:DPⅡB-1,201,所有数据误差超限
DATA:DPⅡB-1,202,所有数据误差超限
DATA:DPⅡB-1,203,所有数据误差超限
DATA:DPⅡB-1,204,所有数据误差超限
DATA:DPⅡB-1,205,所有数据误差超限
DATA:DPⅡB-1,206,所有数据误差超限
DATA:DPⅡB-1,207,所有数据误差超限
DATA:DPⅡB-1,208,所有数据误差超限
DATA:DPⅡB-1,209,所有数据误差超限
DATA:DPⅡB-1,210,所有数据误差超限
DATA:DPⅡB-1,211,所有数据误差超限
DATA:DPⅡB-1,212,所有数据误差超限
DATA:DPⅡB-1,213,所有数据误差超限
DATA:DPⅡB-1,214,所有数据误差超限
DATA:DPⅡB-1,215,所有数据误差超限
DATA:DPⅡB-1,216,所有数据误差超限
DATA:DPⅡB-1,217,所有数据误差超限
DATA:DPⅡB-1,218,所有数据误差超限
DATA:DPⅡB-1,219,所有数据误差超限
DATA:DPⅡB-1,220,所有数据误差超限
DATA:DPⅡB-1,221,所有数据误差超限
DATA:DPⅡB-1,222,所有数据误差超限
DATA:DPⅡB-1,223,所有数据误差超限
DATA:DPⅡB-1,224,所有数据误差超限
DATA:DPⅡB-1,225,所有数据误差超限
DATA:DPⅡB-1,226,所有数据误差超限
DATA:DPⅡB-1,227,所有数据误差超限
DATA:DPⅡB-1,228,所有数据误差超限
DATA:DPⅡB-1,229,所有数据误差超限
DATA:DPⅡB-1,230,所有数据误差超限
DATA:DPⅡB-1,231,所有数据误差超限
DATA:DPⅡB-1,232,所有数据误差超限
DATA:DPⅡB-1,233,所有数据误差超限
DATA:DPⅡB-1,234,所有数据误差超限
DATA:DPⅡB-1,235,所有数据误差超限
DATA:DPⅡB-1,236,所有数据误差超限
FILE:2016-12-07 08:47:39,D:\AWORK\向家坝\向家坝10月份数据\2016年10月月报及数据\2标段内观\地下洞室\右岸地下主厂房\主厂房-锚索测力计.xlsx
FILE:2016-12-07 08:47:39,D:\AWORK\向家坝\向家坝10月份数据\2016年10月月报及数据\2标段内观\地下洞室\右岸地下厂房主变洞\主变洞-锚索测力计.xlsx
FILE:2016-12-07 08:47:39,D:\AWORK\向家坝\向家坝10月份数据\2016年10月月报及数据\2标段内观\地下洞室\右岸地下厂房尾水主洞(ab-678)\尾水主洞-锚索测力计.xlsx
DATA:DPa7-4,9,所有数据误差超限
FILE:2016-12-07 08:47:39,D:\AWORK\向家坝\向家坝10月份数据\2016年10月月报及数据\2标段内观\地下洞室\右岸地下厂房尾水扩散段(w)\尾水扩散段-锚索测力计.xlsx
FILE:2016-12-07 08:47:39,D:\AWORK\向家坝\向家坝10月份数据\2016年10月月报及数据\2标段内观\太平料场边坡\太平料场-锚索测力计.xlsx
FILE:2016-12-07 08:47:39,D:\AWORK\向家坝\向家坝10月份数据\2016年10月月报及数据\2标段内观\尾渣坝-右岸护坡\右岸护坡-锚索测力计.xlsx
DATA:DPh-3,10,所有数据误差超限
DATA:DPh-3,11,所有数据误差超限
DATA:DPh-3,12,所有数据误差超限
DATA:DPh-3,13,所有数据误差超限
DATA:DPh-3,14,所有数据误差超限
DATA:DPh-3,15,所有数据误差超限
DATA:DPh-3,16,所有数据误差超限
DATA:DPh-3,17,所有数据误差超限
DATA:DPh-3,18,所有数据误差超限
DATA:DPh-3,19,所有数据误差超限
DATA:DPh-3,20,所有数据误差超限
DATA:DPh-7,10,所有数据误差超限
DATA:DPh-7,11,所有数据误差超限
DATA:DPh-7,12,所有数据误差超限
DATA:DPh-7,13,所有数据误差超限
DATA:DPh-7,14,所有数据误差超限
DATA:DPh-7,15,所有数据误差超限
DATA:DPh-7,16,所有数据误差超限
DATA:DPh-7,17,所有数据误差超限
DATA:DPh-7,18,所有数据误差超限
DATA:DPh-7,19,所有数据误差超限
DATA:DPh-7,20,所有数据误差超限
FILE:2016-12-07 08:47:39,D:\AWORK\向家坝\向家坝10月份数据\2016年10月月报及数据\2标段内观\左岸高边坡\左岸边坡-锚索测力计计算表.xlsx
DATA:Dp-1,11,Cannot get a numeric value from a text cell
DATA:Dp-1,12,Cannot get a numeric value from a text cell
DATA:Dp-1,13,Cannot get a numeric value from a text cell
DATA:Dp-1,14,Cannot get a numeric value from a text cell
DATA:Dp-1,15,Cannot get a numeric value from a text cell
DATA:Dp-1,16,Cannot get a numeric value from a text cell
DATA:Dp-1,17,Cannot get a numeric value from a text cell
FILE:2016-12-07 08:47:39,D:\AWORK\向家坝\向家坝10月份数据\2016年10月月报及数据\2标段内观\进水口边坡\进水口边坡-锚索测力计.xlsx
FILE:2016-12-07 08:47:39,D:\AWORK\向家坝\向家坝10月份数据\干渠2016年11月工程数据库\北干渠监测数据\锚索测力计.xlsx
FILE:2016-12-07 08:50:22,D:\AWORK\向家坝\向家坝10月份数据\2016年10月月报及数据\2标段内观\出水口边坡\出水口边坡-锚索测力计.xlsx
FILE:2016-12-07 08:50:22,D:\AWORK\向家坝\向家坝10月份数据\2016年10月月报及数据\2标段内观\右岸马延坡边坡\马延坡-锚索测力计.xlsx
FILE:2016-12-07 08:50:22,D:\AWORK\向家坝\向家坝10月份数据\2016年10月月报及数据\2标段内观\地下洞室\右岸地下主厂房\主厂房-锚索测力计.xlsx
FILE:2016-12-07 08:50:22,D:\AWORK\向家坝\向家坝10月份数据\2016年10月月报及数据\2标段内观\地下洞室\右岸地下厂房主变洞\主变洞-锚索测力计.xlsx
FILE:2016-12-07 08:50:22,D:\AWORK\向家坝\向家坝10月份数据\2016年10月月报及数据\2标段内观\地下洞室\右岸地下厂房尾水主洞(ab-678)\尾水主洞-锚索测力计.xlsx
DATA:DPa7-4,9,所有数据误差超限
FILE:2016-12-07 08:50:22,D:\AWORK\向家坝\向家坝10月份数据\2016年10月月报及数据\2标段内观\地下洞室\右岸地下厂房尾水扩散段(w)\尾水扩散段-锚索测力计.xlsx
FILE:2016-12-07 08:50:22,D:\AWORK\向家坝\向家坝10月份数据\2016年10月月报及数据\2标段内观\太平料场边坡\太平料场-锚索测力计.xlsx
FILE:2016-12-07 08:50:22,D:\AWORK\向家坝\向家坝10月份数据\2016年10月月报及数据\2标段内观\尾渣坝-右岸护坡\右岸护坡-锚索测力计.xlsx
DATA:DPh-3,10,所有数据误差超限
DATA:DPh-3,11,所有数据误差超限
DATA:DPh-3,12,所有数据误差超限
DATA:DPh-3,13,所有数据误差超限
DATA:DPh-3,14,所有数据误差超限
DATA:DPh-3,15,所有数据误差超限
DATA:DPh-3,16,所有数据误差超限
DATA:DPh-3,17,所有数据误差超限
DATA:DPh-3,18,所有数据误差超限
DATA:DPh-3,19,所有数据误差超限
DATA:DPh-3,20,所有数据误差超限
DATA:DPh-7,10,所有数据误差超限
DATA:DPh-7,11,所有数据误差超限
DATA:DPh-7,12,所有数据误差超限
DATA:DPh-7,13,所有数据误差超限
DATA:DPh-7,14,所有数据误差超限
DATA:DPh-7,15,所有数据误差超限
DATA:DPh-7,16,所有数据误差超限
DATA:DPh-7,17,所有数据误差超限
DATA:DPh-7,18,所有数据误差超限
DATA:DPh-7,19,所有数据误差超限
FILE:2016-12-07 08:50:22,D:\AWORK\向家坝\向家坝10月份数据\2016年10月月报及数据\2标段内观\左岸高边坡\左岸边坡-锚索测力计计算表.xlsx
DATA:Dp-1,11,Cannot get a numeric value from a text cell
DATA:Dp-1,12,Cannot get a numeric value from a text cell
DATA:Dp-1,13,Cannot get a numeric value from a text cell
DATA:Dp-1,14,Cannot get a numeric value from a text cell
DATA:Dp-1,15,Cannot get a numeric value from a text cell
DATA:Dp-1,16,Cannot get a numeric value from a text cell
DATA:Dp-1,17,Cannot get a numeric value from a text cell
FILE:2016-12-07 08:50:22,D:\AWORK\向家坝\向家坝10月份数据\2016年10月月报及数据\2标段内观\进水口边坡\进水口边坡-锚索测力计.xlsx
FILE:2016-12-07 08:50:22,D:\AWORK\向家坝\向家坝10月份数据\干渠2016年11月工程数据库\北干渠监测数据\锚索测力计.xlsx
FILE:2016-12-07 08:53:03,D:\AWORK\向家坝\向家坝10月份数据\2016年10月月报及数据\2标段内观\出水口边坡\出水口边坡-锚索测力计.xlsx
FILE:2016-12-07 08:53:03,D:\AWORK\向家坝\向家坝10月份数据\2016年10月月报及数据\2标段内观\右岸马延坡边坡\马延坡-锚索测力计.xlsx
FILE:2016-12-07 08:53:03,D:\AWORK\向家坝\向家坝10月份数据\2016年10月月报及数据\2标段内观\地下洞室\右岸地下主厂房\主厂房-锚索测力计.xlsx
FILE:2016-12-07 08:53:03,D:\AWORK\向家坝\向家坝10月份数据\2016年10月月报及数据\2标段内观\地下洞室\右岸地下厂房主变洞\主变洞-锚索测力计.xlsx
FILE:2016-12-07 08:53:03,D:\AWORK\向家坝\向家坝10月份数据\2016年10月月报及数据\2标段内观\地下洞室\右岸地下厂房尾水主洞(ab-678)\尾水主洞-锚索测力计.xlsx
DATA:DPa7-4,9,所有数据误差超限
FILE:2016-12-07 08:53:03,D:\AWORK\向家坝\向家坝10月份数据\2016年10月月报及数据\2标段内观\地下洞室\右岸地下厂房尾水扩散段(w)\尾水扩散段-锚索测力计.xlsx
FILE:2016-12-07 08:53:03,D:\AWORK\向家坝\向家坝10月份数据\2016年10月月报及数据\2标段内观\太平料场边坡\太平料场-锚索测力计.xlsx
FILE:2016-12-07 08:53:03,D:\AWORK\向家坝\向家坝10月份数据\2016年10月月报及数据\2标段内观\尾渣坝-右岸护坡\右岸护坡-锚索测力计.xlsx
DATA:DPh-3,10,所有数据误差超限
DATA:DPh-3,11,所有数据误差超限
DATA:DPh-3,12,所有数据误差超限
DATA:DPh-3,13,所有数据误差超限
DATA:DPh-3,14,所有数据误差超限
DATA:DPh-3,15,所有数据误差超限
DATA:DPh-3,16,所有数据误差超限
DATA:DPh-3,17,所有数据误差超限
DATA:DPh-3,18,所有数据误差超限
DATA:DPh-3,19,所有数据误差超限
DATA:DPh-3,20,所有数据误差超限
DATA:DPh-7,10,所有数据误差超限
DATA:DPh-7,11,所有数据误差超限
DATA:DPh-7,12,所有数据误差超限
DATA:DPh-7,13,所有数据误差超限
DATA:DPh-7,14,所有数据误差超限
DATA:DPh-7,15,所有数据误差超限
DATA:DPh-7,16,所有数据误差超限
DATA:DPh-7,17,所有数据误差超限
DATA:DPh-7,18,所有数据误差超限
DATA:DPh-7,19,所有数据误差超限
FILE:2016-12-07 08:53:03,D:\AWORK\向家坝\向家坝10月份数据\2016年10月月报及数据\2标段内观\左岸高边坡\左岸边坡-锚索测力计计算表.xlsx
DATA:Dp-1,11,Cannot get a numeric value from a text cell
DATA:Dp-1,12,Cannot get a numeric value from a text cell
DATA:Dp-1,13,Cannot get a numeric value from a text cell
DATA:Dp-1,14,Cannot get a numeric value from a text cell
DATA:Dp-1,15,Cannot get a numeric value from a text cell
DATA:Dp-1,16,Cannot get a numeric value from a text cell
DATA:Dp-1,17,Cannot get a numeric value from a text cell
FILE:2016-12-07 08:53:03,D:\AWORK\向家坝\向家坝10月份数据\2016年10月月报及数据\2标段内观\进水口边坡\进水口边坡-锚索测力计.xlsx
FILE:2016-12-07 08:53:03,D:\AWORK\向家坝\向家坝10月份数据\干渠2016年11月工程数据库\北干渠监测数据\锚索测力计.xlsx
FILE:2016-12-07 08:56:59,D:\AWORK\向家坝\向家坝10月份数据\2016年10月月报及数据\2标段内观\出水口边坡\出水口边坡-锚索测力计.xlsx
FILE:2016-12-07 08:56:59,D:\AWORK\向家坝\向家坝10月份数据\2016年10月月报及数据\2标段内观\右岸马延坡边坡\马延坡-锚索测力计.xlsx
DATA:DP-2CP,10,所有数据误差超限
DATA:DP-2CP,11,所有数据误差超限
DATA:DP-2CP,12,所有数据误差超限
DATA:DP-2CP,13,所有数据误差超限
DATA:DP-2CP,14,所有数据误差超限
DATA:DP-2CP,15,所有数据误差超限
DATA:DP-2CP,16,所有数据误差超限
DATA:DP-2CP,17,所有数据误差超限
DATA:DP-2CP,18,所有数据误差超限
DATA:DP-2CP,19,所有数据误差超限
DATA:DP-2CP,20,所有数据误差超限
DATA:DP-2CP,21,所有数据误差超限
DATA:DP-2CP,22,所有数据误差超限
DATA:DP-2CP,23,所有数据误差超限
DATA:DP-2CP,24,所有数据误差超限
DATA:DP-2CP,25,所有数据误差超限
DATA:DP-2CP,26,所有数据误差超限
DATA:DP-2CP,27,所有数据误差超限
DATA:DP-2CP,28,所有数据误差超限
DATA:DP-2CP,29,所有数据误差超限
DATA:DP-2CP,30,所有数据误差超限
DATA:DP-2CP,31,所有数据误差超限
DATA:DP-2CP,32,所有数据误差超限
DATA:DP-2CP,33,所有数据误差超限
DATA:DP-2CP,34,所有数据误差超限
DATA:DP-2CP,35,所有数据误差超限
DATA:DP-2CP,36,所有数据误差超限
DATA:DP-2CP,37,所有数据误差超限
DATA:DP-2CP,38,所有数据误差超限
DATA:DP-2CP,39,所有数据误差超限
DATA:DP-2CP,40,所有数据误差超限
DATA:DP-2CP,41,所有数据误差超限
DATA:DP-2CP,42,所有数据误差超限
DATA:DP-2CP,43,所有数据误差超限
DATA:DP-2CP,44,所有数据误差超限
DATA:DP-2CP,45,所有数据误差超限
DATA:DP-2CP,46,所有数据误差超限
DATA:DP-2CP,47,所有数据误差超限
DATA:DP-2CP,48,所有数据误差超限
DATA:DP-2CP,49,所有数据误差超限
DATA:DP-2CP,50,所有数据误差超限
DATA:DP-2CP,51,所有数据误差超限
DATA:DP-2CP,52,所有数据误差超限
DATA:DP-2CP,53,所有数据误差超限
DATA:DP-2CP,54,所有数据误差超限
DATA:DP-2CP,55,所有数据误差超限
DATA:DP-2CP,56,所有数据误差超限
DATA:DP-2CP,57,所有数据误差超限
DATA:DP-2CP,58,所有数据误差超限
DATA:DP-2CP,59,所有数据误差超限
DATA:DP-2CP,60,所有数据误差超限
DATA:DP-2CP,61,所有数据误差超限
DATA:DP-2CP,62,所有数据误差超限
DATA:DP-2CP,63,所有数据误差超限
DATA:DP-2CP,64,所有数据误差超限
DATA:DP-2CP,65,所有数据误差超限
DATA:DP-2CP,66,所有数据误差超限
DATA:DP-2CP,67,所有数据误差超限
DATA:DP-2CP,68,所有数据误差超限
DATA:DP-2CP,69,所有数据误差超限
DATA:DP-2CP,70,所有数据误差超限
DATA:DP-2CP,71,所有数据误差超限
DATA:DP-2CP,72,所有数据误差超限
DATA:DP-2CP,73,所有数据误差超限
DATA:DP-2CP,74,所有数据误差超限
DATA:DP-2CP,75,所有数据误差超限
DATA:DP-2CP,76,所有数据误差超限
DATA:DP-2CP,77,所有数据误差超限
DATA:DP-2CP,78,所有数据误差超限
DATA:DP-2CP,79,所有数据误差超限
DATA:DP-2CP,80,所有数据误差超限
DATA:DP-2CP,81,所有数据误差超限
DATA:DP-2CP,82,所有数据误差超限
DATA:DP-2CP,83,所有数据误差超限
DATA:DP-2CP,84,所有数据误差超限
DATA:DP-2CP,85,所有数据误差超限
DATA:DP-2CP,86,所有数据误差超限
DATA:DP-2CP,87,所有数据误差超限
DATA:DP-2CP,88,所有数据误差超限
DATA:DP-2CP,89,所有数据误差超限
DATA:DP-2CP,90,所有数据误差超限
DATA:DP-2CP,91,所有数据误差超限
DATA:DP-2CP,92,所有数据误差超限
DATA:DP-2CP,93,所有数据误差超限
DATA:DP-2CP,94,所有数据误差超限
DATA:DP-2CP,95,所有数据误差超限
DATA:DP-2CP,96,所有数据误差超限
DATA:DP-2CP,97,所有数据误差超限
DATA:DP-2CP,98,所有数据误差超限
DATA:DP-2CP,99,所有数据误差超限
DATA:DP-2CP,100,所有数据误差超限
DATA:DP-2CP,101,所有数据误差超限
DATA:DP-2CP,102,所有数据误差超限
DATA:DP-2CP,103,所有数据误差超限
DATA:DP-2CP,104,所有数据误差超限
DATA:DP-2CP,105,所有数据误差超限
DATA:DP-2CP,106,所有数据误差超限
DATA:DP-2CP,107,所有数据误差超限
DATA:DP-2CP,108,所有数据误差超限
DATA:DP-2CP,109,所有数据误差超限
DATA:DP-2CP,110,所有数据误差超限
DATA:DP-2CP,111,所有数据误差超限
DATA:DP-2CP,112,所有数据误差超限
DATA:DP-2CP,113,所有数据误差超限
DATA:DP-2CP,114,所有数据误差超限
DATA:DP-2CP,115,所有数据误差超限
DATA:DP-2CP,116,所有数据误差超限
DATA:DP-2CP,117,所有数据误差超限
DATA:DP-2CP,118,所有数据误差超限
DATA:DP-2CP,119,所有数据误差超限
DATA:DP-2CP,120,所有数据误差超限
DATA:DP-2CP,121,所有数据误差超限
DATA:DP-2CP,122,所有数据误差超限
DATA:DP-2CP,123,所有数据误差超限
DATA:DP-2CP,124,所有数据误差超限
DATA:DP-2CP,125,所有数据误差超限
DATA:DP-2CP,126,所有数据误差超限
DATA:DP-2CP,127,所有数据误差超限
DATA:DP-2CP,128,所有数据误差超限
DATA:DP-2CP,129,所有数据误差超限
DATA:DP-2CP,130,所有数据误差超限
DATA:DP-2CP,131,所有数据误差超限
DATA:DP-2CP,132,所有数据误差超限
DATA:DP-2CP,133,所有数据误差超限
DATA:DP-2CP,134,所有数据误差超限
DATA:DP-2CP,135,所有数据误差超限
DATA:DP-2CP,136,所有数据误差超限
DATA:DP-2CP,137,所有数据误差超限
DATA:DP-2CP,138,所有数据误差超限
DATA:DP-2CP,139,所有数据误差超限
DATA:DP-2CP,140,所有数据误差超限
DATA:DP-2CP,141,所有数据误差超限
DATA:DP-2CP,142,所有数据误差超限
DATA:DP-2CP,143,所有数据误差超限
DATA:DP-2CP,144,所有数据误差超限
DATA:DP-2CP,145,所有数据误差超限
DATA:DP-2CP,146,所有数据误差超限
DATA:DP-2CP,147,所有数据误差超限
DATA:DP-2CP,148,所有数据误差超限
DATA:DP-2CP,149,所有数据误差超限
DATA:DP-2CP,150,所有数据误差超限
DATA:DP-2CP,151,所有数据误差超限
DATA:DP-2CP,152,所有数据误差超限
DATA:DP-2CP,153,所有数据误差超限
DATA:DP-2CP,154,所有数据误差超限
DATA:DP-2CP,155,所有数据误差超限
DATA:DP-2CP,156,所有数据误差超限
DATA:DP-2CP,157,所有数据误差超限
DATA:DP-2CP,158,所有数据误差超限
DATA:DP-2CP,159,所有数据误差超限
DATA:DP-2CP,160,所有数据误差超限
DATA:DP-2CP,161,所有数据误差超限
DATA:DP-2CP,162,所有数据误差超限
DATA:DP-2CP,163,所有数据误差超限
DATA:DP-2CP,164,所有数据误差超限
DATA:DP-2CP,165,所有数据误差超限
DATA:DP-2CP,166,所有数据误差超限
DATA:DP-2CP,167,所有数据误差超限
DATA:DP-2CP,168,所有数据误差超限
DATA:DP-2CP,169,所有数据误差超限
DATA:DP-2CP,170,所有数据误差超限
DATA:DP-2CP,171,所有数据误差超限
DATA:DP-2CP,172,所有数据误差超限
DATA:DP-2CP,173,所有数据误差超限
DATA:DP-2CP,174,所有数据误差超限
DATA:DP-2CP,175,所有数据误差超限
DATA:DP-2CP,176,所有数据误差超限
DATA:DP-2CP,177,所有数据误差超限
DATA:DP-2CP,178,所有数据误差超限
DATA:DP-2CP,179,所有数据误差超限
DATA:DP-2CP,180,所有数据误差超限
DATA:DP-2CP,181,所有数据误差超限
DATA:DP-2CP,182,所有数据误差超限
DATA:DP-2CP,183,所有数据误差超限
DATA:DP-2CP,184,所有数据误差超限
DATA:DP-2CP,185,所有数据误差超限
DATA:DP-2CP,186,所有数据误差超限
FILE:2016-12-07 08:56:59,D:\AWORK\向家坝\向家坝10月份数据\2016年10月月报及数据\2标段内观\地下洞室\右岸地下主厂房\主厂房-锚索测力计.xlsx
FILE:2016-12-07 08:56:59,D:\AWORK\向家坝\向家坝10月份数据\2016年10月月报及数据\2标段内观\地下洞室\右岸地下厂房主变洞\主变洞-锚索测力计.xlsx
FILE:2016-12-07 08:56:59,D:\AWORK\向家坝\向家坝10月份数据\2016年10月月报及数据\2标段内观\地下洞室\右岸地下厂房尾水主洞(ab-678)\尾水主洞-锚索测力计.xlsx
DATA:DPa7-4,9,所有数据误差超限
FILE:2016-12-07 08:56:59,D:\AWORK\向家坝\向家坝10月份数据\2016年10月月报及数据\2标段内观\地下洞室\右岸地下厂房尾水扩散段(w)\尾水扩散段-锚索测力计.xlsx
FILE:2016-12-07 08:56:59,D:\AWORK\向家坝\向家坝10月份数据\2016年10月月报及数据\2标段内观\太平料场边坡\太平料场-锚索测力计.xlsx
FILE:2016-12-07 08:56:59,D:\AWORK\向家坝\向家坝10月份数据\2016年10月月报及数据\2标段内观\尾渣坝-右岸护坡\右岸护坡-锚索测力计.xlsx
DATA:DPh-3,10,所有数据误差超限
DATA:DPh-3,11,所有数据误差超限
DATA:DPh-3,12,所有数据误差超限
DATA:DPh-3,13,所有数据误差超限
DATA:DPh-3,14,所有数据误差超限
DATA:DPh-3,15,所有数据误差超限
DATA:DPh-3,16,所有数据误差超限
DATA:DPh-3,17,所有数据误差超限
DATA:DPh-3,18,所有数据误差超限
DATA:DPh-3,19,所有数据误差超限
DATA:DPh-3,20,所有数据误差超限
DATA:DPh-7,10,所有数据误差超限
DATA:DPh-7,11,所有数据误差超限
DATA:DPh-7,12,所有数据误差超限
DATA:DPh-7,13,所有数据误差超限
DATA:DPh-7,14,所有数据误差超限
DATA:DPh-7,15,所有数据误差超限
DATA:DPh-7,16,所有数据误差超限
DATA:DPh-7,17,所有数据误差超限
DATA:DPh-7,18,所有数据误差超限
DATA:DPh-7,19,所有数据误差超限
FILE:2016-12-07 08:56:59,D:\AWORK\向家坝\向家坝10月份数据\2016年10月月报及数据\2标段内观\左岸高边坡\左岸边坡-锚索测力计计算表.xlsx
DATA:Dp-1,11,Cannot get a numeric value from a text cell
DATA:Dp-1,12,Cannot get a numeric value from a text cell
DATA:Dp-1,13,Cannot get a numeric value from a text cell
DATA:Dp-1,14,Cannot get a numeric value from a text cell
DATA:Dp-1,15,Cannot get a numeric value from a text cell
DATA:Dp-1,16,Cannot get a numeric value from a text cell
DATA:Dp-1,17,Cannot get a numeric value from a text cell
FILE:2016-12-07 08:56:59,D:\AWORK\向家坝\向家坝10月份数据\2016年10月月报及数据\2标段内观\进水口边坡\进水口边坡-锚索测力计.xlsx
DATA:DPC-4,87,所有数据误差超限
DATA:DPC-4,99,所有数据误差超限
DATA:DPC-4,457,所有数据误差超限
DATA:DPC-7,21,所有数据误差超限
DATA:DPC-7,22,所有数据误差超限
DATA:DPC-7,23,所有数据误差超限
DATA:DPC-7,36,所有数据误差超限
DATA:DPC-7,37,所有数据误差超限
DATA:DPC-7,38,所有数据误差超限
DATA:DPC-7,39,所有数据误差超限
DATA:DPC-7,40,所有数据误差超限
DATA:DPC-7,57,所有数据误差超限
DATA:DPC-7,87,所有数据误差超限
DATA:DPC-7,93,所有数据误差超限
DATA:DPC-7,100,所有数据误差超限
DATA:DPC-7,140,所有数据误差超限
DATA:DPC-7,141,所有数据误差超限
DATA:DPC-7,142,所有数据误差超限
DATA:DPC-7,143,所有数据误差超限
DATA:DPC-7,429,所有数据误差超限
DATA:DPC-8,43,所有数据误差超限
DATA:DPC-8,44,所有数据误差超限
FILE:2016-12-07 08:56:59,D:\AWORK\向家坝\向家坝10月份数据\干渠2016年11月工程数据库\北干渠监测数据\锚索测力计.xlsx
FILE:2016-12-07 09:00:38,D:\AWORK\向家坝\向家坝10月份数据\2016年10月月报及数据\2标段内观\出水口边坡\出水口边坡-锚索测力计.xlsx
FILE:2016-12-07 09:00:38,D:\AWORK\向家坝\向家坝10月份数据\2016年10月月报及数据\2标段内观\右岸马延坡边坡\马延坡-锚索测力计.xlsx
FILE:2016-12-07 09:00:38,D:\AWORK\向家坝\向家坝10月份数据\2016年10月月报及数据\2标段内观\地下洞室\右岸地下主厂房\主厂房-锚索测力计.xlsx
FILE:2016-12-07 09:00:38,D:\AWORK\向家坝\向家坝10月份数据\2016年10月月报及数据\2标段内观\地下洞室\右岸地下厂房主变洞\主变洞-锚索测力计.xlsx
FILE:2016-12-07 09:00:38,D:\AWORK\向家坝\向家坝10月份数据\2016年10月月报及数据\2标段内观\地下洞室\右岸地下厂房尾水主洞(ab-678)\尾水主洞-锚索测力计.xlsx
DATA:DPa7-4,9,所有数据误差超限
FILE:2016-12-07 09:00:38,D:\AWORK\向家坝\向家坝10月份数据\2016年10月月报及数据\2标段内观\地下洞室\右岸地下厂房尾水扩散段(w)\尾水扩散段-锚索测力计.xlsx
FILE:2016-12-07 09:00:38,D:\AWORK\向家坝\向家坝10月份数据\2016年10月月报及数据\2标段内观\太平料场边坡\太平料场-锚索测力计.xlsx
FILE:2016-12-07 09:00:38,D:\AWORK\向家坝\向家坝10月份数据\2016年10月月报及数据\2标段内观\尾渣坝-右岸护坡\右岸护坡-锚索测力计.xlsx
DATA:DPh-3,10,所有数据误差超限
DATA:DPh-3,11,所有数据误差超限
DATA:DPh-3,12,所有数据误差超限
DATA:DPh-3,13,所有数据误差超限
DATA:DPh-3,14,所有数据误差超限
DATA:DPh-3,15,所有数据误差超限
DATA:DPh-3,16,所有数据误差超限
DATA:DPh-3,17,所有数据误差超限
DATA:DPh-3,18,所有数据误差超限
DATA:DPh-3,19,所有数据误差超限
DATA:DPh-3,20,所有数据误差超限
DATA:DPh-7,10,所有数据误差超限
DATA:DPh-7,11,所有数据误差超限
DATA:DPh-7,12,所有数据误差超限
DATA:DPh-7,13,所有数据误差超限
DATA:DPh-7,14,所有数据误差超限
DATA:DPh-7,15,所有数据误差超限
DATA:DPh-7,16,所有数据误差超限
DATA:DPh-7,17,所有数据误差超限
DATA:DPh-7,18,所有数据误差超限
DATA:DPh-7,19,所有数据误差超限
FILE:2016-12-07 09:00:38,D:\AWORK\向家坝\向家坝10月份数据\2016年10月月报及数据\2标段内观\左岸高边坡\左岸边坡-锚索测力计计算表.xlsx
DATA:Dp-1,11,Cannot get a numeric value from a text cell
DATA:Dp-1,12,Cannot get a numeric value from a text cell
DATA:Dp-1,13,Cannot get a numeric value from a text cell
DATA:Dp-1,14,Cannot get a numeric value from a text cell
DATA:Dp-1,15,Cannot get a numeric value from a text cell
DATA:Dp-1,16,Cannot get a numeric value from a text cell
DATA:Dp-1,17,Cannot get a numeric value from a text cell
FILE:2016-12-07 09:00:38,D:\AWORK\向家坝\向家坝10月份数据\2016年10月月报及数据\2标段内观\进水口边坡\进水口边坡-锚索测力计.xlsx
FILE:2016-12-07 09:00:38,D:\AWORK\向家坝\向家坝10月份数据\干渠2016年11月工程数据库\北干渠监测数据\锚索测力计.xlsx
FILE:2016-12-07 09:02:14,D:\AWORK\向家坝\向家坝10月份数据\2016年10月月报及数据\2标段内观\出水口边坡\出水口边坡-锚索测力计.xlsx
FILE:2016-12-07 09:02:14,D:\AWORK\向家坝\向家坝10月份数据\2016年10月月报及数据\2标段内观\右岸马延坡边坡\马延坡-锚索测力计.xlsx
DATA:DP-2CP,10,所有数据误差超限
DATA:DP-2CP,11,所有数据误差超限
DATA:DP-2CP,12,所有数据误差超限
DATA:DP-2CP,13,所有数据误差超限
DATA:DP-2CP,14,所有数据误差超限
DATA:DP-2CP,15,所有数据误差超限
DATA:DP-2CP,16,所有数据误差超限
DATA:DP-2CP,17,所有数据误差超限
DATA:DP-2CP,18,所有数据误差超限
DATA:DP-2CP,19,所有数据误差超限
DATA:DP-2CP,20,所有数据误差超限
DATA:DP-2CP,21,所有数据误差超限
DATA:DP-2CP,22,所有数据误差超限
DATA:DP-2CP,23,所有数据误差超限
DATA:DP-2CP,24,所有数据误差超限
DATA:DP-2CP,25,所有数据误差超限
DATA:DP-2CP,26,所有数据误差超限
DATA:DP-2CP,27,所有数据误差超限
DATA:DP-2CP,28,所有数据误差超限
DATA:DP-2CP,29,所有数据误差超限
DATA:DP-2CP,30,所有数据误差超限
DATA:DP-2CP,31,所有数据误差超限
DATA:DP-2CP,32,所有数据误差超限
DATA:DP-2CP,33,所有数据误差超限
DATA:DP-2CP,34,所有数据误差超限
DATA:DP-2CP,35,所有数据误差超限
DATA:DP-2CP,36,所有数据误差超限
DATA:DP-2CP,37,所有数据误差超限
DATA:DP-2CP,38,所有数据误差超限
DATA:DP-2CP,39,所有数据误差超限
DATA:DP-2CP,40,所有数据误差超限
DATA:DP-2CP,41,所有数据误差超限
DATA:DP-2CP,42,所有数据误差超限
DATA:DP-2CP,43,所有数据误差超限
DATA:DP-2CP,44,所有数据误差超限
DATA:DP-2CP,45,所有数据误差超限
DATA:DP-2CP,46,所有数据误差超限
DATA:DP-2CP,47,所有数据误差超限
DATA:DP-2CP,48,所有数据误差超限
DATA:DP-2CP,49,所有数据误差超限
DATA:DP-2CP,50,所有数据误差超限
DATA:DP-2CP,51,所有数据误差超限
DATA:DP-2CP,52,所有数据误差超限
DATA:DP-2CP,53,所有数据误差超限
DATA:DP-2CP,54,所有数据误差超限
DATA:DP-2CP,55,所有数据误差超限
DATA:DP-2CP,56,所有数据误差超限
DATA:DP-2CP,57,所有数据误差超限
DATA:DP-2CP,58,所有数据误差超限
DATA:DP-2CP,59,所有数据误差超限
DATA:DP-2CP,60,所有数据误差超限
DATA:DP-2CP,61,所有数据误差超限
DATA:DP-2CP,62,所有数据误差超限
DATA:DP-2CP,63,所有数据误差超限
DATA:DP-2CP,64,所有数据误差超限
DATA:DP-2CP,65,所有数据误差超限
DATA:DP-2CP,66,所有数据误差超限
DATA:DP-2CP,67,所有数据误差超限
DATA:DP-2CP,68,所有数据误差超限
DATA:DP-2CP,69,所有数据误差超限
DATA:DP-2CP,70,所有数据误差超限
DATA:DP-2CP,71,所有数据误差超限
DATA:DP-2CP,72,所有数据误差超限
DATA:DP-2CP,73,所有数据误差超限
DATA:DP-2CP,74,所有数据误差超限
DATA:DP-2CP,75,所有数据误差超限
DATA:DP-2CP,76,所有数据误差超限
DATA:DP-2CP,77,所有数据误差超限
DATA:DP-2CP,78,所有数据误差超限
DATA:DP-2CP,79,所有数据误差超限
DATA:DP-2CP,80,所有数据误差超限
DATA:DP-2CP,81,所有数据误差超限
DATA:DP-2CP,82,所有数据误差超限
DATA:DP-2CP,83,所有数据误差超限
DATA:DP-2CP,84,所有数据误差超限
DATA:DP-2CP,85,所有数据误差超限
DATA:DP-2CP,86,所有数据误差超限
DATA:DP-2CP,87,所有数据误差超限
DATA:DP-2CP,88,所有数据误差超限
DATA:DP-2CP,89,所有数据误差超限
DATA:DP-2CP,90,所有数据误差超限
DATA:DP-2CP,91,所有数据误差超限
DATA:DP-2CP,92,所有数据误差超限
DATA:DP-2CP,93,所有数据误差超限
DATA:DP-2CP,94,所有数据误差超限
DATA:DP-2CP,95,所有数据误差超限
DATA:DP-2CP,96,所有数据误差超限
DATA:DP-2CP,97,所有数据误差超限
DATA:DP-2CP,98,所有数据误差超限
DATA:DP-2CP,99,所有数据误差超限
DATA:DP-2CP,100,所有数据误差超限
DATA:DP-2CP,101,所有数据误差超限
DATA:DP-2CP,102,所有数据误差超限
DATA:DP-2CP,103,所有数据误差超限
DATA:DP-2CP,104,所有数据误差超限
DATA:DP-2CP,105,所有数据误差超限
DATA:DP-2CP,106,所有数据误差超限
DATA:DP-2CP,107,所有数据误差超限
DATA:DP-2CP,108,所有数据误差超限
DATA:DP-2CP,109,所有数据误差超限
DATA:DP-2CP,110,所有数据误差超限
DATA:DP-2CP,111,所有数据误差超限
DATA:DP-2CP,112,所有数据误差超限
DATA:DP-2CP,113,所有数据误差超限
DATA:DP-2CP,114,所有数据误差超限
DATA:DP-2CP,115,所有数据误差超限
DATA:DP-2CP,116,所有数据误差超限
DATA:DP-2CP,117,所有数据误差超限
DATA:DP-2CP,118,所有数据误差超限
DATA:DP-2CP,119,所有数据误差超限
DATA:DP-2CP,120,所有数据误差超限
DATA:DP-2CP,121,所有数据误差超限
DATA:DP-2CP,122,所有数据误差超限
DATA:DP-2CP,123,所有数据误差超限
DATA:DP-2CP,124,所有数据误差超限
DATA:DP-2CP,125,所有数据误差超限
DATA:DP-2CP,126,所有数据误差超限
DATA:DP-2CP,127,所有数据误差超限
DATA:DP-2CP,128,所有数据误差超限
DATA:DP-2CP,129,所有数据误差超限
DATA:DP-2CP,130,所有数据误差超限
DATA:DP-2CP,131,所有数据误差超限
DATA:DP-2CP,132,所有数据误差超限
DATA:DP-2CP,133,所有数据误差超限
DATA:DP-2CP,134,所有数据误差超限
DATA:DP-2CP,135,所有数据误差超限
DATA:DP-2CP,136,所有数据误差超限
DATA:DP-2CP,137,所有数据误差超限
DATA:DP-2CP,138,所有数据误差超限
DATA:DP-2CP,139,所有数据误差超限
DATA:DP-2CP,140,所有数据误差超限
DATA:DP-2CP,141,所有数据误差超限
DATA:DP-2CP,142,所有数据误差超限
DATA:DP-2CP,143,所有数据误差超限
DATA:DP-2CP,144,所有数据误差超限
DATA:DP-2CP,145,所有数据误差超限
DATA:DP-2CP,146,所有数据误差超限
DATA:DP-2CP,147,所有数据误差超限
DATA:DP-2CP,148,所有数据误差超限
DATA:DP-2CP,149,所有数据误差超限
DATA:DP-2CP,150,所有数据误差超限
DATA:DP-2CP,151,所有数据误差超限
DATA:DP-2CP,152,所有数据误差超限
DATA:DP-2CP,153,所有数据误差超限
DATA:DP-2CP,154,所有数据误差超限
DATA:DP-2CP,155,所有数据误差超限
DATA:DP-2CP,156,所有数据误差超限
DATA:DP-2CP,157,所有数据误差超限
DATA:DP-2CP,158,所有数据误差超限
DATA:DP-2CP,159,所有数据误差超限
DATA:DP-2CP,160,所有数据误差超限
DATA:DP-2CP,161,所有数据误差超限
DATA:DP-2CP,162,所有数据误差超限
DATA:DP-2CP,163,所有数据误差超限
DATA:DP-2CP,164,所有数据误差超限
DATA:DP-2CP,165,所有数据误差超限
DATA:DP-2CP,166,所有数据误差超限
DATA:DP-2CP,167,所有数据误差超限
DATA:DP-2CP,168,所有数据误差超限
DATA:DP-2CP,169,所有数据误差超限
DATA:DP-2CP,170,所有数据误差超限
DATA:DP-2CP,171,所有数据误差超限
DATA:DP-2CP,172,所有数据误差超限
DATA:DP-2CP,173,所有数据误差超限
DATA:DP-2CP,174,所有数据误差超限
DATA:DP-2CP,175,所有数据误差超限
DATA:DP-2CP,176,所有数据误差超限
DATA:DP-2CP,177,所有数据误差超限
DATA:DP-2CP,178,所有数据误差超限
DATA:DP-2CP,179,所有数据误差超限
DATA:DP-2CP,180,所有数据误差超限
DATA:DP-2CP,181,所有数据误差超限
DATA:DP-2CP,182,所有数据误差超限
DATA:DP-2CP,183,所有数据误差超限
DATA:DP-2CP,184,所有数据误差超限
DATA:DP-2CP,185,所有数据误差超限
DATA:DP-2CP,186,所有数据误差超限
FILE:2016-12-07 09:02:14,D:\AWORK\向家坝\向家坝10月份数据\2016年10月月报及数据\2标段内观\地下洞室\右岸地下主厂房\主厂房-锚索测力计.xlsx
FILE:2016-12-07 09:02:14,D:\AWORK\向家坝\向家坝10月份数据\2016年10月月报及数据\2标段内观\地下洞室\右岸地下厂房主变洞\主变洞-锚索测力计.xlsx
FILE:2016-12-07 09:02:14,D:\AWORK\向家坝\向家坝10月份数据\2016年10月月报及数据\2标段内观\地下洞室\右岸地下厂房尾水主洞(ab-678)\尾水主洞-锚索测力计.xlsx
DATA:DPa7-4,9,所有数据误差超限
FILE:2016-12-07 09:02:14,D:\AWORK\向家坝\向家坝10月份数据\2016年10月月报及数据\2标段内观\地下洞室\右岸地下厂房尾水扩散段(w)\尾水扩散段-锚索测力计.xlsx
FILE:2016-12-07 09:02:14,D:\AWORK\向家坝\向家坝10月份数据\2016年10月月报及数据\2标段内观\太平料场边坡\太平料场-锚索测力计.xlsx
FILE:2016-12-07 09:02:14,D:\AWORK\向家坝\向家坝10月份数据\2016年10月月报及数据\2标段内观\尾渣坝-右岸护坡\右岸护坡-锚索测力计.xlsx
DATA:DPh-3,10,所有数据误差超限
DATA:DPh-3,11,所有数据误差超限
DATA:DPh-3,12,所有数据误差超限
DATA:DPh-3,13,所有数据误差超限
DATA:DPh-3,14,所有数据误差超限
DATA:DPh-3,15,所有数据误差超限
DATA:DPh-3,16,所有数据误差超限
DATA:DPh-3,17,所有数据误差超限
DATA:DPh-3,18,所有数据误差超限
DATA:DPh-3,19,所有数据误差超限
DATA:DPh-3,20,所有数据误差超限
DATA:DPh-7,10,所有数据误差超限
DATA:DPh-7,11,所有数据误差超限
DATA:DPh-7,12,所有数据误差超限
DATA:DPh-7,13,所有数据误差超限
DATA:DPh-7,14,所有数据误差超限
DATA:DPh-7,15,所有数据误差超限
DATA:DPh-7,16,所有数据误差超限
DATA:DPh-7,17,所有数据误差超限
DATA:DPh-7,18,所有数据误差超限
DATA:DPh-7,19,所有数据误差超限
FILE:2016-12-07 09:02:14,D:\AWORK\向家坝\向家坝10月份数据\2016年10月月报及数据\2标段内观\左岸高边坡\左岸边坡-锚索测力计计算表.xlsx
DATA:Dp-1,11,Cannot get a numeric value from a text cell
DATA:Dp-1,12,Cannot get a numeric value from a text cell
DATA:Dp-1,13,Cannot get a numeric value from a text cell
DATA:Dp-1,14,Cannot get a numeric value from a text cell
DATA:Dp-1,15,Cannot get a numeric value from a text cell
DATA:Dp-1,16,Cannot get a numeric value from a text cell
DATA:Dp-1,17,Cannot get a numeric value from a text cell
FILE:2016-12-07 09:02:14,D:\AWORK\向家坝\向家坝10月份数据\2016年10月月报及数据\2标段内观\进水口边坡\进水口边坡-锚索测力计.xlsx
DATA:DPC-4,87,所有数据误差超限
DATA:DPC-4,99,所有数据误差超限
DATA:DPC-4,457,所有数据误差超限
DATA:DPC-7,21,所有数据误差超限
DATA:DPC-7,22,所有数据误差超限
DATA:DPC-7,23,所有数据误差超限
DATA:DPC-7,36,所有数据误差超限
DATA:DPC-7,37,所有数据误差超限
DATA:DPC-7,38,所有数据误差超限
DATA:DPC-7,39,所有数据误差超限
DATA:DPC-7,40,所有数据误差超限
DATA:DPC-7,57,所有数据误差超限
DATA:DPC-7,87,所有数据误差超限
DATA:DPC-7,93,所有数据误差超限
DATA:DPC-7,100,所有数据误差超限
DATA:DPC-7,140,所有数据误差超限
DATA:DPC-7,141,所有数据误差超限
DATA:DPC-7,142,所有数据误差超限
DATA:DPC-7,143,所有数据误差超限
DATA:DPC-7,429,所有数据误差超限
DATA:DPC-8,43,所有数据误差超限
DATA:DPC-8,44,所有数据误差超限
FILE:2016-12-07 09:02:14,D:\AWORK\向家坝\向家坝10月份数据\干渠2016年11月工程数据库\北干渠监测数据\锚索测力计.xlsx
FILE:2016-12-07 09:25:03,D:\AWORK\向家坝\向家坝10月份数据\2016年10月月报及数据\2标段内观\出水口边坡\出水口边坡-锚索测力计.xlsx
FILE:2016-12-07 09:25:03,D:\AWORK\向家坝\向家坝10月份数据\2016年10月月报及数据\2标段内观\右岸马延坡边坡\马延坡-锚索测力计.xlsx
FILE:2016-12-07 09:25:03,D:\AWORK\向家坝\向家坝10月份数据\2016年10月月报及数据\2标段内观\地下洞室\右岸地下主厂房\主厂房-锚索测力计.xlsx
FILE:2016-12-07 09:25:03,D:\AWORK\向家坝\向家坝10月份数据\2016年10月月报及数据\2标段内观\地下洞室\右岸地下厂房主变洞\主变洞-锚索测力计.xlsx
FILE:2016-12-07 09:25:03,D:\AWORK\向家坝\向家坝10月份数据\2016年10月月报及数据\2标段内观\地下洞室\右岸地下厂房尾水主洞(ab-678)\尾水主洞-锚索测力计.xlsx
DATA:DPa7-4,9,所有数据误差超限
FILE:2016-12-07 09:25:03,D:\AWORK\向家坝\向家坝10月份数据\2016年10月月报及数据\2标段内观\地下洞室\右岸地下厂房尾水扩散段(w)\尾水扩散段-锚索测力计.xlsx
FILE:2016-12-07 09:25:03,D:\AWORK\向家坝\向家坝10月份数据\2016年10月月报及数据\2标段内观\太平料场边坡\太平料场-锚索测力计.xlsx
FILE:2016-12-07 09:25:03,D:\AWORK\向家坝\向家坝10月份数据\2016年10月月报及数据\2标段内观\尾渣坝-右岸护坡\右岸护坡-锚索测力计.xlsx
DATA:DPh-3,10,所有数据误差超限
DATA:DPh-3,11,所有数据误差超限
DATA:DPh-3,12,所有数据误差超限
DATA:DPh-3,13,所有数据误差超限
DATA:DPh-3,14,所有数据误差超限
DATA:DPh-3,15,所有数据误差超限
DATA:DPh-3,16,所有数据误差超限
DATA:DPh-3,17,所有数据误差超限
DATA:DPh-3,18,所有数据误差超限
DATA:DPh-3,19,所有数据误差超限
DATA:DPh-3,20,所有数据误差超限
DATA:DPh-7,10,所有数据误差超限
DATA:DPh-7,11,所有数据误差超限
DATA:DPh-7,12,所有数据误差超限
DATA:DPh-7,13,所有数据误差超限
DATA:DPh-7,14,所有数据误差超限
DATA:DPh-7,15,所有数据误差超限
DATA:DPh-7,16,所有数据误差超限
DATA:DPh-7,17,所有数据误差超限
DATA:DPh-7,18,所有数据误差超限
DATA:DPh-7,19,所有数据误差超限
FILE:2016-12-07 09:25:03,D:\AWORK\向家坝\向家坝10月份数据\2016年10月月报及数据\2标段内观\左岸高边坡\左岸边坡-锚索测力计计算表.xlsx
DATA:Dp-1,11,Cannot get a numeric value from a text cell
DATA:Dp-1,12,Cannot get a numeric value from a text cell
DATA:Dp-1,13,Cannot get a numeric value from a text cell
DATA:Dp-1,14,Cannot get a numeric value from a text cell
DATA:Dp-1,15,Cannot get a numeric value from a text cell
DATA:Dp-1,16,Cannot get a numeric value from a text cell
DATA:Dp-1,17,Cannot get a numeric value from a text cell
FILE:2016-12-07 09:25:03,D:\AWORK\向家坝\向家坝10月份数据\2016年10月月报及数据\2标段内观\进水口边坡\进水口边坡-锚索测力计.xlsx
FILE:2016-12-07 09:25:03,D:\AWORK\向家坝\向家坝10月份数据\干渠2016年11月工程数据库\北干渠监测数据\锚索测力计.xlsx
FILE:2016-12-07 09:28:33,D:\AWORK\向家坝\向家坝10月份数据\2016年10月月报及数据\2标段内观\出水口边坡\出水口边坡-锚索测力计.xlsx
FILE:2016-12-07 09:28:33,D:\AWORK\向家坝\向家坝10月份数据\2016年10月月报及数据\2标段内观\右岸马延坡边坡\马延坡-锚索测力计.xlsx
FILE:2016-12-07 09:28:33,D:\AWORK\向家坝\向家坝10月份数据\2016年10月月报及数据\2标段内观\地下洞室\右岸地下主厂房\主厂房-锚索测力计.xlsx
FILE:2016-12-07 09:28:33,D:\AWORK\向家坝\向家坝10月份数据\2016年10月月报及数据\2标段内观\地下洞室\右岸地下厂房主变洞\主变洞-锚索测力计.xlsx
FILE:2016-12-07 09:28:33,D:\AWORK\向家坝\向家坝10月份数据\2016年10月月报及数据\2标段内观\地下洞室\右岸地下厂房尾水主洞(ab-678)\尾水主洞-锚索测力计.xlsx
FILE:2016-12-07 09:28:33,D:\AWORK\向家坝\向家坝10月份数据\2016年10月月报及数据\2标段内观\地下洞室\右岸地下厂房尾水扩散段(w)\尾水扩散段-锚索测力计.xlsx
FILE:2016-12-07 09:28:33,D:\AWORK\向家坝\向家坝10月份数据\2016年10月月报及数据\2标段内观\太平料场边坡\太平料场-锚索测力计.xlsx
FILE:2016-12-07 09:28:33,D:\AWORK\向家坝\向家坝10月份数据\2016年10月月报及数据\2标段内观\尾渣坝-右岸护坡\右岸护坡-锚索测力计.xlsx
FILE:2016-12-07 09:28:33,D:\AWORK\向家坝\向家坝10月份数据\2016年10月月报及数据\2标段内观\左岸高边坡\左岸边坡-锚索测力计计算表.xlsx
FILE:2016-12-07 09:28:33,D:\AWORK\向家坝\向家坝10月份数据\2016年10月月报及数据\2标段内观\进水口边坡\进水口边坡-锚索测力计.xlsx
FILE:2016-12-07 09:28:33,D:\AWORK\向家坝\向家坝10月份数据\干渠2016年11月工程数据库\北干渠监测数据\锚索测力计.xlsx
FILE:2016-12-07 09:44:57,D:\AWORK\向家坝\向家坝10月份数据\2016年10月月报及数据\2标段内观\出水口边坡\出水口边坡-锚索测力计.xlsx
FILE:2016-12-07 09:44:57,D:\AWORK\向家坝\向家坝10月份数据\2016年10月月报及数据\2标段内观\右岸马延坡边坡\马延坡-锚索测力计.xlsx
FILE:2016-12-07 09:44:57,D:\AWORK\向家坝\向家坝10月份数据\2016年10月月报及数据\2标段内观\地下洞室\右岸地下主厂房\主厂房-锚索测力计.xlsx
FILE:2016-12-07 09:44:57,D:\AWORK\向家坝\向家坝10月份数据\2016年10月月报及数据\2标段内观\地下洞室\右岸地下厂房主变洞\主变洞-锚索测力计.xlsx
FILE:2016-12-07 09:44:57,D:\AWORK\向家坝\向家坝10月份数据\2016年10月月报及数据\2标段内观\地下洞室\右岸地下厂房尾水主洞(ab-678)\尾水主洞-锚索测力计.xlsx
FILE:2016-12-07 09:44:57,D:\AWORK\向家坝\向家坝10月份数据\2016年10月月报及数据\2标段内观\地下洞室\右岸地下厂房尾水扩散段(w)\尾水扩散段-锚索测力计.xlsx
FILE:2016-12-07 09:44:57,D:\AWORK\向家坝\向家坝10月份数据\2016年10月月报及数据\2标段内观\太平料场边坡\太平料场-锚索测力计.xlsx
FILE:2016-12-07 09:44:57,D:\AWORK\向家坝\向家坝10月份数据\2016年10月月报及数据\2标段内观\尾渣坝-右岸护坡\右岸护坡-锚索测力计.xlsx
FILE:2016-12-07 09:44:57,D:\AWORK\向家坝\向家坝10月份数据\2016年10月月报及数据\2标段内观\左岸高边坡\左岸边坡-锚索测力计计算表.xlsx
FILE:2016-12-07 09:44:57,D:\AWORK\向家坝\向家坝10月份数据\2016年10月月报及数据\2标段内观\进水口边坡\进水口边坡-锚索测力计.xlsx
FILE:2016-12-07 09:44:57,D:\AWORK\向家坝\向家坝10月份数据\干渠2016年11月工程数据库\北干渠监测数据\锚索测力计.xlsx
FILE:2016-12-07 11:17:30,D:\AWORK\向家坝\向家坝10月份数据\10月数据\钢筋计、钢板计、锚杆应力计、压应力计\压应力计（二期）.xlsx
DATA:CE-1,303,数据误差超限
DATA:CE-1,304,数据误差超限
DATA:CE-1,305,数据误差超限
DATA:CE-1,306,数据误差超限
DATA:CE-1,307,数据误差超限
DATA:CE-1,309,数据误差超限
DATA:CE-1,311,数据误差超限
DATA:CE-1,313,数据误差超限
DATA:CE-1,314,数据误差超限
DATA:CE-1,315,数据误差超限
DATA:CE-1,318,数据误差超限
DATA:CE-1,319,数据误差超限
DATA:CE-1,320,数据误差超限
DATA:CE-1,321,数据误差超限
DATA:CE-1,322,数据误差超限
DATA:CE-1,323,数据误差超限
DATA:CE-1,324,数据误差超限
DATA:CE-1,325,数据误差超限
DATA:CE-1,326,数据误差超限
DATA:CE-1,327,数据误差超限
DATA:CE-1,328,数据误差超限
DATA:CE-4,235,数据误差超限
DATA:CE-4,238,数据误差超限
DATA:CE-4,242,数据误差超限
DATA:CE-4,243,数据误差超限
DATA:CE-4,244,数据误差超限
DATA:CE-4,245,数据误差超限
FILE:2016-12-07 11:17:40,D:\AWORK\向家坝\向家坝10月份数据\10月数据\钢筋计、钢板计、锚杆应力计、压应力计\压应力计（二期）.xlsx
DATA:CE-1,326,数据误差超限
DATA:CE-1,327,数据误差超限
DATA:CE-1,328,数据误差超限
DATA:CE-4,235,数据误差超限
DATA:CE-4,238,数据误差超限
DATA:CE-4,242,数据误差超限
DATA:CE-4,243,数据误差超限
FILE:2016-12-07 03:42:11,D:\AWORK\向家坝\向家坝10月份数据\10月数据\钢筋计、钢板计、锚杆应力计、压应力计\压应力计（二期）.xlsx
DATA:CE-1,303,数据误差超限
DATA:CE-1,304,数据误差超限
DATA:CE-1,305,数据误差超限
DATA:CE-1,306,数据误差超限
DATA:CE-1,307,数据误差超限
DATA:CE-1,309,数据误差超限
DATA:CE-1,311,数据误差超限
DATA:CE-1,313,数据误差超限
DATA:CE-1,314,数据误差超限
DATA:CE-1,315,数据误差超限
DATA:CE-1,318,数据误差超限
DATA:CE-1,319,数据误差超限
DATA:CE-1,320,数据误差超限
DATA:CE-1,321,数据误差超限
DATA:CE-1,322,数据误差超限
DATA:CE-1,323,数据误差超限
DATA:CE-1,324,数据误差超限
DATA:CE-1,325,数据误差超限
DATA:CE-1,326,数据误差超限
DATA:CE-1,327,数据误差超限
DATA:CE-1,328,数据误差超限
DATA:CE-4,235,数据误差超限
DATA:CE-4,238,数据误差超限
DATA:CE-4,242,数据误差超限
DATA:CE-4,243,数据误差超限
DATA:CE-4,244,数据误差超限
DATA:CE-4,245,数据误差超限
FILE:2016-12-07 04:25:03,D:\AWORK\向家坝\向家坝10月份数据\2016年10月月报及数据\2标段内观\地下洞室\右岸地下主厂房\主厂房-岩锚梁混凝土单向应变计与无应力计.xlsx
FILE:2016-12-07 04:25:03,D:\AWORK\向家坝\向家坝10月份数据\2016年10月月报及数据\2标段内观\地下洞室\右岸地下厂房尾水主洞(ab-678)\尾水主洞-单向应变计与无应力计.xlsx
DATA:Nb8-1,142,数据误差超限无应力计
FILE:2016-12-07 04:25:03,D:\AWORK\向家坝\向家坝10月份数据\2016年10月月报及数据\2标段内观\地下洞室\右岸地下厂房尾水扩散段(w)\尾水扩散段-单向应变计与无应力计.xlsx
FILE:2016-12-07 04:25:03,D:\AWORK\向家坝\向家坝10月份数据\2016年10月月报及数据\2标段内观\地下洞室\右岸地下厂房尾水支洞(ab-5)\尾水支洞-单向应变计与无应力计.xlsx
FILE:2016-12-07 04:25:03,D:\AWORK\向家坝\向家坝10月份数据\2016年10月月报及数据\2标段内观\地下洞室\右岸地下厂房引水洞(ab-1234)\引水洞-单向应变计与无应力计.xlsx
FILE:2016-12-07 04:25:03,D:\AWORK\向家坝\向家坝10月份数据\2016年10月月报及数据\2标段内观\地下洞室\右岸进厂交通洞\右岸交通洞-单向应变计与无应力计.xlsx
FILE:2016-12-07 04:25:03,D:\AWORK\向家坝\向家坝10月份数据\2016年10月月报及数据\2标段内观\左岸高边坡\左岸边坡-单向应变计与无应力计.xlsx
FILE:2016-12-07 04:25:03,D:\AWORK\向家坝\向家坝10月份数据\干渠2016年11月工程数据库\南干渠监测数据\应变计.xlsx
