FILE:2016-12-10 05:28:00,D:\AWORK\向家坝\向家坝11月数据\2016年11月月报及数据\2016年11月月报及数据\2标段内观\出水口边坡\出水口边坡-锚索测力计.xlsx
FILE:2016-12-10 05:28:00,D:\AWORK\向家坝\向家坝11月数据\2016年11月月报及数据\2016年11月月报及数据\2标段内观\右岸马延坡边坡\马延坡-锚索测力计.xlsx
FILE:2016-12-10 05:28:00,D:\AWORK\向家坝\向家坝11月数据\2016年11月月报及数据\2016年11月月报及数据\2标段内观\地下洞室\右岸地下主厂房\主厂房-锚索测力计.xlsx
FILE:2016-12-10 05:28:00,D:\AWORK\向家坝\向家坝11月数据\2016年11月月报及数据\2016年11月月报及数据\2标段内观\地下洞室\右岸地下厂房主变洞\主变洞-锚索测力计.xlsx
FILE:2016-12-10 05:28:00,D:\AWORK\向家坝\向家坝11月数据\2016年11月月报及数据\2016年11月月报及数据\2标段内观\地下洞室\右岸地下厂房尾水主洞(ab-678)\尾水主洞-锚索测力计.xlsx
FILE:2016-12-10 05:28:00,D:\AWORK\向家坝\向家坝11月数据\2016年11月月报及数据\2016年11月月报及数据\2标段内观\地下洞室\右岸地下厂房尾水扩散段(w)\尾水扩散段-锚索测力计.xlsx
FILE:2016-12-10 05:28:00,D:\AWORK\向家坝\向家坝11月数据\2016年11月月报及数据\2016年11月月报及数据\2标段内观\太平料场边坡\太平料场-锚索测力计.xlsx
FILE:2016-12-10 05:28:00,D:\AWORK\向家坝\向家坝11月数据\2016年11月月报及数据\2016年11月月报及数据\2标段内观\尾渣坝-右岸护坡\右岸护坡-锚索测力计.xlsx
DATA:DPh-3,74,所有数据误差超限
DATA:DPh-3,75,所有数据误差超限
DATA:DPh-3,76,所有数据误差超限
DATA:DPh-3,77,所有数据误差超限
DATA:DPh-3,78,所有数据误差超限
DATA:DPh-3,79,所有数据误差超限
DATA:DPh-3,80,所有数据误差超限
DATA:DPh-3,81,所有数据误差超限
DATA:DPh-3,82,所有数据误差超限
DATA:DPh-3,83,所有数据误差超限
DATA:DPh-3,84,所有数据误差超限
DATA:DPh-3,85,所有数据误差超限
DATA:DPh-3,86,所有数据误差超限
DATA:DPh-3,87,所有数据误差超限
DATA:DPh-3,88,所有数据误差超限
DATA:DPh-3,89,所有数据误差超限
DATA:DPh-3,90,所有数据误差超限
DATA:DPh-3,91,所有数据误差超限
DATA:DPh-3,92,所有数据误差超限
DATA:DPh-3,93,所有数据误差超限
DATA:DPh-3,94,所有数据误差超限
DATA:DPh-3,95,所有数据误差超限
DATA:DPh-3,96,所有数据误差超限
DATA:DPh-3,97,所有数据误差超限
DATA:DPh-3,98,所有数据误差超限
DATA:DPh-3,129,所有数据误差超限
DATA:DPh-3,132,所有数据误差超限
DATA:DPh-3,133,所有数据误差超限
DATA:DPh-3,134,所有数据误差超限
DATA:DPh-3,135,所有数据误差超限
DATA:DPh-3,136,所有数据误差超限
DATA:DPh-3,156,所有数据误差超限
DATA:DPh-3,159,所有数据误差超限
DATA:DPh-3,160,所有数据误差超限
DATA:DPh-7,71,所有数据误差超限
DATA:DPh-7,72,所有数据误差超限
DATA:DPh-7,74,所有数据误差超限
DATA:DPh-7,89,所有数据误差超限
DATA:DPh-7,94,所有数据误差超限
DATA:DPh-7,95,所有数据误差超限
DATA:DPh-7,96,所有数据误差超限
DATA:DPh-7,97,所有数据误差超限
DATA:DPh-7,98,所有数据误差超限
DATA:DPh-7,99,所有数据误差超限
DATA:DPh-7,100,所有数据误差超限
DATA:DPh-7,101,所有数据误差超限
DATA:DPh-7,102,所有数据误差超限
DATA:DPh-7,118,所有数据误差超限
DATA:DPh-7,122,所有数据误差超限
DATA:DPh-7,123,所有数据误差超限
DATA:DPh-7,145,所有数据误差超限
DATA:DPh-7,146,所有数据误差超限
DATA:DPh-7,147,所有数据误差超限
FILE:2016-12-10 05:28:00,D:\AWORK\向家坝\向家坝11月数据\2016年11月月报及数据\2016年11月月报及数据\2标段内观\左岸高边坡\左岸边坡-锚索测力计计算表.xlsx
FILE:2016-12-10 05:28:00,D:\AWORK\向家坝\向家坝11月数据\2016年11月月报及数据\2016年11月月报及数据\2标段内观\进水口边坡\进水口边坡-锚索测力计.xlsx
FILE:2016-12-10 05:32:31,D:\AWORK\向家坝\向家坝11月数据\2016年11月月报及数据\2016年11月月报及数据\2标段内观\出水口边坡\出水口边坡-锚索测力计.xlsx
FILE:2016-12-10 05:32:31,D:\AWORK\向家坝\向家坝11月数据\2016年11月月报及数据\2016年11月月报及数据\2标段内观\右岸马延坡边坡\马延坡-锚索测力计.xlsx
FILE:2016-12-10 05:32:31,D:\AWORK\向家坝\向家坝11月数据\2016年11月月报及数据\2016年11月月报及数据\2标段内观\地下洞室\右岸地下主厂房\主厂房-锚索测力计.xlsx
FILE:2016-12-10 05:32:31,D:\AWORK\向家坝\向家坝11月数据\2016年11月月报及数据\2016年11月月报及数据\2标段内观\地下洞室\右岸地下厂房主变洞\主变洞-锚索测力计.xlsx
FILE:2016-12-10 05:32:31,D:\AWORK\向家坝\向家坝11月数据\2016年11月月报及数据\2016年11月月报及数据\2标段内观\地下洞室\右岸地下厂房尾水主洞(ab-678)\尾水主洞-锚索测力计.xlsx
FILE:2016-12-10 05:32:31,D:\AWORK\向家坝\向家坝11月数据\2016年11月月报及数据\2016年11月月报及数据\2标段内观\地下洞室\右岸地下厂房尾水扩散段(w)\尾水扩散段-锚索测力计.xlsx
FILE:2016-12-10 05:32:31,D:\AWORK\向家坝\向家坝11月数据\2016年11月月报及数据\2016年11月月报及数据\2标段内观\太平料场边坡\太平料场-锚索测力计.xlsx
FILE:2016-12-10 05:32:31,D:\AWORK\向家坝\向家坝11月数据\2016年11月月报及数据\2016年11月月报及数据\2标段内观\尾渣坝-右岸护坡\右岸护坡-锚索测力计.xlsx
DATA:DPh-3,74,所有数据误差超限
DATA:DPh-3,75,所有数据误差超限
DATA:DPh-3,76,所有数据误差超限
DATA:DPh-3,77,所有数据误差超限
DATA:DPh-3,78,所有数据误差超限
DATA:DPh-3,79,所有数据误差超限
DATA:DPh-3,80,所有数据误差超限
DATA:DPh-3,81,所有数据误差超限
DATA:DPh-3,82,所有数据误差超限
DATA:DPh-3,83,所有数据误差超限
DATA:DPh-3,84,所有数据误差超限
DATA:DPh-3,85,所有数据误差超限
DATA:DPh-3,86,所有数据误差超限
DATA:DPh-3,87,所有数据误差超限
DATA:DPh-3,88,所有数据误差超限
DATA:DPh-3,89,所有数据误差超限
DATA:DPh-3,90,所有数据误差超限
DATA:DPh-3,91,所有数据误差超限
DATA:DPh-3,92,所有数据误差超限
DATA:DPh-3,93,所有数据误差超限
DATA:DPh-3,94,所有数据误差超限
DATA:DPh-3,95,所有数据误差超限
DATA:DPh-3,96,所有数据误差超限
DATA:DPh-3,97,所有数据误差超限
DATA:DPh-3,98,所有数据误差超限
DATA:DPh-3,129,所有数据误差超限
DATA:DPh-3,132,所有数据误差超限
DATA:DPh-3,133,所有数据误差超限
DATA:DPh-3,134,所有数据误差超限
DATA:DPh-3,135,所有数据误差超限
DATA:DPh-3,136,所有数据误差超限
DATA:DPh-3,156,所有数据误差超限
DATA:DPh-3,159,所有数据误差超限
DATA:DPh-3,160,所有数据误差超限
DATA:DPh-7,71,所有数据误差超限
DATA:DPh-7,72,所有数据误差超限
DATA:DPh-7,74,所有数据误差超限
DATA:DPh-7,89,所有数据误差超限
DATA:DPh-7,94,所有数据误差超限
DATA:DPh-7,95,所有数据误差超限
DATA:DPh-7,96,所有数据误差超限
DATA:DPh-7,97,所有数据误差超限
DATA:DPh-7,98,所有数据误差超限
DATA:DPh-7,99,所有数据误差超限
DATA:DPh-7,100,所有数据误差超限
DATA:DPh-7,101,所有数据误差超限
DATA:DPh-7,102,所有数据误差超限
DATA:DPh-7,118,所有数据误差超限
DATA:DPh-7,122,所有数据误差超限
DATA:DPh-7,123,所有数据误差超限
DATA:DPh-7,145,所有数据误差超限
DATA:DPh-7,146,所有数据误差超限
DATA:DPh-7,147,所有数据误差超限
FILE:2016-12-10 05:32:31,D:\AWORK\向家坝\向家坝11月数据\2016年11月月报及数据\2016年11月月报及数据\2标段内观\左岸高边坡\左岸边坡-锚索测力计计算表.xlsx
FILE:2016-12-10 05:32:31,D:\AWORK\向家坝\向家坝11月数据\2016年11月月报及数据\2016年11月月报及数据\2标段内观\进水口边坡\进水口边坡-锚索测力计.xlsx
