FILE:2016-10-22 10:27:32,D:\AWORK\向家坝\向家坝数据\空间公司上报的2016年9月月报及数据\2标段内观\地下洞室\右岸地下主厂房\主厂房-岩锚梁混凝土裂缝计.xlsx
FILE:2016-10-22 10:27:32,D:\AWORK\向家坝\向家坝数据\9月数据(2016.9)\9月数据\测缝计、裂缝计、位错计\11#机测缝计.xlsx
DATA:J011-2,63,数据误差超限
DATA:J011-2,61,数据误差超限
DATA:J011-3,74,数据误差超限
DATA:J011-3,72,数据误差超限
DATA:J011-10,65,数据误差超限
FILE:2016-10-22 10:27:32,D:\AWORK\向家坝\向家坝数据\空间公司上报的2016年9月月报及数据\2标段内观\地下洞室\右岸地下厂房尾水支洞(ab-5)\尾水支洞-测缝计.xlsx
FILE:2016-10-22 10:27:32,D:\AWORK\向家坝\向家坝数据\空间公司上报的2016年9月月报及数据\2标段内观\地下洞室\右岸地下厂房243高程以下(j)\243高程以下-测缝计.xlsx
FILE:2016-10-22 10:27:32,D:\AWORK\向家坝\向家坝数据\9月数据(2016.9)\9月数据\测缝计、裂缝计、位错计\导流底孔测缝计.xlsx
DATA:Jd3-5,215,数据误差超限
DATA:Jd3-5,214,数据误差超限
FILE:2016-10-22 10:27:32,D:\AWORK\向家坝\向家坝数据\空间公司上报的2016年9月月报及数据\2标段内观\地下洞室\右岸地下厂房尾水主洞(ab-678)\尾水主洞-测缝计.xlsx
FILE:2016-10-22 10:27:32,D:\AWORK\向家坝\向家坝数据\空间公司上报的2016年9月月报及数据\2标段内观\地下洞室\右岸地下厂房引水洞(ab-1234)\引水洞-测缝计.xlsx
FILE:2016-10-22 10:27:32,D:\AWORK\向家坝\向家坝数据\空间公司上报的2016年9月月报及数据\2标段内观\地下洞室\右岸地下厂房尾水扩散段(w)\尾水扩散段-测缝计.xlsx
FILE:2016-10-22 10:27:32,D:\AWORK\向家坝\向家坝数据\9月数据(2016.9)\9月数据\测缝计、裂缝计、位错计\裂缝计（一期）.xlsx
DATA:LF1-1,299,数据误差超限
DATA:LF1-1,298,数据误差超限
DATA:LF1-1,297,数据误差超限
DATA:LF1-1,296,数据误差超限
DATA:LF1-1,295,数据误差超限
DATA:LF1-1,294,数据误差超限
DATA:LF1-2,397,数据误差超限
FILE:2016-10-22 10:27:32,D:\AWORK\向家坝\向家坝数据\干渠9月工程数据库\南干渠监测数据\测缝计.xlsx
FILE:2016-10-22 10:27:32,D:\AWORK\向家坝\向家坝数据\空间公司上报的2016年9月月报及数据\2标段内观\地下洞室\右岸地下厂房水轮机蜗壳(o)\蜗壳-测缝计.xlsx
FILE:2016-10-22 10:27:32,D:\AWORK\向家坝\向家坝数据\空间公司上报的2016年9月月报及数据\2标段内观\地下洞室\右岸地下主厂房\主厂房-岩锚梁测缝计.xlsx
DATA:Jy7-1,31,数据误差超限
FILE:2016-10-22 10:27:32,D:\AWORK\向家坝\向家坝数据\空间公司上报的2016年9月月报及数据\2标段内观\左岸高边坡\左岸边坡-测缝计.xlsx
FILE:2016-10-22 10:27:32,D:\AWORK\向家坝\向家坝数据\空间公司上报的2016年9月月报及数据\2标段内观\地下洞室\右岸地下主厂房\主厂房-岩锚梁混凝土测缝计.xlsx
FILE:2016-10-22 10:27:32,D:\AWORK\向家坝\向家坝数据\9月数据(2016.9)\9月数据\测缝计、裂缝计、位错计\位错计（一期+二期）.xls
DATA:WCL-1z,302,关键字 'where' 附近有语法错误。
DATA:WCL-1x,296,关键字 'where' 附近有语法错误。
DATA:WCL-1x,295,关键字 'where' 附近有语法错误。
DATA:WCL-1z,291,关键字 'where' 附近有语法错误。
DATA:WCL-1z,290,关键字 'where' 附近有语法错误。
DATA:WCL-2x,291,关键字 'where' 附近有语法错误。
DATA:WCL-3z,248,测值异常
DATA:WCL-5x,292,关键字 'where' 附近有语法错误。
DATA:WCL-5y,248,测值异常
DATA:WCL-5z,248,测值异常
DATA:WCL-6x,301,关键字 'where' 附近有语法错误。
DATA:WCL-6y,301,关键字 'where' 附近有语法错误。
DATA:WCL-6x,299,关键字 'where' 附近有语法错误。
DATA:WCL-6z,297,关键字 'where' 附近有语法错误。
DATA:WCL-6x,293,关键字 'where' 附近有语法错误。
DATA:WCL-6z,293,关键字 'where' 附近有语法错误。
DATA:WCL-6x,292,关键字 'where' 附近有语法错误。
DATA:WCL-7x,310,关键字 'where' 附近有语法错误。
DATA:WCL-7x,304,关键字 'where' 附近有语法错误。
DATA:WCL-7x,298,关键字 'where' 附近有语法错误。
DATA:WCL-7y,298,关键字 'where' 附近有语法错误。
DATA:WCL-7x,297,关键字 'where' 附近有语法错误。
DATA:WCL-7x,296,关键字 'where' 附近有语法错误。
DATA:WCL-7x,231,该字符串未被识别为有效的 DateTime。
DATA:WCL-7y,231,该字符串未被识别为有效的 DateTime。
DATA:WCL-7z,231,该字符串未被识别为有效的 DateTime。
DATA:WCL-8x,292,关键字 'where' 附近有语法错误。
DATA:WCL-10z,292,关键字 'where' 附近有语法错误。
DATA:WCL-10z,291,关键字 'where' 附近有语法错误。
FILE:2016-10-22 10:27:32,D:\AWORK\向家坝\向家坝数据\9月数据(2016.9)\9月数据\测缝计、裂缝计、位错计\光纤测缝计（二期）.xlsx
FILE:2016-10-22 10:27:32,D:\AWORK\向家坝\向家坝数据\9月数据(2016.9)\9月数据\测缝计、裂缝计、位错计\测缝计（一期）.xlsx
DATA:JD-1,211,数据误差超限
DATA:JD-1,206,数据误差超限
DATA:JD-1,205,数据误差超限
DATA:JD-1,204,数据误差超限
DATA:JD-1,203,数据误差超限
DATA:JD-1,202,数据误差超限
DATA:JD-1,201,数据误差超限
DATA:JD-16,109,数据误差超限
FILE:2016-10-22 10:27:32,D:\AWORK\向家坝\向家坝数据\9月数据(2016.9)\9月数据\测缝计、裂缝计、位错计\测缝计（二期）.xlsx
DATA:KG-1,35,数据误差超限
DATA:K-G-9,312,数据误差超限
DATA:KG-11,312,数据误差超限
DATA:KG-11,282,数据误差超限
DATA:KG-11,278,数据误差超限
DATA:KG-11,275,数据误差超限
DATA:KG-11,252,数据误差超限
DATA:KG-11,250,测值异常
DATA:KG-11,247,测值异常
DATA:KG-11,246,测值异常
DATA:KG-11,245,测值异常
DATA:KG-11,244,测值异常
DATA:KG-11,243,测值异常
DATA:KG-11,242,测值异常
DATA:KG-11,241,测值异常
DATA:KG-11,240,测值异常
DATA:KG-11,239,测值异常
DATA:KG-11,238,测值异常
DATA:JT-2,266,数据误差超限
DATA:JT-2,265,数据误差超限
DATA:JT-7,357,数据误差超限
DATA:JT-7,356,数据误差超限
DATA:J-H-3,631,测值异常
DATA:J-H-3,611,测值异常
DATA:J3-13,198,数据误差超限
DATA:J3-14,129,数据误差超限
DATA:J3-16,129,数据误差超限
DATA:J3-16,117,数据误差超限
FILE:2016-10-22 10:30:35,D:\AWORK\向家坝\向家坝数据\9月数据(2016.9)\9月数据\测缝计、裂缝计、位错计\11#机测缝计.xlsx
FILE:2016-10-22 10:30:35,D:\AWORK\向家坝\向家坝数据\空间公司上报的2016年9月月报及数据\2标段内观\地下洞室\右岸地下厂房水轮机蜗壳(o)\蜗壳-测缝计.xlsx
FILE:2016-10-22 10:30:35,D:\AWORK\向家坝\向家坝数据\空间公司上报的2016年9月月报及数据\2标段内观\左岸高边坡\左岸边坡-测缝计.xlsx
FILE:2016-10-22 10:30:35,D:\AWORK\向家坝\向家坝数据\9月数据(2016.9)\9月数据\测缝计、裂缝计、位错计\导流底孔测缝计.xlsx
FILE:2016-10-22 10:30:35,D:\AWORK\向家坝\向家坝数据\9月数据(2016.9)\9月数据\测缝计、裂缝计、位错计\测缝计（一期）.xlsx
FILE:2016-10-22 10:30:35,D:\AWORK\向家坝\向家坝数据\9月数据(2016.9)\9月数据\测缝计、裂缝计、位错计\测缝计（二期）.xlsx
FILE:2016-10-22 10:30:35,D:\AWORK\向家坝\向家坝数据\9月数据(2016.9)\9月数据\测缝计、裂缝计、位错计\裂缝计（一期）.xlsx
FILE:2016-10-22 10:30:35,D:\AWORK\向家坝\向家坝数据\干渠9月工程数据库\南干渠监测数据\测缝计.xlsx
FILE:2016-10-22 10:30:35,D:\AWORK\向家坝\向家坝数据\空间公司上报的2016年9月月报及数据\2标段内观\地下洞室\右岸地下厂房尾水主洞(ab-678)\尾水主洞-测缝计.xlsx
FILE:2016-10-22 10:30:35,D:\AWORK\向家坝\向家坝数据\空间公司上报的2016年9月月报及数据\2标段内观\地下洞室\右岸地下厂房尾水扩散段(w)\尾水扩散段-测缝计.xlsx
FILE:2016-10-22 10:30:35,D:\AWORK\向家坝\向家坝数据\空间公司上报的2016年9月月报及数据\2标段内观\地下洞室\右岸地下主厂房\主厂房-岩锚梁测缝计.xlsx
FILE:2016-10-22 10:30:35,D:\AWORK\向家坝\向家坝数据\空间公司上报的2016年9月月报及数据\2标段内观\地下洞室\右岸地下厂房尾水支洞(ab-5)\尾水支洞-测缝计.xlsx
FILE:2016-10-22 10:30:35,D:\AWORK\向家坝\向家坝数据\空间公司上报的2016年9月月报及数据\2标段内观\地下洞室\右岸地下主厂房\主厂房-岩锚梁混凝土裂缝计.xlsx
FILE:2016-10-22 10:30:35,D:\AWORK\向家坝\向家坝数据\空间公司上报的2016年9月月报及数据\2标段内观\地下洞室\右岸地下主厂房\主厂房-岩锚梁混凝土测缝计.xlsx
FILE:2016-10-22 10:30:35,D:\AWORK\向家坝\向家坝数据\空间公司上报的2016年9月月报及数据\2标段内观\地下洞室\右岸地下厂房243高程以下(j)\243高程以下-测缝计.xlsx
FILE:2016-10-22 10:30:35,D:\AWORK\向家坝\向家坝数据\空间公司上报的2016年9月月报及数据\2标段内观\地下洞室\右岸地下厂房引水洞(ab-1234)\引水洞-测缝计.xlsx
FILE:2016-10-22 10:30:35,D:\AWORK\向家坝\向家坝数据\9月数据(2016.9)\9月数据\测缝计、裂缝计、位错计\位错计（一期+二期）.xls
DATA:WCL-1z,302,关键字 'where' 附近有语法错误。
DATA:WCL-1x,296,关键字 'where' 附近有语法错误。
DATA:WCL-1x,295,关键字 'where' 附近有语法错误。
DATA:WCL-1z,291,关键字 'where' 附近有语法错误。
DATA:WCL-1z,290,关键字 'where' 附近有语法错误。
DATA:WCL-2x,291,关键字 'where' 附近有语法错误。
DATA:WCL-3z,248,测值异常
DATA:WCL-5x,292,关键字 'where' 附近有语法错误。
DATA:WCL-5y,248,测值异常
DATA:WCL-5z,248,测值异常
DATA:WCL-6x,301,关键字 'where' 附近有语法错误。
DATA:WCL-6y,301,关键字 'where' 附近有语法错误。
DATA:WCL-6x,299,关键字 'where' 附近有语法错误。
DATA:WCL-6z,297,关键字 'where' 附近有语法错误。
DATA:WCL-6x,293,关键字 'where' 附近有语法错误。
DATA:WCL-6z,293,关键字 'where' 附近有语法错误。
DATA:WCL-6x,292,关键字 'where' 附近有语法错误。
DATA:WCL-7x,310,关键字 'where' 附近有语法错误。
DATA:WCL-7x,304,关键字 'where' 附近有语法错误。
DATA:WCL-7x,298,关键字 'where' 附近有语法错误。
DATA:WCL-7y,298,关键字 'where' 附近有语法错误。
DATA:WCL-7x,297,关键字 'where' 附近有语法错误。
DATA:WCL-7x,296,关键字 'where' 附近有语法错误。
DATA:WCL-7x,231,该字符串未被识别为有效的 DateTime。
DATA:WCL-7y,231,该字符串未被识别为有效的 DateTime。
DATA:WCL-7z,231,该字符串未被识别为有效的 DateTime。
DATA:WCL-8x,292,关键字 'where' 附近有语法错误。
DATA:WCL-10z,292,关键字 'where' 附近有语法错误。
DATA:WCL-10z,291,关键字 'where' 附近有语法错误。
FILE:2016-10-22 10:30:35,D:\AWORK\向家坝\向家坝数据\9月数据(2016.9)\9月数据\测缝计、裂缝计、位错计\光纤测缝计（二期）.xlsx
FILE:2016-10-22 10:33:42,D:\AWORK\向家坝\向家坝数据\空间公司上报的2016年9月月报及数据\2标段内观\左岸高边坡\左岸边坡-铟钢丝位移计.xlsx
FILE:2016-10-22 10:33:42,D:\AWORK\向家坝\向家坝数据\9月数据(2016.9)\9月数据\基岩变位计、回弹仪\基岩变位计（一期）.xlsx
DATA:M11-1,66,数据误差超限
FILE:2016-10-22 10:33:42,D:\AWORK\向家坝\向家坝数据\9月数据(2016.9)\9月数据\基岩变位计、回弹仪\基岩变位计（二期）.xlsx
FILE:2016-10-22 10:41:05,D:\AWORK\向家坝\向家坝数据\空间公司上报的2016年9月月报及数据\2标段内观\地下洞室\右岸地下厂房水轮机蜗壳(o)\蜗壳-测缝计.xlsx
FILE:2016-10-22 10:41:05,D:\AWORK\向家坝\向家坝数据\空间公司上报的2016年9月月报及数据\2标段内观\左岸高边坡\左岸边坡-测缝计.xlsx
FILE:2016-10-22 10:41:05,D:\AWORK\向家坝\向家坝数据\9月数据(2016.9)\9月数据\测缝计、裂缝计、位错计\导流底孔测缝计.xlsx
FILE:2016-10-22 10:41:05,D:\AWORK\向家坝\向家坝数据\9月数据(2016.9)\9月数据\测缝计、裂缝计、位错计\测缝计（一期）.xlsx
FILE:2016-10-22 10:41:05,D:\AWORK\向家坝\向家坝数据\9月数据(2016.9)\9月数据\测缝计、裂缝计、位错计\测缝计（二期）.xlsx
FILE:2016-10-22 10:41:05,D:\AWORK\向家坝\向家坝数据\9月数据(2016.9)\9月数据\测缝计、裂缝计、位错计\裂缝计（一期）.xlsx
FILE:2016-10-22 10:41:05,D:\AWORK\向家坝\向家坝数据\干渠9月工程数据库\南干渠监测数据\测缝计.xlsx
FILE:2016-10-22 10:41:05,D:\AWORK\向家坝\向家坝数据\空间公司上报的2016年9月月报及数据\2标段内观\地下洞室\右岸地下主厂房\主厂房-岩锚梁测缝计.xlsx
FILE:2016-10-22 10:41:05,D:\AWORK\向家坝\向家坝数据\空间公司上报的2016年9月月报及数据\2标段内观\地下洞室\右岸地下主厂房\主厂房-岩锚梁混凝土测缝计.xlsx
FILE:2016-10-22 10:41:05,D:\AWORK\向家坝\向家坝数据\空间公司上报的2016年9月月报及数据\2标段内观\地下洞室\右岸地下主厂房\主厂房-岩锚梁混凝土裂缝计.xlsx
FILE:2016-10-22 10:41:05,D:\AWORK\向家坝\向家坝数据\空间公司上报的2016年9月月报及数据\2标段内观\地下洞室\右岸地下厂房243高程以下(j)\243高程以下-测缝计.xlsx
FILE:2016-10-22 10:41:05,D:\AWORK\向家坝\向家坝数据\空间公司上报的2016年9月月报及数据\2标段内观\地下洞室\右岸地下厂房尾水主洞(ab-678)\尾水主洞-测缝计.xlsx
FILE:2016-10-22 10:41:05,D:\AWORK\向家坝\向家坝数据\空间公司上报的2016年9月月报及数据\2标段内观\地下洞室\右岸地下厂房尾水扩散段(w)\尾水扩散段-测缝计.xlsx
FILE:2016-10-22 10:41:05,D:\AWORK\向家坝\向家坝数据\空间公司上报的2016年9月月报及数据\2标段内观\地下洞室\右岸地下厂房尾水支洞(ab-5)\尾水支洞-测缝计.xlsx
FILE:2016-10-22 10:41:05,D:\AWORK\向家坝\向家坝数据\空间公司上报的2016年9月月报及数据\2标段内观\地下洞室\右岸地下厂房引水洞(ab-1234)\引水洞-测缝计.xlsx
FILE:2016-10-22 10:41:05,D:\AWORK\向家坝\向家坝数据\9月数据(2016.9)\9月数据\测缝计、裂缝计、位错计\11#机测缝计.xlsx
FILE:2016-10-22 10:41:05,D:\AWORK\向家坝\向家坝数据\9月数据(2016.9)\9月数据\测缝计、裂缝计、位错计\位错计（一期+二期）.xls
DATA:WCL-1z,302,关键字 'where' 附近有语法错误。
字符串 '' 后的引号不完整。
DATA:WCL-1x,296,关键字 'where' 附近有语法错误。
字符串 '' 后的引号不完整。
DATA:WCL-1x,295,关键字 'where' 附近有语法错误。
字符串 '' 后的引号不完整。
DATA:WCL-1z,291,关键字 'where' 附近有语法错误。
字符串 '' 后的引号不完整。
DATA:WCL-1z,290,关键字 'where' 附近有语法错误。
字符串 '' 后的引号不完整。
DATA:WCL-2x,291,关键字 'where' 附近有语法错误。
字符串 '' 后的引号不完整。
DATA:WCL-3z,248,测值异常
DATA:WCL-5x,292,关键字 'where' 附近有语法错误。
字符串 '' 后的引号不完整。
DATA:WCL-5y,248,测值异常
DATA:WCL-5z,248,测值异常
DATA:WCL-6x,301,关键字 'where' 附近有语法错误。
字符串 '' 后的引号不完整。
DATA:WCL-6y,301,关键字 'where' 附近有语法错误。
字符串 '' 后的引号不完整。
DATA:WCL-6x,299,关键字 'where' 附近有语法错误。
字符串 '' 后的引号不完整。
DATA:WCL-6z,297,关键字 'where' 附近有语法错误。
字符串 '' 后的引号不完整。
DATA:WCL-6x,293,关键字 'where' 附近有语法错误。
字符串 '' 后的引号不完整。
DATA:WCL-6z,293,关键字 'where' 附近有语法错误。
字符串 '' 后的引号不完整。
DATA:WCL-6x,292,关键字 'where' 附近有语法错误。
字符串 '' 后的引号不完整。
DATA:WCL-7x,310,关键字 'where' 附近有语法错误。
字符串 '' 后的引号不完整。
DATA:WCL-7x,304,关键字 'where' 附近有语法错误。
字符串 '' 后的引号不完整。
DATA:WCL-7x,298,关键字 'where' 附近有语法错误。
字符串 '' 后的引号不完整。
DATA:WCL-7y,298,关键字 'where' 附近有语法错误。
字符串 '' 后的引号不完整。
DATA:WCL-7x,297,关键字 'where' 附近有语法错误。
字符串 '' 后的引号不完整。
DATA:WCL-7x,296,关键字 'where' 附近有语法错误。
字符串 '' 后的引号不完整。
DATA:WCL-7x,231,该字符串未被识别为有效的 DateTime。
DATA:WCL-7y,231,该字符串未被识别为有效的 DateTime。
DATA:WCL-7z,231,该字符串未被识别为有效的 DateTime。
DATA:WCL-8x,292,关键字 'where' 附近有语法错误。
字符串 '' 后的引号不完整。
DATA:WCL-10z,292,关键字 'where' 附近有语法错误。
字符串 '' 后的引号不完整。
DATA:WCL-10z,291,关键字 'where' 附近有语法错误。
字符串 '' 后的引号不完整。
FILE:2016-10-22 10:41:05,D:\AWORK\向家坝\向家坝数据\9月数据(2016.9)\9月数据\测缝计、裂缝计、位错计\光纤测缝计（二期）.xlsx
FILE:2016-10-22 10:41:30,D:\AWORK\向家坝\向家坝数据\9月数据(2016.9)\9月数据\测缝计、裂缝计、位错计\11#机测缝计.xlsx
FILE:2016-10-22 10:41:30,D:\AWORK\向家坝\向家坝数据\9月数据(2016.9)\9月数据\测缝计、裂缝计、位错计\导流底孔测缝计.xlsx
FILE:2016-10-22 10:41:30,D:\AWORK\向家坝\向家坝数据\9月数据(2016.9)\9月数据\测缝计、裂缝计、位错计\测缝计（一期）.xlsx
FILE:2016-10-22 10:41:30,D:\AWORK\向家坝\向家坝数据\9月数据(2016.9)\9月数据\测缝计、裂缝计、位错计\测缝计（二期）.xlsx
FILE:2016-10-22 10:41:30,D:\AWORK\向家坝\向家坝数据\空间公司上报的2016年9月月报及数据\2标段内观\地下洞室\右岸地下厂房水轮机蜗壳(o)\蜗壳-测缝计.xlsx
FILE:2016-10-22 10:41:30,D:\AWORK\向家坝\向家坝数据\空间公司上报的2016年9月月报及数据\2标段内观\左岸高边坡\左岸边坡-测缝计.xlsx
FILE:2016-10-22 10:41:30,D:\AWORK\向家坝\向家坝数据\9月数据(2016.9)\9月数据\测缝计、裂缝计、位错计\裂缝计（一期）.xlsx
FILE:2016-10-22 10:41:30,D:\AWORK\向家坝\向家坝数据\干渠9月工程数据库\南干渠监测数据\测缝计.xlsx
FILE:2016-10-22 10:41:30,D:\AWORK\向家坝\向家坝数据\空间公司上报的2016年9月月报及数据\2标段内观\地下洞室\右岸地下主厂房\主厂房-岩锚梁测缝计.xlsx
FILE:2016-10-22 10:41:30,D:\AWORK\向家坝\向家坝数据\空间公司上报的2016年9月月报及数据\2标段内观\地下洞室\右岸地下主厂房\主厂房-岩锚梁混凝土测缝计.xlsx
FILE:2016-10-22 10:41:30,D:\AWORK\向家坝\向家坝数据\空间公司上报的2016年9月月报及数据\2标段内观\地下洞室\右岸地下主厂房\主厂房-岩锚梁混凝土裂缝计.xlsx
FILE:2016-10-22 10:41:30,D:\AWORK\向家坝\向家坝数据\空间公司上报的2016年9月月报及数据\2标段内观\地下洞室\右岸地下厂房243高程以下(j)\243高程以下-测缝计.xlsx
FILE:2016-10-22 10:41:30,D:\AWORK\向家坝\向家坝数据\空间公司上报的2016年9月月报及数据\2标段内观\地下洞室\右岸地下厂房尾水主洞(ab-678)\尾水主洞-测缝计.xlsx
FILE:2016-10-22 10:41:30,D:\AWORK\向家坝\向家坝数据\空间公司上报的2016年9月月报及数据\2标段内观\地下洞室\右岸地下厂房尾水支洞(ab-5)\尾水支洞-测缝计.xlsx
FILE:2016-10-22 10:41:30,D:\AWORK\向家坝\向家坝数据\空间公司上报的2016年9月月报及数据\2标段内观\地下洞室\右岸地下厂房尾水扩散段(w)\尾水扩散段-测缝计.xlsx
FILE:2016-10-22 10:41:30,D:\AWORK\向家坝\向家坝数据\空间公司上报的2016年9月月报及数据\2标段内观\地下洞室\右岸地下厂房引水洞(ab-1234)\引水洞-测缝计.xlsx
FILE:2016-10-22 10:41:30,D:\AWORK\向家坝\向家坝数据\9月数据(2016.9)\9月数据\测缝计、裂缝计、位错计\位错计（一期+二期）.xls
DATA:WCL-1z,302,关键字 'where' 附近有语法错误。
DATA:WCL-1x,296,关键字 'where' 附近有语法错误。
DATA:WCL-1x,295,关键字 'where' 附近有语法错误。
DATA:WCL-1z,291,关键字 'where' 附近有语法错误。
DATA:WCL-1z,290,关键字 'where' 附近有语法错误。
DATA:WCL-2x,291,关键字 'where' 附近有语法错误。
DATA:WCL-3z,248,测值异常
DATA:WCL-5x,292,关键字 'where' 附近有语法错误。
DATA:WCL-5y,248,测值异常
DATA:WCL-5z,248,测值异常
DATA:WCL-6x,301,关键字 'where' 附近有语法错误。
DATA:WCL-6y,301,关键字 'where' 附近有语法错误。
DATA:WCL-6x,299,关键字 'where' 附近有语法错误。
DATA:WCL-6z,297,关键字 'where' 附近有语法错误。
DATA:WCL-6x,293,关键字 'where' 附近有语法错误。
DATA:WCL-6z,293,关键字 'where' 附近有语法错误。
DATA:WCL-6x,292,关键字 'where' 附近有语法错误。
DATA:WCL-7x,310,关键字 'where' 附近有语法错误。
DATA:WCL-7x,304,关键字 'where' 附近有语法错误。
DATA:WCL-7x,298,关键字 'where' 附近有语法错误。
DATA:WCL-7y,298,关键字 'where' 附近有语法错误。
DATA:WCL-7x,297,关键字 'where' 附近有语法错误。
DATA:WCL-7x,296,关键字 'where' 附近有语法错误。
DATA:WCL-7x,231,该字符串未被识别为有效的 DateTime。
DATA:WCL-7y,231,该字符串未被识别为有效的 DateTime。
DATA:WCL-7z,231,该字符串未被识别为有效的 DateTime。
DATA:WCL-8x,292,关键字 'where' 附近有语法错误。
DATA:WCL-10z,292,关键字 'where' 附近有语法错误。
DATA:WCL-10z,291,关键字 'where' 附近有语法错误。
FILE:2016-10-22 10:41:30,D:\AWORK\向家坝\向家坝数据\9月数据(2016.9)\9月数据\测缝计、裂缝计、位错计\光纤测缝计（二期）.xlsx
FILE:2016-10-22 10:52:15,D:\AWORK\向家坝\向家坝数据\9月数据(2016.9)\9月数据\测缝计、裂缝计、位错计\11#机测缝计.xlsx
FILE:2016-10-22 10:52:15,D:\AWORK\向家坝\向家坝数据\空间公司上报的2016年9月月报及数据\2标段内观\地下洞室\右岸地下厂房水轮机蜗壳(o)\蜗壳-测缝计.xlsx
FILE:2016-10-22 10:52:15,D:\AWORK\向家坝\向家坝数据\空间公司上报的2016年9月月报及数据\2标段内观\左岸高边坡\左岸边坡-测缝计.xlsx
FILE:2016-10-22 10:52:15,D:\AWORK\向家坝\向家坝数据\9月数据(2016.9)\9月数据\测缝计、裂缝计、位错计\导流底孔测缝计.xlsx
FILE:2016-10-22 10:52:15,D:\AWORK\向家坝\向家坝数据\9月数据(2016.9)\9月数据\测缝计、裂缝计、位错计\测缝计（一期）.xlsx
FILE:2016-10-22 10:52:15,D:\AWORK\向家坝\向家坝数据\9月数据(2016.9)\9月数据\测缝计、裂缝计、位错计\测缝计（二期）.xlsx
FILE:2016-10-22 10:52:15,D:\AWORK\向家坝\向家坝数据\9月数据(2016.9)\9月数据\测缝计、裂缝计、位错计\裂缝计（一期）.xlsx
FILE:2016-10-22 10:52:15,D:\AWORK\向家坝\向家坝数据\干渠9月工程数据库\南干渠监测数据\测缝计.xlsx
FILE:2016-10-22 10:52:15,D:\AWORK\向家坝\向家坝数据\空间公司上报的2016年9月月报及数据\2标段内观\地下洞室\右岸地下主厂房\主厂房-岩锚梁测缝计.xlsx
FILE:2016-10-22 10:52:15,D:\AWORK\向家坝\向家坝数据\空间公司上报的2016年9月月报及数据\2标段内观\地下洞室\右岸地下主厂房\主厂房-岩锚梁混凝土测缝计.xlsx
FILE:2016-10-22 10:52:15,D:\AWORK\向家坝\向家坝数据\空间公司上报的2016年9月月报及数据\2标段内观\地下洞室\右岸地下主厂房\主厂房-岩锚梁混凝土裂缝计.xlsx
FILE:2016-10-22 10:52:15,D:\AWORK\向家坝\向家坝数据\空间公司上报的2016年9月月报及数据\2标段内观\地下洞室\右岸地下厂房243高程以下(j)\243高程以下-测缝计.xlsx
FILE:2016-10-22 10:52:15,D:\AWORK\向家坝\向家坝数据\空间公司上报的2016年9月月报及数据\2标段内观\地下洞室\右岸地下厂房尾水支洞(ab-5)\尾水支洞-测缝计.xlsx
FILE:2016-10-22 10:52:15,D:\AWORK\向家坝\向家坝数据\空间公司上报的2016年9月月报及数据\2标段内观\地下洞室\右岸地下厂房引水洞(ab-1234)\引水洞-测缝计.xlsx
FILE:2016-10-22 10:52:15,D:\AWORK\向家坝\向家坝数据\空间公司上报的2016年9月月报及数据\2标段内观\地下洞室\右岸地下厂房尾水主洞(ab-678)\尾水主洞-测缝计.xlsx
FILE:2016-10-22 10:52:15,D:\AWORK\向家坝\向家坝数据\空间公司上报的2016年9月月报及数据\2标段内观\地下洞室\右岸地下厂房尾水扩散段(w)\尾水扩散段-测缝计.xlsx
FILE:2016-10-22 10:52:15,D:\AWORK\向家坝\向家坝数据\9月数据(2016.9)\9月数据\测缝计、裂缝计、位错计\位错计（一期+二期）.xls
DATA:WCL-1z,302,关键字 'where' 附近有语法错误。
DATA:WCL-1x,296,关键字 'where' 附近有语法错误。
DATA:WCL-1x,295,关键字 'where' 附近有语法错误。
DATA:WCL-1z,291,关键字 'where' 附近有语法错误。
DATA:WCL-1z,290,关键字 'where' 附近有语法错误。
DATA:WCL-2x,291,关键字 'where' 附近有语法错误。
DATA:WCL-3z,248,测值异常
DATA:WCL-5x,292,关键字 'where' 附近有语法错误。
DATA:WCL-5y,248,测值异常
DATA:WCL-5z,248,测值异常
DATA:WCL-6x,301,关键字 'where' 附近有语法错误。
DATA:WCL-6y,301,关键字 'where' 附近有语法错误。
DATA:WCL-6x,299,关键字 'where' 附近有语法错误。
DATA:WCL-6z,297,关键字 'where' 附近有语法错误。
DATA:WCL-6x,293,关键字 'where' 附近有语法错误。
DATA:WCL-6z,293,关键字 'where' 附近有语法错误。
DATA:WCL-6x,292,关键字 'where' 附近有语法错误。
DATA:WCL-7x,310,关键字 'where' 附近有语法错误。
DATA:WCL-7x,304,关键字 'where' 附近有语法错误。
DATA:WCL-7x,298,关键字 'where' 附近有语法错误。
DATA:WCL-7y,298,关键字 'where' 附近有语法错误。
DATA:WCL-7x,297,关键字 'where' 附近有语法错误。
DATA:WCL-7x,296,关键字 'where' 附近有语法错误。
DATA:WCL-7x,231,该字符串未被识别为有效的 DateTime。
DATA:WCL-7y,231,该字符串未被识别为有效的 DateTime。
DATA:WCL-7z,231,该字符串未被识别为有效的 DateTime。
DATA:WCL-8x,292,关键字 'where' 附近有语法错误。
DATA:WCL-10z,292,关键字 'where' 附近有语法错误。
DATA:WCL-10z,291,关键字 'where' 附近有语法错误。
FILE:2016-10-22 10:52:15,D:\AWORK\向家坝\向家坝数据\9月数据(2016.9)\9月数据\测缝计、裂缝计、位错计\光纤测缝计（二期）.xlsx
FILE:2016-10-22 10:53:16,D:\AWORK\向家坝\向家坝数据\空间公司上报的2016年9月月报及数据\2标段内观\地下洞室\右岸地下厂房水轮机蜗壳(o)\蜗壳-测缝计.xlsx
FILE:2016-10-22 10:53:16,D:\AWORK\向家坝\向家坝数据\空间公司上报的2016年9月月报及数据\2标段内观\左岸高边坡\左岸边坡-测缝计.xlsx
FILE:2016-10-22 10:53:16,D:\AWORK\向家坝\向家坝数据\9月数据(2016.9)\9月数据\测缝计、裂缝计、位错计\裂缝计（一期）.xlsx
FILE:2016-10-22 10:53:16,D:\AWORK\向家坝\向家坝数据\9月数据(2016.9)\9月数据\测缝计、裂缝计、位错计\导流底孔测缝计.xlsx
FILE:2016-10-22 10:53:16,D:\AWORK\向家坝\向家坝数据\干渠9月工程数据库\南干渠监测数据\测缝计.xlsx
FILE:2016-10-22 10:53:16,D:\AWORK\向家坝\向家坝数据\9月数据(2016.9)\9月数据\测缝计、裂缝计、位错计\测缝计（一期）.xlsx
FILE:2016-10-22 10:53:16,D:\AWORK\向家坝\向家坝数据\9月数据(2016.9)\9月数据\测缝计、裂缝计、位错计\测缝计（二期）.xlsx
FILE:2016-10-22 10:53:16,D:\AWORK\向家坝\向家坝数据\空间公司上报的2016年9月月报及数据\2标段内观\地下洞室\右岸地下主厂房\主厂房-岩锚梁测缝计.xlsx
FILE:2016-10-22 10:53:16,D:\AWORK\向家坝\向家坝数据\空间公司上报的2016年9月月报及数据\2标段内观\地下洞室\右岸地下主厂房\主厂房-岩锚梁混凝土测缝计.xlsx
FILE:2016-10-22 10:53:16,D:\AWORK\向家坝\向家坝数据\空间公司上报的2016年9月月报及数据\2标段内观\地下洞室\右岸地下厂房尾水主洞(ab-678)\尾水主洞-测缝计.xlsx
FILE:2016-10-22 10:53:16,D:\AWORK\向家坝\向家坝数据\空间公司上报的2016年9月月报及数据\2标段内观\地下洞室\右岸地下厂房尾水扩散段(w)\尾水扩散段-测缝计.xlsx
FILE:2016-10-22 10:53:16,D:\AWORK\向家坝\向家坝数据\空间公司上报的2016年9月月报及数据\2标段内观\地下洞室\右岸地下厂房尾水支洞(ab-5)\尾水支洞-测缝计.xlsx
FILE:2016-10-22 10:53:16,D:\AWORK\向家坝\向家坝数据\空间公司上报的2016年9月月报及数据\2标段内观\地下洞室\右岸地下厂房引水洞(ab-1234)\引水洞-测缝计.xlsx
FILE:2016-10-22 10:53:16,D:\AWORK\向家坝\向家坝数据\空间公司上报的2016年9月月报及数据\2标段内观\地下洞室\右岸地下主厂房\主厂房-岩锚梁混凝土裂缝计.xlsx
FILE:2016-10-22 10:53:16,D:\AWORK\向家坝\向家坝数据\空间公司上报的2016年9月月报及数据\2标段内观\地下洞室\右岸地下厂房243高程以下(j)\243高程以下-测缝计.xlsx
FILE:2016-10-22 10:53:16,D:\AWORK\向家坝\向家坝数据\9月数据(2016.9)\9月数据\测缝计、裂缝计、位错计\11#机测缝计.xlsx
FILE:2016-10-22 10:53:16,D:\AWORK\向家坝\向家坝数据\9月数据(2016.9)\9月数据\测缝计、裂缝计、位错计\位错计（一期+二期）.xls
DATA:WCL-1z,302,关键字 'where' 附近有语法错误。
DATA:WCL-1x,296,关键字 'where' 附近有语法错误。
DATA:WCL-1x,295,关键字 'where' 附近有语法错误。
DATA:WCL-1z,291,关键字 'where' 附近有语法错误。
DATA:WCL-1z,290,关键字 'where' 附近有语法错误。
DATA:WCL-2x,291,关键字 'where' 附近有语法错误。
DATA:WCL-3z,248,测值异常
DATA:WCL-5x,292,关键字 'where' 附近有语法错误。
DATA:WCL-5y,248,测值异常
DATA:WCL-5z,248,测值异常
DATA:WCL-6x,301,关键字 'where' 附近有语法错误。
DATA:WCL-6y,301,关键字 'where' 附近有语法错误。
DATA:WCL-6x,299,关键字 'where' 附近有语法错误。
DATA:WCL-6z,297,关键字 'where' 附近有语法错误。
DATA:WCL-6x,293,关键字 'where' 附近有语法错误。
DATA:WCL-6z,293,关键字 'where' 附近有语法错误。
DATA:WCL-6x,292,关键字 'where' 附近有语法错误。
DATA:WCL-7x,310,关键字 'where' 附近有语法错误。
DATA:WCL-7x,304,关键字 'where' 附近有语法错误。
DATA:WCL-7x,298,关键字 'where' 附近有语法错误。
DATA:WCL-7y,298,关键字 'where' 附近有语法错误。
DATA:WCL-7x,297,关键字 'where' 附近有语法错误。
DATA:WCL-7x,296,关键字 'where' 附近有语法错误。
DATA:WCL-7x,231,该字符串未被识别为有效的 DateTime。
DATA:WCL-7y,231,该字符串未被识别为有效的 DateTime。
DATA:WCL-7z,231,该字符串未被识别为有效的 DateTime。
DATA:WCL-8x,292,关键字 'where' 附近有语法错误。
DATA:WCL-10z,292,关键字 'where' 附近有语法错误。
DATA:WCL-10z,291,关键字 'where' 附近有语法错误。
FILE:2016-10-22 10:53:16,D:\AWORK\向家坝\向家坝数据\9月数据(2016.9)\9月数据\测缝计、裂缝计、位错计\光纤测缝计（二期）.xlsx
FILE:2016-10-22 10:56:24,D:\AWORK\向家坝\向家坝数据\空间公司上报的2016年9月月报及数据\2标段内观\地下洞室\右岸地下厂房水轮机蜗壳(o)\蜗壳-测缝计.xlsx
FILE:2016-10-22 10:56:24,D:\AWORK\向家坝\向家坝数据\空间公司上报的2016年9月月报及数据\2标段内观\左岸高边坡\左岸边坡-测缝计.xlsx
FILE:2016-10-22 10:56:24,D:\AWORK\向家坝\向家坝数据\9月数据(2016.9)\9月数据\测缝计、裂缝计、位错计\导流底孔测缝计.xlsx
FILE:2016-10-22 10:56:24,D:\AWORK\向家坝\向家坝数据\9月数据(2016.9)\9月数据\测缝计、裂缝计、位错计\测缝计（一期）.xlsx
FILE:2016-10-22 10:56:24,D:\AWORK\向家坝\向家坝数据\9月数据(2016.9)\9月数据\测缝计、裂缝计、位错计\测缝计（二期）.xlsx
FILE:2016-10-22 10:56:24,D:\AWORK\向家坝\向家坝数据\空间公司上报的2016年9月月报及数据\2标段内观\地下洞室\右岸地下主厂房\主厂房-岩锚梁测缝计.xlsx
FILE:2016-10-22 10:56:24,D:\AWORK\向家坝\向家坝数据\空间公司上报的2016年9月月报及数据\2标段内观\地下洞室\右岸地下主厂房\主厂房-岩锚梁混凝土测缝计.xlsx
FILE:2016-10-22 10:56:24,D:\AWORK\向家坝\向家坝数据\空间公司上报的2016年9月月报及数据\2标段内观\地下洞室\右岸地下主厂房\主厂房-岩锚梁混凝土裂缝计.xlsx
FILE:2016-10-22 10:56:24,D:\AWORK\向家坝\向家坝数据\空间公司上报的2016年9月月报及数据\2标段内观\地下洞室\右岸地下厂房243高程以下(j)\243高程以下-测缝计.xlsx
FILE:2016-10-22 10:56:24,D:\AWORK\向家坝\向家坝数据\空间公司上报的2016年9月月报及数据\2标段内观\地下洞室\右岸地下厂房尾水支洞(ab-5)\尾水支洞-测缝计.xlsx
FILE:2016-10-22 10:56:24,D:\AWORK\向家坝\向家坝数据\空间公司上报的2016年9月月报及数据\2标段内观\地下洞室\右岸地下厂房引水洞(ab-1234)\引水洞-测缝计.xlsx
FILE:2016-10-22 10:56:24,D:\AWORK\向家坝\向家坝数据\空间公司上报的2016年9月月报及数据\2标段内观\地下洞室\右岸地下厂房尾水主洞(ab-678)\尾水主洞-测缝计.xlsx
FILE:2016-10-22 10:56:24,D:\AWORK\向家坝\向家坝数据\空间公司上报的2016年9月月报及数据\2标段内观\地下洞室\右岸地下厂房尾水扩散段(w)\尾水扩散段-测缝计.xlsx
FILE:2016-10-22 10:56:24,D:\AWORK\向家坝\向家坝数据\9月数据(2016.9)\9月数据\测缝计、裂缝计、位错计\11#机测缝计.xlsx
FILE:2016-10-22 10:56:24,D:\AWORK\向家坝\向家坝数据\9月数据(2016.9)\9月数据\测缝计、裂缝计、位错计\裂缝计（一期）.xlsx
FILE:2016-10-22 10:56:24,D:\AWORK\向家坝\向家坝数据\干渠9月工程数据库\南干渠监测数据\测缝计.xlsx
FILE:2016-10-22 10:56:24,D:\AWORK\向家坝\向家坝数据\9月数据(2016.9)\9月数据\测缝计、裂缝计、位错计\位错计（一期+二期）.xls
DATA:WCL-1z,302,数据误差超限
DATA:WCL-1x,296,数据误差超限
DATA:WCL-1x,295,数据误差超限
DATA:WCL-1z,291,数据误差超限
DATA:WCL-1z,290,数据误差超限
DATA:WCL-2x,291,数据误差超限
DATA:WCL-3z,248,测值异常
DATA:WCL-5x,292,数据误差超限
DATA:WCL-5y,248,测值异常
DATA:WCL-5z,248,测值异常
DATA:WCL-6x,301,数据误差超限
DATA:WCL-6y,301,数据误差超限
DATA:WCL-6x,299,数据误差超限
DATA:WCL-6z,297,数据误差超限
DATA:WCL-6x,293,数据误差超限
DATA:WCL-6z,293,数据误差超限
DATA:WCL-6x,292,数据误差超限
DATA:WCL-7x,310,数据误差超限
DATA:WCL-7x,304,数据误差超限
DATA:WCL-7x,298,数据误差超限
DATA:WCL-7y,298,数据误差超限
DATA:WCL-7x,297,数据误差超限
DATA:WCL-7x,296,数据误差超限
DATA:WCL-7x,231,该字符串未被识别为有效的 DateTime。
DATA:WCL-7y,231,该字符串未被识别为有效的 DateTime。
DATA:WCL-7z,231,该字符串未被识别为有效的 DateTime。
DATA:WCL-8x,292,数据误差超限
DATA:WCL-10z,292,数据误差超限
DATA:WCL-10z,291,数据误差超限
FILE:2016-10-22 10:56:24,D:\AWORK\向家坝\向家坝数据\9月数据(2016.9)\9月数据\测缝计、裂缝计、位错计\光纤测缝计（二期）.xlsx
FILE:2016-10-22 10:57:42,D:\AWORK\向家坝\向家坝数据\空间公司上报的2016年9月月报及数据\2标段内观\地下洞室\右岸地下主厂房\主厂房-岩锚梁混凝土裂缝计.xlsx
FILE:2016-10-22 10:57:42,D:\AWORK\向家坝\向家坝数据\空间公司上报的2016年9月月报及数据\2标段内观\地下洞室\右岸地下厂房尾水支洞(ab-5)\尾水支洞-测缝计.xlsx
FILE:2016-10-22 10:57:42,D:\AWORK\向家坝\向家坝数据\9月数据(2016.9)\9月数据\测缝计、裂缝计、位错计\11#机测缝计.xlsx
DATA:J011-2,63,数据误差超限
DATA:J011-2,61,数据误差超限
DATA:J011-3,74,数据误差超限
DATA:J011-3,72,数据误差超限
DATA:J011-10,65,数据误差超限
FILE:2016-10-22 10:57:42,D:\AWORK\向家坝\向家坝数据\空间公司上报的2016年9月月报及数据\2标段内观\地下洞室\右岸地下厂房243高程以下(j)\243高程以下-测缝计.xlsx
FILE:2016-10-22 10:57:42,D:\AWORK\向家坝\向家坝数据\9月数据(2016.9)\9月数据\测缝计、裂缝计、位错计\导流底孔测缝计.xlsx
DATA:Jd3-5,215,数据误差超限
DATA:Jd3-5,214,数据误差超限
FILE:2016-10-22 10:57:42,D:\AWORK\向家坝\向家坝数据\空间公司上报的2016年9月月报及数据\2标段内观\地下洞室\右岸地下厂房尾水主洞(ab-678)\尾水主洞-测缝计.xlsx
FILE:2016-10-22 10:57:42,D:\AWORK\向家坝\向家坝数据\空间公司上报的2016年9月月报及数据\2标段内观\地下洞室\右岸地下厂房引水洞(ab-1234)\引水洞-测缝计.xlsx
FILE:2016-10-22 10:57:42,D:\AWORK\向家坝\向家坝数据\空间公司上报的2016年9月月报及数据\2标段内观\地下洞室\右岸地下厂房尾水扩散段(w)\尾水扩散段-测缝计.xlsx
FILE:2016-10-22 10:57:42,D:\AWORK\向家坝\向家坝数据\空间公司上报的2016年9月月报及数据\2标段内观\地下洞室\右岸地下厂房水轮机蜗壳(o)\蜗壳-测缝计.xlsx
FILE:2016-10-22 10:57:42,D:\AWORK\向家坝\向家坝数据\9月数据(2016.9)\9月数据\测缝计、裂缝计、位错计\裂缝计（一期）.xlsx
DATA:LF1-1,299,数据误差超限
DATA:LF1-1,298,数据误差超限
DATA:LF1-1,297,数据误差超限
DATA:LF1-1,296,数据误差超限
DATA:LF1-1,295,数据误差超限
DATA:LF1-1,294,数据误差超限
DATA:LF1-2,397,数据误差超限
FILE:2016-10-22 10:57:42,D:\AWORK\向家坝\向家坝数据\干渠9月工程数据库\南干渠监测数据\测缝计.xlsx
FILE:2016-10-22 10:57:42,D:\AWORK\向家坝\向家坝数据\空间公司上报的2016年9月月报及数据\2标段内观\地下洞室\右岸地下主厂房\主厂房-岩锚梁测缝计.xlsx
DATA:Jy7-1,31,数据误差超限
FILE:2016-10-22 10:57:42,D:\AWORK\向家坝\向家坝数据\空间公司上报的2016年9月月报及数据\2标段内观\左岸高边坡\左岸边坡-测缝计.xlsx
FILE:2016-10-22 10:57:42,D:\AWORK\向家坝\向家坝数据\空间公司上报的2016年9月月报及数据\2标段内观\地下洞室\右岸地下主厂房\主厂房-岩锚梁混凝土测缝计.xlsx
FILE:2016-10-22 10:57:42,D:\AWORK\向家坝\向家坝数据\9月数据(2016.9)\9月数据\测缝计、裂缝计、位错计\位错计（一期+二期）.xls
DATA:WCL-1z,302,数据误差超限
DATA:WCL-1x,296,数据误差超限
DATA:WCL-1x,295,数据误差超限
DATA:WCL-1z,291,数据误差超限
DATA:WCL-1z,290,数据误差超限
DATA:WCL-2x,291,数据误差超限
DATA:WCL-3z,248,测值异常
DATA:WCL-5x,292,数据误差超限
DATA:WCL-5y,248,测值异常
DATA:WCL-5z,248,测值异常
DATA:WCL-6x,301,数据误差超限
DATA:WCL-6y,301,数据误差超限
DATA:WCL-6x,299,数据误差超限
DATA:WCL-6z,297,数据误差超限
DATA:WCL-6x,293,数据误差超限
DATA:WCL-6z,293,数据误差超限
DATA:WCL-6x,292,数据误差超限
DATA:WCL-7x,310,数据误差超限
DATA:WCL-7x,304,数据误差超限
DATA:WCL-7x,298,数据误差超限
DATA:WCL-7y,298,数据误差超限
DATA:WCL-7x,297,数据误差超限
DATA:WCL-7x,296,数据误差超限
DATA:WCL-7x,231,该字符串未被识别为有效的 DateTime。
DATA:WCL-7y,231,该字符串未被识别为有效的 DateTime。
DATA:WCL-7z,231,该字符串未被识别为有效的 DateTime。
DATA:WCL-8x,292,数据误差超限
DATA:WCL-10z,292,数据误差超限
DATA:WCL-10z,291,数据误差超限
FILE:2016-10-22 10:57:42,D:\AWORK\向家坝\向家坝数据\9月数据(2016.9)\9月数据\测缝计、裂缝计、位错计\光纤测缝计（二期）.xlsx
FILE:2016-10-22 10:57:42,D:\AWORK\向家坝\向家坝数据\9月数据(2016.9)\9月数据\测缝计、裂缝计、位错计\测缝计（一期）.xlsx
DATA:JD-1,211,数据误差超限
DATA:JD-1,206,数据误差超限
DATA:JD-1,205,数据误差超限
DATA:JD-1,204,数据误差超限
DATA:JD-1,203,数据误差超限
DATA:JD-1,202,数据误差超限
DATA:JD-1,201,数据误差超限
DATA:JD-16,109,数据误差超限
FILE:2016-10-22 10:57:42,D:\AWORK\向家坝\向家坝数据\9月数据(2016.9)\9月数据\测缝计、裂缝计、位错计\测缝计（二期）.xlsx
DATA:KG-1,35,数据误差超限
DATA:K-G-9,312,数据误差超限
DATA:KG-11,312,数据误差超限
DATA:KG-11,282,数据误差超限
DATA:KG-11,278,数据误差超限
DATA:KG-11,275,数据误差超限
DATA:KG-11,252,数据误差超限
DATA:KG-11,250,测值异常
DATA:KG-11,247,测值异常
DATA:KG-11,246,测值异常
DATA:KG-11,245,测值异常
DATA:KG-11,244,测值异常
DATA:KG-11,243,测值异常
DATA:KG-11,242,测值异常
DATA:KG-11,241,测值异常
DATA:KG-11,240,测值异常
DATA:KG-11,239,测值异常
DATA:KG-11,238,测值异常
DATA:JT-2,266,数据误差超限
DATA:JT-2,265,数据误差超限
DATA:JT-7,357,数据误差超限
DATA:JT-7,356,数据误差超限
DATA:J-H-3,631,测值异常
DATA:J-H-3,611,测值异常
DATA:J3-13,198,数据误差超限
DATA:J3-14,129,数据误差超限
DATA:J3-16,129,数据误差超限
DATA:J3-16,117,数据误差超限
FILE:2016-10-22 11:18:47,D:\AWORK\向家坝\向家坝数据\9月数据(2016.9)\9月数据\渗压计、测压管、水文孔、量水堰\测压管\测压管（一期）.xlsx
FILE:2016-10-22 11:18:47,D:\AWORK\向家坝\向家坝数据\空间公司上报的2016年9月月报及数据\2标段内观\地下洞室\右岸地下厂房排水廊道\排水廊道-测压管.xlsx
FILE:2016-10-22 11:18:47,D:\AWORK\向家坝\向家坝数据\9月数据(2016.9)\9月数据\渗压计、测压管、水文孔、量水堰\测压管\测压管（二期）.xlsx
FILE:2016-10-22 11:19:35,D:\AWORK\向家坝\向家坝数据\9月数据(2016.9)\9月数据\渗压计、测压管、水文孔、量水堰\测压管\测压管（一期）.xlsx
FILE:2016-10-22 11:19:35,D:\AWORK\向家坝\向家坝数据\空间公司上报的2016年9月月报及数据\2标段内观\地下洞室\右岸地下厂房排水廊道\排水廊道-测压管.xlsx
FILE:2016-10-22 11:19:35,D:\AWORK\向家坝\向家坝数据\9月数据(2016.9)\9月数据\渗压计、测压管、水文孔、量水堰\测压管\测压管（二期）.xlsx
FILE:2016-10-22 11:22:31,D:\AWORK\向家坝\向家坝数据\空间公司上报的2016年9月月报及数据\2标段内观\左岸高边坡\左岸边坡-交通洞渗压计.xlsx
FILE:2016-10-22 11:22:31,D:\AWORK\向家坝\向家坝数据\空间公司上报的2016年9月月报及数据\2标段内观\地下洞室\右岸地下厂房243高程以下(j)\243高程以下-渗压计.xlsx
FILE:2016-10-22 11:22:31,D:\AWORK\向家坝\向家坝数据\空间公司上报的2016年9月月报及数据\2标段内观\地下洞室\右岸地下厂房尾水扩散段(w)\尾水扩散段-渗压计.xlsx
DATA:Pw1-1,391,数据误差超限
FILE:2016-10-22 11:22:31,D:\AWORK\向家坝\向家坝数据\空间公司上报的2016年9月月报及数据\2标段内观\地下洞室\右岸地下厂房尾水支洞(ab-5)\尾水支洞-渗压计.xlsx
DATA:Pa5-1,332,数据误差超限
FILE:2016-10-22 11:22:31,D:\AWORK\向家坝\向家坝数据\空间公司上报的2016年9月月报及数据\2标段内观\地下洞室\右岸地下厂房尾水主洞(ab-678)\尾水主洞-渗压计.xlsx
DATA:Pb8-1,445,数据误差超限
FILE:2016-10-22 11:22:31,D:\AWORK\向家坝\向家坝数据\空间公司上报的2016年9月月报及数据\2标段内观\地下洞室\右岸地下厂房引水洞(ab-1234)\引水洞-渗压计.xlsx
DATA:Pa1-1,346,数据误差超限
DATA:Pa1-1,345,数据误差超限
DATA:Pa1-2,347,数据误差超限
DATA:Pa1-2,346,数据误差超限
DATA:Pa2-2,353,数据误差超限
DATA:Pa2-2,352,数据误差超限
DATA:Pa3-1,410,数据误差超限
DATA:Pa3-2,329,数据误差超限
DATA:Pb1-2,326,数据误差超限
DATA:Pb1-2,325,数据误差超限
DATA:Pb1-2,323,数据误差超限
DATA:Pb2-1,330,数据误差超限
DATA:Pb2-1,329,数据误差超限
DATA:Pb2-1,327,数据误差超限
DATA:Pb2-2,342,数据误差超限
DATA:Pb2-2,341,数据误差超限
DATA:Pb2-2,340,数据误差超限
DATA:Pb3-1,416,数据误差超限
DATA:Pb3-2,398,数据误差超限
FILE:2016-10-22 11:22:31,D:\AWORK\向家坝\向家坝数据\空间公司上报的2016年9月月报及数据\2标段内观\地下洞室\右岸进厂交通洞\右岸交通洞-渗压计.xlsx
FILE:2016-10-22 11:22:31,D:\AWORK\向家坝\向家坝数据\9月数据(2016.9)\9月数据\渗压计、测压管、水文孔、量水堰\水位孔\水位孔（一期）.xlsx
FILE:2016-10-22 11:22:31,D:\AWORK\向家坝\向家坝数据\9月数据(2016.9)\9月数据\渗压计、测压管、水文孔、量水堰\渗压计\渗压计（一期）.xlsx
FILE:2016-10-22 11:22:31,D:\AWORK\向家坝\向家坝数据\9月数据(2016.9)\9月数据\渗压计、测压管、水文孔、量水堰\测压管\测压管（一期）.xlsx
DATA:UP1-1,275,数据误差超限
DATA:UP1-3,276,数据误差超限
DATA:UP1-3,275,数据误差超限
DATA:UP1-4,271,数据误差超限
DATA:UP1-10,321,数据误差超限
DATA:UP1-10,317,数据误差超限
DATA:UP1-12,322,数据误差超限
DATA:UP1-12,318,数据误差超限
DATA:UP3-2,320,数据误差超限
DATA:UP3-2,316,数据误差超限
FILE:2016-10-22 11:22:31,D:\AWORK\向家坝\向家坝数据\9月数据(2016.9)\9月数据\渗压计、测压管、水文孔、量水堰\渗压计\渗压计（二期）-2(坝基深孔).xlsx
DATA:PFSQ-16,200,数据误差超限
DATA:PFSQ-17新,259,数据误差超限
DATA:PFSQ-17新,258,数据误差超限
DATA:PFSQ-17新,233,数据误差超限
DATA:PFSQ-17新,232,数据误差超限
DATA:PFSQ-28,32,数据误差超限
DATA:PLS-17,403,数据误差超限
FILE:2016-10-22 11:22:31,D:\AWORK\向家坝\向家坝数据\干渠9月工程数据库\南干渠监测数据\渗压计.xlsx
FILE:2016-10-22 11:22:31,D:\AWORK\向家坝\向家坝数据\9月数据(2016.9)\9月数据\渗压计、测压管、水文孔、量水堰\水位孔\水位孔（二期）.xlsx
DATA:OH1-8,239,数据误差超限
DATA:OH3-1,239,数据误差超限
DATA:OH3-5,239,数据误差超限
DATA:OH3-6,238,数据误差超限
DATA:OH3-7,237,数据误差超限
DATA:OH3-9,239,数据误差超限
DATA:OHR2-1,126,数据误差超限
FILE:2016-10-22 11:22:31,D:\AWORK\向家坝\向家坝数据\9月数据(2016.9)\9月数据\渗压计、测压管、水文孔、量水堰\渗压计\导流底孔渗压计.xlsx
FILE:2016-10-22 11:22:31,D:\AWORK\向家坝\向家坝数据\9月数据(2016.9)\9月数据\渗压计、测压管、水文孔、量水堰\测压管\测压管（二期）.xlsx
DATA:UP2-11,348,数据误差超限
DATA:UP2-13,331,数据误差超限
FILE:2016-10-22 11:22:31,D:\AWORK\向家坝\向家坝数据\9月数据(2016.9)\9月数据\渗压计、测压管、水文孔、量水堰\渗压计\渗压计（二期）-1(坝体、坝基).xlsx
DATA:PJ-5,444,数据误差超限
DATA:PJ-5,442,数据误差超限
DATA:PL-1,435,数据误差超限
DATA:PG-11,498,数据误差超限
FILE:2016-10-22 11:22:31,D:\AWORK\向家坝\向家坝数据\空间公司上报的2016年9月月报及数据\2标段内观\地下洞室\右岸地下厂房排水廊道\排水廊道-测压管.xlsx
DATA:UP2-28,209,数据误差超限
DATA:UP2-28,205,数据误差超限
FILE:2016-10-22 03:37:10,D:\AWORK\向家坝\向家坝数据\9月数据(2016.9)\9月数据\钢筋计、钢板计、锚杆应力计、压应力计\压应力计（二期）.xlsx
FILE:2016-10-22 03:49:36,D:\AWORK\向家坝\向家坝数据\干渠9月工程数据库\北干渠监测数据\锚索测力计.xlsx
FILE:2016-10-22 03:49:36,D:\AWORK\向家坝\向家坝数据\空间公司上报的2016年9月月报及数据\2标段内观\地下洞室\右岸地下厂房主变洞\主变洞-锚索测力计.xlsx
FILE:2016-10-22 03:49:36,D:\AWORK\向家坝\向家坝数据\空间公司上报的2016年9月月报及数据\2标段内观\出水口边坡\出水口边坡-锚索测力计.xlsx
FILE:2016-10-22 03:49:36,D:\AWORK\向家坝\向家坝数据\空间公司上报的2016年9月月报及数据\2标段内观\进水口边坡\进水口边坡-锚索测力计.xlsx
FILE:2016-10-22 03:49:36,D:\AWORK\向家坝\向家坝数据\空间公司上报的2016年9月月报及数据\2标段内观\地下洞室\右岸地下厂房尾水扩散段(w)\尾水扩散段-锚索测力计.xlsx
FILE:2016-10-22 03:49:36,D:\AWORK\向家坝\向家坝数据\空间公司上报的2016年9月月报及数据\2标段内观\尾渣坝-右岸护坡\右岸护坡-锚索测力计.xlsx
DATA:DPh-3,6,Cannot get a numeric value from a text cell
DATA:DPh-3,5,Cannot get a numeric value from a text cell
DATA:DPh-3,4,Cannot get a numeric value from a text cell
DATA:DPh-3,2,Cannot get a numeric value from a text cell
DATA:DPh-7,6,Cannot get a numeric value from a text cell
DATA:DPh-7,5,Cannot get a numeric value from a text cell
DATA:DPh-7,4,Cannot get a numeric value from a text cell
DATA:DPh-7,2,Cannot get a numeric value from a text cell
FILE:2016-10-22 03:49:36,D:\AWORK\向家坝\向家坝数据\空间公司上报的2016年9月月报及数据\2标段内观\右岸马延坡边坡\马延坡-锚索测力计.xlsx
FILE:2016-10-22 03:49:36,D:\AWORK\向家坝\向家坝数据\空间公司上报的2016年9月月报及数据\2标段内观\太平料场边坡\太平料场-锚索测力计.xlsx
FILE:2016-10-22 03:49:36,D:\AWORK\向家坝\向家坝数据\空间公司上报的2016年9月月报及数据\2标段内观\左岸高边坡\左岸边坡-锚索测力计计算表.xlsx
DATA:6DP-3,119,Cannot get a numeric value from a text cell
FILE:2016-10-22 03:49:36,D:\AWORK\向家坝\向家坝数据\空间公司上报的2016年9月月报及数据\2标段内观\地下洞室\右岸地下厂房尾水主洞(ab-678)\尾水主洞-锚索测力计.xlsx
FILE:2016-10-22 03:49:36,D:\AWORK\向家坝\向家坝数据\空间公司上报的2016年9月月报及数据\2标段内观\地下洞室\右岸地下主厂房\主厂房-锚索测力计.xlsx
FILE:2016-10-22 03:53:20,D:\AWORK\向家坝\向家坝数据\干渠9月工程数据库\北干渠监测数据\锚索测力计.xlsx
FILE:2016-10-22 03:53:20,D:\AWORK\向家坝\向家坝数据\空间公司上报的2016年9月月报及数据\2标段内观\出水口边坡\出水口边坡-锚索测力计.xlsx
FILE:2016-10-22 03:53:20,D:\AWORK\向家坝\向家坝数据\空间公司上报的2016年9月月报及数据\2标段内观\地下洞室\右岸地下厂房主变洞\主变洞-锚索测力计.xlsx
FILE:2016-10-22 03:53:20,D:\AWORK\向家坝\向家坝数据\空间公司上报的2016年9月月报及数据\2标段内观\尾渣坝-右岸护坡\右岸护坡-锚索测力计.xlsx
DATA:DPh-3,6,Cannot get a numeric value from a text cell
DATA:DPh-3,5,Cannot get a numeric value from a text cell
DATA:DPh-3,4,Cannot get a numeric value from a text cell
DATA:DPh-3,2,Cannot get a numeric value from a text cell
DATA:DPh-7,6,Cannot get a numeric value from a text cell
DATA:DPh-7,5,Cannot get a numeric value from a text cell
DATA:DPh-7,4,Cannot get a numeric value from a text cell
DATA:DPh-7,2,Cannot get a numeric value from a text cell
FILE:2016-10-22 03:53:20,D:\AWORK\向家坝\向家坝数据\空间公司上报的2016年9月月报及数据\2标段内观\进水口边坡\进水口边坡-锚索测力计.xlsx
FILE:2016-10-22 03:53:20,D:\AWORK\向家坝\向家坝数据\空间公司上报的2016年9月月报及数据\2标段内观\地下洞室\右岸地下厂房尾水扩散段(w)\尾水扩散段-锚索测力计.xlsx
FILE:2016-10-22 03:53:20,D:\AWORK\向家坝\向家坝数据\空间公司上报的2016年9月月报及数据\2标段内观\右岸马延坡边坡\马延坡-锚索测力计.xlsx
FILE:2016-10-22 03:53:20,D:\AWORK\向家坝\向家坝数据\空间公司上报的2016年9月月报及数据\2标段内观\太平料场边坡\太平料场-锚索测力计.xlsx
FILE:2016-10-22 03:53:20,D:\AWORK\向家坝\向家坝数据\空间公司上报的2016年9月月报及数据\2标段内观\左岸高边坡\左岸边坡-锚索测力计计算表.xlsx
DATA:6DP-3,119,Cannot get a numeric value from a text cell
FILE:2016-10-22 03:53:20,D:\AWORK\向家坝\向家坝数据\空间公司上报的2016年9月月报及数据\2标段内观\地下洞室\右岸地下厂房尾水主洞(ab-678)\尾水主洞-锚索测力计.xlsx
FILE:2016-10-22 03:53:20,D:\AWORK\向家坝\向家坝数据\空间公司上报的2016年9月月报及数据\2标段内观\地下洞室\右岸地下主厂房\主厂房-锚索测力计.xlsx
FILE:2016-10-22 03:58:09,D:\AWORK\向家坝\向家坝数据\干渠9月工程数据库\北干渠监测数据\锚索测力计.xlsx
FILE:2016-10-22 03:58:09,D:\AWORK\向家坝\向家坝数据\空间公司上报的2016年9月月报及数据\2标段内观\出水口边坡\出水口边坡-锚索测力计.xlsx
FILE:2016-10-22 03:58:09,D:\AWORK\向家坝\向家坝数据\空间公司上报的2016年9月月报及数据\2标段内观\地下洞室\右岸地下厂房主变洞\主变洞-锚索测力计.xlsx
FILE:2016-10-22 03:58:09,D:\AWORK\向家坝\向家坝数据\空间公司上报的2016年9月月报及数据\2标段内观\尾渣坝-右岸护坡\右岸护坡-锚索测力计.xlsx
DATA:DPh-3,6,Cannot get a numeric value from a text cell
DATA:DPh-3,5,Cannot get a numeric value from a text cell
DATA:DPh-3,4,Cannot get a numeric value from a text cell
DATA:DPh-3,2,Cannot get a numeric value from a text cell
DATA:DPh-7,6,Cannot get a numeric value from a text cell
DATA:DPh-7,5,Cannot get a numeric value from a text cell
DATA:DPh-7,4,Cannot get a numeric value from a text cell
DATA:DPh-7,2,Cannot get a numeric value from a text cell
FILE:2016-10-22 03:58:09,D:\AWORK\向家坝\向家坝数据\空间公司上报的2016年9月月报及数据\2标段内观\进水口边坡\进水口边坡-锚索测力计.xlsx
FILE:2016-10-22 03:58:09,D:\AWORK\向家坝\向家坝数据\空间公司上报的2016年9月月报及数据\2标段内观\地下洞室\右岸地下厂房尾水扩散段(w)\尾水扩散段-锚索测力计.xlsx
FILE:2016-10-22 03:58:09,D:\AWORK\向家坝\向家坝数据\空间公司上报的2016年9月月报及数据\2标段内观\右岸马延坡边坡\马延坡-锚索测力计.xlsx
DATA:DP-1CP,6,Cannot get a numeric value from a text cell
DATA:DP-1CP,5,Cannot get a numeric value from a text cell
DATA:DP-1CP,4,Cannot get a numeric value from a text cell
FILE:2016-10-22 03:58:09,D:\AWORK\向家坝\向家坝数据\空间公司上报的2016年9月月报及数据\2标段内观\太平料场边坡\太平料场-锚索测力计.xlsx
FILE:2016-10-22 03:58:09,D:\AWORK\向家坝\向家坝数据\空间公司上报的2016年9月月报及数据\2标段内观\左岸高边坡\左岸边坡-锚索测力计计算表.xlsx
DATA:6DP-3,119,Cannot get a numeric value from a text cell
FILE:2016-10-22 03:58:09,D:\AWORK\向家坝\向家坝数据\空间公司上报的2016年9月月报及数据\2标段内观\地下洞室\右岸地下厂房尾水主洞(ab-678)\尾水主洞-锚索测力计.xlsx
FILE:2016-10-22 03:58:09,D:\AWORK\向家坝\向家坝数据\空间公司上报的2016年9月月报及数据\2标段内观\地下洞室\右岸地下主厂房\主厂房-锚索测力计.xlsx
FILE:2016-10-22 03:58:46,D:\AWORK\向家坝\向家坝数据\干渠9月工程数据库\北干渠监测数据\锚索测力计.xlsx
FILE:2016-10-22 03:58:46,D:\AWORK\向家坝\向家坝数据\空间公司上报的2016年9月月报及数据\2标段内观\出水口边坡\出水口边坡-锚索测力计.xlsx
FILE:2016-10-22 03:58:46,D:\AWORK\向家坝\向家坝数据\空间公司上报的2016年9月月报及数据\2标段内观\尾渣坝-右岸护坡\右岸护坡-锚索测力计.xlsx
DATA:DPh-3,6,Cannot get a numeric value from a text cell
DATA:DPh-3,5,Cannot get a numeric value from a text cell
DATA:DPh-3,4,Cannot get a numeric value from a text cell
DATA:DPh-3,2,Cannot get a numeric value from a text cell
DATA:DPh-7,6,Cannot get a numeric value from a text cell
DATA:DPh-7,5,Cannot get a numeric value from a text cell
DATA:DPh-7,4,Cannot get a numeric value from a text cell
DATA:DPh-7,2,Cannot get a numeric value from a text cell
FILE:2016-10-22 03:58:46,D:\AWORK\向家坝\向家坝数据\空间公司上报的2016年9月月报及数据\2标段内观\地下洞室\右岸地下厂房主变洞\主变洞-锚索测力计.xlsx
FILE:2016-10-22 03:58:46,D:\AWORK\向家坝\向家坝数据\空间公司上报的2016年9月月报及数据\2标段内观\进水口边坡\进水口边坡-锚索测力计.xlsx
FILE:2016-10-22 03:58:46,D:\AWORK\向家坝\向家坝数据\空间公司上报的2016年9月月报及数据\2标段内观\地下洞室\右岸地下厂房尾水扩散段(w)\尾水扩散段-锚索测力计.xlsx
FILE:2016-10-22 03:58:46,D:\AWORK\向家坝\向家坝数据\空间公司上报的2016年9月月报及数据\2标段内观\右岸马延坡边坡\马延坡-锚索测力计.xlsx
DATA:DP-1CP,6,Cannot get a numeric value from a text cell
DATA:DP-1CP,5,Cannot get a numeric value from a text cell
DATA:DP-1CP,4,Cannot get a numeric value from a text cell
FILE:2016-10-22 03:58:46,D:\AWORK\向家坝\向家坝数据\空间公司上报的2016年9月月报及数据\2标段内观\太平料场边坡\太平料场-锚索测力计.xlsx
FILE:2016-10-22 03:58:46,D:\AWORK\向家坝\向家坝数据\空间公司上报的2016年9月月报及数据\2标段内观\左岸高边坡\左岸边坡-锚索测力计计算表.xlsx
DATA:6DP-3,119,Cannot get a numeric value from a text cell
FILE:2016-10-22 03:58:46,D:\AWORK\向家坝\向家坝数据\空间公司上报的2016年9月月报及数据\2标段内观\地下洞室\右岸地下厂房尾水主洞(ab-678)\尾水主洞-锚索测力计.xlsx
FILE:2016-10-22 03:58:46,D:\AWORK\向家坝\向家坝数据\空间公司上报的2016年9月月报及数据\2标段内观\地下洞室\右岸地下主厂房\主厂房-锚索测力计.xlsx
FILE:2016-10-22 04:01:29,D:\AWORK\向家坝\向家坝数据\干渠9月工程数据库\北干渠监测数据\锚索测力计.xlsx
FILE:2016-10-22 04:01:29,D:\AWORK\向家坝\向家坝数据\空间公司上报的2016年9月月报及数据\2标段内观\出水口边坡\出水口边坡-锚索测力计.xlsx
FILE:2016-10-22 04:01:29,D:\AWORK\向家坝\向家坝数据\空间公司上报的2016年9月月报及数据\2标段内观\地下洞室\右岸地下厂房主变洞\主变洞-锚索测力计.xlsx
FILE:2016-10-22 04:01:29,D:\AWORK\向家坝\向家坝数据\空间公司上报的2016年9月月报及数据\2标段内观\尾渣坝-右岸护坡\右岸护坡-锚索测力计.xlsx
FILE:2016-10-22 04:01:29,D:\AWORK\向家坝\向家坝数据\空间公司上报的2016年9月月报及数据\2标段内观\进水口边坡\进水口边坡-锚索测力计.xlsx
FILE:2016-10-22 04:01:29,D:\AWORK\向家坝\向家坝数据\空间公司上报的2016年9月月报及数据\2标段内观\地下洞室\右岸地下厂房尾水扩散段(w)\尾水扩散段-锚索测力计.xlsx
FILE:2016-10-22 04:01:29,D:\AWORK\向家坝\向家坝数据\空间公司上报的2016年9月月报及数据\2标段内观\右岸马延坡边坡\马延坡-锚索测力计.xlsx
FILE:2016-10-22 04:01:29,D:\AWORK\向家坝\向家坝数据\空间公司上报的2016年9月月报及数据\2标段内观\太平料场边坡\太平料场-锚索测力计.xlsx
FILE:2016-10-22 04:01:29,D:\AWORK\向家坝\向家坝数据\空间公司上报的2016年9月月报及数据\2标段内观\地下洞室\右岸地下厂房尾水主洞(ab-678)\尾水主洞-锚索测力计.xlsx
FILE:2016-10-22 04:01:29,D:\AWORK\向家坝\向家坝数据\空间公司上报的2016年9月月报及数据\2标段内观\左岸高边坡\左岸边坡-锚索测力计计算表.xlsx
FILE:2016-10-22 04:01:29,D:\AWORK\向家坝\向家坝数据\空间公司上报的2016年9月月报及数据\2标段内观\地下洞室\右岸地下主厂房\主厂房-锚索测力计.xlsx
FILE:2016-10-22 04:02:58,D:\AWORK\向家坝\向家坝数据\空间公司上报的2016年9月月报及数据\2标段内观\左岸高边坡\左岸边坡-交通洞渗压计.xlsx
FILE:2016-10-22 04:02:58,D:\AWORK\向家坝\向家坝数据\空间公司上报的2016年9月月报及数据\2标段内观\地下洞室\右岸地下厂房243高程以下(j)\243高程以下-渗压计.xlsx
FILE:2016-10-22 04:02:58,D:\AWORK\向家坝\向家坝数据\空间公司上报的2016年9月月报及数据\2标段内观\地下洞室\右岸地下厂房尾水扩散段(w)\尾水扩散段-渗压计.xlsx
DATA:Pw1-1,391,数据误差超限
FILE:2016-10-22 04:02:58,D:\AWORK\向家坝\向家坝数据\空间公司上报的2016年9月月报及数据\2标段内观\地下洞室\右岸地下厂房尾水支洞(ab-5)\尾水支洞-渗压计.xlsx
DATA:Pa5-1,332,数据误差超限
FILE:2016-10-22 04:02:58,D:\AWORK\向家坝\向家坝数据\空间公司上报的2016年9月月报及数据\2标段内观\地下洞室\右岸地下厂房尾水主洞(ab-678)\尾水主洞-渗压计.xlsx
DATA:Pb8-1,445,数据误差超限
FILE:2016-10-22 04:02:58,D:\AWORK\向家坝\向家坝数据\空间公司上报的2016年9月月报及数据\2标段内观\地下洞室\右岸地下厂房引水洞(ab-1234)\引水洞-渗压计.xlsx
DATA:Pa1-1,346,数据误差超限
DATA:Pa1-1,345,数据误差超限
DATA:Pa1-2,347,数据误差超限
DATA:Pa1-2,346,数据误差超限
DATA:Pa2-2,353,数据误差超限
DATA:Pa2-2,352,数据误差超限
DATA:Pa3-1,410,数据误差超限
DATA:Pa3-2,329,数据误差超限
DATA:Pb1-2,326,数据误差超限
DATA:Pb1-2,325,数据误差超限
DATA:Pb1-2,323,数据误差超限
DATA:Pb2-1,330,数据误差超限
DATA:Pb2-1,329,数据误差超限
DATA:Pb2-1,327,数据误差超限
DATA:Pb2-2,342,数据误差超限
DATA:Pb2-2,341,数据误差超限
DATA:Pb2-2,340,数据误差超限
DATA:Pb3-1,416,数据误差超限
DATA:Pb3-2,398,数据误差超限
FILE:2016-10-22 04:02:58,D:\AWORK\向家坝\向家坝数据\9月数据(2016.9)\9月数据\渗压计、测压管、水文孔、量水堰\水位孔\水位孔（一期）.xlsx
FILE:2016-10-22 04:02:58,D:\AWORK\向家坝\向家坝数据\空间公司上报的2016年9月月报及数据\2标段内观\地下洞室\右岸进厂交通洞\右岸交通洞-渗压计.xlsx
FILE:2016-10-22 04:02:58,D:\AWORK\向家坝\向家坝数据\9月数据(2016.9)\9月数据\渗压计、测压管、水文孔、量水堰\测压管\测压管（一期）.xlsx
DATA:UP1-1,275,数据误差超限
DATA:UP1-3,276,数据误差超限
DATA:UP1-3,275,数据误差超限
DATA:UP1-4,271,数据误差超限
DATA:UP1-10,321,数据误差超限
DATA:UP1-10,317,数据误差超限
DATA:UP1-12,322,数据误差超限
DATA:UP1-12,318,数据误差超限
DATA:UP3-2,320,数据误差超限
DATA:UP3-2,316,数据误差超限
FILE:2016-10-22 04:02:58,D:\AWORK\向家坝\向家坝数据\9月数据(2016.9)\9月数据\渗压计、测压管、水文孔、量水堰\渗压计\渗压计（一期）.xlsx
FILE:2016-10-22 04:02:58,D:\AWORK\向家坝\向家坝数据\9月数据(2016.9)\9月数据\渗压计、测压管、水文孔、量水堰\渗压计\渗压计（二期）-2(坝基深孔).xlsx
DATA:PFSQ-16,200,数据误差超限
DATA:PFSQ-17新,259,数据误差超限
DATA:PFSQ-17新,258,数据误差超限
DATA:PFSQ-17新,233,数据误差超限
DATA:PFSQ-17新,232,数据误差超限
DATA:PFSQ-28,32,数据误差超限
DATA:PLS-17,403,数据误差超限
FILE:2016-10-22 04:02:58,D:\AWORK\向家坝\向家坝数据\干渠9月工程数据库\南干渠监测数据\渗压计.xlsx
FILE:2016-10-22 04:02:58,D:\AWORK\向家坝\向家坝数据\9月数据(2016.9)\9月数据\渗压计、测压管、水文孔、量水堰\水位孔\水位孔（二期）.xlsx
DATA:OH1-8,239,数据误差超限
DATA:OH3-1,239,数据误差超限
DATA:OH3-5,239,数据误差超限
DATA:OH3-6,238,数据误差超限
DATA:OH3-7,237,数据误差超限
DATA:OH3-9,239,数据误差超限
DATA:OHR2-1,126,数据误差超限
FILE:2016-10-22 04:02:58,D:\AWORK\向家坝\向家坝数据\9月数据(2016.9)\9月数据\渗压计、测压管、水文孔、量水堰\渗压计\导流底孔渗压计.xlsx
FILE:2016-10-22 04:02:58,D:\AWORK\向家坝\向家坝数据\9月数据(2016.9)\9月数据\渗压计、测压管、水文孔、量水堰\测压管\测压管（二期）.xlsx
DATA:UP2-11,348,数据误差超限
DATA:UP2-13,331,数据误差超限
FILE:2016-10-22 04:02:58,D:\AWORK\向家坝\向家坝数据\9月数据(2016.9)\9月数据\渗压计、测压管、水文孔、量水堰\渗压计\渗压计（二期）-1(坝体、坝基).xlsx
DATA:PJ-5,444,数据误差超限
DATA:PJ-5,442,数据误差超限
DATA:PL-1,435,数据误差超限
DATA:PG-11,498,数据误差超限
FILE:2016-10-22 04:02:58,D:\AWORK\向家坝\向家坝数据\空间公司上报的2016年9月月报及数据\2标段内观\地下洞室\右岸地下厂房排水廊道\排水廊道-测压管.xlsx
DATA:UP2-28,209,数据误差超限
DATA:UP2-28,205,数据误差超限
FILE:2016-10-22 05:06:41,D:\AWORK\向家坝\向家坝数据\干渠9月工程数据库\北干渠监测数据\多点位移计.xlsx
FILE:2016-10-22 05:06:41,D:\AWORK\向家坝\向家坝数据\9月数据(2016.9)\9月数据\基岩变位计、回弹仪\回弹仪（一+二期）.xlsx
FILE:2016-10-22 05:06:41,D:\AWORK\向家坝\向家坝数据\空间公司上报的2016年9月月报及数据\2标段内观\地下洞室\右岸地下厂房通风洞\通风洞-多点位移计.xlsx
FILE:2016-10-22 05:06:41,D:\AWORK\向家坝\向家坝数据\空间公司上报的2016年9月月报及数据\2标段内观\太平料场边坡\太平料场-多点位移计.xlsx
FILE:2016-10-22 05:06:41,D:\AWORK\向家坝\向家坝数据\空间公司上报的2016年9月月报及数据\2标段内观\出水口边坡\出水口边坡-多点位移计.xlsx
FILE:2016-10-22 05:06:41,D:\AWORK\向家坝\向家坝数据\空间公司上报的2016年9月月报及数据\2标段内观\地下洞室\右岸地下厂房尾水支洞(ab-5)\尾水支洞-多点位移计.xlsx
FILE:2016-10-22 05:06:41,D:\AWORK\向家坝\向家坝数据\空间公司上报的2016年9月月报及数据\2标段内观\左岸高边坡\多点位移计\多点位移计.xlsx
FILE:2016-10-22 05:06:41,D:\AWORK\向家坝\向家坝数据\9月数据(2016.9)\9月数据\多点位移计\多点位移计（一期）.xlsx
FILE:2016-10-22 05:06:41,D:\AWORK\向家坝\向家坝数据\空间公司上报的2016年9月月报及数据\2标段内观\左岸高边坡\多点位移计\交通洞多点位移计.xlsx
FILE:2016-10-22 05:06:41,D:\AWORK\向家坝\向家坝数据\空间公司上报的2016年9月月报及数据\2标段内观\地下洞室\右岸进厂交通洞\右岸交通洞-多点位移计.xlsx
FILE:2016-10-22 05:06:41,D:\AWORK\向家坝\向家坝数据\空间公司上报的2016年9月月报及数据\2标段内观\进水口边坡\进水口边坡-多点位移计.xlsx
FILE:2016-10-22 05:06:41,D:\AWORK\向家坝\向家坝数据\空间公司上报的2016年9月月报及数据\2标段内观\地下洞室\右岸地下厂房尾水主洞(ab-678)\尾水主洞-多点位移计.xlsx
FILE:2016-10-22 05:06:41,D:\AWORK\向家坝\向家坝数据\空间公司上报的2016年9月月报及数据\2标段内观\地下洞室\右岸地下厂房尾水扩散段(w)\尾水扩散段-多点位移计.xlsx
FILE:2016-10-22 05:06:41,D:\AWORK\向家坝\向家坝数据\空间公司上报的2016年9月月报及数据\2标段内观\地下洞室\右岸地下主厂房\主厂房-多点位移计.xlsx
FILE:2016-10-22 05:06:41,D:\AWORK\向家坝\向家坝数据\空间公司上报的2016年9月月报及数据\2标段内观\地下洞室\右岸地下厂房引水洞(ab-1234)\引水洞-多点位移计.xlsx
FILE:2016-10-22 05:06:41,D:\AWORK\向家坝\向家坝数据\空间公司上报的2016年9月月报及数据\2标段内观\地下洞室\右岸地下厂房主变洞\主变洞-多点位移计.xlsx
FILE:2016-10-22 05:08:40,D:\AWORK\向家坝\向家坝数据\干渠9月工程数据库\北干渠监测数据\多点位移计.xlsx
FILE:2016-10-22 05:08:40,D:\AWORK\向家坝\向家坝数据\空间公司上报的2016年9月月报及数据\2标段内观\地下洞室\右岸地下厂房通风洞\通风洞-多点位移计.xlsx
FILE:2016-10-22 05:08:40,D:\AWORK\向家坝\向家坝数据\9月数据(2016.9)\9月数据\基岩变位计、回弹仪\回弹仪（一+二期）.xlsx
FILE:2016-10-22 05:08:40,D:\AWORK\向家坝\向家坝数据\空间公司上报的2016年9月月报及数据\2标段内观\太平料场边坡\太平料场-多点位移计.xlsx
FILE:2016-10-22 05:08:40,D:\AWORK\向家坝\向家坝数据\空间公司上报的2016年9月月报及数据\2标段内观\出水口边坡\出水口边坡-多点位移计.xlsx
FILE:2016-10-22 05:08:40,D:\AWORK\向家坝\向家坝数据\空间公司上报的2016年9月月报及数据\2标段内观\地下洞室\右岸地下厂房尾水支洞(ab-5)\尾水支洞-多点位移计.xlsx
FILE:2016-10-22 05:08:40,D:\AWORK\向家坝\向家坝数据\空间公司上报的2016年9月月报及数据\2标段内观\左岸高边坡\多点位移计\多点位移计.xlsx
FILE:2016-10-22 05:08:40,D:\AWORK\向家坝\向家坝数据\空间公司上报的2016年9月月报及数据\2标段内观\地下洞室\右岸进厂交通洞\右岸交通洞-多点位移计.xlsx
FILE:2016-10-22 05:08:40,D:\AWORK\向家坝\向家坝数据\空间公司上报的2016年9月月报及数据\2标段内观\左岸高边坡\多点位移计\交通洞多点位移计.xlsx
FILE:2016-10-22 05:08:40,D:\AWORK\向家坝\向家坝数据\9月数据(2016.9)\9月数据\多点位移计\多点位移计（一期）.xlsx
FILE:2016-10-22 05:08:40,D:\AWORK\向家坝\向家坝数据\空间公司上报的2016年9月月报及数据\2标段内观\进水口边坡\进水口边坡-多点位移计.xlsx
FILE:2016-10-22 05:08:40,D:\AWORK\向家坝\向家坝数据\空间公司上报的2016年9月月报及数据\2标段内观\地下洞室\右岸地下厂房尾水主洞(ab-678)\尾水主洞-多点位移计.xlsx
FILE:2016-10-22 05:08:40,D:\AWORK\向家坝\向家坝数据\空间公司上报的2016年9月月报及数据\2标段内观\地下洞室\右岸地下厂房尾水扩散段(w)\尾水扩散段-多点位移计.xlsx
FILE:2016-10-22 05:08:40,D:\AWORK\向家坝\向家坝数据\空间公司上报的2016年9月月报及数据\2标段内观\地下洞室\右岸地下主厂房\主厂房-多点位移计.xlsx
FILE:2016-10-22 05:08:40,D:\AWORK\向家坝\向家坝数据\空间公司上报的2016年9月月报及数据\2标段内观\地下洞室\右岸地下厂房引水洞(ab-1234)\引水洞-多点位移计.xlsx
FILE:2016-10-22 05:08:40,D:\AWORK\向家坝\向家坝数据\空间公司上报的2016年9月月报及数据\2标段内观\地下洞室\右岸地下厂房主变洞\主变洞-多点位移计.xlsx
FILE:2016-10-22 05:11:04,D:\AWORK\向家坝\向家坝数据\干渠9月工程数据库\北干渠监测数据\多点位移计.xlsx
FILE:2016-10-22 05:11:04,D:\AWORK\向家坝\向家坝数据\9月数据(2016.9)\9月数据\基岩变位计、回弹仪\回弹仪（一+二期）.xlsx
FILE:2016-10-22 05:11:04,D:\AWORK\向家坝\向家坝数据\空间公司上报的2016年9月月报及数据\2标段内观\地下洞室\右岸地下厂房通风洞\通风洞-多点位移计.xlsx
FILE:2016-10-22 05:11:04,D:\AWORK\向家坝\向家坝数据\空间公司上报的2016年9月月报及数据\2标段内观\太平料场边坡\太平料场-多点位移计.xlsx
FILE:2016-10-22 05:11:04,D:\AWORK\向家坝\向家坝数据\空间公司上报的2016年9月月报及数据\2标段内观\出水口边坡\出水口边坡-多点位移计.xlsx
FILE:2016-10-22 05:11:04,D:\AWORK\向家坝\向家坝数据\空间公司上报的2016年9月月报及数据\2标段内观\地下洞室\右岸地下厂房尾水支洞(ab-5)\尾水支洞-多点位移计.xlsx
FILE:2016-10-22 05:11:04,D:\AWORK\向家坝\向家坝数据\空间公司上报的2016年9月月报及数据\2标段内观\左岸高边坡\多点位移计\多点位移计.xlsx
FILE:2016-10-22 05:11:04,D:\AWORK\向家坝\向家坝数据\9月数据(2016.9)\9月数据\多点位移计\多点位移计（一期）.xlsx
FILE:2016-10-22 05:11:04,D:\AWORK\向家坝\向家坝数据\空间公司上报的2016年9月月报及数据\2标段内观\地下洞室\右岸进厂交通洞\右岸交通洞-多点位移计.xlsx
FILE:2016-10-22 05:11:04,D:\AWORK\向家坝\向家坝数据\空间公司上报的2016年9月月报及数据\2标段内观\左岸高边坡\多点位移计\交通洞多点位移计.xlsx
FILE:2016-10-22 05:11:04,D:\AWORK\向家坝\向家坝数据\空间公司上报的2016年9月月报及数据\2标段内观\进水口边坡\进水口边坡-多点位移计.xlsx
FILE:2016-10-22 05:11:04,D:\AWORK\向家坝\向家坝数据\空间公司上报的2016年9月月报及数据\2标段内观\地下洞室\右岸地下厂房尾水主洞(ab-678)\尾水主洞-多点位移计.xlsx
FILE:2016-10-22 05:11:04,D:\AWORK\向家坝\向家坝数据\空间公司上报的2016年9月月报及数据\2标段内观\地下洞室\右岸地下厂房尾水扩散段(w)\尾水扩散段-多点位移计.xlsx
FILE:2016-10-22 05:11:04,D:\AWORK\向家坝\向家坝数据\空间公司上报的2016年9月月报及数据\2标段内观\地下洞室\右岸地下主厂房\主厂房-多点位移计.xlsx
FILE:2016-10-22 05:11:04,D:\AWORK\向家坝\向家坝数据\空间公司上报的2016年9月月报及数据\2标段内观\地下洞室\右岸地下厂房引水洞(ab-1234)\引水洞-多点位移计.xlsx
FILE:2016-10-22 05:11:04,D:\AWORK\向家坝\向家坝数据\空间公司上报的2016年9月月报及数据\2标段内观\地下洞室\右岸地下厂房主变洞\主变洞-多点位移计.xlsx
FILE:2016-10-22 05:19:46,D:\AWORK\向家坝\向家坝数据\干渠9月工程数据库\北干渠监测数据\多点位移计.xlsx
FILE:2016-10-22 05:19:46,D:\AWORK\向家坝\向家坝数据\9月数据(2016.9)\9月数据\基岩变位计、回弹仪\回弹仪（一+二期）.xlsx
FILE:2016-10-22 05:19:46,D:\AWORK\向家坝\向家坝数据\空间公司上报的2016年9月月报及数据\2标段内观\地下洞室\右岸地下厂房通风洞\通风洞-多点位移计.xlsx
FILE:2016-10-22 05:19:46,D:\AWORK\向家坝\向家坝数据\空间公司上报的2016年9月月报及数据\2标段内观\太平料场边坡\太平料场-多点位移计.xlsx
FILE:2016-10-22 05:19:46,D:\AWORK\向家坝\向家坝数据\空间公司上报的2016年9月月报及数据\2标段内观\出水口边坡\出水口边坡-多点位移计.xlsx
FILE:2016-10-22 05:19:46,D:\AWORK\向家坝\向家坝数据\空间公司上报的2016年9月月报及数据\2标段内观\地下洞室\右岸地下厂房尾水支洞(ab-5)\尾水支洞-多点位移计.xlsx
FILE:2016-10-22 05:19:46,D:\AWORK\向家坝\向家坝数据\空间公司上报的2016年9月月报及数据\2标段内观\左岸高边坡\多点位移计\多点位移计.xlsx
FILE:2016-10-22 05:19:46,D:\AWORK\向家坝\向家坝数据\9月数据(2016.9)\9月数据\多点位移计\多点位移计（一期）.xlsx
FILE:2016-10-22 05:19:46,D:\AWORK\向家坝\向家坝数据\空间公司上报的2016年9月月报及数据\2标段内观\地下洞室\右岸进厂交通洞\右岸交通洞-多点位移计.xlsx
FILE:2016-10-22 05:19:46,D:\AWORK\向家坝\向家坝数据\空间公司上报的2016年9月月报及数据\2标段内观\左岸高边坡\多点位移计\交通洞多点位移计.xlsx
FILE:2016-10-22 05:19:46,D:\AWORK\向家坝\向家坝数据\空间公司上报的2016年9月月报及数据\2标段内观\进水口边坡\进水口边坡-多点位移计.xlsx
FILE:2016-10-22 05:19:46,D:\AWORK\向家坝\向家坝数据\空间公司上报的2016年9月月报及数据\2标段内观\地下洞室\右岸地下厂房尾水主洞(ab-678)\尾水主洞-多点位移计.xlsx
FILE:2016-10-22 05:19:46,D:\AWORK\向家坝\向家坝数据\空间公司上报的2016年9月月报及数据\2标段内观\地下洞室\右岸地下主厂房\主厂房-多点位移计.xlsx
FILE:2016-10-22 05:19:46,D:\AWORK\向家坝\向家坝数据\空间公司上报的2016年9月月报及数据\2标段内观\地下洞室\右岸地下厂房尾水扩散段(w)\尾水扩散段-多点位移计.xlsx
FILE:2016-10-22 05:19:46,D:\AWORK\向家坝\向家坝数据\空间公司上报的2016年9月月报及数据\2标段内观\地下洞室\右岸地下厂房引水洞(ab-1234)\引水洞-多点位移计.xlsx
FILE:2016-10-22 05:19:46,D:\AWORK\向家坝\向家坝数据\空间公司上报的2016年9月月报及数据\2标段内观\地下洞室\右岸地下厂房主变洞\主变洞-多点位移计.xlsx
FILE:2016-10-22 05:24:28,D:\AWORK\向家坝\向家坝数据\干渠9月工程数据库\北干渠监测数据\多点位移计.xlsx
FILE:2016-10-22 05:24:28,D:\AWORK\向家坝\向家坝数据\9月数据(2016.9)\9月数据\基岩变位计、回弹仪\回弹仪（一+二期）.xlsx
FILE:2016-10-22 05:24:28,D:\AWORK\向家坝\向家坝数据\空间公司上报的2016年9月月报及数据\2标段内观\地下洞室\右岸地下厂房通风洞\通风洞-多点位移计.xlsx
FILE:2016-10-22 05:24:28,D:\AWORK\向家坝\向家坝数据\空间公司上报的2016年9月月报及数据\2标段内观\太平料场边坡\太平料场-多点位移计.xlsx
FILE:2016-10-22 05:24:28,D:\AWORK\向家坝\向家坝数据\空间公司上报的2016年9月月报及数据\2标段内观\出水口边坡\出水口边坡-多点位移计.xlsx
FILE:2016-10-22 05:24:28,D:\AWORK\向家坝\向家坝数据\空间公司上报的2016年9月月报及数据\2标段内观\地下洞室\右岸地下厂房尾水支洞(ab-5)\尾水支洞-多点位移计.xlsx
FILE:2016-10-22 05:24:28,D:\AWORK\向家坝\向家坝数据\空间公司上报的2016年9月月报及数据\2标段内观\左岸高边坡\多点位移计\多点位移计.xlsx
FILE:2016-10-22 05:24:28,D:\AWORK\向家坝\向家坝数据\9月数据(2016.9)\9月数据\多点位移计\多点位移计（一期）.xlsx
FILE:2016-10-22 05:24:28,D:\AWORK\向家坝\向家坝数据\空间公司上报的2016年9月月报及数据\2标段内观\地下洞室\右岸进厂交通洞\右岸交通洞-多点位移计.xlsx
FILE:2016-10-22 05:24:28,D:\AWORK\向家坝\向家坝数据\空间公司上报的2016年9月月报及数据\2标段内观\左岸高边坡\多点位移计\交通洞多点位移计.xlsx
FILE:2016-10-22 05:24:28,D:\AWORK\向家坝\向家坝数据\空间公司上报的2016年9月月报及数据\2标段内观\进水口边坡\进水口边坡-多点位移计.xlsx
FILE:2016-10-22 05:24:28,D:\AWORK\向家坝\向家坝数据\空间公司上报的2016年9月月报及数据\2标段内观\地下洞室\右岸地下厂房尾水主洞(ab-678)\尾水主洞-多点位移计.xlsx
FILE:2016-10-22 05:24:28,D:\AWORK\向家坝\向家坝数据\空间公司上报的2016年9月月报及数据\2标段内观\地下洞室\右岸地下厂房尾水扩散段(w)\尾水扩散段-多点位移计.xlsx
FILE:2016-10-22 05:24:28,D:\AWORK\向家坝\向家坝数据\空间公司上报的2016年9月月报及数据\2标段内观\地下洞室\右岸地下主厂房\主厂房-多点位移计.xlsx
FILE:2016-10-22 05:24:28,D:\AWORK\向家坝\向家坝数据\空间公司上报的2016年9月月报及数据\2标段内观\地下洞室\右岸地下厂房引水洞(ab-1234)\引水洞-多点位移计.xlsx
FILE:2016-10-22 05:24:28,D:\AWORK\向家坝\向家坝数据\空间公司上报的2016年9月月报及数据\2标段内观\地下洞室\右岸地下厂房主变洞\主变洞-多点位移计.xlsx
FILE:2016-10-22 05:26:36,D:\AWORK\向家坝\向家坝数据\干渠9月工程数据库\北干渠监测数据\多点位移计.xlsx
FILE:2016-10-22 05:26:36,D:\AWORK\向家坝\向家坝数据\9月数据(2016.9)\9月数据\基岩变位计、回弹仪\回弹仪（一+二期）.xlsx
FILE:2016-10-22 05:26:36,D:\AWORK\向家坝\向家坝数据\空间公司上报的2016年9月月报及数据\2标段内观\地下洞室\右岸地下厂房通风洞\通风洞-多点位移计.xlsx
FILE:2016-10-22 05:26:36,D:\AWORK\向家坝\向家坝数据\空间公司上报的2016年9月月报及数据\2标段内观\太平料场边坡\太平料场-多点位移计.xlsx
FILE:2016-10-22 05:26:36,D:\AWORK\向家坝\向家坝数据\空间公司上报的2016年9月月报及数据\2标段内观\出水口边坡\出水口边坡-多点位移计.xlsx
FILE:2016-10-22 05:26:36,D:\AWORK\向家坝\向家坝数据\空间公司上报的2016年9月月报及数据\2标段内观\地下洞室\右岸地下厂房尾水支洞(ab-5)\尾水支洞-多点位移计.xlsx
FILE:2016-10-22 05:26:36,D:\AWORK\向家坝\向家坝数据\空间公司上报的2016年9月月报及数据\2标段内观\左岸高边坡\多点位移计\多点位移计.xlsx
FILE:2016-10-22 05:26:36,D:\AWORK\向家坝\向家坝数据\9月数据(2016.9)\9月数据\多点位移计\多点位移计（一期）.xlsx
FILE:2016-10-22 05:26:36,D:\AWORK\向家坝\向家坝数据\空间公司上报的2016年9月月报及数据\2标段内观\左岸高边坡\多点位移计\交通洞多点位移计.xlsx
FILE:2016-10-22 05:26:36,D:\AWORK\向家坝\向家坝数据\空间公司上报的2016年9月月报及数据\2标段内观\地下洞室\右岸进厂交通洞\右岸交通洞-多点位移计.xlsx
FILE:2016-10-22 05:26:36,D:\AWORK\向家坝\向家坝数据\空间公司上报的2016年9月月报及数据\2标段内观\进水口边坡\进水口边坡-多点位移计.xlsx
FILE:2016-10-22 05:26:36,D:\AWORK\向家坝\向家坝数据\空间公司上报的2016年9月月报及数据\2标段内观\地下洞室\右岸地下厂房尾水主洞(ab-678)\尾水主洞-多点位移计.xlsx
FILE:2016-10-22 05:26:36,D:\AWORK\向家坝\向家坝数据\空间公司上报的2016年9月月报及数据\2标段内观\地下洞室\右岸地下主厂房\主厂房-多点位移计.xlsx
FILE:2016-10-22 05:26:36,D:\AWORK\向家坝\向家坝数据\空间公司上报的2016年9月月报及数据\2标段内观\地下洞室\右岸地下厂房尾水扩散段(w)\尾水扩散段-多点位移计.xlsx
FILE:2016-10-22 05:26:36,D:\AWORK\向家坝\向家坝数据\空间公司上报的2016年9月月报及数据\2标段内观\地下洞室\右岸地下厂房引水洞(ab-1234)\引水洞-多点位移计.xlsx
FILE:2016-10-22 05:26:36,D:\AWORK\向家坝\向家坝数据\空间公司上报的2016年9月月报及数据\2标段内观\地下洞室\右岸地下厂房主变洞\主变洞-多点位移计.xlsx
