FILE:2016-11-07 08:45:46,D:\AWORK\苗尾\苗尾监测数据\昆明院监测\导流隧洞观测数据第265期\出口边坡\出口锚杆应力计.xls
FILE:2016-11-07 08:45:46,D:\AWORK\苗尾\苗尾监测数据\昆明院监测\导流隧洞观测数据第265期\导流洞\导流洞锚杆应力计.xls
FILE:2016-11-07 08:45:46,D:\AWORK\苗尾\苗尾监测数据\昆明院监测\导流隧洞观测数据第265期\进口边坡\进口锚杆应力计.xls
DATA:Kdp2-1,24,观测日期有误
DATA:Kdp2-1,23,观测日期有误
DATA:Kdp2-1,19,观测日期有误
FILE:2016-11-07 08:45:46,D:\AWORK\苗尾\苗尾监测数据\昆明院监测\料场-观测数据\锚杆应力计.xls
DATA:KLpZ-2-2,76,观测日期有误
DATA:KLpZ-2-3,76,观测日期有误
DATA:KLpZ-3-1,72,观测日期有误
DATA:KLpZ-3-2,71,观测日期有误
FILE:2016-11-07 08:45:46,D:\AWORK\苗尾\苗尾监测数据\昆明院监测\进水口\挖出仪器\进水口锚杆应力计（被挖）.xls
DATA:KJb2-1-3 ,68,观测日期有误
FILE:2016-11-07 08:45:46,D:\AWORK\苗尾\苗尾监测数据\葛洲坝安全监测\2#施工支洞\2#施工\1\锚杆应力计.xls
FILE:2016-11-07 08:45:46,D:\AWORK\苗尾\苗尾监测数据\葛洲坝安全监测\2#施工支洞\2#施工\2\2锚杆应力计.xls
FILE:2016-11-07 08:45:46,D:\AWORK\苗尾\苗尾监测数据\葛洲坝安全监测\2#施工支洞\2#施工\3\3锚杆应力计.xls
FILE:2016-11-07 08:45:46,D:\AWORK\苗尾\苗尾监测数据\葛洲坝安全监测\2#施工支洞\2#施工\4\4锚杆应力计.xls
FILE:2016-11-07 08:45:46,D:\AWORK\苗尾\苗尾监测数据\葛洲坝安全监测\冲沙兼放空洞\371-E断面\锚杆应力计.xls
FILE:2016-11-07 08:45:46,D:\AWORK\苗尾\苗尾监测数据\葛洲坝安全监测\冲沙兼放空洞\A断面\A断面锚杆应力计.xls
FILE:2016-11-07 08:45:46,D:\AWORK\苗尾\苗尾监测数据\葛洲坝安全监测\冲沙兼放空洞\B断面138.5\0+138.5断面锚杆应力计.xls
FILE:2016-11-07 08:45:46,D:\AWORK\苗尾\苗尾监测数据\葛洲坝安全监测\冲沙兼放空洞\C断面364\0+364断面锚杆应力计.xls
FILE:2016-11-07 08:45:46,D:\AWORK\苗尾\苗尾监测数据\葛洲坝安全监测\引水洞\1#引水洞\1#锚杆应力计.xls
FILE:2016-11-07 08:45:46,D:\AWORK\苗尾\苗尾监测数据\葛洲坝安全监测\引水洞\2#引水洞\2#锚杆应力计.xls
FILE:2016-11-07 08:45:46,D:\AWORK\苗尾\苗尾监测数据\葛洲坝安全监测\引水洞\3#引水洞\3#引水洞锚杆应力计.xls
FILE:2016-11-07 08:45:46,D:\AWORK\苗尾\苗尾监测数据\葛洲坝安全监测\引水洞\4#引水洞\4#引水洞锚杆应力计.xls
FILE:2016-11-07 08:45:46,D:\AWORK\苗尾\苗尾监测数据\葛洲坝安全监测\灌溉取水交通洞\灌溉交通洞0+015\0+15两点式锚杆应力计.xls
FILE:2016-11-07 08:45:46,D:\AWORK\苗尾\苗尾监测数据\葛洲坝安全监测\灌溉取水交通洞\灌溉交通洞0+045\0+45两点式锚杆应力计.xls
FILE:2016-11-07 08:45:46,D:\AWORK\苗尾\苗尾监测数据\葛洲坝安全监测\灌溉取水交通洞\灌溉交通洞0+105.47B\0+105.47锚杆应力计.xls
FILE:2016-11-07 08:45:46,D:\AWORK\苗尾\苗尾监测数据\葛洲坝安全监测\灌溉取水交通洞\灌溉交通洞0+131.97C\0+131.97锚杆应力计.xls
FILE:2016-11-07 08:45:46,D:\AWORK\苗尾\苗尾监测数据\葛洲坝安全监测\灌溉取水交通洞\灌溉交通洞0+158.47D\0+158.47锚杆应力计.xls
FILE:2016-11-07 08:45:46,D:\AWORK\苗尾\苗尾监测数据\葛洲坝安全监测\灌溉取水交通洞\灌溉交通洞0+184.97E\0+184.97锚杆应力计.xls
FILE:2016-11-07 09:01:16,D:\AWORK\苗尾\苗尾监测数据\昆明院监测\大坝\大坝心墙\位移计.xls
DATA:ML-2,41,观测日期有误
DATA:M1-4,35,观测日期有误
DATA:M2-3,101,观测日期有误
DATA:M2-3,33,观测日期有误
DATA:M2-3,19,观测日期有误
DATA:M2-8,36,观测日期有误
DATA:M3-1,54,观测日期有误
DATA:M3-9,36,观测日期有误
FILE:2016-11-07 09:01:16,D:\AWORK\苗尾\苗尾监测数据\昆明院监测\大坝\大坝心墙\界面位移计.xls
DATA:MJ2-11,16,观测日期有误
DATA:MJ2-12,69,观测日期有误
DATA:MJ3-2,41,观测日期有误
写入10875行测值
写入10875行成果值
FILE:2016-11-07 09:15:54,D:\AWORK\苗尾\苗尾监测数据\昆明院监测\大坝\大坝心墙\位移计.xls
DATA:ML-2,41,观测日期有误
DATA:M1-4,35,观测日期有误
DATA:M2-3,101,观测日期有误
DATA:M2-3,33,观测日期有误
DATA:M2-3,19,观测日期有误
DATA:M2-8,36,观测日期有误
DATA:M3-1,54,观测日期有误
DATA:M3-9,36,观测日期有误
FILE:2016-11-07 09:15:54,D:\AWORK\苗尾\苗尾监测数据\昆明院监测\大坝\大坝心墙\界面位移计.xls
DATA:MJ2-11,16,观测日期有误
DATA:MJ2-12,69,观测日期有误
DATA:MJ3-2,41,观测日期有误
FILE:2016-11-07 10:51:37,D:\AWORK\苗尾\苗尾监测数据\昆明院监测\大坝\大坝心墙\位移计.xls
DATA:ML-2,41,观测日期有误
DATA:M1-4,35,观测日期有误
DATA:M2-3,101,观测日期有误
DATA:M2-3,33,观测日期有误
DATA:M2-3,19,观测日期有误
DATA:M2-8,36,观测日期有误
DATA:M3-1,54,观测日期有误
DATA:M3-9,36,观测日期有误
FILE:2016-11-07 10:51:37,D:\AWORK\苗尾\苗尾监测数据\昆明院监测\大坝\大坝心墙\界面位移计.xls
DATA:MJ2-11,16,观测日期有误
DATA:MJ2-12,69,观测日期有误
DATA:MJ3-2,41,观测日期有误
FILE:2016-11-07 11:10:13,D:\AWORK\苗尾\苗尾监测数据\昆明院监测\大坝\大坝心墙\位移计.xls
DATA:ML-2,41,观测日期有误
DATA:M1-4,35,观测日期有误
DATA:M2-3,101,观测日期有误
DATA:M2-3,33,观测日期有误
DATA:M2-3,19,观测日期有误
DATA:M2-8,36,观测日期有误
DATA:M3-1,54,观测日期有误
DATA:M3-9,36,观测日期有误
FILE:2016-11-07 11:10:13,D:\AWORK\苗尾\苗尾监测数据\昆明院监测\大坝\大坝心墙\界面位移计.xls
DATA:MJ2-11,16,观测日期有误
DATA:MJ2-12,69,观测日期有误
DATA:MJ3-2,41,观测日期有误
写入10875行测值
写入10875行成果值
FILE:2016-11-07 11:12:08,D:\AWORK\苗尾\苗尾监测数据\昆明院监测\大坝\大坝心墙\土压力计.xls
DATA:E1-3,28,观测日期有误
DATA:E2-1,18,观测日期有误
DATA:E2-5,36,观测日期有误
DATA:E2-10,49,观测日期有误
FILE:2016-11-07 11:12:08,D:\AWORK\苗尾\苗尾监测数据\葛洲坝安全监测\引水洞\进水口边坡\土压力计.xls
FILE:2016-11-07 03:07:03,D:\AWORK\苗尾\苗尾监测数据\昆明院监测\大坝\大坝心墙\位移计.xls
FILE:2016-11-07 03:07:03,D:\AWORK\苗尾\苗尾监测数据\昆明院监测\大坝\大坝心墙\界面位移计.xls
FILE:2016-11-07 03:07:57,D:\AWORK\苗尾\苗尾监测数据\昆明院监测\大坝\大坝心墙\位移计.xls
DATA:ML-2,41,观测日期有误
DATA:M1-4,35,观测日期有误
DATA:M2-3,101,观测日期有误
DATA:M2-3,33,观测日期有误
DATA:M2-3,19,观测日期有误
DATA:M2-8,36,观测日期有误
DATA:M3-1,54,观测日期有误
DATA:M3-9,36,观测日期有误
FILE:2016-11-07 03:07:57,D:\AWORK\苗尾\苗尾监测数据\昆明院监测\大坝\大坝心墙\界面位移计.xls
DATA:MJ2-11,16,观测日期有误
DATA:MJ2-12,69,观测日期有误
DATA:MJ3-2,41,观测日期有误
FILE:2016-11-07 03:08:50,D:\AWORK\苗尾\苗尾监测数据\昆明院监测\大坝\大坝心墙\土压力计.xls
DATA:E1-3,28,观测日期有误
DATA:E2-1,18,观测日期有误
DATA:E2-5,36,观测日期有误
DATA:E2-10,49,观测日期有误
FILE:2016-11-07 03:08:50,D:\AWORK\苗尾\苗尾监测数据\葛洲坝安全监测\引水洞\进水口边坡\土压力计.xls
FILE:2016-11-07 03:11:12,D:\AWORK\苗尾\苗尾监测数据\昆明院监测\大坝\大坝心墙\土压力计.xls
DATA:E1-3,28,观测日期有误
DATA:E2-1,18,观测日期有误
DATA:E2-5,36,观测日期有误
DATA:E2-10,49,观测日期有误
FILE:2016-11-07 03:11:12,D:\AWORK\苗尾\苗尾监测数据\葛洲坝安全监测\引水洞\进水口边坡\土压力计.xls
FILE:2016-11-07 03:19:27,D:\AWORK\苗尾\苗尾监测数据\昆明院监测\大坝\大坝心墙\土压力计.xls
DATA:E1-3,28,观测日期有误
DATA:E2-1,18,观测日期有误
DATA:E2-5,36,观测日期有误
DATA:E2-10,49,观测日期有误
FILE:2016-11-07 03:19:27,D:\AWORK\苗尾\苗尾监测数据\葛洲坝安全监测\引水洞\进水口边坡\土压力计.xls
FILE:2016-11-07 04:24:46,D:\AWORK\苗尾\苗尾监测数据\昆明院监测\大坝\大坝心墙\土压力计.xls
DATA:E1-3,28,观测日期有误
DATA:E2-1,18,观测日期有误
DATA:E2-5,36,观测日期有误
DATA:E2-10,49,观测日期有误
FILE:2016-11-07 04:24:46,D:\AWORK\苗尾\苗尾监测数据\葛洲坝安全监测\引水洞\进水口边坡\土压力计.xls
FILE:2016-11-07 04:26:43,D:\AWORK\苗尾\苗尾监测数据\昆明院监测\大坝\大坝心墙\土压力计.xls
DATA:E1-3,28,观测日期有误
DATA:E2-1,18,观测日期有误
DATA:E2-5,36,观测日期有误
DATA:E2-10,49,观测日期有误
FILE:2016-11-07 04:26:43,D:\AWORK\苗尾\苗尾监测数据\葛洲坝安全监测\引水洞\进水口边坡\土压力计.xls
FILE:2016-11-07 04:30:23,D:\AWORK\苗尾\苗尾监测数据\昆明院监测\大坝\大坝心墙\土压力计.xls
DATA:E1-3,28,观测日期有误
DATA:E2-1,18,观测日期有误
DATA:E2-5,36,观测日期有误
DATA:E2-10,49,观测日期有误
FILE:2016-11-07 04:30:23,D:\AWORK\苗尾\苗尾监测数据\葛洲坝安全监测\引水洞\进水口边坡\土压力计.xls
写入0行测值
写入0行成果值
FILE:2016-11-07 04:36:41,D:\AWORK\苗尾\苗尾监测数据\昆明院监测\大坝\大坝心墙\土压力计.xls
DATA:E1-3,28,观测日期有误
DATA:E2-1,18,观测日期有误
DATA:E2-5,36,观测日期有误
DATA:E2-10,49,观测日期有误
FILE:2016-11-07 04:36:41,D:\AWORK\苗尾\苗尾监测数据\葛洲坝安全监测\引水洞\进水口边坡\土压力计.xls
写入0行测值
FILE:2016-11-07 04:45:05,D:\AWORK\苗尾\苗尾监测数据\昆明院监测\大坝\大坝心墙\土压力计.xls
DATA:E1-3,28,观测日期有误
DATA:E2-1,18,观测日期有误
DATA:E2-5,36,观测日期有误
DATA:E2-10,49,观测日期有误
FILE:2016-11-07 04:45:05,D:\AWORK\苗尾\苗尾监测数据\葛洲坝安全监测\引水洞\进水口边坡\土压力计.xls
写入0行测值
FILE:2016-11-07 04:46:33,D:\AWORK\苗尾\苗尾监测数据\昆明院监测\大坝\大坝垫层\无应力计.xls
DATA:Ndc2-3,33,观测日期有误
FILE:2016-11-07 04:46:33,D:\AWORK\苗尾\苗尾监测数据\昆明院监测\导流隧洞观测数据第265期\导流洞\导流洞无应力计.xls
写入1680行测值
写入0行成果值
FILE:2016-11-07 04:47:50,D:\AWORK\苗尾\苗尾监测数据\昆明院监测\大坝\大坝心墙\土压力计.xls
DATA:E1-3,28,观测日期有误
DATA:E2-1,18,观测日期有误
DATA:E2-5,36,观测日期有误
DATA:E2-10,49,观测日期有误
FILE:2016-11-07 04:47:50,D:\AWORK\苗尾\苗尾监测数据\葛洲坝安全监测\引水洞\进水口边坡\土压力计.xls
FILE:2016-11-07 04:55:47,D:\AWORK\苗尾\苗尾监测数据\昆明院监测\大坝\大坝心墙\土压力计.xls
DATA:E1-3,28,观测日期有误
DATA:E2-1,18,观测日期有误
DATA:E2-5,36,观测日期有误
DATA:E2-10,49,观测日期有误
FILE:2016-11-07 04:55:47,D:\AWORK\苗尾\苗尾监测数据\葛洲坝安全监测\引水洞\进水口边坡\土压力计.xls
写入4894行测值
写入4894行成果值
FILE:2016-11-07 04:57:43,D:\AWORK\苗尾\苗尾监测数据\昆明院监测\厂前\厂前区钢筋计.xls
DATA:Rcqb1-2,86,观测日期有误
DATA:Rcqb2-1,157,观测日期有误
DATA:Rcqb2-1,156,观测日期有误
DATA:Rcqb2-3,86,观测日期有误
DATA:Rcqb2-3,27,观测日期有误
DATA:Kcqb2-2-1,22,观测日期有误
DATA:Kcqb2-2-2,22,观测日期有误
DATA:Kcqb1-2-1 ,81,观测日期有误
FILE:2016-11-07 04:57:43,D:\AWORK\苗尾\苗尾监测数据\昆明院监测\厂后\厂后区钢筋计.xls
DATA:RChb1-1,101,观测日期有误
DATA:KChb1-1-1,25,观测日期有误
DATA:RChb2-6,30,观测日期有误
DATA:KChb2-1-1,89,观测日期有误
DATA:KChb2-1-1,11,观测日期有误
DATA:KChb2-1-1,10,观测日期有误
DATA:KChb2-1-2,25,观测日期有误
DATA:KChb2-1-2,11,观测日期有误
DATA:KChb2-1-2,10,观测日期有误
DATA:KChb2-1-3,11,观测日期有误
DATA:KChb2-1-3,10,观测日期有误
DATA:RChb3-1,113,观测日期有误
DATA:RChb3-3,112,观测日期有误
DATA:RChb3-3,110,观测日期有误
DATA:RChb3-4,36,观测日期有误
DATA:RChb3-4,32,观测日期有误
DATA:KChb3-1-3,64,观测日期有误
DATA:RChb4-3,50,观测日期有误
DATA:RChb4-5,97,观测日期有误
DATA:RChb5-3,41,观测日期有误
FILE:2016-11-07 04:57:43,D:\AWORK\苗尾\苗尾监测数据\昆明院监测\右坝基监测\右坝基钢筋计.xls
DATA:KBJ-R1381-1,557,观测日期有误
DATA:KBJ-R1381-1,496,观测日期有误
DATA:KBJ-R1381-1,467,观测日期有误
DATA:KBJ-R1381-1,17,观测日期有误
DATA:KBJ-R1381-2,556,观测日期有误
DATA:KBJ-R1381-2,497,观测日期有误
DATA:KBJ-R1381-2,258,观测日期有误
DATA:KBJ-R1381-2,36,观测日期有误
DATA:KBJ-R1381-2,29,观测日期有误
DATA:KBJ-R1381-2,13,观测日期有误
DATA:KBJ-R1325-1,339,观测日期有误
DATA:KBJ-R1325-2,444,观测日期有误
FILE:2016-11-07 04:57:43,D:\AWORK\苗尾\苗尾监测数据\昆明院监测\右坝头监测\右坝头钢筋计.xls
FILE:2016-11-07 04:57:43,D:\AWORK\苗尾\苗尾监测数据\昆明院监测\大坝\大坝垫层\钢筋计.xls
DATA:Rdcx1-5,55,观测日期有误
DATA:Rdcx1-6,54,观测日期有误
DATA:Rdcx1-7,39,观测日期有误
DATA:Rdcx1-8,39,观测日期有误
DATA:Rdcx2-1,69,观测日期有误
DATA:Rdcx2-2,69,观测日期有误
DATA:Rdcx2-7,63,观测日期有误
DATA:Rdcx2-8,64,观测日期有误
DATA:Rdcx3-4,97,观测日期有误
DATA:Rdcx3-4,19,观测日期有误
FILE:2016-11-07 04:57:43,D:\AWORK\苗尾\苗尾监测数据\昆明院监测\导流隧洞观测数据第265期\导流洞\导流洞钢筋计.xls
FILE:2016-11-07 04:57:43,D:\AWORK\苗尾\苗尾监测数据\昆明院监测\左坝基监测\左坝基钢筋计.xls
DATA:RBJZ-L1430.16-1,523,观测日期有误
DATA:RBJZ-L1430.16-4,385,观测日期有误
DATA:RBJZ-L1430.16-4,229,观测日期有误
DATA:RBJZ-L1430.16-5,353,观测日期有误
DATA:RBJZ-L1430.16-5,229,观测日期有误
DATA:RBJZ-L1430.16-6,190,观测日期有误
FILE:2016-11-07 04:57:43,D:\AWORK\苗尾\苗尾监测数据\昆明院监测\料场-观测数据\钢筋计.xls
DATA:RWJGⅡ-2-1,13,观测日期有误
DATA:RWJGⅡ-3-1,47,观测日期有误
DATA:RWJGⅡ-3-1,27,观测日期有误
DATA:RWJGⅡ-3-1,24,观测日期有误
FILE:2016-11-07 04:57:43,D:\AWORK\苗尾\苗尾监测数据\昆明院监测\溢洪道\溢洪道泄槽段底板\溢洪道泄槽段底板钢筋计.xls
FILE:2016-11-07 04:57:43,D:\AWORK\苗尾\苗尾监测数据\昆明院监测\溢洪道\溢洪道闸墩\溢洪道闸墩钢筋计.xls
DATA:RYHD-Z1,10,观测日期有误
FILE:2016-11-07 04:57:43,D:\AWORK\苗尾\苗尾监测数据\昆明院监测\进水口\进水口钢筋计.xls
DATA:RJb2-4 ,223,观测日期有误
DATA:RJb2-4 ,207,观测日期有误
DATA:RJb2-5,375,观测日期有误
DATA:RJb2-5,244,观测日期有误
DATA:RJb2-5,150,观测日期有误
DATA:RJb2-6,93,观测日期有误
FILE:2016-11-07 04:57:43,D:\AWORK\苗尾\苗尾监测数据\葛洲坝安全监测\2#施工支洞\出口边坡\2#施工支洞边坡钢筋计.xls
FILE:2016-11-07 04:57:43,D:\AWORK\苗尾\苗尾监测数据\葛洲坝安全监测\冲沙兼放空洞\冲沙洞出口延伸段\钢筋计.xls
FILE:2016-11-07 04:57:43,D:\AWORK\苗尾\苗尾监测数据\葛洲坝安全监测\厂房尾水管\1#机组钢筋计.xls
FILE:2016-11-07 04:57:43,D:\AWORK\苗尾\苗尾监测数据\葛洲坝安全监测\厂房尾水管\3#机组钢筋计.xls
FILE:2016-11-07 04:57:43,D:\AWORK\苗尾\苗尾监测数据\葛洲坝安全监测\厂房蜗壳\2#机蜗壳钢筋计.xls
FILE:2016-11-07 04:57:43,D:\AWORK\苗尾\苗尾监测数据\葛洲坝安全监测\厂房蜗壳\4#机蜗壳钢筋计 .xls
FILE:2016-11-07 04:57:43,D:\AWORK\苗尾\苗尾监测数据\葛洲坝安全监测\灌溉取水交通洞\灌溉交通洞0+015\0+15衬砌钢筋计.xls
FILE:2016-11-07 04:57:43,D:\AWORK\苗尾\苗尾监测数据\葛洲坝安全监测\灌溉取水交通洞\灌溉交通洞0+015\0+15钢筋计.xls
FILE:2016-11-07 04:57:43,D:\AWORK\苗尾\苗尾监测数据\葛洲坝安全监测\灌溉取水交通洞\灌溉交通洞0+058\0+58衬砌钢筋计.xls
FILE:2016-11-07 04:57:43,D:\AWORK\苗尾\苗尾监测数据\葛洲坝安全监测\灌溉取水交通洞\灌溉交通洞进口边坡\边坡钢筋计.xls
DATA:RGDK-1~2,200,测值异常
DATA:RGDK-1~2,199,测值异常
DATA:RGDK-1~2,198,测值异常
DATA:RGDK-1~2,197,测值异常
DATA:RGDK-1~2,196,测值异常
DATA:RGDK-1~2,195,测值异常
DATA:RGDK-1~2,194,测值异常
DATA:RGDK-1~2,193,测值异常
DATA:RGDK-1~2,192,测值异常
DATA:RGDK-1~2,191,测值异常
DATA:RGDK-1~2,190,测值异常
DATA:RGDK-1~2,189,测值异常
DATA:RGDK-1~2,188,测值异常
DATA:RGDK-1~2,187,测值异常
DATA:RGDK-1~2,186,测值异常
DATA:RGDK-1~2,185,测值异常
DATA:RGDK-1~2,184,测值异常
DATA:RGDK-1~2,183,测值异常
DATA:RGDK-1~2,182,测值异常
DATA:RGDK-1~2,181,测值异常
DATA:RGDK-1~2,180,测值异常
DATA:RGDK-1~2,179,测值异常
DATA:RGDK-1~2,178,测值异常
DATA:RGDK-1~2,177,测值异常
DATA:RGDK-1~2,176,测值异常
DATA:RGDK-1~2,175,测值异常
DATA:RGDK-1~2,174,测值异常
DATA:RGDK-1~2,173,测值异常
DATA:RGDK-1~2,172,测值异常
DATA:RGDK-1~2,171,测值异常
DATA:RGDK-1~2,170,测值异常
DATA:RGDK-1~2,169,测值异常
DATA:RGDK-1~2,168,测值异常
DATA:RGDK-1~2,167,测值异常
DATA:RGDK-1~2,166,测值异常
DATA:RGDK-1~2,165,测值异常
DATA:RGDK-1~2,164,测值异常
DATA:RGDK-1~2,163,测值异常
DATA:RGDK-1~2,162,测值异常
DATA:RGDK-1~2,161,测值异常
DATA:RGDK-1~2,160,测值异常
DATA:RGDK-1~2,159,测值异常
DATA:RGDK-1~2,158,测值异常
DATA:RGDK-1~2,157,测值异常
DATA:RGDK-1~2,156,测值异常
DATA:RGDK-1~2,155,测值异常
DATA:RGDK-1~2,154,测值异常
DATA:RGDK-1~2,153,测值异常
DATA:RGDK-1~2,152,测值异常
DATA:RGDK-1~2,151,测值异常
DATA:RGDK-1~2,150,测值异常
DATA:RGDK-1~2,149,测值异常
DATA:RGDK-1~2,148,测值异常
DATA:RGDK-1~2,147,测值异常
DATA:RGDK-1~2,146,测值异常
DATA:RGDK-1~2,145,测值异常
DATA:RGDK-1~2,144,测值异常
DATA:RGDK-1~2,143,测值异常
DATA:RGDK-1~2,142,测值异常
DATA:RGDK-1~2,141,测值异常
DATA:RGDK-1~2,140,测值异常
DATA:RGDK-1~2,139,测值异常
DATA:RGDK-1~2,138,测值异常
DATA:RGDK-1~2,137,测值异常
DATA:RGDK-1~2,136,测值异常
DATA:RGDK-1~2,135,测值异常
DATA:RGDK-1~2,134,测值异常
DATA:RGDK-1~2,133,测值异常
DATA:RGDK-1~2,132,测值异常
DATA:RGDK-1~2,131,测值异常
DATA:RGDK-1~2,130,测值异常
DATA:RGDK-1~2,129,测值异常
DATA:RGDK-1~2,128,测值异常
DATA:RGDK-1~2,127,测值异常
DATA:RGDK-1~2,126,测值异常
DATA:RGDK-1~2,125,测值异常
DATA:RGDK-1~2,124,测值异常
DATA:RGDK-1~2,123,测值异常
DATA:RGDK-1~2,122,测值异常
DATA:RGDK-1~2,121,测值异常
DATA:RGDK-1~2,120,测值异常
DATA:RGDK-1~2,119,测值异常
DATA:RGDK-1~2,118,测值异常
DATA:RGDK-1~2,117,测值异常
DATA:RGDK-1~2,116,测值异常
DATA:RGDK-1~2,115,测值异常
DATA:RGDK-1~2,114,测值异常
DATA:RGDK-1~2,113,测值异常
DATA:RGDK-1~2,112,测值异常
DATA:RGDK-1~2,111,测值异常
DATA:RGDK-1~2,110,测值异常
DATA:RGDK-1~2,109,测值异常
DATA:RGDK-1~2,108,测值异常
DATA:RGDK-1~2,107,测值异常
DATA:RGDK-1~2,106,测值异常
DATA:RGDK-1~2,105,测值异常
DATA:RGDK-1~2,104,测值异常
DATA:RGDK-1~2,103,测值异常
DATA:RGDK-1~2,102,测值异常
DATA:RGDK-1~2,101,测值异常
DATA:RGDK-1~2,100,测值异常
DATA:RGDK-1~2,99,测值异常
DATA:RGDK-1~2,98,测值异常
DATA:RGDK-1~2,97,测值异常
DATA:RGDK-1~2,96,测值异常
DATA:RGDK-1~2,95,测值异常
DATA:RGDK-1~2,94,测值异常
DATA:RGDK-1~2,93,测值异常
DATA:RGDK-1~2,92,测值异常
DATA:RGDK-1~2,91,测值异常
DATA:RGDK-1~2,90,测值异常
DATA:RGDK-1~2,89,测值异常
DATA:RGDK-1~2,88,测值异常
DATA:RGDK-1~2,87,测值异常
DATA:RGDK-1~2,86,测值异常
DATA:RGDK-1~2,85,测值异常
DATA:RGDK-1~2,84,测值异常
DATA:RGDK-1~2,83,测值异常
DATA:RGDK-1~2,82,测值异常
DATA:RGDK-1~2,81,测值异常
DATA:RGDK-1~2,80,测值异常
DATA:RGDK-1~2,79,测值异常
DATA:RGDK-1~2,78,测值异常
DATA:RGDK-1~2,77,测值异常
DATA:RGDK-1~2,76,测值异常
DATA:RGDK-1~2,75,测值异常
DATA:RGDK-1~2,74,测值异常
DATA:RGDK-1~2,73,测值异常
DATA:RGDK-1~2,72,测值异常
DATA:RGDK-1~2,71,测值异常
DATA:RGDK-1~2,70,测值异常
DATA:RGDK-1~2,69,测值异常
DATA:RGDK-1~2,68,测值异常
DATA:RGDK-1~2,67,测值异常
DATA:RGDK-1~2,66,测值异常
DATA:RGDK-1~2,65,测值异常
DATA:RGDK-1~2,64,测值异常
DATA:RGDK-1~2,63,测值异常
DATA:RGDK-1~2,62,测值异常
DATA:RGDK-1~2,61,测值异常
DATA:RGDK-1~2,60,测值异常
DATA:RGDK-1~2,59,测值异常
DATA:RGDK-1~2,58,测值异常
DATA:RGDK-1~2,57,测值异常
DATA:RGDK-1~2,56,测值异常
DATA:RGDK-1~2,55,测值异常
DATA:RGDK-1~2,54,测值异常
DATA:RGDK-1~2,53,测值异常
DATA:RGDK-1~2,52,测值异常
DATA:RGDK-1~2,51,测值异常
DATA:RGDK-1~2,50,测值异常
DATA:RGDK-1~2,49,测值异常
DATA:RGDK-1~2,48,测值异常
DATA:RGDK-1~2,47,测值异常
DATA:RGDK-1~2,46,测值异常
DATA:RGDK-1~2,45,测值异常
DATA:RGDK-1~2,44,测值异常
DATA:RGDK-1~2,43,测值异常
DATA:RGDK-1~2,42,测值异常
DATA:RGDK-1~2,41,测值异常
DATA:RGDK-1~2,40,测值异常
DATA:RGDK-1~2,39,测值异常
DATA:RGDK-1~2,38,测值异常
DATA:RGDK-1~2,37,测值异常
DATA:RGDK-1~2,36,测值异常
DATA:RGDK-1~2,35,测值异常
DATA:RGDK-1~2,34,测值异常
DATA:RGDK-1~2,33,测值异常
DATA:RGDK-1~2,32,测值异常
DATA:RGDK-1~2,31,测值异常
DATA:RGDK-1~2,30,测值异常
DATA:RGDK-1~2,29,测值异常
DATA:RGDK-1~2,28,测值异常
DATA:RGDK-1~2,27,测值异常
DATA:RGDK-1~2,26,测值异常
DATA:RGDK-1~2,25,测值异常
DATA:RGDK-1~2,24,测值异常
DATA:RGDK-1~2,23,测值异常
DATA:RGDK-1~2,22,测值异常
DATA:RGDK-1~2,21,测值异常
DATA:RGDK-1~2,20,测值异常
DATA:RGDK-1~2,19,测值异常
DATA:RGDK-1~2,18,测值异常
DATA:RGDK-1~2,17,测值异常
DATA:RGDK-1~2,16,测值异常
DATA:RGDK-1~2,15,测值异常
DATA:RGDK-3~4,201,测值异常
DATA:RGDK-3~4,200,测值异常
DATA:RGDK-3~4,199,测值异常
DATA:RGDK-3~4,198,测值异常
DATA:RGDK-3~4,197,测值异常
DATA:RGDK-3~4,196,测值异常
DATA:RGDK-3~4,195,测值异常
DATA:RGDK-3~4,194,测值异常
DATA:RGDK-3~4,193,测值异常
DATA:RGDK-3~4,192,测值异常
DATA:RGDK-3~4,191,测值异常
DATA:RGDK-3~4,190,测值异常
DATA:RGDK-3~4,189,测值异常
DATA:RGDK-3~4,188,测值异常
DATA:RGDK-3~4,187,测值异常
DATA:RGDK-3~4,186,测值异常
DATA:RGDK-3~4,185,测值异常
DATA:RGDK-3~4,184,测值异常
DATA:RGDK-3~4,183,测值异常
DATA:RGDK-3~4,182,测值异常
DATA:RGDK-3~4,181,测值异常
DATA:RGDK-3~4,180,测值异常
DATA:RGDK-3~4,179,测值异常
DATA:RGDK-3~4,178,测值异常
DATA:RGDK-3~4,177,测值异常
DATA:RGDK-3~4,176,测值异常
DATA:RGDK-3~4,175,测值异常
DATA:RGDK-3~4,174,测值异常
DATA:RGDK-3~4,173,测值异常
DATA:RGDK-3~4,172,测值异常
DATA:RGDK-3~4,171,测值异常
DATA:RGDK-3~4,170,测值异常
DATA:RGDK-3~4,169,测值异常
DATA:RGDK-3~4,168,测值异常
DATA:RGDK-3~4,167,测值异常
DATA:RGDK-3~4,166,测值异常
DATA:RGDK-3~4,165,测值异常
DATA:RGDK-3~4,164,测值异常
DATA:RGDK-3~4,163,测值异常
DATA:RGDK-3~4,162,测值异常
DATA:RGDK-3~4,161,测值异常
DATA:RGDK-3~4,160,测值异常
DATA:RGDK-3~4,159,测值异常
DATA:RGDK-3~4,158,测值异常
DATA:RGDK-3~4,157,测值异常
DATA:RGDK-3~4,156,测值异常
DATA:RGDK-3~4,155,测值异常
DATA:RGDK-3~4,154,测值异常
DATA:RGDK-3~4,153,测值异常
DATA:RGDK-3~4,152,测值异常
DATA:RGDK-3~4,151,测值异常
DATA:RGDK-3~4,150,测值异常
DATA:RGDK-3~4,149,测值异常
DATA:RGDK-3~4,148,测值异常
DATA:RGDK-3~4,147,测值异常
DATA:RGDK-3~4,146,测值异常
DATA:RGDK-3~4,145,测值异常
DATA:RGDK-3~4,144,测值异常
DATA:RGDK-3~4,143,测值异常
DATA:RGDK-3~4,142,测值异常
DATA:RGDK-3~4,141,测值异常
DATA:RGDK-3~4,140,测值异常
DATA:RGDK-3~4,139,测值异常
DATA:RGDK-3~4,138,测值异常
DATA:RGDK-3~4,137,测值异常
DATA:RGDK-3~4,136,测值异常
DATA:RGDK-3~4,135,测值异常
DATA:RGDK-3~4,134,测值异常
DATA:RGDK-3~4,133,测值异常
DATA:RGDK-3~4,132,测值异常
DATA:RGDK-3~4,131,测值异常
DATA:RGDK-3~4,130,测值异常
DATA:RGDK-3~4,129,测值异常
DATA:RGDK-3~4,128,测值异常
DATA:RGDK-3~4,127,测值异常
DATA:RGDK-3~4,126,测值异常
DATA:RGDK-3~4,125,测值异常
DATA:RGDK-3~4,124,测值异常
DATA:RGDK-3~4,123,测值异常
DATA:RGDK-3~4,122,测值异常
DATA:RGDK-3~4,121,测值异常
DATA:RGDK-3~4,120,测值异常
DATA:RGDK-3~4,119,测值异常
DATA:RGDK-3~4,118,测值异常
DATA:RGDK-3~4,117,测值异常
DATA:RGDK-3~4,116,测值异常
DATA:RGDK-3~4,115,测值异常
DATA:RGDK-3~4,114,测值异常
DATA:RGDK-3~4,113,测值异常
DATA:RGDK-3~4,112,测值异常
DATA:RGDK-3~4,111,测值异常
DATA:RGDK-3~4,110,测值异常
DATA:RGDK-3~4,109,测值异常
DATA:RGDK-3~4,108,测值异常
DATA:RGDK-3~4,107,测值异常
DATA:RGDK-3~4,106,测值异常
DATA:RGDK-3~4,105,测值异常
DATA:RGDK-3~4,104,测值异常
DATA:RGDK-3~4,103,测值异常
DATA:RGDK-3~4,102,测值异常
DATA:RGDK-3~4,101,测值异常
DATA:RGDK-3~4,100,测值异常
DATA:RGDK-3~4,99,测值异常
DATA:RGDK-3~4,98,测值异常
DATA:RGDK-3~4,97,测值异常
DATA:RGDK-3~4,96,测值异常
DATA:RGDK-3~4,95,测值异常
DATA:RGDK-3~4,94,测值异常
DATA:RGDK-3~4,93,测值异常
DATA:RGDK-3~4,92,测值异常
DATA:RGDK-3~4,91,测值异常
DATA:RGDK-3~4,90,测值异常
DATA:RGDK-3~4,89,测值异常
DATA:RGDK-3~4,88,测值异常
DATA:RGDK-3~4,87,测值异常
DATA:RGDK-3~4,86,测值异常
DATA:RGDK-3~4,85,测值异常
DATA:RGDK-3~4,84,测值异常
DATA:RGDK-3~4,83,测值异常
DATA:RGDK-3~4,82,测值异常
DATA:RGDK-3~4,81,测值异常
DATA:RGDK-3~4,80,测值异常
DATA:RGDK-3~4,79,测值异常
DATA:RGDK-3~4,78,测值异常
DATA:RGDK-3~4,77,测值异常
DATA:RGDK-3~4,76,测值异常
DATA:RGDK-3~4,75,测值异常
DATA:RGDK-3~4,74,测值异常
DATA:RGDK-3~4,73,测值异常
DATA:RGDK-3~4,72,测值异常
DATA:RGDK-3~4,71,测值异常
DATA:RGDK-3~4,70,测值异常
DATA:RGDK-3~4,69,测值异常
DATA:RGDK-3~4,68,测值异常
DATA:RGDK-3~4,67,测值异常
DATA:RGDK-3~4,66,测值异常
DATA:RGDK-3~4,65,测值异常
DATA:RGDK-3~4,64,测值异常
DATA:RGDK-3~4,63,测值异常
DATA:RGDK-3~4,62,测值异常
DATA:RGDK-3~4,61,测值异常
DATA:RGDK-3~4,60,测值异常
DATA:RGDK-3~4,59,测值异常
DATA:RGDK-3~4,58,测值异常
DATA:RGDK-3~4,57,测值异常
DATA:RGDK-3~4,56,测值异常
DATA:RGDK-3~4,55,测值异常
DATA:RGDK-3~4,54,测值异常
DATA:RGDK-3~4,53,测值异常
DATA:RGDK-3~4,52,测值异常
DATA:RGDK-3~4,51,测值异常
DATA:RGDK-3~4,50,测值异常
DATA:RGDK-3~4,49,测值异常
DATA:RGDK-3~4,48,测值异常
DATA:RGDK-3~4,47,测值异常
DATA:RGDK-3~4,46,测值异常
DATA:RGDK-3~4,45,测值异常
DATA:RGDK-3~4,44,测值异常
DATA:RGDK-3~4,43,测值异常
DATA:RGDK-3~4,42,测值异常
DATA:RGDK-3~4,41,测值异常
DATA:RGDK-3~4,40,测值异常
DATA:RGDK-3~4,39,测值异常
DATA:RGDK-3~4,38,测值异常
DATA:RGDK-3~4,37,测值异常
DATA:RGDK-3~4,36,测值异常
DATA:RGDK-3~4,35,测值异常
DATA:RGDK-3~4,34,测值异常
DATA:RGDK-3~4,33,测值异常
DATA:RGDK-3~4,32,测值异常
DATA:RGDK-3~4,31,测值异常
DATA:RGDK-3~4,30,测值异常
DATA:RGDK-3~4,29,测值异常
DATA:RGDK-3~4,28,测值异常
DATA:RGDK-3~4,27,测值异常
DATA:RGDK-3~4,26,测值异常
DATA:RGDK-3~4,25,测值异常
DATA:RGDK-3~4,24,测值异常
DATA:RGDK-3~4,23,测值异常
DATA:RGDK-3~4,22,测值异常
DATA:RGDK-3~4,21,测值异常
DATA:RGDK-3~4,20,测值异常
DATA:RGDK-3~4,19,测值异常
DATA:RGDK-3~4,18,测值异常
DATA:RGDK-3~4,17,测值异常
DATA:RGDK-3~4,16,测值异常
DATA:RGDK-3~4,15,测值异常
FILE:2016-11-07 05:14:34,D:\AWORK\苗尾\苗尾监测数据\葛洲坝安全监测\冲沙兼放空洞\冲沙洞0+279.4   A断面\A断面钢板应力计.xls
FILE:2016-11-07 05:14:34,D:\AWORK\苗尾\苗尾监测数据\葛洲坝安全监测\冲沙兼放空洞\冲沙洞0+380  B断面\钢板应力计.xls
FILE:2016-11-07 05:14:34,D:\AWORK\苗尾\苗尾监测数据\葛洲坝安全监测\冲沙兼放空洞\冲沙洞出口延伸段\钢板应力计.xls
FILE:2016-11-07 05:14:34,D:\AWORK\苗尾\苗尾监测数据\葛洲坝安全监测\厂房蜗壳\2#机蜗壳钢板应力计.xls
FILE:2016-11-07 05:14:34,D:\AWORK\苗尾\苗尾监测数据\葛洲坝安全监测\厂房蜗壳\4#机蜗壳钢板应力计 .xls
FILE:2016-11-07 05:14:34,D:\AWORK\苗尾\苗尾监测数据\葛洲坝安全监测\引水洞\1#引水洞\1#钢板应力计.xls
DATA:SGYD-A1-5,17,测值异常
FILE:2016-11-07 05:14:34,D:\AWORK\苗尾\苗尾监测数据\葛洲坝安全监测\引水洞\2#引水洞\2#钢板应力计.xls
FILE:2016-11-07 05:14:34,D:\AWORK\苗尾\苗尾监测数据\葛洲坝安全监测\引水洞\3#引水洞\3#钢板应力计.xls
DATA:SGYD-C3-4,17,测值异常
FILE:2016-11-07 05:14:34,D:\AWORK\苗尾\苗尾监测数据\葛洲坝安全监测\引水洞\4#引水洞\4#钢板应力计.xls
FILE:2016-11-07 05:35:58,D:\AWORK\苗尾\苗尾监测数据\葛洲坝安全监测\冲沙兼放空洞\冲沙洞0+279.4   A断面\A断面钢板应力计.xls
FILE:2016-11-07 05:35:58,D:\AWORK\苗尾\苗尾监测数据\葛洲坝安全监测\冲沙兼放空洞\冲沙洞0+380  B断面\钢板应力计.xls
FILE:2016-11-07 05:35:58,D:\AWORK\苗尾\苗尾监测数据\葛洲坝安全监测\冲沙兼放空洞\冲沙洞出口延伸段\钢板应力计.xls
FILE:2016-11-07 05:35:58,D:\AWORK\苗尾\苗尾监测数据\葛洲坝安全监测\厂房蜗壳\2#机蜗壳钢板应力计.xls
FILE:2016-11-07 05:35:58,D:\AWORK\苗尾\苗尾监测数据\葛洲坝安全监测\厂房蜗壳\4#机蜗壳钢板应力计 .xls
FILE:2016-11-07 05:35:58,D:\AWORK\苗尾\苗尾监测数据\葛洲坝安全监测\引水洞\1#引水洞\1#钢板应力计.xls
DATA:SGYD-A1-5,17,测值异常
FILE:2016-11-07 05:35:58,D:\AWORK\苗尾\苗尾监测数据\葛洲坝安全监测\引水洞\2#引水洞\2#钢板应力计.xls
FILE:2016-11-07 05:35:58,D:\AWORK\苗尾\苗尾监测数据\葛洲坝安全监测\引水洞\3#引水洞\3#钢板应力计.xls
DATA:SGYD-C3-4,17,测值异常
FILE:2016-11-07 05:35:58,D:\AWORK\苗尾\苗尾监测数据\葛洲坝安全监测\引水洞\4#引水洞\4#钢板应力计.xls
写入8867行测值
写入8867行成果值
FILE:2016-11-07 06:44:46,D:\AWORK\苗尾\苗尾监测数据\葛洲坝安全监测\冲沙兼放空洞\冲沙洞0+279.4   A断面\A断面钢板应力计.xls
FILE:2016-11-07 06:44:46,D:\AWORK\苗尾\苗尾监测数据\葛洲坝安全监测\冲沙兼放空洞\冲沙洞0+380  B断面\钢板应力计.xls
FILE:2016-11-07 06:44:46,D:\AWORK\苗尾\苗尾监测数据\葛洲坝安全监测\冲沙兼放空洞\冲沙洞出口延伸段\钢板应力计.xls
FILE:2016-11-07 06:44:46,D:\AWORK\苗尾\苗尾监测数据\葛洲坝安全监测\厂房蜗壳\2#机蜗壳钢板应力计.xls
FILE:2016-11-07 06:44:46,D:\AWORK\苗尾\苗尾监测数据\葛洲坝安全监测\厂房蜗壳\4#机蜗壳钢板应力计 .xls
FILE:2016-11-07 06:44:46,D:\AWORK\苗尾\苗尾监测数据\葛洲坝安全监测\引水洞\1#引水洞\1#钢板应力计.xls
DATA:SGYD-A1-5,17,测值异常
FILE:2016-11-07 06:44:46,D:\AWORK\苗尾\苗尾监测数据\葛洲坝安全监测\引水洞\2#引水洞\2#钢板应力计.xls
FILE:2016-11-07 06:44:46,D:\AWORK\苗尾\苗尾监测数据\葛洲坝安全监测\引水洞\3#引水洞\3#钢板应力计.xls
DATA:SGYD-C3-4,17,测值异常
FILE:2016-11-07 06:44:46,D:\AWORK\苗尾\苗尾监测数据\葛洲坝安全监测\引水洞\4#引水洞\4#钢板应力计.xls
写入8885行测值
写入8885行成果值
FILE:2016-11-07 06:47:01,D:\AWORK\苗尾\苗尾监测数据\葛洲坝安全监测\冲沙兼放空洞\冲沙洞0+279.4   A断面\A断面钢板应力计.xls
FILE:2016-11-07 06:47:01,D:\AWORK\苗尾\苗尾监测数据\葛洲坝安全监测\冲沙兼放空洞\冲沙洞0+380  B断面\钢板应力计.xls
FILE:2016-11-07 06:47:01,D:\AWORK\苗尾\苗尾监测数据\葛洲坝安全监测\冲沙兼放空洞\冲沙洞出口延伸段\钢板应力计.xls
FILE:2016-11-07 06:47:01,D:\AWORK\苗尾\苗尾监测数据\葛洲坝安全监测\厂房蜗壳\2#机蜗壳钢板应力计.xls
FILE:2016-11-07 06:47:01,D:\AWORK\苗尾\苗尾监测数据\葛洲坝安全监测\厂房蜗壳\4#机蜗壳钢板应力计 .xls
FILE:2016-11-07 06:47:01,D:\AWORK\苗尾\苗尾监测数据\葛洲坝安全监测\引水洞\1#引水洞\1#钢板应力计.xls
DATA:SGYD-A1-5,17,测值异常
FILE:2016-11-07 06:47:01,D:\AWORK\苗尾\苗尾监测数据\葛洲坝安全监测\引水洞\2#引水洞\2#钢板应力计.xls
FILE:2016-11-07 06:47:01,D:\AWORK\苗尾\苗尾监测数据\葛洲坝安全监测\引水洞\3#引水洞\3#钢板应力计.xls
DATA:SGYD-C3-4,17,测值异常
FILE:2016-11-07 06:47:01,D:\AWORK\苗尾\苗尾监测数据\葛洲坝安全监测\引水洞\4#引水洞\4#钢板应力计.xls
写入8885行测值
写入8885行成果值
FILE:2016-11-07 06:48:06,D:\AWORK\苗尾\苗尾监测数据\昆明院监测\大坝\心墙堆石坝（温度计）\温度计（修正后）.xls
FILE:2016-11-07 06:48:06,D:\AWORK\苗尾\苗尾监测数据\昆明院监测\导流隧洞观测数据第265期\导流洞\导流洞温度计.xls
FILE:2016-11-07 06:48:06,D:\AWORK\苗尾\苗尾监测数据\昆明院监测\溢洪道\溢洪道控制段\溢洪道控制段温度计.xls
FILE:2016-11-07 06:48:06,D:\AWORK\苗尾\苗尾监测数据\昆明院监测\溢洪道\溢洪道泄槽段底板\溢洪道泄槽段底板温度计.xls
FILE:2016-11-07 06:48:06,D:\AWORK\苗尾\苗尾监测数据\葛洲坝安全监测\冲沙兼放空洞\冲沙廊道\温度计.xls
FILE:2016-11-07 06:48:06,D:\AWORK\苗尾\苗尾监测数据\葛洲坝安全监测\厂房基础\温度计\1#机组温度计.xls
FILE:2016-11-07 06:48:06,D:\AWORK\苗尾\苗尾监测数据\葛洲坝安全监测\厂房基础\温度计\2#机组温度计.xls
FILE:2016-11-07 06:48:06,D:\AWORK\苗尾\苗尾监测数据\葛洲坝安全监测\厂房基础\温度计\3#机组温度计.xls
FILE:2016-11-07 06:48:06,D:\AWORK\苗尾\苗尾监测数据\葛洲坝安全监测\厂房基础\温度计\4#机组温度计.xls
FILE:2016-11-07 06:53:38,D:\AWORK\苗尾\苗尾监测数据\昆明院监测\大坝\心墙堆石坝（温度计）\温度计（修正后）.xls
FILE:2016-11-07 06:53:38,D:\AWORK\苗尾\苗尾监测数据\昆明院监测\导流隧洞观测数据第265期\导流洞\导流洞温度计.xls
FILE:2016-11-07 06:53:38,D:\AWORK\苗尾\苗尾监测数据\昆明院监测\溢洪道\溢洪道控制段\溢洪道控制段温度计.xls
FILE:2016-11-07 06:53:38,D:\AWORK\苗尾\苗尾监测数据\昆明院监测\溢洪道\溢洪道泄槽段底板\溢洪道泄槽段底板温度计.xls
FILE:2016-11-07 06:53:38,D:\AWORK\苗尾\苗尾监测数据\葛洲坝安全监测\冲沙兼放空洞\冲沙廊道\温度计.xls
FILE:2016-11-07 06:53:38,D:\AWORK\苗尾\苗尾监测数据\葛洲坝安全监测\厂房基础\温度计\1#机组温度计.xls
FILE:2016-11-07 06:53:38,D:\AWORK\苗尾\苗尾监测数据\葛洲坝安全监测\厂房基础\温度计\2#机组温度计.xls
FILE:2016-11-07 06:53:38,D:\AWORK\苗尾\苗尾监测数据\葛洲坝安全监测\厂房基础\温度计\3#机组温度计.xls
FILE:2016-11-07 06:53:38,D:\AWORK\苗尾\苗尾监测数据\葛洲坝安全监测\厂房基础\温度计\4#机组温度计.xls
FILE:2016-11-07 06:56:33,D:\AWORK\苗尾\苗尾监测数据\昆明院监测\大坝\心墙堆石坝（温度计）\温度计（修正后）.xls
FILE:2016-11-07 06:56:33,D:\AWORK\苗尾\苗尾监测数据\昆明院监测\导流隧洞观测数据第265期\导流洞\导流洞温度计.xls
FILE:2016-11-07 06:56:33,D:\AWORK\苗尾\苗尾监测数据\昆明院监测\溢洪道\溢洪道控制段\溢洪道控制段温度计.xls
FILE:2016-11-07 06:56:33,D:\AWORK\苗尾\苗尾监测数据\昆明院监测\溢洪道\溢洪道泄槽段底板\溢洪道泄槽段底板温度计.xls
FILE:2016-11-07 06:56:33,D:\AWORK\苗尾\苗尾监测数据\葛洲坝安全监测\冲沙兼放空洞\冲沙廊道\温度计.xls
FILE:2016-11-07 06:56:33,D:\AWORK\苗尾\苗尾监测数据\葛洲坝安全监测\厂房基础\温度计\1#机组温度计.xls
FILE:2016-11-07 06:56:33,D:\AWORK\苗尾\苗尾监测数据\葛洲坝安全监测\厂房基础\温度计\2#机组温度计.xls
FILE:2016-11-07 06:56:33,D:\AWORK\苗尾\苗尾监测数据\葛洲坝安全监测\厂房基础\温度计\3#机组温度计.xls
FILE:2016-11-07 06:56:33,D:\AWORK\苗尾\苗尾监测数据\葛洲坝安全监测\厂房基础\温度计\4#机组温度计.xls
FILE:2016-11-07 06:56:51,D:\AWORK\苗尾\苗尾监测数据\昆明院监测\大坝\心墙堆石坝（温度计）\温度计（修正后）.xls
FILE:2016-11-07 06:56:51,D:\AWORK\苗尾\苗尾监测数据\昆明院监测\导流隧洞观测数据第265期\导流洞\导流洞温度计.xls
FILE:2016-11-07 06:56:51,D:\AWORK\苗尾\苗尾监测数据\昆明院监测\溢洪道\溢洪道控制段\溢洪道控制段温度计.xls
FILE:2016-11-07 06:56:51,D:\AWORK\苗尾\苗尾监测数据\昆明院监测\溢洪道\溢洪道泄槽段底板\溢洪道泄槽段底板温度计.xls
FILE:2016-11-07 06:56:51,D:\AWORK\苗尾\苗尾监测数据\葛洲坝安全监测\冲沙兼放空洞\冲沙廊道\温度计.xls
FILE:2016-11-07 06:56:51,D:\AWORK\苗尾\苗尾监测数据\葛洲坝安全监测\厂房基础\温度计\1#机组温度计.xls
FILE:2016-11-07 06:56:51,D:\AWORK\苗尾\苗尾监测数据\葛洲坝安全监测\厂房基础\温度计\2#机组温度计.xls
FILE:2016-11-07 06:56:51,D:\AWORK\苗尾\苗尾监测数据\葛洲坝安全监测\厂房基础\温度计\3#机组温度计.xls
FILE:2016-11-07 06:56:51,D:\AWORK\苗尾\苗尾监测数据\葛洲坝安全监测\厂房基础\温度计\4#机组温度计.xls
FILE:2016-11-07 06:57:56,D:\AWORK\苗尾\苗尾监测数据\昆明院监测\大坝\心墙堆石坝（温度计）\温度计（修正后）.xls
FILE:2016-11-07 06:57:56,D:\AWORK\苗尾\苗尾监测数据\昆明院监测\导流隧洞观测数据第265期\导流洞\导流洞温度计.xls
FILE:2016-11-07 06:57:56,D:\AWORK\苗尾\苗尾监测数据\昆明院监测\溢洪道\溢洪道控制段\溢洪道控制段温度计.xls
FILE:2016-11-07 06:57:56,D:\AWORK\苗尾\苗尾监测数据\昆明院监测\溢洪道\溢洪道泄槽段底板\溢洪道泄槽段底板温度计.xls
FILE:2016-11-07 06:57:56,D:\AWORK\苗尾\苗尾监测数据\葛洲坝安全监测\冲沙兼放空洞\冲沙廊道\温度计.xls
FILE:2016-11-07 06:57:56,D:\AWORK\苗尾\苗尾监测数据\葛洲坝安全监测\厂房基础\温度计\1#机组温度计.xls
FILE:2016-11-07 06:57:56,D:\AWORK\苗尾\苗尾监测数据\葛洲坝安全监测\厂房基础\温度计\2#机组温度计.xls
FILE:2016-11-07 06:57:56,D:\AWORK\苗尾\苗尾监测数据\葛洲坝安全监测\厂房基础\温度计\3#机组温度计.xls
FILE:2016-11-07 06:57:56,D:\AWORK\苗尾\苗尾监测数据\葛洲坝安全监测\厂房基础\温度计\4#机组温度计.xls
FILE:2016-11-07 07:01:25,D:\AWORK\苗尾\苗尾监测数据\昆明院监测\大坝\心墙堆石坝（温度计）\温度计（修正后）.xls
FILE:2016-11-07 07:01:25,D:\AWORK\苗尾\苗尾监测数据\昆明院监测\导流隧洞观测数据第265期\导流洞\导流洞温度计.xls
FILE:2016-11-07 07:01:25,D:\AWORK\苗尾\苗尾监测数据\昆明院监测\溢洪道\溢洪道控制段\溢洪道控制段温度计.xls
FILE:2016-11-07 07:01:25,D:\AWORK\苗尾\苗尾监测数据\昆明院监测\溢洪道\溢洪道泄槽段底板\溢洪道泄槽段底板温度计.xls
FILE:2016-11-07 07:01:25,D:\AWORK\苗尾\苗尾监测数据\葛洲坝安全监测\冲沙兼放空洞\冲沙廊道\温度计.xls
FILE:2016-11-07 07:01:25,D:\AWORK\苗尾\苗尾监测数据\葛洲坝安全监测\厂房基础\温度计\1#机组温度计.xls
FILE:2016-11-07 07:01:25,D:\AWORK\苗尾\苗尾监测数据\葛洲坝安全监测\厂房基础\温度计\2#机组温度计.xls
FILE:2016-11-07 07:01:25,D:\AWORK\苗尾\苗尾监测数据\葛洲坝安全监测\厂房基础\温度计\3#机组温度计.xls
FILE:2016-11-07 07:01:25,D:\AWORK\苗尾\苗尾监测数据\葛洲坝安全监测\厂房基础\温度计\4#机组温度计.xls
FILE:2016-11-07 07:08:38,D:\AWORK\苗尾\苗尾监测数据\昆明院监测\大坝\心墙堆石坝（温度计）\温度计（修正后）.xls
FILE:2016-11-07 07:08:38,D:\AWORK\苗尾\苗尾监测数据\昆明院监测\导流隧洞观测数据第265期\导流洞\导流洞温度计.xls
FILE:2016-11-07 07:08:38,D:\AWORK\苗尾\苗尾监测数据\昆明院监测\溢洪道\溢洪道控制段\溢洪道控制段温度计.xls
FILE:2016-11-07 07:08:38,D:\AWORK\苗尾\苗尾监测数据\昆明院监测\溢洪道\溢洪道泄槽段底板\溢洪道泄槽段底板温度计.xls
FILE:2016-11-07 07:08:38,D:\AWORK\苗尾\苗尾监测数据\葛洲坝安全监测\冲沙兼放空洞\冲沙廊道\温度计.xls
FILE:2016-11-07 07:08:38,D:\AWORK\苗尾\苗尾监测数据\葛洲坝安全监测\厂房基础\温度计\1#机组温度计.xls
FILE:2016-11-07 07:08:38,D:\AWORK\苗尾\苗尾监测数据\葛洲坝安全监测\厂房基础\温度计\2#机组温度计.xls
FILE:2016-11-07 07:08:38,D:\AWORK\苗尾\苗尾监测数据\葛洲坝安全监测\厂房基础\温度计\3#机组温度计.xls
FILE:2016-11-07 07:08:38,D:\AWORK\苗尾\苗尾监测数据\葛洲坝安全监测\厂房基础\温度计\4#机组温度计.xls
FILE:2016-11-07 07:09:03,D:\AWORK\苗尾\苗尾监测数据\昆明院监测\大坝\心墙堆石坝（温度计）\温度计（修正后）.xls
FILE:2016-11-07 07:09:03,D:\AWORK\苗尾\苗尾监测数据\昆明院监测\导流隧洞观测数据第265期\导流洞\导流洞温度计.xls
FILE:2016-11-07 07:09:03,D:\AWORK\苗尾\苗尾监测数据\昆明院监测\溢洪道\溢洪道控制段\溢洪道控制段温度计.xls
FILE:2016-11-07 07:09:03,D:\AWORK\苗尾\苗尾监测数据\昆明院监测\溢洪道\溢洪道泄槽段底板\溢洪道泄槽段底板温度计.xls
FILE:2016-11-07 07:09:03,D:\AWORK\苗尾\苗尾监测数据\葛洲坝安全监测\冲沙兼放空洞\冲沙廊道\温度计.xls
FILE:2016-11-07 07:09:03,D:\AWORK\苗尾\苗尾监测数据\葛洲坝安全监测\厂房基础\温度计\1#机组温度计.xls
FILE:2016-11-07 07:09:03,D:\AWORK\苗尾\苗尾监测数据\葛洲坝安全监测\厂房基础\温度计\2#机组温度计.xls
FILE:2016-11-07 07:09:03,D:\AWORK\苗尾\苗尾监测数据\葛洲坝安全监测\厂房基础\温度计\3#机组温度计.xls
FILE:2016-11-07 07:09:03,D:\AWORK\苗尾\苗尾监测数据\葛洲坝安全监测\厂房基础\温度计\4#机组温度计.xls
FILE:2016-11-07 07:11:33,D:\AWORK\苗尾\苗尾监测数据\昆明院监测\PD20探洞（测缝计）\PD20探洞测缝计.xls
DATA:PD20-J-4,12,观测日期有误
FILE:2016-11-07 07:11:33,D:\AWORK\苗尾\苗尾监测数据\昆明院监测\右坝基监测\简易裂缝计\右坝基测缝计.xls
FILE:2016-11-07 07:11:33,D:\AWORK\苗尾\苗尾监测数据\昆明院监测\大坝\大坝垫层\测缝计.xls
DATA:LBJDC-J-01,47,观测日期有误
DATA:CFzdc1-3,57,观测日期有误
DATA:CFhdc2-2,16,观测日期有误
DATA:CFzdc3-2,74,观测日期有误
FILE:2016-11-07 07:11:33,D:\AWORK\苗尾\苗尾监测数据\昆明院监测\导流隧洞观测数据第265期\导流洞\导流洞测缝计.xls
DATA:Jds2-12,56,测值异常
FILE:2016-11-07 07:11:33,D:\AWORK\苗尾\苗尾监测数据\昆明院监测\溢洪道\溢洪道泄槽段底板\溢洪道泄槽段底板测缝计.xls
FILE:2016-11-07 07:11:33,D:\AWORK\苗尾\苗尾监测数据\昆明院监测\鲁羌隧洞（测缝计）\鲁羌隧洞测缝计.xls
DATA:JLQD-3,39,观测日期有误
FILE:2016-11-07 07:11:33,D:\AWORK\苗尾\苗尾监测数据\葛洲坝安全监测\冲沙兼放空洞\冲沙洞0+279.4   A断面\A断面测缝计.xls
FILE:2016-11-07 07:11:33,D:\AWORK\苗尾\苗尾监测数据\葛洲坝安全监测\冲沙兼放空洞\冲沙洞0+279.4   A断面\A断面钢管缝隙计 .xls
FILE:2016-11-07 07:11:33,D:\AWORK\苗尾\苗尾监测数据\葛洲坝安全监测\冲沙兼放空洞\冲沙洞0+380  B断面\测缝计.xls
FILE:2016-11-07 07:11:33,D:\AWORK\苗尾\苗尾监测数据\葛洲坝安全监测\冲沙兼放空洞\冲沙洞0+380  B断面\钢管缝隙计.xls
FILE:2016-11-07 07:11:33,D:\AWORK\苗尾\苗尾监测数据\葛洲坝安全监测\厂房蜗壳\2#机蜗壳钢管缝隙计.xls
FILE:2016-11-07 07:11:33,D:\AWORK\苗尾\苗尾监测数据\葛洲坝安全监测\厂房蜗壳\4#机蜗壳钢管缝隙计.xls
FILE:2016-11-07 07:11:33,D:\AWORK\苗尾\苗尾监测数据\葛洲坝安全监测\引水洞\1#引水洞\1#测缝计.xls
FILE:2016-11-07 07:11:33,D:\AWORK\苗尾\苗尾监测数据\葛洲坝安全监测\引水洞\1#引水洞\1#钢管缝隙计.xls
FILE:2016-11-07 07:11:33,D:\AWORK\苗尾\苗尾监测数据\葛洲坝安全监测\引水洞\2#引水洞\2#测缝计.xls
FILE:2016-11-07 07:11:33,D:\AWORK\苗尾\苗尾监测数据\葛洲坝安全监测\引水洞\2#引水洞\2#钢管缝隙计.xls
FILE:2016-11-07 07:11:33,D:\AWORK\苗尾\苗尾监测数据\葛洲坝安全监测\引水洞\3#引水洞\3#测缝计.xls
FILE:2016-11-07 07:11:33,D:\AWORK\苗尾\苗尾监测数据\葛洲坝安全监测\引水洞\3#引水洞\3#钢管缝隙计.xls
FILE:2016-11-07 07:11:33,D:\AWORK\苗尾\苗尾监测数据\葛洲坝安全监测\引水洞\4#引水洞\4#测缝计.xls
FILE:2016-11-07 07:11:33,D:\AWORK\苗尾\苗尾监测数据\葛洲坝安全监测\引水洞\4#引水洞\4#钢管缝隙计.xls
DATA:GFYD-C4-2,13,测值异常
FILE:2016-11-07 07:11:33,D:\AWORK\苗尾\苗尾监测数据\葛洲坝安全监测\引水洞\进水口边坡\测缝计.xls
FILE:2016-11-07 07:44:13,D:\AWORK\苗尾\苗尾监测数据\昆明院监测\大坝\大坝心墙\位移计.xls
DATA:ML-2,41,观测日期有误
DATA:M1-4,35,观测日期有误
DATA:M2-3,101,观测日期有误
DATA:M2-3,33,观测日期有误
DATA:M2-3,19,观测日期有误
DATA:M2-8,36,观测日期有误
DATA:M3-1,54,观测日期有误
DATA:M3-9,36,观测日期有误
FILE:2016-11-07 07:44:13,D:\AWORK\苗尾\苗尾监测数据\昆明院监测\大坝\大坝心墙\界面位移计.xls
DATA:MJ2-11,16,观测日期有误
DATA:MJ2-12,69,观测日期有误
DATA:MJ3-2,41,观测日期有误
FILE:2016-11-07 07:48:25,D:\AWORK\苗尾\苗尾监测数据\昆明院监测\PD20探洞（测缝计）\PD20探洞测缝计.xls
DATA:PD20-J-4,12,观测日期有误
FILE:2016-11-07 07:48:25,D:\AWORK\苗尾\苗尾监测数据\昆明院监测\右坝基监测\简易裂缝计\右坝基测缝计.xls
FILE:2016-11-07 07:48:25,D:\AWORK\苗尾\苗尾监测数据\昆明院监测\大坝\大坝垫层\测缝计.xls
DATA:LBJDC-J-01,47,观测日期有误
DATA:CFzdc1-3,57,观测日期有误
DATA:CFhdc2-2,16,观测日期有误
DATA:CFzdc3-2,74,观测日期有误
FILE:2016-11-07 07:48:25,D:\AWORK\苗尾\苗尾监测数据\昆明院监测\导流隧洞观测数据第265期\导流洞\导流洞测缝计.xls
DATA:Jds2-12,56,测值异常
FILE:2016-11-07 07:48:25,D:\AWORK\苗尾\苗尾监测数据\昆明院监测\溢洪道\溢洪道泄槽段底板\溢洪道泄槽段底板测缝计.xls
FILE:2016-11-07 07:48:25,D:\AWORK\苗尾\苗尾监测数据\昆明院监测\鲁羌隧洞（测缝计）\鲁羌隧洞测缝计.xls
DATA:JLQD-3,39,观测日期有误
FILE:2016-11-07 07:48:25,D:\AWORK\苗尾\苗尾监测数据\葛洲坝安全监测\冲沙兼放空洞\冲沙洞0+279.4   A断面\A断面测缝计.xls
FILE:2016-11-07 07:48:25,D:\AWORK\苗尾\苗尾监测数据\葛洲坝安全监测\冲沙兼放空洞\冲沙洞0+279.4   A断面\A断面钢管缝隙计 .xls
FILE:2016-11-07 07:48:25,D:\AWORK\苗尾\苗尾监测数据\葛洲坝安全监测\冲沙兼放空洞\冲沙洞0+380  B断面\测缝计.xls
FILE:2016-11-07 07:48:25,D:\AWORK\苗尾\苗尾监测数据\葛洲坝安全监测\冲沙兼放空洞\冲沙洞0+380  B断面\钢管缝隙计.xls
FILE:2016-11-07 07:48:25,D:\AWORK\苗尾\苗尾监测数据\葛洲坝安全监测\厂房蜗壳\2#机蜗壳钢管缝隙计.xls
FILE:2016-11-07 07:48:25,D:\AWORK\苗尾\苗尾监测数据\葛洲坝安全监测\厂房蜗壳\4#机蜗壳钢管缝隙计.xls
FILE:2016-11-07 07:48:25,D:\AWORK\苗尾\苗尾监测数据\葛洲坝安全监测\引水洞\1#引水洞\1#测缝计.xls
FILE:2016-11-07 07:48:25,D:\AWORK\苗尾\苗尾监测数据\葛洲坝安全监测\引水洞\1#引水洞\1#钢管缝隙计.xls
FILE:2016-11-07 07:48:25,D:\AWORK\苗尾\苗尾监测数据\葛洲坝安全监测\引水洞\2#引水洞\2#测缝计.xls
FILE:2016-11-07 07:48:25,D:\AWORK\苗尾\苗尾监测数据\葛洲坝安全监测\引水洞\2#引水洞\2#钢管缝隙计.xls
FILE:2016-11-07 07:48:25,D:\AWORK\苗尾\苗尾监测数据\葛洲坝安全监测\引水洞\3#引水洞\3#测缝计.xls
FILE:2016-11-07 07:48:25,D:\AWORK\苗尾\苗尾监测数据\葛洲坝安全监测\引水洞\3#引水洞\3#钢管缝隙计.xls
FILE:2016-11-07 07:48:25,D:\AWORK\苗尾\苗尾监测数据\葛洲坝安全监测\引水洞\4#引水洞\4#测缝计.xls
FILE:2016-11-07 07:48:25,D:\AWORK\苗尾\苗尾监测数据\葛洲坝安全监测\引水洞\4#引水洞\4#钢管缝隙计.xls
DATA:GFYD-C4-2,13,测值异常
FILE:2016-11-07 07:48:25,D:\AWORK\苗尾\苗尾监测数据\葛洲坝安全监测\引水洞\进水口边坡\测缝计.xls
FILE:2016-11-07 07:51:24,D:\AWORK\苗尾\苗尾监测数据\昆明院监测\PD20探洞（测缝计）\PD20探洞测缝计.xls
DATA:PD20-J-4,12,观测日期有误
FILE:2016-11-07 07:51:24,D:\AWORK\苗尾\苗尾监测数据\昆明院监测\右坝基监测\简易裂缝计\右坝基测缝计.xls
FILE:2016-11-07 07:51:24,D:\AWORK\苗尾\苗尾监测数据\昆明院监测\大坝\大坝垫层\测缝计.xls
DATA:LBJDC-J-01,47,观测日期有误
DATA:CFzdc1-3,57,观测日期有误
DATA:CFhdc2-2,16,观测日期有误
DATA:CFzdc3-2,74,观测日期有误
FILE:2016-11-07 07:51:24,D:\AWORK\苗尾\苗尾监测数据\昆明院监测\导流隧洞观测数据第265期\导流洞\导流洞测缝计.xls
DATA:Jds2-12,56,测值异常
FILE:2016-11-07 07:51:24,D:\AWORK\苗尾\苗尾监测数据\昆明院监测\溢洪道\溢洪道泄槽段底板\溢洪道泄槽段底板测缝计.xls
FILE:2016-11-07 07:51:24,D:\AWORK\苗尾\苗尾监测数据\昆明院监测\鲁羌隧洞（测缝计）\鲁羌隧洞测缝计.xls
DATA:JLQD-3,39,观测日期有误
FILE:2016-11-07 07:51:24,D:\AWORK\苗尾\苗尾监测数据\葛洲坝安全监测\冲沙兼放空洞\冲沙洞0+279.4   A断面\A断面测缝计.xls
FILE:2016-11-07 07:51:24,D:\AWORK\苗尾\苗尾监测数据\葛洲坝安全监测\冲沙兼放空洞\冲沙洞0+279.4   A断面\A断面钢管缝隙计 .xls
FILE:2016-11-07 07:51:24,D:\AWORK\苗尾\苗尾监测数据\葛洲坝安全监测\冲沙兼放空洞\冲沙洞0+380  B断面\测缝计.xls
FILE:2016-11-07 07:51:24,D:\AWORK\苗尾\苗尾监测数据\葛洲坝安全监测\冲沙兼放空洞\冲沙洞0+380  B断面\钢管缝隙计.xls
FILE:2016-11-07 07:51:24,D:\AWORK\苗尾\苗尾监测数据\葛洲坝安全监测\厂房蜗壳\2#机蜗壳钢管缝隙计.xls
FILE:2016-11-07 07:51:24,D:\AWORK\苗尾\苗尾监测数据\葛洲坝安全监测\厂房蜗壳\4#机蜗壳钢管缝隙计.xls
FILE:2016-11-07 07:51:24,D:\AWORK\苗尾\苗尾监测数据\葛洲坝安全监测\引水洞\1#引水洞\1#测缝计.xls
FILE:2016-11-07 07:51:24,D:\AWORK\苗尾\苗尾监测数据\葛洲坝安全监测\引水洞\1#引水洞\1#钢管缝隙计.xls
FILE:2016-11-07 07:51:24,D:\AWORK\苗尾\苗尾监测数据\葛洲坝安全监测\引水洞\2#引水洞\2#测缝计.xls
FILE:2016-11-07 07:51:24,D:\AWORK\苗尾\苗尾监测数据\葛洲坝安全监测\引水洞\2#引水洞\2#钢管缝隙计.xls
FILE:2016-11-07 07:51:24,D:\AWORK\苗尾\苗尾监测数据\葛洲坝安全监测\引水洞\3#引水洞\3#测缝计.xls
FILE:2016-11-07 07:51:24,D:\AWORK\苗尾\苗尾监测数据\葛洲坝安全监测\引水洞\3#引水洞\3#钢管缝隙计.xls
FILE:2016-11-07 07:51:24,D:\AWORK\苗尾\苗尾监测数据\葛洲坝安全监测\引水洞\4#引水洞\4#测缝计.xls
FILE:2016-11-07 07:51:24,D:\AWORK\苗尾\苗尾监测数据\葛洲坝安全监测\引水洞\4#引水洞\4#钢管缝隙计.xls
DATA:GFYD-C4-2,13,测值异常
FILE:2016-11-07 07:51:24,D:\AWORK\苗尾\苗尾监测数据\葛洲坝安全监测\引水洞\进水口边坡\测缝计.xls
FILE:2016-11-07 07:52:52,D:\AWORK\苗尾\苗尾监测数据\昆明院监测\左坝基监测\左坝基裂缝计.xls
FILE:2016-11-07 07:52:52,D:\AWORK\苗尾\苗尾监测数据\昆明院监测\进水口\挖出仪器\进水口简易裂缝计.xls
FILE:2016-11-07 07:53:06,D:\AWORK\苗尾\苗尾监测数据\昆明院监测\PD20探洞（测缝计）\PD20探洞测缝计.xls
DATA:PD20-J-4,12,观测日期有误
FILE:2016-11-07 07:53:06,D:\AWORK\苗尾\苗尾监测数据\昆明院监测\右坝基监测\简易裂缝计\右坝基测缝计.xls
FILE:2016-11-07 07:53:06,D:\AWORK\苗尾\苗尾监测数据\昆明院监测\大坝\大坝垫层\测缝计.xls
DATA:LBJDC-J-01,47,观测日期有误
DATA:CFzdc1-3,57,观测日期有误
DATA:CFhdc2-2,16,观测日期有误
DATA:CFzdc3-2,74,观测日期有误
FILE:2016-11-07 07:53:06,D:\AWORK\苗尾\苗尾监测数据\昆明院监测\导流隧洞观测数据第265期\导流洞\导流洞测缝计.xls
DATA:Jds2-12,56,测值异常
FILE:2016-11-07 07:53:06,D:\AWORK\苗尾\苗尾监测数据\昆明院监测\溢洪道\溢洪道泄槽段底板\溢洪道泄槽段底板测缝计.xls
FILE:2016-11-07 07:53:06,D:\AWORK\苗尾\苗尾监测数据\昆明院监测\鲁羌隧洞（测缝计）\鲁羌隧洞测缝计.xls
DATA:JLQD-3,39,观测日期有误
FILE:2016-11-07 07:53:06,D:\AWORK\苗尾\苗尾监测数据\葛洲坝安全监测\冲沙兼放空洞\冲沙洞0+279.4   A断面\A断面测缝计.xls
FILE:2016-11-07 07:53:06,D:\AWORK\苗尾\苗尾监测数据\葛洲坝安全监测\冲沙兼放空洞\冲沙洞0+279.4   A断面\A断面钢管缝隙计 .xls
FILE:2016-11-07 07:53:06,D:\AWORK\苗尾\苗尾监测数据\葛洲坝安全监测\冲沙兼放空洞\冲沙洞0+380  B断面\测缝计.xls
FILE:2016-11-07 07:53:06,D:\AWORK\苗尾\苗尾监测数据\葛洲坝安全监测\冲沙兼放空洞\冲沙洞0+380  B断面\钢管缝隙计.xls
FILE:2016-11-07 07:53:06,D:\AWORK\苗尾\苗尾监测数据\葛洲坝安全监测\厂房蜗壳\2#机蜗壳钢管缝隙计.xls
FILE:2016-11-07 07:53:06,D:\AWORK\苗尾\苗尾监测数据\葛洲坝安全监测\厂房蜗壳\4#机蜗壳钢管缝隙计.xls
FILE:2016-11-07 07:53:06,D:\AWORK\苗尾\苗尾监测数据\葛洲坝安全监测\引水洞\1#引水洞\1#测缝计.xls
FILE:2016-11-07 07:53:06,D:\AWORK\苗尾\苗尾监测数据\葛洲坝安全监测\引水洞\1#引水洞\1#钢管缝隙计.xls
FILE:2016-11-07 07:53:06,D:\AWORK\苗尾\苗尾监测数据\葛洲坝安全监测\引水洞\2#引水洞\2#测缝计.xls
FILE:2016-11-07 07:53:06,D:\AWORK\苗尾\苗尾监测数据\葛洲坝安全监测\引水洞\2#引水洞\2#钢管缝隙计.xls
FILE:2016-11-07 07:53:06,D:\AWORK\苗尾\苗尾监测数据\葛洲坝安全监测\引水洞\3#引水洞\3#测缝计.xls
FILE:2016-11-07 07:53:06,D:\AWORK\苗尾\苗尾监测数据\葛洲坝安全监测\引水洞\3#引水洞\3#钢管缝隙计.xls
FILE:2016-11-07 07:53:06,D:\AWORK\苗尾\苗尾监测数据\葛洲坝安全监测\引水洞\4#引水洞\4#测缝计.xls
FILE:2016-11-07 07:53:06,D:\AWORK\苗尾\苗尾监测数据\葛洲坝安全监测\引水洞\4#引水洞\4#钢管缝隙计.xls
DATA:GFYD-C4-2,13,测值异常
FILE:2016-11-07 07:53:06,D:\AWORK\苗尾\苗尾监测数据\葛洲坝安全监测\引水洞\进水口边坡\测缝计.xls
FILE:2016-11-07 07:54:53,D:\AWORK\苗尾\苗尾监测数据\昆明院监测\PD20探洞（测缝计）\PD20探洞测缝计.xls
DATA:PD20-J-4,12,观测日期有误
FILE:2016-11-07 07:54:53,D:\AWORK\苗尾\苗尾监测数据\昆明院监测\右坝基监测\简易裂缝计\右坝基测缝计.xls
FILE:2016-11-07 07:54:53,D:\AWORK\苗尾\苗尾监测数据\昆明院监测\大坝\大坝垫层\测缝计.xls
DATA:LBJDC-J-01,47,观测日期有误
DATA:CFzdc1-3,57,观测日期有误
DATA:CFhdc2-2,16,观测日期有误
DATA:CFzdc3-2,74,观测日期有误
FILE:2016-11-07 07:54:53,D:\AWORK\苗尾\苗尾监测数据\昆明院监测\导流隧洞观测数据第265期\导流洞\导流洞测缝计.xls
DATA:Jds2-12,56,测值异常
FILE:2016-11-07 07:54:53,D:\AWORK\苗尾\苗尾监测数据\昆明院监测\溢洪道\溢洪道泄槽段底板\溢洪道泄槽段底板测缝计.xls
FILE:2016-11-07 07:54:53,D:\AWORK\苗尾\苗尾监测数据\昆明院监测\鲁羌隧洞（测缝计）\鲁羌隧洞测缝计.xls
DATA:JLQD-3,39,观测日期有误
FILE:2016-11-07 07:54:53,D:\AWORK\苗尾\苗尾监测数据\葛洲坝安全监测\冲沙兼放空洞\冲沙洞0+279.4   A断面\A断面测缝计.xls
FILE:2016-11-07 07:54:53,D:\AWORK\苗尾\苗尾监测数据\葛洲坝安全监测\冲沙兼放空洞\冲沙洞0+279.4   A断面\A断面钢管缝隙计 .xls
FILE:2016-11-07 07:54:53,D:\AWORK\苗尾\苗尾监测数据\葛洲坝安全监测\冲沙兼放空洞\冲沙洞0+380  B断面\测缝计.xls
FILE:2016-11-07 07:54:53,D:\AWORK\苗尾\苗尾监测数据\葛洲坝安全监测\冲沙兼放空洞\冲沙洞0+380  B断面\钢管缝隙计.xls
FILE:2016-11-07 07:54:53,D:\AWORK\苗尾\苗尾监测数据\葛洲坝安全监测\厂房蜗壳\2#机蜗壳钢管缝隙计.xls
FILE:2016-11-07 07:54:53,D:\AWORK\苗尾\苗尾监测数据\葛洲坝安全监测\厂房蜗壳\4#机蜗壳钢管缝隙计.xls
FILE:2016-11-07 07:54:53,D:\AWORK\苗尾\苗尾监测数据\葛洲坝安全监测\引水洞\1#引水洞\1#测缝计.xls
FILE:2016-11-07 07:54:53,D:\AWORK\苗尾\苗尾监测数据\葛洲坝安全监测\引水洞\1#引水洞\1#钢管缝隙计.xls
FILE:2016-11-07 07:54:53,D:\AWORK\苗尾\苗尾监测数据\葛洲坝安全监测\引水洞\2#引水洞\2#测缝计.xls
FILE:2016-11-07 07:54:53,D:\AWORK\苗尾\苗尾监测数据\葛洲坝安全监测\引水洞\2#引水洞\2#钢管缝隙计.xls
FILE:2016-11-07 07:54:53,D:\AWORK\苗尾\苗尾监测数据\葛洲坝安全监测\引水洞\3#引水洞\3#测缝计.xls
FILE:2016-11-07 07:54:53,D:\AWORK\苗尾\苗尾监测数据\葛洲坝安全监测\引水洞\3#引水洞\3#钢管缝隙计.xls
FILE:2016-11-07 07:54:53,D:\AWORK\苗尾\苗尾监测数据\葛洲坝安全监测\引水洞\4#引水洞\4#测缝计.xls
FILE:2016-11-07 07:54:53,D:\AWORK\苗尾\苗尾监测数据\葛洲坝安全监测\引水洞\4#引水洞\4#钢管缝隙计.xls
DATA:GFYD-C4-2,13,测值异常
FILE:2016-11-07 07:54:53,D:\AWORK\苗尾\苗尾监测数据\葛洲坝安全监测\引水洞\进水口边坡\测缝计.xls
