FILE:2016-11-02 08:38:34,D:\AWORK\苗尾\苗尾监测数据\昆明院监测\下游左岸雾化区\雾化区多点位移计.xls
FILE:2016-11-02 08:38:34,D:\AWORK\苗尾\苗尾监测数据\昆明院监测\厂前\厂前区多点位移计.xls
FILE:2016-11-02 08:38:34,D:\AWORK\苗尾\苗尾监测数据\昆明院监测\厂后\厂后区多点位移计 .xls
FILE:2016-11-02 08:38:34,D:\AWORK\苗尾\苗尾监测数据\昆明院监测\右坝基监测\右坝基多点位移计.xls
DATA:MBJZ-R1408,438,该字符串未被识别为有效的 DateTime。
DATA:MBJZ-R1408,399,该字符串未被识别为有效的 DateTime。
DATA:MBJZ-R1390,480,该字符串未被识别为有效的 DateTime。
DATA:MBJZ-R1390,392,该字符串未被识别为有效的 DateTime。
DATA:MBJZ-R1390,53,该字符串未被识别为有效的 DateTime。
DATA:MBJZ-R1390,23,该字符串未被识别为有效的 DateTime。
DATA:MBJZ-R1390,20,该字符串未被识别为有效的 DateTime。
DATA:M4hpt1-1,214,该字符串未被识别为有效的 DateTime。
DATA:M4hpt1-2,346,该字符串未被识别为有效的 DateTime。
DATA:M4hpt1-4,335,该字符串未被识别为有效的 DateTime。
DATA:M4hpt1-Z1,175,该字符串未被识别为有效的 DateTime。
DATA:M4hpt1-Z1,105,该字符串未被识别为有效的 DateTime。
DATA:M4hpt1-Z2,217,该字符串未被识别为有效的 DateTime。
DATA:M4hpt2-Z1,299,该字符串未被识别为有效的 DateTime。
DATA:M4hpt3-1,358,该字符串未被识别为有效的 DateTime。
DATA:M4hpt3-1,291,该字符串未被识别为有效的 DateTime。
DATA:M4hpt3-Z1,143,该字符串未被识别为有效的 DateTime。
DATA:M4hpt3-Z2,154,该字符串未被识别为有效的 DateTime。
DATA:M4hpt3-Z2,151,该字符串未被识别为有效的 DateTime。
DATA:M4hpt3-Z2,149,该字符串未被识别为有效的 DateTime。
DATA:M4hpt3-Z3,292,该字符串未被识别为有效的 DateTime。
DATA:M4hpt3-Z3,224,该字符串未被识别为有效的 DateTime。
DATA:M4hpt3-Z3,222,该字符串未被识别为有效的 DateTime。
DATA:M4hpt3-Z3,214,该字符串未被识别为有效的 DateTime。
DATA:M4hpt4-Z1,294,该字符串未被识别为有效的 DateTime。
FILE:2016-11-02 08:38:34,D:\AWORK\苗尾\苗尾监测数据\昆明院监测\右坝头监测\右坝头多点位移计.xls
DATA:MYtb1,201,该字符串未被识别为有效的 DateTime。
DATA:MYtb1,79,该字符串未被识别为有效的 DateTime。
DATA:MYtb3,44,该字符串未被识别为有效的 DateTime。
DATA:MYtb3,38,该字符串未被识别为有效的 DateTime。
DATA:MYtb3,16,该字符串未被识别为有效的 DateTime。
DATA:MYtb4,120,该字符串未被识别为有效的 DateTime。
DATA:MYtb4,39,该字符串未被识别为有效的 DateTime。
DATA:MYtb4,19,该字符串未被识别为有效的 DateTime。
DATA:MYtb4,16,该字符串未被识别为有效的 DateTime。
FILE:2016-11-02 08:38:34,D:\AWORK\苗尾\苗尾监测数据\昆明院监测\大坝右岸坝前边坡\坝前边坡多点位移计.xls
FILE:2016-11-02 08:38:34,D:\AWORK\苗尾\苗尾监测数据\昆明院监测\左坝基监测\左坝基多点位移计.xls
DATA:MBJZ-L1416,304,该字符串未被识别为有效的 DateTime。
DATA:MBJZ-L1416,233,该字符串未被识别为有效的 DateTime。
DATA:MBJZ-L1416,193,该字符串未被识别为有效的 DateTime。
DATA:MBJZ-L1396,310,该字符串未被识别为有效的 DateTime。
DATA:MBJZ-L1396,238,该字符串未被识别为有效的 DateTime。
DATA:MBJZ-L1396,178,该字符串未被识别为有效的 DateTime。
DATA:MBJZ-L1396,113,该字符串未被识别为有效的 DateTime。
DATA:MBJZ-L1366,196,该字符串未被识别为有效的 DateTime。
FILE:2016-11-02 08:38:34,D:\AWORK\苗尾\苗尾监测数据\昆明院监测\溢洪道\溢洪道泄槽段右侧边坡\溢洪道泄槽段右侧边坡多点位移计.xls
FILE:2016-11-02 08:38:34,D:\AWORK\苗尾\苗尾监测数据\昆明院监测\溢洪道\溢洪道泄槽段左侧边坡\溢洪道泄槽段左侧边坡多点位移计.xls
DATA:MYb4-1,41,该字符串未被识别为有效的 DateTime。
FILE:2016-11-02 08:38:34,D:\AWORK\苗尾\苗尾监测数据\昆明院监测\溢洪道\溢洪道进水渠边坡\溢洪道边坡多点位移计.xls
DATA:MYb2-1,30,该字符串未被识别为有效的 DateTime。
FILE:2016-11-02 08:38:34,D:\AWORK\苗尾\苗尾监测数据\昆明院监测\进水口\进水口多点位移计.xls
DATA:MJb1-2,317,该字符串未被识别为有效的 DateTime。
DATA:MJb1-2,229,该字符串未被识别为有效的 DateTime。
DATA:MJb1-2,172,该字符串未被识别为有效的 DateTime。
DATA:MJb1-2,102,该字符串未被识别为有效的 DateTime。
DATA:MJb2-2,162,该字符串未被识别为有效的 DateTime。
DATA:MJb3-1,369,该字符串未被识别为有效的 DateTime。
DATA:MJbZ1-1,170,该字符串未被识别为有效的 DateTime。
DATA:MJbZ2-1,166,该字符串未被识别为有效的 DateTime。
DATA:MJbZ2-1,160,该字符串未被识别为有效的 DateTime。
DATA:MJbZ4-1,336,该字符串未被识别为有效的 DateTime。
DATA:MJbZ4-1,254,该字符串未被识别为有效的 DateTime。
DATA:MJbZ4-1,220,该字符串未被识别为有效的 DateTime。
FILE:2016-11-02 08:38:34,D:\AWORK\苗尾\苗尾监测数据\葛洲坝安全监测\2#施工支洞\2#施工\1\多点位移计.xls
FILE:2016-11-02 08:38:34,D:\AWORK\苗尾\苗尾监测数据\葛洲坝安全监测\2#施工支洞\2#施工\2\2多点位移计.xls
FILE:2016-11-02 08:38:34,D:\AWORK\苗尾\苗尾监测数据\葛洲坝安全监测\2#施工支洞\2#施工\3\3多点位移计.xls
FILE:2016-11-02 08:38:34,D:\AWORK\苗尾\苗尾监测数据\葛洲坝安全监测\2#施工支洞\2#施工\4\4多点位移计.xls
FILE:2016-11-02 08:38:34,D:\AWORK\苗尾\苗尾监测数据\葛洲坝安全监测\冲沙兼放空洞\371-E断面\多点位移计.xls
FILE:2016-11-02 08:38:34,D:\AWORK\苗尾\苗尾监测数据\葛洲坝安全监测\冲沙兼放空洞\A断面\A断面多点位移计.xls
FILE:2016-11-02 08:38:34,D:\AWORK\苗尾\苗尾监测数据\葛洲坝安全监测\冲沙兼放空洞\B断面138.5\0+138.5断面多点位移计.xls
FILE:2016-11-02 08:38:34,D:\AWORK\苗尾\苗尾监测数据\葛洲坝安全监测\冲沙兼放空洞\C断面364\0+364断面多点位移计.xls
FILE:2016-11-02 08:38:34,D:\AWORK\苗尾\苗尾监测数据\葛洲坝安全监测\引水洞\4点位移计.xls
FILE:2016-11-02 08:38:34,D:\AWORK\苗尾\苗尾监测数据\葛洲坝安全监测\引水洞\1#引水洞\1#多点位移计.xls
FILE:2016-11-02 08:38:34,D:\AWORK\苗尾\苗尾监测数据\葛洲坝安全监测\引水洞\2#引水洞\2#多点位移计.xls
FILE:2016-11-02 08:38:34,D:\AWORK\苗尾\苗尾监测数据\葛洲坝安全监测\引水洞\3#引水洞\3#多点位移计.xls
FILE:2016-11-02 08:38:34,D:\AWORK\苗尾\苗尾监测数据\葛洲坝安全监测\引水洞\4#引水洞\4#多点位移计.xls
FILE:2016-11-02 08:38:34,D:\AWORK\苗尾\苗尾监测数据\葛洲坝安全监测\引水洞\进水口边坡\多点位移计.xls
FILE:2016-11-02 08:38:34,D:\AWORK\苗尾\苗尾监测数据\葛洲坝安全监测\排水廊道，灌浆廊道\四点式杆式位移计.xls
FILE:2016-11-02 08:38:34,D:\AWORK\苗尾\苗尾监测数据\葛洲坝安全监测\灌溉取水交通洞\灌溉交通洞0+015\0+15多点位移计.xls
DATA:M3GDK-A-1,47,该字符串未被识别为有效的 DateTime。
FILE:2016-11-02 08:38:34,D:\AWORK\苗尾\苗尾监测数据\葛洲坝安全监测\灌溉取水交通洞\灌溉交通洞0+045\0+45多点位移计.xls
FILE:2016-11-02 08:38:34,D:\AWORK\苗尾\苗尾监测数据\葛洲坝安全监测\灌溉取水交通洞\灌溉交通洞0+105.47B\0+105.47多点位移计.xls
FILE:2016-11-02 08:38:34,D:\AWORK\苗尾\苗尾监测数据\葛洲坝安全监测\灌溉取水交通洞\灌溉交通洞0+131.97C\0+131.97多点位移计.xls
FILE:2016-11-02 08:38:34,D:\AWORK\苗尾\苗尾监测数据\葛洲坝安全监测\灌溉取水交通洞\灌溉交通洞0+158.47D\0+158.47多点位移计.xls
FILE:2016-11-02 08:38:34,D:\AWORK\苗尾\苗尾监测数据\葛洲坝安全监测\灌溉取水交通洞\灌溉交通洞0+184.97E\0+184.97多点位移计.xls
FILE:2016-11-02 08:38:34,D:\AWORK\苗尾\苗尾监测数据\葛洲坝安全监测\灌溉取水交通洞\灌溉交通洞进口边坡\边坡多点位移计.xls
FILE:2016-11-02 08:56:25,D:\AWORK\苗尾\苗尾监测数据\昆明院监测\下游左岸雾化区\雾化区多点位移计.xls
FILE:2016-11-02 08:56:25,D:\AWORK\苗尾\苗尾监测数据\昆明院监测\厂前\厂前区多点位移计.xls
FILE:2016-11-02 08:56:25,D:\AWORK\苗尾\苗尾监测数据\昆明院监测\厂后\厂后区多点位移计 .xls
FILE:2016-11-02 08:56:25,D:\AWORK\苗尾\苗尾监测数据\昆明院监测\右坝基监测\右坝基多点位移计.xls
DATA:MBJZ-R1408,438,该字符串未被识别为有效的 DateTime。
DATA:MBJZ-R1408,399,该字符串未被识别为有效的 DateTime。
DATA:MBJZ-R1390,480,该字符串未被识别为有效的 DateTime。
DATA:MBJZ-R1390,392,该字符串未被识别为有效的 DateTime。
DATA:MBJZ-R1390,53,该字符串未被识别为有效的 DateTime。
DATA:MBJZ-R1390,23,该字符串未被识别为有效的 DateTime。
DATA:MBJZ-R1390,20,该字符串未被识别为有效的 DateTime。
DATA:M4hpt1-1,214,该字符串未被识别为有效的 DateTime。
DATA:M4hpt1-2,346,该字符串未被识别为有效的 DateTime。
DATA:M4hpt1-4,335,该字符串未被识别为有效的 DateTime。
DATA:M4hpt1-Z1,175,该字符串未被识别为有效的 DateTime。
DATA:M4hpt1-Z1,105,该字符串未被识别为有效的 DateTime。
DATA:M4hpt1-Z2,217,该字符串未被识别为有效的 DateTime。
DATA:M4hpt2-Z1,299,该字符串未被识别为有效的 DateTime。
DATA:M4hpt3-1,358,该字符串未被识别为有效的 DateTime。
DATA:M4hpt3-1,291,该字符串未被识别为有效的 DateTime。
DATA:M4hpt3-Z1,143,该字符串未被识别为有效的 DateTime。
DATA:M4hpt3-Z2,154,该字符串未被识别为有效的 DateTime。
DATA:M4hpt3-Z2,151,该字符串未被识别为有效的 DateTime。
DATA:M4hpt3-Z2,149,该字符串未被识别为有效的 DateTime。
DATA:M4hpt3-Z3,292,该字符串未被识别为有效的 DateTime。
DATA:M4hpt3-Z3,224,该字符串未被识别为有效的 DateTime。
DATA:M4hpt3-Z3,222,该字符串未被识别为有效的 DateTime。
DATA:M4hpt3-Z3,214,该字符串未被识别为有效的 DateTime。
DATA:M4hpt4-Z1,294,该字符串未被识别为有效的 DateTime。
FILE:2016-11-02 08:56:25,D:\AWORK\苗尾\苗尾监测数据\昆明院监测\右坝头监测\右坝头多点位移计.xls
DATA:MYtb1,201,该字符串未被识别为有效的 DateTime。
DATA:MYtb1,79,该字符串未被识别为有效的 DateTime。
DATA:MYtb3,44,该字符串未被识别为有效的 DateTime。
DATA:MYtb3,38,该字符串未被识别为有效的 DateTime。
DATA:MYtb3,16,该字符串未被识别为有效的 DateTime。
DATA:MYtb4,120,该字符串未被识别为有效的 DateTime。
DATA:MYtb4,39,该字符串未被识别为有效的 DateTime。
DATA:MYtb4,19,该字符串未被识别为有效的 DateTime。
DATA:MYtb4,16,该字符串未被识别为有效的 DateTime。
FILE:2016-11-02 08:56:25,D:\AWORK\苗尾\苗尾监测数据\昆明院监测\大坝右岸坝前边坡\坝前边坡多点位移计.xls
FILE:2016-11-02 08:56:25,D:\AWORK\苗尾\苗尾监测数据\昆明院监测\左坝基监测\左坝基多点位移计.xls
DATA:MBJZ-L1416,304,该字符串未被识别为有效的 DateTime。
DATA:MBJZ-L1416,233,该字符串未被识别为有效的 DateTime。
DATA:MBJZ-L1416,193,该字符串未被识别为有效的 DateTime。
DATA:MBJZ-L1396,310,该字符串未被识别为有效的 DateTime。
DATA:MBJZ-L1396,238,该字符串未被识别为有效的 DateTime。
DATA:MBJZ-L1396,178,该字符串未被识别为有效的 DateTime。
DATA:MBJZ-L1396,113,该字符串未被识别为有效的 DateTime。
DATA:MBJZ-L1366,196,该字符串未被识别为有效的 DateTime。
FILE:2016-11-02 08:56:25,D:\AWORK\苗尾\苗尾监测数据\昆明院监测\溢洪道\溢洪道泄槽段右侧边坡\溢洪道泄槽段右侧边坡多点位移计.xls
FILE:2016-11-02 08:56:25,D:\AWORK\苗尾\苗尾监测数据\昆明院监测\溢洪道\溢洪道泄槽段左侧边坡\溢洪道泄槽段左侧边坡多点位移计.xls
DATA:MYb4-1,41,该字符串未被识别为有效的 DateTime。
FILE:2016-11-02 08:56:25,D:\AWORK\苗尾\苗尾监测数据\昆明院监测\溢洪道\溢洪道进水渠边坡\溢洪道边坡多点位移计.xls
DATA:MYb2-1,30,该字符串未被识别为有效的 DateTime。
FILE:2016-11-02 08:56:25,D:\AWORK\苗尾\苗尾监测数据\昆明院监测\进水口\进水口多点位移计.xls
DATA:MJb1-2,317,该字符串未被识别为有效的 DateTime。
DATA:MJb1-2,229,该字符串未被识别为有效的 DateTime。
DATA:MJb1-2,172,该字符串未被识别为有效的 DateTime。
DATA:MJb1-2,102,该字符串未被识别为有效的 DateTime。
DATA:MJb2-2,162,该字符串未被识别为有效的 DateTime。
DATA:MJb3-1,369,该字符串未被识别为有效的 DateTime。
DATA:MJbZ1-1,170,该字符串未被识别为有效的 DateTime。
DATA:MJbZ2-1,166,该字符串未被识别为有效的 DateTime。
DATA:MJbZ2-1,160,该字符串未被识别为有效的 DateTime。
DATA:MJbZ4-1,336,该字符串未被识别为有效的 DateTime。
DATA:MJbZ4-1,254,该字符串未被识别为有效的 DateTime。
DATA:MJbZ4-1,220,该字符串未被识别为有效的 DateTime。
FILE:2016-11-02 08:56:25,D:\AWORK\苗尾\苗尾监测数据\葛洲坝安全监测\2#施工支洞\2#施工\1\多点位移计.xls
FILE:2016-11-02 08:56:25,D:\AWORK\苗尾\苗尾监测数据\葛洲坝安全监测\2#施工支洞\2#施工\2\2多点位移计.xls
FILE:2016-11-02 08:56:25,D:\AWORK\苗尾\苗尾监测数据\葛洲坝安全监测\2#施工支洞\2#施工\3\3多点位移计.xls
FILE:2016-11-02 08:56:25,D:\AWORK\苗尾\苗尾监测数据\葛洲坝安全监测\2#施工支洞\2#施工\4\4多点位移计.xls
FILE:2016-11-02 08:56:25,D:\AWORK\苗尾\苗尾监测数据\葛洲坝安全监测\冲沙兼放空洞\371-E断面\多点位移计.xls
FILE:2016-11-02 08:56:25,D:\AWORK\苗尾\苗尾监测数据\葛洲坝安全监测\冲沙兼放空洞\A断面\A断面多点位移计.xls
FILE:2016-11-02 08:56:25,D:\AWORK\苗尾\苗尾监测数据\葛洲坝安全监测\冲沙兼放空洞\B断面138.5\0+138.5断面多点位移计.xls
FILE:2016-11-02 08:56:25,D:\AWORK\苗尾\苗尾监测数据\葛洲坝安全监测\冲沙兼放空洞\C断面364\0+364断面多点位移计.xls
FILE:2016-11-02 08:56:25,D:\AWORK\苗尾\苗尾监测数据\葛洲坝安全监测\引水洞\4点位移计.xls
FILE:2016-11-02 08:56:25,D:\AWORK\苗尾\苗尾监测数据\葛洲坝安全监测\引水洞\1#引水洞\1#多点位移计.xls
FILE:2016-11-02 08:56:25,D:\AWORK\苗尾\苗尾监测数据\葛洲坝安全监测\引水洞\2#引水洞\2#多点位移计.xls
FILE:2016-11-02 08:56:25,D:\AWORK\苗尾\苗尾监测数据\葛洲坝安全监测\引水洞\3#引水洞\3#多点位移计.xls
FILE:2016-11-02 08:56:25,D:\AWORK\苗尾\苗尾监测数据\葛洲坝安全监测\引水洞\4#引水洞\4#多点位移计.xls
FILE:2016-11-02 08:56:25,D:\AWORK\苗尾\苗尾监测数据\葛洲坝安全监测\引水洞\进水口边坡\多点位移计.xls
FILE:2016-11-02 08:56:25,D:\AWORK\苗尾\苗尾监测数据\葛洲坝安全监测\排水廊道，灌浆廊道\四点式杆式位移计.xls
FILE:2016-11-02 08:56:25,D:\AWORK\苗尾\苗尾监测数据\葛洲坝安全监测\灌溉取水交通洞\灌溉交通洞0+015\0+15多点位移计.xls
DATA:M3GDK-A-1,47,该字符串未被识别为有效的 DateTime。
FILE:2016-11-02 08:56:25,D:\AWORK\苗尾\苗尾监测数据\葛洲坝安全监测\灌溉取水交通洞\灌溉交通洞0+045\0+45多点位移计.xls
FILE:2016-11-02 08:56:25,D:\AWORK\苗尾\苗尾监测数据\葛洲坝安全监测\灌溉取水交通洞\灌溉交通洞0+105.47B\0+105.47多点位移计.xls
FILE:2016-11-02 08:56:25,D:\AWORK\苗尾\苗尾监测数据\葛洲坝安全监测\灌溉取水交通洞\灌溉交通洞0+131.97C\0+131.97多点位移计.xls
FILE:2016-11-02 08:56:25,D:\AWORK\苗尾\苗尾监测数据\葛洲坝安全监测\灌溉取水交通洞\灌溉交通洞0+158.47D\0+158.47多点位移计.xls
FILE:2016-11-02 08:56:25,D:\AWORK\苗尾\苗尾监测数据\葛洲坝安全监测\灌溉取水交通洞\灌溉交通洞0+184.97E\0+184.97多点位移计.xls
FILE:2016-11-02 08:56:25,D:\AWORK\苗尾\苗尾监测数据\葛洲坝安全监测\灌溉取水交通洞\灌溉交通洞进口边坡\边坡多点位移计.xls
FILE:2016-11-02 08:57:45,D:\AWORK\苗尾\苗尾监测数据\昆明院监测\下游左岸雾化区\雾化区多点位移计.xls
FILE:2016-11-02 08:57:45,D:\AWORK\苗尾\苗尾监测数据\昆明院监测\厂前\厂前区多点位移计.xls
FILE:2016-11-02 09:06:15,D:\AWORK\苗尾\苗尾监测数据\昆明院监测\厂后\厂后区多点位移计 .xls
FILE:2016-11-02 09:07:49,D:\AWORK\苗尾\苗尾监测数据\昆明院监测\右坝基监测\右坝基多点位移计.xls
DATA:MBJZ-R1408,438,该字符串未被识别为有效的 DateTime。
DATA:MBJZ-R1408,399,该字符串未被识别为有效的 DateTime。
DATA:MBJZ-R1390,480,该字符串未被识别为有效的 DateTime。
DATA:MBJZ-R1390,392,该字符串未被识别为有效的 DateTime。
DATA:MBJZ-R1390,53,该字符串未被识别为有效的 DateTime。
DATA:MBJZ-R1390,23,该字符串未被识别为有效的 DateTime。
DATA:MBJZ-R1390,20,该字符串未被识别为有效的 DateTime。
DATA:M4hpt1-1,214,该字符串未被识别为有效的 DateTime。
DATA:M4hpt1-2,346,该字符串未被识别为有效的 DateTime。
DATA:M4hpt1-4,335,该字符串未被识别为有效的 DateTime。
DATA:M4hpt1-Z1,175,该字符串未被识别为有效的 DateTime。
DATA:M4hpt1-Z1,105,该字符串未被识别为有效的 DateTime。
DATA:M4hpt1-Z2,217,该字符串未被识别为有效的 DateTime。
DATA:M4hpt2-Z1,299,该字符串未被识别为有效的 DateTime。
DATA:M4hpt3-1,358,该字符串未被识别为有效的 DateTime。
DATA:M4hpt3-1,291,该字符串未被识别为有效的 DateTime。
DATA:M4hpt3-Z1,143,该字符串未被识别为有效的 DateTime。
DATA:M4hpt3-Z2,154,该字符串未被识别为有效的 DateTime。
DATA:M4hpt3-Z2,151,该字符串未被识别为有效的 DateTime。
DATA:M4hpt3-Z2,149,该字符串未被识别为有效的 DateTime。
DATA:M4hpt3-Z3,292,该字符串未被识别为有效的 DateTime。
DATA:M4hpt3-Z3,224,该字符串未被识别为有效的 DateTime。
DATA:M4hpt3-Z3,222,该字符串未被识别为有效的 DateTime。
DATA:M4hpt3-Z3,214,该字符串未被识别为有效的 DateTime。
DATA:M4hpt4-Z1,294,该字符串未被识别为有效的 DateTime。
FILE:2016-11-02 09:07:49,D:\AWORK\苗尾\苗尾监测数据\昆明院监测\右坝头监测\右坝头多点位移计.xls
DATA:MYtb1,201,该字符串未被识别为有效的 DateTime。
DATA:MYtb1,79,该字符串未被识别为有效的 DateTime。
DATA:MYtb3,44,该字符串未被识别为有效的 DateTime。
DATA:MYtb3,38,该字符串未被识别为有效的 DateTime。
DATA:MYtb3,16,该字符串未被识别为有效的 DateTime。
DATA:MYtb4,120,该字符串未被识别为有效的 DateTime。
DATA:MYtb4,39,该字符串未被识别为有效的 DateTime。
DATA:MYtb4,19,该字符串未被识别为有效的 DateTime。
DATA:MYtb4,16,该字符串未被识别为有效的 DateTime。
FILE:2016-11-02 09:07:49,D:\AWORK\苗尾\苗尾监测数据\昆明院监测\大坝右岸坝前边坡\坝前边坡多点位移计.xls
FILE:2016-11-02 09:14:26,D:\AWORK\苗尾\苗尾监测数据\昆明院监测\左坝基监测\左坝基多点位移计.xls
DATA:MBJZ-L1416,304,该字符串未被识别为有效的 DateTime。
DATA:MBJZ-L1416,233,该字符串未被识别为有效的 DateTime。
DATA:MBJZ-L1416,193,该字符串未被识别为有效的 DateTime。
DATA:MBJZ-L1396,310,该字符串未被识别为有效的 DateTime。
DATA:MBJZ-L1396,238,该字符串未被识别为有效的 DateTime。
DATA:MBJZ-L1396,178,该字符串未被识别为有效的 DateTime。
DATA:MBJZ-L1396,113,该字符串未被识别为有效的 DateTime。
DATA:MBJZ-L1366,196,该字符串未被识别为有效的 DateTime。
FILE:2016-11-02 09:14:26,D:\AWORK\苗尾\苗尾监测数据\昆明院监测\溢洪道\溢洪道泄槽段右侧边坡\溢洪道泄槽段右侧边坡多点位移计.xls
FILE:2016-11-02 09:14:26,D:\AWORK\苗尾\苗尾监测数据\昆明院监测\溢洪道\溢洪道泄槽段左侧边坡\溢洪道泄槽段左侧边坡多点位移计.xls
DATA:MYb4-1,41,该字符串未被识别为有效的 DateTime。
FILE:2016-11-02 09:17:47,D:\AWORK\苗尾\苗尾监测数据\昆明院监测\大坝\大坝心墙\位移计.xls
DATA:ML-2,41,观测日期有误
DATA:M1-4,35,观测日期有误
DATA:M2-3,101,观测日期有误
DATA:M2-3,33,观测日期有误
DATA:M2-3,19,观测日期有误
DATA:M2-8,36,观测日期有误
DATA:M3-1,54,观测日期有误
DATA:M3-9,36,观测日期有误
FILE:2016-11-02 09:17:47,D:\AWORK\苗尾\苗尾监测数据\昆明院监测\大坝\大坝心墙\界面位移计.xls
DATA:MJ2-11,16,观测日期有误
DATA:MJ2-12,69,观测日期有误
DATA:MJ3-2,41,观测日期有误
FILE:2016-11-02 09:25:49,D:\AWORK\苗尾\苗尾监测数据\昆明院监测\溢洪道\溢洪道进水渠边坡\溢洪道边坡多点位移计.xls
DATA:MYb2-1,30,该字符串未被识别为有效的 DateTime。
FILE:2016-11-02 09:25:49,D:\AWORK\苗尾\苗尾监测数据\葛洲坝安全监测\2#施工支洞\2#施工\4\4多点位移计.xls
FILE:2016-11-02 09:25:49,D:\AWORK\苗尾\苗尾监测数据\葛洲坝安全监测\冲沙兼放空洞\371-E断面\多点位移计.xls
FILE:2016-11-02 09:25:49,D:\AWORK\苗尾\苗尾监测数据\葛洲坝安全监测\冲沙兼放空洞\A断面\A断面多点位移计.xls
FILE:2016-11-02 09:25:49,D:\AWORK\苗尾\苗尾监测数据\葛洲坝安全监测\冲沙兼放空洞\B断面138.5\0+138.5断面多点位移计.xls
FILE:2016-11-02 09:35:49,D:\AWORK\苗尾\苗尾监测数据\葛洲坝安全监测\冲沙兼放空洞\A断面\A断面多点位移计.xls
FILE:2016-11-02 09:38:33,D:\AWORK\苗尾\苗尾监测数据\葛洲坝安全监测\冲沙兼放空洞\A断面\A断面多点位移计.xls
FILE:2016-11-02 09:45:17,D:\AWORK\苗尾\苗尾监测数据\葛洲坝安全监测\冲沙兼放空洞\A断面\A断面多点位移计.xls
FILE:2016-11-02 09:47:34,D:\AWORK\苗尾\苗尾监测数据\葛洲坝安全监测\冲沙兼放空洞\A断面\A断面多点位移计.xls
FILE:2016-11-02 09:53:39,D:\AWORK\苗尾\苗尾监测数据\葛洲坝安全监测\冲沙兼放空洞\A断面\A断面多点位移计.xls
FILE:2016-11-02 09:55:55,D:\AWORK\苗尾\苗尾监测数据\葛洲坝安全监测\引水洞\4点位移计.xls
FILE:2016-11-02 09:55:55,D:\AWORK\苗尾\苗尾监测数据\葛洲坝安全监测\引水洞\1#引水洞\1#多点位移计.xls
DATA:M3YD-B1-2,8,Cannot get a numeric value from a text cell
DATA:M3YD-B1-2,7,Cannot get a numeric value from a text cell
DATA:M3YD-B1-2,6,Cannot get a numeric value from a text cell
DATA:M3YD-B1-2,5,Cannot get a numeric value from a text cell
DATA:M3YD-B1-2,4,Cannot get a numeric value from a text cell
DATA:M3YD-B1-2,3,Cannot get a numeric value from a text cell
DATA:M3YD-B1-2,2,Cannot get a numeric value from a text cell
DATA:M3YD-A1-1,8,Cannot get a numeric value from a text cell
DATA:M3YD-A1-1,7,Cannot get a numeric value from a text cell
DATA:M3YD-A1-1,6,Cannot get a numeric value from a text cell
DATA:M3YD-A1-1,5,Cannot get a numeric value from a text cell
DATA:M3YD-A1-1,4,Cannot get a numeric value from a text cell
DATA:M3YD-A1-1,3,Cannot get a numeric value from a text cell
DATA:M3YD-A1-1,2,Cannot get a numeric value from a text cell
DATA:M3YD-A1-2,8,Cannot get a numeric value from a text cell
DATA:M3YD-A1-2,7,Cannot get a numeric value from a text cell
DATA:M3YD-A1-2,6,Cannot get a numeric value from a text cell
DATA:M3YD-A1-2,5,Cannot get a numeric value from a text cell
DATA:M3YD-A1-2,4,Cannot get a numeric value from a text cell
DATA:M3YD-A1-2,3,Cannot get a numeric value from a text cell
DATA:M3YD-A1-2,2,Cannot get a numeric value from a text cell
DATA:M3YD-C1-1,8,Cannot get a numeric value from a text cell
DATA:M3YD-C1-1,7,Cannot get a numeric value from a text cell
DATA:M3YD-C1-1,6,Cannot get a numeric value from a text cell
DATA:M3YD-C1-1,5,Cannot get a numeric value from a text cell
DATA:M3YD-C1-1,4,Cannot get a numeric value from a text cell
DATA:M3YD-C1-1,3,Cannot get a numeric value from a text cell
DATA:M3YD-C1-1,2,Cannot get a numeric value from a text cell
DATA:M3YD-C1-2,8,Cannot get a numeric value from a text cell
DATA:M3YD-C1-2,7,Cannot get a numeric value from a text cell
DATA:M3YD-C1-2,6,Cannot get a numeric value from a text cell
DATA:M3YD-C1-2,5,Cannot get a numeric value from a text cell
DATA:M3YD-C1-2,4,Cannot get a numeric value from a text cell
DATA:M3YD-C1-2,3,Cannot get a numeric value from a text cell
DATA:M3YD-C1-2,2,Cannot get a numeric value from a text cell
DATA:M3YD-C1-3,8,Cannot get a numeric value from a text cell
DATA:M3YD-C1-3,7,Cannot get a numeric value from a text cell
DATA:M3YD-C1-3,6,Cannot get a numeric value from a text cell
DATA:M3YD-C1-3,5,Cannot get a numeric value from a text cell
DATA:M3YD-C1-3,4,Cannot get a numeric value from a text cell
DATA:M3YD-C1-3,3,Cannot get a numeric value from a text cell
DATA:M3YD-C1-3,2,Cannot get a numeric value from a text cell
FILE:2016-11-02 09:55:55,D:\AWORK\苗尾\苗尾监测数据\葛洲坝安全监测\引水洞\2#引水洞\2#多点位移计.xls
DATA:M3YD-A2-1,8,Cannot get a numeric value from a text cell
DATA:M3YD-A2-1,7,Cannot get a numeric value from a text cell
DATA:M3YD-A2-1,6,Cannot get a numeric value from a text cell
DATA:M3YD-A2-1,5,Cannot get a numeric value from a text cell
DATA:M3YD-A2-1,4,Cannot get a numeric value from a text cell
DATA:M3YD-A2-1,3,Cannot get a numeric value from a text cell
DATA:M3YD-A2-1,2,Cannot get a numeric value from a text cell
DATA:M3YD-A2-2,8,Cannot get a numeric value from a text cell
DATA:M3YD-A2-2,7,Cannot get a numeric value from a text cell
DATA:M3YD-A2-2,6,Cannot get a numeric value from a text cell
DATA:M3YD-A2-2,5,Cannot get a numeric value from a text cell
DATA:M3YD-A2-2,4,Cannot get a numeric value from a text cell
DATA:M3YD-A2-2,3,Cannot get a numeric value from a text cell
DATA:M3YD-A2-2,2,Cannot get a numeric value from a text cell
DATA:M3YD-C2-1,8,Cannot get a numeric value from a text cell
DATA:M3YD-C2-1,7,Cannot get a numeric value from a text cell
DATA:M3YD-C2-1,6,Cannot get a numeric value from a text cell
DATA:M3YD-C2-1,5,Cannot get a numeric value from a text cell
DATA:M3YD-C2-1,4,Cannot get a numeric value from a text cell
DATA:M3YD-C2-1,3,Cannot get a numeric value from a text cell
DATA:M3YD-C2-1,2,Cannot get a numeric value from a text cell
DATA:M3YD-C2-2,8,Cannot get a numeric value from a text cell
DATA:M3YD-C2-2,7,Cannot get a numeric value from a text cell
DATA:M3YD-C2-2,6,Cannot get a numeric value from a text cell
DATA:M3YD-C2-2,5,Cannot get a numeric value from a text cell
DATA:M3YD-C2-2,4,Cannot get a numeric value from a text cell
DATA:M3YD-C2-2,3,Cannot get a numeric value from a text cell
DATA:M3YD-C2-2,2,Cannot get a numeric value from a text cell
DATA:M3YD-C2-3,8,Cannot get a numeric value from a text cell
DATA:M3YD-C2-3,7,Cannot get a numeric value from a text cell
DATA:M3YD-C2-3,6,Cannot get a numeric value from a text cell
DATA:M3YD-C2-3,5,Cannot get a numeric value from a text cell
DATA:M3YD-C2-3,4,Cannot get a numeric value from a text cell
DATA:M3YD-C2-3,3,Cannot get a numeric value from a text cell
DATA:M3YD-C2-3,2,Cannot get a numeric value from a text cell
DATA:M3YD-B2-2,8,Cannot get a numeric value from a text cell
DATA:M3YD-B2-2,7,Cannot get a numeric value from a text cell
DATA:M3YD-B2-2,6,Cannot get a numeric value from a text cell
DATA:M3YD-B2-2,5,Cannot get a numeric value from a text cell
DATA:M3YD-B2-2,4,Cannot get a numeric value from a text cell
DATA:M3YD-B2-2,3,Cannot get a numeric value from a text cell
DATA:M3YD-B2-2,2,Cannot get a numeric value from a text cell
FILE:2016-11-02 09:55:55,D:\AWORK\苗尾\苗尾监测数据\葛洲坝安全监测\引水洞\3#引水洞\3#多点位移计.xls
DATA:M3YD-B3-2,8,Cannot get a numeric value from a text cell
DATA:M3YD-B3-2,7,Cannot get a numeric value from a text cell
DATA:M3YD-B3-2,6,Cannot get a numeric value from a text cell
DATA:M3YD-B3-2,5,Cannot get a numeric value from a text cell
DATA:M3YD-B3-2,4,Cannot get a numeric value from a text cell
DATA:M3YD-B3-2,3,Cannot get a numeric value from a text cell
DATA:M3YD-B3-2,2,Cannot get a numeric value from a text cell
DATA:M3YD-A3-2,8,Cannot get a numeric value from a text cell
DATA:M3YD-A3-2,7,Cannot get a numeric value from a text cell
DATA:M3YD-A3-2,6,Cannot get a numeric value from a text cell
DATA:M3YD-A3-2,5,Cannot get a numeric value from a text cell
DATA:M3YD-A3-2,4,Cannot get a numeric value from a text cell
DATA:M3YD-A3-2,3,Cannot get a numeric value from a text cell
DATA:M3YD-A3-2,2,Cannot get a numeric value from a text cell
DATA:M3YD-C3-1,8,Cannot get a numeric value from a text cell
DATA:M3YD-C3-1,7,Cannot get a numeric value from a text cell
DATA:M3YD-C3-1,6,Cannot get a numeric value from a text cell
DATA:M3YD-C3-1,5,Cannot get a numeric value from a text cell
DATA:M3YD-C3-1,4,Cannot get a numeric value from a text cell
DATA:M3YD-C3-1,3,Cannot get a numeric value from a text cell
DATA:M3YD-C3-1,2,Cannot get a numeric value from a text cell
DATA:M3YD-C3-2,8,Cannot get a numeric value from a text cell
DATA:M3YD-C3-2,7,Cannot get a numeric value from a text cell
DATA:M3YD-C3-2,6,Cannot get a numeric value from a text cell
DATA:M3YD-C3-2,5,Cannot get a numeric value from a text cell
DATA:M3YD-C3-2,4,Cannot get a numeric value from a text cell
DATA:M3YD-C3-2,3,Cannot get a numeric value from a text cell
DATA:M3YD-C3-2,2,Cannot get a numeric value from a text cell
DATA:M3YD-C3-3,8,Cannot get a numeric value from a text cell
DATA:M3YD-C3-3,7,Cannot get a numeric value from a text cell
DATA:M3YD-C3-3,6,Cannot get a numeric value from a text cell
DATA:M3YD-C3-3,5,Cannot get a numeric value from a text cell
DATA:M3YD-C3-3,4,Cannot get a numeric value from a text cell
DATA:M3YD-C3-3,3,Cannot get a numeric value from a text cell
DATA:M3YD-C3-3,2,Cannot get a numeric value from a text cell
FILE:2016-11-02 09:59:28,D:\AWORK\苗尾\苗尾监测数据\葛洲坝安全监测\引水洞\4点位移计.xls
FILE:2016-11-02 09:59:28,D:\AWORK\苗尾\苗尾监测数据\葛洲坝安全监测\引水洞\1#引水洞\1#多点位移计.xls
FILE:2016-11-02 09:59:28,D:\AWORK\苗尾\苗尾监测数据\葛洲坝安全监测\引水洞\2#引水洞\2#多点位移计.xls
FILE:2016-11-02 09:59:28,D:\AWORK\苗尾\苗尾监测数据\葛洲坝安全监测\引水洞\3#引水洞\3#多点位移计.xls
FILE:2016-11-02 10:03:36,D:\AWORK\苗尾\苗尾监测数据\葛洲坝安全监测\引水洞\4#引水洞\4#多点位移计.xls
FILE:2016-11-02 10:03:36,D:\AWORK\苗尾\苗尾监测数据\葛洲坝安全监测\引水洞\进水口边坡\多点位移计.xls
FILE:2016-11-02 10:03:36,D:\AWORK\苗尾\苗尾监测数据\葛洲坝安全监测\排水廊道，灌浆廊道\四点式杆式位移计.xls
FILE:2016-11-02 10:03:36,D:\AWORK\苗尾\苗尾监测数据\葛洲坝安全监测\灌溉取水交通洞\灌溉交通洞0+015\0+15多点位移计.xls
FILE:2016-11-02 10:03:36,D:\AWORK\苗尾\苗尾监测数据\葛洲坝安全监测\灌溉取水交通洞\灌溉交通洞0+045\0+45多点位移计.xls
FILE:2016-11-02 10:08:03,D:\AWORK\苗尾\苗尾监测数据\葛洲坝安全监测\引水洞\4#引水洞\4#多点位移计.xls
FILE:2016-11-02 10:08:03,D:\AWORK\苗尾\苗尾监测数据\葛洲坝安全监测\引水洞\进水口边坡\多点位移计.xls
FILE:2016-11-02 10:08:03,D:\AWORK\苗尾\苗尾监测数据\葛洲坝安全监测\排水廊道，灌浆廊道\四点式杆式位移计.xls
FILE:2016-11-02 10:08:03,D:\AWORK\苗尾\苗尾监测数据\葛洲坝安全监测\灌溉取水交通洞\灌溉交通洞0+015\0+15多点位移计.xls
FILE:2016-11-02 10:08:03,D:\AWORK\苗尾\苗尾监测数据\葛洲坝安全监测\灌溉取水交通洞\灌溉交通洞0+045\0+45多点位移计.xls
FILE:2016-11-02 10:12:18,D:\AWORK\苗尾\苗尾监测数据\葛洲坝安全监测\灌溉取水交通洞\灌溉交通洞0+105.47B\0+105.47多点位移计.xls
FILE:2016-11-02 10:12:18,D:\AWORK\苗尾\苗尾监测数据\葛洲坝安全监测\灌溉取水交通洞\灌溉交通洞0+131.97C\0+131.97多点位移计.xls
FILE:2016-11-02 10:12:18,D:\AWORK\苗尾\苗尾监测数据\葛洲坝安全监测\灌溉取水交通洞\灌溉交通洞0+158.47D\0+158.47多点位移计.xls
FILE:2016-11-02 10:12:18,D:\AWORK\苗尾\苗尾监测数据\葛洲坝安全监测\灌溉取水交通洞\灌溉交通洞0+184.97E\0+184.97多点位移计.xls
FILE:2016-11-02 10:12:18,D:\AWORK\苗尾\苗尾监测数据\葛洲坝安全监测\灌溉取水交通洞\灌溉交通洞进口边坡\边坡多点位移计.xls
FILE:2016-11-02 10:17:40,D:\AWORK\苗尾\苗尾监测数据\昆明院监测\下游左岸雾化区\雾化区多点位移计.xls
FILE:2016-11-02 10:17:40,D:\AWORK\苗尾\苗尾监测数据\昆明院监测\厂前\厂前区多点位移计.xls
FILE:2016-11-02 10:17:40,D:\AWORK\苗尾\苗尾监测数据\昆明院监测\厂后\厂后区多点位移计 .xls
FILE:2016-11-02 10:17:40,D:\AWORK\苗尾\苗尾监测数据\昆明院监测\右坝基监测\右坝基多点位移计.xls
FILE:2016-11-02 10:17:40,D:\AWORK\苗尾\苗尾监测数据\昆明院监测\右坝头监测\右坝头多点位移计.xls
FILE:2016-11-02 10:17:40,D:\AWORK\苗尾\苗尾监测数据\昆明院监测\大坝右岸坝前边坡\坝前边坡多点位移计.xls
FILE:2016-11-02 10:17:40,D:\AWORK\苗尾\苗尾监测数据\昆明院监测\左坝基监测\左坝基多点位移计.xls
FILE:2016-11-02 10:17:40,D:\AWORK\苗尾\苗尾监测数据\昆明院监测\溢洪道\溢洪道泄槽段右侧边坡\溢洪道泄槽段右侧边坡多点位移计.xls
FILE:2016-11-02 10:17:40,D:\AWORK\苗尾\苗尾监测数据\昆明院监测\溢洪道\溢洪道泄槽段左侧边坡\溢洪道泄槽段左侧边坡多点位移计.xls
FILE:2016-11-02 10:17:40,D:\AWORK\苗尾\苗尾监测数据\昆明院监测\溢洪道\溢洪道进水渠边坡\溢洪道边坡多点位移计.xls
FILE:2016-11-02 10:17:40,D:\AWORK\苗尾\苗尾监测数据\昆明院监测\进水口\进水口多点位移计.xls
FILE:2016-11-02 10:17:40,D:\AWORK\苗尾\苗尾监测数据\葛洲坝安全监测\2#施工支洞\2#施工\1\多点位移计.xls
FILE:2016-11-02 10:17:40,D:\AWORK\苗尾\苗尾监测数据\葛洲坝安全监测\2#施工支洞\2#施工\2\2多点位移计.xls
FILE:2016-11-02 10:17:40,D:\AWORK\苗尾\苗尾监测数据\葛洲坝安全监测\2#施工支洞\2#施工\3\3多点位移计.xls
FILE:2016-11-02 10:17:40,D:\AWORK\苗尾\苗尾监测数据\葛洲坝安全监测\2#施工支洞\2#施工\4\4多点位移计.xls
FILE:2016-11-02 10:17:40,D:\AWORK\苗尾\苗尾监测数据\葛洲坝安全监测\冲沙兼放空洞\371-E断面\多点位移计.xls
FILE:2016-11-02 10:17:40,D:\AWORK\苗尾\苗尾监测数据\葛洲坝安全监测\冲沙兼放空洞\A断面\A断面多点位移计.xls
FILE:2016-11-02 10:17:40,D:\AWORK\苗尾\苗尾监测数据\葛洲坝安全监测\冲沙兼放空洞\B断面138.5\0+138.5断面多点位移计.xls
FILE:2016-11-02 10:17:40,D:\AWORK\苗尾\苗尾监测数据\葛洲坝安全监测\冲沙兼放空洞\C断面364\0+364断面多点位移计.xls
FILE:2016-11-02 10:17:40,D:\AWORK\苗尾\苗尾监测数据\葛洲坝安全监测\引水洞\4点位移计.xls
FILE:2016-11-02 10:17:40,D:\AWORK\苗尾\苗尾监测数据\葛洲坝安全监测\引水洞\1#引水洞\1#多点位移计.xls
FILE:2016-11-02 10:17:40,D:\AWORK\苗尾\苗尾监测数据\葛洲坝安全监测\引水洞\2#引水洞\2#多点位移计.xls
FILE:2016-11-02 10:17:40,D:\AWORK\苗尾\苗尾监测数据\葛洲坝安全监测\引水洞\3#引水洞\3#多点位移计.xls
FILE:2016-11-02 10:17:40,D:\AWORK\苗尾\苗尾监测数据\葛洲坝安全监测\引水洞\4#引水洞\4#多点位移计.xls
FILE:2016-11-02 10:17:40,D:\AWORK\苗尾\苗尾监测数据\葛洲坝安全监测\引水洞\进水口边坡\多点位移计.xls
FILE:2016-11-02 10:17:40,D:\AWORK\苗尾\苗尾监测数据\葛洲坝安全监测\排水廊道，灌浆廊道\四点式杆式位移计.xls
FILE:2016-11-02 10:17:40,D:\AWORK\苗尾\苗尾监测数据\葛洲坝安全监测\灌溉取水交通洞\灌溉交通洞0+015\0+15多点位移计.xls
FILE:2016-11-02 10:17:40,D:\AWORK\苗尾\苗尾监测数据\葛洲坝安全监测\灌溉取水交通洞\灌溉交通洞0+045\0+45多点位移计.xls
FILE:2016-11-02 10:17:40,D:\AWORK\苗尾\苗尾监测数据\葛洲坝安全监测\灌溉取水交通洞\灌溉交通洞0+105.47B\0+105.47多点位移计.xls
FILE:2016-11-02 10:17:40,D:\AWORK\苗尾\苗尾监测数据\葛洲坝安全监测\灌溉取水交通洞\灌溉交通洞0+131.97C\0+131.97多点位移计.xls
FILE:2016-11-02 10:17:40,D:\AWORK\苗尾\苗尾监测数据\葛洲坝安全监测\灌溉取水交通洞\灌溉交通洞0+158.47D\0+158.47多点位移计.xls
FILE:2016-11-02 10:17:40,D:\AWORK\苗尾\苗尾监测数据\葛洲坝安全监测\灌溉取水交通洞\灌溉交通洞0+184.97E\0+184.97多点位移计.xls
FILE:2016-11-02 10:17:40,D:\AWORK\苗尾\苗尾监测数据\葛洲坝安全监测\灌溉取水交通洞\灌溉交通洞进口边坡\边坡多点位移计.xls
FILE:2016-11-02 10:19:44,D:\AWORK\苗尾\苗尾监测数据\昆明院监测\大坝\大坝垫层\两向应变计.xls
FILE:2016-11-02 10:19:44,D:\AWORK\苗尾\苗尾监测数据\昆明院监测\大坝\大坝垫层\五向应变计.xls
FILE:2016-11-02 10:19:44,D:\AWORK\苗尾\苗尾监测数据\昆明院监测\导流隧洞观测数据第265期\导流洞\导流洞两向应变计组.xls
FILE:2016-11-02 10:22:49,D:\AWORK\苗尾\苗尾监测数据\昆明院监测\大坝\大坝心墙\位移计.xls
DATA:ML-2,41,观测日期有误
DATA:M1-4,35,观测日期有误
DATA:M2-3,101,观测日期有误
DATA:M2-3,33,观测日期有误
DATA:M2-3,19,观测日期有误
DATA:M2-8,36,观测日期有误
DATA:M3-1,54,观测日期有误
DATA:M3-9,36,观测日期有误
FILE:2016-11-02 10:22:49,D:\AWORK\苗尾\苗尾监测数据\昆明院监测\大坝\大坝心墙\界面位移计.xls
DATA:MJ2-11,16,观测日期有误
DATA:MJ2-12,69,观测日期有误
DATA:MJ3-2,41,观测日期有误
FILE:2016-11-02 10:23:12,D:\AWORK\苗尾\苗尾监测数据\昆明院监测\下游左岸雾化区\雾化区多点位移计.xls
FILE:2016-11-02 10:23:12,D:\AWORK\苗尾\苗尾监测数据\昆明院监测\厂前\厂前区多点位移计.xls
FILE:2016-11-02 10:23:12,D:\AWORK\苗尾\苗尾监测数据\昆明院监测\厂后\厂后区多点位移计 .xls
FILE:2016-11-02 10:23:12,D:\AWORK\苗尾\苗尾监测数据\昆明院监测\右坝基监测\右坝基多点位移计.xls
FILE:2016-11-02 10:23:12,D:\AWORK\苗尾\苗尾监测数据\昆明院监测\右坝头监测\右坝头多点位移计.xls
FILE:2016-11-02 10:23:12,D:\AWORK\苗尾\苗尾监测数据\昆明院监测\大坝右岸坝前边坡\坝前边坡多点位移计.xls
FILE:2016-11-02 10:23:12,D:\AWORK\苗尾\苗尾监测数据\昆明院监测\导流隧洞观测数据第265期\出口边坡\出口多点变位计.xls
FILE:2016-11-02 10:23:12,D:\AWORK\苗尾\苗尾监测数据\昆明院监测\导流隧洞观测数据第265期\导流洞\导流洞多点变位计.xls
FILE:2016-11-02 10:23:12,D:\AWORK\苗尾\苗尾监测数据\昆明院监测\导流隧洞观测数据第265期\进口边坡\进口多点变位计.xls
FILE:2016-11-02 10:23:12,D:\AWORK\苗尾\苗尾监测数据\昆明院监测\左坝基监测\左坝基多点位移计.xls
FILE:2016-11-02 10:23:12,D:\AWORK\苗尾\苗尾监测数据\昆明院监测\料场-观测数据\多点变位计.xls
FILE:2016-11-02 10:23:12,D:\AWORK\苗尾\苗尾监测数据\昆明院监测\溢洪道\溢洪道泄槽段右侧边坡\溢洪道泄槽段右侧边坡多点位移计.xls
FILE:2016-11-02 10:23:12,D:\AWORK\苗尾\苗尾监测数据\昆明院监测\溢洪道\溢洪道泄槽段左侧边坡\溢洪道泄槽段左侧边坡多点位移计.xls
FILE:2016-11-02 10:23:12,D:\AWORK\苗尾\苗尾监测数据\昆明院监测\溢洪道\溢洪道进水渠边坡\溢洪道边坡多点位移计.xls
FILE:2016-11-02 10:23:12,D:\AWORK\苗尾\苗尾监测数据\昆明院监测\进水口\进水口多点位移计.xls
FILE:2016-11-02 10:23:12,D:\AWORK\苗尾\苗尾监测数据\葛洲坝安全监测\2#施工支洞\2#施工\1\多点位移计.xls
FILE:2016-11-02 10:23:12,D:\AWORK\苗尾\苗尾监测数据\葛洲坝安全监测\2#施工支洞\2#施工\2\2多点位移计.xls
FILE:2016-11-02 10:23:12,D:\AWORK\苗尾\苗尾监测数据\葛洲坝安全监测\2#施工支洞\2#施工\3\3多点位移计.xls
FILE:2016-11-02 10:23:12,D:\AWORK\苗尾\苗尾监测数据\葛洲坝安全监测\2#施工支洞\2#施工\4\4多点位移计.xls
FILE:2016-11-02 10:23:12,D:\AWORK\苗尾\苗尾监测数据\葛洲坝安全监测\冲沙兼放空洞\371-E断面\多点位移计.xls
FILE:2016-11-02 10:23:12,D:\AWORK\苗尾\苗尾监测数据\葛洲坝安全监测\冲沙兼放空洞\A断面\A断面多点位移计.xls
FILE:2016-11-02 10:23:12,D:\AWORK\苗尾\苗尾监测数据\葛洲坝安全监测\冲沙兼放空洞\B断面138.5\0+138.5断面多点位移计.xls
FILE:2016-11-02 10:23:12,D:\AWORK\苗尾\苗尾监测数据\葛洲坝安全监测\冲沙兼放空洞\C断面364\0+364断面多点位移计.xls
FILE:2016-11-02 10:23:12,D:\AWORK\苗尾\苗尾监测数据\葛洲坝安全监测\引水洞\4点位移计.xls
FILE:2016-11-02 10:23:12,D:\AWORK\苗尾\苗尾监测数据\葛洲坝安全监测\引水洞\1#引水洞\1#多点位移计.xls
FILE:2016-11-02 10:23:12,D:\AWORK\苗尾\苗尾监测数据\葛洲坝安全监测\引水洞\2#引水洞\2#多点位移计.xls
FILE:2016-11-02 10:23:12,D:\AWORK\苗尾\苗尾监测数据\葛洲坝安全监测\引水洞\3#引水洞\3#多点位移计.xls
FILE:2016-11-02 10:23:12,D:\AWORK\苗尾\苗尾监测数据\葛洲坝安全监测\引水洞\4#引水洞\4#多点位移计.xls
FILE:2016-11-02 10:23:12,D:\AWORK\苗尾\苗尾监测数据\葛洲坝安全监测\引水洞\进水口边坡\多点位移计.xls
FILE:2016-11-02 10:23:12,D:\AWORK\苗尾\苗尾监测数据\葛洲坝安全监测\排水廊道，灌浆廊道\四点式杆式位移计.xls
FILE:2016-11-02 10:23:12,D:\AWORK\苗尾\苗尾监测数据\葛洲坝安全监测\灌溉取水交通洞\灌溉交通洞0+015\0+15多点位移计.xls
FILE:2016-11-02 10:23:12,D:\AWORK\苗尾\苗尾监测数据\葛洲坝安全监测\灌溉取水交通洞\灌溉交通洞0+045\0+45多点位移计.xls
FILE:2016-11-02 10:23:12,D:\AWORK\苗尾\苗尾监测数据\葛洲坝安全监测\灌溉取水交通洞\灌溉交通洞0+105.47B\0+105.47多点位移计.xls
FILE:2016-11-02 10:23:12,D:\AWORK\苗尾\苗尾监测数据\葛洲坝安全监测\灌溉取水交通洞\灌溉交通洞0+131.97C\0+131.97多点位移计.xls
FILE:2016-11-02 10:23:12,D:\AWORK\苗尾\苗尾监测数据\葛洲坝安全监测\灌溉取水交通洞\灌溉交通洞0+158.47D\0+158.47多点位移计.xls
FILE:2016-11-02 10:23:12,D:\AWORK\苗尾\苗尾监测数据\葛洲坝安全监测\灌溉取水交通洞\灌溉交通洞0+184.97E\0+184.97多点位移计.xls
FILE:2016-11-02 10:23:12,D:\AWORK\苗尾\苗尾监测数据\葛洲坝安全监测\灌溉取水交通洞\灌溉交通洞进口边坡\边坡多点位移计.xls
FILE:2016-11-02 10:27:43,D:\AWORK\苗尾\苗尾监测数据\昆明院监测\导流隧洞观测数据第265期\出口边坡\出口锚杆应力计.xls
FILE:2016-11-02 10:27:43,D:\AWORK\苗尾\苗尾监测数据\昆明院监测\导流隧洞观测数据第265期\导流洞\导流洞锚杆应力计.xls
FILE:2016-11-02 10:27:43,D:\AWORK\苗尾\苗尾监测数据\昆明院监测\导流隧洞观测数据第265期\进口边坡\进口锚杆应力计.xls
FILE:2016-11-02 10:27:43,D:\AWORK\苗尾\苗尾监测数据\昆明院监测\料场-观测数据\锚杆应力计.xls
FILE:2016-11-02 10:27:43,D:\AWORK\苗尾\苗尾监测数据\昆明院监测\进水口\挖出仪器\进水口锚杆应力计（被挖）.xls
DATA:KJb2-1-1,84,观测日期有误
DATA:KJb2-1-1,83,观测日期有误
DATA:KJb2-1-1,82,观测日期有误
DATA:KJb2-1-1,81,观测日期有误
DATA:KJb2-1-1,80,观测日期有误
DATA:KJb2-1-1,79,观测日期有误
DATA:KJb2-1-1,78,观测日期有误
DATA:KJb2-1-1,77,观测日期有误
DATA:KJb2-1-1,76,观测日期有误
DATA:KJb2-1-1,75,观测日期有误
DATA:KJb2-1-1,74,观测日期有误
DATA:KJb2-1-1,73,观测日期有误
DATA:KJb2-1-1,72,观测日期有误
DATA:KJb2-1-1,71,观测日期有误
DATA:KJb2-1-1,70,观测日期有误
DATA:KJb2-1-1,69,观测日期有误
DATA:KJb2-1-1,68,观测日期有误
DATA:KJb2-1-1,67,观测日期有误
DATA:KJb2-1-1,66,观测日期有误
DATA:KJb2-1-1,65,观测日期有误
DATA:KJb2-1-1,64,观测日期有误
DATA:KJb2-1-1,63,观测日期有误
DATA:KJb2-1-1,62,观测日期有误
DATA:KJb2-1-1,61,观测日期有误
DATA:KJb2-1-1,60,观测日期有误
DATA:KJb2-1-1,59,观测日期有误
DATA:KJb2-1-1,58,观测日期有误
DATA:KJb2-1-1,57,观测日期有误
DATA:KJb2-1-1,56,观测日期有误
DATA:KJb2-1-1,55,观测日期有误
DATA:KJb2-1-1,54,观测日期有误
DATA:KJb2-1-1,53,观测日期有误
DATA:KJb2-1-1,52,观测日期有误
DATA:KJb2-1-1,51,观测日期有误
DATA:KJb2-1-1,50,观测日期有误
DATA:KJb2-1-1,49,观测日期有误
DATA:KJb2-1-1,48,观测日期有误
DATA:KJb2-1-1,47,观测日期有误
DATA:KJb2-1-1,46,观测日期有误
DATA:KJb2-1-1,45,观测日期有误
DATA:KJb2-1-1,44,观测日期有误
DATA:KJb2-1-1,43,观测日期有误
DATA:KJb2-1-1,42,观测日期有误
DATA:KJb2-1-1,41,观测日期有误
DATA:KJb2-1-1,40,观测日期有误
DATA:KJb2-1-1,39,观测日期有误
DATA:KJb2-1-1,38,观测日期有误
DATA:KJb2-1-1,37,观测日期有误
DATA:KJb2-1-1,36,观测日期有误
DATA:KJb2-1-1,35,观测日期有误
DATA:KJb2-1-1,34,观测日期有误
DATA:KJb2-1-1,33,观测日期有误
DATA:KJb2-1-1,32,观测日期有误
DATA:KJb2-1-1,31,观测日期有误
DATA:KJb2-1-1,30,观测日期有误
DATA:KJb2-1-1,29,观测日期有误
DATA:KJb2-1-1,28,观测日期有误
DATA:KJb2-1-1,27,观测日期有误
DATA:KJb2-1-1,26,观测日期有误
DATA:KJb2-1-1,25,观测日期有误
DATA:KJb2-1-1,24,观测日期有误
DATA:KJb2-1-1,23,观测日期有误
DATA:KJb2-1-1,22,观测日期有误
DATA:KJb2-1-1,21,观测日期有误
DATA:KJb2-1-1,20,观测日期有误
DATA:KJb2-1-1,19,观测日期有误
DATA:KJb2-1-1,18,观测日期有误
DATA:KJb2-1-1,17,观测日期有误
DATA:KJb2-1-1,16,观测日期有误
DATA:KJb2-1-1,15,观测日期有误
DATA:KJb2-1-1,14,观测日期有误
DATA:KJb2-1-1,13,观测日期有误
DATA:KJb2-1-1,12,观测日期有误
DATA:KJb2-1-1,11,观测日期有误
DATA:KJb2-1-1,10,观测日期有误
DATA:KJb2-1-1,9,观测日期有误
DATA:KJb2-1-1,8,观测日期有误
DATA:KJb2-1-2 ,84,观测日期有误
DATA:KJb2-1-2 ,83,观测日期有误
DATA:KJb2-1-2 ,82,观测日期有误
DATA:KJb2-1-2 ,81,观测日期有误
DATA:KJb2-1-2 ,80,观测日期有误
DATA:KJb2-1-2 ,79,观测日期有误
DATA:KJb2-1-2 ,78,观测日期有误
DATA:KJb2-1-2 ,77,观测日期有误
DATA:KJb2-1-2 ,76,观测日期有误
DATA:KJb2-1-2 ,75,观测日期有误
DATA:KJb2-1-2 ,74,观测日期有误
DATA:KJb2-1-2 ,73,观测日期有误
DATA:KJb2-1-2 ,72,观测日期有误
DATA:KJb2-1-2 ,71,观测日期有误
DATA:KJb2-1-2 ,70,观测日期有误
DATA:KJb2-1-2 ,69,观测日期有误
DATA:KJb2-1-2 ,68,观测日期有误
DATA:KJb2-1-2 ,67,观测日期有误
DATA:KJb2-1-2 ,66,观测日期有误
DATA:KJb2-1-2 ,65,观测日期有误
DATA:KJb2-1-2 ,64,观测日期有误
DATA:KJb2-1-2 ,63,观测日期有误
DATA:KJb2-1-2 ,62,观测日期有误
DATA:KJb2-1-2 ,61,观测日期有误
DATA:KJb2-1-2 ,60,观测日期有误
DATA:KJb2-1-2 ,59,观测日期有误
DATA:KJb2-1-2 ,58,观测日期有误
DATA:KJb2-1-2 ,57,观测日期有误
DATA:KJb2-1-2 ,56,观测日期有误
DATA:KJb2-1-2 ,55,观测日期有误
DATA:KJb2-1-2 ,54,观测日期有误
DATA:KJb2-1-2 ,53,观测日期有误
DATA:KJb2-1-2 ,52,观测日期有误
DATA:KJb2-1-2 ,51,观测日期有误
DATA:KJb2-1-2 ,50,观测日期有误
DATA:KJb2-1-2 ,49,观测日期有误
DATA:KJb2-1-2 ,48,观测日期有误
DATA:KJb2-1-2 ,47,观测日期有误
DATA:KJb2-1-2 ,46,观测日期有误
DATA:KJb2-1-2 ,45,观测日期有误
DATA:KJb2-1-2 ,44,观测日期有误
DATA:KJb2-1-2 ,43,观测日期有误
DATA:KJb2-1-2 ,42,观测日期有误
DATA:KJb2-1-2 ,41,观测日期有误
DATA:KJb2-1-2 ,40,观测日期有误
DATA:KJb2-1-2 ,39,观测日期有误
DATA:KJb2-1-2 ,38,观测日期有误
DATA:KJb2-1-2 ,37,观测日期有误
DATA:KJb2-1-2 ,36,观测日期有误
DATA:KJb2-1-2 ,35,观测日期有误
DATA:KJb2-1-2 ,34,观测日期有误
DATA:KJb2-1-2 ,33,观测日期有误
DATA:KJb2-1-2 ,32,观测日期有误
DATA:KJb2-1-2 ,31,观测日期有误
DATA:KJb2-1-2 ,30,观测日期有误
DATA:KJb2-1-2 ,29,观测日期有误
DATA:KJb2-1-2 ,28,观测日期有误
DATA:KJb2-1-2 ,27,观测日期有误
DATA:KJb2-1-2 ,26,观测日期有误
DATA:KJb2-1-2 ,25,观测日期有误
DATA:KJb2-1-2 ,24,观测日期有误
DATA:KJb2-1-2 ,23,观测日期有误
DATA:KJb2-1-2 ,22,观测日期有误
DATA:KJb2-1-2 ,21,观测日期有误
DATA:KJb2-1-2 ,20,观测日期有误
DATA:KJb2-1-2 ,19,观测日期有误
DATA:KJb2-1-2 ,18,观测日期有误
DATA:KJb2-1-2 ,17,观测日期有误
DATA:KJb2-1-2 ,16,观测日期有误
DATA:KJb2-1-2 ,15,观测日期有误
DATA:KJb2-1-2 ,14,观测日期有误
DATA:KJb2-1-2 ,13,观测日期有误
DATA:KJb2-1-2 ,12,观测日期有误
DATA:KJb2-1-2 ,11,观测日期有误
DATA:KJb2-1-2 ,10,观测日期有误
DATA:KJb2-1-2 ,9,观测日期有误
DATA:KJb2-1-2 ,8,观测日期有误
DATA:KJb2-1-3 ,84,观测日期有误
DATA:KJb2-1-3 ,83,观测日期有误
DATA:KJb2-1-3 ,82,观测日期有误
DATA:KJb2-1-3 ,81,观测日期有误
DATA:KJb2-1-3 ,80,观测日期有误
DATA:KJb2-1-3 ,79,观测日期有误
DATA:KJb2-1-3 ,78,观测日期有误
DATA:KJb2-1-3 ,77,观测日期有误
DATA:KJb2-1-3 ,76,观测日期有误
DATA:KJb2-1-3 ,75,观测日期有误
DATA:KJb2-1-3 ,74,观测日期有误
DATA:KJb2-1-3 ,73,观测日期有误
DATA:KJb2-1-3 ,72,观测日期有误
DATA:KJb2-1-3 ,71,观测日期有误
DATA:KJb2-1-3 ,70,观测日期有误
DATA:KJb2-1-3 ,69,观测日期有误
DATA:KJb2-1-3 ,68,观测日期有误
DATA:KJb2-1-3 ,67,观测日期有误
DATA:KJb2-1-3 ,66,观测日期有误
DATA:KJb2-1-3 ,65,观测日期有误
DATA:KJb2-1-3 ,64,观测日期有误
DATA:KJb2-1-3 ,63,观测日期有误
DATA:KJb2-1-3 ,62,观测日期有误
DATA:KJb2-1-3 ,61,观测日期有误
DATA:KJb2-1-3 ,60,观测日期有误
DATA:KJb2-1-3 ,59,观测日期有误
DATA:KJb2-1-3 ,58,观测日期有误
DATA:KJb2-1-3 ,57,观测日期有误
DATA:KJb2-1-3 ,56,观测日期有误
DATA:KJb2-1-3 ,55,观测日期有误
DATA:KJb2-1-3 ,54,观测日期有误
DATA:KJb2-1-3 ,53,观测日期有误
DATA:KJb2-1-3 ,52,观测日期有误
DATA:KJb2-1-3 ,51,观测日期有误
DATA:KJb2-1-3 ,50,观测日期有误
DATA:KJb2-1-3 ,49,观测日期有误
DATA:KJb2-1-3 ,48,观测日期有误
DATA:KJb2-1-3 ,47,观测日期有误
DATA:KJb2-1-3 ,46,观测日期有误
DATA:KJb2-1-3 ,45,观测日期有误
DATA:KJb2-1-3 ,44,观测日期有误
DATA:KJb2-1-3 ,43,观测日期有误
DATA:KJb2-1-3 ,42,观测日期有误
DATA:KJb2-1-3 ,41,观测日期有误
DATA:KJb2-1-3 ,40,观测日期有误
DATA:KJb2-1-3 ,39,观测日期有误
DATA:KJb2-1-3 ,38,观测日期有误
DATA:KJb2-1-3 ,37,观测日期有误
DATA:KJb2-1-3 ,36,观测日期有误
DATA:KJb2-1-3 ,35,观测日期有误
DATA:KJb2-1-3 ,34,观测日期有误
DATA:KJb2-1-3 ,33,观测日期有误
DATA:KJb2-1-3 ,32,观测日期有误
DATA:KJb2-1-3 ,31,观测日期有误
DATA:KJb2-1-3 ,30,观测日期有误
DATA:KJb2-1-3 ,29,观测日期有误
DATA:KJb2-1-3 ,28,观测日期有误
DATA:KJb2-1-3 ,27,观测日期有误
DATA:KJb2-1-3 ,26,观测日期有误
DATA:KJb2-1-3 ,25,观测日期有误
DATA:KJb2-1-3 ,24,观测日期有误
DATA:KJb2-1-3 ,23,观测日期有误
DATA:KJb2-1-3 ,22,观测日期有误
DATA:KJb2-1-3 ,21,观测日期有误
DATA:KJb2-1-3 ,20,观测日期有误
DATA:KJb2-1-3 ,19,观测日期有误
DATA:KJb2-1-3 ,18,观测日期有误
DATA:KJb2-1-3 ,17,观测日期有误
DATA:KJb2-1-3 ,16,观测日期有误
DATA:KJb2-1-3 ,15,观测日期有误
DATA:KJb2-1-3 ,14,观测日期有误
DATA:KJb2-1-3 ,13,观测日期有误
DATA:KJb2-1-3 ,12,观测日期有误
DATA:KJb2-1-3 ,11,观测日期有误
DATA:KJb2-1-3 ,10,观测日期有误
DATA:KJb2-1-3 ,9,观测日期有误
DATA:KJb2-1-3 ,8,观测日期有误
FILE:2016-11-02 10:27:43,D:\AWORK\苗尾\苗尾监测数据\葛洲坝安全监测\2#施工支洞\2#施工\1\锚杆应力计.xls
FILE:2016-11-02 10:27:43,D:\AWORK\苗尾\苗尾监测数据\葛洲坝安全监测\2#施工支洞\2#施工\2\2锚杆应力计.xls
FILE:2016-11-02 10:27:43,D:\AWORK\苗尾\苗尾监测数据\葛洲坝安全监测\2#施工支洞\2#施工\3\3锚杆应力计.xls
FILE:2016-11-02 10:27:43,D:\AWORK\苗尾\苗尾监测数据\葛洲坝安全监测\2#施工支洞\2#施工\4\4锚杆应力计.xls
FILE:2016-11-02 10:27:43,D:\AWORK\苗尾\苗尾监测数据\葛洲坝安全监测\冲沙兼放空洞\371-E断面\锚杆应力计.xls
FILE:2016-11-02 10:27:43,D:\AWORK\苗尾\苗尾监测数据\葛洲坝安全监测\冲沙兼放空洞\A断面\A断面锚杆应力计.xls
FILE:2016-11-02 10:27:43,D:\AWORK\苗尾\苗尾监测数据\葛洲坝安全监测\冲沙兼放空洞\B断面138.5\0+138.5断面锚杆应力计.xls
FILE:2016-11-02 10:27:43,D:\AWORK\苗尾\苗尾监测数据\葛洲坝安全监测\冲沙兼放空洞\C断面364\0+364断面锚杆应力计.xls
FILE:2016-11-02 10:27:43,D:\AWORK\苗尾\苗尾监测数据\葛洲坝安全监测\引水洞\1#引水洞\1#锚杆应力计.xls
FILE:2016-11-02 10:27:43,D:\AWORK\苗尾\苗尾监测数据\葛洲坝安全监测\引水洞\2#引水洞\2#锚杆应力计.xls
FILE:2016-11-02 10:27:43,D:\AWORK\苗尾\苗尾监测数据\葛洲坝安全监测\引水洞\3#引水洞\3#引水洞锚杆应力计.xls
FILE:2016-11-02 10:27:43,D:\AWORK\苗尾\苗尾监测数据\葛洲坝安全监测\引水洞\4#引水洞\4#引水洞锚杆应力计.xls
FILE:2016-11-02 10:27:43,D:\AWORK\苗尾\苗尾监测数据\葛洲坝安全监测\灌溉取水交通洞\灌溉交通洞0+015\0+15两点式锚杆应力计.xls
FILE:2016-11-02 10:27:43,D:\AWORK\苗尾\苗尾监测数据\葛洲坝安全监测\灌溉取水交通洞\灌溉交通洞0+045\0+45两点式锚杆应力计.xls
FILE:2016-11-02 10:27:43,D:\AWORK\苗尾\苗尾监测数据\葛洲坝安全监测\灌溉取水交通洞\灌溉交通洞0+105.47B\0+105.47锚杆应力计.xls
FILE:2016-11-02 10:27:43,D:\AWORK\苗尾\苗尾监测数据\葛洲坝安全监测\灌溉取水交通洞\灌溉交通洞0+131.97C\0+131.97锚杆应力计.xls
FILE:2016-11-02 10:27:43,D:\AWORK\苗尾\苗尾监测数据\葛洲坝安全监测\灌溉取水交通洞\灌溉交通洞0+158.47D\0+158.47锚杆应力计.xls
FILE:2016-11-02 10:27:43,D:\AWORK\苗尾\苗尾监测数据\葛洲坝安全监测\灌溉取水交通洞\灌溉交通洞0+184.97E\0+184.97锚杆应力计.xls
FILE:2016-11-02 10:37:02,D:\AWORK\苗尾\苗尾监测数据\昆明院监测\导流隧洞观测数据第265期\出口边坡\出口锚杆应力计.xls
FILE:2016-11-02 10:37:02,D:\AWORK\苗尾\苗尾监测数据\昆明院监测\导流隧洞观测数据第265期\导流洞\导流洞锚杆应力计.xls
FILE:2016-11-02 10:37:02,D:\AWORK\苗尾\苗尾监测数据\昆明院监测\导流隧洞观测数据第265期\进口边坡\进口锚杆应力计.xls
FILE:2016-11-02 10:37:02,D:\AWORK\苗尾\苗尾监测数据\昆明院监测\料场-观测数据\锚杆应力计.xls
FILE:2016-11-02 10:37:02,D:\AWORK\苗尾\苗尾监测数据\昆明院监测\进水口\挖出仪器\进水口锚杆应力计（被挖）.xls
DATA:KJb2-1-1,84,观测日期有误
DATA:KJb2-1-1,83,观测日期有误
DATA:KJb2-1-1,82,观测日期有误
DATA:KJb2-1-1,81,观测日期有误
DATA:KJb2-1-1,80,观测日期有误
DATA:KJb2-1-1,79,观测日期有误
DATA:KJb2-1-1,78,观测日期有误
DATA:KJb2-1-1,77,观测日期有误
DATA:KJb2-1-1,76,观测日期有误
DATA:KJb2-1-1,75,观测日期有误
DATA:KJb2-1-1,74,观测日期有误
DATA:KJb2-1-1,73,观测日期有误
DATA:KJb2-1-1,72,观测日期有误
DATA:KJb2-1-1,71,观测日期有误
DATA:KJb2-1-1,70,观测日期有误
DATA:KJb2-1-1,69,观测日期有误
DATA:KJb2-1-1,68,观测日期有误
DATA:KJb2-1-1,67,观测日期有误
DATA:KJb2-1-1,66,观测日期有误
DATA:KJb2-1-1,65,观测日期有误
DATA:KJb2-1-1,64,观测日期有误
DATA:KJb2-1-1,63,观测日期有误
DATA:KJb2-1-1,62,观测日期有误
DATA:KJb2-1-1,61,观测日期有误
DATA:KJb2-1-1,60,观测日期有误
DATA:KJb2-1-1,59,观测日期有误
DATA:KJb2-1-1,58,观测日期有误
DATA:KJb2-1-1,57,观测日期有误
DATA:KJb2-1-1,56,观测日期有误
DATA:KJb2-1-1,55,观测日期有误
DATA:KJb2-1-1,54,观测日期有误
DATA:KJb2-1-1,53,观测日期有误
DATA:KJb2-1-1,52,观测日期有误
DATA:KJb2-1-1,51,观测日期有误
DATA:KJb2-1-1,50,观测日期有误
DATA:KJb2-1-1,49,观测日期有误
DATA:KJb2-1-1,48,观测日期有误
DATA:KJb2-1-1,47,观测日期有误
DATA:KJb2-1-1,46,观测日期有误
DATA:KJb2-1-1,45,观测日期有误
DATA:KJb2-1-1,44,观测日期有误
DATA:KJb2-1-1,43,观测日期有误
DATA:KJb2-1-1,42,观测日期有误
DATA:KJb2-1-1,41,观测日期有误
DATA:KJb2-1-1,40,观测日期有误
DATA:KJb2-1-1,39,观测日期有误
DATA:KJb2-1-1,38,观测日期有误
DATA:KJb2-1-1,37,观测日期有误
DATA:KJb2-1-1,36,观测日期有误
DATA:KJb2-1-1,35,观测日期有误
DATA:KJb2-1-1,34,观测日期有误
DATA:KJb2-1-1,33,观测日期有误
DATA:KJb2-1-1,32,观测日期有误
DATA:KJb2-1-1,31,观测日期有误
DATA:KJb2-1-1,30,观测日期有误
DATA:KJb2-1-1,29,观测日期有误
DATA:KJb2-1-1,28,观测日期有误
DATA:KJb2-1-1,27,观测日期有误
DATA:KJb2-1-1,26,观测日期有误
DATA:KJb2-1-1,25,观测日期有误
DATA:KJb2-1-1,24,观测日期有误
DATA:KJb2-1-1,23,观测日期有误
DATA:KJb2-1-1,22,观测日期有误
DATA:KJb2-1-1,21,观测日期有误
DATA:KJb2-1-1,20,观测日期有误
DATA:KJb2-1-1,19,观测日期有误
DATA:KJb2-1-1,18,观测日期有误
DATA:KJb2-1-1,17,观测日期有误
DATA:KJb2-1-1,16,观测日期有误
DATA:KJb2-1-1,15,观测日期有误
DATA:KJb2-1-1,14,观测日期有误
DATA:KJb2-1-1,13,观测日期有误
DATA:KJb2-1-1,12,观测日期有误
DATA:KJb2-1-1,11,观测日期有误
DATA:KJb2-1-1,10,观测日期有误
DATA:KJb2-1-1,9,观测日期有误
DATA:KJb2-1-1,8,观测日期有误
DATA:KJb2-1-2 ,84,观测日期有误
DATA:KJb2-1-2 ,83,观测日期有误
DATA:KJb2-1-2 ,82,观测日期有误
DATA:KJb2-1-2 ,81,观测日期有误
DATA:KJb2-1-2 ,80,观测日期有误
DATA:KJb2-1-2 ,79,观测日期有误
DATA:KJb2-1-2 ,78,观测日期有误
DATA:KJb2-1-2 ,77,观测日期有误
DATA:KJb2-1-2 ,76,观测日期有误
DATA:KJb2-1-2 ,75,观测日期有误
DATA:KJb2-1-2 ,74,观测日期有误
DATA:KJb2-1-2 ,73,观测日期有误
DATA:KJb2-1-2 ,72,观测日期有误
DATA:KJb2-1-2 ,71,观测日期有误
DATA:KJb2-1-2 ,70,观测日期有误
DATA:KJb2-1-2 ,69,观测日期有误
DATA:KJb2-1-2 ,68,观测日期有误
DATA:KJb2-1-2 ,67,观测日期有误
DATA:KJb2-1-2 ,66,观测日期有误
DATA:KJb2-1-2 ,65,观测日期有误
DATA:KJb2-1-2 ,64,观测日期有误
DATA:KJb2-1-2 ,63,观测日期有误
DATA:KJb2-1-2 ,62,观测日期有误
DATA:KJb2-1-2 ,61,观测日期有误
DATA:KJb2-1-2 ,60,观测日期有误
DATA:KJb2-1-2 ,59,观测日期有误
DATA:KJb2-1-2 ,58,观测日期有误
DATA:KJb2-1-2 ,57,观测日期有误
DATA:KJb2-1-2 ,56,观测日期有误
DATA:KJb2-1-2 ,55,观测日期有误
DATA:KJb2-1-2 ,54,观测日期有误
DATA:KJb2-1-2 ,53,观测日期有误
DATA:KJb2-1-2 ,52,观测日期有误
DATA:KJb2-1-2 ,51,观测日期有误
DATA:KJb2-1-2 ,50,观测日期有误
DATA:KJb2-1-2 ,49,观测日期有误
DATA:KJb2-1-2 ,48,观测日期有误
DATA:KJb2-1-2 ,47,观测日期有误
DATA:KJb2-1-2 ,46,观测日期有误
DATA:KJb2-1-2 ,45,观测日期有误
DATA:KJb2-1-2 ,44,观测日期有误
DATA:KJb2-1-2 ,43,观测日期有误
DATA:KJb2-1-2 ,42,观测日期有误
DATA:KJb2-1-2 ,41,观测日期有误
DATA:KJb2-1-2 ,40,观测日期有误
DATA:KJb2-1-2 ,39,观测日期有误
DATA:KJb2-1-2 ,38,观测日期有误
DATA:KJb2-1-2 ,37,观测日期有误
DATA:KJb2-1-2 ,36,观测日期有误
DATA:KJb2-1-2 ,35,观测日期有误
DATA:KJb2-1-2 ,34,观测日期有误
DATA:KJb2-1-2 ,33,观测日期有误
DATA:KJb2-1-2 ,32,观测日期有误
DATA:KJb2-1-2 ,31,观测日期有误
DATA:KJb2-1-2 ,30,观测日期有误
DATA:KJb2-1-2 ,29,观测日期有误
DATA:KJb2-1-2 ,28,观测日期有误
DATA:KJb2-1-2 ,27,观测日期有误
DATA:KJb2-1-2 ,26,观测日期有误
DATA:KJb2-1-2 ,25,观测日期有误
DATA:KJb2-1-2 ,24,观测日期有误
DATA:KJb2-1-2 ,23,观测日期有误
DATA:KJb2-1-2 ,22,观测日期有误
DATA:KJb2-1-2 ,21,观测日期有误
DATA:KJb2-1-2 ,20,观测日期有误
DATA:KJb2-1-2 ,19,观测日期有误
DATA:KJb2-1-2 ,18,观测日期有误
DATA:KJb2-1-2 ,17,观测日期有误
DATA:KJb2-1-2 ,16,观测日期有误
DATA:KJb2-1-2 ,15,观测日期有误
DATA:KJb2-1-2 ,14,观测日期有误
DATA:KJb2-1-2 ,13,观测日期有误
DATA:KJb2-1-2 ,12,观测日期有误
DATA:KJb2-1-2 ,11,观测日期有误
DATA:KJb2-1-2 ,10,观测日期有误
DATA:KJb2-1-2 ,9,观测日期有误
DATA:KJb2-1-2 ,8,观测日期有误
DATA:KJb2-1-3 ,84,观测日期有误
DATA:KJb2-1-3 ,83,观测日期有误
DATA:KJb2-1-3 ,82,观测日期有误
DATA:KJb2-1-3 ,81,观测日期有误
DATA:KJb2-1-3 ,80,观测日期有误
DATA:KJb2-1-3 ,79,观测日期有误
DATA:KJb2-1-3 ,78,观测日期有误
DATA:KJb2-1-3 ,77,观测日期有误
DATA:KJb2-1-3 ,76,观测日期有误
DATA:KJb2-1-3 ,75,观测日期有误
DATA:KJb2-1-3 ,74,观测日期有误
DATA:KJb2-1-3 ,73,观测日期有误
DATA:KJb2-1-3 ,72,观测日期有误
DATA:KJb2-1-3 ,71,观测日期有误
DATA:KJb2-1-3 ,70,观测日期有误
DATA:KJb2-1-3 ,69,观测日期有误
DATA:KJb2-1-3 ,68,观测日期有误
DATA:KJb2-1-3 ,67,观测日期有误
DATA:KJb2-1-3 ,66,观测日期有误
DATA:KJb2-1-3 ,65,观测日期有误
DATA:KJb2-1-3 ,64,观测日期有误
DATA:KJb2-1-3 ,63,观测日期有误
DATA:KJb2-1-3 ,62,观测日期有误
DATA:KJb2-1-3 ,61,观测日期有误
DATA:KJb2-1-3 ,60,观测日期有误
DATA:KJb2-1-3 ,59,观测日期有误
DATA:KJb2-1-3 ,58,观测日期有误
DATA:KJb2-1-3 ,57,观测日期有误
DATA:KJb2-1-3 ,56,观测日期有误
DATA:KJb2-1-3 ,55,观测日期有误
DATA:KJb2-1-3 ,54,观测日期有误
DATA:KJb2-1-3 ,53,观测日期有误
DATA:KJb2-1-3 ,52,观测日期有误
DATA:KJb2-1-3 ,51,观测日期有误
DATA:KJb2-1-3 ,50,观测日期有误
DATA:KJb2-1-3 ,49,观测日期有误
DATA:KJb2-1-3 ,48,观测日期有误
DATA:KJb2-1-3 ,47,观测日期有误
DATA:KJb2-1-3 ,46,观测日期有误
DATA:KJb2-1-3 ,45,观测日期有误
DATA:KJb2-1-3 ,44,观测日期有误
DATA:KJb2-1-3 ,43,观测日期有误
DATA:KJb2-1-3 ,42,观测日期有误
DATA:KJb2-1-3 ,41,观测日期有误
DATA:KJb2-1-3 ,40,观测日期有误
DATA:KJb2-1-3 ,39,观测日期有误
DATA:KJb2-1-3 ,38,观测日期有误
DATA:KJb2-1-3 ,37,观测日期有误
DATA:KJb2-1-3 ,36,观测日期有误
DATA:KJb2-1-3 ,35,观测日期有误
DATA:KJb2-1-3 ,34,观测日期有误
DATA:KJb2-1-3 ,33,观测日期有误
DATA:KJb2-1-3 ,32,观测日期有误
DATA:KJb2-1-3 ,31,观测日期有误
DATA:KJb2-1-3 ,30,观测日期有误
DATA:KJb2-1-3 ,29,观测日期有误
DATA:KJb2-1-3 ,28,观测日期有误
DATA:KJb2-1-3 ,27,观测日期有误
DATA:KJb2-1-3 ,26,观测日期有误
DATA:KJb2-1-3 ,25,观测日期有误
DATA:KJb2-1-3 ,24,观测日期有误
DATA:KJb2-1-3 ,23,观测日期有误
DATA:KJb2-1-3 ,22,观测日期有误
DATA:KJb2-1-3 ,21,观测日期有误
DATA:KJb2-1-3 ,20,观测日期有误
DATA:KJb2-1-3 ,19,观测日期有误
DATA:KJb2-1-3 ,18,观测日期有误
DATA:KJb2-1-3 ,17,观测日期有误
DATA:KJb2-1-3 ,16,观测日期有误
DATA:KJb2-1-3 ,15,观测日期有误
DATA:KJb2-1-3 ,14,观测日期有误
DATA:KJb2-1-3 ,13,观测日期有误
DATA:KJb2-1-3 ,12,观测日期有误
DATA:KJb2-1-3 ,11,观测日期有误
DATA:KJb2-1-3 ,10,观测日期有误
DATA:KJb2-1-3 ,9,观测日期有误
DATA:KJb2-1-3 ,8,观测日期有误
FILE:2016-11-02 10:37:02,D:\AWORK\苗尾\苗尾监测数据\葛洲坝安全监测\2#施工支洞\2#施工\1\锚杆应力计.xls
FILE:2016-11-02 10:37:02,D:\AWORK\苗尾\苗尾监测数据\葛洲坝安全监测\2#施工支洞\2#施工\2\2锚杆应力计.xls
FILE:2016-11-02 10:37:02,D:\AWORK\苗尾\苗尾监测数据\葛洲坝安全监测\2#施工支洞\2#施工\3\3锚杆应力计.xls
FILE:2016-11-02 10:37:02,D:\AWORK\苗尾\苗尾监测数据\葛洲坝安全监测\2#施工支洞\2#施工\4\4锚杆应力计.xls
FILE:2016-11-02 10:37:02,D:\AWORK\苗尾\苗尾监测数据\葛洲坝安全监测\冲沙兼放空洞\371-E断面\锚杆应力计.xls
FILE:2016-11-02 10:37:02,D:\AWORK\苗尾\苗尾监测数据\葛洲坝安全监测\冲沙兼放空洞\A断面\A断面锚杆应力计.xls
FILE:2016-11-02 10:37:02,D:\AWORK\苗尾\苗尾监测数据\葛洲坝安全监测\冲沙兼放空洞\B断面138.5\0+138.5断面锚杆应力计.xls
FILE:2016-11-02 10:37:02,D:\AWORK\苗尾\苗尾监测数据\葛洲坝安全监测\冲沙兼放空洞\C断面364\0+364断面锚杆应力计.xls
FILE:2016-11-02 10:37:02,D:\AWORK\苗尾\苗尾监测数据\葛洲坝安全监测\引水洞\1#引水洞\1#锚杆应力计.xls
FILE:2016-11-02 10:37:02,D:\AWORK\苗尾\苗尾监测数据\葛洲坝安全监测\引水洞\2#引水洞\2#锚杆应力计.xls
FILE:2016-11-02 10:37:02,D:\AWORK\苗尾\苗尾监测数据\葛洲坝安全监测\引水洞\3#引水洞\3#引水洞锚杆应力计.xls
FILE:2016-11-02 10:37:02,D:\AWORK\苗尾\苗尾监测数据\葛洲坝安全监测\引水洞\4#引水洞\4#引水洞锚杆应力计.xls
FILE:2016-11-02 10:37:02,D:\AWORK\苗尾\苗尾监测数据\葛洲坝安全监测\灌溉取水交通洞\灌溉交通洞0+105.47B\0+105.47锚杆应力计.xls
FILE:2016-11-02 10:37:02,D:\AWORK\苗尾\苗尾监测数据\葛洲坝安全监测\灌溉取水交通洞\灌溉交通洞0+131.97C\0+131.97锚杆应力计.xls
FILE:2016-11-02 10:37:02,D:\AWORK\苗尾\苗尾监测数据\葛洲坝安全监测\灌溉取水交通洞\灌溉交通洞0+158.47D\0+158.47锚杆应力计.xls
FILE:2016-11-02 10:37:02,D:\AWORK\苗尾\苗尾监测数据\葛洲坝安全监测\灌溉取水交通洞\灌溉交通洞0+184.97E\0+184.97锚杆应力计.xls
FILE:2016-11-02 10:47:35,D:\AWORK\苗尾\苗尾监测数据\昆明院监测\下游左岸雾化区\雾化区锚索测力计.xls
FILE:2016-11-02 10:47:35,D:\AWORK\苗尾\苗尾监测数据\昆明院监测\厂后\厂后区锚索测力计.xls
FILE:2016-11-02 10:47:35,D:\AWORK\苗尾\苗尾监测数据\昆明院监测\右坝基监测\右坝基锚索测力计.xls
FILE:2016-11-02 10:47:35,D:\AWORK\苗尾\苗尾监测数据\昆明院监测\右坝头监测\右坝头锚索测力计.xls
FILE:2016-11-02 10:47:35,D:\AWORK\苗尾\苗尾监测数据\昆明院监测\大坝右岸坝前边坡\坝前边坡锚索测力计.xls
FILE:2016-11-02 10:47:35,D:\AWORK\苗尾\苗尾监测数据\昆明院监测\导流隧洞观测数据第265期\出口边坡\出口锚索测力计.xls
FILE:2016-11-02 10:47:35,D:\AWORK\苗尾\苗尾监测数据\昆明院监测\导流隧洞观测数据第265期\进口边坡\进口锚索测力计.xls
FILE:2016-11-02 10:47:35,D:\AWORK\苗尾\苗尾监测数据\昆明院监测\左坝基监测\左坝基锚索测力计 .xls
FILE:2016-11-02 10:47:35,D:\AWORK\苗尾\苗尾监测数据\昆明院监测\拦污漂\拦污漂锚索测力计.xls
FILE:2016-11-02 10:47:35,D:\AWORK\苗尾\苗尾监测数据\昆明院监测\料场-观测数据\锚索测力计.xls
FILE:2016-11-02 10:47:35,D:\AWORK\苗尾\苗尾监测数据\昆明院监测\溢洪道\溢洪道泄槽段右侧边坡\溢洪道泄槽段右侧边坡锚索测力计.xls
FILE:2016-11-02 10:47:35,D:\AWORK\苗尾\苗尾监测数据\昆明院监测\溢洪道\溢洪道泄槽段左侧边坡\溢洪道泄槽段左侧边坡锚索测力计.xls
FILE:2016-11-02 10:47:35,D:\AWORK\苗尾\苗尾监测数据\昆明院监测\溢洪道\溢洪道进水渠边坡\溢洪道边坡锚索测力计.xls
FILE:2016-11-02 10:47:35,D:\AWORK\苗尾\苗尾监测数据\昆明院监测\溢洪道\溢洪道闸墩\溢洪道闸墩锚索测力计.xls
FILE:2016-11-02 10:47:35,D:\AWORK\苗尾\苗尾监测数据\昆明院监测\进水口\进水口锚索测力计.xls
FILE:2016-11-02 10:47:35,D:\AWORK\苗尾\苗尾监测数据\葛洲坝安全监测\2#施工支洞\出口边坡\锚索测力计.xls
FILE:2016-11-02 10:47:35,D:\AWORK\苗尾\苗尾监测数据\葛洲坝安全监测\尾水渠反坡段\锚索测力计.xls
FILE:2016-11-02 10:47:35,D:\AWORK\苗尾\苗尾监测数据\葛洲坝安全监测\引水洞\进水口边坡\锚索测力计.xls
FILE:2016-11-02 10:47:35,D:\AWORK\苗尾\苗尾监测数据\葛洲坝安全监测\排导槽\锚索测力计排导槽.xls
FILE:2016-11-02 10:47:35,D:\AWORK\苗尾\苗尾监测数据\葛洲坝安全监测\灌溉取水交通洞\灌溉交通洞进口边坡\边坡锚索测力计.xls
FILE:2016-11-02 10:47:35,D:\AWORK\苗尾\苗尾监测数据\葛洲坝安全监测\集水井\集水井锚索测力计.xls
FILE:2016-11-02 11:46:15,D:\AWORK\苗尾\苗尾监测数据\昆明院监测\大坝\大坝心墙\位移计.xls
DATA:ML-2,41,观测日期有误
DATA:M1-4,35,观测日期有误
DATA:M2-3,101,观测日期有误
DATA:M2-3,33,观测日期有误
DATA:M2-3,19,观测日期有误
DATA:M2-8,36,观测日期有误
DATA:M3-1,54,观测日期有误
DATA:M3-9,36,观测日期有误
FILE:2016-11-02 11:46:15,D:\AWORK\苗尾\苗尾监测数据\昆明院监测\大坝\大坝心墙\界面位移计.xls
DATA:MJ2-11,16,观测日期有误
DATA:MJ2-12,69,观测日期有误
DATA:MJ3-2,41,观测日期有误
