FILE:2016-11-03 04:20:56,D:\AWORK\苗尾\苗尾监测数据\昆明院监测\大坝\大坝垫层\两向应变计.xls
FILE:2016-11-03 04:20:56,D:\AWORK\苗尾\苗尾监测数据\昆明院监测\大坝\大坝垫层\五向应变计.xls
FILE:2016-11-03 04:20:56,D:\AWORK\苗尾\苗尾监测数据\昆明院监测\导流隧洞观测数据第265期\导流洞\导流洞两向应变计组.xls
FILE:2016-11-03 04:22:43,D:\AWORK\苗尾\苗尾监测数据\昆明院监测\大坝\大坝垫层\无应力计.xls
DATA:Ndc2-3,33,观测日期有误
FILE:2016-11-03 04:22:43,D:\AWORK\苗尾\苗尾监测数据\昆明院监测\导流隧洞观测数据第265期\导流洞\导流洞无应力计.xls
FILE:2016-11-03 04:27:56,D:\AWORK\苗尾\苗尾监测数据\昆明院监测\大坝\大坝垫层\两向应变计.xls
FILE:2016-11-03 04:27:56,D:\AWORK\苗尾\苗尾监测数据\昆明院监测\大坝\大坝垫层\五向应变计.xls
FILE:2016-11-03 04:27:56,D:\AWORK\苗尾\苗尾监测数据\昆明院监测\导流隧洞观测数据第265期\导流洞\导流洞两向应变计组.xls
FILE:2016-11-03 04:31:57,D:\AWORK\苗尾\苗尾监测数据\昆明院监测\大坝\大坝垫层\两向应变计.xls
FILE:2016-11-03 04:31:57,D:\AWORK\苗尾\苗尾监测数据\昆明院监测\大坝\大坝垫层\五向应变计.xls
FILE:2016-11-03 04:31:57,D:\AWORK\苗尾\苗尾监测数据\昆明院监测\导流隧洞观测数据第265期\导流洞\导流洞两向应变计组.xls
FILE:2016-11-03 04:37:20,D:\AWORK\苗尾\苗尾监测数据\昆明院监测\大坝\大坝垫层\两向应变计.xls
DATA:S2dc2-2（右岸）,90,观测日期有误
DATA:S2dc2-2（右岸）,79,观测日期有误
DATA:S2dc2-2（上游）,90,观测日期有误
DATA:S2dc2-2（上游）,79,观测日期有误
DATA:S2dc2-4（右岸）,64,观测日期有误
DATA:S2dc3-1（右岸）,61,观测日期有误
DATA:S2dc3-1（上游）,60,观测日期有误
FILE:2016-11-03 04:37:20,D:\AWORK\苗尾\苗尾监测数据\昆明院监测\大坝\大坝垫层\五向应变计.xls
DATA:S5dc3-3（2）,17,观测日期有误
FILE:2016-11-03 04:37:20,D:\AWORK\苗尾\苗尾监测数据\昆明院监测\导流隧洞观测数据第265期\导流洞\导流洞两向应变计组.xls
PARAM:S2dc1-1,找不到对应的无应力计数据
PARAM:S2dc1-3,找不到对应的无应力计数据
PARAM:S2dc2-1,找不到对应的无应力计数据
PARAM:S2dc2-2,找不到对应的无应力计数据
PARAM:S2dc2-4,找不到对应的无应力计数据
PARAM:S2dc2-5,找不到对应的无应力计数据
PARAM:S2dc3-1,找不到对应的无应力计数据
PARAM:S2dc3-2,找不到对应的无应力计数据
PARAM:S2dc3-4,找不到对应的无应力计数据
PARAM:S2dc3-5,找不到对应的无应力计数据
PARAM:S5dc1-2,找不到对应的无应力计数据
PARAM:S5dc2-3,找不到对应的无应力计数据
PARAM:S5dc3-3,找不到对应的无应力计数据
FILE:2016-11-03 04:44:58,D:\AWORK\苗尾\苗尾监测数据\昆明院监测\导流隧洞观测数据第265期\出口边坡\出口锚杆应力计.xls
FILE:2016-11-03 04:44:58,D:\AWORK\苗尾\苗尾监测数据\昆明院监测\导流隧洞观测数据第265期\导流洞\导流洞锚杆应力计.xls
FILE:2016-11-03 04:44:58,D:\AWORK\苗尾\苗尾监测数据\昆明院监测\导流隧洞观测数据第265期\进口边坡\进口锚杆应力计.xls
FILE:2016-11-03 04:44:58,D:\AWORK\苗尾\苗尾监测数据\昆明院监测\料场-观测数据\锚杆应力计.xls
FILE:2016-11-03 04:44:58,D:\AWORK\苗尾\苗尾监测数据\昆明院监测\进水口\挖出仪器\进水口锚杆应力计（被挖）.xls
DATA:KJb2-1-1,84,观测日期有误
DATA:KJb2-1-1,83,观测日期有误
DATA:KJb2-1-1,82,观测日期有误
DATA:KJb2-1-1,81,观测日期有误
DATA:KJb2-1-1,80,观测日期有误
DATA:KJb2-1-1,79,观测日期有误
DATA:KJb2-1-1,78,观测日期有误
DATA:KJb2-1-1,77,观测日期有误
DATA:KJb2-1-1,76,观测日期有误
DATA:KJb2-1-1,75,观测日期有误
DATA:KJb2-1-1,74,观测日期有误
DATA:KJb2-1-1,73,观测日期有误
DATA:KJb2-1-1,72,观测日期有误
DATA:KJb2-1-1,71,观测日期有误
DATA:KJb2-1-1,70,观测日期有误
DATA:KJb2-1-1,69,观测日期有误
DATA:KJb2-1-1,68,观测日期有误
DATA:KJb2-1-1,67,观测日期有误
DATA:KJb2-1-1,66,观测日期有误
DATA:KJb2-1-1,65,观测日期有误
DATA:KJb2-1-1,64,观测日期有误
DATA:KJb2-1-1,63,观测日期有误
DATA:KJb2-1-1,62,观测日期有误
DATA:KJb2-1-1,61,观测日期有误
DATA:KJb2-1-1,60,观测日期有误
DATA:KJb2-1-1,59,观测日期有误
DATA:KJb2-1-1,58,观测日期有误
DATA:KJb2-1-1,57,观测日期有误
DATA:KJb2-1-1,56,观测日期有误
DATA:KJb2-1-1,55,观测日期有误
DATA:KJb2-1-1,54,观测日期有误
DATA:KJb2-1-1,53,观测日期有误
DATA:KJb2-1-1,52,观测日期有误
DATA:KJb2-1-1,51,观测日期有误
DATA:KJb2-1-1,50,观测日期有误
DATA:KJb2-1-1,49,观测日期有误
DATA:KJb2-1-1,48,观测日期有误
DATA:KJb2-1-1,47,观测日期有误
DATA:KJb2-1-1,46,观测日期有误
DATA:KJb2-1-1,45,观测日期有误
DATA:KJb2-1-1,44,观测日期有误
DATA:KJb2-1-1,43,观测日期有误
DATA:KJb2-1-1,42,观测日期有误
DATA:KJb2-1-1,41,观测日期有误
DATA:KJb2-1-1,40,观测日期有误
DATA:KJb2-1-1,39,观测日期有误
DATA:KJb2-1-1,38,观测日期有误
DATA:KJb2-1-1,37,观测日期有误
DATA:KJb2-1-1,36,观测日期有误
DATA:KJb2-1-1,35,观测日期有误
DATA:KJb2-1-1,34,观测日期有误
DATA:KJb2-1-1,33,观测日期有误
DATA:KJb2-1-1,32,观测日期有误
DATA:KJb2-1-1,31,观测日期有误
DATA:KJb2-1-1,30,观测日期有误
DATA:KJb2-1-1,29,观测日期有误
DATA:KJb2-1-1,28,观测日期有误
DATA:KJb2-1-1,27,观测日期有误
DATA:KJb2-1-1,26,观测日期有误
DATA:KJb2-1-1,25,观测日期有误
DATA:KJb2-1-1,24,观测日期有误
DATA:KJb2-1-1,23,观测日期有误
DATA:KJb2-1-1,22,观测日期有误
DATA:KJb2-1-1,21,观测日期有误
DATA:KJb2-1-1,20,观测日期有误
DATA:KJb2-1-1,19,观测日期有误
DATA:KJb2-1-1,18,观测日期有误
DATA:KJb2-1-1,17,观测日期有误
DATA:KJb2-1-1,16,观测日期有误
DATA:KJb2-1-1,15,观测日期有误
DATA:KJb2-1-1,14,观测日期有误
DATA:KJb2-1-1,13,观测日期有误
DATA:KJb2-1-1,12,观测日期有误
DATA:KJb2-1-1,11,观测日期有误
DATA:KJb2-1-1,10,观测日期有误
DATA:KJb2-1-1,9,观测日期有误
DATA:KJb2-1-1,8,观测日期有误
DATA:KJb2-1-2 ,84,观测日期有误
DATA:KJb2-1-2 ,83,观测日期有误
DATA:KJb2-1-2 ,82,观测日期有误
DATA:KJb2-1-2 ,81,观测日期有误
DATA:KJb2-1-2 ,80,观测日期有误
DATA:KJb2-1-2 ,79,观测日期有误
DATA:KJb2-1-2 ,78,观测日期有误
DATA:KJb2-1-2 ,77,观测日期有误
DATA:KJb2-1-2 ,76,观测日期有误
DATA:KJb2-1-2 ,75,观测日期有误
DATA:KJb2-1-2 ,74,观测日期有误
DATA:KJb2-1-2 ,73,观测日期有误
DATA:KJb2-1-2 ,72,观测日期有误
DATA:KJb2-1-2 ,71,观测日期有误
DATA:KJb2-1-2 ,70,观测日期有误
DATA:KJb2-1-2 ,69,观测日期有误
DATA:KJb2-1-2 ,68,观测日期有误
DATA:KJb2-1-2 ,67,观测日期有误
DATA:KJb2-1-2 ,66,观测日期有误
DATA:KJb2-1-2 ,65,观测日期有误
DATA:KJb2-1-2 ,64,观测日期有误
DATA:KJb2-1-2 ,63,观测日期有误
DATA:KJb2-1-2 ,62,观测日期有误
DATA:KJb2-1-2 ,61,观测日期有误
DATA:KJb2-1-2 ,60,观测日期有误
DATA:KJb2-1-2 ,59,观测日期有误
DATA:KJb2-1-2 ,58,观测日期有误
DATA:KJb2-1-2 ,57,观测日期有误
DATA:KJb2-1-2 ,56,观测日期有误
DATA:KJb2-1-2 ,55,观测日期有误
DATA:KJb2-1-2 ,54,观测日期有误
DATA:KJb2-1-2 ,53,观测日期有误
DATA:KJb2-1-2 ,52,观测日期有误
DATA:KJb2-1-2 ,51,观测日期有误
DATA:KJb2-1-2 ,50,观测日期有误
DATA:KJb2-1-2 ,49,观测日期有误
DATA:KJb2-1-2 ,48,观测日期有误
DATA:KJb2-1-2 ,47,观测日期有误
DATA:KJb2-1-2 ,46,观测日期有误
DATA:KJb2-1-2 ,45,观测日期有误
DATA:KJb2-1-2 ,44,观测日期有误
DATA:KJb2-1-2 ,43,观测日期有误
DATA:KJb2-1-2 ,42,观测日期有误
DATA:KJb2-1-2 ,41,观测日期有误
DATA:KJb2-1-2 ,40,观测日期有误
DATA:KJb2-1-2 ,39,观测日期有误
DATA:KJb2-1-2 ,38,观测日期有误
DATA:KJb2-1-2 ,37,观测日期有误
DATA:KJb2-1-2 ,36,观测日期有误
DATA:KJb2-1-2 ,35,观测日期有误
DATA:KJb2-1-2 ,34,观测日期有误
DATA:KJb2-1-2 ,33,观测日期有误
DATA:KJb2-1-2 ,32,观测日期有误
DATA:KJb2-1-2 ,31,观测日期有误
DATA:KJb2-1-2 ,30,观测日期有误
DATA:KJb2-1-2 ,29,观测日期有误
DATA:KJb2-1-2 ,28,观测日期有误
DATA:KJb2-1-2 ,27,观测日期有误
DATA:KJb2-1-2 ,26,观测日期有误
DATA:KJb2-1-2 ,25,观测日期有误
DATA:KJb2-1-2 ,24,观测日期有误
DATA:KJb2-1-2 ,23,观测日期有误
DATA:KJb2-1-2 ,22,观测日期有误
DATA:KJb2-1-2 ,21,观测日期有误
DATA:KJb2-1-2 ,20,观测日期有误
DATA:KJb2-1-2 ,19,观测日期有误
DATA:KJb2-1-2 ,18,观测日期有误
DATA:KJb2-1-2 ,17,观测日期有误
DATA:KJb2-1-2 ,16,观测日期有误
DATA:KJb2-1-2 ,15,观测日期有误
DATA:KJb2-1-2 ,14,观测日期有误
DATA:KJb2-1-2 ,13,观测日期有误
DATA:KJb2-1-2 ,12,观测日期有误
DATA:KJb2-1-2 ,11,观测日期有误
DATA:KJb2-1-2 ,10,观测日期有误
DATA:KJb2-1-2 ,9,观测日期有误
DATA:KJb2-1-2 ,8,观测日期有误
DATA:KJb2-1-3 ,84,观测日期有误
DATA:KJb2-1-3 ,83,观测日期有误
DATA:KJb2-1-3 ,82,观测日期有误
DATA:KJb2-1-3 ,81,观测日期有误
DATA:KJb2-1-3 ,80,观测日期有误
DATA:KJb2-1-3 ,79,观测日期有误
DATA:KJb2-1-3 ,78,观测日期有误
DATA:KJb2-1-3 ,77,观测日期有误
DATA:KJb2-1-3 ,76,观测日期有误
DATA:KJb2-1-3 ,75,观测日期有误
DATA:KJb2-1-3 ,74,观测日期有误
DATA:KJb2-1-3 ,73,观测日期有误
DATA:KJb2-1-3 ,72,观测日期有误
DATA:KJb2-1-3 ,71,观测日期有误
DATA:KJb2-1-3 ,70,观测日期有误
DATA:KJb2-1-3 ,69,观测日期有误
DATA:KJb2-1-3 ,68,观测日期有误
DATA:KJb2-1-3 ,67,观测日期有误
DATA:KJb2-1-3 ,66,观测日期有误
DATA:KJb2-1-3 ,65,观测日期有误
DATA:KJb2-1-3 ,64,观测日期有误
DATA:KJb2-1-3 ,63,观测日期有误
DATA:KJb2-1-3 ,62,观测日期有误
DATA:KJb2-1-3 ,61,观测日期有误
DATA:KJb2-1-3 ,60,观测日期有误
DATA:KJb2-1-3 ,59,观测日期有误
DATA:KJb2-1-3 ,58,观测日期有误
DATA:KJb2-1-3 ,57,观测日期有误
DATA:KJb2-1-3 ,56,观测日期有误
DATA:KJb2-1-3 ,55,观测日期有误
DATA:KJb2-1-3 ,54,观测日期有误
DATA:KJb2-1-3 ,53,观测日期有误
DATA:KJb2-1-3 ,52,观测日期有误
DATA:KJb2-1-3 ,51,观测日期有误
DATA:KJb2-1-3 ,50,观测日期有误
DATA:KJb2-1-3 ,49,观测日期有误
DATA:KJb2-1-3 ,48,观测日期有误
DATA:KJb2-1-3 ,47,观测日期有误
DATA:KJb2-1-3 ,46,观测日期有误
DATA:KJb2-1-3 ,45,观测日期有误
DATA:KJb2-1-3 ,44,观测日期有误
DATA:KJb2-1-3 ,43,观测日期有误
DATA:KJb2-1-3 ,42,观测日期有误
DATA:KJb2-1-3 ,41,观测日期有误
DATA:KJb2-1-3 ,40,观测日期有误
DATA:KJb2-1-3 ,39,观测日期有误
DATA:KJb2-1-3 ,38,观测日期有误
DATA:KJb2-1-3 ,37,观测日期有误
DATA:KJb2-1-3 ,36,观测日期有误
DATA:KJb2-1-3 ,35,观测日期有误
DATA:KJb2-1-3 ,34,观测日期有误
DATA:KJb2-1-3 ,33,观测日期有误
DATA:KJb2-1-3 ,32,观测日期有误
DATA:KJb2-1-3 ,31,观测日期有误
DATA:KJb2-1-3 ,30,观测日期有误
DATA:KJb2-1-3 ,29,观测日期有误
DATA:KJb2-1-3 ,28,观测日期有误
DATA:KJb2-1-3 ,27,观测日期有误
DATA:KJb2-1-3 ,26,观测日期有误
DATA:KJb2-1-3 ,25,观测日期有误
DATA:KJb2-1-3 ,24,观测日期有误
DATA:KJb2-1-3 ,23,观测日期有误
DATA:KJb2-1-3 ,22,观测日期有误
DATA:KJb2-1-3 ,21,观测日期有误
DATA:KJb2-1-3 ,20,观测日期有误
DATA:KJb2-1-3 ,19,观测日期有误
DATA:KJb2-1-3 ,18,观测日期有误
DATA:KJb2-1-3 ,17,观测日期有误
DATA:KJb2-1-3 ,16,观测日期有误
DATA:KJb2-1-3 ,15,观测日期有误
DATA:KJb2-1-3 ,14,观测日期有误
DATA:KJb2-1-3 ,13,观测日期有误
DATA:KJb2-1-3 ,12,观测日期有误
DATA:KJb2-1-3 ,11,观测日期有误
DATA:KJb2-1-3 ,10,观测日期有误
DATA:KJb2-1-3 ,9,观测日期有误
DATA:KJb2-1-3 ,8,观测日期有误
FILE:2016-11-03 04:44:58,D:\AWORK\苗尾\苗尾监测数据\葛洲坝安全监测\2#施工支洞\2#施工\1\锚杆应力计.xls
FILE:2016-11-03 04:44:58,D:\AWORK\苗尾\苗尾监测数据\葛洲坝安全监测\2#施工支洞\2#施工\2\2锚杆应力计.xls
FILE:2016-11-03 04:44:58,D:\AWORK\苗尾\苗尾监测数据\葛洲坝安全监测\2#施工支洞\2#施工\3\3锚杆应力计.xls
FILE:2016-11-03 04:44:58,D:\AWORK\苗尾\苗尾监测数据\葛洲坝安全监测\2#施工支洞\2#施工\4\4锚杆应力计.xls
FILE:2016-11-03 04:44:58,D:\AWORK\苗尾\苗尾监测数据\葛洲坝安全监测\冲沙兼放空洞\371-E断面\锚杆应力计.xls
FILE:2016-11-03 04:44:58,D:\AWORK\苗尾\苗尾监测数据\葛洲坝安全监测\冲沙兼放空洞\A断面\A断面锚杆应力计.xls
FILE:2016-11-03 04:44:58,D:\AWORK\苗尾\苗尾监测数据\葛洲坝安全监测\冲沙兼放空洞\B断面138.5\0+138.5断面锚杆应力计.xls
FILE:2016-11-03 04:44:58,D:\AWORK\苗尾\苗尾监测数据\葛洲坝安全监测\冲沙兼放空洞\C断面364\0+364断面锚杆应力计.xls
FILE:2016-11-03 04:44:58,D:\AWORK\苗尾\苗尾监测数据\葛洲坝安全监测\引水洞\1#引水洞\1#锚杆应力计.xls
FILE:2016-11-03 04:44:58,D:\AWORK\苗尾\苗尾监测数据\葛洲坝安全监测\引水洞\2#引水洞\2#锚杆应力计.xls
FILE:2016-11-03 04:44:58,D:\AWORK\苗尾\苗尾监测数据\葛洲坝安全监测\引水洞\3#引水洞\3#引水洞锚杆应力计.xls
FILE:2016-11-03 04:44:58,D:\AWORK\苗尾\苗尾监测数据\葛洲坝安全监测\引水洞\4#引水洞\4#引水洞锚杆应力计.xls
FILE:2016-11-03 04:44:58,D:\AWORK\苗尾\苗尾监测数据\葛洲坝安全监测\灌溉取水交通洞\灌溉交通洞0+105.47B\0+105.47锚杆应力计.xls
FILE:2016-11-03 04:44:58,D:\AWORK\苗尾\苗尾监测数据\葛洲坝安全监测\灌溉取水交通洞\灌溉交通洞0+131.97C\0+131.97锚杆应力计.xls
FILE:2016-11-03 04:44:58,D:\AWORK\苗尾\苗尾监测数据\葛洲坝安全监测\灌溉取水交通洞\灌溉交通洞0+158.47D\0+158.47锚杆应力计.xls
FILE:2016-11-03 04:44:58,D:\AWORK\苗尾\苗尾监测数据\葛洲坝安全监测\灌溉取水交通洞\灌溉交通洞0+184.97E\0+184.97锚杆应力计.xls
FILE:2016-11-03 04:52:57,D:\AWORK\苗尾\苗尾监测数据\昆明院监测\导流隧洞观测数据第265期\出口边坡\出口锚杆应力计.xls
FILE:2016-11-03 04:52:57,D:\AWORK\苗尾\苗尾监测数据\昆明院监测\导流隧洞观测数据第265期\导流洞\导流洞锚杆应力计.xls
FILE:2016-11-03 04:52:57,D:\AWORK\苗尾\苗尾监测数据\昆明院监测\导流隧洞观测数据第265期\进口边坡\进口锚杆应力计.xls
FILE:2016-11-03 04:52:57,D:\AWORK\苗尾\苗尾监测数据\昆明院监测\料场-观测数据\锚杆应力计.xls
FILE:2016-11-03 04:52:57,D:\AWORK\苗尾\苗尾监测数据\昆明院监测\进水口\挖出仪器\进水口锚杆应力计（被挖）.xls
DATA:KJb2-1-1,84,观测日期有误
DATA:KJb2-1-1,83,观测日期有误
DATA:KJb2-1-1,82,观测日期有误
DATA:KJb2-1-1,81,观测日期有误
DATA:KJb2-1-1,80,观测日期有误
DATA:KJb2-1-1,79,观测日期有误
DATA:KJb2-1-1,78,观测日期有误
DATA:KJb2-1-1,77,观测日期有误
DATA:KJb2-1-1,76,观测日期有误
DATA:KJb2-1-1,75,观测日期有误
DATA:KJb2-1-1,74,观测日期有误
DATA:KJb2-1-1,73,观测日期有误
DATA:KJb2-1-1,72,观测日期有误
DATA:KJb2-1-1,71,观测日期有误
DATA:KJb2-1-1,70,观测日期有误
DATA:KJb2-1-1,69,观测日期有误
DATA:KJb2-1-1,68,观测日期有误
DATA:KJb2-1-1,67,观测日期有误
DATA:KJb2-1-1,66,观测日期有误
DATA:KJb2-1-1,65,观测日期有误
DATA:KJb2-1-1,64,观测日期有误
DATA:KJb2-1-1,63,观测日期有误
DATA:KJb2-1-1,62,观测日期有误
DATA:KJb2-1-1,61,观测日期有误
DATA:KJb2-1-1,60,观测日期有误
DATA:KJb2-1-1,59,观测日期有误
DATA:KJb2-1-1,58,观测日期有误
DATA:KJb2-1-1,57,观测日期有误
DATA:KJb2-1-1,56,观测日期有误
DATA:KJb2-1-1,55,观测日期有误
DATA:KJb2-1-1,54,观测日期有误
DATA:KJb2-1-1,53,观测日期有误
DATA:KJb2-1-1,52,观测日期有误
DATA:KJb2-1-1,51,观测日期有误
DATA:KJb2-1-1,50,观测日期有误
DATA:KJb2-1-1,49,观测日期有误
DATA:KJb2-1-1,48,观测日期有误
DATA:KJb2-1-1,47,观测日期有误
DATA:KJb2-1-1,46,观测日期有误
DATA:KJb2-1-1,45,观测日期有误
DATA:KJb2-1-1,44,观测日期有误
DATA:KJb2-1-1,43,观测日期有误
DATA:KJb2-1-1,42,观测日期有误
DATA:KJb2-1-1,41,观测日期有误
DATA:KJb2-1-1,40,观测日期有误
DATA:KJb2-1-1,39,观测日期有误
DATA:KJb2-1-1,38,观测日期有误
DATA:KJb2-1-1,37,观测日期有误
DATA:KJb2-1-1,36,观测日期有误
DATA:KJb2-1-1,35,观测日期有误
DATA:KJb2-1-1,34,观测日期有误
DATA:KJb2-1-1,33,观测日期有误
DATA:KJb2-1-1,32,观测日期有误
DATA:KJb2-1-1,31,观测日期有误
DATA:KJb2-1-1,30,观测日期有误
DATA:KJb2-1-1,29,观测日期有误
DATA:KJb2-1-1,28,观测日期有误
DATA:KJb2-1-1,27,观测日期有误
DATA:KJb2-1-1,26,观测日期有误
DATA:KJb2-1-1,25,观测日期有误
DATA:KJb2-1-1,24,观测日期有误
DATA:KJb2-1-1,23,观测日期有误
DATA:KJb2-1-1,22,观测日期有误
DATA:KJb2-1-1,21,观测日期有误
DATA:KJb2-1-1,20,观测日期有误
DATA:KJb2-1-1,19,观测日期有误
DATA:KJb2-1-1,18,观测日期有误
DATA:KJb2-1-1,17,观测日期有误
DATA:KJb2-1-1,16,观测日期有误
DATA:KJb2-1-1,15,观测日期有误
DATA:KJb2-1-1,14,观测日期有误
DATA:KJb2-1-1,13,观测日期有误
DATA:KJb2-1-1,12,观测日期有误
DATA:KJb2-1-1,11,观测日期有误
DATA:KJb2-1-1,10,观测日期有误
DATA:KJb2-1-1,9,观测日期有误
DATA:KJb2-1-1,8,观测日期有误
DATA:KJb2-1-2 ,84,观测日期有误
DATA:KJb2-1-2 ,83,观测日期有误
DATA:KJb2-1-2 ,82,观测日期有误
DATA:KJb2-1-2 ,81,观测日期有误
DATA:KJb2-1-2 ,80,观测日期有误
DATA:KJb2-1-2 ,79,观测日期有误
DATA:KJb2-1-2 ,78,观测日期有误
DATA:KJb2-1-2 ,77,观测日期有误
DATA:KJb2-1-2 ,76,观测日期有误
DATA:KJb2-1-2 ,75,观测日期有误
DATA:KJb2-1-2 ,74,观测日期有误
DATA:KJb2-1-2 ,73,观测日期有误
DATA:KJb2-1-2 ,72,观测日期有误
DATA:KJb2-1-2 ,71,观测日期有误
DATA:KJb2-1-2 ,70,观测日期有误
DATA:KJb2-1-2 ,69,观测日期有误
DATA:KJb2-1-2 ,68,观测日期有误
DATA:KJb2-1-2 ,67,观测日期有误
DATA:KJb2-1-2 ,66,观测日期有误
DATA:KJb2-1-2 ,65,观测日期有误
DATA:KJb2-1-2 ,64,观测日期有误
DATA:KJb2-1-2 ,63,观测日期有误
DATA:KJb2-1-2 ,62,观测日期有误
DATA:KJb2-1-2 ,61,观测日期有误
DATA:KJb2-1-2 ,60,观测日期有误
DATA:KJb2-1-2 ,59,观测日期有误
DATA:KJb2-1-2 ,58,观测日期有误
DATA:KJb2-1-2 ,57,观测日期有误
DATA:KJb2-1-2 ,56,观测日期有误
DATA:KJb2-1-2 ,55,观测日期有误
DATA:KJb2-1-2 ,54,观测日期有误
DATA:KJb2-1-2 ,53,观测日期有误
DATA:KJb2-1-2 ,52,观测日期有误
DATA:KJb2-1-2 ,51,观测日期有误
DATA:KJb2-1-2 ,50,观测日期有误
DATA:KJb2-1-2 ,49,观测日期有误
DATA:KJb2-1-2 ,48,观测日期有误
DATA:KJb2-1-2 ,47,观测日期有误
DATA:KJb2-1-2 ,46,观测日期有误
DATA:KJb2-1-2 ,45,观测日期有误
DATA:KJb2-1-2 ,44,观测日期有误
DATA:KJb2-1-2 ,43,观测日期有误
DATA:KJb2-1-2 ,42,观测日期有误
DATA:KJb2-1-2 ,41,观测日期有误
DATA:KJb2-1-2 ,40,观测日期有误
DATA:KJb2-1-2 ,39,观测日期有误
DATA:KJb2-1-2 ,38,观测日期有误
DATA:KJb2-1-2 ,37,观测日期有误
DATA:KJb2-1-2 ,36,观测日期有误
DATA:KJb2-1-2 ,35,观测日期有误
DATA:KJb2-1-2 ,34,观测日期有误
DATA:KJb2-1-2 ,33,观测日期有误
DATA:KJb2-1-2 ,32,观测日期有误
DATA:KJb2-1-2 ,31,观测日期有误
DATA:KJb2-1-2 ,30,观测日期有误
DATA:KJb2-1-2 ,29,观测日期有误
DATA:KJb2-1-2 ,28,观测日期有误
DATA:KJb2-1-2 ,27,观测日期有误
DATA:KJb2-1-2 ,26,观测日期有误
DATA:KJb2-1-2 ,25,观测日期有误
DATA:KJb2-1-2 ,24,观测日期有误
DATA:KJb2-1-2 ,23,观测日期有误
DATA:KJb2-1-2 ,22,观测日期有误
DATA:KJb2-1-2 ,21,观测日期有误
DATA:KJb2-1-2 ,20,观测日期有误
DATA:KJb2-1-2 ,19,观测日期有误
DATA:KJb2-1-2 ,18,观测日期有误
DATA:KJb2-1-2 ,17,观测日期有误
DATA:KJb2-1-2 ,16,观测日期有误
DATA:KJb2-1-2 ,15,观测日期有误
DATA:KJb2-1-2 ,14,观测日期有误
DATA:KJb2-1-2 ,13,观测日期有误
DATA:KJb2-1-2 ,12,观测日期有误
DATA:KJb2-1-2 ,11,观测日期有误
DATA:KJb2-1-2 ,10,观测日期有误
DATA:KJb2-1-2 ,9,观测日期有误
DATA:KJb2-1-2 ,8,观测日期有误
DATA:KJb2-1-3 ,84,观测日期有误
DATA:KJb2-1-3 ,83,观测日期有误
DATA:KJb2-1-3 ,82,观测日期有误
DATA:KJb2-1-3 ,81,观测日期有误
DATA:KJb2-1-3 ,80,观测日期有误
DATA:KJb2-1-3 ,79,观测日期有误
DATA:KJb2-1-3 ,78,观测日期有误
DATA:KJb2-1-3 ,77,观测日期有误
DATA:KJb2-1-3 ,76,观测日期有误
DATA:KJb2-1-3 ,75,观测日期有误
DATA:KJb2-1-3 ,74,观测日期有误
DATA:KJb2-1-3 ,73,观测日期有误
DATA:KJb2-1-3 ,72,观测日期有误
DATA:KJb2-1-3 ,71,观测日期有误
DATA:KJb2-1-3 ,70,观测日期有误
DATA:KJb2-1-3 ,69,观测日期有误
DATA:KJb2-1-3 ,68,观测日期有误
DATA:KJb2-1-3 ,67,观测日期有误
DATA:KJb2-1-3 ,66,观测日期有误
DATA:KJb2-1-3 ,65,观测日期有误
DATA:KJb2-1-3 ,64,观测日期有误
DATA:KJb2-1-3 ,63,观测日期有误
DATA:KJb2-1-3 ,62,观测日期有误
DATA:KJb2-1-3 ,61,观测日期有误
DATA:KJb2-1-3 ,60,观测日期有误
DATA:KJb2-1-3 ,59,观测日期有误
DATA:KJb2-1-3 ,58,观测日期有误
DATA:KJb2-1-3 ,57,观测日期有误
DATA:KJb2-1-3 ,56,观测日期有误
DATA:KJb2-1-3 ,55,观测日期有误
DATA:KJb2-1-3 ,54,观测日期有误
DATA:KJb2-1-3 ,53,观测日期有误
DATA:KJb2-1-3 ,52,观测日期有误
DATA:KJb2-1-3 ,51,观测日期有误
DATA:KJb2-1-3 ,50,观测日期有误
DATA:KJb2-1-3 ,49,观测日期有误
DATA:KJb2-1-3 ,48,观测日期有误
DATA:KJb2-1-3 ,47,观测日期有误
DATA:KJb2-1-3 ,46,观测日期有误
DATA:KJb2-1-3 ,45,观测日期有误
DATA:KJb2-1-3 ,44,观测日期有误
DATA:KJb2-1-3 ,43,观测日期有误
DATA:KJb2-1-3 ,42,观测日期有误
DATA:KJb2-1-3 ,41,观测日期有误
DATA:KJb2-1-3 ,40,观测日期有误
DATA:KJb2-1-3 ,39,观测日期有误
DATA:KJb2-1-3 ,38,观测日期有误
DATA:KJb2-1-3 ,37,观测日期有误
DATA:KJb2-1-3 ,36,观测日期有误
DATA:KJb2-1-3 ,35,观测日期有误
DATA:KJb2-1-3 ,34,观测日期有误
DATA:KJb2-1-3 ,33,观测日期有误
DATA:KJb2-1-3 ,32,观测日期有误
DATA:KJb2-1-3 ,31,观测日期有误
DATA:KJb2-1-3 ,30,观测日期有误
DATA:KJb2-1-3 ,29,观测日期有误
DATA:KJb2-1-3 ,28,观测日期有误
DATA:KJb2-1-3 ,27,观测日期有误
DATA:KJb2-1-3 ,26,观测日期有误
DATA:KJb2-1-3 ,25,观测日期有误
DATA:KJb2-1-3 ,24,观测日期有误
DATA:KJb2-1-3 ,23,观测日期有误
DATA:KJb2-1-3 ,22,观测日期有误
DATA:KJb2-1-3 ,21,观测日期有误
DATA:KJb2-1-3 ,20,观测日期有误
DATA:KJb2-1-3 ,19,观测日期有误
DATA:KJb2-1-3 ,18,观测日期有误
DATA:KJb2-1-3 ,17,观测日期有误
DATA:KJb2-1-3 ,16,观测日期有误
DATA:KJb2-1-3 ,15,观测日期有误
DATA:KJb2-1-3 ,14,观测日期有误
DATA:KJb2-1-3 ,13,观测日期有误
DATA:KJb2-1-3 ,12,观测日期有误
DATA:KJb2-1-3 ,11,观测日期有误
DATA:KJb2-1-3 ,10,观测日期有误
DATA:KJb2-1-3 ,9,观测日期有误
DATA:KJb2-1-3 ,8,观测日期有误
FILE:2016-11-03 04:52:57,D:\AWORK\苗尾\苗尾监测数据\葛洲坝安全监测\2#施工支洞\2#施工\1\锚杆应力计.xls
FILE:2016-11-03 04:52:57,D:\AWORK\苗尾\苗尾监测数据\葛洲坝安全监测\2#施工支洞\2#施工\2\2锚杆应力计.xls
FILE:2016-11-03 04:52:57,D:\AWORK\苗尾\苗尾监测数据\葛洲坝安全监测\2#施工支洞\2#施工\3\3锚杆应力计.xls
FILE:2016-11-03 04:52:57,D:\AWORK\苗尾\苗尾监测数据\葛洲坝安全监测\2#施工支洞\2#施工\4\4锚杆应力计.xls
FILE:2016-11-03 04:52:57,D:\AWORK\苗尾\苗尾监测数据\葛洲坝安全监测\冲沙兼放空洞\371-E断面\锚杆应力计.xls
FILE:2016-11-03 04:52:57,D:\AWORK\苗尾\苗尾监测数据\葛洲坝安全监测\冲沙兼放空洞\A断面\A断面锚杆应力计.xls
FILE:2016-11-03 04:52:57,D:\AWORK\苗尾\苗尾监测数据\葛洲坝安全监测\冲沙兼放空洞\B断面138.5\0+138.5断面锚杆应力计.xls
FILE:2016-11-03 04:52:57,D:\AWORK\苗尾\苗尾监测数据\葛洲坝安全监测\冲沙兼放空洞\C断面364\0+364断面锚杆应力计.xls
FILE:2016-11-03 04:52:57,D:\AWORK\苗尾\苗尾监测数据\葛洲坝安全监测\引水洞\1#引水洞\1#锚杆应力计.xls
FILE:2016-11-03 04:52:57,D:\AWORK\苗尾\苗尾监测数据\葛洲坝安全监测\引水洞\2#引水洞\2#锚杆应力计.xls
FILE:2016-11-03 04:52:57,D:\AWORK\苗尾\苗尾监测数据\葛洲坝安全监测\引水洞\3#引水洞\3#引水洞锚杆应力计.xls
FILE:2016-11-03 04:52:57,D:\AWORK\苗尾\苗尾监测数据\葛洲坝安全监测\引水洞\4#引水洞\4#引水洞锚杆应力计.xls
FILE:2016-11-03 04:52:57,D:\AWORK\苗尾\苗尾监测数据\葛洲坝安全监测\灌溉取水交通洞\灌溉交通洞0+105.47B\0+105.47锚杆应力计.xls
FILE:2016-11-03 04:52:57,D:\AWORK\苗尾\苗尾监测数据\葛洲坝安全监测\灌溉取水交通洞\灌溉交通洞0+131.97C\0+131.97锚杆应力计.xls
FILE:2016-11-03 04:52:57,D:\AWORK\苗尾\苗尾监测数据\葛洲坝安全监测\灌溉取水交通洞\灌溉交通洞0+158.47D\0+158.47锚杆应力计.xls
FILE:2016-11-03 04:52:57,D:\AWORK\苗尾\苗尾监测数据\葛洲坝安全监测\灌溉取水交通洞\灌溉交通洞0+184.97E\0+184.97锚杆应力计.xls
FILE:2016-11-03 05:20:15,D:\AWORK\苗尾\苗尾监测数据\昆明院监测\导流隧洞观测数据第265期\出口边坡\出口锚杆应力计.xls
FILE:2016-11-03 05:20:15,D:\AWORK\苗尾\苗尾监测数据\昆明院监测\导流隧洞观测数据第265期\导流洞\导流洞锚杆应力计.xls
FILE:2016-11-03 05:20:15,D:\AWORK\苗尾\苗尾监测数据\昆明院监测\导流隧洞观测数据第265期\进口边坡\进口锚杆应力计.xls
FILE:2016-11-03 05:20:15,D:\AWORK\苗尾\苗尾监测数据\昆明院监测\料场-观测数据\锚杆应力计.xls
FILE:2016-11-03 05:20:15,D:\AWORK\苗尾\苗尾监测数据\昆明院监测\进水口\挖出仪器\进水口锚杆应力计（被挖）.xls
DATA:KJb2-1-1,84,观测日期有误
DATA:KJb2-1-1,83,观测日期有误
DATA:KJb2-1-1,82,观测日期有误
DATA:KJb2-1-1,81,观测日期有误
DATA:KJb2-1-1,80,观测日期有误
DATA:KJb2-1-1,79,观测日期有误
DATA:KJb2-1-1,78,观测日期有误
DATA:KJb2-1-1,77,观测日期有误
DATA:KJb2-1-1,76,观测日期有误
DATA:KJb2-1-1,75,观测日期有误
DATA:KJb2-1-1,74,观测日期有误
DATA:KJb2-1-1,73,观测日期有误
DATA:KJb2-1-1,72,观测日期有误
DATA:KJb2-1-1,71,观测日期有误
DATA:KJb2-1-1,70,观测日期有误
DATA:KJb2-1-1,69,观测日期有误
DATA:KJb2-1-1,68,观测日期有误
DATA:KJb2-1-1,67,观测日期有误
DATA:KJb2-1-1,66,观测日期有误
DATA:KJb2-1-1,65,观测日期有误
DATA:KJb2-1-1,64,观测日期有误
DATA:KJb2-1-1,63,观测日期有误
DATA:KJb2-1-1,62,观测日期有误
DATA:KJb2-1-1,61,观测日期有误
DATA:KJb2-1-1,60,观测日期有误
DATA:KJb2-1-1,59,观测日期有误
DATA:KJb2-1-1,58,观测日期有误
DATA:KJb2-1-1,57,观测日期有误
DATA:KJb2-1-1,56,观测日期有误
DATA:KJb2-1-1,55,观测日期有误
DATA:KJb2-1-1,54,观测日期有误
DATA:KJb2-1-1,53,观测日期有误
DATA:KJb2-1-1,52,观测日期有误
DATA:KJb2-1-1,51,观测日期有误
DATA:KJb2-1-1,50,观测日期有误
DATA:KJb2-1-1,49,观测日期有误
DATA:KJb2-1-1,48,观测日期有误
DATA:KJb2-1-1,47,观测日期有误
DATA:KJb2-1-1,46,观测日期有误
DATA:KJb2-1-1,45,观测日期有误
DATA:KJb2-1-1,44,观测日期有误
DATA:KJb2-1-1,43,观测日期有误
DATA:KJb2-1-1,42,观测日期有误
DATA:KJb2-1-1,41,观测日期有误
DATA:KJb2-1-1,40,观测日期有误
DATA:KJb2-1-1,39,观测日期有误
DATA:KJb2-1-1,38,观测日期有误
DATA:KJb2-1-1,37,观测日期有误
DATA:KJb2-1-1,36,观测日期有误
DATA:KJb2-1-1,35,观测日期有误
DATA:KJb2-1-1,34,观测日期有误
DATA:KJb2-1-1,33,观测日期有误
DATA:KJb2-1-1,32,观测日期有误
DATA:KJb2-1-1,31,观测日期有误
DATA:KJb2-1-1,30,观测日期有误
DATA:KJb2-1-1,29,观测日期有误
DATA:KJb2-1-1,28,观测日期有误
DATA:KJb2-1-1,27,观测日期有误
DATA:KJb2-1-1,26,观测日期有误
DATA:KJb2-1-1,25,观测日期有误
DATA:KJb2-1-1,24,观测日期有误
DATA:KJb2-1-1,23,观测日期有误
DATA:KJb2-1-1,22,观测日期有误
DATA:KJb2-1-1,21,观测日期有误
DATA:KJb2-1-1,20,观测日期有误
DATA:KJb2-1-1,19,观测日期有误
DATA:KJb2-1-1,18,观测日期有误
DATA:KJb2-1-1,17,观测日期有误
DATA:KJb2-1-1,16,观测日期有误
DATA:KJb2-1-1,15,观测日期有误
DATA:KJb2-1-1,14,观测日期有误
DATA:KJb2-1-1,13,观测日期有误
DATA:KJb2-1-1,12,观测日期有误
DATA:KJb2-1-1,11,观测日期有误
DATA:KJb2-1-1,10,观测日期有误
DATA:KJb2-1-1,9,观测日期有误
DATA:KJb2-1-1,8,观测日期有误
DATA:KJb2-1-2 ,84,观测日期有误
DATA:KJb2-1-2 ,83,观测日期有误
DATA:KJb2-1-2 ,82,观测日期有误
DATA:KJb2-1-2 ,81,观测日期有误
DATA:KJb2-1-2 ,80,观测日期有误
DATA:KJb2-1-2 ,79,观测日期有误
DATA:KJb2-1-2 ,78,观测日期有误
DATA:KJb2-1-2 ,77,观测日期有误
DATA:KJb2-1-2 ,76,观测日期有误
DATA:KJb2-1-2 ,75,观测日期有误
DATA:KJb2-1-2 ,74,观测日期有误
DATA:KJb2-1-2 ,73,观测日期有误
DATA:KJb2-1-2 ,72,观测日期有误
DATA:KJb2-1-2 ,71,观测日期有误
DATA:KJb2-1-2 ,70,观测日期有误
DATA:KJb2-1-2 ,69,观测日期有误
DATA:KJb2-1-2 ,68,观测日期有误
DATA:KJb2-1-2 ,67,观测日期有误
DATA:KJb2-1-2 ,66,观测日期有误
DATA:KJb2-1-2 ,65,观测日期有误
DATA:KJb2-1-2 ,64,观测日期有误
DATA:KJb2-1-2 ,63,观测日期有误
DATA:KJb2-1-2 ,62,观测日期有误
DATA:KJb2-1-2 ,61,观测日期有误
DATA:KJb2-1-2 ,60,观测日期有误
DATA:KJb2-1-2 ,59,观测日期有误
DATA:KJb2-1-2 ,58,观测日期有误
DATA:KJb2-1-2 ,57,观测日期有误
DATA:KJb2-1-2 ,56,观测日期有误
DATA:KJb2-1-2 ,55,观测日期有误
DATA:KJb2-1-2 ,54,观测日期有误
DATA:KJb2-1-2 ,53,观测日期有误
DATA:KJb2-1-2 ,52,观测日期有误
DATA:KJb2-1-2 ,51,观测日期有误
DATA:KJb2-1-2 ,50,观测日期有误
DATA:KJb2-1-2 ,49,观测日期有误
DATA:KJb2-1-2 ,48,观测日期有误
DATA:KJb2-1-2 ,47,观测日期有误
DATA:KJb2-1-2 ,46,观测日期有误
DATA:KJb2-1-2 ,45,观测日期有误
DATA:KJb2-1-2 ,44,观测日期有误
DATA:KJb2-1-2 ,43,观测日期有误
DATA:KJb2-1-2 ,42,观测日期有误
DATA:KJb2-1-2 ,41,观测日期有误
DATA:KJb2-1-2 ,40,观测日期有误
DATA:KJb2-1-2 ,39,观测日期有误
DATA:KJb2-1-2 ,38,观测日期有误
DATA:KJb2-1-2 ,37,观测日期有误
DATA:KJb2-1-2 ,36,观测日期有误
DATA:KJb2-1-2 ,35,观测日期有误
DATA:KJb2-1-2 ,34,观测日期有误
DATA:KJb2-1-2 ,33,观测日期有误
DATA:KJb2-1-2 ,32,观测日期有误
DATA:KJb2-1-2 ,31,观测日期有误
DATA:KJb2-1-2 ,30,观测日期有误
DATA:KJb2-1-2 ,29,观测日期有误
DATA:KJb2-1-2 ,28,观测日期有误
DATA:KJb2-1-2 ,27,观测日期有误
DATA:KJb2-1-2 ,26,观测日期有误
DATA:KJb2-1-2 ,25,观测日期有误
DATA:KJb2-1-2 ,24,观测日期有误
DATA:KJb2-1-2 ,23,观测日期有误
DATA:KJb2-1-2 ,22,观测日期有误
DATA:KJb2-1-2 ,21,观测日期有误
DATA:KJb2-1-2 ,20,观测日期有误
DATA:KJb2-1-2 ,19,观测日期有误
DATA:KJb2-1-2 ,18,观测日期有误
DATA:KJb2-1-2 ,17,观测日期有误
DATA:KJb2-1-2 ,16,观测日期有误
DATA:KJb2-1-2 ,15,观测日期有误
DATA:KJb2-1-2 ,14,观测日期有误
DATA:KJb2-1-2 ,13,观测日期有误
DATA:KJb2-1-2 ,12,观测日期有误
DATA:KJb2-1-2 ,11,观测日期有误
DATA:KJb2-1-2 ,10,观测日期有误
DATA:KJb2-1-2 ,9,观测日期有误
DATA:KJb2-1-2 ,8,观测日期有误
DATA:KJb2-1-3 ,84,观测日期有误
DATA:KJb2-1-3 ,83,观测日期有误
DATA:KJb2-1-3 ,82,观测日期有误
DATA:KJb2-1-3 ,81,观测日期有误
DATA:KJb2-1-3 ,80,观测日期有误
DATA:KJb2-1-3 ,79,观测日期有误
DATA:KJb2-1-3 ,78,观测日期有误
DATA:KJb2-1-3 ,77,观测日期有误
DATA:KJb2-1-3 ,76,观测日期有误
DATA:KJb2-1-3 ,75,观测日期有误
DATA:KJb2-1-3 ,74,观测日期有误
DATA:KJb2-1-3 ,73,观测日期有误
DATA:KJb2-1-3 ,72,观测日期有误
DATA:KJb2-1-3 ,71,观测日期有误
DATA:KJb2-1-3 ,70,观测日期有误
DATA:KJb2-1-3 ,69,观测日期有误
DATA:KJb2-1-3 ,68,观测日期有误
DATA:KJb2-1-3 ,67,观测日期有误
DATA:KJb2-1-3 ,66,观测日期有误
DATA:KJb2-1-3 ,65,观测日期有误
DATA:KJb2-1-3 ,64,观测日期有误
DATA:KJb2-1-3 ,63,观测日期有误
DATA:KJb2-1-3 ,62,观测日期有误
DATA:KJb2-1-3 ,61,观测日期有误
DATA:KJb2-1-3 ,60,观测日期有误
DATA:KJb2-1-3 ,59,观测日期有误
DATA:KJb2-1-3 ,58,观测日期有误
DATA:KJb2-1-3 ,57,观测日期有误
DATA:KJb2-1-3 ,56,观测日期有误
DATA:KJb2-1-3 ,55,观测日期有误
DATA:KJb2-1-3 ,54,观测日期有误
DATA:KJb2-1-3 ,53,观测日期有误
DATA:KJb2-1-3 ,52,观测日期有误
DATA:KJb2-1-3 ,51,观测日期有误
DATA:KJb2-1-3 ,50,观测日期有误
DATA:KJb2-1-3 ,49,观测日期有误
DATA:KJb2-1-3 ,48,观测日期有误
DATA:KJb2-1-3 ,47,观测日期有误
DATA:KJb2-1-3 ,46,观测日期有误
DATA:KJb2-1-3 ,45,观测日期有误
DATA:KJb2-1-3 ,44,观测日期有误
DATA:KJb2-1-3 ,43,观测日期有误
DATA:KJb2-1-3 ,42,观测日期有误
DATA:KJb2-1-3 ,41,观测日期有误
DATA:KJb2-1-3 ,40,观测日期有误
DATA:KJb2-1-3 ,39,观测日期有误
DATA:KJb2-1-3 ,38,观测日期有误
DATA:KJb2-1-3 ,37,观测日期有误
DATA:KJb2-1-3 ,36,观测日期有误
DATA:KJb2-1-3 ,35,观测日期有误
DATA:KJb2-1-3 ,34,观测日期有误
DATA:KJb2-1-3 ,33,观测日期有误
DATA:KJb2-1-3 ,32,观测日期有误
DATA:KJb2-1-3 ,31,观测日期有误
DATA:KJb2-1-3 ,30,观测日期有误
DATA:KJb2-1-3 ,29,观测日期有误
DATA:KJb2-1-3 ,28,观测日期有误
DATA:KJb2-1-3 ,27,观测日期有误
DATA:KJb2-1-3 ,26,观测日期有误
DATA:KJb2-1-3 ,25,观测日期有误
DATA:KJb2-1-3 ,24,观测日期有误
DATA:KJb2-1-3 ,23,观测日期有误
DATA:KJb2-1-3 ,22,观测日期有误
DATA:KJb2-1-3 ,21,观测日期有误
DATA:KJb2-1-3 ,20,观测日期有误
DATA:KJb2-1-3 ,19,观测日期有误
DATA:KJb2-1-3 ,18,观测日期有误
DATA:KJb2-1-3 ,17,观测日期有误
DATA:KJb2-1-3 ,16,观测日期有误
DATA:KJb2-1-3 ,15,观测日期有误
DATA:KJb2-1-3 ,14,观测日期有误
DATA:KJb2-1-3 ,13,观测日期有误
DATA:KJb2-1-3 ,12,观测日期有误
DATA:KJb2-1-3 ,11,观测日期有误
DATA:KJb2-1-3 ,10,观测日期有误
DATA:KJb2-1-3 ,9,观测日期有误
DATA:KJb2-1-3 ,8,观测日期有误
FILE:2016-11-03 05:20:15,D:\AWORK\苗尾\苗尾监测数据\葛洲坝安全监测\2#施工支洞\2#施工\1\锚杆应力计.xls
FILE:2016-11-03 05:20:15,D:\AWORK\苗尾\苗尾监测数据\葛洲坝安全监测\2#施工支洞\2#施工\2\2锚杆应力计.xls
FILE:2016-11-03 05:20:15,D:\AWORK\苗尾\苗尾监测数据\葛洲坝安全监测\2#施工支洞\2#施工\3\3锚杆应力计.xls
FILE:2016-11-03 05:20:15,D:\AWORK\苗尾\苗尾监测数据\葛洲坝安全监测\2#施工支洞\2#施工\4\4锚杆应力计.xls
FILE:2016-11-03 05:20:15,D:\AWORK\苗尾\苗尾监测数据\葛洲坝安全监测\冲沙兼放空洞\371-E断面\锚杆应力计.xls
FILE:2016-11-03 05:20:15,D:\AWORK\苗尾\苗尾监测数据\葛洲坝安全监测\冲沙兼放空洞\A断面\A断面锚杆应力计.xls
FILE:2016-11-03 05:20:15,D:\AWORK\苗尾\苗尾监测数据\葛洲坝安全监测\冲沙兼放空洞\B断面138.5\0+138.5断面锚杆应力计.xls
FILE:2016-11-03 05:20:15,D:\AWORK\苗尾\苗尾监测数据\葛洲坝安全监测\冲沙兼放空洞\C断面364\0+364断面锚杆应力计.xls
FILE:2016-11-03 05:20:15,D:\AWORK\苗尾\苗尾监测数据\葛洲坝安全监测\引水洞\1#引水洞\1#锚杆应力计.xls
FILE:2016-11-03 05:20:15,D:\AWORK\苗尾\苗尾监测数据\葛洲坝安全监测\引水洞\2#引水洞\2#锚杆应力计.xls
FILE:2016-11-03 05:20:15,D:\AWORK\苗尾\苗尾监测数据\葛洲坝安全监测\引水洞\3#引水洞\3#引水洞锚杆应力计.xls
FILE:2016-11-03 05:20:15,D:\AWORK\苗尾\苗尾监测数据\葛洲坝安全监测\引水洞\4#引水洞\4#引水洞锚杆应力计.xls
FILE:2016-11-03 05:20:15,D:\AWORK\苗尾\苗尾监测数据\葛洲坝安全监测\灌溉取水交通洞\灌溉交通洞0+105.47B\0+105.47锚杆应力计.xls
FILE:2016-11-03 05:20:15,D:\AWORK\苗尾\苗尾监测数据\葛洲坝安全监测\灌溉取水交通洞\灌溉交通洞0+131.97C\0+131.97锚杆应力计.xls
FILE:2016-11-03 05:20:15,D:\AWORK\苗尾\苗尾监测数据\葛洲坝安全监测\灌溉取水交通洞\灌溉交通洞0+158.47D\0+158.47锚杆应力计.xls
FILE:2016-11-03 05:20:15,D:\AWORK\苗尾\苗尾监测数据\葛洲坝安全监测\灌溉取水交通洞\灌溉交通洞0+184.97E\0+184.97锚杆应力计.xls
FILE:2016-11-03 05:22:45,D:\AWORK\苗尾\苗尾监测数据\昆明院监测\导流隧洞观测数据第265期\出口边坡\出口锚杆应力计.xls
FILE:2016-11-03 05:22:45,D:\AWORK\苗尾\苗尾监测数据\昆明院监测\导流隧洞观测数据第265期\导流洞\导流洞锚杆应力计.xls
FILE:2016-11-03 05:22:45,D:\AWORK\苗尾\苗尾监测数据\昆明院监测\导流隧洞观测数据第265期\进口边坡\进口锚杆应力计.xls
FILE:2016-11-03 05:22:45,D:\AWORK\苗尾\苗尾监测数据\昆明院监测\料场-观测数据\锚杆应力计.xls
FILE:2016-11-03 05:22:45,D:\AWORK\苗尾\苗尾监测数据\昆明院监测\进水口\挖出仪器\进水口锚杆应力计（被挖）.xls
DATA:KJb2-1-3 ,68,观测日期有误
FILE:2016-11-03 05:22:45,D:\AWORK\苗尾\苗尾监测数据\葛洲坝安全监测\2#施工支洞\2#施工\1\锚杆应力计.xls
FILE:2016-11-03 05:22:45,D:\AWORK\苗尾\苗尾监测数据\葛洲坝安全监测\2#施工支洞\2#施工\2\2锚杆应力计.xls
FILE:2016-11-03 05:22:45,D:\AWORK\苗尾\苗尾监测数据\葛洲坝安全监测\2#施工支洞\2#施工\3\3锚杆应力计.xls
FILE:2016-11-03 05:22:45,D:\AWORK\苗尾\苗尾监测数据\葛洲坝安全监测\2#施工支洞\2#施工\4\4锚杆应力计.xls
FILE:2016-11-03 05:22:45,D:\AWORK\苗尾\苗尾监测数据\葛洲坝安全监测\冲沙兼放空洞\371-E断面\锚杆应力计.xls
FILE:2016-11-03 05:22:45,D:\AWORK\苗尾\苗尾监测数据\葛洲坝安全监测\冲沙兼放空洞\A断面\A断面锚杆应力计.xls
FILE:2016-11-03 05:22:45,D:\AWORK\苗尾\苗尾监测数据\葛洲坝安全监测\冲沙兼放空洞\B断面138.5\0+138.5断面锚杆应力计.xls
FILE:2016-11-03 05:22:45,D:\AWORK\苗尾\苗尾监测数据\葛洲坝安全监测\冲沙兼放空洞\C断面364\0+364断面锚杆应力计.xls
FILE:2016-11-03 05:22:45,D:\AWORK\苗尾\苗尾监测数据\葛洲坝安全监测\引水洞\1#引水洞\1#锚杆应力计.xls
FILE:2016-11-03 05:22:45,D:\AWORK\苗尾\苗尾监测数据\葛洲坝安全监测\引水洞\2#引水洞\2#锚杆应力计.xls
FILE:2016-11-03 05:22:45,D:\AWORK\苗尾\苗尾监测数据\葛洲坝安全监测\引水洞\3#引水洞\3#引水洞锚杆应力计.xls
FILE:2016-11-03 05:22:45,D:\AWORK\苗尾\苗尾监测数据\葛洲坝安全监测\引水洞\4#引水洞\4#引水洞锚杆应力计.xls
FILE:2016-11-03 05:22:45,D:\AWORK\苗尾\苗尾监测数据\葛洲坝安全监测\灌溉取水交通洞\灌溉交通洞0+105.47B\0+105.47锚杆应力计.xls
FILE:2016-11-03 05:22:45,D:\AWORK\苗尾\苗尾监测数据\葛洲坝安全监测\灌溉取水交通洞\灌溉交通洞0+131.97C\0+131.97锚杆应力计.xls
FILE:2016-11-03 05:22:45,D:\AWORK\苗尾\苗尾监测数据\葛洲坝安全监测\灌溉取水交通洞\灌溉交通洞0+158.47D\0+158.47锚杆应力计.xls
FILE:2016-11-03 05:22:45,D:\AWORK\苗尾\苗尾监测数据\葛洲坝安全监测\灌溉取水交通洞\灌溉交通洞0+184.97E\0+184.97锚杆应力计.xls
FILE:2016-11-03 05:25:59,D:\AWORK\苗尾\苗尾监测数据\昆明院监测\导流隧洞观测数据第265期\出口边坡\出口锚杆应力计.xls
FILE:2016-11-03 05:25:59,D:\AWORK\苗尾\苗尾监测数据\昆明院监测\导流隧洞观测数据第265期\导流洞\导流洞锚杆应力计.xls
FILE:2016-11-03 05:25:59,D:\AWORK\苗尾\苗尾监测数据\昆明院监测\导流隧洞观测数据第265期\进口边坡\进口锚杆应力计.xls
FILE:2016-11-03 05:25:59,D:\AWORK\苗尾\苗尾监测数据\昆明院监测\料场-观测数据\锚杆应力计.xls
FILE:2016-11-03 05:25:59,D:\AWORK\苗尾\苗尾监测数据\昆明院监测\进水口\挖出仪器\进水口锚杆应力计（被挖）.xls
DATA:KJb2-1-3 ,68,观测日期有误
FILE:2016-11-03 05:25:59,D:\AWORK\苗尾\苗尾监测数据\葛洲坝安全监测\2#施工支洞\2#施工\1\锚杆应力计.xls
FILE:2016-11-03 05:25:59,D:\AWORK\苗尾\苗尾监测数据\葛洲坝安全监测\2#施工支洞\2#施工\2\2锚杆应力计.xls
FILE:2016-11-03 05:25:59,D:\AWORK\苗尾\苗尾监测数据\葛洲坝安全监测\2#施工支洞\2#施工\3\3锚杆应力计.xls
FILE:2016-11-03 05:25:59,D:\AWORK\苗尾\苗尾监测数据\葛洲坝安全监测\2#施工支洞\2#施工\4\4锚杆应力计.xls
FILE:2016-11-03 05:25:59,D:\AWORK\苗尾\苗尾监测数据\葛洲坝安全监测\冲沙兼放空洞\371-E断面\锚杆应力计.xls
FILE:2016-11-03 05:25:59,D:\AWORK\苗尾\苗尾监测数据\葛洲坝安全监测\冲沙兼放空洞\A断面\A断面锚杆应力计.xls
FILE:2016-11-03 05:25:59,D:\AWORK\苗尾\苗尾监测数据\葛洲坝安全监测\冲沙兼放空洞\B断面138.5\0+138.5断面锚杆应力计.xls
FILE:2016-11-03 05:25:59,D:\AWORK\苗尾\苗尾监测数据\葛洲坝安全监测\冲沙兼放空洞\C断面364\0+364断面锚杆应力计.xls
FILE:2016-11-03 05:25:59,D:\AWORK\苗尾\苗尾监测数据\葛洲坝安全监测\引水洞\1#引水洞\1#锚杆应力计.xls
FILE:2016-11-03 05:25:59,D:\AWORK\苗尾\苗尾监测数据\葛洲坝安全监测\引水洞\2#引水洞\2#锚杆应力计.xls
FILE:2016-11-03 05:25:59,D:\AWORK\苗尾\苗尾监测数据\葛洲坝安全监测\引水洞\3#引水洞\3#引水洞锚杆应力计.xls
FILE:2016-11-03 05:25:59,D:\AWORK\苗尾\苗尾监测数据\葛洲坝安全监测\引水洞\4#引水洞\4#引水洞锚杆应力计.xls
FILE:2016-11-03 05:25:59,D:\AWORK\苗尾\苗尾监测数据\葛洲坝安全监测\灌溉取水交通洞\灌溉交通洞0+105.47B\0+105.47锚杆应力计.xls
FILE:2016-11-03 05:25:59,D:\AWORK\苗尾\苗尾监测数据\葛洲坝安全监测\灌溉取水交通洞\灌溉交通洞0+131.97C\0+131.97锚杆应力计.xls
FILE:2016-11-03 05:25:59,D:\AWORK\苗尾\苗尾监测数据\葛洲坝安全监测\灌溉取水交通洞\灌溉交通洞0+158.47D\0+158.47锚杆应力计.xls
FILE:2016-11-03 05:25:59,D:\AWORK\苗尾\苗尾监测数据\葛洲坝安全监测\灌溉取水交通洞\灌溉交通洞0+184.97E\0+184.97锚杆应力计.xls
