FILE:2017-01-13 02:03:03,D:\AWORK\苗尾\苗尾监测数据\昆明院监测\PD45探洞（渗压计）\PD45探洞渗压计.xls
FILE:2017-01-13 02:03:03,D:\AWORK\苗尾\苗尾监测数据\昆明院监测\上下游围堰\上游围堰渗压计.xls
FILE:2017-01-13 02:03:03,D:\AWORK\苗尾\苗尾监测数据\昆明院监测\上下游围堰\下游围堰渗压计.xls
FILE:2017-01-13 02:03:03,D:\AWORK\苗尾\苗尾监测数据\昆明院监测\下游左岸雾化区\雾化区渗压计.xls
FILE:2017-01-13 02:03:03,D:\AWORK\苗尾\苗尾监测数据\昆明院监测\厂后\厂后区渗压计.xls
FILE:2017-01-13 02:03:03,D:\AWORK\苗尾\苗尾监测数据\昆明院监测\右坝头监测\右坝头渗压计.xls
FILE:2017-01-13 02:03:03,D:\AWORK\苗尾\苗尾监测数据\昆明院监测\大坝\大坝基础（渗压计）\大坝基础渗压计.xls
FILE:2017-01-13 02:03:03,D:\AWORK\苗尾\苗尾监测数据\昆明院监测\大坝\大坝心墙\渗压计.xls
FILE:2017-01-13 02:03:03,D:\AWORK\苗尾\苗尾监测数据\昆明院监测\导流隧洞观测数据第265期\导流洞\导流洞渗压计.xls
FILE:2017-01-13 02:03:03,D:\AWORK\苗尾\苗尾监测数据\昆明院监测\溢洪道\溢洪道控制段\溢洪道控制段渗压计.xls
FILE:2017-01-13 02:03:03,D:\AWORK\苗尾\苗尾监测数据\昆明院监测\溢洪道\溢洪道泄槽段右侧边坡\溢洪道泄槽段右侧边坡渗压计.xls
FILE:2017-01-13 02:03:03,D:\AWORK\苗尾\苗尾监测数据\昆明院监测\溢洪道\溢洪道泄槽段左侧边坡\溢洪道泄槽段左侧边坡渗压计.xls
FILE:2017-01-13 02:03:03,D:\AWORK\苗尾\苗尾监测数据\昆明院监测\溢洪道\溢洪道泄槽段底板\溢洪道泄槽段底板渗压计.xls
FILE:2017-01-13 02:03:03,D:\AWORK\苗尾\苗尾监测数据\昆明院监测\溢洪道\溢洪道进水渠边坡\溢洪道进水渠边坡渗压计.xls
FILE:2017-01-13 02:03:03,D:\AWORK\苗尾\苗尾监测数据\葛洲坝安全监测\冲沙兼放空洞\B断面138.5\渗压计.xls
FILE:2017-01-13 02:03:03,D:\AWORK\苗尾\苗尾监测数据\葛洲坝安全监测\冲沙兼放空洞\C断面364\0+364渗压计.xls
FILE:2017-01-13 02:03:03,D:\AWORK\苗尾\苗尾监测数据\葛洲坝安全监测\冲沙兼放空洞\D断面\D断面渗压计.xls
FILE:2017-01-13 02:03:03,D:\AWORK\苗尾\苗尾监测数据\葛洲坝安全监测\厂房基础\渗压计.xls
FILE:2017-01-13 02:03:03,D:\AWORK\苗尾\苗尾监测数据\葛洲坝安全监测\引水洞\测压管渗压计.xls
FILE:2017-01-13 02:03:03,D:\AWORK\苗尾\苗尾监测数据\葛洲坝安全监测\引水洞\1#引水洞\1#渗压计.xls
FILE:2017-01-13 02:03:03,D:\AWORK\苗尾\苗尾监测数据\葛洲坝安全监测\引水洞\2#引水洞\2#渗压计.xls
FILE:2017-01-13 02:03:03,D:\AWORK\苗尾\苗尾监测数据\葛洲坝安全监测\引水洞\3#引水洞\3#渗压计.xls
FILE:2017-01-13 02:03:03,D:\AWORK\苗尾\苗尾监测数据\葛洲坝安全监测\引水洞\4#引水洞\4#渗压计.xls
FILE:2017-01-13 02:03:03,D:\AWORK\苗尾\苗尾监测数据\葛洲坝安全监测\排水廊道，灌浆廊道\测压管渗压计.xls
FILE:2017-01-13 02:04:22,D:\AWORK\苗尾\苗尾监测数据\昆明院监测\PD45探洞（渗压计）\PD45探洞渗压计.xls
FILE:2017-01-13 02:04:22,D:\AWORK\苗尾\苗尾监测数据\昆明院监测\上下游围堰\上游围堰渗压计.xls
FILE:2017-01-13 02:04:22,D:\AWORK\苗尾\苗尾监测数据\昆明院监测\上下游围堰\下游围堰渗压计.xls
FILE:2017-01-13 02:04:22,D:\AWORK\苗尾\苗尾监测数据\昆明院监测\下游左岸雾化区\雾化区渗压计.xls
FILE:2017-01-13 02:04:22,D:\AWORK\苗尾\苗尾监测数据\昆明院监测\厂后\厂后区渗压计.xls
FILE:2017-01-13 02:04:22,D:\AWORK\苗尾\苗尾监测数据\昆明院监测\右坝头监测\右坝头渗压计.xls
FILE:2017-01-13 02:04:22,D:\AWORK\苗尾\苗尾监测数据\昆明院监测\大坝\大坝基础（渗压计）\大坝基础渗压计.xls
FILE:2017-01-13 02:04:22,D:\AWORK\苗尾\苗尾监测数据\昆明院监测\大坝\大坝心墙\渗压计.xls
FILE:2017-01-13 02:04:22,D:\AWORK\苗尾\苗尾监测数据\昆明院监测\导流隧洞观测数据第265期\导流洞\导流洞渗压计.xls
FILE:2017-01-13 02:04:22,D:\AWORK\苗尾\苗尾监测数据\昆明院监测\溢洪道\溢洪道控制段\溢洪道控制段渗压计.xls
FILE:2017-01-13 02:04:22,D:\AWORK\苗尾\苗尾监测数据\昆明院监测\溢洪道\溢洪道泄槽段右侧边坡\溢洪道泄槽段右侧边坡渗压计.xls
FILE:2017-01-13 02:04:22,D:\AWORK\苗尾\苗尾监测数据\昆明院监测\溢洪道\溢洪道泄槽段左侧边坡\溢洪道泄槽段左侧边坡渗压计.xls
FILE:2017-01-13 02:04:22,D:\AWORK\苗尾\苗尾监测数据\昆明院监测\溢洪道\溢洪道泄槽段底板\溢洪道泄槽段底板渗压计.xls
FILE:2017-01-13 02:04:22,D:\AWORK\苗尾\苗尾监测数据\昆明院监测\溢洪道\溢洪道进水渠边坡\溢洪道进水渠边坡渗压计.xls
FILE:2017-01-13 02:04:22,D:\AWORK\苗尾\苗尾监测数据\葛洲坝安全监测\冲沙兼放空洞\B断面138.5\渗压计.xls
FILE:2017-01-13 02:04:22,D:\AWORK\苗尾\苗尾监测数据\葛洲坝安全监测\冲沙兼放空洞\C断面364\0+364渗压计.xls
FILE:2017-01-13 02:04:22,D:\AWORK\苗尾\苗尾监测数据\葛洲坝安全监测\冲沙兼放空洞\D断面\D断面渗压计.xls
FILE:2017-01-13 02:04:22,D:\AWORK\苗尾\苗尾监测数据\葛洲坝安全监测\厂房基础\渗压计.xls
FILE:2017-01-13 02:04:22,D:\AWORK\苗尾\苗尾监测数据\葛洲坝安全监测\引水洞\测压管渗压计.xls
FILE:2017-01-13 02:04:22,D:\AWORK\苗尾\苗尾监测数据\葛洲坝安全监测\引水洞\1#引水洞\1#渗压计.xls
FILE:2017-01-13 02:04:22,D:\AWORK\苗尾\苗尾监测数据\葛洲坝安全监测\引水洞\2#引水洞\2#渗压计.xls
FILE:2017-01-13 02:04:22,D:\AWORK\苗尾\苗尾监测数据\葛洲坝安全监测\引水洞\3#引水洞\3#渗压计.xls
FILE:2017-01-13 02:04:22,D:\AWORK\苗尾\苗尾监测数据\葛洲坝安全监测\引水洞\4#引水洞\4#渗压计.xls
FILE:2017-01-13 02:04:22,D:\AWORK\苗尾\苗尾监测数据\葛洲坝安全监测\排水廊道，灌浆廊道\测压管渗压计.xls
FILE:2017-01-13 02:05:27,D:\AWORK\苗尾\苗尾监测数据\昆明院监测\PD45探洞（渗压计）\PD45探洞渗压计.xls
FILE:2017-01-13 02:05:27,D:\AWORK\苗尾\苗尾监测数据\昆明院监测\上下游围堰\上游围堰渗压计.xls
FILE:2017-01-13 02:05:27,D:\AWORK\苗尾\苗尾监测数据\昆明院监测\上下游围堰\下游围堰渗压计.xls
FILE:2017-01-13 02:05:27,D:\AWORK\苗尾\苗尾监测数据\昆明院监测\下游左岸雾化区\雾化区渗压计.xls
FILE:2017-01-13 02:05:27,D:\AWORK\苗尾\苗尾监测数据\昆明院监测\厂后\厂后区渗压计.xls
FILE:2017-01-13 02:05:27,D:\AWORK\苗尾\苗尾监测数据\昆明院监测\右坝头监测\右坝头渗压计.xls
FILE:2017-01-13 02:05:27,D:\AWORK\苗尾\苗尾监测数据\昆明院监测\大坝\大坝基础（渗压计）\大坝基础渗压计.xls
FILE:2017-01-13 02:05:27,D:\AWORK\苗尾\苗尾监测数据\昆明院监测\大坝\大坝心墙\渗压计.xls
FILE:2017-01-13 02:05:27,D:\AWORK\苗尾\苗尾监测数据\昆明院监测\导流隧洞观测数据第265期\导流洞\导流洞渗压计.xls
FILE:2017-01-13 02:05:27,D:\AWORK\苗尾\苗尾监测数据\昆明院监测\溢洪道\溢洪道控制段\溢洪道控制段渗压计.xls
FILE:2017-01-13 02:05:27,D:\AWORK\苗尾\苗尾监测数据\昆明院监测\溢洪道\溢洪道泄槽段右侧边坡\溢洪道泄槽段右侧边坡渗压计.xls
FILE:2017-01-13 02:05:27,D:\AWORK\苗尾\苗尾监测数据\昆明院监测\溢洪道\溢洪道泄槽段左侧边坡\溢洪道泄槽段左侧边坡渗压计.xls
FILE:2017-01-13 02:05:27,D:\AWORK\苗尾\苗尾监测数据\昆明院监测\溢洪道\溢洪道泄槽段底板\溢洪道泄槽段底板渗压计.xls
FILE:2017-01-13 02:05:27,D:\AWORK\苗尾\苗尾监测数据\昆明院监测\溢洪道\溢洪道进水渠边坡\溢洪道进水渠边坡渗压计.xls
FILE:2017-01-13 02:05:27,D:\AWORK\苗尾\苗尾监测数据\葛洲坝安全监测\冲沙兼放空洞\B断面138.5\渗压计.xls
FILE:2017-01-13 02:05:27,D:\AWORK\苗尾\苗尾监测数据\葛洲坝安全监测\冲沙兼放空洞\C断面364\0+364渗压计.xls
FILE:2017-01-13 02:05:27,D:\AWORK\苗尾\苗尾监测数据\葛洲坝安全监测\冲沙兼放空洞\D断面\D断面渗压计.xls
FILE:2017-01-13 02:05:27,D:\AWORK\苗尾\苗尾监测数据\葛洲坝安全监测\厂房基础\渗压计.xls
FILE:2017-01-13 02:05:27,D:\AWORK\苗尾\苗尾监测数据\葛洲坝安全监测\引水洞\测压管渗压计.xls
FILE:2017-01-13 02:05:27,D:\AWORK\苗尾\苗尾监测数据\葛洲坝安全监测\引水洞\1#引水洞\1#渗压计.xls
FILE:2017-01-13 02:05:27,D:\AWORK\苗尾\苗尾监测数据\葛洲坝安全监测\引水洞\2#引水洞\2#渗压计.xls
FILE:2017-01-13 02:05:27,D:\AWORK\苗尾\苗尾监测数据\葛洲坝安全监测\引水洞\3#引水洞\3#渗压计.xls
FILE:2017-01-13 02:05:27,D:\AWORK\苗尾\苗尾监测数据\葛洲坝安全监测\引水洞\4#引水洞\4#渗压计.xls
FILE:2017-01-13 02:05:27,D:\AWORK\苗尾\苗尾监测数据\葛洲坝安全监测\排水廊道，灌浆廊道\测压管渗压计.xls
FILE:2017-01-13 02:07:49,D:\AWORK\苗尾\苗尾监测数据\昆明院监测\PD45探洞（渗压计）\PD45探洞渗压计.xls
FILE:2017-01-13 02:07:49,D:\AWORK\苗尾\苗尾监测数据\昆明院监测\上下游围堰\上游围堰渗压计.xls
FILE:2017-01-13 02:07:49,D:\AWORK\苗尾\苗尾监测数据\昆明院监测\上下游围堰\下游围堰渗压计.xls
FILE:2017-01-13 02:07:49,D:\AWORK\苗尾\苗尾监测数据\昆明院监测\下游左岸雾化区\雾化区渗压计.xls
FILE:2017-01-13 02:07:49,D:\AWORK\苗尾\苗尾监测数据\昆明院监测\厂后\厂后区渗压计.xls
FILE:2017-01-13 02:07:49,D:\AWORK\苗尾\苗尾监测数据\昆明院监测\右坝头监测\右坝头渗压计.xls
FILE:2017-01-13 02:07:49,D:\AWORK\苗尾\苗尾监测数据\昆明院监测\大坝\大坝基础（渗压计）\大坝基础渗压计.xls
FILE:2017-01-13 02:07:49,D:\AWORK\苗尾\苗尾监测数据\昆明院监测\大坝\大坝心墙\渗压计.xls
FILE:2017-01-13 02:07:49,D:\AWORK\苗尾\苗尾监测数据\昆明院监测\导流隧洞观测数据第265期\导流洞\导流洞渗压计.xls
FILE:2017-01-13 02:07:49,D:\AWORK\苗尾\苗尾监测数据\昆明院监测\溢洪道\溢洪道控制段\溢洪道控制段渗压计.xls
FILE:2017-01-13 02:07:49,D:\AWORK\苗尾\苗尾监测数据\昆明院监测\溢洪道\溢洪道泄槽段右侧边坡\溢洪道泄槽段右侧边坡渗压计.xls
FILE:2017-01-13 02:07:49,D:\AWORK\苗尾\苗尾监测数据\昆明院监测\溢洪道\溢洪道泄槽段左侧边坡\溢洪道泄槽段左侧边坡渗压计.xls
FILE:2017-01-13 02:07:49,D:\AWORK\苗尾\苗尾监测数据\昆明院监测\溢洪道\溢洪道泄槽段底板\溢洪道泄槽段底板渗压计.xls
FILE:2017-01-13 02:07:49,D:\AWORK\苗尾\苗尾监测数据\昆明院监测\溢洪道\溢洪道进水渠边坡\溢洪道进水渠边坡渗压计.xls
FILE:2017-01-13 02:07:49,D:\AWORK\苗尾\苗尾监测数据\葛洲坝安全监测\冲沙兼放空洞\B断面138.5\渗压计.xls
FILE:2017-01-13 02:07:49,D:\AWORK\苗尾\苗尾监测数据\葛洲坝安全监测\冲沙兼放空洞\C断面364\0+364渗压计.xls
FILE:2017-01-13 02:07:49,D:\AWORK\苗尾\苗尾监测数据\葛洲坝安全监测\冲沙兼放空洞\D断面\D断面渗压计.xls
FILE:2017-01-13 02:07:49,D:\AWORK\苗尾\苗尾监测数据\葛洲坝安全监测\厂房基础\渗压计.xls
FILE:2017-01-13 02:07:49,D:\AWORK\苗尾\苗尾监测数据\葛洲坝安全监测\引水洞\测压管渗压计.xls
FILE:2017-01-13 02:07:49,D:\AWORK\苗尾\苗尾监测数据\葛洲坝安全监测\引水洞\1#引水洞\1#渗压计.xls
FILE:2017-01-13 02:07:49,D:\AWORK\苗尾\苗尾监测数据\葛洲坝安全监测\引水洞\2#引水洞\2#渗压计.xls
FILE:2017-01-13 02:07:49,D:\AWORK\苗尾\苗尾监测数据\葛洲坝安全监测\引水洞\3#引水洞\3#渗压计.xls
FILE:2017-01-13 02:07:49,D:\AWORK\苗尾\苗尾监测数据\葛洲坝安全监测\引水洞\4#引水洞\4#渗压计.xls
FILE:2017-01-13 02:07:49,D:\AWORK\苗尾\苗尾监测数据\葛洲坝安全监测\排水廊道，灌浆廊道\测压管渗压计.xls
FILE:2017-01-13 02:13:05,D:\AWORK\苗尾\苗尾监测数据\昆明院监测\PD45探洞（渗压计）\PD45探洞渗压计.xls
FILE:2017-01-13 02:13:05,D:\AWORK\苗尾\苗尾监测数据\昆明院监测\上下游围堰\上游围堰渗压计.xls
FILE:2017-01-13 02:13:05,D:\AWORK\苗尾\苗尾监测数据\昆明院监测\上下游围堰\下游围堰渗压计.xls
FILE:2017-01-13 02:13:05,D:\AWORK\苗尾\苗尾监测数据\昆明院监测\下游左岸雾化区\雾化区渗压计.xls
FILE:2017-01-13 02:13:05,D:\AWORK\苗尾\苗尾监测数据\昆明院监测\厂后\厂后区渗压计.xls
FILE:2017-01-13 02:13:05,D:\AWORK\苗尾\苗尾监测数据\昆明院监测\右坝头监测\右坝头渗压计.xls
FILE:2017-01-13 02:13:05,D:\AWORK\苗尾\苗尾监测数据\昆明院监测\大坝\大坝基础（渗压计）\大坝基础渗压计.xls
FILE:2017-01-13 02:13:05,D:\AWORK\苗尾\苗尾监测数据\昆明院监测\大坝\大坝心墙\渗压计.xls
FILE:2017-01-13 02:13:05,D:\AWORK\苗尾\苗尾监测数据\昆明院监测\导流隧洞观测数据第265期\导流洞\导流洞渗压计.xls
FILE:2017-01-13 02:13:05,D:\AWORK\苗尾\苗尾监测数据\昆明院监测\溢洪道\溢洪道控制段\溢洪道控制段渗压计.xls
FILE:2017-01-13 02:13:05,D:\AWORK\苗尾\苗尾监测数据\昆明院监测\溢洪道\溢洪道泄槽段右侧边坡\溢洪道泄槽段右侧边坡渗压计.xls
FILE:2017-01-13 02:13:05,D:\AWORK\苗尾\苗尾监测数据\昆明院监测\溢洪道\溢洪道泄槽段左侧边坡\溢洪道泄槽段左侧边坡渗压计.xls
FILE:2017-01-13 02:13:05,D:\AWORK\苗尾\苗尾监测数据\昆明院监测\溢洪道\溢洪道泄槽段底板\溢洪道泄槽段底板渗压计.xls
FILE:2017-01-13 02:13:05,D:\AWORK\苗尾\苗尾监测数据\昆明院监测\溢洪道\溢洪道进水渠边坡\溢洪道进水渠边坡渗压计.xls
FILE:2017-01-13 02:13:05,D:\AWORK\苗尾\苗尾监测数据\葛洲坝安全监测\冲沙兼放空洞\B断面138.5\渗压计.xls
FILE:2017-01-13 02:13:05,D:\AWORK\苗尾\苗尾监测数据\葛洲坝安全监测\冲沙兼放空洞\C断面364\0+364渗压计.xls
FILE:2017-01-13 02:13:05,D:\AWORK\苗尾\苗尾监测数据\葛洲坝安全监测\冲沙兼放空洞\D断面\D断面渗压计.xls
FILE:2017-01-13 02:13:05,D:\AWORK\苗尾\苗尾监测数据\葛洲坝安全监测\厂房基础\渗压计.xls
FILE:2017-01-13 02:13:05,D:\AWORK\苗尾\苗尾监测数据\葛洲坝安全监测\引水洞\测压管渗压计.xls
FILE:2017-01-13 02:13:05,D:\AWORK\苗尾\苗尾监测数据\葛洲坝安全监测\引水洞\1#引水洞\1#渗压计.xls
FILE:2017-01-13 02:13:05,D:\AWORK\苗尾\苗尾监测数据\葛洲坝安全监测\引水洞\2#引水洞\2#渗压计.xls
FILE:2017-01-13 02:13:05,D:\AWORK\苗尾\苗尾监测数据\葛洲坝安全监测\引水洞\3#引水洞\3#渗压计.xls
FILE:2017-01-13 02:13:05,D:\AWORK\苗尾\苗尾监测数据\葛洲坝安全监测\引水洞\4#引水洞\4#渗压计.xls
FILE:2017-01-13 02:13:05,D:\AWORK\苗尾\苗尾监测数据\葛洲坝安全监测\排水廊道，灌浆廊道\测压管渗压计.xls
写入103行测值
写入103行成果值
FILE:2017-01-13 02:18:29,D:\AWORK\苗尾\苗尾监测数据\葛洲坝安全监测\冲沙兼放空洞\冲沙洞0+279.4   A断面\A断面钢板应力计.xls
FILE:2017-01-13 02:18:29,D:\AWORK\苗尾\苗尾监测数据\葛洲坝安全监测\冲沙兼放空洞\冲沙洞0+380  B断面\钢板应力计.xls
FILE:2017-01-13 02:18:29,D:\AWORK\苗尾\苗尾监测数据\葛洲坝安全监测\冲沙兼放空洞\冲沙洞出口延伸段\钢板应力计.xls
FILE:2017-01-13 02:18:29,D:\AWORK\苗尾\苗尾监测数据\葛洲坝安全监测\厂房蜗壳\2#机蜗壳钢板应力计.xls
FILE:2017-01-13 02:18:29,D:\AWORK\苗尾\苗尾监测数据\葛洲坝安全监测\厂房蜗壳\4#机蜗壳钢板应力计 .xls
FILE:2017-01-13 02:18:29,D:\AWORK\苗尾\苗尾监测数据\葛洲坝安全监测\引水洞\1#引水洞\1#钢板应力计.xls
FILE:2017-01-13 02:18:29,D:\AWORK\苗尾\苗尾监测数据\葛洲坝安全监测\引水洞\2#引水洞\2#钢板应力计.xls
FILE:2017-01-13 02:18:29,D:\AWORK\苗尾\苗尾监测数据\葛洲坝安全监测\引水洞\3#引水洞\3#钢板应力计.xls
FILE:2017-01-13 02:18:29,D:\AWORK\苗尾\苗尾监测数据\葛洲坝安全监测\引水洞\4#引水洞\4#钢板应力计.xls
FILE:2017-01-13 02:22:43,D:\AWORK\苗尾\苗尾监测数据\葛洲坝安全监测\冲沙兼放空洞\冲沙洞0+279.4   A断面\A断面钢板应力计.xls
FILE:2017-01-13 02:22:43,D:\AWORK\苗尾\苗尾监测数据\葛洲坝安全监测\冲沙兼放空洞\冲沙洞0+380  B断面\钢板应力计.xls
FILE:2017-01-13 02:22:43,D:\AWORK\苗尾\苗尾监测数据\葛洲坝安全监测\冲沙兼放空洞\冲沙洞出口延伸段\钢板应力计.xls
FILE:2017-01-13 02:22:43,D:\AWORK\苗尾\苗尾监测数据\葛洲坝安全监测\厂房蜗壳\2#机蜗壳钢板应力计.xls
FILE:2017-01-13 02:22:43,D:\AWORK\苗尾\苗尾监测数据\葛洲坝安全监测\厂房蜗壳\4#机蜗壳钢板应力计 .xls
DATA:GWK4#-4-3,25,数据误差超限
DATA:GWK4#-4-3,26,数据误差超限
DATA:GWK4#-4-3,27,数据误差超限
DATA:GWK4#-4-3,28,数据误差超限
DATA:GWK4#-4-3,29,数据误差超限
DATA:GWK4#-4-3,30,数据误差超限
DATA:GWK4#-4-3,33,数据误差超限
DATA:GWK4#-4-3,34,数据误差超限
DATA:GWK4#-4-3,35,数据误差超限
DATA:GWK4#-4-3,36,数据误差超限
DATA:GWK4#-4-3,37,数据误差超限
DATA:GWK4#-4-3,38,数据误差超限
DATA:GWK4#-4-3,39,数据误差超限
DATA:GWK4#-4-3,40,数据误差超限
DATA:GWK4#-4-3,41,数据误差超限
DATA:GWK4#-4-3,42,数据误差超限
DATA:GWK4#-4-3,43,数据误差超限
DATA:GWK4#-4-3,44,数据误差超限
DATA:GWK4#-4-3,45,数据误差超限
DATA:GWK4#-4-3,46,数据误差超限
DATA:GWK4#-4-3,47,数据误差超限
DATA:GWK4#-4-3,48,数据误差超限
DATA:GWK4#-4-3,49,数据误差超限
DATA:GWK4#-4-3,50,数据误差超限
DATA:GWK4#-4-3,51,数据误差超限
DATA:GWK4#-4-3,52,数据误差超限
DATA:GWK4#-4-3,53,数据误差超限
DATA:GWK4#-4-3,54,数据误差超限
DATA:GWK4#-4-3,55,数据误差超限
DATA:GWK4#-4-3,56,数据误差超限
DATA:GWK4#-4-3,57,数据误差超限
DATA:GWK4#-4-3,58,数据误差超限
DATA:GWK4#-4-3,59,数据误差超限
DATA:GWK4#-4-3,60,数据误差超限
DATA:GWK4#-4-3,61,数据误差超限
DATA:GWK4#-4-3,62,数据误差超限
DATA:GWK4#-4-3,63,数据误差超限
DATA:GWK4#-4-3,64,数据误差超限
DATA:GWK4#-4-3,65,数据误差超限
FILE:2017-01-13 02:22:43,D:\AWORK\苗尾\苗尾监测数据\葛洲坝安全监测\引水洞\1#引水洞\1#钢板应力计.xls
FILE:2017-01-13 02:22:43,D:\AWORK\苗尾\苗尾监测数据\葛洲坝安全监测\引水洞\2#引水洞\2#钢板应力计.xls
FILE:2017-01-13 02:22:43,D:\AWORK\苗尾\苗尾监测数据\葛洲坝安全监测\引水洞\3#引水洞\3#钢板应力计.xls
FILE:2017-01-13 02:22:43,D:\AWORK\苗尾\苗尾监测数据\葛洲坝安全监测\引水洞\4#引水洞\4#钢板应力计.xls
FILE:2017-01-13 02:24:25,D:\AWORK\苗尾\苗尾监测数据\葛洲坝安全监测\冲沙兼放空洞\冲沙洞0+279.4   A断面\A断面钢板应力计.xls
FILE:2017-01-13 02:24:25,D:\AWORK\苗尾\苗尾监测数据\葛洲坝安全监测\冲沙兼放空洞\冲沙洞0+380  B断面\钢板应力计.xls
FILE:2017-01-13 02:24:25,D:\AWORK\苗尾\苗尾监测数据\葛洲坝安全监测\冲沙兼放空洞\冲沙洞出口延伸段\钢板应力计.xls
FILE:2017-01-13 02:24:25,D:\AWORK\苗尾\苗尾监测数据\葛洲坝安全监测\厂房蜗壳\2#机蜗壳钢板应力计.xls
FILE:2017-01-13 02:24:25,D:\AWORK\苗尾\苗尾监测数据\葛洲坝安全监测\厂房蜗壳\4#机蜗壳钢板应力计 .xls
FILE:2017-01-13 02:24:25,D:\AWORK\苗尾\苗尾监测数据\葛洲坝安全监测\引水洞\1#引水洞\1#钢板应力计.xls
FILE:2017-01-13 02:24:25,D:\AWORK\苗尾\苗尾监测数据\葛洲坝安全监测\引水洞\2#引水洞\2#钢板应力计.xls
FILE:2017-01-13 02:24:25,D:\AWORK\苗尾\苗尾监测数据\葛洲坝安全监测\引水洞\3#引水洞\3#钢板应力计.xls
FILE:2017-01-13 02:24:25,D:\AWORK\苗尾\苗尾监测数据\葛洲坝安全监测\引水洞\4#引水洞\4#钢板应力计.xls
FILE:2017-01-13 02:25:55,D:\AWORK\苗尾\苗尾监测数据\葛洲坝安全监测\冲沙兼放空洞\冲沙洞0+279.4   A断面\A断面钢板应力计.xls
FILE:2017-01-13 02:25:55,D:\AWORK\苗尾\苗尾监测数据\葛洲坝安全监测\冲沙兼放空洞\冲沙洞0+380  B断面\钢板应力计.xls
FILE:2017-01-13 02:25:55,D:\AWORK\苗尾\苗尾监测数据\葛洲坝安全监测\冲沙兼放空洞\冲沙洞出口延伸段\钢板应力计.xls
FILE:2017-01-13 02:25:55,D:\AWORK\苗尾\苗尾监测数据\葛洲坝安全监测\厂房蜗壳\2#机蜗壳钢板应力计.xls
FILE:2017-01-13 02:25:55,D:\AWORK\苗尾\苗尾监测数据\葛洲坝安全监测\厂房蜗壳\4#机蜗壳钢板应力计 .xls
FILE:2017-01-13 02:25:55,D:\AWORK\苗尾\苗尾监测数据\葛洲坝安全监测\引水洞\1#引水洞\1#钢板应力计.xls
FILE:2017-01-13 02:25:55,D:\AWORK\苗尾\苗尾监测数据\葛洲坝安全监测\引水洞\2#引水洞\2#钢板应力计.xls
FILE:2017-01-13 02:25:55,D:\AWORK\苗尾\苗尾监测数据\葛洲坝安全监测\引水洞\3#引水洞\3#钢板应力计.xls
FILE:2017-01-13 02:25:55,D:\AWORK\苗尾\苗尾监测数据\葛洲坝安全监测\引水洞\4#引水洞\4#钢板应力计.xls
写入47行测值
写入47行成果值
FILE:2017-01-13 03:05:28,D:\AWORK\苗尾\苗尾监测数据\昆明院监测\厂前\厂前区钢筋计.xls
FILE:2017-01-13 03:05:28,D:\AWORK\苗尾\苗尾监测数据\昆明院监测\厂后\厂后区钢筋计.xls
FILE:2017-01-13 03:05:28,D:\AWORK\苗尾\苗尾监测数据\昆明院监测\右坝基监测\右坝基钢筋计.xls
FILE:2017-01-13 03:05:28,D:\AWORK\苗尾\苗尾监测数据\昆明院监测\右坝头监测\右坝头钢筋计.xls
FILE:2017-01-13 03:05:28,D:\AWORK\苗尾\苗尾监测数据\昆明院监测\大坝\大坝垫层\钢筋计.xls
FILE:2017-01-13 03:05:28,D:\AWORK\苗尾\苗尾监测数据\昆明院监测\导流隧洞观测数据第265期\导流洞\导流洞钢筋计.xls
FILE:2017-01-13 03:05:28,D:\AWORK\苗尾\苗尾监测数据\昆明院监测\左坝基监测\左坝基钢筋计.xls
FILE:2017-01-13 03:05:28,D:\AWORK\苗尾\苗尾监测数据\昆明院监测\料场-观测数据\钢筋计.xls
FILE:2017-01-13 03:05:28,D:\AWORK\苗尾\苗尾监测数据\昆明院监测\溢洪道\溢洪道泄槽段右侧边坡\溢洪道泄槽段右侧边坡钢筋应力计.xls
FILE:2017-01-13 03:05:28,D:\AWORK\苗尾\苗尾监测数据\昆明院监测\溢洪道\溢洪道泄槽段左侧边坡\溢洪道泄槽段左侧边坡钢筋应力计.xls
FILE:2017-01-13 03:05:28,D:\AWORK\苗尾\苗尾监测数据\昆明院监测\溢洪道\溢洪道泄槽段底板\溢洪道泄槽段底板钢筋计.xls
FILE:2017-01-13 03:05:28,D:\AWORK\苗尾\苗尾监测数据\昆明院监测\溢洪道\溢洪道进水渠边坡\溢洪道边坡钢筋应力计.xls
FILE:2017-01-13 03:05:28,D:\AWORK\苗尾\苗尾监测数据\昆明院监测\溢洪道\溢洪道闸墩\溢洪道闸墩钢筋计.xls
FILE:2017-01-13 03:05:28,D:\AWORK\苗尾\苗尾监测数据\昆明院监测\进水口\进水口钢筋计.xls
FILE:2017-01-13 03:05:28,D:\AWORK\苗尾\苗尾监测数据\葛洲坝安全监测\2#施工支洞\出口边坡\2#施工支洞边坡钢筋计.xls
FILE:2017-01-13 03:05:28,D:\AWORK\苗尾\苗尾监测数据\葛洲坝安全监测\冲沙兼放空洞\冲沙洞出口延伸段\钢筋计.xls
FILE:2017-01-13 03:05:28,D:\AWORK\苗尾\苗尾监测数据\葛洲坝安全监测\厂房尾水管\1#机组钢筋计.xls
FILE:2017-01-13 03:05:28,D:\AWORK\苗尾\苗尾监测数据\葛洲坝安全监测\厂房尾水管\3#机组钢筋计.xls
FILE:2017-01-13 03:05:28,D:\AWORK\苗尾\苗尾监测数据\葛洲坝安全监测\厂房蜗壳\2#机蜗壳钢筋计.xls
FILE:2017-01-13 03:05:28,D:\AWORK\苗尾\苗尾监测数据\葛洲坝安全监测\厂房蜗壳\4#机蜗壳钢筋计 .xls
FILE:2017-01-13 03:05:28,D:\AWORK\苗尾\苗尾监测数据\葛洲坝安全监测\灌溉取水交通洞\灌溉交通洞0+015\0+15衬砌钢筋计.xls
FILE:2017-01-13 03:05:28,D:\AWORK\苗尾\苗尾监测数据\葛洲坝安全监测\灌溉取水交通洞\灌溉交通洞0+015\0+15钢筋计.xls
FILE:2017-01-13 03:05:28,D:\AWORK\苗尾\苗尾监测数据\葛洲坝安全监测\灌溉取水交通洞\灌溉交通洞0+058\0+58衬砌钢筋计.xls
FILE:2017-01-13 03:05:28,D:\AWORK\苗尾\苗尾监测数据\葛洲坝安全监测\灌溉取水交通洞\灌溉交通洞进口边坡\边坡钢筋计.xls
FILE:2017-01-13 03:11:01,D:\AWORK\苗尾\苗尾监测数据\昆明院监测\厂前\厂前区钢筋计.xls
FILE:2017-01-13 03:11:01,D:\AWORK\苗尾\苗尾监测数据\昆明院监测\厂后\厂后区钢筋计.xls
FILE:2017-01-13 03:11:01,D:\AWORK\苗尾\苗尾监测数据\昆明院监测\右坝基监测\右坝基钢筋计.xls
FILE:2017-01-13 03:11:01,D:\AWORK\苗尾\苗尾监测数据\昆明院监测\右坝头监测\右坝头钢筋计.xls
FILE:2017-01-13 03:11:01,D:\AWORK\苗尾\苗尾监测数据\昆明院监测\大坝\大坝垫层\钢筋计.xls
FILE:2017-01-13 03:11:01,D:\AWORK\苗尾\苗尾监测数据\昆明院监测\导流隧洞观测数据第265期\导流洞\导流洞钢筋计.xls
FILE:2017-01-13 03:11:01,D:\AWORK\苗尾\苗尾监测数据\昆明院监测\左坝基监测\左坝基钢筋计.xls
FILE:2017-01-13 03:11:01,D:\AWORK\苗尾\苗尾监测数据\昆明院监测\料场-观测数据\钢筋计.xls
FILE:2017-01-13 03:11:01,D:\AWORK\苗尾\苗尾监测数据\昆明院监测\溢洪道\溢洪道泄槽段右侧边坡\溢洪道泄槽段右侧边坡钢筋应力计.xls
FILE:2017-01-13 03:11:01,D:\AWORK\苗尾\苗尾监测数据\昆明院监测\溢洪道\溢洪道泄槽段左侧边坡\溢洪道泄槽段左侧边坡钢筋应力计.xls
FILE:2017-01-13 03:11:01,D:\AWORK\苗尾\苗尾监测数据\昆明院监测\溢洪道\溢洪道泄槽段底板\溢洪道泄槽段底板钢筋计.xls
FILE:2017-01-13 03:11:01,D:\AWORK\苗尾\苗尾监测数据\昆明院监测\溢洪道\溢洪道进水渠边坡\溢洪道边坡钢筋应力计.xls
FILE:2017-01-13 03:11:01,D:\AWORK\苗尾\苗尾监测数据\昆明院监测\溢洪道\溢洪道闸墩\溢洪道闸墩钢筋计.xls
FILE:2017-01-13 03:11:01,D:\AWORK\苗尾\苗尾监测数据\昆明院监测\进水口\进水口钢筋计.xls
FILE:2017-01-13 03:11:01,D:\AWORK\苗尾\苗尾监测数据\葛洲坝安全监测\2#施工支洞\出口边坡\2#施工支洞边坡钢筋计.xls
FILE:2017-01-13 03:11:01,D:\AWORK\苗尾\苗尾监测数据\葛洲坝安全监测\冲沙兼放空洞\冲沙洞出口延伸段\钢筋计.xls
FILE:2017-01-13 03:11:01,D:\AWORK\苗尾\苗尾监测数据\葛洲坝安全监测\厂房尾水管\1#机组钢筋计.xls
FILE:2017-01-13 03:11:01,D:\AWORK\苗尾\苗尾监测数据\葛洲坝安全监测\厂房尾水管\3#机组钢筋计.xls
FILE:2017-01-13 03:11:01,D:\AWORK\苗尾\苗尾监测数据\葛洲坝安全监测\厂房蜗壳\2#机蜗壳钢筋计.xls
FILE:2017-01-13 03:11:01,D:\AWORK\苗尾\苗尾监测数据\葛洲坝安全监测\厂房蜗壳\4#机蜗壳钢筋计 .xls
FILE:2017-01-13 03:11:01,D:\AWORK\苗尾\苗尾监测数据\葛洲坝安全监测\灌溉取水交通洞\灌溉交通洞0+015\0+15衬砌钢筋计.xls
FILE:2017-01-13 03:11:01,D:\AWORK\苗尾\苗尾监测数据\葛洲坝安全监测\灌溉取水交通洞\灌溉交通洞0+015\0+15钢筋计.xls
FILE:2017-01-13 03:11:01,D:\AWORK\苗尾\苗尾监测数据\葛洲坝安全监测\灌溉取水交通洞\灌溉交通洞0+058\0+58衬砌钢筋计.xls
FILE:2017-01-13 03:11:01,D:\AWORK\苗尾\苗尾监测数据\葛洲坝安全监测\灌溉取水交通洞\灌溉交通洞进口边坡\边坡钢筋计.xls
FILE:2017-01-13 03:14:58,D:\AWORK\苗尾\苗尾监测数据\昆明院监测\厂前\厂前区钢筋计.xls
FILE:2017-01-13 03:14:58,D:\AWORK\苗尾\苗尾监测数据\昆明院监测\厂后\厂后区钢筋计.xls
FILE:2017-01-13 03:14:58,D:\AWORK\苗尾\苗尾监测数据\昆明院监测\右坝基监测\右坝基钢筋计.xls
FILE:2017-01-13 03:14:58,D:\AWORK\苗尾\苗尾监测数据\昆明院监测\右坝头监测\右坝头钢筋计.xls
FILE:2017-01-13 03:14:58,D:\AWORK\苗尾\苗尾监测数据\昆明院监测\大坝\大坝垫层\钢筋计.xls
FILE:2017-01-13 03:14:58,D:\AWORK\苗尾\苗尾监测数据\昆明院监测\导流隧洞观测数据第265期\导流洞\导流洞钢筋计.xls
FILE:2017-01-13 03:14:58,D:\AWORK\苗尾\苗尾监测数据\昆明院监测\左坝基监测\左坝基钢筋计.xls
FILE:2017-01-13 03:14:58,D:\AWORK\苗尾\苗尾监测数据\昆明院监测\料场-观测数据\钢筋计.xls
FILE:2017-01-13 03:14:58,D:\AWORK\苗尾\苗尾监测数据\昆明院监测\溢洪道\溢洪道泄槽段右侧边坡\溢洪道泄槽段右侧边坡钢筋应力计.xls
FILE:2017-01-13 03:14:58,D:\AWORK\苗尾\苗尾监测数据\昆明院监测\溢洪道\溢洪道泄槽段左侧边坡\溢洪道泄槽段左侧边坡钢筋应力计.xls
FILE:2017-01-13 03:14:58,D:\AWORK\苗尾\苗尾监测数据\昆明院监测\溢洪道\溢洪道泄槽段底板\溢洪道泄槽段底板钢筋计.xls
FILE:2017-01-13 03:14:58,D:\AWORK\苗尾\苗尾监测数据\昆明院监测\溢洪道\溢洪道进水渠边坡\溢洪道边坡钢筋应力计.xls
FILE:2017-01-13 03:14:58,D:\AWORK\苗尾\苗尾监测数据\昆明院监测\溢洪道\溢洪道闸墩\溢洪道闸墩钢筋计.xls
FILE:2017-01-13 03:14:58,D:\AWORK\苗尾\苗尾监测数据\昆明院监测\进水口\进水口钢筋计.xls
FILE:2017-01-13 03:14:58,D:\AWORK\苗尾\苗尾监测数据\葛洲坝安全监测\2#施工支洞\出口边坡\2#施工支洞边坡钢筋计.xls
FILE:2017-01-13 03:14:58,D:\AWORK\苗尾\苗尾监测数据\葛洲坝安全监测\冲沙兼放空洞\冲沙洞出口延伸段\钢筋计.xls
FILE:2017-01-13 03:14:58,D:\AWORK\苗尾\苗尾监测数据\葛洲坝安全监测\厂房尾水管\1#机组钢筋计.xls
FILE:2017-01-13 03:14:58,D:\AWORK\苗尾\苗尾监测数据\葛洲坝安全监测\厂房尾水管\3#机组钢筋计.xls
FILE:2017-01-13 03:14:58,D:\AWORK\苗尾\苗尾监测数据\葛洲坝安全监测\厂房蜗壳\2#机蜗壳钢筋计.xls
FILE:2017-01-13 03:14:58,D:\AWORK\苗尾\苗尾监测数据\葛洲坝安全监测\厂房蜗壳\4#机蜗壳钢筋计 .xls
FILE:2017-01-13 03:14:58,D:\AWORK\苗尾\苗尾监测数据\葛洲坝安全监测\灌溉取水交通洞\灌溉交通洞0+015\0+15衬砌钢筋计.xls
FILE:2017-01-13 03:14:58,D:\AWORK\苗尾\苗尾监测数据\葛洲坝安全监测\灌溉取水交通洞\灌溉交通洞0+015\0+15钢筋计.xls
FILE:2017-01-13 03:14:58,D:\AWORK\苗尾\苗尾监测数据\葛洲坝安全监测\灌溉取水交通洞\灌溉交通洞0+058\0+58衬砌钢筋计.xls
FILE:2017-01-13 03:14:58,D:\AWORK\苗尾\苗尾监测数据\葛洲坝安全监测\灌溉取水交通洞\灌溉交通洞进口边坡\边坡钢筋计.xls
FILE:2017-01-13 03:17:34,D:\AWORK\苗尾\苗尾监测数据\昆明院监测\厂前\厂前区钢筋计.xls
FILE:2017-01-13 03:17:34,D:\AWORK\苗尾\苗尾监测数据\昆明院监测\厂后\厂后区钢筋计.xls
FILE:2017-01-13 03:17:34,D:\AWORK\苗尾\苗尾监测数据\昆明院监测\右坝基监测\右坝基钢筋计.xls
FILE:2017-01-13 03:17:34,D:\AWORK\苗尾\苗尾监测数据\昆明院监测\右坝头监测\右坝头钢筋计.xls
FILE:2017-01-13 03:17:34,D:\AWORK\苗尾\苗尾监测数据\昆明院监测\大坝\大坝垫层\钢筋计.xls
FILE:2017-01-13 03:17:34,D:\AWORK\苗尾\苗尾监测数据\昆明院监测\导流隧洞观测数据第265期\导流洞\导流洞钢筋计.xls
FILE:2017-01-13 03:17:34,D:\AWORK\苗尾\苗尾监测数据\昆明院监测\左坝基监测\左坝基钢筋计.xls
FILE:2017-01-13 03:17:34,D:\AWORK\苗尾\苗尾监测数据\昆明院监测\料场-观测数据\钢筋计.xls
FILE:2017-01-13 03:17:34,D:\AWORK\苗尾\苗尾监测数据\昆明院监测\溢洪道\溢洪道泄槽段右侧边坡\溢洪道泄槽段右侧边坡钢筋应力计.xls
FILE:2017-01-13 03:17:34,D:\AWORK\苗尾\苗尾监测数据\昆明院监测\溢洪道\溢洪道泄槽段左侧边坡\溢洪道泄槽段左侧边坡钢筋应力计.xls
FILE:2017-01-13 03:17:34,D:\AWORK\苗尾\苗尾监测数据\昆明院监测\溢洪道\溢洪道泄槽段底板\溢洪道泄槽段底板钢筋计.xls
FILE:2017-01-13 03:17:34,D:\AWORK\苗尾\苗尾监测数据\昆明院监测\溢洪道\溢洪道进水渠边坡\溢洪道边坡钢筋应力计.xls
FILE:2017-01-13 03:17:34,D:\AWORK\苗尾\苗尾监测数据\昆明院监测\溢洪道\溢洪道闸墩\溢洪道闸墩钢筋计.xls
FILE:2017-01-13 03:17:34,D:\AWORK\苗尾\苗尾监测数据\昆明院监测\进水口\进水口钢筋计.xls
FILE:2017-01-13 03:17:34,D:\AWORK\苗尾\苗尾监测数据\葛洲坝安全监测\2#施工支洞\出口边坡\2#施工支洞边坡钢筋计.xls
FILE:2017-01-13 03:17:34,D:\AWORK\苗尾\苗尾监测数据\葛洲坝安全监测\冲沙兼放空洞\冲沙洞出口延伸段\钢筋计.xls
FILE:2017-01-13 03:17:34,D:\AWORK\苗尾\苗尾监测数据\葛洲坝安全监测\厂房尾水管\1#机组钢筋计.xls
FILE:2017-01-13 03:17:34,D:\AWORK\苗尾\苗尾监测数据\葛洲坝安全监测\厂房尾水管\3#机组钢筋计.xls
FILE:2017-01-13 03:17:34,D:\AWORK\苗尾\苗尾监测数据\葛洲坝安全监测\厂房蜗壳\2#机蜗壳钢筋计.xls
FILE:2017-01-13 03:17:34,D:\AWORK\苗尾\苗尾监测数据\葛洲坝安全监测\厂房蜗壳\4#机蜗壳钢筋计 .xls
FILE:2017-01-13 03:17:34,D:\AWORK\苗尾\苗尾监测数据\葛洲坝安全监测\灌溉取水交通洞\灌溉交通洞0+015\0+15衬砌钢筋计.xls
FILE:2017-01-13 03:17:34,D:\AWORK\苗尾\苗尾监测数据\葛洲坝安全监测\灌溉取水交通洞\灌溉交通洞0+015\0+15钢筋计.xls
FILE:2017-01-13 03:17:34,D:\AWORK\苗尾\苗尾监测数据\葛洲坝安全监测\灌溉取水交通洞\灌溉交通洞0+058\0+58衬砌钢筋计.xls
FILE:2017-01-13 03:17:34,D:\AWORK\苗尾\苗尾监测数据\葛洲坝安全监测\灌溉取水交通洞\灌溉交通洞进口边坡\边坡钢筋计.xls
写入1036行测值
写入1036行成果值
FILE:2017-01-13 05:16:11,D:\AWORK\苗尾\苗尾监测数据\昆明院监测\下游左岸雾化区\雾化区锚索测力计.xls
DATA:DWH-4-1,43,未将对象引用设置到对象的实例。
DATA:DWH-4-1,44,未将对象引用设置到对象的实例。
DATA:DWH-4-1,45,未将对象引用设置到对象的实例。
DATA:DWH-4-1,46,未将对象引用设置到对象的实例。
DATA:DWH-4-1,47,未将对象引用设置到对象的实例。
DATA:DWH-4-1,48,未将对象引用设置到对象的实例。
DATA:DWH-4-1,49,未将对象引用设置到对象的实例。
DATA:DWH-4-1,50,未将对象引用设置到对象的实例。
DATA:DWH-4-1,51,未将对象引用设置到对象的实例。
DATA:DWH-4-1,52,未将对象引用设置到对象的实例。
DATA:DWH-4-1,53,未将对象引用设置到对象的实例。
DATA:DWH-4-1,54,未将对象引用设置到对象的实例。
DATA:DWH-4-1,55,未将对象引用设置到对象的实例。
DATA:DWH-4-1,56,未将对象引用设置到对象的实例。
DATA:DWH-4-1,57,未将对象引用设置到对象的实例。
DATA:DWH-4-1,58,未将对象引用设置到对象的实例。
DATA:DWH-4-1,59,未将对象引用设置到对象的实例。
DATA:DWH-5-1,43,未将对象引用设置到对象的实例。
DATA:DWH-5-1,44,未将对象引用设置到对象的实例。
DATA:DWH-5-1,45,未将对象引用设置到对象的实例。
DATA:DWH-5-1,46,未将对象引用设置到对象的实例。
DATA:DWH-5-1,47,未将对象引用设置到对象的实例。
DATA:DWH-5-1,48,未将对象引用设置到对象的实例。
DATA:DWH-5-1,49,未将对象引用设置到对象的实例。
DATA:DWH-5-1,50,未将对象引用设置到对象的实例。
DATA:DWH-5-1,51,未将对象引用设置到对象的实例。
DATA:DWH-5-1,52,未将对象引用设置到对象的实例。
DATA:DWH-5-1,53,未将对象引用设置到对象的实例。
DATA:DWH-5-1,54,未将对象引用设置到对象的实例。
DATA:DWH-5-1,55,未将对象引用设置到对象的实例。
FILE:2017-01-13 05:16:11,D:\AWORK\苗尾\苗尾监测数据\昆明院监测\厂后\厂后区锚索测力计.xls
DATA:DChb1-2,6,未将对象引用设置到对象的实例。
FILE:2017-01-13 05:16:11,D:\AWORK\苗尾\苗尾监测数据\昆明院监测\右坝基监测\右坝基锚索测力计.xls
DATA:Dhpt1-1,545,未将对象引用设置到对象的实例。
DATA:Dhpt1-1,546,未将对象引用设置到对象的实例。
DATA:Dhpt1-1,547,未将对象引用设置到对象的实例。
DATA:Dhpt1-1,548,未将对象引用设置到对象的实例。
DATA:Dhpt1-1,549,未将对象引用设置到对象的实例。
DATA:Dhpt1-1,550,未将对象引用设置到对象的实例。
DATA:Dhpt1-1,551,未将对象引用设置到对象的实例。
DATA:Dhpt1-1,552,未将对象引用设置到对象的实例。
DATA:Dhpt1-1,553,未将对象引用设置到对象的实例。
DATA:Dhpt1-1,554,未将对象引用设置到对象的实例。
DATA:Dhpt1-1,555,未将对象引用设置到对象的实例。
DATA:Dhpt1-1,556,未将对象引用设置到对象的实例。
DATA:Dhpt1-1,557,未将对象引用设置到对象的实例。
DATA:Dhpt1-1,558,未将对象引用设置到对象的实例。
DATA:Dhpt1-1,559,未将对象引用设置到对象的实例。
DATA:Dhpt1-1,560,未将对象引用设置到对象的实例。
DATA:Dhpt1-1,561,未将对象引用设置到对象的实例。
DATA:Dhpt1-1,562,未将对象引用设置到对象的实例。
DATA:Dhpt1-1,563,未将对象引用设置到对象的实例。
DATA:Dhpt1-1,564,未将对象引用设置到对象的实例。
DATA:Dhpt1-1,565,未将对象引用设置到对象的实例。
DATA:Dhpt1-1,566,未将对象引用设置到对象的实例。
DATA:Dhpt1-1,567,未将对象引用设置到对象的实例。
DATA:Dhpt1-1,568,未将对象引用设置到对象的实例。
DATA:Dhpt1-1,569,未将对象引用设置到对象的实例。
DATA:Dhpt1-1,570,未将对象引用设置到对象的实例。
DATA:Dhpt1-1,571,未将对象引用设置到对象的实例。
DATA:Dhpt1-1,572,未将对象引用设置到对象的实例。
DATA:Dhpt1-1,573,未将对象引用设置到对象的实例。
DATA:Dhpt1-1,574,未将对象引用设置到对象的实例。
DATA:Dhpt1-1,575,未将对象引用设置到对象的实例。
DATA:Dhpt1-1,576,未将对象引用设置到对象的实例。
DATA:Dhpt1-1,577,未将对象引用设置到对象的实例。
DATA:Dhpt1-1,578,未将对象引用设置到对象的实例。
DATA:Dhpt1-1,579,未将对象引用设置到对象的实例。
DATA:Dhpt1-1,580,未将对象引用设置到对象的实例。
DATA:Dhpt1-1,581,未将对象引用设置到对象的实例。
DATA:Dhpt1-1,582,未将对象引用设置到对象的实例。
DATA:Dhpt1-1,583,未将对象引用设置到对象的实例。
DATA:Dhpt1-1,584,未将对象引用设置到对象的实例。
DATA:Dhpt1-1,585,未将对象引用设置到对象的实例。
DATA:Dhpt1-1,586,未将对象引用设置到对象的实例。
DATA:Dhpt1-1,587,未将对象引用设置到对象的实例。
DATA:Dhpt1-1,588,未将对象引用设置到对象的实例。
DATA:Dhpt1-1,589,未将对象引用设置到对象的实例。
DATA:Dhpt1-1,590,未将对象引用设置到对象的实例。
DATA:Dhpt1-1,591,未将对象引用设置到对象的实例。
DATA:Dhpt1-1,592,未将对象引用设置到对象的实例。
DATA:Dhpt1-1,593,未将对象引用设置到对象的实例。
DATA:Dhpt1-1,594,未将对象引用设置到对象的实例。
DATA:Dhpt1-1,595,未将对象引用设置到对象的实例。
DATA:Dhpt1-1,596,未将对象引用设置到对象的实例。
DATA:Dhpt1-1,597,未将对象引用设置到对象的实例。
DATA:Dhpt1-1,598,未将对象引用设置到对象的实例。
DATA:Dhpt1-1,599,未将对象引用设置到对象的实例。
DATA:Dhpt1-1,600,未将对象引用设置到对象的实例。
DATA:Dhpt1-1,601,未将对象引用设置到对象的实例。
DATA:Dhpt1-1,602,未将对象引用设置到对象的实例。
DATA:Dhpt1-1,603,未将对象引用设置到对象的实例。
DATA:Dhpt1-1,604,未将对象引用设置到对象的实例。
DATA:Dhpt1-1,605,未将对象引用设置到对象的实例。
DATA:Dhpt1-1,606,未将对象引用设置到对象的实例。
DATA:Dhpt1-1,607,未将对象引用设置到对象的实例。
DATA:Dhpt1-1,608,未将对象引用设置到对象的实例。
DATA:Dhpt1-1,609,未将对象引用设置到对象的实例。
DATA:Dhpt1-1,610,未将对象引用设置到对象的实例。
DATA:Dhpt1-1,611,未将对象引用设置到对象的实例。
DATA:Dhpt1-1,612,未将对象引用设置到对象的实例。
DATA:Dhpt1-2,629,未将对象引用设置到对象的实例。
DATA:Dhpt1-2,630,未将对象引用设置到对象的实例。
DATA:Dhpt1-2,631,未将对象引用设置到对象的实例。
DATA:Dhpt1-2,632,未将对象引用设置到对象的实例。
DATA:Dhpt1-2,633,未将对象引用设置到对象的实例。
DATA:Dhpt1-2,634,未将对象引用设置到对象的实例。
DATA:Dhpt1-2,635,未将对象引用设置到对象的实例。
DATA:Dhpt1-2,636,未将对象引用设置到对象的实例。
DATA:Dhpt1-2,637,未将对象引用设置到对象的实例。
DATA:Dhpt1-2,638,未将对象引用设置到对象的实例。
DATA:Dhpt1-2,639,未将对象引用设置到对象的实例。
DATA:Dhpt1-2,640,未将对象引用设置到对象的实例。
DATA:Dhpt1-2,641,未将对象引用设置到对象的实例。
DATA:Dhpt1-2,642,未将对象引用设置到对象的实例。
DATA:Dhpt1-2,643,未将对象引用设置到对象的实例。
DATA:Dhpt1-2,644,未将对象引用设置到对象的实例。
DATA:Dhpt1-2,645,未将对象引用设置到对象的实例。
DATA:Dhpt1-2,646,未将对象引用设置到对象的实例。
DATA:Dhpt1-2,647,未将对象引用设置到对象的实例。
DATA:Dhpt1-2,648,未将对象引用设置到对象的实例。
DATA:Dhpt1-2,649,未将对象引用设置到对象的实例。
DATA:Dhpt1-2,650,未将对象引用设置到对象的实例。
DATA:Dhpt1-2,651,未将对象引用设置到对象的实例。
DATA:Dhpt1-2,652,未将对象引用设置到对象的实例。
DATA:Dhpt1-2,653,未将对象引用设置到对象的实例。
DATA:Dhpt1-2,654,未将对象引用设置到对象的实例。
DATA:Dhpt1-2,655,未将对象引用设置到对象的实例。
DATA:Dhpt1-2,656,未将对象引用设置到对象的实例。
DATA:Dhpt1-2,657,未将对象引用设置到对象的实例。
DATA:Dhpt1-2,658,未将对象引用设置到对象的实例。
DATA:Dhpt1-2,659,未将对象引用设置到对象的实例。
DATA:Dhpt1-2,660,未将对象引用设置到对象的实例。
DATA:Dhpt1-2,661,未将对象引用设置到对象的实例。
DATA:Dhpt1-2,662,未将对象引用设置到对象的实例。
DATA:Dhpt1-2,663,未将对象引用设置到对象的实例。
DATA:Dhpt1-2,664,未将对象引用设置到对象的实例。
DATA:Dhpt1-2,665,未将对象引用设置到对象的实例。
DATA:Dhpt1-2,666,未将对象引用设置到对象的实例。
DATA:Dhpt1-2,667,未将对象引用设置到对象的实例。
DATA:Dhpt1-2,668,未将对象引用设置到对象的实例。
DATA:Dhpt1-2,669,未将对象引用设置到对象的实例。
DATA:Dhpt1-2,670,未将对象引用设置到对象的实例。
DATA:Dhpt1-2,671,未将对象引用设置到对象的实例。
DATA:Dhpt1-2,672,未将对象引用设置到对象的实例。
DATA:Dhpt1-2,673,未将对象引用设置到对象的实例。
DATA:Dhpt1-2,674,未将对象引用设置到对象的实例。
DATA:Dhpt1-2,675,未将对象引用设置到对象的实例。
DATA:Dhpt1-2,676,未将对象引用设置到对象的实例。
DATA:Dhpt1-2,677,未将对象引用设置到对象的实例。
DATA:Dhpt1-2,678,未将对象引用设置到对象的实例。
DATA:Dhpt1-2,679,未将对象引用设置到对象的实例。
DATA:Dhpt1-2,680,未将对象引用设置到对象的实例。
DATA:Dhpt1-2,681,未将对象引用设置到对象的实例。
DATA:Dhpt1-2,682,未将对象引用设置到对象的实例。
DATA:Dhpt1-2,683,未将对象引用设置到对象的实例。
DATA:Dhpt1-2,684,未将对象引用设置到对象的实例。
DATA:Dhpt1-2,685,未将对象引用设置到对象的实例。
DATA:Dhpt1-2,686,未将对象引用设置到对象的实例。
DATA:Dhpt1-2,687,未将对象引用设置到对象的实例。
DATA:Dhpt1-2,688,未将对象引用设置到对象的实例。
DATA:Dhpt1-2,689,未将对象引用设置到对象的实例。
DATA:Dhpt1-Z1,656,未将对象引用设置到对象的实例。
DATA:Dhpt1-Z1,657,未将对象引用设置到对象的实例。
DATA:Dhpt1-Z1,658,未将对象引用设置到对象的实例。
DATA:Dhpt1-Z1,659,未将对象引用设置到对象的实例。
DATA:Dhpt1-Z1,660,未将对象引用设置到对象的实例。
DATA:Dhpt1-Z1,661,未将对象引用设置到对象的实例。
DATA:Dhpt1-Z1,662,未将对象引用设置到对象的实例。
DATA:Dhpt1-Z1,663,未将对象引用设置到对象的实例。
DATA:Dhpt1-Z1,664,未将对象引用设置到对象的实例。
DATA:Dhpt1-Z1,665,未将对象引用设置到对象的实例。
DATA:Dhpt1-Z1,666,未将对象引用设置到对象的实例。
DATA:Dhpt1-Z1,667,未将对象引用设置到对象的实例。
DATA:Dhpt1-Z1,668,未将对象引用设置到对象的实例。
DATA:Dhpt1-Z1,669,未将对象引用设置到对象的实例。
DATA:Dhpt1-Z1,670,未将对象引用设置到对象的实例。
DATA:Dhpt1-Z1,671,未将对象引用设置到对象的实例。
DATA:Dhpt1-Z1,672,未将对象引用设置到对象的实例。
DATA:Dhpt1-Z1,673,未将对象引用设置到对象的实例。
DATA:Dhpt1-Z1,674,未将对象引用设置到对象的实例。
DATA:Dhpt1-Z1,675,未将对象引用设置到对象的实例。
DATA:Dhpt1-Z1,676,未将对象引用设置到对象的实例。
DATA:Dhpt1-Z1,677,未将对象引用设置到对象的实例。
DATA:Dhpt1-Z1,678,未将对象引用设置到对象的实例。
DATA:Dhpt1-Z1,679,未将对象引用设置到对象的实例。
DATA:Dhpt1-Z1,680,未将对象引用设置到对象的实例。
DATA:Dhpt1-Z1,681,未将对象引用设置到对象的实例。
DATA:Dhpt1-Z1,682,未将对象引用设置到对象的实例。
DATA:Dhpt1-Z1,683,未将对象引用设置到对象的实例。
DATA:Dhpt1-Z1,684,未将对象引用设置到对象的实例。
DATA:Dhpt1-Z1,685,未将对象引用设置到对象的实例。
DATA:Dhpt1-Z1,686,未将对象引用设置到对象的实例。
DATA:Dhpt1-Z1,687,未将对象引用设置到对象的实例。
DATA:Dhpt1-Z1,688,未将对象引用设置到对象的实例。
DATA:Dhpt1-Z1,689,未将对象引用设置到对象的实例。
DATA:Dhpt1-Z1,690,未将对象引用设置到对象的实例。
DATA:Dhpt1-Z1,691,未将对象引用设置到对象的实例。
DATA:Dhpt1-Z1,692,未将对象引用设置到对象的实例。
DATA:Dhpt1-Z1,693,未将对象引用设置到对象的实例。
DATA:Dhpt1-Z1,694,未将对象引用设置到对象的实例。
DATA:Dhpt1-Z1,695,未将对象引用设置到对象的实例。
DATA:Dhpt1-Z1,696,未将对象引用设置到对象的实例。
DATA:Dhpt1-Z1,697,未将对象引用设置到对象的实例。
DATA:Dhpt1-Z1,698,未将对象引用设置到对象的实例。
DATA:Dhpt1-Z1,699,未将对象引用设置到对象的实例。
DATA:Dhpt2-1,497,未将对象引用设置到对象的实例。
DATA:Dhpt2-1,498,未将对象引用设置到对象的实例。
DATA:Dhpt2-2,455,未将对象引用设置到对象的实例。
DATA:Dhpt2-2,456,未将对象引用设置到对象的实例。
DATA:Dhpt2-2,457,未将对象引用设置到对象的实例。
DATA:Dhpt2-2,458,未将对象引用设置到对象的实例。
DATA:Dhpt2-2,459,未将对象引用设置到对象的实例。
DATA:Dhpt2-2,460,未将对象引用设置到对象的实例。
DATA:Dhpt2-2,461,未将对象引用设置到对象的实例。
DATA:Dhpt2-2,462,未将对象引用设置到对象的实例。
DATA:Dhpt2-2,463,未将对象引用设置到对象的实例。
DATA:Dhpt2-2,464,未将对象引用设置到对象的实例。
DATA:Dhpt2-2,465,未将对象引用设置到对象的实例。
DATA:Dhpt2-2,466,未将对象引用设置到对象的实例。
DATA:Dhpt2-2,467,未将对象引用设置到对象的实例。
DATA:Dhpt2-2,468,未将对象引用设置到对象的实例。
DATA:Dhpt2-2,469,未将对象引用设置到对象的实例。
DATA:Dhpt2-2,470,未将对象引用设置到对象的实例。
DATA:Dhpt2-2,471,未将对象引用设置到对象的实例。
DATA:Dhpt2-2,472,未将对象引用设置到对象的实例。
DATA:Dhpt2-2,473,未将对象引用设置到对象的实例。
DATA:Dhpt2-2,474,未将对象引用设置到对象的实例。
DATA:Dhpt2-2,475,未将对象引用设置到对象的实例。
DATA:Dhpt2-2,476,未将对象引用设置到对象的实例。
DATA:Dhpt2-2,477,未将对象引用设置到对象的实例。
DATA:Dhpt2-2,478,未将对象引用设置到对象的实例。
DATA:Dhpt2-2,479,未将对象引用设置到对象的实例。
DATA:Dhpt2-2,480,未将对象引用设置到对象的实例。
DATA:Dhpt2-2,481,未将对象引用设置到对象的实例。
DATA:Dhpt2-2,482,未将对象引用设置到对象的实例。
DATA:Dhpt2-2,483,未将对象引用设置到对象的实例。
DATA:Dhpt2-2,484,未将对象引用设置到对象的实例。
DATA:Dhpt2-2,485,未将对象引用设置到对象的实例。
DATA:Dhpt2-2,486,未将对象引用设置到对象的实例。
DATA:Dhpt2-2,487,未将对象引用设置到对象的实例。
DATA:Dhpt2-2,488,未将对象引用设置到对象的实例。
DATA:Dhpt2-2,489,未将对象引用设置到对象的实例。
DATA:Dhpt2-2,490,未将对象引用设置到对象的实例。
DATA:Dhpt2-2,491,未将对象引用设置到对象的实例。
DATA:Dhpt2-2,492,未将对象引用设置到对象的实例。
DATA:Dhpt2-2,493,未将对象引用设置到对象的实例。
DATA:Dhpt2-2,494,未将对象引用设置到对象的实例。
DATA:Dhpt2-2,495,未将对象引用设置到对象的实例。
DATA:Dhpt2-2,496,未将对象引用设置到对象的实例。
DATA:Dhpt2-2,497,未将对象引用设置到对象的实例。
DATA:Dhpt2-2,498,未将对象引用设置到对象的实例。
DATA:Dhpt2-2,499,未将对象引用设置到对象的实例。
DATA:Dhpt2-2,500,未将对象引用设置到对象的实例。
DATA:Dhpt2-2,501,未将对象引用设置到对象的实例。
DATA:Dhpt2-2,502,未将对象引用设置到对象的实例。
DATA:Dhpt2-2,503,未将对象引用设置到对象的实例。
DATA:Dhpt2-2,504,未将对象引用设置到对象的实例。
DATA:Dhpt2-2,505,未将对象引用设置到对象的实例。
DATA:Dhpt2-2,506,未将对象引用设置到对象的实例。
DATA:Dhpt2-2,507,未将对象引用设置到对象的实例。
DATA:Dhpt2-2,508,未将对象引用设置到对象的实例。
DATA:Dhpt2-2,509,未将对象引用设置到对象的实例。
DATA:Dhpt2-2,510,未将对象引用设置到对象的实例。
DATA:Dhpt2-2,511,未将对象引用设置到对象的实例。
DATA:Dhpt2-2,512,未将对象引用设置到对象的实例。
DATA:Dhpt2-2,513,未将对象引用设置到对象的实例。
DATA:Dhpt2-2,514,未将对象引用设置到对象的实例。
DATA:Dhpt2-2,515,未将对象引用设置到对象的实例。
DATA:Dhpt2-2,516,未将对象引用设置到对象的实例。
DATA:Dhpt2-2,517,未将对象引用设置到对象的实例。
DATA:Dhpt2-2,518,未将对象引用设置到对象的实例。
DATA:Dhpt2-2,519,未将对象引用设置到对象的实例。
DATA:Dhpt2-2,520,未将对象引用设置到对象的实例。
DATA:Dhpt2-2,521,未将对象引用设置到对象的实例。
DATA:Dhpt2-2,522,未将对象引用设置到对象的实例。
DATA:Dhpt2-2,523,未将对象引用设置到对象的实例。
DATA:Dhpt2-2,524,未将对象引用设置到对象的实例。
DATA:Dhpt2-2,525,未将对象引用设置到对象的实例。
DATA:Dhpt2-2,526,未将对象引用设置到对象的实例。
DATA:Dhpt2-2,527,未将对象引用设置到对象的实例。
DATA:Dhpt2-2,528,未将对象引用设置到对象的实例。
DATA:Dhpt2-2,529,未将对象引用设置到对象的实例。
DATA:Dhpt2-2,530,未将对象引用设置到对象的实例。
DATA:Dhpt2-2,531,未将对象引用设置到对象的实例。
DATA:Dhpt2-2,532,未将对象引用设置到对象的实例。
DATA:Dhpt2-2,533,未将对象引用设置到对象的实例。
DATA:Dhpt2-2,534,未将对象引用设置到对象的实例。
DATA:Dhpt2-2,535,未将对象引用设置到对象的实例。
DATA:Dhpt2-2,536,未将对象引用设置到对象的实例。
DATA:Dhpt2-2,537,未将对象引用设置到对象的实例。
DATA:Dhpt2-2,538,未将对象引用设置到对象的实例。
DATA:Dhpt2-2,539,未将对象引用设置到对象的实例。
DATA:Dhpt2-2,540,未将对象引用设置到对象的实例。
DATA:Dhpt2-2,541,未将对象引用设置到对象的实例。
DATA:Dhpt2-2,542,未将对象引用设置到对象的实例。
DATA:Dhpt2-2,543,未将对象引用设置到对象的实例。
DATA:Dhpt2-2,544,未将对象引用设置到对象的实例。
DATA:Dhpt2-2,545,未将对象引用设置到对象的实例。
DATA:Dhpt2-2,546,未将对象引用设置到对象的实例。
DATA:Dhpt2-2,547,未将对象引用设置到对象的实例。
DATA:Dhpt2-2,548,未将对象引用设置到对象的实例。
DATA:Dhpt2-2,549,未将对象引用设置到对象的实例。
DATA:Dhpt2-2,550,未将对象引用设置到对象的实例。
DATA:Dhpt2-2,551,未将对象引用设置到对象的实例。
DATA:Dhpt2-2,552,未将对象引用设置到对象的实例。
DATA:Dhpt2-2,553,未将对象引用设置到对象的实例。
DATA:Dhpt2-2,554,未将对象引用设置到对象的实例。
DATA:Dhpt2-2,555,未将对象引用设置到对象的实例。
DATA:Dhpt2-2,556,未将对象引用设置到对象的实例。
DATA:Dhpt2-2,557,未将对象引用设置到对象的实例。
DATA:Dhpt2-2,558,未将对象引用设置到对象的实例。
DATA:Dhpt2-2,559,未将对象引用设置到对象的实例。
DATA:Dhpt2-2,560,未将对象引用设置到对象的实例。
DATA:Dhpt2-2,561,未将对象引用设置到对象的实例。
DATA:Dhpt2-2,562,未将对象引用设置到对象的实例。
DATA:Dhpt2-2,563,未将对象引用设置到对象的实例。
DATA:Dhpt2-2,564,未将对象引用设置到对象的实例。
DATA:Dhpt2-2,565,未将对象引用设置到对象的实例。
DATA:Dhpt2-2,566,未将对象引用设置到对象的实例。
DATA:Dhpt2-2,567,未将对象引用设置到对象的实例。
DATA:Dhpt2-2,568,未将对象引用设置到对象的实例。
DATA:Dhpt2-2,569,未将对象引用设置到对象的实例。
DATA:Dhpt2-2,570,未将对象引用设置到对象的实例。
DATA:Dhpt2-2,571,未将对象引用设置到对象的实例。
DATA:Dhpt3-1,526,未将对象引用设置到对象的实例。
FILE:2017-01-13 05:16:11,D:\AWORK\苗尾\苗尾监测数据\昆明院监测\右坝头监测\右坝头锚索测力计.xls
FILE:2017-01-13 05:16:11,D:\AWORK\苗尾\苗尾监测数据\昆明院监测\大坝右岸坝前边坡\坝前边坡锚索测力计.xls
DATA:DBQ2-1,53,未将对象引用设置到对象的实例。
DATA:DBQ2-1,54,未将对象引用设置到对象的实例。
FILE:2017-01-13 05:16:11,D:\AWORK\苗尾\苗尾监测数据\昆明院监测\导流隧洞观测数据第265期\出口边坡\出口锚索测力计.xls
DATA:Ddsz5,210,未将对象引用设置到对象的实例。
DATA:Ddsz5,211,未将对象引用设置到对象的实例。
DATA:Ddsz5,212,未将对象引用设置到对象的实例。
DATA:Ddsz5,213,未将对象引用设置到对象的实例。
DATA:Ddsz5,214,未将对象引用设置到对象的实例。
DATA:Ddsz5,215,未将对象引用设置到对象的实例。
DATA:Ddsz5,216,未将对象引用设置到对象的实例。
DATA:Ddsz5,217,未将对象引用设置到对象的实例。
DATA:Ddsz5,218,未将对象引用设置到对象的实例。
DATA:Ddsz5,219,未将对象引用设置到对象的实例。
DATA:Ddsz5,220,未将对象引用设置到对象的实例。
DATA:Ddsz5,221,未将对象引用设置到对象的实例。
DATA:Ddsz5,222,未将对象引用设置到对象的实例。
DATA:Ddsz5,223,未将对象引用设置到对象的实例。
DATA:Ddsz5,224,未将对象引用设置到对象的实例。
DATA:Ddsz5,225,未将对象引用设置到对象的实例。
DATA:Ddsz5,226,未将对象引用设置到对象的实例。
DATA:Ddsz5,227,未将对象引用设置到对象的实例。
DATA:Ddsz5,228,未将对象引用设置到对象的实例。
DATA:Ddsz5,229,未将对象引用设置到对象的实例。
DATA:Ddsz5,230,未将对象引用设置到对象的实例。
DATA:Ddsz5,231,未将对象引用设置到对象的实例。
DATA:Ddsz5,232,未将对象引用设置到对象的实例。
DATA:Ddsz5,233,未将对象引用设置到对象的实例。
DATA:Ddsz5,234,未将对象引用设置到对象的实例。
DATA:Ddsz5,235,未将对象引用设置到对象的实例。
DATA:Ddsz5,236,未将对象引用设置到对象的实例。
DATA:Ddsz5,237,未将对象引用设置到对象的实例。
FILE:2017-01-13 05:16:11,D:\AWORK\苗尾\苗尾监测数据\昆明院监测\导流隧洞观测数据第265期\进口边坡\进口锚索测力计.xls
FILE:2017-01-13 05:16:11,D:\AWORK\苗尾\苗尾监测数据\昆明院监测\左坝基监测\左坝基锚索测力计 .xls
DATA:DBJZ-1371-2,600,未将对象引用设置到对象的实例。
DATA:DBJZ-1371-2,601,未将对象引用设置到对象的实例。
DATA:DBJZ-1371-2,602,未将对象引用设置到对象的实例。
DATA:DBJZ-1371-2,603,未将对象引用设置到对象的实例。
DATA:DBJZ-1371-2,604,未将对象引用设置到对象的实例。
DATA:DBJZ-1371-2,605,未将对象引用设置到对象的实例。
DATA:DBJZ-1371-2,606,未将对象引用设置到对象的实例。
DATA:DBJZ-1371-2,607,未将对象引用设置到对象的实例。
DATA:DBJZ-1371-2,608,未将对象引用设置到对象的实例。
DATA:DBJZ-1371-2,609,未将对象引用设置到对象的实例。
DATA:DBJZ-1371-2,610,未将对象引用设置到对象的实例。
DATA:DBJZ-1371-2,611,未将对象引用设置到对象的实例。
DATA:DBJZ-1371-2,612,未将对象引用设置到对象的实例。
DATA:DBJZ-1371-2,613,未将对象引用设置到对象的实例。
DATA:DBJZ-1371-2,614,未将对象引用设置到对象的实例。
DATA:DBJZ-1371-2,615,未将对象引用设置到对象的实例。
DATA:DBJZ-1371-2,616,未将对象引用设置到对象的实例。
DATA:DBJZ-1371-2,617,未将对象引用设置到对象的实例。
DATA:DBJZ-1371-2,618,未将对象引用设置到对象的实例。
DATA:DBJZ-1371-2,619,未将对象引用设置到对象的实例。
DATA:DBJZ-1371-2,620,未将对象引用设置到对象的实例。
DATA:DBJZ-1371-2,621,未将对象引用设置到对象的实例。
DATA:DBJZ-1371-2,622,未将对象引用设置到对象的实例。
DATA:DBJZ-1371-2,623,未将对象引用设置到对象的实例。
DATA:DBJZ-1371-2,624,未将对象引用设置到对象的实例。
DATA:DBJZ-1371-2,625,未将对象引用设置到对象的实例。
DATA:DBJZ-1371-2,626,未将对象引用设置到对象的实例。
DATA:DBJZ-1371-2,627,未将对象引用设置到对象的实例。
DATA:DBJZ-1371-2,628,未将对象引用设置到对象的实例。
DATA:DBJZ-1371-2,629,未将对象引用设置到对象的实例。
DATA:DBJZ-1371-2,630,未将对象引用设置到对象的实例。
DATA:DBJZ-1371-2,631,未将对象引用设置到对象的实例。
DATA:DBJZ-1371-2,632,未将对象引用设置到对象的实例。
DATA:DBJZ-1371-2,633,未将对象引用设置到对象的实例。
DATA:DBJZ-1371-2,634,未将对象引用设置到对象的实例。
DATA:DBJZ-1371-2,635,未将对象引用设置到对象的实例。
DATA:DBJZ-1371-2,636,未将对象引用设置到对象的实例。
DATA:DBJZ-1371-2,637,未将对象引用设置到对象的实例。
FILE:2017-01-13 05:16:11,D:\AWORK\苗尾\苗尾监测数据\昆明院监测\拦污漂\拦污漂锚索测力计.xls
FILE:2017-01-13 05:16:11,D:\AWORK\苗尾\苗尾监测数据\昆明院监测\料场-观测数据\锚索测力计.xls
FILE:2017-01-13 05:16:11,D:\AWORK\苗尾\苗尾监测数据\昆明院监测\溢洪道\溢洪道泄槽段右侧边坡\溢洪道泄槽段右侧边坡锚索测力计.xls
FILE:2017-01-13 05:16:11,D:\AWORK\苗尾\苗尾监测数据\昆明院监测\溢洪道\溢洪道泄槽段左侧边坡\溢洪道泄槽段左侧边坡锚索测力计.xls
DATA:DYb4-6,76,未将对象引用设置到对象的实例。
FILE:2017-01-13 05:16:11,D:\AWORK\苗尾\苗尾监测数据\昆明院监测\溢洪道\溢洪道进水渠边坡\溢洪道边坡锚索测力计.xls
DATA:DYb7-1,6,未将对象引用设置到对象的实例。
FILE:2017-01-13 05:16:11,D:\AWORK\苗尾\苗尾监测数据\昆明院监测\溢洪道\溢洪道闸墩\溢洪道闸墩锚索测力计.xls
FILE:2017-01-13 05:16:11,D:\AWORK\苗尾\苗尾监测数据\昆明院监测\进水口\进水口锚索测力计.xls
DATA:DJb1-3,81,未将对象引用设置到对象的实例。
DATA:DJb1-3,82,未将对象引用设置到对象的实例。
DATA:DJb1-3,83,未将对象引用设置到对象的实例。
DATA:DJb1-3,84,未将对象引用设置到对象的实例。
DATA:DJb1-3,85,未将对象引用设置到对象的实例。
DATA:DJb1-3,86,未将对象引用设置到对象的实例。
DATA:DJb1-3,87,未将对象引用设置到对象的实例。
DATA:DJb1-3,88,未将对象引用设置到对象的实例。
DATA:DJb1-3,89,未将对象引用设置到对象的实例。
DATA:DJb1-3,90,未将对象引用设置到对象的实例。
DATA:DJb1-3,91,未将对象引用设置到对象的实例。
DATA:DJbZ1-2,189,未将对象引用设置到对象的实例。
DATA:DJbZ1-2,190,未将对象引用设置到对象的实例。
FILE:2017-01-13 05:16:11,D:\AWORK\苗尾\苗尾监测数据\葛洲坝安全监测\2#施工支洞\出口边坡\锚索测力计.xls
FILE:2017-01-13 05:16:11,D:\AWORK\苗尾\苗尾监测数据\葛洲坝安全监测\冲沙兼放空洞\冲沙兼放空洞次锚索.xls
FILE:2017-01-13 05:16:11,D:\AWORK\苗尾\苗尾监测数据\葛洲坝安全监测\冲沙兼放空洞\冲沙兼防空洞出口弧门闸室主锚索.xls
FILE:2017-01-13 05:16:11,D:\AWORK\苗尾\苗尾监测数据\葛洲坝安全监测\尾水渠反坡段\锚索测力计.xls
FILE:2017-01-13 05:16:11,D:\AWORK\苗尾\苗尾监测数据\葛洲坝安全监测\引水洞\进水口边坡\锚索测力计.xls
DATA:Djbz3-1,278,未将对象引用设置到对象的实例。
DATA:Djbz3-1,279,未将对象引用设置到对象的实例。
DATA:Djbz3-1,280,未将对象引用设置到对象的实例。
DATA:Djbz3-1,281,未将对象引用设置到对象的实例。
DATA:Djbz3-1,282,未将对象引用设置到对象的实例。
DATA:Djbz3-1,283,未将对象引用设置到对象的实例。
DATA:Djbz3-1,284,未将对象引用设置到对象的实例。
DATA:Djbz3-1,285,未将对象引用设置到对象的实例。
DATA:Djbz3-1,286,未将对象引用设置到对象的实例。
DATA:Djbz3-1,287,未将对象引用设置到对象的实例。
DATA:Djbz3-1,288,未将对象引用设置到对象的实例。
DATA:Djbz3-1,289,未将对象引用设置到对象的实例。
DATA:Djbz3-1,290,未将对象引用设置到对象的实例。
DATA:Djbz3-1,291,未将对象引用设置到对象的实例。
DATA:Djbz3-1,292,未将对象引用设置到对象的实例。
DATA:Djbz3-1,293,未将对象引用设置到对象的实例。
DATA:Djbz3-1,294,未将对象引用设置到对象的实例。
DATA:Djbz3-1,295,未将对象引用设置到对象的实例。
DATA:Djbz3-1,296,未将对象引用设置到对象的实例。
DATA:Djbz3-1,297,未将对象引用设置到对象的实例。
DATA:Djbz3-1,298,未将对象引用设置到对象的实例。
DATA:Djbz3-1,299,未将对象引用设置到对象的实例。
DATA:Djbz3-1,300,未将对象引用设置到对象的实例。
DATA:Djbz3-1,301,未将对象引用设置到对象的实例。
DATA:Djbz3-1,302,未将对象引用设置到对象的实例。
DATA:Djbz3-1,303,未将对象引用设置到对象的实例。
DATA:Djbz3-1,304,未将对象引用设置到对象的实例。
DATA:Djbz3-1,305,未将对象引用设置到对象的实例。
DATA:Djbz3-1,306,未将对象引用设置到对象的实例。
DATA:Djbz3-1,307,未将对象引用设置到对象的实例。
DATA:Djbz3-1,308,未将对象引用设置到对象的实例。
DATA:Djbz3-1,309,未将对象引用设置到对象的实例。
DATA:Djbz3-1,310,未将对象引用设置到对象的实例。
DATA:Djbz3-1,311,未将对象引用设置到对象的实例。
DATA:Djbz3-1,312,未将对象引用设置到对象的实例。
DATA:Djbz3-1,313,未将对象引用设置到对象的实例。
DATA:Djbz3-1,314,未将对象引用设置到对象的实例。
DATA:Djbz3-1,315,未将对象引用设置到对象的实例。
DATA:Djbz3-1,316,未将对象引用设置到对象的实例。
DATA:Djbz3-1,317,未将对象引用设置到对象的实例。
DATA:Djbz3-1,318,未将对象引用设置到对象的实例。
DATA:Djbz3-1,319,未将对象引用设置到对象的实例。
DATA:Djbz3-1,320,未将对象引用设置到对象的实例。
DATA:Djbz3-1,321,未将对象引用设置到对象的实例。
DATA:Djbz3-1,322,未将对象引用设置到对象的实例。
DATA:Djbz3-1,323,未将对象引用设置到对象的实例。
DATA:Djbz3-1,324,未将对象引用设置到对象的实例。
DATA:Djbz3-1,325,未将对象引用设置到对象的实例。
DATA:Djbz3-1,326,未将对象引用设置到对象的实例。
DATA:Djbz3-1,327,未将对象引用设置到对象的实例。
DATA:Djbz3-1,328,未将对象引用设置到对象的实例。
DATA:Djbz3-1,329,未将对象引用设置到对象的实例。
DATA:Djbz3-1,330,未将对象引用设置到对象的实例。
DATA:Djbz3-1,331,未将对象引用设置到对象的实例。
DATA:Djbz3-1,332,未将对象引用设置到对象的实例。
DATA:Djbz3-1,333,未将对象引用设置到对象的实例。
DATA:Djbz3-1,334,未将对象引用设置到对象的实例。
DATA:Djbz3-1,335,未将对象引用设置到对象的实例。
DATA:Djbz3-1,336,未将对象引用设置到对象的实例。
DATA:Djbz3-1,337,未将对象引用设置到对象的实例。
DATA:Djbz3-1,338,未将对象引用设置到对象的实例。
DATA:Djbz3-1,339,未将对象引用设置到对象的实例。
DATA:Djbz3-1,340,未将对象引用设置到对象的实例。
DATA:Djbz3-1,341,未将对象引用设置到对象的实例。
DATA:Djbz3-1,342,未将对象引用设置到对象的实例。
DATA:Djbz3-1,343,未将对象引用设置到对象的实例。
DATA:Djbz3-1,344,未将对象引用设置到对象的实例。
DATA:Djbz3-1,345,未将对象引用设置到对象的实例。
DATA:Djbz3-1,346,未将对象引用设置到对象的实例。
DATA:Djbz3-1,347,未将对象引用设置到对象的实例。
DATA:Djbz3-1,348,未将对象引用设置到对象的实例。
DATA:Djbz3-1,349,未将对象引用设置到对象的实例。
DATA:Djbz3-1,350,未将对象引用设置到对象的实例。
DATA:Djbz3-1,351,未将对象引用设置到对象的实例。
DATA:Djbz3-1,352,未将对象引用设置到对象的实例。
DATA:Djbz3-1,353,未将对象引用设置到对象的实例。
DATA:Djbz3-1,354,未将对象引用设置到对象的实例。
DATA:Djbz3-1,355,未将对象引用设置到对象的实例。
DATA:Djbz3-1,356,未将对象引用设置到对象的实例。
DATA:Djbz3-1,357,未将对象引用设置到对象的实例。
DATA:Djbz3-1,358,未将对象引用设置到对象的实例。
DATA:Djbz3-1,359,未将对象引用设置到对象的实例。
DATA:Djbz3-1,360,未将对象引用设置到对象的实例。
DATA:Djbz3-1,361,未将对象引用设置到对象的实例。
DATA:Djbz3-1,362,未将对象引用设置到对象的实例。
DATA:Djbz3-1,363,未将对象引用设置到对象的实例。
DATA:Djbz3-1,364,未将对象引用设置到对象的实例。
DATA:Djbz3-1,365,未将对象引用设置到对象的实例。
DATA:Djbz3-1,366,未将对象引用设置到对象的实例。
DATA:Djbz3-1,367,未将对象引用设置到对象的实例。
DATA:Djbz3-1,368,未将对象引用设置到对象的实例。
DATA:Djbz3-1,369,未将对象引用设置到对象的实例。
DATA:Djbz3-1,370,未将对象引用设置到对象的实例。
DATA:Djbz3-1,371,未将对象引用设置到对象的实例。
DATA:Djbz3-1,372,未将对象引用设置到对象的实例。
DATA:Djbz3-1,373,未将对象引用设置到对象的实例。
DATA:Djbz3-1,374,未将对象引用设置到对象的实例。
DATA:Djbz3-1,375,未将对象引用设置到对象的实例。
DATA:Djbz3-1,376,未将对象引用设置到对象的实例。
DATA:Djbz3-1,377,未将对象引用设置到对象的实例。
DATA:Djbz3-1,378,未将对象引用设置到对象的实例。
DATA:Djbz3-1,379,未将对象引用设置到对象的实例。
DATA:Djbz3-1,380,未将对象引用设置到对象的实例。
DATA:Djbz3-1,381,未将对象引用设置到对象的实例。
DATA:Djbz3-1,382,未将对象引用设置到对象的实例。
DATA:Djbz3-1,383,未将对象引用设置到对象的实例。
DATA:Djbz3-1,384,未将对象引用设置到对象的实例。
DATA:Djbz3-1,385,未将对象引用设置到对象的实例。
DATA:Djbz3-1,386,未将对象引用设置到对象的实例。
DATA:Djbz3-1,387,未将对象引用设置到对象的实例。
DATA:Djbz3-1,388,未将对象引用设置到对象的实例。
DATA:Djbz3-1,389,未将对象引用设置到对象的实例。
DATA:Djbz3-1,390,未将对象引用设置到对象的实例。
DATA:Djbz3-1,391,未将对象引用设置到对象的实例。
DATA:Djbz3-1,392,未将对象引用设置到对象的实例。
DATA:Djbz3-1,393,未将对象引用设置到对象的实例。
DATA:Djbz3-1,394,未将对象引用设置到对象的实例。
DATA:Djbz3-1,395,未将对象引用设置到对象的实例。
DATA:Djbz3-1,396,未将对象引用设置到对象的实例。
DATA:Djbz3-1,397,未将对象引用设置到对象的实例。
DATA:Djbz3-1,398,未将对象引用设置到对象的实例。
DATA:Djbz3-1,399,未将对象引用设置到对象的实例。
DATA:Djbz3-1,400,未将对象引用设置到对象的实例。
DATA:Djbz3-1,401,未将对象引用设置到对象的实例。
DATA:Djbz3-1,402,未将对象引用设置到对象的实例。
DATA:Djbz3-1,403,未将对象引用设置到对象的实例。
DATA:Djbz3-1,404,未将对象引用设置到对象的实例。
DATA:Djbz3-1,405,未将对象引用设置到对象的实例。
DATA:Djbz3-1,406,未将对象引用设置到对象的实例。
DATA:Djbz3-1,407,未将对象引用设置到对象的实例。
DATA:Djbz3-1,408,未将对象引用设置到对象的实例。
DATA:Djbz3-1,409,未将对象引用设置到对象的实例。
DATA:Djbz3-1,410,未将对象引用设置到对象的实例。
DATA:Djbz3-1,411,未将对象引用设置到对象的实例。
DATA:Djbz3-1,412,未将对象引用设置到对象的实例。
DATA:Djbz3-1,413,未将对象引用设置到对象的实例。
DATA:Djbz3-1,414,未将对象引用设置到对象的实例。
DATA:Djbz3-1,415,未将对象引用设置到对象的实例。
DATA:Djbz3-1,416,未将对象引用设置到对象的实例。
DATA:Djbz3-1,417,未将对象引用设置到对象的实例。
DATA:Djbz3-1,418,未将对象引用设置到对象的实例。
DATA:Djbz3-1,419,未将对象引用设置到对象的实例。
DATA:Djbz3-1,420,未将对象引用设置到对象的实例。
DATA:Djbz3-1,421,未将对象引用设置到对象的实例。
DATA:Djbz3-1,422,未将对象引用设置到对象的实例。
DATA:Djbz3-1,423,未将对象引用设置到对象的实例。
DATA:Djbz3-1,424,未将对象引用设置到对象的实例。
DATA:Djbz3-1,425,未将对象引用设置到对象的实例。
DATA:Djbz3-1,426,未将对象引用设置到对象的实例。
DATA:Djbz3-1,427,未将对象引用设置到对象的实例。
DATA:Djbz3-1,428,未将对象引用设置到对象的实例。
DATA:Djbz3-1,429,未将对象引用设置到对象的实例。
DATA:Djbz3-1,430,未将对象引用设置到对象的实例。
DATA:Djbz3-1,431,未将对象引用设置到对象的实例。
DATA:Djbz3-1,432,未将对象引用设置到对象的实例。
DATA:Djbz3-1,433,未将对象引用设置到对象的实例。
DATA:Djbz3-1,434,未将对象引用设置到对象的实例。
DATA:Djbz3-1,435,未将对象引用设置到对象的实例。
DATA:Djbz3-1,436,未将对象引用设置到对象的实例。
DATA:Djbz3-1,437,未将对象引用设置到对象的实例。
DATA:Djbz3-1,438,未将对象引用设置到对象的实例。
DATA:Djbz3-1,439,未将对象引用设置到对象的实例。
DATA:Djbz3-1,440,未将对象引用设置到对象的实例。
DATA:Djbz3-1,441,未将对象引用设置到对象的实例。
DATA:Djbz3-1,442,未将对象引用设置到对象的实例。
DATA:Djbz3-1,443,未将对象引用设置到对象的实例。
DATA:Djbz3-1,444,未将对象引用设置到对象的实例。
DATA:Djbz3-1,445,未将对象引用设置到对象的实例。
DATA:Djbz3-1,446,未将对象引用设置到对象的实例。
DATA:Djbz3-1,447,未将对象引用设置到对象的实例。
DATA:Djbz3-1,448,未将对象引用设置到对象的实例。
DATA:Djbz3-1,449,未将对象引用设置到对象的实例。
DATA:Djbz3-1,450,未将对象引用设置到对象的实例。
DATA:Djbz3-1,451,未将对象引用设置到对象的实例。
DATA:Djbz3-1,452,未将对象引用设置到对象的实例。
DATA:Djbz3-1,453,未将对象引用设置到对象的实例。
DATA:Djbz3-1,454,未将对象引用设置到对象的实例。
DATA:Djbz3-1,455,未将对象引用设置到对象的实例。
DATA:Djbz3-1,456,未将对象引用设置到对象的实例。
DATA:Djbz3-1,457,未将对象引用设置到对象的实例。
DATA:Djbz3-1,458,未将对象引用设置到对象的实例。
DATA:Djbz3-1,459,未将对象引用设置到对象的实例。
DATA:Djbz3-1,460,未将对象引用设置到对象的实例。
DATA:Djbz3-1,461,未将对象引用设置到对象的实例。
DATA:Djbz3-1,462,未将对象引用设置到对象的实例。
DATA:Djbz3-1,463,未将对象引用设置到对象的实例。
DATA:Djbz3-1,464,未将对象引用设置到对象的实例。
DATA:Djbz3-1,465,未将对象引用设置到对象的实例。
DATA:Djbz3-1,466,未将对象引用设置到对象的实例。
DATA:Djbz3-1,467,未将对象引用设置到对象的实例。
DATA:Djbz3-1,468,未将对象引用设置到对象的实例。
DATA:Djbz3-1,469,未将对象引用设置到对象的实例。
DATA:Djbz3-1,470,未将对象引用设置到对象的实例。
FILE:2017-01-13 05:16:11,D:\AWORK\苗尾\苗尾监测数据\葛洲坝安全监测\排导槽\锚索测力计排导槽.xls
FILE:2017-01-13 05:16:11,D:\AWORK\苗尾\苗尾监测数据\葛洲坝安全监测\灌溉取水交通洞\灌溉交通洞进口边坡\边坡锚索测力计.xls
FILE:2017-01-13 05:16:11,D:\AWORK\苗尾\苗尾监测数据\葛洲坝安全监测\集水井\集水井锚索测力计.xls
DATA:DCjbz-2,184,未将对象引用设置到对象的实例。
DATA:DCjbz-2,185,未将对象引用设置到对象的实例。
DATA:DCjbz-2,186,未将对象引用设置到对象的实例。
DATA:DCjbz-2,187,未将对象引用设置到对象的实例。
DATA:DCjbz-2,188,未将对象引用设置到对象的实例。
DATA:DCjbz-2,189,未将对象引用设置到对象的实例。
DATA:DCjbz-2,190,未将对象引用设置到对象的实例。
DATA:DCjbz-2,191,未将对象引用设置到对象的实例。
DATA:DCjbz-2,192,未将对象引用设置到对象的实例。
DATA:DCjbz-2,193,未将对象引用设置到对象的实例。
DATA:DCjbz-2,194,未将对象引用设置到对象的实例。
DATA:DCjbz-2,195,未将对象引用设置到对象的实例。
DATA:DCjbz-2,196,未将对象引用设置到对象的实例。
DATA:DCjbz-2,197,未将对象引用设置到对象的实例。
DATA:DCjbz-2,198,未将对象引用设置到对象的实例。
DATA:DCjbz-2,199,未将对象引用设置到对象的实例。
FILE:2017-01-13 05:32:04,D:\AWORK\苗尾\苗尾监测数据\昆明院监测\下游左岸雾化区\雾化区锚索测力计.xls
DATA:DWH-4-1,43,未将对象引用设置到对象的实例。
DATA:DWH-4-1,44,未将对象引用设置到对象的实例。
DATA:DWH-4-1,45,未将对象引用设置到对象的实例。
DATA:DWH-4-1,46,未将对象引用设置到对象的实例。
DATA:DWH-4-1,47,未将对象引用设置到对象的实例。
DATA:DWH-4-1,48,未将对象引用设置到对象的实例。
DATA:DWH-4-1,49,未将对象引用设置到对象的实例。
DATA:DWH-4-1,50,未将对象引用设置到对象的实例。
DATA:DWH-4-1,51,未将对象引用设置到对象的实例。
DATA:DWH-4-1,52,未将对象引用设置到对象的实例。
DATA:DWH-4-1,53,未将对象引用设置到对象的实例。
DATA:DWH-4-1,54,未将对象引用设置到对象的实例。
DATA:DWH-4-1,55,未将对象引用设置到对象的实例。
DATA:DWH-4-1,56,未将对象引用设置到对象的实例。
DATA:DWH-4-1,57,未将对象引用设置到对象的实例。
DATA:DWH-4-1,58,未将对象引用设置到对象的实例。
DATA:DWH-4-1,59,未将对象引用设置到对象的实例。
DATA:DWH-5-1,43,未将对象引用设置到对象的实例。
DATA:DWH-5-1,44,未将对象引用设置到对象的实例。
DATA:DWH-5-1,45,未将对象引用设置到对象的实例。
DATA:DWH-5-1,46,未将对象引用设置到对象的实例。
DATA:DWH-5-1,47,未将对象引用设置到对象的实例。
DATA:DWH-5-1,48,未将对象引用设置到对象的实例。
DATA:DWH-5-1,49,未将对象引用设置到对象的实例。
DATA:DWH-5-1,50,未将对象引用设置到对象的实例。
DATA:DWH-5-1,51,未将对象引用设置到对象的实例。
DATA:DWH-5-1,52,未将对象引用设置到对象的实例。
DATA:DWH-5-1,53,未将对象引用设置到对象的实例。
DATA:DWH-5-1,54,未将对象引用设置到对象的实例。
DATA:DWH-5-1,55,未将对象引用设置到对象的实例。
FILE:2017-01-13 05:32:04,D:\AWORK\苗尾\苗尾监测数据\昆明院监测\厂后\厂后区锚索测力计.xls
DATA:DChb1-2,6,未将对象引用设置到对象的实例。
FILE:2017-01-13 05:32:04,D:\AWORK\苗尾\苗尾监测数据\昆明院监测\右坝基监测\右坝基锚索测力计.xls
DATA:Dhpt1-1,545,未将对象引用设置到对象的实例。
DATA:Dhpt1-1,546,未将对象引用设置到对象的实例。
DATA:Dhpt1-1,547,未将对象引用设置到对象的实例。
DATA:Dhpt1-1,548,未将对象引用设置到对象的实例。
DATA:Dhpt1-1,549,未将对象引用设置到对象的实例。
DATA:Dhpt1-1,550,未将对象引用设置到对象的实例。
DATA:Dhpt1-1,551,未将对象引用设置到对象的实例。
DATA:Dhpt1-1,552,未将对象引用设置到对象的实例。
DATA:Dhpt1-1,553,未将对象引用设置到对象的实例。
DATA:Dhpt1-1,554,未将对象引用设置到对象的实例。
DATA:Dhpt1-1,555,未将对象引用设置到对象的实例。
DATA:Dhpt1-1,556,未将对象引用设置到对象的实例。
DATA:Dhpt1-1,557,未将对象引用设置到对象的实例。
DATA:Dhpt1-1,558,未将对象引用设置到对象的实例。
DATA:Dhpt1-1,559,未将对象引用设置到对象的实例。
DATA:Dhpt1-1,560,未将对象引用设置到对象的实例。
DATA:Dhpt1-1,561,未将对象引用设置到对象的实例。
DATA:Dhpt1-1,562,未将对象引用设置到对象的实例。
DATA:Dhpt1-1,563,未将对象引用设置到对象的实例。
DATA:Dhpt1-1,564,未将对象引用设置到对象的实例。
DATA:Dhpt1-1,565,未将对象引用设置到对象的实例。
DATA:Dhpt1-1,566,未将对象引用设置到对象的实例。
DATA:Dhpt1-1,567,未将对象引用设置到对象的实例。
DATA:Dhpt1-1,568,未将对象引用设置到对象的实例。
DATA:Dhpt1-1,569,未将对象引用设置到对象的实例。
DATA:Dhpt1-1,570,未将对象引用设置到对象的实例。
DATA:Dhpt1-1,571,未将对象引用设置到对象的实例。
DATA:Dhpt1-1,572,未将对象引用设置到对象的实例。
DATA:Dhpt1-1,573,未将对象引用设置到对象的实例。
DATA:Dhpt1-1,574,未将对象引用设置到对象的实例。
DATA:Dhpt1-1,575,未将对象引用设置到对象的实例。
DATA:Dhpt1-1,576,未将对象引用设置到对象的实例。
DATA:Dhpt1-1,577,未将对象引用设置到对象的实例。
DATA:Dhpt1-1,578,未将对象引用设置到对象的实例。
DATA:Dhpt1-1,579,未将对象引用设置到对象的实例。
DATA:Dhpt1-1,580,未将对象引用设置到对象的实例。
DATA:Dhpt1-1,581,未将对象引用设置到对象的实例。
DATA:Dhpt1-1,582,未将对象引用设置到对象的实例。
DATA:Dhpt1-1,583,未将对象引用设置到对象的实例。
DATA:Dhpt1-1,584,未将对象引用设置到对象的实例。
DATA:Dhpt1-1,585,未将对象引用设置到对象的实例。
DATA:Dhpt1-1,586,未将对象引用设置到对象的实例。
DATA:Dhpt1-1,587,未将对象引用设置到对象的实例。
DATA:Dhpt1-1,588,未将对象引用设置到对象的实例。
DATA:Dhpt1-1,589,未将对象引用设置到对象的实例。
DATA:Dhpt1-1,590,未将对象引用设置到对象的实例。
DATA:Dhpt1-1,591,未将对象引用设置到对象的实例。
DATA:Dhpt1-1,592,未将对象引用设置到对象的实例。
DATA:Dhpt1-1,593,未将对象引用设置到对象的实例。
DATA:Dhpt1-1,594,未将对象引用设置到对象的实例。
DATA:Dhpt1-1,595,未将对象引用设置到对象的实例。
DATA:Dhpt1-1,596,未将对象引用设置到对象的实例。
DATA:Dhpt1-1,597,未将对象引用设置到对象的实例。
DATA:Dhpt1-1,598,未将对象引用设置到对象的实例。
DATA:Dhpt1-1,599,未将对象引用设置到对象的实例。
DATA:Dhpt1-1,600,未将对象引用设置到对象的实例。
DATA:Dhpt1-1,601,未将对象引用设置到对象的实例。
DATA:Dhpt1-1,602,未将对象引用设置到对象的实例。
DATA:Dhpt1-1,603,未将对象引用设置到对象的实例。
DATA:Dhpt1-1,604,未将对象引用设置到对象的实例。
DATA:Dhpt1-1,605,未将对象引用设置到对象的实例。
DATA:Dhpt1-1,606,未将对象引用设置到对象的实例。
DATA:Dhpt1-1,607,未将对象引用设置到对象的实例。
DATA:Dhpt1-1,608,未将对象引用设置到对象的实例。
DATA:Dhpt1-1,609,未将对象引用设置到对象的实例。
DATA:Dhpt1-1,610,未将对象引用设置到对象的实例。
DATA:Dhpt1-1,611,未将对象引用设置到对象的实例。
DATA:Dhpt1-1,612,未将对象引用设置到对象的实例。
DATA:Dhpt1-2,629,未将对象引用设置到对象的实例。
DATA:Dhpt1-2,630,未将对象引用设置到对象的实例。
DATA:Dhpt1-2,631,未将对象引用设置到对象的实例。
DATA:Dhpt1-2,632,未将对象引用设置到对象的实例。
DATA:Dhpt1-2,633,未将对象引用设置到对象的实例。
DATA:Dhpt1-2,634,未将对象引用设置到对象的实例。
DATA:Dhpt1-2,635,未将对象引用设置到对象的实例。
DATA:Dhpt1-2,636,未将对象引用设置到对象的实例。
DATA:Dhpt1-2,637,未将对象引用设置到对象的实例。
DATA:Dhpt1-2,638,未将对象引用设置到对象的实例。
DATA:Dhpt1-2,639,未将对象引用设置到对象的实例。
DATA:Dhpt1-2,640,未将对象引用设置到对象的实例。
DATA:Dhpt1-2,641,未将对象引用设置到对象的实例。
DATA:Dhpt1-2,642,未将对象引用设置到对象的实例。
DATA:Dhpt1-2,643,未将对象引用设置到对象的实例。
DATA:Dhpt1-2,644,未将对象引用设置到对象的实例。
DATA:Dhpt1-2,645,未将对象引用设置到对象的实例。
DATA:Dhpt1-2,646,未将对象引用设置到对象的实例。
DATA:Dhpt1-2,647,未将对象引用设置到对象的实例。
DATA:Dhpt1-2,648,未将对象引用设置到对象的实例。
DATA:Dhpt1-2,649,未将对象引用设置到对象的实例。
DATA:Dhpt1-2,650,未将对象引用设置到对象的实例。
DATA:Dhpt1-2,651,未将对象引用设置到对象的实例。
DATA:Dhpt1-2,652,未将对象引用设置到对象的实例。
DATA:Dhpt1-2,653,未将对象引用设置到对象的实例。
DATA:Dhpt1-2,654,未将对象引用设置到对象的实例。
DATA:Dhpt1-2,655,未将对象引用设置到对象的实例。
DATA:Dhpt1-2,656,未将对象引用设置到对象的实例。
DATA:Dhpt1-2,657,未将对象引用设置到对象的实例。
DATA:Dhpt1-2,658,未将对象引用设置到对象的实例。
DATA:Dhpt1-2,659,未将对象引用设置到对象的实例。
DATA:Dhpt1-2,660,未将对象引用设置到对象的实例。
DATA:Dhpt1-2,661,未将对象引用设置到对象的实例。
DATA:Dhpt1-2,662,未将对象引用设置到对象的实例。
DATA:Dhpt1-2,663,未将对象引用设置到对象的实例。
DATA:Dhpt1-2,664,未将对象引用设置到对象的实例。
DATA:Dhpt1-2,665,未将对象引用设置到对象的实例。
DATA:Dhpt1-2,666,未将对象引用设置到对象的实例。
DATA:Dhpt1-2,667,未将对象引用设置到对象的实例。
DATA:Dhpt1-2,668,未将对象引用设置到对象的实例。
DATA:Dhpt1-2,669,未将对象引用设置到对象的实例。
DATA:Dhpt1-2,670,未将对象引用设置到对象的实例。
DATA:Dhpt1-2,671,未将对象引用设置到对象的实例。
DATA:Dhpt1-2,672,未将对象引用设置到对象的实例。
DATA:Dhpt1-2,673,未将对象引用设置到对象的实例。
DATA:Dhpt1-2,674,未将对象引用设置到对象的实例。
DATA:Dhpt1-2,675,未将对象引用设置到对象的实例。
DATA:Dhpt1-2,676,未将对象引用设置到对象的实例。
DATA:Dhpt1-2,677,未将对象引用设置到对象的实例。
DATA:Dhpt1-2,678,未将对象引用设置到对象的实例。
DATA:Dhpt1-2,679,未将对象引用设置到对象的实例。
DATA:Dhpt1-2,680,未将对象引用设置到对象的实例。
DATA:Dhpt1-2,681,未将对象引用设置到对象的实例。
DATA:Dhpt1-2,682,未将对象引用设置到对象的实例。
DATA:Dhpt1-2,683,未将对象引用设置到对象的实例。
DATA:Dhpt1-2,684,未将对象引用设置到对象的实例。
DATA:Dhpt1-2,685,未将对象引用设置到对象的实例。
DATA:Dhpt1-2,686,未将对象引用设置到对象的实例。
DATA:Dhpt1-2,687,未将对象引用设置到对象的实例。
DATA:Dhpt1-2,688,未将对象引用设置到对象的实例。
DATA:Dhpt1-2,689,未将对象引用设置到对象的实例。
DATA:Dhpt1-Z1,656,未将对象引用设置到对象的实例。
DATA:Dhpt1-Z1,657,未将对象引用设置到对象的实例。
DATA:Dhpt1-Z1,658,未将对象引用设置到对象的实例。
DATA:Dhpt1-Z1,659,未将对象引用设置到对象的实例。
DATA:Dhpt1-Z1,660,未将对象引用设置到对象的实例。
DATA:Dhpt1-Z1,661,未将对象引用设置到对象的实例。
DATA:Dhpt1-Z1,662,未将对象引用设置到对象的实例。
DATA:Dhpt1-Z1,663,未将对象引用设置到对象的实例。
DATA:Dhpt1-Z1,664,未将对象引用设置到对象的实例。
DATA:Dhpt1-Z1,665,未将对象引用设置到对象的实例。
DATA:Dhpt1-Z1,666,未将对象引用设置到对象的实例。
DATA:Dhpt1-Z1,667,未将对象引用设置到对象的实例。
DATA:Dhpt1-Z1,668,未将对象引用设置到对象的实例。
DATA:Dhpt1-Z1,669,未将对象引用设置到对象的实例。
DATA:Dhpt1-Z1,670,未将对象引用设置到对象的实例。
DATA:Dhpt1-Z1,671,未将对象引用设置到对象的实例。
DATA:Dhpt1-Z1,672,未将对象引用设置到对象的实例。
DATA:Dhpt1-Z1,673,未将对象引用设置到对象的实例。
DATA:Dhpt1-Z1,674,未将对象引用设置到对象的实例。
DATA:Dhpt1-Z1,675,未将对象引用设置到对象的实例。
DATA:Dhpt1-Z1,676,未将对象引用设置到对象的实例。
DATA:Dhpt1-Z1,677,未将对象引用设置到对象的实例。
DATA:Dhpt1-Z1,678,未将对象引用设置到对象的实例。
DATA:Dhpt1-Z1,679,未将对象引用设置到对象的实例。
DATA:Dhpt1-Z1,680,未将对象引用设置到对象的实例。
DATA:Dhpt1-Z1,681,未将对象引用设置到对象的实例。
DATA:Dhpt1-Z1,682,未将对象引用设置到对象的实例。
DATA:Dhpt1-Z1,683,未将对象引用设置到对象的实例。
DATA:Dhpt1-Z1,684,未将对象引用设置到对象的实例。
DATA:Dhpt1-Z1,685,未将对象引用设置到对象的实例。
DATA:Dhpt1-Z1,686,未将对象引用设置到对象的实例。
DATA:Dhpt1-Z1,687,未将对象引用设置到对象的实例。
DATA:Dhpt1-Z1,688,未将对象引用设置到对象的实例。
DATA:Dhpt1-Z1,689,未将对象引用设置到对象的实例。
DATA:Dhpt1-Z1,690,未将对象引用设置到对象的实例。
DATA:Dhpt1-Z1,691,未将对象引用设置到对象的实例。
DATA:Dhpt1-Z1,692,未将对象引用设置到对象的实例。
DATA:Dhpt1-Z1,693,未将对象引用设置到对象的实例。
DATA:Dhpt1-Z1,694,未将对象引用设置到对象的实例。
DATA:Dhpt1-Z1,695,未将对象引用设置到对象的实例。
DATA:Dhpt1-Z1,696,未将对象引用设置到对象的实例。
DATA:Dhpt1-Z1,697,未将对象引用设置到对象的实例。
DATA:Dhpt1-Z1,698,未将对象引用设置到对象的实例。
DATA:Dhpt1-Z1,699,未将对象引用设置到对象的实例。
DATA:Dhpt2-1,497,未将对象引用设置到对象的实例。
DATA:Dhpt2-1,498,未将对象引用设置到对象的实例。
DATA:Dhpt2-2,455,未将对象引用设置到对象的实例。
DATA:Dhpt2-2,456,未将对象引用设置到对象的实例。
DATA:Dhpt2-2,457,未将对象引用设置到对象的实例。
DATA:Dhpt2-2,458,未将对象引用设置到对象的实例。
DATA:Dhpt2-2,459,未将对象引用设置到对象的实例。
DATA:Dhpt2-2,460,未将对象引用设置到对象的实例。
DATA:Dhpt2-2,461,未将对象引用设置到对象的实例。
DATA:Dhpt2-2,462,未将对象引用设置到对象的实例。
DATA:Dhpt2-2,463,未将对象引用设置到对象的实例。
DATA:Dhpt2-2,464,未将对象引用设置到对象的实例。
DATA:Dhpt2-2,465,未将对象引用设置到对象的实例。
DATA:Dhpt2-2,466,未将对象引用设置到对象的实例。
DATA:Dhpt2-2,467,未将对象引用设置到对象的实例。
DATA:Dhpt2-2,468,未将对象引用设置到对象的实例。
DATA:Dhpt2-2,469,未将对象引用设置到对象的实例。
DATA:Dhpt2-2,470,未将对象引用设置到对象的实例。
DATA:Dhpt2-2,471,未将对象引用设置到对象的实例。
DATA:Dhpt2-2,472,未将对象引用设置到对象的实例。
DATA:Dhpt2-2,473,未将对象引用设置到对象的实例。
DATA:Dhpt2-2,474,未将对象引用设置到对象的实例。
DATA:Dhpt2-2,475,未将对象引用设置到对象的实例。
DATA:Dhpt2-2,476,未将对象引用设置到对象的实例。
DATA:Dhpt2-2,477,未将对象引用设置到对象的实例。
DATA:Dhpt2-2,478,未将对象引用设置到对象的实例。
DATA:Dhpt2-2,479,未将对象引用设置到对象的实例。
DATA:Dhpt2-2,480,未将对象引用设置到对象的实例。
DATA:Dhpt2-2,481,未将对象引用设置到对象的实例。
DATA:Dhpt2-2,482,未将对象引用设置到对象的实例。
DATA:Dhpt2-2,483,未将对象引用设置到对象的实例。
DATA:Dhpt2-2,484,未将对象引用设置到对象的实例。
DATA:Dhpt2-2,485,未将对象引用设置到对象的实例。
DATA:Dhpt2-2,486,未将对象引用设置到对象的实例。
DATA:Dhpt2-2,487,未将对象引用设置到对象的实例。
DATA:Dhpt2-2,488,未将对象引用设置到对象的实例。
DATA:Dhpt2-2,489,未将对象引用设置到对象的实例。
DATA:Dhpt2-2,490,未将对象引用设置到对象的实例。
DATA:Dhpt2-2,491,未将对象引用设置到对象的实例。
DATA:Dhpt2-2,492,未将对象引用设置到对象的实例。
DATA:Dhpt2-2,493,未将对象引用设置到对象的实例。
DATA:Dhpt2-2,494,未将对象引用设置到对象的实例。
DATA:Dhpt2-2,495,未将对象引用设置到对象的实例。
DATA:Dhpt2-2,496,未将对象引用设置到对象的实例。
DATA:Dhpt2-2,497,未将对象引用设置到对象的实例。
DATA:Dhpt2-2,498,未将对象引用设置到对象的实例。
DATA:Dhpt2-2,499,未将对象引用设置到对象的实例。
DATA:Dhpt2-2,500,未将对象引用设置到对象的实例。
DATA:Dhpt2-2,501,未将对象引用设置到对象的实例。
DATA:Dhpt2-2,502,未将对象引用设置到对象的实例。
DATA:Dhpt2-2,503,未将对象引用设置到对象的实例。
DATA:Dhpt2-2,504,未将对象引用设置到对象的实例。
DATA:Dhpt2-2,505,未将对象引用设置到对象的实例。
DATA:Dhpt2-2,506,未将对象引用设置到对象的实例。
DATA:Dhpt2-2,507,未将对象引用设置到对象的实例。
DATA:Dhpt2-2,508,未将对象引用设置到对象的实例。
DATA:Dhpt2-2,509,未将对象引用设置到对象的实例。
DATA:Dhpt2-2,510,未将对象引用设置到对象的实例。
DATA:Dhpt2-2,511,未将对象引用设置到对象的实例。
DATA:Dhpt2-2,512,未将对象引用设置到对象的实例。
DATA:Dhpt2-2,513,未将对象引用设置到对象的实例。
DATA:Dhpt2-2,514,未将对象引用设置到对象的实例。
DATA:Dhpt2-2,515,未将对象引用设置到对象的实例。
DATA:Dhpt2-2,516,未将对象引用设置到对象的实例。
DATA:Dhpt2-2,517,未将对象引用设置到对象的实例。
DATA:Dhpt2-2,518,未将对象引用设置到对象的实例。
DATA:Dhpt2-2,519,未将对象引用设置到对象的实例。
DATA:Dhpt2-2,520,未将对象引用设置到对象的实例。
DATA:Dhpt2-2,521,未将对象引用设置到对象的实例。
DATA:Dhpt2-2,522,未将对象引用设置到对象的实例。
DATA:Dhpt2-2,523,未将对象引用设置到对象的实例。
DATA:Dhpt2-2,524,未将对象引用设置到对象的实例。
DATA:Dhpt2-2,525,未将对象引用设置到对象的实例。
DATA:Dhpt2-2,526,未将对象引用设置到对象的实例。
DATA:Dhpt2-2,527,未将对象引用设置到对象的实例。
DATA:Dhpt2-2,528,未将对象引用设置到对象的实例。
DATA:Dhpt2-2,529,未将对象引用设置到对象的实例。
DATA:Dhpt2-2,530,未将对象引用设置到对象的实例。
DATA:Dhpt2-2,531,未将对象引用设置到对象的实例。
DATA:Dhpt2-2,532,未将对象引用设置到对象的实例。
DATA:Dhpt2-2,533,未将对象引用设置到对象的实例。
DATA:Dhpt2-2,534,未将对象引用设置到对象的实例。
DATA:Dhpt2-2,535,未将对象引用设置到对象的实例。
DATA:Dhpt2-2,536,未将对象引用设置到对象的实例。
DATA:Dhpt2-2,537,未将对象引用设置到对象的实例。
DATA:Dhpt2-2,538,未将对象引用设置到对象的实例。
DATA:Dhpt2-2,539,未将对象引用设置到对象的实例。
DATA:Dhpt2-2,540,未将对象引用设置到对象的实例。
DATA:Dhpt2-2,541,未将对象引用设置到对象的实例。
DATA:Dhpt2-2,542,未将对象引用设置到对象的实例。
DATA:Dhpt2-2,543,未将对象引用设置到对象的实例。
DATA:Dhpt2-2,544,未将对象引用设置到对象的实例。
DATA:Dhpt2-2,545,未将对象引用设置到对象的实例。
DATA:Dhpt2-2,546,未将对象引用设置到对象的实例。
DATA:Dhpt2-2,547,未将对象引用设置到对象的实例。
DATA:Dhpt2-2,548,未将对象引用设置到对象的实例。
DATA:Dhpt2-2,549,未将对象引用设置到对象的实例。
DATA:Dhpt2-2,550,未将对象引用设置到对象的实例。
DATA:Dhpt2-2,551,未将对象引用设置到对象的实例。
DATA:Dhpt2-2,552,未将对象引用设置到对象的实例。
DATA:Dhpt2-2,553,未将对象引用设置到对象的实例。
DATA:Dhpt2-2,554,未将对象引用设置到对象的实例。
DATA:Dhpt2-2,555,未将对象引用设置到对象的实例。
DATA:Dhpt2-2,556,未将对象引用设置到对象的实例。
DATA:Dhpt2-2,557,未将对象引用设置到对象的实例。
DATA:Dhpt2-2,558,未将对象引用设置到对象的实例。
DATA:Dhpt2-2,559,未将对象引用设置到对象的实例。
DATA:Dhpt2-2,560,未将对象引用设置到对象的实例。
DATA:Dhpt2-2,561,未将对象引用设置到对象的实例。
DATA:Dhpt2-2,562,未将对象引用设置到对象的实例。
DATA:Dhpt2-2,563,未将对象引用设置到对象的实例。
DATA:Dhpt2-2,564,未将对象引用设置到对象的实例。
DATA:Dhpt2-2,565,未将对象引用设置到对象的实例。
DATA:Dhpt2-2,566,未将对象引用设置到对象的实例。
DATA:Dhpt2-2,567,未将对象引用设置到对象的实例。
DATA:Dhpt2-2,568,未将对象引用设置到对象的实例。
DATA:Dhpt2-2,569,未将对象引用设置到对象的实例。
DATA:Dhpt2-2,570,未将对象引用设置到对象的实例。
DATA:Dhpt2-2,571,未将对象引用设置到对象的实例。
DATA:Dhpt3-1,526,未将对象引用设置到对象的实例。
FILE:2017-01-13 05:32:04,D:\AWORK\苗尾\苗尾监测数据\昆明院监测\右坝头监测\右坝头锚索测力计.xls
DATA:DYtb2,16,所有数据误差超限
DATA:DYtb2,17,所有数据误差超限
DATA:DYtb2,18,所有数据误差超限
FILE:2017-01-13 05:32:04,D:\AWORK\苗尾\苗尾监测数据\昆明院监测\大坝右岸坝前边坡\坝前边坡锚索测力计.xls
DATA:DBQ2-1,53,未将对象引用设置到对象的实例。
DATA:DBQ2-1,54,未将对象引用设置到对象的实例。
FILE:2017-01-13 05:32:04,D:\AWORK\苗尾\苗尾监测数据\昆明院监测\导流隧洞观测数据第265期\出口边坡\出口锚索测力计.xls
DATA:Ddsz5,210,未将对象引用设置到对象的实例。
DATA:Ddsz5,211,未将对象引用设置到对象的实例。
DATA:Ddsz5,212,未将对象引用设置到对象的实例。
DATA:Ddsz5,213,未将对象引用设置到对象的实例。
DATA:Ddsz5,214,未将对象引用设置到对象的实例。
DATA:Ddsz5,215,未将对象引用设置到对象的实例。
DATA:Ddsz5,216,未将对象引用设置到对象的实例。
DATA:Ddsz5,217,未将对象引用设置到对象的实例。
DATA:Ddsz5,218,未将对象引用设置到对象的实例。
DATA:Ddsz5,219,未将对象引用设置到对象的实例。
DATA:Ddsz5,220,未将对象引用设置到对象的实例。
DATA:Ddsz5,221,未将对象引用设置到对象的实例。
DATA:Ddsz5,222,未将对象引用设置到对象的实例。
DATA:Ddsz5,223,未将对象引用设置到对象的实例。
DATA:Ddsz5,224,未将对象引用设置到对象的实例。
DATA:Ddsz5,225,未将对象引用设置到对象的实例。
DATA:Ddsz5,226,未将对象引用设置到对象的实例。
DATA:Ddsz5,227,未将对象引用设置到对象的实例。
DATA:Ddsz5,228,未将对象引用设置到对象的实例。
DATA:Ddsz5,229,未将对象引用设置到对象的实例。
DATA:Ddsz5,230,未将对象引用设置到对象的实例。
DATA:Ddsz5,231,未将对象引用设置到对象的实例。
DATA:Ddsz5,232,未将对象引用设置到对象的实例。
DATA:Ddsz5,233,未将对象引用设置到对象的实例。
DATA:Ddsz5,234,未将对象引用设置到对象的实例。
DATA:Ddsz5,235,未将对象引用设置到对象的实例。
DATA:Ddsz5,236,未将对象引用设置到对象的实例。
DATA:Ddsz5,237,未将对象引用设置到对象的实例。
FILE:2017-01-13 05:32:04,D:\AWORK\苗尾\苗尾监测数据\昆明院监测\导流隧洞观测数据第265期\进口边坡\进口锚索测力计.xls
FILE:2017-01-13 05:32:04,D:\AWORK\苗尾\苗尾监测数据\昆明院监测\左坝基监测\左坝基锚索测力计 .xls
DATA:DBJZ-1371-2,600,未将对象引用设置到对象的实例。
DATA:DBJZ-1371-2,601,未将对象引用设置到对象的实例。
DATA:DBJZ-1371-2,602,未将对象引用设置到对象的实例。
DATA:DBJZ-1371-2,603,未将对象引用设置到对象的实例。
DATA:DBJZ-1371-2,604,未将对象引用设置到对象的实例。
DATA:DBJZ-1371-2,605,未将对象引用设置到对象的实例。
DATA:DBJZ-1371-2,606,未将对象引用设置到对象的实例。
DATA:DBJZ-1371-2,607,未将对象引用设置到对象的实例。
DATA:DBJZ-1371-2,608,未将对象引用设置到对象的实例。
DATA:DBJZ-1371-2,609,未将对象引用设置到对象的实例。
DATA:DBJZ-1371-2,610,未将对象引用设置到对象的实例。
DATA:DBJZ-1371-2,611,未将对象引用设置到对象的实例。
DATA:DBJZ-1371-2,612,未将对象引用设置到对象的实例。
DATA:DBJZ-1371-2,613,未将对象引用设置到对象的实例。
DATA:DBJZ-1371-2,614,未将对象引用设置到对象的实例。
DATA:DBJZ-1371-2,615,未将对象引用设置到对象的实例。
DATA:DBJZ-1371-2,616,未将对象引用设置到对象的实例。
DATA:DBJZ-1371-2,617,未将对象引用设置到对象的实例。
DATA:DBJZ-1371-2,618,未将对象引用设置到对象的实例。
DATA:DBJZ-1371-2,619,未将对象引用设置到对象的实例。
DATA:DBJZ-1371-2,620,未将对象引用设置到对象的实例。
DATA:DBJZ-1371-2,621,未将对象引用设置到对象的实例。
DATA:DBJZ-1371-2,622,未将对象引用设置到对象的实例。
DATA:DBJZ-1371-2,623,未将对象引用设置到对象的实例。
DATA:DBJZ-1371-2,624,未将对象引用设置到对象的实例。
DATA:DBJZ-1371-2,625,未将对象引用设置到对象的实例。
DATA:DBJZ-1371-2,626,未将对象引用设置到对象的实例。
DATA:DBJZ-1371-2,627,未将对象引用设置到对象的实例。
DATA:DBJZ-1371-2,628,未将对象引用设置到对象的实例。
DATA:DBJZ-1371-2,629,未将对象引用设置到对象的实例。
DATA:DBJZ-1371-2,630,未将对象引用设置到对象的实例。
DATA:DBJZ-1371-2,631,未将对象引用设置到对象的实例。
DATA:DBJZ-1371-2,632,未将对象引用设置到对象的实例。
DATA:DBJZ-1371-2,633,未将对象引用设置到对象的实例。
DATA:DBJZ-1371-2,634,未将对象引用设置到对象的实例。
DATA:DBJZ-1371-2,635,未将对象引用设置到对象的实例。
DATA:DBJZ-1371-2,636,未将对象引用设置到对象的实例。
DATA:DBJZ-1371-2,637,未将对象引用设置到对象的实例。
FILE:2017-01-13 05:32:04,D:\AWORK\苗尾\苗尾监测数据\昆明院监测\拦污漂\拦污漂锚索测力计.xls
FILE:2017-01-13 05:32:04,D:\AWORK\苗尾\苗尾监测数据\昆明院监测\料场-观测数据\锚索测力计.xls
FILE:2017-01-13 05:32:04,D:\AWORK\苗尾\苗尾监测数据\昆明院监测\溢洪道\溢洪道泄槽段右侧边坡\溢洪道泄槽段右侧边坡锚索测力计.xls
FILE:2017-01-13 05:32:04,D:\AWORK\苗尾\苗尾监测数据\昆明院监测\溢洪道\溢洪道泄槽段左侧边坡\溢洪道泄槽段左侧边坡锚索测力计.xls
DATA:DYb4-6,76,未将对象引用设置到对象的实例。
FILE:2017-01-13 05:32:04,D:\AWORK\苗尾\苗尾监测数据\昆明院监测\溢洪道\溢洪道进水渠边坡\溢洪道边坡锚索测力计.xls
DATA:DYb7-1,6,未将对象引用设置到对象的实例。
FILE:2017-01-13 05:32:04,D:\AWORK\苗尾\苗尾监测数据\昆明院监测\溢洪道\溢洪道闸墩\溢洪道闸墩锚索测力计.xls
FILE:2017-01-13 05:32:04,D:\AWORK\苗尾\苗尾监测数据\昆明院监测\进水口\进水口锚索测力计.xls
DATA:DJb1-3,81,未将对象引用设置到对象的实例。
DATA:DJb1-3,82,未将对象引用设置到对象的实例。
DATA:DJb1-3,83,未将对象引用设置到对象的实例。
DATA:DJb1-3,84,未将对象引用设置到对象的实例。
DATA:DJb1-3,85,未将对象引用设置到对象的实例。
DATA:DJb1-3,86,未将对象引用设置到对象的实例。
DATA:DJb1-3,87,未将对象引用设置到对象的实例。
DATA:DJb1-3,88,未将对象引用设置到对象的实例。
DATA:DJb1-3,89,未将对象引用设置到对象的实例。
DATA:DJb1-3,90,未将对象引用设置到对象的实例。
DATA:DJb1-3,91,未将对象引用设置到对象的实例。
DATA:DJbZ1-2,189,未将对象引用设置到对象的实例。
DATA:DJbZ1-2,190,未将对象引用设置到对象的实例。
FILE:2017-01-13 05:32:04,D:\AWORK\苗尾\苗尾监测数据\葛洲坝安全监测\2#施工支洞\出口边坡\锚索测力计.xls
FILE:2017-01-13 05:32:04,D:\AWORK\苗尾\苗尾监测数据\葛洲坝安全监测\冲沙兼放空洞\冲沙兼放空洞次锚索.xls
FILE:2017-01-13 05:32:04,D:\AWORK\苗尾\苗尾监测数据\葛洲坝安全监测\冲沙兼放空洞\冲沙兼防空洞出口弧门闸室主锚索.xls
FILE:2017-01-13 05:32:04,D:\AWORK\苗尾\苗尾监测数据\葛洲坝安全监测\尾水渠反坡段\锚索测力计.xls
FILE:2017-01-13 05:32:04,D:\AWORK\苗尾\苗尾监测数据\葛洲坝安全监测\引水洞\进水口边坡\锚索测力计.xls
DATA:Djbz3-1,278,未将对象引用设置到对象的实例。
DATA:Djbz3-1,279,未将对象引用设置到对象的实例。
DATA:Djbz3-1,280,未将对象引用设置到对象的实例。
DATA:Djbz3-1,281,未将对象引用设置到对象的实例。
DATA:Djbz3-1,282,未将对象引用设置到对象的实例。
DATA:Djbz3-1,283,未将对象引用设置到对象的实例。
DATA:Djbz3-1,284,未将对象引用设置到对象的实例。
DATA:Djbz3-1,285,未将对象引用设置到对象的实例。
DATA:Djbz3-1,286,未将对象引用设置到对象的实例。
DATA:Djbz3-1,287,未将对象引用设置到对象的实例。
DATA:Djbz3-1,288,未将对象引用设置到对象的实例。
DATA:Djbz3-1,289,未将对象引用设置到对象的实例。
DATA:Djbz3-1,290,未将对象引用设置到对象的实例。
DATA:Djbz3-1,291,未将对象引用设置到对象的实例。
DATA:Djbz3-1,292,未将对象引用设置到对象的实例。
DATA:Djbz3-1,293,未将对象引用设置到对象的实例。
DATA:Djbz3-1,294,未将对象引用设置到对象的实例。
DATA:Djbz3-1,295,未将对象引用设置到对象的实例。
DATA:Djbz3-1,296,未将对象引用设置到对象的实例。
DATA:Djbz3-1,297,未将对象引用设置到对象的实例。
DATA:Djbz3-1,298,未将对象引用设置到对象的实例。
DATA:Djbz3-1,299,未将对象引用设置到对象的实例。
DATA:Djbz3-1,300,未将对象引用设置到对象的实例。
DATA:Djbz3-1,301,未将对象引用设置到对象的实例。
DATA:Djbz3-1,302,未将对象引用设置到对象的实例。
DATA:Djbz3-1,303,未将对象引用设置到对象的实例。
DATA:Djbz3-1,304,未将对象引用设置到对象的实例。
DATA:Djbz3-1,305,未将对象引用设置到对象的实例。
DATA:Djbz3-1,306,未将对象引用设置到对象的实例。
DATA:Djbz3-1,307,未将对象引用设置到对象的实例。
DATA:Djbz3-1,308,未将对象引用设置到对象的实例。
DATA:Djbz3-1,309,未将对象引用设置到对象的实例。
DATA:Djbz3-1,310,未将对象引用设置到对象的实例。
DATA:Djbz3-1,311,未将对象引用设置到对象的实例。
DATA:Djbz3-1,312,未将对象引用设置到对象的实例。
DATA:Djbz3-1,313,未将对象引用设置到对象的实例。
DATA:Djbz3-1,314,未将对象引用设置到对象的实例。
DATA:Djbz3-1,315,未将对象引用设置到对象的实例。
DATA:Djbz3-1,316,未将对象引用设置到对象的实例。
DATA:Djbz3-1,317,未将对象引用设置到对象的实例。
DATA:Djbz3-1,318,未将对象引用设置到对象的实例。
DATA:Djbz3-1,319,未将对象引用设置到对象的实例。
DATA:Djbz3-1,320,未将对象引用设置到对象的实例。
DATA:Djbz3-1,321,未将对象引用设置到对象的实例。
DATA:Djbz3-1,322,未将对象引用设置到对象的实例。
DATA:Djbz3-1,323,未将对象引用设置到对象的实例。
DATA:Djbz3-1,324,未将对象引用设置到对象的实例。
DATA:Djbz3-1,325,未将对象引用设置到对象的实例。
DATA:Djbz3-1,326,未将对象引用设置到对象的实例。
DATA:Djbz3-1,327,未将对象引用设置到对象的实例。
DATA:Djbz3-1,328,未将对象引用设置到对象的实例。
DATA:Djbz3-1,329,未将对象引用设置到对象的实例。
DATA:Djbz3-1,330,未将对象引用设置到对象的实例。
DATA:Djbz3-1,331,未将对象引用设置到对象的实例。
DATA:Djbz3-1,332,未将对象引用设置到对象的实例。
DATA:Djbz3-1,333,未将对象引用设置到对象的实例。
DATA:Djbz3-1,334,未将对象引用设置到对象的实例。
DATA:Djbz3-1,335,未将对象引用设置到对象的实例。
DATA:Djbz3-1,336,未将对象引用设置到对象的实例。
DATA:Djbz3-1,337,未将对象引用设置到对象的实例。
DATA:Djbz3-1,338,未将对象引用设置到对象的实例。
DATA:Djbz3-1,339,未将对象引用设置到对象的实例。
DATA:Djbz3-1,340,未将对象引用设置到对象的实例。
DATA:Djbz3-1,341,未将对象引用设置到对象的实例。
DATA:Djbz3-1,342,未将对象引用设置到对象的实例。
DATA:Djbz3-1,343,未将对象引用设置到对象的实例。
DATA:Djbz3-1,344,未将对象引用设置到对象的实例。
DATA:Djbz3-1,345,未将对象引用设置到对象的实例。
DATA:Djbz3-1,346,未将对象引用设置到对象的实例。
DATA:Djbz3-1,347,未将对象引用设置到对象的实例。
DATA:Djbz3-1,348,未将对象引用设置到对象的实例。
DATA:Djbz3-1,349,未将对象引用设置到对象的实例。
DATA:Djbz3-1,350,未将对象引用设置到对象的实例。
DATA:Djbz3-1,351,未将对象引用设置到对象的实例。
DATA:Djbz3-1,352,未将对象引用设置到对象的实例。
DATA:Djbz3-1,353,未将对象引用设置到对象的实例。
DATA:Djbz3-1,354,未将对象引用设置到对象的实例。
DATA:Djbz3-1,355,未将对象引用设置到对象的实例。
DATA:Djbz3-1,356,未将对象引用设置到对象的实例。
DATA:Djbz3-1,357,未将对象引用设置到对象的实例。
DATA:Djbz3-1,358,未将对象引用设置到对象的实例。
DATA:Djbz3-1,359,未将对象引用设置到对象的实例。
DATA:Djbz3-1,360,未将对象引用设置到对象的实例。
DATA:Djbz3-1,361,未将对象引用设置到对象的实例。
DATA:Djbz3-1,362,未将对象引用设置到对象的实例。
DATA:Djbz3-1,363,未将对象引用设置到对象的实例。
DATA:Djbz3-1,364,未将对象引用设置到对象的实例。
DATA:Djbz3-1,365,未将对象引用设置到对象的实例。
DATA:Djbz3-1,366,未将对象引用设置到对象的实例。
DATA:Djbz3-1,367,未将对象引用设置到对象的实例。
DATA:Djbz3-1,368,未将对象引用设置到对象的实例。
DATA:Djbz3-1,369,未将对象引用设置到对象的实例。
DATA:Djbz3-1,370,未将对象引用设置到对象的实例。
DATA:Djbz3-1,371,未将对象引用设置到对象的实例。
DATA:Djbz3-1,372,未将对象引用设置到对象的实例。
DATA:Djbz3-1,373,未将对象引用设置到对象的实例。
DATA:Djbz3-1,374,未将对象引用设置到对象的实例。
DATA:Djbz3-1,375,未将对象引用设置到对象的实例。
DATA:Djbz3-1,376,未将对象引用设置到对象的实例。
DATA:Djbz3-1,377,未将对象引用设置到对象的实例。
DATA:Djbz3-1,378,未将对象引用设置到对象的实例。
DATA:Djbz3-1,379,未将对象引用设置到对象的实例。
DATA:Djbz3-1,380,未将对象引用设置到对象的实例。
DATA:Djbz3-1,381,未将对象引用设置到对象的实例。
DATA:Djbz3-1,382,未将对象引用设置到对象的实例。
DATA:Djbz3-1,383,未将对象引用设置到对象的实例。
DATA:Djbz3-1,384,未将对象引用设置到对象的实例。
DATA:Djbz3-1,385,未将对象引用设置到对象的实例。
DATA:Djbz3-1,386,未将对象引用设置到对象的实例。
DATA:Djbz3-1,387,未将对象引用设置到对象的实例。
DATA:Djbz3-1,388,未将对象引用设置到对象的实例。
DATA:Djbz3-1,389,未将对象引用设置到对象的实例。
DATA:Djbz3-1,390,未将对象引用设置到对象的实例。
DATA:Djbz3-1,391,未将对象引用设置到对象的实例。
DATA:Djbz3-1,392,未将对象引用设置到对象的实例。
DATA:Djbz3-1,393,未将对象引用设置到对象的实例。
DATA:Djbz3-1,394,未将对象引用设置到对象的实例。
DATA:Djbz3-1,395,未将对象引用设置到对象的实例。
DATA:Djbz3-1,396,未将对象引用设置到对象的实例。
DATA:Djbz3-1,397,未将对象引用设置到对象的实例。
DATA:Djbz3-1,398,未将对象引用设置到对象的实例。
DATA:Djbz3-1,399,未将对象引用设置到对象的实例。
DATA:Djbz3-1,400,未将对象引用设置到对象的实例。
DATA:Djbz3-1,401,未将对象引用设置到对象的实例。
DATA:Djbz3-1,402,未将对象引用设置到对象的实例。
DATA:Djbz3-1,403,未将对象引用设置到对象的实例。
DATA:Djbz3-1,404,未将对象引用设置到对象的实例。
DATA:Djbz3-1,405,未将对象引用设置到对象的实例。
DATA:Djbz3-1,406,未将对象引用设置到对象的实例。
DATA:Djbz3-1,407,未将对象引用设置到对象的实例。
DATA:Djbz3-1,408,未将对象引用设置到对象的实例。
DATA:Djbz3-1,409,未将对象引用设置到对象的实例。
DATA:Djbz3-1,410,未将对象引用设置到对象的实例。
DATA:Djbz3-1,411,未将对象引用设置到对象的实例。
DATA:Djbz3-1,412,未将对象引用设置到对象的实例。
DATA:Djbz3-1,413,未将对象引用设置到对象的实例。
DATA:Djbz3-1,414,未将对象引用设置到对象的实例。
DATA:Djbz3-1,415,未将对象引用设置到对象的实例。
DATA:Djbz3-1,416,未将对象引用设置到对象的实例。
DATA:Djbz3-1,417,未将对象引用设置到对象的实例。
DATA:Djbz3-1,418,未将对象引用设置到对象的实例。
DATA:Djbz3-1,419,未将对象引用设置到对象的实例。
DATA:Djbz3-1,420,未将对象引用设置到对象的实例。
DATA:Djbz3-1,421,未将对象引用设置到对象的实例。
DATA:Djbz3-1,422,未将对象引用设置到对象的实例。
DATA:Djbz3-1,423,未将对象引用设置到对象的实例。
DATA:Djbz3-1,424,未将对象引用设置到对象的实例。
DATA:Djbz3-1,425,未将对象引用设置到对象的实例。
DATA:Djbz3-1,426,未将对象引用设置到对象的实例。
DATA:Djbz3-1,427,未将对象引用设置到对象的实例。
DATA:Djbz3-1,428,未将对象引用设置到对象的实例。
DATA:Djbz3-1,429,未将对象引用设置到对象的实例。
DATA:Djbz3-1,430,未将对象引用设置到对象的实例。
DATA:Djbz3-1,431,未将对象引用设置到对象的实例。
DATA:Djbz3-1,432,未将对象引用设置到对象的实例。
DATA:Djbz3-1,433,未将对象引用设置到对象的实例。
DATA:Djbz3-1,434,未将对象引用设置到对象的实例。
DATA:Djbz3-1,435,未将对象引用设置到对象的实例。
DATA:Djbz3-1,436,未将对象引用设置到对象的实例。
DATA:Djbz3-1,437,未将对象引用设置到对象的实例。
DATA:Djbz3-1,438,未将对象引用设置到对象的实例。
DATA:Djbz3-1,439,未将对象引用设置到对象的实例。
DATA:Djbz3-1,440,未将对象引用设置到对象的实例。
DATA:Djbz3-1,441,未将对象引用设置到对象的实例。
DATA:Djbz3-1,442,未将对象引用设置到对象的实例。
DATA:Djbz3-1,443,未将对象引用设置到对象的实例。
DATA:Djbz3-1,444,未将对象引用设置到对象的实例。
DATA:Djbz3-1,445,未将对象引用设置到对象的实例。
DATA:Djbz3-1,446,未将对象引用设置到对象的实例。
DATA:Djbz3-1,447,未将对象引用设置到对象的实例。
DATA:Djbz3-1,448,未将对象引用设置到对象的实例。
DATA:Djbz3-1,449,未将对象引用设置到对象的实例。
DATA:Djbz3-1,450,未将对象引用设置到对象的实例。
DATA:Djbz3-1,451,未将对象引用设置到对象的实例。
DATA:Djbz3-1,452,未将对象引用设置到对象的实例。
DATA:Djbz3-1,453,未将对象引用设置到对象的实例。
DATA:Djbz3-1,454,未将对象引用设置到对象的实例。
DATA:Djbz3-1,455,未将对象引用设置到对象的实例。
DATA:Djbz3-1,456,未将对象引用设置到对象的实例。
DATA:Djbz3-1,457,未将对象引用设置到对象的实例。
DATA:Djbz3-1,458,未将对象引用设置到对象的实例。
DATA:Djbz3-1,459,未将对象引用设置到对象的实例。
DATA:Djbz3-1,460,未将对象引用设置到对象的实例。
DATA:Djbz3-1,461,未将对象引用设置到对象的实例。
DATA:Djbz3-1,462,未将对象引用设置到对象的实例。
DATA:Djbz3-1,463,未将对象引用设置到对象的实例。
DATA:Djbz3-1,464,未将对象引用设置到对象的实例。
DATA:Djbz3-1,465,未将对象引用设置到对象的实例。
DATA:Djbz3-1,466,未将对象引用设置到对象的实例。
DATA:Djbz3-1,467,未将对象引用设置到对象的实例。
DATA:Djbz3-1,468,未将对象引用设置到对象的实例。
DATA:Djbz3-1,469,未将对象引用设置到对象的实例。
DATA:Djbz3-1,470,未将对象引用设置到对象的实例。
FILE:2017-01-13 05:32:04,D:\AWORK\苗尾\苗尾监测数据\葛洲坝安全监测\排导槽\锚索测力计排导槽.xls
FILE:2017-01-13 05:32:04,D:\AWORK\苗尾\苗尾监测数据\葛洲坝安全监测\灌溉取水交通洞\灌溉交通洞进口边坡\边坡锚索测力计.xls
FILE:2017-01-13 05:32:04,D:\AWORK\苗尾\苗尾监测数据\葛洲坝安全监测\集水井\集水井锚索测力计.xls
DATA:DCjbz-2,184,未将对象引用设置到对象的实例。
DATA:DCjbz-2,185,未将对象引用设置到对象的实例。
DATA:DCjbz-2,186,未将对象引用设置到对象的实例。
DATA:DCjbz-2,187,未将对象引用设置到对象的实例。
DATA:DCjbz-2,188,未将对象引用设置到对象的实例。
DATA:DCjbz-2,189,未将对象引用设置到对象的实例。
DATA:DCjbz-2,190,未将对象引用设置到对象的实例。
DATA:DCjbz-2,191,未将对象引用设置到对象的实例。
DATA:DCjbz-2,192,未将对象引用设置到对象的实例。
DATA:DCjbz-2,193,未将对象引用设置到对象的实例。
DATA:DCjbz-2,194,未将对象引用设置到对象的实例。
DATA:DCjbz-2,195,未将对象引用设置到对象的实例。
DATA:DCjbz-2,196,未将对象引用设置到对象的实例。
DATA:DCjbz-2,197,未将对象引用设置到对象的实例。
DATA:DCjbz-2,198,未将对象引用设置到对象的实例。
DATA:DCjbz-2,199,未将对象引用设置到对象的实例。
FILE:2017-01-13 05:34:53,D:\AWORK\苗尾\苗尾监测数据\昆明院监测\下游左岸雾化区\雾化区锚索测力计.xls
FILE:2017-01-13 05:34:53,D:\AWORK\苗尾\苗尾监测数据\昆明院监测\厂后\厂后区锚索测力计.xls
FILE:2017-01-13 05:34:53,D:\AWORK\苗尾\苗尾监测数据\昆明院监测\右坝基监测\右坝基锚索测力计.xls
FILE:2017-01-13 05:34:53,D:\AWORK\苗尾\苗尾监测数据\昆明院监测\右坝头监测\右坝头锚索测力计.xls
DATA:DYtb2,16,所有数据误差超限
DATA:DYtb2,17,所有数据误差超限
DATA:DYtb2,18,所有数据误差超限
FILE:2017-01-13 05:34:53,D:\AWORK\苗尾\苗尾监测数据\昆明院监测\大坝右岸坝前边坡\坝前边坡锚索测力计.xls
FILE:2017-01-13 05:34:53,D:\AWORK\苗尾\苗尾监测数据\昆明院监测\导流隧洞观测数据第265期\出口边坡\出口锚索测力计.xls
FILE:2017-01-13 05:34:53,D:\AWORK\苗尾\苗尾监测数据\昆明院监测\导流隧洞观测数据第265期\进口边坡\进口锚索测力计.xls
FILE:2017-01-13 05:34:53,D:\AWORK\苗尾\苗尾监测数据\昆明院监测\左坝基监测\左坝基锚索测力计 .xls
FILE:2017-01-13 05:34:53,D:\AWORK\苗尾\苗尾监测数据\昆明院监测\拦污漂\拦污漂锚索测力计.xls
FILE:2017-01-13 05:34:53,D:\AWORK\苗尾\苗尾监测数据\昆明院监测\料场-观测数据\锚索测力计.xls
FILE:2017-01-13 05:34:53,D:\AWORK\苗尾\苗尾监测数据\昆明院监测\溢洪道\溢洪道泄槽段右侧边坡\溢洪道泄槽段右侧边坡锚索测力计.xls
FILE:2017-01-13 05:34:53,D:\AWORK\苗尾\苗尾监测数据\昆明院监测\溢洪道\溢洪道泄槽段左侧边坡\溢洪道泄槽段左侧边坡锚索测力计.xls
FILE:2017-01-13 05:34:53,D:\AWORK\苗尾\苗尾监测数据\昆明院监测\溢洪道\溢洪道进水渠边坡\溢洪道边坡锚索测力计.xls
FILE:2017-01-13 05:34:53,D:\AWORK\苗尾\苗尾监测数据\昆明院监测\溢洪道\溢洪道闸墩\溢洪道闸墩锚索测力计.xls
FILE:2017-01-13 05:34:53,D:\AWORK\苗尾\苗尾监测数据\昆明院监测\进水口\进水口锚索测力计.xls
FILE:2017-01-13 05:34:53,D:\AWORK\苗尾\苗尾监测数据\葛洲坝安全监测\2#施工支洞\出口边坡\锚索测力计.xls
FILE:2017-01-13 05:34:53,D:\AWORK\苗尾\苗尾监测数据\葛洲坝安全监测\冲沙兼放空洞\冲沙兼放空洞次锚索.xls
FILE:2017-01-13 05:34:53,D:\AWORK\苗尾\苗尾监测数据\葛洲坝安全监测\冲沙兼放空洞\冲沙兼防空洞出口弧门闸室主锚索.xls
FILE:2017-01-13 05:34:53,D:\AWORK\苗尾\苗尾监测数据\葛洲坝安全监测\尾水渠反坡段\锚索测力计.xls
FILE:2017-01-13 05:34:53,D:\AWORK\苗尾\苗尾监测数据\葛洲坝安全监测\引水洞\进水口边坡\锚索测力计.xls
FILE:2017-01-13 05:34:53,D:\AWORK\苗尾\苗尾监测数据\葛洲坝安全监测\排导槽\锚索测力计排导槽.xls
FILE:2017-01-13 05:34:53,D:\AWORK\苗尾\苗尾监测数据\葛洲坝安全监测\灌溉取水交通洞\灌溉交通洞进口边坡\边坡锚索测力计.xls
FILE:2017-01-13 05:34:53,D:\AWORK\苗尾\苗尾监测数据\葛洲坝安全监测\集水井\集水井锚索测力计.xls
FILE:2017-01-13 05:39:24,D:\AWORK\苗尾\苗尾监测数据\昆明院监测\下游左岸雾化区\雾化区锚索测力计.xls
FILE:2017-01-13 05:39:24,D:\AWORK\苗尾\苗尾监测数据\昆明院监测\厂后\厂后区锚索测力计.xls
FILE:2017-01-13 05:39:24,D:\AWORK\苗尾\苗尾监测数据\昆明院监测\右坝基监测\右坝基锚索测力计.xls
FILE:2017-01-13 05:39:24,D:\AWORK\苗尾\苗尾监测数据\昆明院监测\右坝头监测\右坝头锚索测力计.xls
DATA:DYtb2,16,所有数据误差超限
DATA:DYtb2,17,所有数据误差超限
DATA:DYtb2,18,所有数据误差超限
FILE:2017-01-13 05:39:24,D:\AWORK\苗尾\苗尾监测数据\昆明院监测\大坝右岸坝前边坡\坝前边坡锚索测力计.xls
FILE:2017-01-13 05:39:24,D:\AWORK\苗尾\苗尾监测数据\昆明院监测\导流隧洞观测数据第265期\出口边坡\出口锚索测力计.xls
FILE:2017-01-13 05:39:24,D:\AWORK\苗尾\苗尾监测数据\昆明院监测\导流隧洞观测数据第265期\进口边坡\进口锚索测力计.xls
FILE:2017-01-13 05:39:24,D:\AWORK\苗尾\苗尾监测数据\昆明院监测\左坝基监测\左坝基锚索测力计 .xls
FILE:2017-01-13 05:39:24,D:\AWORK\苗尾\苗尾监测数据\昆明院监测\拦污漂\拦污漂锚索测力计.xls
FILE:2017-01-13 05:39:24,D:\AWORK\苗尾\苗尾监测数据\昆明院监测\料场-观测数据\锚索测力计.xls
FILE:2017-01-13 05:39:24,D:\AWORK\苗尾\苗尾监测数据\昆明院监测\溢洪道\溢洪道泄槽段右侧边坡\溢洪道泄槽段右侧边坡锚索测力计.xls
FILE:2017-01-13 05:39:24,D:\AWORK\苗尾\苗尾监测数据\昆明院监测\溢洪道\溢洪道泄槽段左侧边坡\溢洪道泄槽段左侧边坡锚索测力计.xls
FILE:2017-01-13 05:39:24,D:\AWORK\苗尾\苗尾监测数据\昆明院监测\溢洪道\溢洪道进水渠边坡\溢洪道边坡锚索测力计.xls
FILE:2017-01-13 05:39:24,D:\AWORK\苗尾\苗尾监测数据\昆明院监测\溢洪道\溢洪道闸墩\溢洪道闸墩锚索测力计.xls
FILE:2017-01-13 05:39:24,D:\AWORK\苗尾\苗尾监测数据\昆明院监测\进水口\进水口锚索测力计.xls
FILE:2017-01-13 05:39:24,D:\AWORK\苗尾\苗尾监测数据\葛洲坝安全监测\2#施工支洞\出口边坡\锚索测力计.xls
FILE:2017-01-13 05:39:24,D:\AWORK\苗尾\苗尾监测数据\葛洲坝安全监测\冲沙兼放空洞\冲沙兼放空洞次锚索.xls
FILE:2017-01-13 05:39:24,D:\AWORK\苗尾\苗尾监测数据\葛洲坝安全监测\冲沙兼放空洞\冲沙兼防空洞出口弧门闸室主锚索.xls
FILE:2017-01-13 05:39:24,D:\AWORK\苗尾\苗尾监测数据\葛洲坝安全监测\尾水渠反坡段\锚索测力计.xls
FILE:2017-01-13 05:39:24,D:\AWORK\苗尾\苗尾监测数据\葛洲坝安全监测\引水洞\进水口边坡\锚索测力计.xls
FILE:2017-01-13 05:39:24,D:\AWORK\苗尾\苗尾监测数据\葛洲坝安全监测\排导槽\锚索测力计排导槽.xls
FILE:2017-01-13 05:39:24,D:\AWORK\苗尾\苗尾监测数据\葛洲坝安全监测\灌溉取水交通洞\灌溉交通洞进口边坡\边坡锚索测力计.xls
FILE:2017-01-13 05:39:24,D:\AWORK\苗尾\苗尾监测数据\葛洲坝安全监测\集水井\集水井锚索测力计.xls
