FILE:2017-03-03 10:34:04,D:\AWORK\苗尾\苗尾监测数据2-28\内观资料283期\下游左岸雾化区\雾化区多点位移计.xls
FILE:2017-03-03 10:34:04,D:\AWORK\苗尾\苗尾监测数据2-28\内观资料283期\厂前\厂前区多点位移计.xls
FILE:2017-03-03 10:34:04,D:\AWORK\苗尾\苗尾监测数据2-28\内观资料283期\厂后(已移交)\厂后区多点位移计 .xls
FILE:2017-03-03 10:34:04,D:\AWORK\苗尾\苗尾监测数据2-28\内观资料283期\右坝基监测\右坝基多点位移计.xls
FILE:2017-03-03 10:34:04,D:\AWORK\苗尾\苗尾监测数据2-28\内观资料283期\右坝头监测\右坝头多点位移计.xls
FILE:2017-03-03 10:34:04,D:\AWORK\苗尾\苗尾监测数据2-28\内观资料283期\大坝右岸坝前边坡\坝前边坡多点位移计.xls
FILE:2017-03-03 10:34:04,D:\AWORK\苗尾\苗尾监测数据2-28\内观资料283期\大坝右岸坝前边坡\杆式位移计.xls
FILE:2017-03-03 10:34:04,D:\AWORK\苗尾\苗尾监测数据2-28\内观资料283期\导流隧洞观测数据第283期\出口边坡\出口多点变位计.xls
FILE:2017-03-03 10:34:04,D:\AWORK\苗尾\苗尾监测数据2-28\内观资料283期\导流隧洞观测数据第283期\导流洞\导流洞多点变位计.xls
FILE:2017-03-03 10:34:04,D:\AWORK\苗尾\苗尾监测数据2-28\内观资料283期\导流隧洞观测数据第283期\进口边坡\进口多点变位计.xls
FILE:2017-03-03 10:34:04,D:\AWORK\苗尾\苗尾监测数据2-28\内观资料283期\左坝基监测（已移交）\左坝基多点位移计.xls
FILE:2017-03-03 10:34:04,D:\AWORK\苗尾\苗尾监测数据2-28\内观资料283期\溢洪道(已移交)\溢洪道泄槽段右侧边坡\溢洪道泄槽段右侧边坡多点位移计.xls
FILE:2017-03-03 10:34:04,D:\AWORK\苗尾\苗尾监测数据2-28\内观资料283期\溢洪道(已移交)\溢洪道泄槽段左侧边坡\溢洪道泄槽段左侧边坡多点位移计.xls
FILE:2017-03-03 10:34:04,D:\AWORK\苗尾\苗尾监测数据2-28\内观资料283期\溢洪道(已移交)\溢洪道进水渠边坡\溢洪道边坡多点位移计.xls
FILE:2017-03-03 10:34:04,D:\AWORK\苗尾\苗尾监测数据2-28\内观资料283期\石料场-观测数据\多点变位计.xls
FILE:2017-03-03 10:34:04,D:\AWORK\苗尾\苗尾监测数据2-28\内观资料283期\自动化内观数据\2016\20161228\MWXC09-MJBZ左坝基多点位移计周报资料.xls
FILE:2017-03-03 10:34:04,D:\AWORK\苗尾\苗尾监测数据2-28\内观资料283期\自动化内观数据\20170111\MWXC09-MJBZ左坝基多点位移计周报资料1.xls
FILE:2017-03-03 10:34:04,D:\AWORK\苗尾\苗尾监测数据2-28\内观资料283期\自动化内观数据\新建文件夹\MWXC09-MJBZ左坝基多点位移计周报资料.xls
FILE:2017-03-03 10:34:04,D:\AWORK\苗尾\苗尾监测数据2-28\内观资料283期\进水口(已移交)\进水口多点位移计.xls
FILE:2017-03-03 10:34:04,D:\AWORK\苗尾\苗尾监测数据2-28\葛洲坝\2#施工支洞\2#施工\1\多点位移计.xls
FILE:2017-03-03 10:34:04,D:\AWORK\苗尾\苗尾监测数据2-28\葛洲坝\2#施工支洞\2#施工\2\2多点位移计.xls
FILE:2017-03-03 10:34:04,D:\AWORK\苗尾\苗尾监测数据2-28\葛洲坝\2#施工支洞\2#施工\3\3多点位移计.xls
FILE:2017-03-03 10:34:04,D:\AWORK\苗尾\苗尾监测数据2-28\葛洲坝\2#施工支洞\2#施工\4\4多点位移计.xls
FILE:2017-03-03 10:34:04,D:\AWORK\苗尾\苗尾监测数据2-28\葛洲坝\冲沙兼放空洞\371-E断面\多点位移计.xls
FILE:2017-03-03 10:34:04,D:\AWORK\苗尾\苗尾监测数据2-28\葛洲坝\冲沙兼放空洞\A断面\A断面多点位移计.xls
FILE:2017-03-03 10:34:04,D:\AWORK\苗尾\苗尾监测数据2-28\葛洲坝\冲沙兼放空洞\B断面138.5\0+138.5断面多点位移计.xls
FILE:2017-03-03 10:34:04,D:\AWORK\苗尾\苗尾监测数据2-28\葛洲坝\冲沙兼放空洞\C断面364\0+364断面多点位移计.xls
FILE:2017-03-03 10:34:04,D:\AWORK\苗尾\苗尾监测数据2-28\葛洲坝\引水洞\4点位移计.xls
FILE:2017-03-03 10:34:04,D:\AWORK\苗尾\苗尾监测数据2-28\葛洲坝\引水洞\1#引水洞\1#多点位移计.xls
FILE:2017-03-03 10:34:04,D:\AWORK\苗尾\苗尾监测数据2-28\葛洲坝\引水洞\2#引水洞\2#多点位移计.xls
FILE:2017-03-03 10:34:04,D:\AWORK\苗尾\苗尾监测数据2-28\葛洲坝\引水洞\3#引水洞\3#多点位移计.xls
FILE:2017-03-03 10:34:04,D:\AWORK\苗尾\苗尾监测数据2-28\葛洲坝\引水洞\4#引水洞\4#多点位移计.xls
FILE:2017-03-03 10:34:04,D:\AWORK\苗尾\苗尾监测数据2-28\葛洲坝\引水洞\进水口边坡\多点位移计.xls
FILE:2017-03-03 10:34:04,D:\AWORK\苗尾\苗尾监测数据2-28\葛洲坝\排水廊道，灌浆廊道\三点式杆式位移计.xls
FILE:2017-03-03 10:34:04,D:\AWORK\苗尾\苗尾监测数据2-28\葛洲坝\排水廊道，灌浆廊道\四点式杆式位移计.xls
FILE:2017-03-03 10:34:04,D:\AWORK\苗尾\苗尾监测数据2-28\葛洲坝\灌溉取水交通洞\灌溉交通洞0+015\0+15多点位移计.xls
FILE:2017-03-03 10:34:04,D:\AWORK\苗尾\苗尾监测数据2-28\葛洲坝\灌溉取水交通洞\灌溉交通洞0+045\0+45多点位移计.xls
FILE:2017-03-03 10:34:04,D:\AWORK\苗尾\苗尾监测数据2-28\葛洲坝\灌溉取水交通洞\灌溉交通洞0+105.47B\0+105.47多点位移计.xls
FILE:2017-03-03 10:34:04,D:\AWORK\苗尾\苗尾监测数据2-28\葛洲坝\灌溉取水交通洞\灌溉交通洞0+131.97C\0+131.97多点位移计.xls
FILE:2017-03-03 10:34:04,D:\AWORK\苗尾\苗尾监测数据2-28\葛洲坝\灌溉取水交通洞\灌溉交通洞0+158.47D\0+158.47多点位移计.xls
FILE:2017-03-03 10:34:04,D:\AWORK\苗尾\苗尾监测数据2-28\葛洲坝\灌溉取水交通洞\灌溉交通洞0+184.97E\0+184.97多点位移计.xls
FILE:2017-03-03 10:34:04,D:\AWORK\苗尾\苗尾监测数据2-28\葛洲坝\灌溉取水交通洞\灌溉交通洞进口边坡\边坡多点位移计.xls
写入164行测值
写入164行成果值
FILE:2017-03-03 10:44:09,C:\Users\huach\Desktop\新建 Microsoft Excel Worksheet (2).xlsx
FILE:2017-03-03 10:47:25,C:\Users\huach\Desktop\新建 Microsoft Excel Worksheet (2).xlsx
写入187行测值
写入187行成果值
