FILE:2017-04-12 04:08:55,D:\AWORK\向家坝\向家坝数据库外观数据导入格式\1大坝、升船机外观导入数据\6大坝变形大地测量.xls
FILE:2017-04-12 04:08:55,D:\AWORK\向家坝\向家坝数据库外观数据导入格式\2马延坡外观导入数据\马延坡 大地测量成果表模板.xls
FILE:2017-04-12 04:08:55,D:\AWORK\向家坝\向家坝数据库外观数据导入格式\4尾渣坝外观导入数据\尾渣坝大地测量数据模板.xls
FILE:2017-04-12 04:17:32,D:\AWORK\向家坝\向家坝数据库外观数据导入格式\1大坝、升船机外观导入数据\坝顶激光准直位移数据库.xlsx
FILE:2017-04-12 04:23:44,D:\AWORK\苗尾\苗尾监测数据2-28\内观资料283期\大坝\大坝心墙\土压力计.xls
FILE:2017-04-12 04:23:44,D:\AWORK\苗尾\苗尾监测数据2-28\葛洲坝\引水洞\进水口边坡\土压力计.xls
写入6245行测值
FILE:2017-04-12 04:28:50,D:\AWORK\苗尾\苗尾监测数据2-28\内观资料283期\大坝\大坝心墙\土压力计.xls
FILE:2017-04-12 04:28:50,D:\AWORK\苗尾\苗尾监测数据2-28\葛洲坝\引水洞\进水口边坡\土压力计.xls
写入6245行测值
FILE:2017-04-12 04:31:26,D:\AWORK\苗尾\苗尾监测数据2-28\内观资料283期\大坝\大坝心墙\土压力计.xls
FILE:2017-04-12 04:31:26,D:\AWORK\苗尾\苗尾监测数据2-28\葛洲坝\引水洞\进水口边坡\土压力计.xls
写入6245行测值
写入6245行成果值
FILE:2017-04-12 04:36:04,D:\AWORK\苗尾\苗尾监测数据2-28\内观资料283期\大坝\大坝心墙\土压力计.xls
FILE:2017-04-12 04:36:04,D:\AWORK\苗尾\苗尾监测数据2-28\葛洲坝\引水洞\进水口边坡\土压力计.xls
FILE:2017-04-12 04:36:34,D:\AWORK\苗尾\苗尾监测数据2-28\内观资料283期\大坝\大坝心墙\土压力计.xls
FILE:2017-04-12 04:36:34,D:\AWORK\苗尾\苗尾监测数据2-28\葛洲坝\引水洞\进水口边坡\土压力计.xls
FILE:2017-04-12 04:37:39,D:\AWORK\苗尾\苗尾监测数据2-28\内观资料283期\大坝\大坝心墙\土压力计.xls
FILE:2017-04-12 04:37:39,D:\AWORK\苗尾\苗尾监测数据2-28\葛洲坝\引水洞\进水口边坡\土压力计.xls
FILE:2017-04-12 04:39:14,D:\AWORK\苗尾\苗尾监测数据2-28\内观资料283期\大坝\大坝心墙\土压力计.xls
FILE:2017-04-12 04:39:14,D:\AWORK\苗尾\苗尾监测数据2-28\葛洲坝\引水洞\进水口边坡\土压力计.xls
FILE:2017-04-12 05:01:23,D:\AWORK\苗尾\苗尾监测数据2-28\内观资料283期\大坝\大坝心墙\土压力计.xls
FILE:2017-04-12 05:01:23,D:\AWORK\苗尾\苗尾监测数据2-28\葛洲坝\引水洞\进水口边坡\土压力计.xls
写入6245行测值
写入6245行成果值
