FILE:2017-04-05 08:57:24,D:\AWORK\苗尾\苗尾监测数据2-28\内观资料283期\下游左岸雾化区\雾化区锚索测力计.xls
FILE:2017-04-05 08:57:24,D:\AWORK\苗尾\苗尾监测数据2-28\内观资料283期\厂后(已移交)\厂后区锚索测力计.xls
DATA:DChb1-1,13,所有数据误差超限
FILE:2017-04-05 08:57:24,D:\AWORK\苗尾\苗尾监测数据2-28\内观资料283期\右坝基监测\右坝基锚索测力计.xls
FILE:2017-04-05 08:57:24,D:\AWORK\苗尾\苗尾监测数据2-28\内观资料283期\右坝头监测\右坝头锚索测力计.xls
FILE:2017-04-05 08:57:24,D:\AWORK\苗尾\苗尾监测数据2-28\内观资料283期\大坝右岸坝前边坡\坝前边坡锚索测力计.xls
FILE:2017-04-05 08:57:24,D:\AWORK\苗尾\苗尾监测数据2-28\内观资料283期\导流隧洞观测数据第283期\出口边坡\出口锚索测力计.xls
FILE:2017-04-05 08:57:24,D:\AWORK\苗尾\苗尾监测数据2-28\内观资料283期\导流隧洞观测数据第283期\进口边坡\进口锚索测力计.xls
FILE:2017-04-05 08:57:24,D:\AWORK\苗尾\苗尾监测数据2-28\内观资料283期\左坝基监测（已移交）\左坝基锚索测力计 .xls
FILE:2017-04-05 08:57:24,D:\AWORK\苗尾\苗尾监测数据2-28\内观资料283期\拦污漂\拦污漂锚索测力计.xls
FILE:2017-04-05 08:57:24,D:\AWORK\苗尾\苗尾监测数据2-28\内观资料283期\溢洪道(已移交)\溢洪道泄槽段右侧边坡\溢洪道泄槽段右侧边坡锚索测力计.xls
FILE:2017-04-05 08:57:24,D:\AWORK\苗尾\苗尾监测数据2-28\内观资料283期\溢洪道(已移交)\溢洪道泄槽段左侧边坡\溢洪道泄槽段左侧边坡锚索测力计.xls
FILE:2017-04-05 08:57:24,D:\AWORK\苗尾\苗尾监测数据2-28\内观资料283期\溢洪道(已移交)\溢洪道进水渠边坡\溢洪道边坡锚索测力计.xls
FILE:2017-04-05 08:57:24,D:\AWORK\苗尾\苗尾监测数据2-28\内观资料283期\溢洪道(已移交)\溢洪道闸墩\溢洪道闸墩锚索测力计.xls
FILE:2017-04-05 08:57:24,D:\AWORK\苗尾\苗尾监测数据2-28\内观资料283期\石料场-观测数据\锚索测力计.xls
FILE:2017-04-05 08:57:24,D:\AWORK\苗尾\苗尾监测数据2-28\内观资料283期\自动化内观数据\新建文件夹\MWXC09-DBJZ左坝基锚索周报资料.xls
FILE:2017-04-05 08:57:24,D:\AWORK\苗尾\苗尾监测数据2-28\内观资料283期\自动化内观数据\新建文件夹\MWXC09-DJB进水口锚索周报资料.xls
FILE:2017-04-05 08:57:24,D:\AWORK\苗尾\苗尾监测数据2-28\内观资料283期\进水口(已移交)\进水口锚索测力计.xls
FILE:2017-04-05 08:57:24,D:\AWORK\苗尾\苗尾监测数据2-28\葛洲坝\2#施工支洞\出口边坡\锚索测力计.xls
FILE:2017-04-05 08:57:24,D:\AWORK\苗尾\苗尾监测数据2-28\葛洲坝\冲沙兼放空洞\冲沙兼放空洞次锚索.xls
FILE:2017-04-05 08:57:24,D:\AWORK\苗尾\苗尾监测数据2-28\葛洲坝\冲沙兼放空洞\冲沙兼防空洞出口弧门闸室主锚索.xls
FILE:2017-04-05 08:57:24,D:\AWORK\苗尾\苗尾监测数据2-28\葛洲坝\尾水渠反坡段\锚索测力计.xls
FILE:2017-04-05 08:57:24,D:\AWORK\苗尾\苗尾监测数据2-28\葛洲坝\引水洞\进水口边坡\锚索测力计.xls
FILE:2017-04-05 08:57:24,D:\AWORK\苗尾\苗尾监测数据2-28\葛洲坝\排导槽\锚索测力计排导槽.xls
FILE:2017-04-05 08:57:24,D:\AWORK\苗尾\苗尾监测数据2-28\葛洲坝\灌溉取水交通洞\灌溉交通洞进口边坡\边坡锚索测力计.xls
FILE:2017-04-05 08:57:24,D:\AWORK\苗尾\苗尾监测数据2-28\葛洲坝\集水井\集水井锚索测力计.xls
写入64786行测值
写入64786行成果值
FILE:2017-04-05 08:59:40,D:\AWORK\苗尾\苗尾监测数据2-28\内观资料283期\下游左岸雾化区\雾化区锚索测力计.xls
FILE:2017-04-05 08:59:40,D:\AWORK\苗尾\苗尾监测数据2-28\内观资料283期\厂后(已移交)\厂后区锚索测力计.xls
DATA:DChb1-1,13,所有数据误差超限
FILE:2017-04-05 08:59:40,D:\AWORK\苗尾\苗尾监测数据2-28\内观资料283期\右坝基监测\右坝基锚索测力计.xls
FILE:2017-04-05 08:59:40,D:\AWORK\苗尾\苗尾监测数据2-28\内观资料283期\右坝头监测\右坝头锚索测力计.xls
FILE:2017-04-05 08:59:40,D:\AWORK\苗尾\苗尾监测数据2-28\内观资料283期\大坝右岸坝前边坡\坝前边坡锚索测力计.xls
FILE:2017-04-05 08:59:40,D:\AWORK\苗尾\苗尾监测数据2-28\内观资料283期\导流隧洞观测数据第283期\出口边坡\出口锚索测力计.xls
FILE:2017-04-05 08:59:40,D:\AWORK\苗尾\苗尾监测数据2-28\内观资料283期\导流隧洞观测数据第283期\进口边坡\进口锚索测力计.xls
FILE:2017-04-05 08:59:40,D:\AWORK\苗尾\苗尾监测数据2-28\内观资料283期\左坝基监测（已移交）\左坝基锚索测力计 .xls
FILE:2017-04-05 08:59:40,D:\AWORK\苗尾\苗尾监测数据2-28\内观资料283期\拦污漂\拦污漂锚索测力计.xls
FILE:2017-04-05 08:59:40,D:\AWORK\苗尾\苗尾监测数据2-28\内观资料283期\溢洪道(已移交)\溢洪道泄槽段右侧边坡\溢洪道泄槽段右侧边坡锚索测力计.xls
FILE:2017-04-05 08:59:40,D:\AWORK\苗尾\苗尾监测数据2-28\内观资料283期\溢洪道(已移交)\溢洪道泄槽段左侧边坡\溢洪道泄槽段左侧边坡锚索测力计.xls
FILE:2017-04-05 08:59:40,D:\AWORK\苗尾\苗尾监测数据2-28\内观资料283期\溢洪道(已移交)\溢洪道进水渠边坡\溢洪道边坡锚索测力计.xls
FILE:2017-04-05 08:59:40,D:\AWORK\苗尾\苗尾监测数据2-28\内观资料283期\溢洪道(已移交)\溢洪道闸墩\溢洪道闸墩锚索测力计.xls
FILE:2017-04-05 08:59:40,D:\AWORK\苗尾\苗尾监测数据2-28\内观资料283期\石料场-观测数据\锚索测力计.xls
FILE:2017-04-05 08:59:40,D:\AWORK\苗尾\苗尾监测数据2-28\内观资料283期\自动化内观数据\新建文件夹\MWXC09-DBJZ左坝基锚索周报资料.xls
FILE:2017-04-05 08:59:40,D:\AWORK\苗尾\苗尾监测数据2-28\内观资料283期\自动化内观数据\新建文件夹\MWXC09-DJB进水口锚索周报资料.xls
FILE:2017-04-05 08:59:40,D:\AWORK\苗尾\苗尾监测数据2-28\内观资料283期\进水口(已移交)\进水口锚索测力计.xls
FILE:2017-04-05 08:59:40,D:\AWORK\苗尾\苗尾监测数据2-28\葛洲坝\2#施工支洞\出口边坡\锚索测力计.xls
FILE:2017-04-05 08:59:40,D:\AWORK\苗尾\苗尾监测数据2-28\葛洲坝\冲沙兼放空洞\冲沙兼放空洞次锚索.xls
FILE:2017-04-05 08:59:40,D:\AWORK\苗尾\苗尾监测数据2-28\葛洲坝\冲沙兼放空洞\冲沙兼防空洞出口弧门闸室主锚索.xls
FILE:2017-04-05 08:59:40,D:\AWORK\苗尾\苗尾监测数据2-28\葛洲坝\尾水渠反坡段\锚索测力计.xls
FILE:2017-04-05 08:59:40,D:\AWORK\苗尾\苗尾监测数据2-28\葛洲坝\引水洞\进水口边坡\锚索测力计.xls
FILE:2017-04-05 08:59:40,D:\AWORK\苗尾\苗尾监测数据2-28\葛洲坝\排导槽\锚索测力计排导槽.xls
FILE:2017-04-05 08:59:40,D:\AWORK\苗尾\苗尾监测数据2-28\葛洲坝\灌溉取水交通洞\灌溉交通洞进口边坡\边坡锚索测力计.xls
FILE:2017-04-05 08:59:40,D:\AWORK\苗尾\苗尾监测数据2-28\葛洲坝\集水井\集水井锚索测力计.xls
写入64786行测值
写入64786行成果值
FILE:2017-04-05 09:03:17,D:\AWORK\苗尾\苗尾监测数据2-28\内观资料283期\下游左岸雾化区\雾化区锚索测力计.xls
FILE:2017-04-05 09:03:17,D:\AWORK\苗尾\苗尾监测数据2-28\内观资料283期\厂后(已移交)\厂后区锚索测力计.xls
DATA:DChb1-1,13,所有数据误差超限
FILE:2017-04-05 09:03:17,D:\AWORK\苗尾\苗尾监测数据2-28\内观资料283期\右坝基监测\右坝基锚索测力计.xls
FILE:2017-04-05 09:03:17,D:\AWORK\苗尾\苗尾监测数据2-28\内观资料283期\右坝头监测\右坝头锚索测力计.xls
FILE:2017-04-05 09:03:17,D:\AWORK\苗尾\苗尾监测数据2-28\内观资料283期\大坝右岸坝前边坡\坝前边坡锚索测力计.xls
FILE:2017-04-05 09:03:17,D:\AWORK\苗尾\苗尾监测数据2-28\内观资料283期\导流隧洞观测数据第283期\出口边坡\出口锚索测力计.xls
FILE:2017-04-05 09:03:17,D:\AWORK\苗尾\苗尾监测数据2-28\内观资料283期\导流隧洞观测数据第283期\进口边坡\进口锚索测力计.xls
FILE:2017-04-05 09:03:17,D:\AWORK\苗尾\苗尾监测数据2-28\内观资料283期\左坝基监测（已移交）\左坝基锚索测力计 .xls
FILE:2017-04-05 09:03:17,D:\AWORK\苗尾\苗尾监测数据2-28\内观资料283期\拦污漂\拦污漂锚索测力计.xls
FILE:2017-04-05 09:03:17,D:\AWORK\苗尾\苗尾监测数据2-28\内观资料283期\溢洪道(已移交)\溢洪道泄槽段右侧边坡\溢洪道泄槽段右侧边坡锚索测力计.xls
FILE:2017-04-05 09:03:17,D:\AWORK\苗尾\苗尾监测数据2-28\内观资料283期\溢洪道(已移交)\溢洪道泄槽段左侧边坡\溢洪道泄槽段左侧边坡锚索测力计.xls
FILE:2017-04-05 09:03:17,D:\AWORK\苗尾\苗尾监测数据2-28\内观资料283期\溢洪道(已移交)\溢洪道进水渠边坡\溢洪道边坡锚索测力计.xls
FILE:2017-04-05 09:03:17,D:\AWORK\苗尾\苗尾监测数据2-28\内观资料283期\溢洪道(已移交)\溢洪道闸墩\溢洪道闸墩锚索测力计.xls
FILE:2017-04-05 09:03:17,D:\AWORK\苗尾\苗尾监测数据2-28\内观资料283期\石料场-观测数据\锚索测力计.xls
FILE:2017-04-05 09:03:17,D:\AWORK\苗尾\苗尾监测数据2-28\内观资料283期\自动化内观数据\新建文件夹\MWXC09-DBJZ左坝基锚索周报资料.xls
FILE:2017-04-05 09:03:17,D:\AWORK\苗尾\苗尾监测数据2-28\内观资料283期\自动化内观数据\新建文件夹\MWXC09-DJB进水口锚索周报资料.xls
FILE:2017-04-05 09:03:17,D:\AWORK\苗尾\苗尾监测数据2-28\内观资料283期\进水口(已移交)\进水口锚索测力计.xls
FILE:2017-04-05 09:03:17,D:\AWORK\苗尾\苗尾监测数据2-28\葛洲坝\2#施工支洞\出口边坡\锚索测力计.xls
FILE:2017-04-05 09:03:17,D:\AWORK\苗尾\苗尾监测数据2-28\葛洲坝\冲沙兼放空洞\冲沙兼放空洞次锚索.xls
FILE:2017-04-05 09:03:17,D:\AWORK\苗尾\苗尾监测数据2-28\葛洲坝\冲沙兼放空洞\冲沙兼防空洞出口弧门闸室主锚索.xls
FILE:2017-04-05 09:03:17,D:\AWORK\苗尾\苗尾监测数据2-28\葛洲坝\尾水渠反坡段\锚索测力计.xls
FILE:2017-04-05 09:03:17,D:\AWORK\苗尾\苗尾监测数据2-28\葛洲坝\引水洞\进水口边坡\锚索测力计.xls
FILE:2017-04-05 09:03:17,D:\AWORK\苗尾\苗尾监测数据2-28\葛洲坝\排导槽\锚索测力计排导槽.xls
FILE:2017-04-05 09:03:17,D:\AWORK\苗尾\苗尾监测数据2-28\葛洲坝\灌溉取水交通洞\灌溉交通洞进口边坡\边坡锚索测力计.xls
FILE:2017-04-05 09:03:17,D:\AWORK\苗尾\苗尾监测数据2-28\葛洲坝\集水井\集水井锚索测力计.xls
写入64786行测值
写入64786行成果值
