FILE:2017-04-06 10:08:29,D:\AWORK\向家坝\向家坝数据库外观数据导入格式\1大坝、升船机外观导入数据\1引张线（大坝）.xlsx
FILE:2017-04-06 10:08:29,D:\AWORK\向家坝\向家坝数据库外观数据导入格式\马步坎\水平位移\水平变形.xls
FILE:2017-04-06 10:10:36,D:\AWORK\向家坝\向家坝数据库外观数据导入格式\1大坝、升船机外观导入数据\1引张线（大坝）.xlsx
FILE:2017-04-06 10:10:36,D:\AWORK\向家坝\向家坝数据库外观数据导入格式\马步坎\水平位移\水平变形.xls
FILE:2017-04-06 10:11:45,D:\AWORK\向家坝\向家坝数据库外观数据导入格式\1大坝、升船机外观导入数据\1引张线（大坝）.xlsx
FILE:2017-04-06 10:11:45,D:\AWORK\向家坝\向家坝数据库外观数据导入格式\马步坎\水平位移\水平变形.xls
PARAM:1EXC0801,找不到测点参数
PARAM:1EXC0701,找不到测点参数
PARAM:1EXC0601,找不到测点参数
PARAM:1EXC0501,找不到测点参数
PARAM:1EXC0401,找不到测点参数
PARAM:1EXC0301,找不到测点参数
PARAM:1EXC0201,找不到测点参数
PARAM:1EXC0101,找不到测点参数
PARAM:2EXC0801,找不到测点参数
PARAM:2EXC0701,找不到测点参数
PARAM:2EXC0601,找不到测点参数
PARAM:2EXC0501,找不到测点参数
PARAM:2EXC0401,找不到测点参数
PARAM:2EXC0301,找不到测点参数
PARAM:2EXC0201,找不到测点参数
PARAM:2EXC0101,找不到测点参数
PARAM:2EXX0101,找不到测点参数
PARAM:2EXX0201,找不到测点参数
PARAM:2EXX0501,找不到测点参数
PARAM:2EXX0601,找不到测点参数
PARAM:2EXX0701,找不到测点参数
PARAM:2EXX0801,找不到测点参数
PARAM:2EXX0901,找不到测点参数
PARAM:2EXX1001,找不到测点参数
PARAM:2EXX1101,找不到测点参数
PARAM:2EXX1201,找不到测点参数
PARAM:4EXL0601,找不到测点参数
PARAM:4EXL0501,找不到测点参数
PARAM:4EXL0401,找不到测点参数
PARAM:4EXL0301,找不到测点参数
PARAM:4EXL0201,找不到测点参数
PARAM:4EXL0101,找不到测点参数
PARAM:4EXC0801,找不到测点参数
PARAM:4EXC0701,找不到测点参数
PARAM:4EXC0601,找不到测点参数
PARAM:4EXC0501,找不到测点参数
PARAM:4EXC0401,找不到测点参数
PARAM:4EXC0301,找不到测点参数
PARAM:4EXC0201,找不到测点参数
PARAM:4EXC0101,找不到测点参数
PARAM:4EXX0201,找不到测点参数
PARAM:4EXX0301,找不到测点参数
PARAM:4EXX0401,找不到测点参数
PARAM:4EXX0501,找不到测点参数
PARAM:4EXX0601,找不到测点参数
PARAM:4EXX0701,找不到测点参数
PARAM:4EXX0801,找不到测点参数
PARAM:4EXX0901,找不到测点参数
PARAM:4EXX1001,找不到测点参数
PARAM:4EXX1101,找不到测点参数
PARAM:5EXL0601,找不到测点参数
PARAM:5EXL0501,找不到测点参数
PARAM:5EXL0401,找不到测点参数
PARAM:5EXL0301,找不到测点参数
PARAM:5EXL0201,找不到测点参数
PARAM:5EXC0801,找不到测点参数
PARAM:5EXC0701,找不到测点参数
PARAM:5EXC0601,找不到测点参数
PARAM:5EXC0501,找不到测点参数
PARAM:5EXC0401,找不到测点参数
PARAM:5EXC0301,找不到测点参数
PARAM:5EXC0201,找不到测点参数
PARAM:5EXC0101,找不到测点参数
PARAM:5EXX0201,找不到测点参数
PARAM:5EXX0301,找不到测点参数
PARAM:5EXX0401,找不到测点参数
PARAM:5EXX0501,找不到测点参数
PARAM:5EXX0601,找不到测点参数
PARAM:5EXX0701,找不到测点参数
PARAM:5EXX0801,找不到测点参数
PARAM:5EXX0901,找不到测点参数
PARAM:5EXX1001,找不到测点参数
PARAM:5EXX1101,找不到测点参数
PARAM:DSG33,找不到测点参数
PARAM:DSG34,找不到测点参数
PARAM:DSG35,找不到测点参数
FILE:2017-04-06 10:14:09,D:\AWORK\向家坝\向家坝数据库外观数据导入格式\1大坝、升船机外观导入数据\1引张线（大坝）.xlsx
FILE:2017-04-06 10:14:09,D:\AWORK\向家坝\向家坝数据库外观数据导入格式\马步坎\水平位移\水平变形.xls
FILE:2017-04-06 10:18:30,D:\AWORK\向家坝\向家坝数据库外观数据导入格式\1大坝、升船机外观导入数据\1引张线（大坝）.xlsx
FILE:2017-04-06 10:18:30,D:\AWORK\向家坝\向家坝数据库外观数据导入格式\马步坎\水平位移\水平变形.xls
FILE:2017-04-06 10:21:32,D:\AWORK\向家坝\向家坝数据库外观数据导入格式\1大坝、升船机外观导入数据\1引张线（大坝）.xlsx
FILE:2017-04-06 10:21:32,D:\AWORK\向家坝\向家坝数据库外观数据导入格式\马步坎\水平位移\水平变形.xls
FILE:2017-04-06 10:22:57,D:\AWORK\向家坝\向家坝数据库外观数据导入格式\1大坝、升船机外观导入数据\1引张线（大坝）.xlsx
FILE:2017-04-06 10:22:57,D:\AWORK\向家坝\向家坝数据库外观数据导入格式\马步坎\水平位移\水平变形.xls
FILE:2017-04-06 10:56:45,D:\AWORK\向家坝\向家坝数据库外观数据导入格式\1大坝、升船机外观导入数据\8正倒垂线(升船机）.xls
FILE:2017-04-06 10:56:45,D:\AWORK\向家坝\向家坝数据库外观数据导入格式\1大坝、升船机外观导入数据\9正倒垂线(大坝）.xlsx
FILE:2017-04-06 10:58:39,D:\AWORK\向家坝\向家坝数据库外观数据导入格式\1大坝、升船机外观导入数据\8正倒垂线(升船机）.xls
FILE:2017-04-06 10:58:39,D:\AWORK\向家坝\向家坝数据库外观数据导入格式\1大坝、升船机外观导入数据\9正倒垂线(大坝）.xlsx
FILE:2017-04-06 11:00:53,D:\AWORK\向家坝\向家坝数据库外观数据导入格式\1大坝、升船机外观导入数据\8正倒垂线(升船机）.xls
FILE:2017-04-06 11:00:53,D:\AWORK\向家坝\向家坝数据库外观数据导入格式\1大坝、升船机外观导入数据\9正倒垂线(大坝）.xlsx
FILE:2017-04-06 11:04:34,D:\AWORK\向家坝\向家坝数据库外观数据导入格式\1大坝、升船机外观导入数据\8正倒垂线(升船机）.xls
FILE:2017-04-06 11:04:34,D:\AWORK\向家坝\向家坝数据库外观数据导入格式\1大坝、升船机外观导入数据\9正倒垂线(大坝）.xlsx
FILE:2017-04-06 02:31:45,D:\AWORK\向家坝\向家坝数据库外观数据导入格式\1大坝、升船机外观导入数据\6大坝变形大地测量.xls
FILE:2017-04-06 02:31:45,D:\AWORK\向家坝\向家坝数据库外观数据导入格式\2马延坡外观导入数据\马延坡 大地测量成果表模板.xls
FILE:2017-04-06 02:31:45,D:\AWORK\向家坝\向家坝数据库外观数据导入格式\4尾渣坝外观导入数据\尾渣坝大地测量数据模板.xls
FILE:2017-04-06 02:38:45,D:\AWORK\向家坝\向家坝数据库外观数据导入格式\1大坝、升船机外观导入数据\6大坝变形大地测量.xls
FILE:2017-04-06 02:38:45,D:\AWORK\向家坝\向家坝数据库外观数据导入格式\2马延坡外观导入数据\马延坡 大地测量成果表模板.xls
FILE:2017-04-06 02:38:45,D:\AWORK\向家坝\向家坝数据库外观数据导入格式\4尾渣坝外观导入数据\尾渣坝大地测量数据模板.xls
FILE:2017-04-06 02:48:24,C:\Users\huach\Desktop\右岸交通洞-渗压计.xlsx
FILE:2017-04-06 02:53:27,C:\Users\huach\Desktop\右岸交通洞-渗压计.xlsx
FILE:2017-04-06 03:07:47,C:\Users\huach\Desktop\右岸交通洞-渗压计.xlsx
FILE:2017-04-06 03:12:12,D:\AWORK\向家坝\向家坝数据库外观数据导入格式\马步坎\水位孔\水位孔.xls
FILE:2017-04-06 03:12:30,C:\Users\huach\Desktop\右岸交通洞-渗压计.xlsx
FILE:2017-04-06 03:52:52,D:\AWORK\向家坝\向家坝数据库外观数据导入格式\1大坝、升船机外观导入数据\6大坝变形大地测量.xls
FILE:2017-04-06 03:52:52,D:\AWORK\向家坝\向家坝数据库外观数据导入格式\2马延坡外观导入数据\马延坡 大地测量成果表模板.xls
FILE:2017-04-06 03:52:52,D:\AWORK\向家坝\向家坝数据库外观数据导入格式\4尾渣坝外观导入数据\尾渣坝大地测量数据模板.xls
FILE:2017-04-06 04:01:15,C:\Users\huach\Desktop\右岸交通洞-渗压计.xlsx
