FILE:2017-04-07 08:45:37,D:\AWORK\向家坝\向家坝数据库外观数据导入格式\1大坝、升船机外观导入数据\6大坝变形大地测量.xls
FILE:2017-04-07 08:45:37,D:\AWORK\向家坝\向家坝数据库外观数据导入格式\2马延坡外观导入数据\马延坡 大地测量成果表模板.xls
FILE:2017-04-07 08:45:37,D:\AWORK\向家坝\向家坝数据库外观数据导入格式\4尾渣坝外观导入数据\尾渣坝大地测量数据模板.xls
FILE:2017-04-07 08:48:55,D:\AWORK\向家坝\向家坝数据库外观数据导入格式\1大坝、升船机外观导入数据\6大坝变形大地测量.xls
FILE:2017-04-07 08:48:55,D:\AWORK\向家坝\向家坝数据库外观数据导入格式\2马延坡外观导入数据\马延坡 大地测量成果表模板.xls
FILE:2017-04-07 08:48:55,D:\AWORK\向家坝\向家坝数据库外观数据导入格式\4尾渣坝外观导入数据\尾渣坝大地测量数据模板.xls
FILE:2017-04-07 08:49:07,D:\AWORK\向家坝\向家坝数据库外观数据导入格式\1大坝、升船机外观导入数据\6大坝变形大地测量.xls
FILE:2017-04-07 08:49:07,D:\AWORK\向家坝\向家坝数据库外观数据导入格式\2马延坡外观导入数据\马延坡 大地测量成果表模板.xls
FILE:2017-04-07 08:49:07,D:\AWORK\向家坝\向家坝数据库外观数据导入格式\4尾渣坝外观导入数据\尾渣坝大地测量数据模板.xls
FILE:2017-04-07 08:49:47,D:\AWORK\向家坝\向家坝数据库外观数据导入格式\1大坝、升船机外观导入数据\6大坝变形大地测量.xls
FILE:2017-04-07 08:49:47,D:\AWORK\向家坝\向家坝数据库外观数据导入格式\2马延坡外观导入数据\马延坡 大地测量成果表模板.xls
FILE:2017-04-07 08:49:47,D:\AWORK\向家坝\向家坝数据库外观数据导入格式\4尾渣坝外观导入数据\尾渣坝大地测量数据模板.xls
FILE:2017-04-07 10:19:39,D:\AWORK\向家坝\向家坝数据库外观数据导入格式\1大坝、升船机外观导入数据\7大坝变形静力水准(升船机).xls
FILE:2017-04-07 10:19:39,D:\AWORK\向家坝\向家坝数据库外观数据导入格式\马步坎\静力水准\静力水准.xls
FILE:2017-04-07 10:22:02,D:\AWORK\向家坝\向家坝数据库外观数据导入格式\1大坝、升船机外观导入数据\7大坝变形静力水准(升船机).xls
FILE:2017-04-07 10:22:02,D:\AWORK\向家坝\向家坝数据库外观数据导入格式\马步坎\静力水准\静力水准.xls
FILE:2017-04-07 10:38:57,D:\AWORK\向家坝\向家坝数据库外观数据导入格式\1大坝、升船机外观导入数据\1引张线（大坝）.xlsx
FILE:2017-04-07 10:38:57,D:\AWORK\向家坝\向家坝数据库外观数据导入格式\马步坎\水平位移\水平变形.xls
FILE:2017-04-07 10:39:11,D:\AWORK\向家坝\向家坝数据库外观数据导入格式\1大坝、升船机外观导入数据\1引张线（大坝）.xlsx
FILE:2017-04-07 10:39:11,D:\AWORK\向家坝\向家坝数据库外观数据导入格式\马步坎\水平位移\水平变形.xls
