FILE:2017-04-10 08:35:48,C:\Users\huach\Desktop\右岸交通洞-渗压计.xlsx
DATA:Pe1-1,3,测值异常
DATA:Pe1-1,4,测值异常
DATA:Pe1-2,3,测值异常
DATA:Pe1-2,4,测值异常
DATA:Pe2-1,3,测值异常
DATA:Pe2-1,4,测值异常
DATA:Pe2-2,3,测值异常
DATA:Pe2-2,4,测值异常
DATA:Pe3-1,3,测值异常
DATA:Pe3-1,4,测值异常
DATA:Pe3-2,3,测值异常
DATA:Pe3-2,4,测值异常
写入2849行测值
写入2849行成果值
FILE:2017-04-10 08:43:57,D:\AWORK\向家坝\向家坝数据库外观数据导入格式\马步坎\水位孔\水位孔.xls
FILE:2017-04-10 08:44:11,C:\Users\huach\Desktop\右岸交通洞-渗压计.xlsx
DATA:Pe1-1,3,测值异常
DATA:Pe1-1,4,测值异常
DATA:Pe1-2,3,测值异常
DATA:Pe1-2,4,测值异常
DATA:Pe2-1,3,测值异常
DATA:Pe2-1,4,测值异常
DATA:Pe2-2,3,测值异常
DATA:Pe2-2,4,测值异常
DATA:Pe3-1,3,测值异常
DATA:Pe3-1,4,测值异常
DATA:Pe3-2,3,测值异常
DATA:Pe3-2,4,测值异常
FILE:2017-04-10 08:44:34,C:\Users\huach\Desktop\右岸交通洞-渗压计.xlsx
DATA:Pe1-1,3,测值异常
DATA:Pe1-1,4,测值异常
DATA:Pe1-2,3,测值异常
DATA:Pe1-2,4,测值异常
DATA:Pe2-1,3,测值异常
DATA:Pe2-1,4,测值异常
DATA:Pe2-2,3,测值异常
DATA:Pe2-2,4,测值异常
DATA:Pe3-1,3,测值异常
DATA:Pe3-1,4,测值异常
DATA:Pe3-2,3,测值异常
DATA:Pe3-2,4,测值异常
FILE:2017-04-10 08:45:22,C:\Users\huach\Desktop\右岸交通洞-渗压计.xlsx
DATA:Pe1-1,3,测值异常
DATA:Pe1-1,4,测值异常
DATA:Pe1-2,3,测值异常
DATA:Pe1-2,4,测值异常
DATA:Pe2-1,3,测值异常
DATA:Pe2-1,4,测值异常
DATA:Pe2-2,3,测值异常
DATA:Pe2-2,4,测值异常
DATA:Pe3-1,3,测值异常
DATA:Pe3-1,4,测值异常
DATA:Pe3-2,3,测值异常
DATA:Pe3-2,4,测值异常
FILE:2017-04-10 08:46:42,C:\Users\huach\Desktop\右岸交通洞-渗压计.xlsx
DATA:Pe1-1,3,测值异常
DATA:Pe1-1,4,测值异常
DATA:Pe1-2,3,测值异常
DATA:Pe1-2,4,测值异常
DATA:Pe2-1,3,测值异常
DATA:Pe2-1,4,测值异常
DATA:Pe2-2,3,测值异常
DATA:Pe2-2,4,测值异常
DATA:Pe3-1,3,测值异常
DATA:Pe3-1,4,测值异常
DATA:Pe3-2,3,测值异常
DATA:Pe3-2,4,测值异常
FILE:2017-04-10 08:48:24,C:\Users\huach\Desktop\右岸交通洞-渗压计.xlsx
FILE:2017-04-10 08:48:40,C:\Users\huach\Desktop\右岸交通洞-渗压计.xlsx
DATA:Pe1-1,3,测值异常
DATA:Pe1-1,4,测值异常
DATA:Pe1-2,3,测值异常
DATA:Pe1-2,4,测值异常
DATA:Pe2-1,3,测值异常
DATA:Pe2-1,4,测值异常
DATA:Pe2-2,3,测值异常
DATA:Pe2-2,4,测值异常
DATA:Pe3-1,3,测值异常
DATA:Pe3-1,4,测值异常
DATA:Pe3-2,3,测值异常
DATA:Pe3-2,4,测值异常
FILE:2017-04-10 09:07:44,C:\Users\huach\Desktop\右岸交通洞-渗压计.xlsx
DATA:Pe1-1,3,测值异常
DATA:Pe1-1,4,测值异常
DATA:Pe1-2,3,测值异常
DATA:Pe1-2,4,测值异常
DATA:Pe2-1,3,测值异常
DATA:Pe2-1,4,测值异常
DATA:Pe2-2,3,测值异常
DATA:Pe2-2,4,测值异常
DATA:Pe3-1,3,测值异常
DATA:Pe3-1,4,测值异常
DATA:Pe3-2,3,测值异常
DATA:Pe3-2,4,测值异常
FILE:2017-04-10 09:12:33,D:\AWORK\向家坝\向家坝数据库外观数据导入格式\马步坎\水位孔\水位孔.xls
FILE:2017-04-10 09:12:42,C:\Users\huach\Desktop\右岸交通洞-渗压计.xlsx
DATA:Pe1-1,3,测值异常
DATA:Pe1-1,4,测值异常
DATA:Pe1-2,3,测值异常
DATA:Pe1-2,4,测值异常
DATA:Pe2-1,3,测值异常
DATA:Pe2-1,4,测值异常
DATA:Pe2-2,3,测值异常
DATA:Pe2-2,4,测值异常
DATA:Pe3-1,3,测值异常
DATA:Pe3-1,4,测值异常
DATA:Pe3-2,3,测值异常
DATA:Pe3-2,4,测值异常
FILE:2017-04-10 09:16:15,C:\Users\huach\Desktop\右岸交通洞-渗压计.xlsx
DATA:Pe1-1,3,测值异常
DATA:Pe1-1,4,测值异常
DATA:Pe1-2,3,测值异常
DATA:Pe1-2,4,测值异常
DATA:Pe2-1,3,测值异常
DATA:Pe2-1,4,测值异常
DATA:Pe2-2,3,测值异常
DATA:Pe2-2,4,测值异常
DATA:Pe3-1,3,测值异常
DATA:Pe3-1,4,测值异常
DATA:Pe3-2,3,测值异常
DATA:Pe3-2,4,测值异常
FILE:2017-04-10 09:22:55,C:\Users\huach\Desktop\右岸交通洞-渗压计.xlsx
DATA:Pe1-1,3,测值异常
DATA:Pe1-1,4,测值异常
DATA:Pe1-2,3,测值异常
DATA:Pe1-2,4,测值异常
DATA:Pe2-1,3,测值异常
DATA:Pe2-1,4,测值异常
DATA:Pe2-2,3,测值异常
DATA:Pe2-2,4,测值异常
DATA:Pe3-1,3,测值异常
DATA:Pe3-1,4,测值异常
DATA:Pe3-2,3,测值异常
DATA:Pe3-2,4,测值异常
