FILE:2017-01-19 10:00:05,D:\AWORK\苗尾\苗尾监测数据\昆明院监测\厂前\厂前区钢筋计.xls
FILE:2017-01-19 10:00:05,D:\AWORK\苗尾\苗尾监测数据\昆明院监测\厂后\厂后区钢筋计.xls
FILE:2017-01-19 10:00:05,D:\AWORK\苗尾\苗尾监测数据\昆明院监测\右坝基监测\右坝基钢筋计.xls
FILE:2017-01-19 10:00:05,D:\AWORK\苗尾\苗尾监测数据\昆明院监测\右坝头监测\右坝头钢筋计.xls
FILE:2017-01-19 10:00:05,D:\AWORK\苗尾\苗尾监测数据\昆明院监测\大坝\大坝垫层\钢筋计.xls
FILE:2017-01-19 10:00:05,D:\AWORK\苗尾\苗尾监测数据\昆明院监测\导流隧洞观测数据第265期\出口边坡\出口锚杆应力计.xls
FILE:2017-01-19 10:00:05,D:\AWORK\苗尾\苗尾监测数据\昆明院监测\导流隧洞观测数据第265期\导流洞\导流洞钢筋计.xls
FILE:2017-01-19 10:00:05,D:\AWORK\苗尾\苗尾监测数据\昆明院监测\导流隧洞观测数据第265期\导流洞\导流洞锚杆应力计.xls
FILE:2017-01-19 10:00:05,D:\AWORK\苗尾\苗尾监测数据\昆明院监测\导流隧洞观测数据第265期\进口边坡\进口锚杆应力计.xls
FILE:2017-01-19 10:00:05,D:\AWORK\苗尾\苗尾监测数据\昆明院监测\左坝基监测\左坝基钢筋计.xls
FILE:2017-01-19 10:00:05,D:\AWORK\苗尾\苗尾监测数据\昆明院监测\料场-观测数据\钢筋计.xls
FILE:2017-01-19 10:00:05,D:\AWORK\苗尾\苗尾监测数据\昆明院监测\料场-观测数据\锚杆应力计.xls
FILE:2017-01-19 10:00:05,D:\AWORK\苗尾\苗尾监测数据\昆明院监测\溢洪道\溢洪道泄槽段右侧边坡\溢洪道泄槽段右侧边坡钢筋应力计.xls
FILE:2017-01-19 10:00:05,D:\AWORK\苗尾\苗尾监测数据\昆明院监测\溢洪道\溢洪道泄槽段左侧边坡\溢洪道泄槽段左侧边坡钢筋应力计.xls
FILE:2017-01-19 10:00:05,D:\AWORK\苗尾\苗尾监测数据\昆明院监测\溢洪道\溢洪道泄槽段底板\溢洪道泄槽段底板钢筋计.xls
FILE:2017-01-19 10:00:05,D:\AWORK\苗尾\苗尾监测数据\昆明院监测\溢洪道\溢洪道进水渠边坡\溢洪道边坡钢筋应力计.xls
FILE:2017-01-19 10:00:05,D:\AWORK\苗尾\苗尾监测数据\昆明院监测\溢洪道\溢洪道闸墩\溢洪道闸墩钢筋计.xls
FILE:2017-01-19 10:00:05,D:\AWORK\苗尾\苗尾监测数据\昆明院监测\进水口\进水口钢筋计.xls
FILE:2017-01-19 10:00:05,D:\AWORK\苗尾\苗尾监测数据\昆明院监测\进水口\挖出仪器\进水口锚杆应力计（被挖）.xls
FILE:2017-01-19 10:00:05,D:\AWORK\苗尾\苗尾监测数据\葛洲坝安全监测\2#施工支洞\2#施工\1\锚杆应力计.xls
FILE:2017-01-19 10:00:05,D:\AWORK\苗尾\苗尾监测数据\葛洲坝安全监测\2#施工支洞\2#施工\2\2锚杆应力计.xls
FILE:2017-01-19 10:00:05,D:\AWORK\苗尾\苗尾监测数据\葛洲坝安全监测\2#施工支洞\2#施工\3\3锚杆应力计.xls
FILE:2017-01-19 10:00:05,D:\AWORK\苗尾\苗尾监测数据\葛洲坝安全监测\2#施工支洞\2#施工\4\4锚杆应力计.xls
FILE:2017-01-19 10:00:05,D:\AWORK\苗尾\苗尾监测数据\葛洲坝安全监测\2#施工支洞\出口边坡\2#施工支洞边坡钢筋计.xls
FILE:2017-01-19 10:00:05,D:\AWORK\苗尾\苗尾监测数据\葛洲坝安全监测\冲沙兼放空洞\371-E断面\锚杆应力计.xls
FILE:2017-01-19 10:00:05,D:\AWORK\苗尾\苗尾监测数据\葛洲坝安全监测\冲沙兼放空洞\A断面\A断面锚杆应力计.xls
FILE:2017-01-19 10:00:05,D:\AWORK\苗尾\苗尾监测数据\葛洲坝安全监测\冲沙兼放空洞\B断面138.5\0+138.5断面锚杆应力计.xls
FILE:2017-01-19 10:00:05,D:\AWORK\苗尾\苗尾监测数据\葛洲坝安全监测\冲沙兼放空洞\C断面364\0+364断面锚杆应力计.xls
FILE:2017-01-19 10:00:05,D:\AWORK\苗尾\苗尾监测数据\葛洲坝安全监测\冲沙兼放空洞\冲沙洞出口延伸段\钢筋计.xls
FILE:2017-01-19 10:00:05,D:\AWORK\苗尾\苗尾监测数据\葛洲坝安全监测\厂房尾水管\1#机组钢筋计.xls
FILE:2017-01-19 10:00:05,D:\AWORK\苗尾\苗尾监测数据\葛洲坝安全监测\厂房尾水管\3#机组钢筋计.xls
FILE:2017-01-19 10:00:05,D:\AWORK\苗尾\苗尾监测数据\葛洲坝安全监测\厂房蜗壳\2#机蜗壳钢筋计.xls
FILE:2017-01-19 10:00:05,D:\AWORK\苗尾\苗尾监测数据\葛洲坝安全监测\厂房蜗壳\4#机蜗壳钢筋计 .xls
FILE:2017-01-19 10:00:05,D:\AWORK\苗尾\苗尾监测数据\葛洲坝安全监测\引水洞\1#引水洞\1#锚杆应力计.xls
FILE:2017-01-19 10:00:05,D:\AWORK\苗尾\苗尾监测数据\葛洲坝安全监测\引水洞\2#引水洞\2#锚杆应力计.xls
FILE:2017-01-19 10:00:05,D:\AWORK\苗尾\苗尾监测数据\葛洲坝安全监测\引水洞\3#引水洞\3#引水洞锚杆应力计.xls
FILE:2017-01-19 10:00:05,D:\AWORK\苗尾\苗尾监测数据\葛洲坝安全监测\引水洞\4#引水洞\4#引水洞锚杆应力计.xls
FILE:2017-01-19 10:00:05,D:\AWORK\苗尾\苗尾监测数据\葛洲坝安全监测\灌溉取水交通洞\灌溉交通洞0+015\0+15两点式锚杆应力计.xls
FILE:2017-01-19 10:00:05,D:\AWORK\苗尾\苗尾监测数据\葛洲坝安全监测\灌溉取水交通洞\灌溉交通洞0+015\0+15衬砌钢筋计.xls
FILE:2017-01-19 10:00:05,D:\AWORK\苗尾\苗尾监测数据\葛洲坝安全监测\灌溉取水交通洞\灌溉交通洞0+015\0+15钢筋计.xls
FILE:2017-01-19 10:00:05,D:\AWORK\苗尾\苗尾监测数据\葛洲坝安全监测\灌溉取水交通洞\灌溉交通洞0+045\0+45两点式锚杆应力计.xls
FILE:2017-01-19 10:00:05,D:\AWORK\苗尾\苗尾监测数据\葛洲坝安全监测\灌溉取水交通洞\灌溉交通洞0+058\0+58衬砌钢筋计.xls
FILE:2017-01-19 10:00:05,D:\AWORK\苗尾\苗尾监测数据\葛洲坝安全监测\灌溉取水交通洞\灌溉交通洞0+105.47B\0+105.47锚杆应力计.xls
FILE:2017-01-19 10:00:05,D:\AWORK\苗尾\苗尾监测数据\葛洲坝安全监测\灌溉取水交通洞\灌溉交通洞0+131.97C\0+131.97锚杆应力计.xls
FILE:2017-01-19 10:00:05,D:\AWORK\苗尾\苗尾监测数据\葛洲坝安全监测\灌溉取水交通洞\灌溉交通洞0+158.47D\0+158.47锚杆应力计.xls
FILE:2017-01-19 10:00:05,D:\AWORK\苗尾\苗尾监测数据\葛洲坝安全监测\灌溉取水交通洞\灌溉交通洞0+184.97E\0+184.97锚杆应力计.xls
FILE:2017-01-19 10:00:05,D:\AWORK\苗尾\苗尾监测数据\葛洲坝安全监测\灌溉取水交通洞\灌溉交通洞进口边坡\边坡钢筋计.xls
