FILE:2017-01-16 02:33:44,D:\AWORK\苗尾\苗尾监测数据\葛洲坝安全监测\灌溉取水交通洞\灌溉交通洞0+058\0+58衬砌钢筋计.xls
DATA:RGD-G-2,117,数据误差超限
DATA:RGD-G-2,118,数据误差超限
DATA:RGD-G-2,119,数据误差超限
DATA:RGD-G-2,120,数据误差超限
DATA:RGD-G-2,121,数据误差超限
DATA:RGD-G-2,122,数据误差超限
DATA:RGD-G-2,123,数据误差超限
DATA:RGD-G-2,124,数据误差超限
DATA:RGD-G-2,125,数据误差超限
DATA:RGD-G-2,126,数据误差超限
DATA:RGD-G-2,127,数据误差超限
DATA:RGD-G-2,128,数据误差超限
DATA:RGD-G-2,129,数据误差超限
DATA:RGD-G-2,130,数据误差超限
DATA:RGD-G-3,77,数据误差超限
DATA:RGD-G-3,78,数据误差超限
DATA:RGD-G-3,79,数据误差超限
DATA:RGD-G-3,80,数据误差超限
DATA:RGD-G-3,81,数据误差超限
DATA:RGD-G-3,82,数据误差超限
DATA:RGD-G-3,83,数据误差超限
DATA:RGD-G-4,82,数据误差超限
DATA:RGD-G-4,83,数据误差超限
DATA:RGD-G-4,84,数据误差超限
DATA:RGD-G-4,85,数据误差超限
DATA:RGD-G-4,86,数据误差超限
DATA:RGD-G-4,87,数据误差超限
DATA:RGD-G-4,88,数据误差超限
DATA:RGD-G-4,89,数据误差超限
DATA:RGD-G-4,90,数据误差超限
DATA:RGD-G-4,91,数据误差超限
DATA:RGD-G-4,92,数据误差超限
DATA:RGD-G-4,93,数据误差超限
DATA:RGD-G-4,94,数据误差超限
DATA:RGD-G-4,95,数据误差超限
DATA:RGD-G-4,96,数据误差超限
DATA:RGD-G-4,97,数据误差超限
DATA:RGD-G-4,98,数据误差超限
DATA:RGD-G-4,99,数据误差超限
DATA:RGD-G-4,100,数据误差超限
DATA:RGD-G-4,101,数据误差超限
DATA:RGD-G-4,102,数据误差超限
DATA:RGD-G-4,103,数据误差超限
DATA:RGD-G-4,104,数据误差超限
DATA:RGD-G-4,105,数据误差超限
DATA:RGD-G-4,106,数据误差超限
DATA:RGD-G-4,107,数据误差超限
DATA:RGD-G-4,108,数据误差超限
DATA:RGD-G-4,109,数据误差超限
DATA:RGD-G-4,110,数据误差超限
DATA:RGD-G-4,111,数据误差超限
DATA:RGD-G-5,50,数据误差超限
DATA:RGD-G-5,51,数据误差超限
DATA:RGD-G-5,55,数据误差超限
DATA:RGD-G-5,56,数据误差超限
DATA:RGD-G-5,57,数据误差超限
DATA:RGD-G-5,58,数据误差超限
DATA:RGD-G-5,59,数据误差超限
DATA:RGD-G-6,44,数据误差超限
DATA:RGD-G-6,45,数据误差超限
FILE:2017-01-16 02:38:12,D:\AWORK\苗尾\苗尾监测数据\昆明院监测\厂前\厂前区钢筋计.xls
FILE:2017-01-16 02:38:12,D:\AWORK\苗尾\苗尾监测数据\昆明院监测\厂后\厂后区钢筋计.xls
DATA:RChb2-1,104,数据误差超限
DATA:RChb2-1,105,数据误差超限
DATA:RChb2-1,106,数据误差超限
DATA:RChb2-1,107,数据误差超限
DATA:RChb2-1,108,数据误差超限
DATA:RChb2-1,109,数据误差超限
DATA:RChb2-1,110,数据误差超限
DATA:RChb2-1,111,数据误差超限
FILE:2017-01-16 02:38:12,D:\AWORK\苗尾\苗尾监测数据\昆明院监测\右坝基监测\右坝基钢筋计.xls
FILE:2017-01-16 02:38:12,D:\AWORK\苗尾\苗尾监测数据\昆明院监测\右坝头监测\右坝头钢筋计.xls
DATA:RYtb-46,79,观测日期有误
FILE:2017-01-16 02:38:12,D:\AWORK\苗尾\苗尾监测数据\昆明院监测\大坝\大坝垫层\钢筋计.xls
FILE:2017-01-16 02:38:12,D:\AWORK\苗尾\苗尾监测数据\昆明院监测\导流隧洞观测数据第265期\导流洞\导流洞钢筋计.xls
DATA:Rds1-22,9,数据误差超限
DATA:Rds1-22,10,数据误差超限
DATA:Rds1-22,11,数据误差超限
DATA:Rds1-22,12,数据误差超限
DATA:Rds2-22,75,数据误差超限
DATA:Rds2-22,89,数据误差超限
DATA:Rds2-22,90,数据误差超限
DATA:Rds2-22,94,数据误差超限
DATA:Rds2-22,95,数据误差超限
DATA:Rds2-22,96,数据误差超限
FILE:2017-01-16 02:38:12,D:\AWORK\苗尾\苗尾监测数据\昆明院监测\左坝基监测\左坝基钢筋计.xls
FILE:2017-01-16 02:38:12,D:\AWORK\苗尾\苗尾监测数据\昆明院监测\料场-观测数据\钢筋计.xls
FILE:2017-01-16 02:38:12,D:\AWORK\苗尾\苗尾监测数据\昆明院监测\溢洪道\溢洪道泄槽段右侧边坡\溢洪道泄槽段右侧边坡钢筋应力计.xls
FILE:2017-01-16 02:38:12,D:\AWORK\苗尾\苗尾监测数据\昆明院监测\溢洪道\溢洪道泄槽段左侧边坡\溢洪道泄槽段左侧边坡钢筋应力计.xls
FILE:2017-01-16 02:38:12,D:\AWORK\苗尾\苗尾监测数据\昆明院监测\溢洪道\溢洪道泄槽段底板\溢洪道泄槽段底板钢筋计.xls
FILE:2017-01-16 02:38:12,D:\AWORK\苗尾\苗尾监测数据\昆明院监测\溢洪道\溢洪道进水渠边坡\溢洪道边坡钢筋应力计.xls
FILE:2017-01-16 02:38:12,D:\AWORK\苗尾\苗尾监测数据\昆明院监测\溢洪道\溢洪道闸墩\溢洪道闸墩钢筋计.xls
FILE:2017-01-16 02:38:12,D:\AWORK\苗尾\苗尾监测数据\昆明院监测\进水口\进水口钢筋计.xls
FILE:2017-01-16 02:38:12,D:\AWORK\苗尾\苗尾监测数据\葛洲坝安全监测\2#施工支洞\出口边坡\2#施工支洞边坡钢筋计.xls
FILE:2017-01-16 02:38:12,D:\AWORK\苗尾\苗尾监测数据\葛洲坝安全监测\冲沙兼放空洞\冲沙洞出口延伸段\钢筋计.xls
FILE:2017-01-16 02:38:12,D:\AWORK\苗尾\苗尾监测数据\葛洲坝安全监测\厂房尾水管\1#机组钢筋计.xls
FILE:2017-01-16 02:38:12,D:\AWORK\苗尾\苗尾监测数据\葛洲坝安全监测\厂房尾水管\3#机组钢筋计.xls
FILE:2017-01-16 02:38:12,D:\AWORK\苗尾\苗尾监测数据\葛洲坝安全监测\厂房蜗壳\2#机蜗壳钢筋计.xls
FILE:2017-01-16 02:38:12,D:\AWORK\苗尾\苗尾监测数据\葛洲坝安全监测\厂房蜗壳\4#机蜗壳钢筋计 .xls
FILE:2017-01-16 02:38:12,D:\AWORK\苗尾\苗尾监测数据\葛洲坝安全监测\灌溉取水交通洞\灌溉交通洞0+015\0+15衬砌钢筋计.xls
FILE:2017-01-16 02:38:12,D:\AWORK\苗尾\苗尾监测数据\葛洲坝安全监测\灌溉取水交通洞\灌溉交通洞0+015\0+15钢筋计.xls
FILE:2017-01-16 02:38:12,D:\AWORK\苗尾\苗尾监测数据\葛洲坝安全监测\灌溉取水交通洞\灌溉交通洞0+058\0+58衬砌钢筋计.xls
FILE:2017-01-16 02:38:12,D:\AWORK\苗尾\苗尾监测数据\葛洲坝安全监测\灌溉取水交通洞\灌溉交通洞进口边坡\边坡钢筋计.xls
FILE:2017-01-16 03:32:20,D:\AWORK\苗尾\苗尾监测数据\昆明院监测\厂前\厂前区钢筋计.xls
FILE:2017-01-16 03:32:20,D:\AWORK\苗尾\苗尾监测数据\昆明院监测\厂后\厂后区钢筋计.xls
FILE:2017-01-16 03:32:20,D:\AWORK\苗尾\苗尾监测数据\昆明院监测\右坝基监测\右坝基钢筋计.xls
FILE:2017-01-16 03:32:20,D:\AWORK\苗尾\苗尾监测数据\昆明院监测\右坝头监测\右坝头钢筋计.xls
DATA:RYtb-46,79,观测日期有误
FILE:2017-01-16 03:32:20,D:\AWORK\苗尾\苗尾监测数据\昆明院监测\大坝\大坝垫层\钢筋计.xls
FILE:2017-01-16 03:32:20,D:\AWORK\苗尾\苗尾监测数据\昆明院监测\导流隧洞观测数据第265期\导流洞\导流洞钢筋计.xls
FILE:2017-01-16 03:32:20,D:\AWORK\苗尾\苗尾监测数据\昆明院监测\左坝基监测\左坝基钢筋计.xls
FILE:2017-01-16 03:32:20,D:\AWORK\苗尾\苗尾监测数据\昆明院监测\料场-观测数据\钢筋计.xls
FILE:2017-01-16 03:32:20,D:\AWORK\苗尾\苗尾监测数据\昆明院监测\溢洪道\溢洪道泄槽段右侧边坡\溢洪道泄槽段右侧边坡钢筋应力计.xls
FILE:2017-01-16 03:32:20,D:\AWORK\苗尾\苗尾监测数据\昆明院监测\溢洪道\溢洪道泄槽段左侧边坡\溢洪道泄槽段左侧边坡钢筋应力计.xls
FILE:2017-01-16 03:32:20,D:\AWORK\苗尾\苗尾监测数据\昆明院监测\溢洪道\溢洪道泄槽段底板\溢洪道泄槽段底板钢筋计.xls
FILE:2017-01-16 03:32:20,D:\AWORK\苗尾\苗尾监测数据\昆明院监测\溢洪道\溢洪道进水渠边坡\溢洪道边坡钢筋应力计.xls
FILE:2017-01-16 03:32:20,D:\AWORK\苗尾\苗尾监测数据\昆明院监测\溢洪道\溢洪道闸墩\溢洪道闸墩钢筋计.xls
FILE:2017-01-16 03:32:20,D:\AWORK\苗尾\苗尾监测数据\昆明院监测\进水口\进水口钢筋计.xls
FILE:2017-01-16 03:32:20,D:\AWORK\苗尾\苗尾监测数据\葛洲坝安全监测\2#施工支洞\出口边坡\2#施工支洞边坡钢筋计.xls
FILE:2017-01-16 03:32:20,D:\AWORK\苗尾\苗尾监测数据\葛洲坝安全监测\冲沙兼放空洞\冲沙洞出口延伸段\钢筋计.xls
FILE:2017-01-16 03:32:20,D:\AWORK\苗尾\苗尾监测数据\葛洲坝安全监测\厂房尾水管\1#机组钢筋计.xls
FILE:2017-01-16 03:32:20,D:\AWORK\苗尾\苗尾监测数据\葛洲坝安全监测\厂房尾水管\3#机组钢筋计.xls
FILE:2017-01-16 03:32:20,D:\AWORK\苗尾\苗尾监测数据\葛洲坝安全监测\厂房蜗壳\2#机蜗壳钢筋计.xls
FILE:2017-01-16 03:32:20,D:\AWORK\苗尾\苗尾监测数据\葛洲坝安全监测\厂房蜗壳\4#机蜗壳钢筋计 .xls
FILE:2017-01-16 03:32:20,D:\AWORK\苗尾\苗尾监测数据\葛洲坝安全监测\灌溉取水交通洞\灌溉交通洞0+015\0+15衬砌钢筋计.xls
FILE:2017-01-16 03:32:20,D:\AWORK\苗尾\苗尾监测数据\葛洲坝安全监测\灌溉取水交通洞\灌溉交通洞0+015\0+15钢筋计.xls
FILE:2017-01-16 03:32:20,D:\AWORK\苗尾\苗尾监测数据\葛洲坝安全监测\灌溉取水交通洞\灌溉交通洞0+058\0+58衬砌钢筋计.xls
FILE:2017-01-16 03:32:20,D:\AWORK\苗尾\苗尾监测数据\葛洲坝安全监测\灌溉取水交通洞\灌溉交通洞进口边坡\边坡钢筋计.xls
写入65618行测值
写入65618行成果值
