FILE:2017-03-23 09:45:10,D:\AWORK\苗尾\苗尾监测数据2-28\内观资料283期\PD45探洞（渗压计）\PD45探洞渗压计.xls
DATA:PPD45-1-1,105,数据误差超限
DATA:PPD45-1-1,106,数据误差超限
DATA:PPD45-1-2,104,数据误差超限
DATA:PPD45-1-2,105,数据误差超限
DATA:PPD45-2-1,104,数据误差超限
DATA:PPD45-2-1,105,数据误差超限
DATA:PPD45-2-2,103,数据误差超限
DATA:PPD45-2-2,104,数据误差超限
DATA:PPD45-3-1,98,数据误差超限
DATA:PPD45-3-1,99,数据误差超限
DATA:PPD45-3-2,97,数据误差超限
DATA:PPD45-3-2,98,数据误差超限
FILE:2017-03-23 09:45:10,D:\AWORK\苗尾\苗尾监测数据2-28\内观资料283期\上下游围堰\上游围堰渗压计.xls
FILE:2017-03-23 09:45:10,D:\AWORK\苗尾\苗尾监测数据2-28\内观资料283期\上下游围堰\下游围堰渗压计.xls
DATA:PXW1-3,8,数据误差超限
DATA:PXW1-3,9,数据误差超限
DATA:PXW1-3,10,数据误差超限
DATA:PXW1-3,11,数据误差超限
DATA:PXW1-3,12,数据误差超限
DATA:PXW1-3,13,数据误差超限
DATA:PXW1-3,14,数据误差超限
DATA:PXW1-3,15,数据误差超限
DATA:PXW1-3,16,数据误差超限
DATA:PXW1-3,17,数据误差超限
DATA:PXW1-3,18,数据误差超限
DATA:PXW1-3,19,数据误差超限
FILE:2017-03-23 09:45:10,D:\AWORK\苗尾\苗尾监测数据2-28\内观资料283期\下游左岸雾化区\雾化区渗压计.xls
FILE:2017-03-23 09:45:10,D:\AWORK\苗尾\苗尾监测数据2-28\内观资料283期\厂后(已移交)\厂后区渗压计.xls
FILE:2017-03-23 09:45:10,D:\AWORK\苗尾\苗尾监测数据2-28\内观资料283期\右坝头监测\右坝头渗压计.xls
FILE:2017-03-23 09:45:10,D:\AWORK\苗尾\苗尾监测数据2-28\内观资料283期\大坝\大坝基础（渗压计）\大坝基础渗压计.xls
DATA:UPBJ+450.15-2,8,数据误差超限
DATA:UPBJ+450.15-2,9,数据误差超限
DATA:UPBJ+450.15-2,10,数据误差超限
DATA:UPBJ+450.15-2,11,数据误差超限
DATA:UPBJ+450.15-2,12,数据误差超限
DATA:UPBJ+450.15-2,13,数据误差超限
DATA:UPR-Z3,14,数据误差超限
DATA:UPR-Z3,15,数据误差超限
DATA:UPR-Z3,16,数据误差超限
DATA:UPR-Z3,17,数据误差超限
DATA:UPR-Z3,18,数据误差超限
DATA:UPR-Z3,19,数据误差超限
DATA:UPR-Z3,20,数据误差超限
DATA:UPR-Z3,21,数据误差超限
DATA:UPR-Z3,22,数据误差超限
DATA:UPR-Z3,23,数据误差超限
DATA:UPR-Z3,24,数据误差超限
DATA:UPR-Z3,25,数据误差超限
DATA:UPR-Z3,26,数据误差超限
DATA:UPR-Z3,27,数据误差超限
DATA:UPR-Z3,28,数据误差超限
DATA:UPR-Z3,29,数据误差超限
DATA:UPR-Z3,30,数据误差超限
DATA:UPR-Z3,31,数据误差超限
DATA:UPR-Z3,32,数据误差超限
DATA:UPR-Z3,33,数据误差超限
DATA:UPR-Z3,34,数据误差超限
DATA:UPR-Z3,35,数据误差超限
DATA:UPR-Z3,36,数据误差超限
DATA:UPR-Z3,37,数据误差超限
DATA:UPR-Z3,38,数据误差超限
DATA:UPR-Z3,39,数据误差超限
DATA:UPR-Z3,40,数据误差超限
DATA:UPR-Z3,41,数据误差超限
DATA:UPR-Z3,42,数据误差超限
DATA:UPR-Z3,43,数据误差超限
DATA:UPR-Z3,44,数据误差超限
DATA:UPR-Z3,45,数据误差超限
DATA:UPR-Z3,46,数据误差超限
DATA:UPR-Z3,47,数据误差超限
DATA:UPR-Z3,48,数据误差超限
DATA:UPR-Z3,49,数据误差超限
DATA:UPR-Z3,50,数据误差超限
DATA:UPR-Z3,51,数据误差超限
DATA:UPR-Z3,52,数据误差超限
DATA:UPR-Z3,53,数据误差超限
DATA:UPR-Z3,54,数据误差超限
DATA:UPR-Z3,55,数据误差超限
DATA:UPR-Z3,56,数据误差超限
DATA:UPR-Z3,57,数据误差超限
DATA:UPR-Z3,58,数据误差超限
DATA:UPR-Z3,59,数据误差超限
DATA:UPR-Z3,60,数据误差超限
DATA:UPR-Z3,61,数据误差超限
DATA:UPR-Z3,62,数据误差超限
DATA:UPR-Z3,63,数据误差超限
DATA:UPR-Z3,64,数据误差超限
DATA:UPR-Z3,65,数据误差超限
DATA:UPR-Z3,66,数据误差超限
DATA:UPR-Z3,67,数据误差超限
DATA:UPR-Z3,68,数据误差超限
DATA:UPR-Z3,69,数据误差超限
DATA:UPR-Z3,70,数据误差超限
DATA:UPR-Z3,71,数据误差超限
DATA:UPR-Z3,72,数据误差超限
DATA:UPR-Z3,73,数据误差超限
DATA:UPR-Z3,74,数据误差超限
DATA:UPR-Z3,75,数据误差超限
DATA:UPR-Z3,76,数据误差超限
DATA:UPR-Z3,77,数据误差超限
DATA:UPR-Z3,78,数据误差超限
DATA:UPR-Z3,79,数据误差超限
DATA:UPR-Z3,80,数据误差超限
DATA:UPR-Z3,81,数据误差超限
DATA:UPR-Z3,82,数据误差超限
DATA:UPR-Z3,83,数据误差超限
DATA:UPR-Z3,84,数据误差超限
DATA:UPR-Z3,85,数据误差超限
DATA:UPR-Z3,86,数据误差超限
DATA:UPR-Z3,87,数据误差超限
DATA:UPR-Z3,88,数据误差超限
DATA:UPR-Z3,89,数据误差超限
DATA:UPR-Z3,90,数据误差超限
DATA:UPR-Z3,91,数据误差超限
DATA:UPR-Z3,92,数据误差超限
DATA:UPR-Z3,93,数据误差超限
DATA:UPR-Z3,94,数据误差超限
DATA:UPR-Z3,95,数据误差超限
DATA:UPR-Z3,96,数据误差超限
DATA:UPR-Z3,97,数据误差超限
DATA:UPR-Z3,98,数据误差超限
DATA:UPR-Z3,99,数据误差超限
DATA:UPR-Z3,100,数据误差超限
DATA:UPR-Z3,101,数据误差超限
DATA:UPR-Z3,102,数据误差超限
DATA:UPR-Z3,103,数据误差超限
DATA:UPR-Z3,104,数据误差超限
DATA:UPR-Z3,105,数据误差超限
DATA:UPR-Z3,106,数据误差超限
DATA:UPR-Z3,107,数据误差超限
DATA:UPR-Z3,108,数据误差超限
DATA:UPR-5,78,数据误差超限
DATA:UPR-5,79,数据误差超限
DATA:UPR-5,80,数据误差超限
DATA:UPR-5,81,数据误差超限
DATA:UPR-5,82,数据误差超限
DATA:UPR-5,83,数据误差超限
DATA:UPR-5,84,数据误差超限
DATA:UPR-5,85,数据误差超限
DATA:UPR-5,86,数据误差超限
DATA:UPR-5,87,数据误差超限
DATA:UPR-5,88,数据误差超限
DATA:UPR-5,89,数据误差超限
DATA:UPR-5,90,数据误差超限
DATA:UPR-5,91,数据误差超限
DATA:UPR-5,92,数据误差超限
DATA:UPR-5,93,数据误差超限
DATA:UPR-5,94,数据误差超限
DATA:UPR-5,95,数据误差超限
DATA:UPR-5,96,数据误差超限
DATA:UPR-5,97,数据误差超限
DATA:UPR-5,98,数据误差超限
DATA:UPR-5,99,数据误差超限
DATA:UPR-5,100,数据误差超限
DATA:UPR-5,101,数据误差超限
DATA:UPR-5,102,数据误差超限
DATA:UPR-5,103,数据误差超限
DATA:UPR-5,104,数据误差超限
DATA:UPR-5,105,数据误差超限
DATA:UPR-5,106,数据误差超限
DATA:UPR-5,107,数据误差超限
DATA:UPR-5,108,数据误差超限
DATA:UPR-5,109,数据误差超限
DATA:UPR-5,110,数据误差超限
DATA:UPR-5,111,数据误差超限
DATA:UPR-5,112,数据误差超限
DATA:UPR-5,113,数据误差超限
FILE:2017-03-23 09:45:10,D:\AWORK\苗尾\苗尾监测数据2-28\内观资料283期\大坝\大坝心墙\渗压计.xls
FILE:2017-03-23 09:45:10,D:\AWORK\苗尾\苗尾监测数据2-28\内观资料283期\导流隧洞观测数据第283期\导流洞\导流洞渗压计.xls
FILE:2017-03-23 09:45:10,D:\AWORK\苗尾\苗尾监测数据2-28\内观资料283期\导流隧洞观测数据第283期\导流洞堵头\导流洞堵头渗压计.xls
FILE:2017-03-23 09:45:10,D:\AWORK\苗尾\苗尾监测数据2-28\内观资料283期\溢洪道(已移交)\溢洪道控制段\溢洪道控制段渗压计.xls
FILE:2017-03-23 09:45:10,D:\AWORK\苗尾\苗尾监测数据2-28\内观资料283期\溢洪道(已移交)\溢洪道泄槽段右侧边坡\溢洪道泄槽段右侧边坡渗压计.xls
FILE:2017-03-23 09:45:10,D:\AWORK\苗尾\苗尾监测数据2-28\内观资料283期\溢洪道(已移交)\溢洪道泄槽段左侧边坡\溢洪道泄槽段左侧边坡渗压计.xls
FILE:2017-03-23 09:45:10,D:\AWORK\苗尾\苗尾监测数据2-28\内观资料283期\溢洪道(已移交)\溢洪道泄槽段底板\溢洪道泄槽段底板渗压计.xls
FILE:2017-03-23 09:45:10,D:\AWORK\苗尾\苗尾监测数据2-28\内观资料283期\溢洪道(已移交)\溢洪道进水渠边坡\溢洪道进水渠边坡渗压计.xls
FILE:2017-03-23 09:45:10,D:\AWORK\苗尾\苗尾监测数据2-28\葛洲坝\冲沙兼放空洞\B断面138.5\渗压计.xls
FILE:2017-03-23 09:45:10,D:\AWORK\苗尾\苗尾监测数据2-28\葛洲坝\冲沙兼放空洞\C断面364\0+364渗压计.xls
FILE:2017-03-23 09:45:10,D:\AWORK\苗尾\苗尾监测数据2-28\葛洲坝\冲沙兼放空洞\D断面\D断面渗压计.xls
FILE:2017-03-23 09:45:10,D:\AWORK\苗尾\苗尾监测数据2-28\葛洲坝\厂房基础\渗压计.xls
FILE:2017-03-23 09:45:10,D:\AWORK\苗尾\苗尾监测数据2-28\葛洲坝\引水洞\1#引水洞\1#渗压计.xls
FILE:2017-03-23 09:45:10,D:\AWORK\苗尾\苗尾监测数据2-28\葛洲坝\引水洞\2#引水洞\2#渗压计.xls
DATA:PYD-B2-1,13,数据误差超限
FILE:2017-03-23 09:45:10,D:\AWORK\苗尾\苗尾监测数据2-28\葛洲坝\引水洞\3#引水洞\3#渗压计.xls
FILE:2017-03-23 09:45:10,D:\AWORK\苗尾\苗尾监测数据2-28\葛洲坝\引水洞\4#引水洞\4#渗压计.xls
FILE:2017-03-23 09:45:10,D:\AWORK\苗尾\苗尾监测数据2-28\葛洲坝\排水廊道，灌浆廊道\测压管渗压计.xls
FILE:2017-03-23 09:49:17,D:\AWORK\苗尾\苗尾监测数据2-28\内观资料283期\PD45探洞（渗压计）\PD45探洞渗压计.xls
DATA:PPD45-1-1,105,数据误差超限
DATA:PPD45-1-1,106,数据误差超限
DATA:PPD45-1-2,104,数据误差超限
DATA:PPD45-1-2,105,数据误差超限
DATA:PPD45-2-1,104,数据误差超限
DATA:PPD45-2-1,105,数据误差超限
DATA:PPD45-2-2,103,数据误差超限
DATA:PPD45-2-2,104,数据误差超限
DATA:PPD45-3-1,98,数据误差超限
DATA:PPD45-3-1,99,数据误差超限
DATA:PPD45-3-2,97,数据误差超限
DATA:PPD45-3-2,98,数据误差超限
FILE:2017-03-23 09:49:17,D:\AWORK\苗尾\苗尾监测数据2-28\内观资料283期\上下游围堰\上游围堰渗压计.xls
FILE:2017-03-23 09:49:17,D:\AWORK\苗尾\苗尾监测数据2-28\内观资料283期\上下游围堰\下游围堰渗压计.xls
FILE:2017-03-23 09:49:17,D:\AWORK\苗尾\苗尾监测数据2-28\内观资料283期\下游左岸雾化区\雾化区渗压计.xls
FILE:2017-03-23 09:49:17,D:\AWORK\苗尾\苗尾监测数据2-28\内观资料283期\厂后(已移交)\厂后区渗压计.xls
FILE:2017-03-23 09:49:17,D:\AWORK\苗尾\苗尾监测数据2-28\内观资料283期\右坝头监测\右坝头渗压计.xls
FILE:2017-03-23 09:49:17,D:\AWORK\苗尾\苗尾监测数据2-28\内观资料283期\大坝\大坝基础（渗压计）\大坝基础渗压计.xls
DATA:UPR-Z3,14,数据误差超限
DATA:UPR-Z3,15,数据误差超限
DATA:UPR-Z3,16,数据误差超限
DATA:UPR-Z3,17,数据误差超限
DATA:UPR-Z3,18,数据误差超限
DATA:UPR-Z3,19,数据误差超限
DATA:UPR-Z3,20,数据误差超限
DATA:UPR-Z3,21,数据误差超限
DATA:UPR-Z3,22,数据误差超限
DATA:UPR-Z3,23,数据误差超限
DATA:UPR-Z3,24,数据误差超限
DATA:UPR-Z3,25,数据误差超限
DATA:UPR-Z3,26,数据误差超限
DATA:UPR-Z3,27,数据误差超限
DATA:UPR-Z3,28,数据误差超限
DATA:UPR-Z3,29,数据误差超限
DATA:UPR-Z3,30,数据误差超限
DATA:UPR-Z3,31,数据误差超限
DATA:UPR-Z3,32,数据误差超限
DATA:UPR-Z3,33,数据误差超限
DATA:UPR-Z3,34,数据误差超限
DATA:UPR-Z3,35,数据误差超限
DATA:UPR-Z3,36,数据误差超限
DATA:UPR-Z3,37,数据误差超限
DATA:UPR-Z3,38,数据误差超限
DATA:UPR-Z3,39,数据误差超限
DATA:UPR-Z3,40,数据误差超限
DATA:UPR-Z3,41,数据误差超限
DATA:UPR-Z3,42,数据误差超限
DATA:UPR-Z3,43,数据误差超限
DATA:UPR-Z3,44,数据误差超限
DATA:UPR-Z3,45,数据误差超限
DATA:UPR-Z3,46,数据误差超限
DATA:UPR-Z3,47,数据误差超限
DATA:UPR-Z3,48,数据误差超限
DATA:UPR-Z3,49,数据误差超限
DATA:UPR-Z3,50,数据误差超限
DATA:UPR-Z3,51,数据误差超限
DATA:UPR-Z3,52,数据误差超限
DATA:UPR-Z3,53,数据误差超限
DATA:UPR-Z3,54,数据误差超限
DATA:UPR-Z3,55,数据误差超限
DATA:UPR-Z3,56,数据误差超限
DATA:UPR-Z3,57,数据误差超限
DATA:UPR-Z3,58,数据误差超限
DATA:UPR-Z3,59,数据误差超限
DATA:UPR-Z3,60,数据误差超限
DATA:UPR-Z3,61,数据误差超限
DATA:UPR-Z3,62,数据误差超限
DATA:UPR-Z3,63,数据误差超限
DATA:UPR-Z3,64,数据误差超限
DATA:UPR-Z3,65,数据误差超限
DATA:UPR-Z3,66,数据误差超限
DATA:UPR-Z3,67,数据误差超限
DATA:UPR-Z3,68,数据误差超限
DATA:UPR-Z3,69,数据误差超限
DATA:UPR-Z3,70,数据误差超限
DATA:UPR-Z3,71,数据误差超限
DATA:UPR-Z3,72,数据误差超限
DATA:UPR-Z3,73,数据误差超限
DATA:UPR-Z3,74,数据误差超限
DATA:UPR-Z3,75,数据误差超限
DATA:UPR-Z3,76,数据误差超限
DATA:UPR-Z3,77,数据误差超限
DATA:UPR-Z3,78,数据误差超限
DATA:UPR-Z3,79,数据误差超限
DATA:UPR-Z3,80,数据误差超限
DATA:UPR-Z3,81,数据误差超限
DATA:UPR-Z3,82,数据误差超限
DATA:UPR-Z3,83,数据误差超限
DATA:UPR-Z3,84,数据误差超限
DATA:UPR-Z3,85,数据误差超限
DATA:UPR-Z3,86,数据误差超限
DATA:UPR-Z3,87,数据误差超限
DATA:UPR-Z3,88,数据误差超限
DATA:UPR-Z3,89,数据误差超限
DATA:UPR-Z3,90,数据误差超限
DATA:UPR-Z3,91,数据误差超限
DATA:UPR-Z3,92,数据误差超限
DATA:UPR-Z3,93,数据误差超限
DATA:UPR-Z3,94,数据误差超限
DATA:UPR-Z3,95,数据误差超限
DATA:UPR-Z3,96,数据误差超限
DATA:UPR-Z3,97,数据误差超限
DATA:UPR-Z3,98,数据误差超限
DATA:UPR-Z3,99,数据误差超限
DATA:UPR-Z3,100,数据误差超限
DATA:UPR-Z3,101,数据误差超限
DATA:UPR-Z3,102,数据误差超限
DATA:UPR-Z3,103,数据误差超限
DATA:UPR-Z3,104,数据误差超限
DATA:UPR-Z3,105,数据误差超限
DATA:UPR-Z3,106,数据误差超限
DATA:UPR-Z3,107,数据误差超限
DATA:UPR-Z3,108,数据误差超限
FILE:2017-03-23 09:49:17,D:\AWORK\苗尾\苗尾监测数据2-28\内观资料283期\大坝\大坝心墙\渗压计.xls
FILE:2017-03-23 09:49:17,D:\AWORK\苗尾\苗尾监测数据2-28\内观资料283期\导流隧洞观测数据第283期\导流洞\导流洞渗压计.xls
FILE:2017-03-23 09:49:17,D:\AWORK\苗尾\苗尾监测数据2-28\内观资料283期\导流隧洞观测数据第283期\导流洞堵头\导流洞堵头渗压计.xls
FILE:2017-03-23 09:49:17,D:\AWORK\苗尾\苗尾监测数据2-28\内观资料283期\溢洪道(已移交)\溢洪道控制段\溢洪道控制段渗压计.xls
FILE:2017-03-23 09:49:17,D:\AWORK\苗尾\苗尾监测数据2-28\内观资料283期\溢洪道(已移交)\溢洪道泄槽段右侧边坡\溢洪道泄槽段右侧边坡渗压计.xls
FILE:2017-03-23 09:49:17,D:\AWORK\苗尾\苗尾监测数据2-28\内观资料283期\溢洪道(已移交)\溢洪道泄槽段左侧边坡\溢洪道泄槽段左侧边坡渗压计.xls
FILE:2017-03-23 09:49:17,D:\AWORK\苗尾\苗尾监测数据2-28\内观资料283期\溢洪道(已移交)\溢洪道泄槽段底板\溢洪道泄槽段底板渗压计.xls
FILE:2017-03-23 09:49:17,D:\AWORK\苗尾\苗尾监测数据2-28\内观资料283期\溢洪道(已移交)\溢洪道进水渠边坡\溢洪道进水渠边坡渗压计.xls
FILE:2017-03-23 09:49:17,D:\AWORK\苗尾\苗尾监测数据2-28\葛洲坝\冲沙兼放空洞\B断面138.5\渗压计.xls
FILE:2017-03-23 09:49:17,D:\AWORK\苗尾\苗尾监测数据2-28\葛洲坝\冲沙兼放空洞\C断面364\0+364渗压计.xls
FILE:2017-03-23 09:49:17,D:\AWORK\苗尾\苗尾监测数据2-28\葛洲坝\冲沙兼放空洞\D断面\D断面渗压计.xls
FILE:2017-03-23 09:49:17,D:\AWORK\苗尾\苗尾监测数据2-28\葛洲坝\厂房基础\渗压计.xls
FILE:2017-03-23 09:49:17,D:\AWORK\苗尾\苗尾监测数据2-28\葛洲坝\引水洞\1#引水洞\1#渗压计.xls
FILE:2017-03-23 09:49:17,D:\AWORK\苗尾\苗尾监测数据2-28\葛洲坝\引水洞\2#引水洞\2#渗压计.xls
DATA:PYD-B2-1,13,数据误差超限
FILE:2017-03-23 09:49:17,D:\AWORK\苗尾\苗尾监测数据2-28\葛洲坝\引水洞\3#引水洞\3#渗压计.xls
FILE:2017-03-23 09:49:17,D:\AWORK\苗尾\苗尾监测数据2-28\葛洲坝\引水洞\4#引水洞\4#渗压计.xls
FILE:2017-03-23 09:49:17,D:\AWORK\苗尾\苗尾监测数据2-28\葛洲坝\排水廊道，灌浆廊道\测压管渗压计.xls
FILE:2017-03-23 09:51:38,D:\AWORK\苗尾\苗尾监测数据2-28\内观资料283期\PD45探洞（渗压计）\PD45探洞渗压计.xls
DATA:PPD45-1-1,105,数据误差超限
DATA:PPD45-1-1,106,数据误差超限
DATA:PPD45-1-2,104,数据误差超限
DATA:PPD45-1-2,105,数据误差超限
DATA:PPD45-2-1,104,数据误差超限
DATA:PPD45-2-1,105,数据误差超限
DATA:PPD45-2-2,103,数据误差超限
DATA:PPD45-2-2,104,数据误差超限
DATA:PPD45-3-1,98,数据误差超限
DATA:PPD45-3-1,99,数据误差超限
DATA:PPD45-3-2,97,数据误差超限
DATA:PPD45-3-2,98,数据误差超限
FILE:2017-03-23 09:51:38,D:\AWORK\苗尾\苗尾监测数据2-28\内观资料283期\上下游围堰\上游围堰渗压计.xls
FILE:2017-03-23 09:51:38,D:\AWORK\苗尾\苗尾监测数据2-28\内观资料283期\上下游围堰\下游围堰渗压计.xls
FILE:2017-03-23 09:51:38,D:\AWORK\苗尾\苗尾监测数据2-28\内观资料283期\下游左岸雾化区\雾化区渗压计.xls
FILE:2017-03-23 09:51:38,D:\AWORK\苗尾\苗尾监测数据2-28\内观资料283期\厂后(已移交)\厂后区渗压计.xls
FILE:2017-03-23 09:51:38,D:\AWORK\苗尾\苗尾监测数据2-28\内观资料283期\右坝头监测\右坝头渗压计.xls
FILE:2017-03-23 09:51:38,D:\AWORK\苗尾\苗尾监测数据2-28\内观资料283期\大坝\大坝基础（渗压计）\大坝基础渗压计.xls
FILE:2017-03-23 09:51:38,D:\AWORK\苗尾\苗尾监测数据2-28\内观资料283期\大坝\大坝心墙\渗压计.xls
FILE:2017-03-23 09:51:38,D:\AWORK\苗尾\苗尾监测数据2-28\内观资料283期\导流隧洞观测数据第283期\导流洞\导流洞渗压计.xls
FILE:2017-03-23 09:51:38,D:\AWORK\苗尾\苗尾监测数据2-28\内观资料283期\导流隧洞观测数据第283期\导流洞堵头\导流洞堵头渗压计.xls
FILE:2017-03-23 09:51:38,D:\AWORK\苗尾\苗尾监测数据2-28\内观资料283期\溢洪道(已移交)\溢洪道控制段\溢洪道控制段渗压计.xls
FILE:2017-03-23 09:51:38,D:\AWORK\苗尾\苗尾监测数据2-28\内观资料283期\溢洪道(已移交)\溢洪道泄槽段右侧边坡\溢洪道泄槽段右侧边坡渗压计.xls
FILE:2017-03-23 09:51:38,D:\AWORK\苗尾\苗尾监测数据2-28\内观资料283期\溢洪道(已移交)\溢洪道泄槽段左侧边坡\溢洪道泄槽段左侧边坡渗压计.xls
FILE:2017-03-23 09:51:38,D:\AWORK\苗尾\苗尾监测数据2-28\内观资料283期\溢洪道(已移交)\溢洪道泄槽段底板\溢洪道泄槽段底板渗压计.xls
FILE:2017-03-23 09:51:38,D:\AWORK\苗尾\苗尾监测数据2-28\内观资料283期\溢洪道(已移交)\溢洪道进水渠边坡\溢洪道进水渠边坡渗压计.xls
FILE:2017-03-23 09:51:38,D:\AWORK\苗尾\苗尾监测数据2-28\葛洲坝\冲沙兼放空洞\B断面138.5\渗压计.xls
FILE:2017-03-23 09:51:38,D:\AWORK\苗尾\苗尾监测数据2-28\葛洲坝\冲沙兼放空洞\C断面364\0+364渗压计.xls
FILE:2017-03-23 09:51:38,D:\AWORK\苗尾\苗尾监测数据2-28\葛洲坝\冲沙兼放空洞\D断面\D断面渗压计.xls
FILE:2017-03-23 09:51:38,D:\AWORK\苗尾\苗尾监测数据2-28\葛洲坝\厂房基础\渗压计.xls
FILE:2017-03-23 09:51:38,D:\AWORK\苗尾\苗尾监测数据2-28\葛洲坝\引水洞\1#引水洞\1#渗压计.xls
FILE:2017-03-23 09:51:38,D:\AWORK\苗尾\苗尾监测数据2-28\葛洲坝\引水洞\2#引水洞\2#渗压计.xls
DATA:PYD-B2-1,13,数据误差超限
FILE:2017-03-23 09:51:38,D:\AWORK\苗尾\苗尾监测数据2-28\葛洲坝\引水洞\3#引水洞\3#渗压计.xls
FILE:2017-03-23 09:51:38,D:\AWORK\苗尾\苗尾监测数据2-28\葛洲坝\引水洞\4#引水洞\4#渗压计.xls
FILE:2017-03-23 09:51:38,D:\AWORK\苗尾\苗尾监测数据2-28\葛洲坝\排水廊道，灌浆廊道\测压管渗压计.xls
写入39828行测值
写入39828行成果值
FILE:2017-03-23 10:00:14,D:\AWORK\苗尾\苗尾监测数据2-28\内观资料283期\PD45探洞（渗压计）\PD45探洞渗压计.xls
DATA:PPD45-1-1,105,数据误差超限
DATA:PPD45-1-1,106,数据误差超限
DATA:PPD45-1-2,104,数据误差超限
DATA:PPD45-1-2,105,数据误差超限
DATA:PPD45-2-1,104,数据误差超限
DATA:PPD45-2-1,105,数据误差超限
DATA:PPD45-2-2,103,数据误差超限
DATA:PPD45-2-2,104,数据误差超限
DATA:PPD45-3-1,98,数据误差超限
DATA:PPD45-3-1,99,数据误差超限
DATA:PPD45-3-2,97,数据误差超限
DATA:PPD45-3-2,98,数据误差超限
FILE:2017-03-23 10:00:14,D:\AWORK\苗尾\苗尾监测数据2-28\内观资料283期\上下游围堰\上游围堰渗压计.xls
FILE:2017-03-23 10:00:14,D:\AWORK\苗尾\苗尾监测数据2-28\内观资料283期\上下游围堰\下游围堰渗压计.xls
FILE:2017-03-23 10:00:14,D:\AWORK\苗尾\苗尾监测数据2-28\内观资料283期\下游左岸雾化区\雾化区渗压计.xls
FILE:2017-03-23 10:00:14,D:\AWORK\苗尾\苗尾监测数据2-28\内观资料283期\厂后(已移交)\厂后区渗压计.xls
FILE:2017-03-23 10:00:14,D:\AWORK\苗尾\苗尾监测数据2-28\内观资料283期\右坝头监测\右坝头渗压计.xls
FILE:2017-03-23 10:00:14,D:\AWORK\苗尾\苗尾监测数据2-28\内观资料283期\大坝\大坝基础（渗压计）\大坝基础渗压计.xls
FILE:2017-03-23 10:00:14,D:\AWORK\苗尾\苗尾监测数据2-28\内观资料283期\大坝\大坝心墙\渗压计.xls
FILE:2017-03-23 10:00:14,D:\AWORK\苗尾\苗尾监测数据2-28\内观资料283期\导流隧洞观测数据第283期\导流洞\导流洞渗压计.xls
FILE:2017-03-23 10:00:14,D:\AWORK\苗尾\苗尾监测数据2-28\内观资料283期\导流隧洞观测数据第283期\导流洞堵头\导流洞堵头渗压计.xls
FILE:2017-03-23 10:00:14,D:\AWORK\苗尾\苗尾监测数据2-28\内观资料283期\溢洪道(已移交)\溢洪道控制段\溢洪道控制段渗压计.xls
FILE:2017-03-23 10:00:14,D:\AWORK\苗尾\苗尾监测数据2-28\内观资料283期\溢洪道(已移交)\溢洪道泄槽段右侧边坡\溢洪道泄槽段右侧边坡渗压计.xls
FILE:2017-03-23 10:00:14,D:\AWORK\苗尾\苗尾监测数据2-28\内观资料283期\溢洪道(已移交)\溢洪道泄槽段左侧边坡\溢洪道泄槽段左侧边坡渗压计.xls
FILE:2017-03-23 10:00:14,D:\AWORK\苗尾\苗尾监测数据2-28\内观资料283期\溢洪道(已移交)\溢洪道泄槽段底板\溢洪道泄槽段底板渗压计.xls
FILE:2017-03-23 10:00:14,D:\AWORK\苗尾\苗尾监测数据2-28\内观资料283期\溢洪道(已移交)\溢洪道进水渠边坡\溢洪道进水渠边坡渗压计.xls
FILE:2017-03-23 10:00:14,D:\AWORK\苗尾\苗尾监测数据2-28\葛洲坝\冲沙兼放空洞\B断面138.5\渗压计.xls
FILE:2017-03-23 10:00:14,D:\AWORK\苗尾\苗尾监测数据2-28\葛洲坝\冲沙兼放空洞\C断面364\0+364渗压计.xls
FILE:2017-03-23 10:00:14,D:\AWORK\苗尾\苗尾监测数据2-28\葛洲坝\冲沙兼放空洞\D断面\D断面渗压计.xls
FILE:2017-03-23 10:00:14,D:\AWORK\苗尾\苗尾监测数据2-28\葛洲坝\厂房基础\渗压计.xls
FILE:2017-03-23 10:00:14,D:\AWORK\苗尾\苗尾监测数据2-28\葛洲坝\引水洞\1#引水洞\1#渗压计.xls
FILE:2017-03-23 10:00:14,D:\AWORK\苗尾\苗尾监测数据2-28\葛洲坝\引水洞\2#引水洞\2#渗压计.xls
DATA:PYD-B2-1,13,数据误差超限
FILE:2017-03-23 10:00:14,D:\AWORK\苗尾\苗尾监测数据2-28\葛洲坝\引水洞\3#引水洞\3#渗压计.xls
FILE:2017-03-23 10:00:14,D:\AWORK\苗尾\苗尾监测数据2-28\葛洲坝\引水洞\4#引水洞\4#渗压计.xls
FILE:2017-03-23 10:00:14,D:\AWORK\苗尾\苗尾监测数据2-28\葛洲坝\排水廊道，灌浆廊道\测压管渗压计.xls
FILE:2017-03-23 10:01:50,D:\AWORK\苗尾\苗尾监测数据2-28\内观资料283期\PD45探洞（渗压计）\PD45探洞渗压计.xls
DATA:PPD45-1-1,105,数据误差超限
DATA:PPD45-1-1,106,数据误差超限
DATA:PPD45-1-2,104,数据误差超限
DATA:PPD45-1-2,105,数据误差超限
DATA:PPD45-2-1,104,数据误差超限
DATA:PPD45-2-1,105,数据误差超限
DATA:PPD45-2-2,103,数据误差超限
DATA:PPD45-2-2,104,数据误差超限
DATA:PPD45-3-1,98,数据误差超限
DATA:PPD45-3-1,99,数据误差超限
DATA:PPD45-3-2,97,数据误差超限
DATA:PPD45-3-2,98,数据误差超限
FILE:2017-03-23 10:01:50,D:\AWORK\苗尾\苗尾监测数据2-28\内观资料283期\上下游围堰\上游围堰渗压计.xls
FILE:2017-03-23 10:01:50,D:\AWORK\苗尾\苗尾监测数据2-28\内观资料283期\上下游围堰\下游围堰渗压计.xls
DATA:PXW1-3,8,数据误差超限
DATA:PXW1-3,9,数据误差超限
DATA:PXW1-3,10,数据误差超限
DATA:PXW1-3,11,数据误差超限
DATA:PXW1-3,12,数据误差超限
DATA:PXW1-3,13,数据误差超限
DATA:PXW1-3,14,数据误差超限
DATA:PXW1-3,15,数据误差超限
DATA:PXW1-3,16,数据误差超限
DATA:PXW1-3,17,数据误差超限
DATA:PXW1-3,18,数据误差超限
DATA:PXW1-3,19,数据误差超限
DATA:PXW1-3,20,数据误差超限
DATA:PXW1-3,21,数据误差超限
DATA:PXW1-3,22,数据误差超限
DATA:PXW1-3,23,数据误差超限
DATA:PXW1-3,24,数据误差超限
DATA:PXW1-3,25,数据误差超限
DATA:PXW1-3,26,数据误差超限
DATA:PXW1-3,27,数据误差超限
DATA:PXW1-3,28,数据误差超限
DATA:PXW1-3,29,数据误差超限
DATA:PXW1-3,30,数据误差超限
DATA:PXW1-3,31,数据误差超限
DATA:PXW1-3,32,数据误差超限
DATA:PXW1-3,33,数据误差超限
DATA:PXW1-3,34,数据误差超限
DATA:PXW1-3,35,数据误差超限
DATA:PXW1-3,36,数据误差超限
DATA:PXW1-3,37,数据误差超限
DATA:PXW1-3,38,数据误差超限
DATA:PXW1-3,39,数据误差超限
DATA:PXW1-3,40,数据误差超限
DATA:PXW1-3,41,数据误差超限
DATA:PXW1-3,42,数据误差超限
DATA:PXW1-3,43,数据误差超限
DATA:PXW1-3,44,数据误差超限
DATA:PXW1-3,45,数据误差超限
DATA:PXW1-3,46,数据误差超限
DATA:PXW1-3,47,数据误差超限
DATA:PXW1-3,48,数据误差超限
DATA:PXW1-3,49,数据误差超限
DATA:PXW1-3,50,数据误差超限
DATA:PXW1-3,51,数据误差超限
DATA:PXW1-3,52,数据误差超限
DATA:PXW1-3,53,数据误差超限
DATA:PXW1-3,54,数据误差超限
DATA:PXW1-3,55,数据误差超限
DATA:PXW1-3,56,数据误差超限
DATA:PXW1-3,57,数据误差超限
DATA:PXW1-3,58,数据误差超限
DATA:PXW1-3,59,数据误差超限
DATA:PXW1-3,60,数据误差超限
DATA:PXW1-3,61,数据误差超限
DATA:PXW1-3,62,数据误差超限
DATA:PXW1-3,63,数据误差超限
DATA:PXW1-3,64,数据误差超限
DATA:PXW1-3,65,数据误差超限
DATA:PXW1-3,66,数据误差超限
DATA:PXW1-3,67,数据误差超限
DATA:PXW1-3,68,数据误差超限
DATA:PXW1-3,69,数据误差超限
DATA:PXW1-3,70,数据误差超限
DATA:PXW1-3,71,数据误差超限
DATA:PXW1-3,72,数据误差超限
DATA:PXW1-3,73,数据误差超限
DATA:PXW1-3,74,数据误差超限
DATA:PXW1-3,75,数据误差超限
DATA:PXW1-3,76,数据误差超限
DATA:PXW1-3,77,数据误差超限
DATA:PXW1-3,78,数据误差超限
DATA:PXW1-3,79,数据误差超限
DATA:PXW1-3,80,数据误差超限
DATA:PXW1-3,81,数据误差超限
DATA:PXW1-3,82,数据误差超限
DATA:PXW1-3,83,数据误差超限
DATA:PXW1-3,84,数据误差超限
DATA:PXW1-3,85,数据误差超限
DATA:PXW1-3,86,数据误差超限
DATA:PXW1-3,87,数据误差超限
DATA:PXW1-3,88,数据误差超限
DATA:PXW1-3,89,数据误差超限
DATA:PXW1-3,90,数据误差超限
DATA:PXW1-3,91,数据误差超限
DATA:PXW1-3,92,数据误差超限
DATA:PXW1-3,93,数据误差超限
DATA:PXW1-3,94,数据误差超限
DATA:PXW1-3,95,数据误差超限
DATA:PXW1-3,96,数据误差超限
DATA:PXW1-3,97,数据误差超限
DATA:PXW1-3,98,数据误差超限
DATA:PXW1-3,99,数据误差超限
DATA:PXW1-3,100,数据误差超限
DATA:PXW1-3,101,数据误差超限
DATA:PXW1-3,102,数据误差超限
DATA:PXW1-3,103,数据误差超限
DATA:PXW1-3,104,数据误差超限
DATA:PXW1-3,105,数据误差超限
DATA:PXW1-3,106,数据误差超限
DATA:PXW1-3,107,数据误差超限
DATA:PXW1-3,108,数据误差超限
DATA:PXW1-3,109,数据误差超限
DATA:PXW1-3,110,数据误差超限
DATA:PXW1-3,111,数据误差超限
DATA:PXW1-3,112,数据误差超限
DATA:PXW1-3,113,数据误差超限
DATA:PXW1-3,114,数据误差超限
DATA:PXW1-3,115,数据误差超限
DATA:PXW1-3,116,数据误差超限
DATA:PXW1-3,117,数据误差超限
DATA:PXW1-3,118,数据误差超限
DATA:PXW1-3,119,数据误差超限
DATA:PXW1-3,120,数据误差超限
DATA:PXW1-3,121,数据误差超限
DATA:PXW1-3,122,数据误差超限
DATA:PXW1-3,123,数据误差超限
DATA:PXW1-3,124,数据误差超限
DATA:PXW1-3,125,数据误差超限
DATA:PXW1-3,126,数据误差超限
DATA:PXW1-3,127,数据误差超限
DATA:PXW1-3,128,数据误差超限
DATA:PXW1-3,129,数据误差超限
DATA:PXW1-3,130,数据误差超限
DATA:PXW1-3,131,数据误差超限
DATA:PXW1-3,132,数据误差超限
DATA:PXW1-3,133,数据误差超限
DATA:PXW1-3,134,数据误差超限
DATA:PXW1-3,135,数据误差超限
DATA:PXW1-3,136,数据误差超限
DATA:PXW1-3,137,数据误差超限
DATA:PXW1-3,138,数据误差超限
DATA:PXW1-3,139,数据误差超限
DATA:PXW1-3,140,数据误差超限
DATA:PXW1-3,141,数据误差超限
DATA:PXW1-3,142,数据误差超限
DATA:PXW1-3,143,数据误差超限
DATA:PXW1-3,144,数据误差超限
DATA:PXW1-3,145,数据误差超限
DATA:PXW1-3,146,数据误差超限
DATA:PXW1-3,147,数据误差超限
DATA:PXW1-3,148,数据误差超限
DATA:PXW1-3,149,数据误差超限
DATA:PXW1-3,150,数据误差超限
DATA:PXW1-3,151,数据误差超限
DATA:PXW1-3,152,数据误差超限
DATA:PXW1-3,153,数据误差超限
DATA:PXW1-3,154,数据误差超限
DATA:PXW1-3,155,数据误差超限
DATA:PXW1-3,156,数据误差超限
DATA:PXW1-3,157,数据误差超限
DATA:PXW1-3,158,数据误差超限
DATA:PXW1-3,159,数据误差超限
DATA:PXW1-3,160,数据误差超限
DATA:PXW1-3,161,数据误差超限
DATA:PXW1-3,162,数据误差超限
DATA:PXW1-3,163,数据误差超限
DATA:PXW1-3,164,数据误差超限
DATA:PXW1-3,165,数据误差超限
DATA:PXW1-3,166,数据误差超限
DATA:PXW1-3,167,数据误差超限
DATA:PXW1-3,168,数据误差超限
DATA:PXW1-3,169,数据误差超限
DATA:PXW1-3,170,数据误差超限
DATA:PXW1-3,171,数据误差超限
DATA:PXW1-3,172,数据误差超限
DATA:PXW1-3,173,数据误差超限
DATA:PXW1-3,174,数据误差超限
DATA:PXW1-3,175,数据误差超限
DATA:PXW1-3,176,数据误差超限
DATA:PXW1-3,177,数据误差超限
DATA:PXW1-3,178,数据误差超限
DATA:PXW1-3,179,数据误差超限
DATA:PXW1-3,180,数据误差超限
DATA:PXW1-3,181,数据误差超限
DATA:PXW1-3,182,数据误差超限
DATA:PXW1-3,183,数据误差超限
DATA:PXW1-3,184,数据误差超限
DATA:PXW1-3,185,数据误差超限
DATA:PXW1-3,186,数据误差超限
DATA:PXW1-3,187,数据误差超限
DATA:PXW1-3,188,数据误差超限
DATA:PXW1-3,189,数据误差超限
DATA:PXW1-3,190,数据误差超限
DATA:PXW1-3,191,数据误差超限
DATA:PXW1-3,192,数据误差超限
DATA:PXW1-3,193,数据误差超限
DATA:PXW1-3,194,数据误差超限
DATA:PXW1-3,195,数据误差超限
DATA:PXW1-3,196,数据误差超限
DATA:PXW1-3,197,数据误差超限
DATA:PXW1-3,198,数据误差超限
DATA:PXW1-3,199,数据误差超限
DATA:PXW1-3,200,数据误差超限
DATA:PXW1-3,201,数据误差超限
DATA:PXW1-3,202,数据误差超限
DATA:PXW1-3,203,数据误差超限
DATA:PXW1-3,204,数据误差超限
DATA:PXW1-3,205,数据误差超限
FILE:2017-03-23 10:01:50,D:\AWORK\苗尾\苗尾监测数据2-28\内观资料283期\下游左岸雾化区\雾化区渗压计.xls
FILE:2017-03-23 10:01:50,D:\AWORK\苗尾\苗尾监测数据2-28\内观资料283期\厂后(已移交)\厂后区渗压计.xls
FILE:2017-03-23 10:01:50,D:\AWORK\苗尾\苗尾监测数据2-28\内观资料283期\右坝头监测\右坝头渗压计.xls
FILE:2017-03-23 10:01:50,D:\AWORK\苗尾\苗尾监测数据2-28\内观资料283期\大坝\大坝基础（渗压计）\大坝基础渗压计.xls
DATA:UPBJ+450.15-2,8,数据误差超限
DATA:UPBJ+450.15-2,9,数据误差超限
DATA:UPBJ+450.15-2,10,数据误差超限
DATA:UPBJ+450.15-2,11,数据误差超限
DATA:UPBJ+450.15-2,12,数据误差超限
DATA:UPBJ+450.15-2,13,数据误差超限
DATA:UPBJ+450.15-2,14,数据误差超限
DATA:UPBJ+450.15-2,15,数据误差超限
DATA:UPBJ+450.15-2,16,数据误差超限
DATA:UPBJ+450.15-2,17,数据误差超限
DATA:UPBJ+450.15-2,18,数据误差超限
DATA:UPBJ+450.15-2,19,数据误差超限
DATA:UPBJ+450.15-2,20,数据误差超限
DATA:UPBJ+450.15-2,21,数据误差超限
DATA:UPBJ+450.15-2,22,数据误差超限
DATA:UPBJ+450.15-2,23,数据误差超限
DATA:UPBJ+450.15-2,24,数据误差超限
DATA:UPBJ+450.15-2,25,数据误差超限
DATA:UPBJ+450.15-2,26,数据误差超限
DATA:UPBJ+450.15-2,27,数据误差超限
DATA:UPBJ+450.15-2,28,数据误差超限
DATA:UPBJ+450.15-2,29,数据误差超限
DATA:UPBJ+450.15-2,30,数据误差超限
DATA:UPBJ+450.15-2,31,数据误差超限
DATA:UPBJ+450.15-2,32,数据误差超限
DATA:UPBJ+450.15-2,33,数据误差超限
DATA:UPBJ+450.15-2,34,数据误差超限
DATA:UPBJ+450.15-2,35,数据误差超限
DATA:UPBJ+450.15-2,36,数据误差超限
DATA:UPBJ+450.15-2,37,数据误差超限
DATA:UPBJ+450.15-2,38,数据误差超限
DATA:UPBJ+450.15-2,39,数据误差超限
DATA:UPBJ+450.15-2,40,数据误差超限
DATA:UPBJ+450.15-2,41,数据误差超限
DATA:UPBJ+450.15-2,42,数据误差超限
DATA:UPBJ+450.15-2,43,数据误差超限
DATA:UPBJ+450.15-2,44,数据误差超限
DATA:UPBJ+450.15-2,45,数据误差超限
DATA:UPBJ+450.15-2,46,数据误差超限
DATA:UPBJ+450.15-2,47,数据误差超限
DATA:UPBJ+450.15-2,48,数据误差超限
DATA:UPBJ+450.15-2,49,数据误差超限
DATA:UPBJ+450.15-2,50,数据误差超限
DATA:UPBJ+450.15-2,51,数据误差超限
DATA:UPBJ+450.15-2,52,数据误差超限
DATA:UPBJ+450.15-2,53,数据误差超限
DATA:UPBJ+450.15-2,54,数据误差超限
DATA:UPBJ+450.15-2,55,数据误差超限
DATA:UPBJ+450.15-2,56,数据误差超限
DATA:UPBJ+450.15-2,57,数据误差超限
DATA:UPBJ+450.15-2,58,数据误差超限
DATA:UPBJ+450.15-2,59,数据误差超限
DATA:UPBJ+450.15-2,60,数据误差超限
DATA:UPBJ+450.15-2,61,数据误差超限
DATA:UPBJ+450.15-2,62,数据误差超限
DATA:UPBJ+450.15-2,63,数据误差超限
DATA:UPBJ+450.15-2,64,数据误差超限
DATA:UPBJ+450.15-2,65,数据误差超限
DATA:UPBJ+450.15-2,66,数据误差超限
DATA:UPBJ+450.15-2,67,数据误差超限
DATA:UPBJ+450.15-2,68,数据误差超限
DATA:UPBJ+450.15-2,69,数据误差超限
DATA:UPBJ+450.15-2,70,数据误差超限
DATA:UPBJ+450.15-2,71,数据误差超限
DATA:UPBJ+450.15-2,72,数据误差超限
DATA:UPBJ+450.15-2,73,数据误差超限
DATA:UPBJ+450.15-2,74,数据误差超限
DATA:UPBJ+450.15-2,75,数据误差超限
DATA:UPBJ+450.15-2,76,数据误差超限
DATA:UPBJ+450.15-2,77,数据误差超限
DATA:UPBJ+450.15-2,78,数据误差超限
DATA:UPBJ+450.15-2,79,数据误差超限
DATA:UPBJ+450.15-2,80,数据误差超限
DATA:UPBJ+450.15-2,81,数据误差超限
DATA:UPBJ+450.15-2,82,数据误差超限
DATA:UPBJ+450.15-2,83,数据误差超限
DATA:UPBJ+450.15-2,84,数据误差超限
DATA:UPBJ+450.15-2,85,数据误差超限
DATA:UPBJ+450.15-2,86,数据误差超限
DATA:UPBJ+450.15-2,87,数据误差超限
DATA:UPBJ+450.15-2,88,数据误差超限
DATA:UPBJ+450.15-2,89,数据误差超限
DATA:UPBJ+450.15-2,90,数据误差超限
DATA:UPBJ+450.15-2,91,数据误差超限
DATA:UPBJ+450.15-2,92,数据误差超限
DATA:UPBJ+450.15-2,93,数据误差超限
DATA:UPBJ+450.15-2,94,数据误差超限
DATA:UPBJ+450.15-2,95,数据误差超限
DATA:UPBJ+450.15-2,96,数据误差超限
DATA:UPBJ+450.15-2,97,数据误差超限
DATA:UPBJ+450.15-2,98,数据误差超限
DATA:UPBJ+450.15-2,99,数据误差超限
DATA:UPBJ+450.15-2,100,数据误差超限
DATA:UPBJ+450.15-2,101,数据误差超限
DATA:UPBJ+450.15-2,102,数据误差超限
DATA:UPBJ+450.15-2,103,数据误差超限
DATA:UPBJ+450.15-2,104,数据误差超限
DATA:UPBJ+450.15-2,105,数据误差超限
DATA:UPBJ+450.15-2,106,数据误差超限
DATA:UPBJ+450.15-2,107,数据误差超限
DATA:UPBJ+450.15-2,108,数据误差超限
DATA:UPBJ+450.15-2,109,数据误差超限
DATA:UPBJ+450.15-2,110,数据误差超限
DATA:UPBJ+450.15-2,111,数据误差超限
DATA:UPBJ+450.15-2,112,数据误差超限
DATA:UPBJ+450.15-2,113,数据误差超限
DATA:UPBJ+450.15-2,114,数据误差超限
DATA:UPBJ+450.15-2,115,数据误差超限
DATA:UPBJ+450.15-2,116,数据误差超限
DATA:UPBJ+450.15-2,117,数据误差超限
DATA:UPBJ+450.15-2,118,数据误差超限
DATA:UPBJ+450.15-2,119,数据误差超限
DATA:UPBJ+450.15-2,120,数据误差超限
DATA:UPBJ+450.15-2,121,数据误差超限
DATA:UPBJ+450.15-2,122,数据误差超限
DATA:UPBJ+450.15-2,123,数据误差超限
DATA:UPBJ+450.15-2,124,数据误差超限
DATA:UPBJ+450.15-2,125,数据误差超限
DATA:UPBJ+450.15-2,126,数据误差超限
DATA:UPBJ+450.15-2,127,数据误差超限
DATA:UPBJ+450.15-2,128,数据误差超限
DATA:UPBJ+450.15-2,129,数据误差超限
DATA:UPBJ+450.15-2,130,数据误差超限
DATA:UPBJ+450.15-2,131,数据误差超限
DATA:UPBJ+450.15-2,132,数据误差超限
DATA:UPBJ+450.15-2,133,数据误差超限
DATA:UPBJ+450.15-2,134,数据误差超限
DATA:UPBJ+450.15-2,135,数据误差超限
DATA:UPBJ+450.15-2,136,数据误差超限
DATA:UPBJ+450.15-2,137,数据误差超限
DATA:UPBJ+450.15-2,138,数据误差超限
DATA:UPBJ+450.15-2,139,数据误差超限
DATA:UPBJ+450.15-2,140,数据误差超限
DATA:UPBJ+450.15-2,141,数据误差超限
DATA:UPBJ+450.15-2,142,数据误差超限
DATA:UPBJ+450.15-2,143,数据误差超限
DATA:UPBJ+450.15-2,144,数据误差超限
DATA:UPBJ+450.15-2,145,数据误差超限
DATA:UPBJ+450.15-2,146,数据误差超限
DATA:UPBJ+450.15-2,147,数据误差超限
DATA:UPBJ+450.15-2,148,数据误差超限
DATA:UPBJ+450.15-2,149,数据误差超限
DATA:UPBJ+450.15-2,150,数据误差超限
DATA:UPBJ+450.15-2,151,数据误差超限
DATA:UPBJ+450.15-2,152,数据误差超限
DATA:UPBJ+450.15-2,153,数据误差超限
DATA:UPBJ+450.15-2,154,数据误差超限
DATA:UPBJ+450.15-2,155,数据误差超限
DATA:UPBJ+450.15-2,156,数据误差超限
DATA:UPBJ+450.15-2,157,数据误差超限
DATA:UPBJ+450.15-2,158,数据误差超限
DATA:UPBJ+450.15-2,159,数据误差超限
DATA:UPBJ+450.15-2,160,数据误差超限
DATA:UPBJ+450.15-2,161,数据误差超限
DATA:UPBJ+450.15-2,162,数据误差超限
DATA:UPBJ+450.15-2,163,数据误差超限
DATA:UPR-Z3,14,数据误差超限
DATA:UPR-Z3,15,数据误差超限
DATA:UPR-Z3,16,数据误差超限
DATA:UPR-Z3,17,数据误差超限
DATA:UPR-Z3,18,数据误差超限
DATA:UPR-Z3,19,数据误差超限
DATA:UPR-Z3,20,数据误差超限
DATA:UPR-Z3,21,数据误差超限
DATA:UPR-Z3,22,数据误差超限
DATA:UPR-Z3,23,数据误差超限
DATA:UPR-Z3,24,数据误差超限
DATA:UPR-Z3,25,数据误差超限
DATA:UPR-Z3,26,数据误差超限
DATA:UPR-Z3,27,数据误差超限
DATA:UPR-Z3,28,数据误差超限
DATA:UPR-Z3,29,数据误差超限
DATA:UPR-Z3,30,数据误差超限
DATA:UPR-Z3,31,数据误差超限
DATA:UPR-Z3,32,数据误差超限
DATA:UPR-Z3,33,数据误差超限
DATA:UPR-Z3,34,数据误差超限
DATA:UPR-Z3,35,数据误差超限
DATA:UPR-Z3,36,数据误差超限
DATA:UPR-Z3,37,数据误差超限
DATA:UPR-Z3,38,数据误差超限
DATA:UPR-Z3,39,数据误差超限
DATA:UPR-Z3,40,数据误差超限
DATA:UPR-Z3,41,数据误差超限
DATA:UPR-Z3,42,数据误差超限
DATA:UPR-Z3,43,数据误差超限
DATA:UPR-Z3,44,数据误差超限
DATA:UPR-Z3,45,数据误差超限
DATA:UPR-Z3,46,数据误差超限
DATA:UPR-Z3,47,数据误差超限
DATA:UPR-Z3,48,数据误差超限
DATA:UPR-Z3,49,数据误差超限
DATA:UPR-Z3,50,数据误差超限
DATA:UPR-Z3,51,数据误差超限
DATA:UPR-Z3,52,数据误差超限
DATA:UPR-Z3,53,数据误差超限
DATA:UPR-Z3,54,数据误差超限
DATA:UPR-Z3,55,数据误差超限
DATA:UPR-Z3,56,数据误差超限
DATA:UPR-Z3,57,数据误差超限
DATA:UPR-Z3,58,数据误差超限
DATA:UPR-Z3,59,数据误差超限
DATA:UPR-Z3,60,数据误差超限
DATA:UPR-Z3,61,数据误差超限
DATA:UPR-Z3,62,数据误差超限
DATA:UPR-Z3,63,数据误差超限
DATA:UPR-Z3,64,数据误差超限
DATA:UPR-Z3,65,数据误差超限
DATA:UPR-Z3,66,数据误差超限
DATA:UPR-Z3,67,数据误差超限
DATA:UPR-Z3,68,数据误差超限
DATA:UPR-Z3,69,数据误差超限
DATA:UPR-Z3,70,数据误差超限
DATA:UPR-Z3,71,数据误差超限
DATA:UPR-Z3,72,数据误差超限
DATA:UPR-Z3,73,数据误差超限
DATA:UPR-Z3,74,数据误差超限
DATA:UPR-Z3,75,数据误差超限
DATA:UPR-Z3,76,数据误差超限
DATA:UPR-Z3,77,数据误差超限
DATA:UPR-Z3,78,数据误差超限
DATA:UPR-Z3,79,数据误差超限
DATA:UPR-Z3,80,数据误差超限
DATA:UPR-Z3,81,数据误差超限
DATA:UPR-Z3,82,数据误差超限
DATA:UPR-Z3,83,数据误差超限
DATA:UPR-Z3,84,数据误差超限
DATA:UPR-Z3,85,数据误差超限
DATA:UPR-Z3,86,数据误差超限
DATA:UPR-Z3,87,数据误差超限
DATA:UPR-Z3,88,数据误差超限
DATA:UPR-Z3,89,数据误差超限
DATA:UPR-Z3,90,数据误差超限
DATA:UPR-Z3,91,数据误差超限
DATA:UPR-Z3,92,数据误差超限
DATA:UPR-Z3,93,数据误差超限
DATA:UPR-Z3,94,数据误差超限
DATA:UPR-Z3,95,数据误差超限
DATA:UPR-Z3,96,数据误差超限
DATA:UPR-Z3,97,数据误差超限
DATA:UPR-Z3,98,数据误差超限
DATA:UPR-Z3,99,数据误差超限
DATA:UPR-Z3,100,数据误差超限
DATA:UPR-Z3,101,数据误差超限
DATA:UPR-Z3,102,数据误差超限
DATA:UPR-Z3,103,数据误差超限
DATA:UPR-Z3,104,数据误差超限
DATA:UPR-Z3,105,数据误差超限
DATA:UPR-Z3,106,数据误差超限
DATA:UPR-Z3,107,数据误差超限
DATA:UPR-Z3,108,数据误差超限
DATA:UPR-5,78,数据误差超限
DATA:UPR-5,79,数据误差超限
DATA:UPR-5,80,数据误差超限
DATA:UPR-5,81,数据误差超限
DATA:UPR-5,82,数据误差超限
DATA:UPR-5,83,数据误差超限
DATA:UPR-5,84,数据误差超限
DATA:UPR-5,85,数据误差超限
DATA:UPR-5,86,数据误差超限
DATA:UPR-5,87,数据误差超限
DATA:UPR-5,88,数据误差超限
DATA:UPR-5,89,数据误差超限
DATA:UPR-5,90,数据误差超限
DATA:UPR-5,91,数据误差超限
DATA:UPR-5,92,数据误差超限
DATA:UPR-5,93,数据误差超限
DATA:UPR-5,94,数据误差超限
DATA:UPR-5,95,数据误差超限
DATA:UPR-5,96,数据误差超限
DATA:UPR-5,97,数据误差超限
DATA:UPR-5,98,数据误差超限
DATA:UPR-5,99,数据误差超限
DATA:UPR-5,100,数据误差超限
DATA:UPR-5,101,数据误差超限
DATA:UPR-5,102,数据误差超限
DATA:UPR-5,103,数据误差超限
DATA:UPR-5,104,数据误差超限
DATA:UPR-5,105,数据误差超限
DATA:UPR-5,106,数据误差超限
DATA:UPR-5,107,数据误差超限
DATA:UPR-5,108,数据误差超限
DATA:UPR-5,109,数据误差超限
DATA:UPR-5,110,数据误差超限
DATA:UPR-5,111,数据误差超限
DATA:UPR-5,112,数据误差超限
DATA:UPR-5,113,数据误差超限
DATA:UPR-5,114,数据误差超限
DATA:UPR-5,115,数据误差超限
DATA:UPR-5,116,数据误差超限
DATA:UPR-5,117,数据误差超限
DATA:UPR-5,118,数据误差超限
DATA:UPR-5,119,数据误差超限
DATA:UPR-5,120,数据误差超限
DATA:UPR-5,121,数据误差超限
DATA:UPR-5,122,数据误差超限
DATA:UPR-5,123,数据误差超限
DATA:UPR-5,124,数据误差超限
DATA:UPR-5,125,数据误差超限
DATA:UPR-5,126,数据误差超限
DATA:UPR-5,127,数据误差超限
DATA:UPR-5,128,数据误差超限
DATA:UPR-5,129,数据误差超限
DATA:UPR-5,130,数据误差超限
DATA:UPR-5,131,数据误差超限
DATA:UPR-5,132,数据误差超限
DATA:UPR-5,133,数据误差超限
DATA:UPR-5,134,数据误差超限
DATA:UPR-5,135,数据误差超限
DATA:UPR-5,136,数据误差超限
DATA:UPR-5,137,数据误差超限
DATA:UPR-5,138,数据误差超限
DATA:UPR-5,139,数据误差超限
DATA:UPR-5,140,数据误差超限
DATA:UPR-5,141,数据误差超限
DATA:UPR-5,142,数据误差超限
DATA:UPR-5,143,数据误差超限
DATA:UPR-5,144,数据误差超限
DATA:UPR-5,145,数据误差超限
DATA:UPR-5,146,数据误差超限
DATA:UPR-5,147,数据误差超限
DATA:UPR-5,148,数据误差超限
DATA:UPR-5,149,数据误差超限
DATA:UPR-5,150,数据误差超限
DATA:UPR-5,151,数据误差超限
DATA:UPR-5,152,数据误差超限
DATA:UPR-5,153,数据误差超限
DATA:UPR-5,154,数据误差超限
DATA:UPR-5,155,数据误差超限
DATA:UPR-5,156,数据误差超限
DATA:UPR-5,157,数据误差超限
DATA:UPR-5,158,数据误差超限
DATA:UPR-5,159,数据误差超限
DATA:UPR-5,160,数据误差超限
DATA:UPR-5,161,数据误差超限
DATA:UPR-5,162,数据误差超限
DATA:UPR-5,163,数据误差超限
DATA:UPR-5,164,数据误差超限
DATA:UPR-5,165,数据误差超限
DATA:UPR-5,166,数据误差超限
DATA:UPR-5,167,数据误差超限
DATA:UPR-5,168,数据误差超限
DATA:UPR-5,169,数据误差超限
DATA:UPR-5,170,数据误差超限
DATA:UPR-5,171,数据误差超限
DATA:UPR-5,172,数据误差超限
DATA:UPR-5,173,数据误差超限
DATA:UPR-5,174,数据误差超限
DATA:UPR-5,175,数据误差超限
FILE:2017-03-23 10:01:50,D:\AWORK\苗尾\苗尾监测数据2-28\内观资料283期\大坝\大坝心墙\渗压计.xls
FILE:2017-03-23 10:01:50,D:\AWORK\苗尾\苗尾监测数据2-28\内观资料283期\导流隧洞观测数据第283期\导流洞\导流洞渗压计.xls
FILE:2017-03-23 10:01:50,D:\AWORK\苗尾\苗尾监测数据2-28\内观资料283期\导流隧洞观测数据第283期\导流洞堵头\导流洞堵头渗压计.xls
FILE:2017-03-23 10:01:50,D:\AWORK\苗尾\苗尾监测数据2-28\内观资料283期\溢洪道(已移交)\溢洪道控制段\溢洪道控制段渗压计.xls
FILE:2017-03-23 10:01:50,D:\AWORK\苗尾\苗尾监测数据2-28\内观资料283期\溢洪道(已移交)\溢洪道泄槽段右侧边坡\溢洪道泄槽段右侧边坡渗压计.xls
FILE:2017-03-23 10:01:50,D:\AWORK\苗尾\苗尾监测数据2-28\内观资料283期\溢洪道(已移交)\溢洪道泄槽段左侧边坡\溢洪道泄槽段左侧边坡渗压计.xls
FILE:2017-03-23 10:01:50,D:\AWORK\苗尾\苗尾监测数据2-28\内观资料283期\溢洪道(已移交)\溢洪道泄槽段底板\溢洪道泄槽段底板渗压计.xls
FILE:2017-03-23 10:01:50,D:\AWORK\苗尾\苗尾监测数据2-28\内观资料283期\溢洪道(已移交)\溢洪道进水渠边坡\溢洪道进水渠边坡渗压计.xls
FILE:2017-03-23 10:01:50,D:\AWORK\苗尾\苗尾监测数据2-28\葛洲坝\冲沙兼放空洞\B断面138.5\渗压计.xls
FILE:2017-03-23 10:01:50,D:\AWORK\苗尾\苗尾监测数据2-28\葛洲坝\冲沙兼放空洞\C断面364\0+364渗压计.xls
FILE:2017-03-23 10:01:50,D:\AWORK\苗尾\苗尾监测数据2-28\葛洲坝\冲沙兼放空洞\D断面\D断面渗压计.xls
FILE:2017-03-23 10:01:50,D:\AWORK\苗尾\苗尾监测数据2-28\葛洲坝\厂房基础\渗压计.xls
FILE:2017-03-23 10:01:50,D:\AWORK\苗尾\苗尾监测数据2-28\葛洲坝\引水洞\1#引水洞\1#渗压计.xls
FILE:2017-03-23 10:01:50,D:\AWORK\苗尾\苗尾监测数据2-28\葛洲坝\引水洞\2#引水洞\2#渗压计.xls
DATA:PYD-B2-1,13,数据误差超限
FILE:2017-03-23 10:01:50,D:\AWORK\苗尾\苗尾监测数据2-28\葛洲坝\引水洞\3#引水洞\3#渗压计.xls
FILE:2017-03-23 10:01:50,D:\AWORK\苗尾\苗尾监测数据2-28\葛洲坝\引水洞\4#引水洞\4#渗压计.xls
FILE:2017-03-23 10:01:50,D:\AWORK\苗尾\苗尾监测数据2-28\葛洲坝\排水廊道，灌浆廊道\测压管渗压计.xls
FILE:2017-03-23 10:04:03,D:\AWORK\苗尾\苗尾监测数据2-28\内观资料283期\PD45探洞（渗压计）\PD45探洞渗压计.xls
DATA:PPD45-1-1,105,数据误差超限
DATA:PPD45-1-1,106,数据误差超限
DATA:PPD45-1-2,104,数据误差超限
DATA:PPD45-1-2,105,数据误差超限
DATA:PPD45-2-1,104,数据误差超限
DATA:PPD45-2-1,105,数据误差超限
DATA:PPD45-2-2,103,数据误差超限
DATA:PPD45-2-2,104,数据误差超限
DATA:PPD45-3-1,98,数据误差超限
DATA:PPD45-3-1,99,数据误差超限
DATA:PPD45-3-2,97,数据误差超限
DATA:PPD45-3-2,98,数据误差超限
FILE:2017-03-23 10:04:03,D:\AWORK\苗尾\苗尾监测数据2-28\内观资料283期\上下游围堰\上游围堰渗压计.xls
FILE:2017-03-23 10:04:03,D:\AWORK\苗尾\苗尾监测数据2-28\内观资料283期\上下游围堰\下游围堰渗压计.xls
FILE:2017-03-23 10:04:03,D:\AWORK\苗尾\苗尾监测数据2-28\内观资料283期\下游左岸雾化区\雾化区渗压计.xls
FILE:2017-03-23 10:04:03,D:\AWORK\苗尾\苗尾监测数据2-28\内观资料283期\厂后(已移交)\厂后区渗压计.xls
FILE:2017-03-23 10:04:03,D:\AWORK\苗尾\苗尾监测数据2-28\内观资料283期\右坝头监测\右坝头渗压计.xls
FILE:2017-03-23 10:04:03,D:\AWORK\苗尾\苗尾监测数据2-28\内观资料283期\大坝\大坝基础（渗压计）\大坝基础渗压计.xls
FILE:2017-03-23 10:04:03,D:\AWORK\苗尾\苗尾监测数据2-28\内观资料283期\大坝\大坝心墙\渗压计.xls
FILE:2017-03-23 10:04:03,D:\AWORK\苗尾\苗尾监测数据2-28\内观资料283期\导流隧洞观测数据第283期\导流洞\导流洞渗压计.xls
FILE:2017-03-23 10:04:03,D:\AWORK\苗尾\苗尾监测数据2-28\内观资料283期\导流隧洞观测数据第283期\导流洞堵头\导流洞堵头渗压计.xls
FILE:2017-03-23 10:04:03,D:\AWORK\苗尾\苗尾监测数据2-28\内观资料283期\溢洪道(已移交)\溢洪道控制段\溢洪道控制段渗压计.xls
FILE:2017-03-23 10:04:03,D:\AWORK\苗尾\苗尾监测数据2-28\内观资料283期\溢洪道(已移交)\溢洪道泄槽段右侧边坡\溢洪道泄槽段右侧边坡渗压计.xls
FILE:2017-03-23 10:04:03,D:\AWORK\苗尾\苗尾监测数据2-28\内观资料283期\溢洪道(已移交)\溢洪道泄槽段左侧边坡\溢洪道泄槽段左侧边坡渗压计.xls
FILE:2017-03-23 10:04:03,D:\AWORK\苗尾\苗尾监测数据2-28\内观资料283期\溢洪道(已移交)\溢洪道泄槽段底板\溢洪道泄槽段底板渗压计.xls
FILE:2017-03-23 10:04:03,D:\AWORK\苗尾\苗尾监测数据2-28\内观资料283期\溢洪道(已移交)\溢洪道进水渠边坡\溢洪道进水渠边坡渗压计.xls
FILE:2017-03-23 10:04:03,D:\AWORK\苗尾\苗尾监测数据2-28\葛洲坝\冲沙兼放空洞\B断面138.5\渗压计.xls
FILE:2017-03-23 10:04:03,D:\AWORK\苗尾\苗尾监测数据2-28\葛洲坝\冲沙兼放空洞\C断面364\0+364渗压计.xls
FILE:2017-03-23 10:04:03,D:\AWORK\苗尾\苗尾监测数据2-28\葛洲坝\冲沙兼放空洞\D断面\D断面渗压计.xls
FILE:2017-03-23 10:04:03,D:\AWORK\苗尾\苗尾监测数据2-28\葛洲坝\厂房基础\渗压计.xls
FILE:2017-03-23 10:04:03,D:\AWORK\苗尾\苗尾监测数据2-28\葛洲坝\引水洞\1#引水洞\1#渗压计.xls
FILE:2017-03-23 10:04:03,D:\AWORK\苗尾\苗尾监测数据2-28\葛洲坝\引水洞\2#引水洞\2#渗压计.xls
DATA:PYD-B2-1,13,数据误差超限
FILE:2017-03-23 10:04:03,D:\AWORK\苗尾\苗尾监测数据2-28\葛洲坝\引水洞\3#引水洞\3#渗压计.xls
FILE:2017-03-23 10:04:03,D:\AWORK\苗尾\苗尾监测数据2-28\葛洲坝\引水洞\4#引水洞\4#渗压计.xls
FILE:2017-03-23 10:04:03,D:\AWORK\苗尾\苗尾监测数据2-28\葛洲坝\排水廊道，灌浆廊道\测压管渗压计.xls
写入39828行测值
写入39828行成果值
FILE:2017-03-23 10:10:33,D:\AWORK\苗尾\苗尾监测数据2-28\内观资料283期\PD45探洞（渗压计）\PD45探洞渗压计.xls
DATA:PPD45-1-1,105,数据误差超限
DATA:PPD45-1-1,106,数据误差超限
DATA:PPD45-1-2,104,数据误差超限
DATA:PPD45-1-2,105,数据误差超限
DATA:PPD45-2-1,104,数据误差超限
DATA:PPD45-2-1,105,数据误差超限
DATA:PPD45-2-2,103,数据误差超限
DATA:PPD45-2-2,104,数据误差超限
DATA:PPD45-3-1,98,数据误差超限
DATA:PPD45-3-1,99,数据误差超限
DATA:PPD45-3-2,97,数据误差超限
DATA:PPD45-3-2,98,数据误差超限
FILE:2017-03-23 10:10:33,D:\AWORK\苗尾\苗尾监测数据2-28\内观资料283期\上下游围堰\上游围堰渗压计.xls
FILE:2017-03-23 10:10:33,D:\AWORK\苗尾\苗尾监测数据2-28\内观资料283期\上下游围堰\下游围堰渗压计.xls
FILE:2017-03-23 10:10:33,D:\AWORK\苗尾\苗尾监测数据2-28\内观资料283期\下游左岸雾化区\雾化区渗压计.xls
FILE:2017-03-23 10:10:33,D:\AWORK\苗尾\苗尾监测数据2-28\内观资料283期\厂后(已移交)\厂后区渗压计.xls
FILE:2017-03-23 10:10:33,D:\AWORK\苗尾\苗尾监测数据2-28\内观资料283期\右坝头监测\右坝头渗压计.xls
FILE:2017-03-23 10:10:33,D:\AWORK\苗尾\苗尾监测数据2-28\内观资料283期\大坝\大坝基础（渗压计）\大坝基础渗压计.xls
FILE:2017-03-23 10:10:33,D:\AWORK\苗尾\苗尾监测数据2-28\内观资料283期\大坝\大坝心墙\渗压计.xls
FILE:2017-03-23 10:10:33,D:\AWORK\苗尾\苗尾监测数据2-28\内观资料283期\导流隧洞观测数据第283期\导流洞\导流洞渗压计.xls
FILE:2017-03-23 10:10:33,D:\AWORK\苗尾\苗尾监测数据2-28\内观资料283期\导流隧洞观测数据第283期\导流洞堵头\导流洞堵头渗压计.xls
FILE:2017-03-23 10:10:33,D:\AWORK\苗尾\苗尾监测数据2-28\内观资料283期\溢洪道(已移交)\溢洪道控制段\溢洪道控制段渗压计.xls
FILE:2017-03-23 10:10:33,D:\AWORK\苗尾\苗尾监测数据2-28\内观资料283期\溢洪道(已移交)\溢洪道泄槽段右侧边坡\溢洪道泄槽段右侧边坡渗压计.xls
FILE:2017-03-23 10:10:33,D:\AWORK\苗尾\苗尾监测数据2-28\内观资料283期\溢洪道(已移交)\溢洪道泄槽段左侧边坡\溢洪道泄槽段左侧边坡渗压计.xls
FILE:2017-03-23 10:10:33,D:\AWORK\苗尾\苗尾监测数据2-28\内观资料283期\溢洪道(已移交)\溢洪道泄槽段底板\溢洪道泄槽段底板渗压计.xls
FILE:2017-03-23 10:10:33,D:\AWORK\苗尾\苗尾监测数据2-28\内观资料283期\溢洪道(已移交)\溢洪道进水渠边坡\溢洪道进水渠边坡渗压计.xls
FILE:2017-03-23 10:10:33,D:\AWORK\苗尾\苗尾监测数据2-28\葛洲坝\冲沙兼放空洞\B断面138.5\渗压计.xls
FILE:2017-03-23 10:10:33,D:\AWORK\苗尾\苗尾监测数据2-28\葛洲坝\冲沙兼放空洞\C断面364\0+364渗压计.xls
FILE:2017-03-23 10:10:33,D:\AWORK\苗尾\苗尾监测数据2-28\葛洲坝\冲沙兼放空洞\D断面\D断面渗压计.xls
FILE:2017-03-23 10:10:33,D:\AWORK\苗尾\苗尾监测数据2-28\葛洲坝\厂房基础\渗压计.xls
FILE:2017-03-23 10:10:33,D:\AWORK\苗尾\苗尾监测数据2-28\葛洲坝\引水洞\1#引水洞\1#渗压计.xls
FILE:2017-03-23 10:10:33,D:\AWORK\苗尾\苗尾监测数据2-28\葛洲坝\引水洞\2#引水洞\2#渗压计.xls
DATA:PYD-B2-1,13,数据误差超限
FILE:2017-03-23 10:10:33,D:\AWORK\苗尾\苗尾监测数据2-28\葛洲坝\引水洞\3#引水洞\3#渗压计.xls
FILE:2017-03-23 10:10:33,D:\AWORK\苗尾\苗尾监测数据2-28\葛洲坝\引水洞\4#引水洞\4#渗压计.xls
FILE:2017-03-23 10:10:33,D:\AWORK\苗尾\苗尾监测数据2-28\葛洲坝\排水廊道，灌浆廊道\测压管渗压计.xls
写入39828行测值
写入39828行成果值
FILE:2017-03-23 10:21:07,D:\AWORK\苗尾\苗尾监测数据2-28\内观资料283期\大坝\大坝心墙\位移计.xls
FILE:2017-03-23 10:21:07,D:\AWORK\苗尾\苗尾监测数据2-28\内观资料283期\大坝\大坝心墙\界面位移计.xls
FILE:2017-03-23 10:21:07,D:\AWORK\苗尾\苗尾监测数据2-28\内观资料283期\自动化内观数据\新建文件夹\MWXC09-ML心墙位移计周报资料.xls
写入15151行测值
写入15151行成果值
FILE:2017-03-23 10:25:45,D:\AWORK\苗尾\苗尾监测数据2-28\内观资料283期\大坝\大坝堆石区\引张线式水平位移计.xls
DATA:Hdb3-4,19,Invalid Excel date double value: -3.98
FILE:2017-03-23 10:25:45,D:\AWORK\苗尾\苗尾监测数据2-28\内观资料283期\自动化内观数据\2016\20161224\引张线式水平位移计-自动化+人工比测20161224（2）.xls
FILE:2017-03-23 10:25:45,D:\AWORK\苗尾\苗尾监测数据2-28\内观资料283期\自动化内观数据\2016\20161230\引张线式水平位移计-自动化+人工比测20161230.xls
FILE:2017-03-23 10:25:45,D:\AWORK\苗尾\苗尾监测数据2-28\内观资料283期\自动化内观数据\20170106\引张线式水平位移计-自动化+人工比测20170106.xls
FILE:2017-03-23 10:25:45,D:\AWORK\苗尾\苗尾监测数据2-28\内观资料283期\自动化内观数据\20170110\引张线式水平位移计-自动化+人工比测20170110.xls
FILE:2017-03-23 10:25:45,D:\AWORK\苗尾\苗尾监测数据2-28\内观资料283期\自动化内观数据\20170116\引张线式水平位移计-自动化+人工比测.xls
FILE:2017-03-23 10:25:45,D:\AWORK\苗尾\苗尾监测数据2-28\内观资料283期\自动化内观数据\20170119\引张线式水平位移计-自动化+人工比测.xls
FILE:2017-03-23 10:25:45,D:\AWORK\苗尾\苗尾监测数据2-28\内观资料283期\自动化内观数据\20170124\引张线式水平位移计-自动化+人工比测.xls
FILE:2017-03-23 10:25:45,D:\AWORK\苗尾\苗尾监测数据2-28\内观资料283期\自动化内观数据\20170127\引张线式水平位移计-自动化+人工比测.xls
FILE:2017-03-23 10:25:45,D:\AWORK\苗尾\苗尾监测数据2-28\内观资料283期\自动化内观数据\20170130\引张线式水平位移计-自动化+人工比测.xls
FILE:2017-03-23 10:25:45,D:\AWORK\苗尾\苗尾监测数据2-28\内观资料283期\自动化内观数据\20170201\引张线式水平位移计-自动化+人工比测.xls
FILE:2017-03-23 10:25:45,D:\AWORK\苗尾\苗尾监测数据2-28\内观资料283期\自动化内观数据\20170206\引张线式水平位移计-自动化+人工比测.xls
FILE:2017-03-23 10:25:45,D:\AWORK\苗尾\苗尾监测数据2-28\内观资料283期\自动化内观数据\20170208\引张线式水平位移计-自动化+人工比测.xls
FILE:2017-03-23 02:43:18,D:\AWORK\苗尾\苗尾监测数据2-28\内观资料283期\大坝\大坝心墙\位移计.xls
FILE:2017-03-23 02:43:18,D:\AWORK\苗尾\苗尾监测数据2-28\内观资料283期\大坝\大坝心墙\界面位移计.xls
FILE:2017-03-23 02:43:18,D:\AWORK\苗尾\苗尾监测数据2-28\内观资料283期\自动化内观数据\新建文件夹\MWXC09-ML心墙位移计周报资料.xls
写入15151行测值
写入15151行成果值
FILE:2017-03-23 02:46:02,D:\AWORK\苗尾\苗尾监测数据2-28\内观资料283期\大坝\大坝堆石区\引张线式水平位移计.xls
DATA:Hdb3-4,19,Invalid Excel date double value: -3.98
FILE:2017-03-23 02:46:02,D:\AWORK\苗尾\苗尾监测数据2-28\内观资料283期\自动化内观数据\2016\20161224\引张线式水平位移计-自动化+人工比测20161224（2）.xls
FILE:2017-03-23 02:46:02,D:\AWORK\苗尾\苗尾监测数据2-28\内观资料283期\自动化内观数据\2016\20161230\引张线式水平位移计-自动化+人工比测20161230.xls
FILE:2017-03-23 02:46:02,D:\AWORK\苗尾\苗尾监测数据2-28\内观资料283期\自动化内观数据\20170106\引张线式水平位移计-自动化+人工比测20170106.xls
FILE:2017-03-23 02:46:02,D:\AWORK\苗尾\苗尾监测数据2-28\内观资料283期\自动化内观数据\20170110\引张线式水平位移计-自动化+人工比测20170110.xls
FILE:2017-03-23 02:46:02,D:\AWORK\苗尾\苗尾监测数据2-28\内观资料283期\自动化内观数据\20170116\引张线式水平位移计-自动化+人工比测.xls
FILE:2017-03-23 02:46:02,D:\AWORK\苗尾\苗尾监测数据2-28\内观资料283期\自动化内观数据\20170119\引张线式水平位移计-自动化+人工比测.xls
FILE:2017-03-23 02:46:02,D:\AWORK\苗尾\苗尾监测数据2-28\内观资料283期\自动化内观数据\20170124\引张线式水平位移计-自动化+人工比测.xls
FILE:2017-03-23 02:46:02,D:\AWORK\苗尾\苗尾监测数据2-28\内观资料283期\自动化内观数据\20170127\引张线式水平位移计-自动化+人工比测.xls
FILE:2017-03-23 02:46:02,D:\AWORK\苗尾\苗尾监测数据2-28\内观资料283期\自动化内观数据\20170130\引张线式水平位移计-自动化+人工比测.xls
FILE:2017-03-23 02:46:02,D:\AWORK\苗尾\苗尾监测数据2-28\内观资料283期\自动化内观数据\20170201\引张线式水平位移计-自动化+人工比测.xls
FILE:2017-03-23 02:46:02,D:\AWORK\苗尾\苗尾监测数据2-28\内观资料283期\自动化内观数据\20170206\引张线式水平位移计-自动化+人工比测.xls
FILE:2017-03-23 02:46:02,D:\AWORK\苗尾\苗尾监测数据2-28\内观资料283期\自动化内观数据\20170208\引张线式水平位移计-自动化+人工比测.xls
FILE:2017-03-23 03:02:43,D:\AWORK\苗尾\苗尾监测数据2-28\内观资料283期\大坝\大坝堆石区\引张线式水平位移计.xls
DATA:Hdb3-4,19,Invalid Excel date double value: -3.98
FILE:2017-03-23 03:02:43,D:\AWORK\苗尾\苗尾监测数据2-28\内观资料283期\自动化内观数据\2016\20161224\引张线式水平位移计-自动化+人工比测20161224（2）.xls
FILE:2017-03-23 03:02:43,D:\AWORK\苗尾\苗尾监测数据2-28\内观资料283期\自动化内观数据\2016\20161230\引张线式水平位移计-自动化+人工比测20161230.xls
FILE:2017-03-23 03:02:43,D:\AWORK\苗尾\苗尾监测数据2-28\内观资料283期\自动化内观数据\20170106\引张线式水平位移计-自动化+人工比测20170106.xls
FILE:2017-03-23 03:02:43,D:\AWORK\苗尾\苗尾监测数据2-28\内观资料283期\自动化内观数据\20170110\引张线式水平位移计-自动化+人工比测20170110.xls
FILE:2017-03-23 03:02:43,D:\AWORK\苗尾\苗尾监测数据2-28\内观资料283期\自动化内观数据\20170116\引张线式水平位移计-自动化+人工比测.xls
FILE:2017-03-23 03:02:43,D:\AWORK\苗尾\苗尾监测数据2-28\内观资料283期\自动化内观数据\20170119\引张线式水平位移计-自动化+人工比测.xls
FILE:2017-03-23 03:02:43,D:\AWORK\苗尾\苗尾监测数据2-28\内观资料283期\自动化内观数据\20170124\引张线式水平位移计-自动化+人工比测.xls
FILE:2017-03-23 03:02:43,D:\AWORK\苗尾\苗尾监测数据2-28\内观资料283期\自动化内观数据\20170127\引张线式水平位移计-自动化+人工比测.xls
FILE:2017-03-23 03:02:43,D:\AWORK\苗尾\苗尾监测数据2-28\内观资料283期\自动化内观数据\20170130\引张线式水平位移计-自动化+人工比测.xls
FILE:2017-03-23 03:02:43,D:\AWORK\苗尾\苗尾监测数据2-28\内观资料283期\自动化内观数据\20170201\引张线式水平位移计-自动化+人工比测.xls
FILE:2017-03-23 03:02:43,D:\AWORK\苗尾\苗尾监测数据2-28\内观资料283期\自动化内观数据\20170206\引张线式水平位移计-自动化+人工比测.xls
FILE:2017-03-23 03:02:43,D:\AWORK\苗尾\苗尾监测数据2-28\内观资料283期\自动化内观数据\20170208\引张线式水平位移计-自动化+人工比测.xls
写入1724行测值
写入1724行成果值
FILE:2017-03-23 03:06:01,D:\AWORK\苗尾\苗尾监测数据2-28\内观资料283期\大坝\大坝堆石区\水平固定式测斜仪.xls
FILE:2017-03-23 03:22:14,D:\AWORK\苗尾\苗尾监测数据2-28\内观资料283期\大坝\大坝堆石区\水平固定式测斜仪.xls
FILE:2017-03-23 03:22:57,D:\AWORK\苗尾\苗尾监测数据2-28\内观资料283期\大坝\大坝堆石区\水平固定式测斜仪.xls
FILE:2017-03-23 03:23:07,D:\AWORK\苗尾\苗尾监测数据2-28\内观资料283期\大坝\大坝堆石区\水平固定式测斜仪.xls
写入2860行测值
写入2860行成果值
FILE:2017-03-23 04:15:11,D:\AWORK\苗尾\苗尾监测数据2-28\内观资料283期\大坝\大坝心墙\土压力计.xls
FILE:2017-03-23 04:15:11,D:\AWORK\苗尾\苗尾监测数据2-28\葛洲坝\引水洞\进水口边坡\土压力计.xls
DATA:Ejsk-3-2,10,数据误差超限
DATA:Ejsk-3-2,11,数据误差超限
DATA:Ejsk-3-2,12,数据误差超限
DATA:Ejsk-3-2,13,数据误差超限
DATA:Ejsk-3-2,14,数据误差超限
DATA:Ejsk-3-2,15,数据误差超限
DATA:Ejsk-3-2,16,数据误差超限
DATA:Ejsk-3-2,17,数据误差超限
DATA:Ejsk-3-2,18,数据误差超限
DATA:Ejsk-3-2,19,数据误差超限
DATA:Ejsk-3-2,20,数据误差超限
DATA:Ejsk-3-2,21,数据误差超限
DATA:Ejsk-3-2,22,数据误差超限
DATA:Ejsk-3-2,23,数据误差超限
DATA:Ejsk-3-2,24,数据误差超限
DATA:Ejsk-3-2,25,数据误差超限
DATA:Ejsk-3-2,26,数据误差超限
DATA:Ejsk-3-2,27,数据误差超限
DATA:Ejsk-3-2,28,数据误差超限
DATA:Ejsk-3-2,29,数据误差超限
DATA:Ejsk-3-2,30,数据误差超限
DATA:Ejsk-3-2,31,数据误差超限
DATA:Ejsk-3-2,32,数据误差超限
DATA:Ejsk-3-2,33,数据误差超限
DATA:Ejsk-3-2,34,数据误差超限
DATA:Ejsk-3-2,35,数据误差超限
DATA:Ejsk-3-2,36,数据误差超限
DATA:Ejsk-3-2,37,数据误差超限
DATA:Ejsk-3-2,38,数据误差超限
DATA:Ejsk-3-2,39,数据误差超限
DATA:Ejsk-3-2,40,数据误差超限
DATA:Ejsk-3-2,41,数据误差超限
DATA:Ejsk-3-2,42,数据误差超限
DATA:Ejsk-3-2,43,数据误差超限
DATA:Ejsk-3-2,44,数据误差超限
DATA:Ejsk-3-2,45,数据误差超限
DATA:Ejsk-3-2,46,数据误差超限
DATA:Ejsk-3-2,47,数据误差超限
DATA:Ejsk-3-2,48,数据误差超限
DATA:Ejsk-3-2,49,数据误差超限
FILE:2017-03-23 04:15:30,D:\AWORK\苗尾\苗尾监测数据2-28\内观资料283期\大坝\大坝心墙\土压力计.xls
FILE:2017-03-23 04:15:30,D:\AWORK\苗尾\苗尾监测数据2-28\葛洲坝\引水洞\进水口边坡\土压力计.xls
写入6245行测值
写入6245行成果值
FILE:2017-03-23 04:20:10,D:\AWORK\苗尾\苗尾监测数据2-28\内观资料283期\下游左岸雾化区\雾化区多点位移计.xls
FILE:2017-03-23 04:20:10,D:\AWORK\苗尾\苗尾监测数据2-28\内观资料283期\厂前\厂前区多点位移计.xls
FILE:2017-03-23 04:20:10,D:\AWORK\苗尾\苗尾监测数据2-28\内观资料283期\厂后(已移交)\厂后区多点位移计 .xls
FILE:2017-03-23 04:20:10,D:\AWORK\苗尾\苗尾监测数据2-28\内观资料283期\右坝基监测\右坝基多点位移计.xls
FILE:2017-03-23 04:20:10,D:\AWORK\苗尾\苗尾监测数据2-28\内观资料283期\右坝头监测\右坝头多点位移计.xls
FILE:2017-03-23 04:20:10,D:\AWORK\苗尾\苗尾监测数据2-28\内观资料283期\大坝右岸坝前边坡\坝前边坡多点位移计.xls
FILE:2017-03-23 04:20:10,D:\AWORK\苗尾\苗尾监测数据2-28\内观资料283期\大坝右岸坝前边坡\杆式位移计.xls
FILE:2017-03-23 04:20:10,D:\AWORK\苗尾\苗尾监测数据2-28\内观资料283期\导流隧洞观测数据第283期\出口边坡\出口多点变位计.xls
FILE:2017-03-23 04:20:10,D:\AWORK\苗尾\苗尾监测数据2-28\内观资料283期\导流隧洞观测数据第283期\导流洞\导流洞多点变位计.xls
FILE:2017-03-23 04:20:10,D:\AWORK\苗尾\苗尾监测数据2-28\内观资料283期\导流隧洞观测数据第283期\进口边坡\进口多点变位计.xls
FILE:2017-03-23 04:20:10,D:\AWORK\苗尾\苗尾监测数据2-28\内观资料283期\左坝基监测（已移交）\左坝基多点位移计.xls
FILE:2017-03-23 04:20:10,D:\AWORK\苗尾\苗尾监测数据2-28\内观资料283期\溢洪道(已移交)\溢洪道泄槽段右侧边坡\溢洪道泄槽段右侧边坡多点位移计.xls
FILE:2017-03-23 04:20:10,D:\AWORK\苗尾\苗尾监测数据2-28\内观资料283期\溢洪道(已移交)\溢洪道泄槽段左侧边坡\溢洪道泄槽段左侧边坡多点位移计.xls
FILE:2017-03-23 04:20:10,D:\AWORK\苗尾\苗尾监测数据2-28\内观资料283期\溢洪道(已移交)\溢洪道进水渠边坡\溢洪道边坡多点位移计.xls
FILE:2017-03-23 04:20:10,D:\AWORK\苗尾\苗尾监测数据2-28\内观资料283期\石料场-观测数据\多点变位计.xls
FILE:2017-03-23 04:20:10,D:\AWORK\苗尾\苗尾监测数据2-28\内观资料283期\自动化内观数据\2016\20161228\MWXC09-MJBZ左坝基多点位移计周报资料.xls
FILE:2017-03-23 04:20:10,D:\AWORK\苗尾\苗尾监测数据2-28\内观资料283期\自动化内观数据\20170111\MWXC09-MJBZ左坝基多点位移计周报资料1.xls
FILE:2017-03-23 04:20:10,D:\AWORK\苗尾\苗尾监测数据2-28\内观资料283期\自动化内观数据\新建文件夹\MWXC09-MJBZ左坝基多点位移计周报资料.xls
FILE:2017-03-23 04:20:10,D:\AWORK\苗尾\苗尾监测数据2-28\内观资料283期\进水口(已移交)\进水口多点位移计.xls
FILE:2017-03-23 04:20:10,D:\AWORK\苗尾\苗尾监测数据2-28\葛洲坝\2#施工支洞\2#施工\1\多点位移计.xls
FILE:2017-03-23 04:20:10,D:\AWORK\苗尾\苗尾监测数据2-28\葛洲坝\2#施工支洞\2#施工\2\2多点位移计.xls
FILE:2017-03-23 04:20:10,D:\AWORK\苗尾\苗尾监测数据2-28\葛洲坝\2#施工支洞\2#施工\3\3多点位移计.xls
FILE:2017-03-23 04:20:10,D:\AWORK\苗尾\苗尾监测数据2-28\葛洲坝\2#施工支洞\2#施工\4\4多点位移计.xls
FILE:2017-03-23 04:20:10,D:\AWORK\苗尾\苗尾监测数据2-28\葛洲坝\冲沙兼放空洞\371-E断面\多点位移计.xls
FILE:2017-03-23 04:20:10,D:\AWORK\苗尾\苗尾监测数据2-28\葛洲坝\冲沙兼放空洞\A断面\A断面多点位移计.xls
FILE:2017-03-23 04:20:10,D:\AWORK\苗尾\苗尾监测数据2-28\葛洲坝\冲沙兼放空洞\B断面138.5\0+138.5断面多点位移计.xls
FILE:2017-03-23 04:20:10,D:\AWORK\苗尾\苗尾监测数据2-28\葛洲坝\冲沙兼放空洞\C断面364\0+364断面多点位移计.xls
FILE:2017-03-23 04:20:10,D:\AWORK\苗尾\苗尾监测数据2-28\葛洲坝\引水洞\4点位移计.xls
FILE:2017-03-23 04:20:10,D:\AWORK\苗尾\苗尾监测数据2-28\葛洲坝\引水洞\1#引水洞\1#多点位移计.xls
FILE:2017-03-23 04:20:10,D:\AWORK\苗尾\苗尾监测数据2-28\葛洲坝\引水洞\2#引水洞\2#多点位移计.xls
FILE:2017-03-23 04:20:10,D:\AWORK\苗尾\苗尾监测数据2-28\葛洲坝\引水洞\3#引水洞\3#多点位移计.xls
FILE:2017-03-23 04:20:10,D:\AWORK\苗尾\苗尾监测数据2-28\葛洲坝\引水洞\4#引水洞\4#多点位移计.xls
FILE:2017-03-23 04:20:10,D:\AWORK\苗尾\苗尾监测数据2-28\葛洲坝\引水洞\进水口边坡\多点位移计.xls
FILE:2017-03-23 04:20:10,D:\AWORK\苗尾\苗尾监测数据2-28\葛洲坝\排水廊道，灌浆廊道\三点式杆式位移计.xls
FILE:2017-03-23 04:20:10,D:\AWORK\苗尾\苗尾监测数据2-28\葛洲坝\排水廊道，灌浆廊道\四点式杆式位移计.xls
FILE:2017-03-23 04:20:10,D:\AWORK\苗尾\苗尾监测数据2-28\葛洲坝\灌溉取水交通洞\灌溉交通洞0+015\0+15多点位移计.xls
FILE:2017-03-23 04:20:10,D:\AWORK\苗尾\苗尾监测数据2-28\葛洲坝\灌溉取水交通洞\灌溉交通洞0+045\0+45多点位移计.xls
FILE:2017-03-23 04:20:10,D:\AWORK\苗尾\苗尾监测数据2-28\葛洲坝\灌溉取水交通洞\灌溉交通洞0+105.47B\0+105.47多点位移计.xls
FILE:2017-03-23 04:20:10,D:\AWORK\苗尾\苗尾监测数据2-28\葛洲坝\灌溉取水交通洞\灌溉交通洞0+131.97C\0+131.97多点位移计.xls
FILE:2017-03-23 04:20:10,D:\AWORK\苗尾\苗尾监测数据2-28\葛洲坝\灌溉取水交通洞\灌溉交通洞0+158.47D\0+158.47多点位移计.xls
FILE:2017-03-23 04:20:10,D:\AWORK\苗尾\苗尾监测数据2-28\葛洲坝\灌溉取水交通洞\灌溉交通洞0+184.97E\0+184.97多点位移计.xls
FILE:2017-03-23 04:20:10,D:\AWORK\苗尾\苗尾监测数据2-28\葛洲坝\灌溉取水交通洞\灌溉交通洞进口边坡\边坡多点位移计.xls
FILE:2017-03-23 04:34:34,D:\AWORK\苗尾\苗尾监测数据2-28\内观资料283期\大坝\大坝心墙\位移计.xls
FILE:2017-03-23 04:34:34,D:\AWORK\苗尾\苗尾监测数据2-28\内观资料283期\大坝\大坝心墙\界面位移计.xls
FILE:2017-03-23 04:34:34,D:\AWORK\苗尾\苗尾监测数据2-28\内观资料283期\自动化内观数据\新建文件夹\MWXC09-ML心墙位移计周报资料.xls
FILE:2017-03-23 04:39:01,D:\AWORK\苗尾\苗尾监测数据2-28\内观资料283期\大坝\大坝心墙\位移计.xls
FILE:2017-03-23 04:39:01,D:\AWORK\苗尾\苗尾监测数据2-28\内观资料283期\大坝\大坝心墙\界面位移计.xls
FILE:2017-03-23 04:39:01,D:\AWORK\苗尾\苗尾监测数据2-28\内观资料283期\自动化内观数据\新建文件夹\MWXC09-ML心墙位移计周报资料.xls
FILE:2017-03-23 04:46:49,D:\AWORK\苗尾\苗尾监测数据2-28\内观资料283期\下游左岸雾化区\雾化区多点位移计.xls
FILE:2017-03-23 04:46:49,D:\AWORK\苗尾\苗尾监测数据2-28\内观资料283期\厂前\厂前区多点位移计.xls
FILE:2017-03-23 04:46:49,D:\AWORK\苗尾\苗尾监测数据2-28\内观资料283期\厂后(已移交)\厂后区多点位移计 .xls
FILE:2017-03-23 04:46:49,D:\AWORK\苗尾\苗尾监测数据2-28\内观资料283期\右坝基监测\右坝基多点位移计.xls
FILE:2017-03-23 04:46:49,D:\AWORK\苗尾\苗尾监测数据2-28\内观资料283期\右坝头监测\右坝头多点位移计.xls
FILE:2017-03-23 04:46:49,D:\AWORK\苗尾\苗尾监测数据2-28\内观资料283期\大坝右岸坝前边坡\坝前边坡多点位移计.xls
FILE:2017-03-23 04:46:49,D:\AWORK\苗尾\苗尾监测数据2-28\内观资料283期\大坝右岸坝前边坡\杆式位移计.xls
FILE:2017-03-23 04:46:49,D:\AWORK\苗尾\苗尾监测数据2-28\内观资料283期\导流隧洞观测数据第283期\出口边坡\出口多点变位计.xls
FILE:2017-03-23 04:46:49,D:\AWORK\苗尾\苗尾监测数据2-28\内观资料283期\导流隧洞观测数据第283期\导流洞\导流洞多点变位计.xls
FILE:2017-03-23 04:46:49,D:\AWORK\苗尾\苗尾监测数据2-28\内观资料283期\导流隧洞观测数据第283期\进口边坡\进口多点变位计.xls
FILE:2017-03-23 04:46:49,D:\AWORK\苗尾\苗尾监测数据2-28\内观资料283期\左坝基监测（已移交）\左坝基多点位移计.xls
FILE:2017-03-23 04:46:49,D:\AWORK\苗尾\苗尾监测数据2-28\内观资料283期\溢洪道(已移交)\溢洪道泄槽段右侧边坡\溢洪道泄槽段右侧边坡多点位移计.xls
FILE:2017-03-23 04:46:49,D:\AWORK\苗尾\苗尾监测数据2-28\内观资料283期\溢洪道(已移交)\溢洪道泄槽段左侧边坡\溢洪道泄槽段左侧边坡多点位移计.xls
FILE:2017-03-23 04:46:49,D:\AWORK\苗尾\苗尾监测数据2-28\内观资料283期\溢洪道(已移交)\溢洪道进水渠边坡\溢洪道边坡多点位移计.xls
FILE:2017-03-23 04:46:49,D:\AWORK\苗尾\苗尾监测数据2-28\内观资料283期\石料场-观测数据\多点变位计.xls
FILE:2017-03-23 04:46:49,D:\AWORK\苗尾\苗尾监测数据2-28\内观资料283期\自动化内观数据\2016\20161228\MWXC09-MJBZ左坝基多点位移计周报资料.xls
FILE:2017-03-23 04:46:49,D:\AWORK\苗尾\苗尾监测数据2-28\内观资料283期\自动化内观数据\20170111\MWXC09-MJBZ左坝基多点位移计周报资料1.xls
FILE:2017-03-23 04:46:49,D:\AWORK\苗尾\苗尾监测数据2-28\内观资料283期\自动化内观数据\新建文件夹\MWXC09-MJBZ左坝基多点位移计周报资料.xls
FILE:2017-03-23 04:46:49,D:\AWORK\苗尾\苗尾监测数据2-28\内观资料283期\进水口(已移交)\进水口多点位移计.xls
FILE:2017-03-23 04:46:49,D:\AWORK\苗尾\苗尾监测数据2-28\葛洲坝\2#施工支洞\2#施工\1\多点位移计.xls
FILE:2017-03-23 04:46:49,D:\AWORK\苗尾\苗尾监测数据2-28\葛洲坝\2#施工支洞\2#施工\2\2多点位移计.xls
FILE:2017-03-23 04:46:49,D:\AWORK\苗尾\苗尾监测数据2-28\葛洲坝\2#施工支洞\2#施工\3\3多点位移计.xls
FILE:2017-03-23 04:46:49,D:\AWORK\苗尾\苗尾监测数据2-28\葛洲坝\2#施工支洞\2#施工\4\4多点位移计.xls
FILE:2017-03-23 04:46:49,D:\AWORK\苗尾\苗尾监测数据2-28\葛洲坝\冲沙兼放空洞\371-E断面\多点位移计.xls
FILE:2017-03-23 04:46:49,D:\AWORK\苗尾\苗尾监测数据2-28\葛洲坝\冲沙兼放空洞\A断面\A断面多点位移计.xls
FILE:2017-03-23 04:46:49,D:\AWORK\苗尾\苗尾监测数据2-28\葛洲坝\冲沙兼放空洞\B断面138.5\0+138.5断面多点位移计.xls
FILE:2017-03-23 04:46:49,D:\AWORK\苗尾\苗尾监测数据2-28\葛洲坝\冲沙兼放空洞\C断面364\0+364断面多点位移计.xls
FILE:2017-03-23 04:46:49,D:\AWORK\苗尾\苗尾监测数据2-28\葛洲坝\引水洞\4点位移计.xls
FILE:2017-03-23 04:46:49,D:\AWORK\苗尾\苗尾监测数据2-28\葛洲坝\引水洞\1#引水洞\1#多点位移计.xls
FILE:2017-03-23 04:46:49,D:\AWORK\苗尾\苗尾监测数据2-28\葛洲坝\引水洞\2#引水洞\2#多点位移计.xls
FILE:2017-03-23 04:46:49,D:\AWORK\苗尾\苗尾监测数据2-28\葛洲坝\引水洞\3#引水洞\3#多点位移计.xls
FILE:2017-03-23 04:46:49,D:\AWORK\苗尾\苗尾监测数据2-28\葛洲坝\引水洞\4#引水洞\4#多点位移计.xls
FILE:2017-03-23 04:46:49,D:\AWORK\苗尾\苗尾监测数据2-28\葛洲坝\引水洞\进水口边坡\多点位移计.xls
FILE:2017-03-23 04:46:49,D:\AWORK\苗尾\苗尾监测数据2-28\葛洲坝\排水廊道，灌浆廊道\三点式杆式位移计.xls
FILE:2017-03-23 04:46:49,D:\AWORK\苗尾\苗尾监测数据2-28\葛洲坝\排水廊道，灌浆廊道\四点式杆式位移计.xls
FILE:2017-03-23 04:46:49,D:\AWORK\苗尾\苗尾监测数据2-28\葛洲坝\灌溉取水交通洞\灌溉交通洞0+015\0+15多点位移计.xls
FILE:2017-03-23 04:46:49,D:\AWORK\苗尾\苗尾监测数据2-28\葛洲坝\灌溉取水交通洞\灌溉交通洞0+045\0+45多点位移计.xls
FILE:2017-03-23 04:46:49,D:\AWORK\苗尾\苗尾监测数据2-28\葛洲坝\灌溉取水交通洞\灌溉交通洞0+105.47B\0+105.47多点位移计.xls
FILE:2017-03-23 04:46:49,D:\AWORK\苗尾\苗尾监测数据2-28\葛洲坝\灌溉取水交通洞\灌溉交通洞0+131.97C\0+131.97多点位移计.xls
FILE:2017-03-23 04:46:49,D:\AWORK\苗尾\苗尾监测数据2-28\葛洲坝\灌溉取水交通洞\灌溉交通洞0+158.47D\0+158.47多点位移计.xls
FILE:2017-03-23 04:46:49,D:\AWORK\苗尾\苗尾监测数据2-28\葛洲坝\灌溉取水交通洞\灌溉交通洞0+184.97E\0+184.97多点位移计.xls
FILE:2017-03-23 04:46:49,D:\AWORK\苗尾\苗尾监测数据2-28\葛洲坝\灌溉取水交通洞\灌溉交通洞进口边坡\边坡多点位移计.xls
写入47614行测值
写入47614行成果值
写入47614行测值
写入47614行成果值
FILE:2017-03-23 04:59:24,D:\AWORK\苗尾\苗尾监测数据2-28\内观资料283期\导流隧洞观测数据第283期\导流洞\导流洞洞身段仪器\导流洞应变计.xls
FILE:2017-03-23 04:59:24,D:\AWORK\苗尾\苗尾监测数据2-28\葛洲坝\冲沙兼放空洞\冲沙洞0+279.4   A断面\A断面单向应变计.xls
FILE:2017-03-23 04:59:24,D:\AWORK\苗尾\苗尾监测数据2-28\葛洲坝\冲沙兼放空洞\冲沙洞0+380  B断面\单向应变计.xls
FILE:2017-03-23 04:59:24,D:\AWORK\苗尾\苗尾监测数据2-28\葛洲坝\厂房尾水管\1#机组单向应变计.xls
FILE:2017-03-23 04:59:24,D:\AWORK\苗尾\苗尾监测数据2-28\葛洲坝\厂房尾水管\3#机组单向应变计.xls
FILE:2017-03-23 04:59:24,D:\AWORK\苗尾\苗尾监测数据2-28\葛洲坝\厂房蜗壳\2#机蜗应变计 .xls
FILE:2017-03-23 04:59:24,D:\AWORK\苗尾\苗尾监测数据2-28\葛洲坝\厂房蜗壳\4#机蜗应变计 .xls
FILE:2017-03-23 04:59:24,D:\AWORK\苗尾\苗尾监测数据2-28\葛洲坝\引水洞\1#引水洞\1#单向应变计.xls
FILE:2017-03-23 04:59:24,D:\AWORK\苗尾\苗尾监测数据2-28\葛洲坝\引水洞\2#引水洞\2#单向应变计.xls
FILE:2017-03-23 04:59:24,D:\AWORK\苗尾\苗尾监测数据2-28\葛洲坝\引水洞\3#引水洞\3#单向应变计.xls
FILE:2017-03-23 04:59:24,D:\AWORK\苗尾\苗尾监测数据2-28\葛洲坝\引水洞\4#引水洞\4#单向应变计.xls
写入11676行测值
写入11676行成果值
FILE:2017-03-23 05:04:39,D:\AWORK\苗尾\苗尾监测数据2-28\内观资料283期\大坝\大坝垫层\无应力计.xls
FILE:2017-03-23 05:04:39,D:\AWORK\苗尾\苗尾监测数据2-28\内观资料283期\导流隧洞观测数据第283期\导流洞\导流洞洞身段仪器\导流洞无应力计.xls
写入3030行测值
写入3030行成果值
FILE:2017-03-23 05:24:02,D:\AWORK\苗尾\苗尾监测数据2-28\内观资料283期\PD20探洞（测缝计）\PD20探洞测缝计.xls
FILE:2017-03-23 05:24:02,D:\AWORK\苗尾\苗尾监测数据2-28\内观资料283期\右坝基监测\简易裂缝计\右坝基测缝计.xls
FILE:2017-03-23 05:24:02,D:\AWORK\苗尾\苗尾监测数据2-28\内观资料283期\大坝\大坝垫层\测缝计.xls
FILE:2017-03-23 05:24:02,D:\AWORK\苗尾\苗尾监测数据2-28\内观资料283期\导流隧洞观测数据第283期\导流洞\导流洞测缝计.xls
DATA:Jds2-12,56,测值异常
FILE:2017-03-23 05:24:02,D:\AWORK\苗尾\苗尾监测数据2-28\内观资料283期\导流隧洞观测数据第283期\导流洞堵头\导流洞堵头测缝计.xls
FILE:2017-03-23 05:24:02,D:\AWORK\苗尾\苗尾监测数据2-28\内观资料283期\溢洪道(已移交)\溢洪道泄槽段底板\溢洪道泄槽段底板测缝计.xls
FILE:2017-03-23 05:24:02,D:\AWORK\苗尾\苗尾监测数据2-28\内观资料283期\鲁羌隧洞（测缝计）\鲁羌隧洞测缝计.xls
FILE:2017-03-23 05:24:02,D:\AWORK\苗尾\苗尾监测数据2-28\葛洲坝\冲沙兼放空洞\冲沙洞0+279.4   A断面\A断面测缝计.xls
FILE:2017-03-23 05:24:02,D:\AWORK\苗尾\苗尾监测数据2-28\葛洲坝\冲沙兼放空洞\冲沙洞0+279.4   A断面\A断面钢管缝隙计 .xls
FILE:2017-03-23 05:24:02,D:\AWORK\苗尾\苗尾监测数据2-28\葛洲坝\冲沙兼放空洞\冲沙洞0+380  B断面\测缝计.xls
FILE:2017-03-23 05:24:02,D:\AWORK\苗尾\苗尾监测数据2-28\葛洲坝\冲沙兼放空洞\冲沙洞0+380  B断面\钢管缝隙计.xls
FILE:2017-03-23 05:24:02,D:\AWORK\苗尾\苗尾监测数据2-28\葛洲坝\厂房蜗壳\2#机蜗壳钢管缝隙计.xls
FILE:2017-03-23 05:24:02,D:\AWORK\苗尾\苗尾监测数据2-28\葛洲坝\厂房蜗壳\4#机蜗壳钢管缝隙计.xls
FILE:2017-03-23 05:24:02,D:\AWORK\苗尾\苗尾监测数据2-28\葛洲坝\引水洞\1#引水洞\1#测缝计.xls
FILE:2017-03-23 05:24:02,D:\AWORK\苗尾\苗尾监测数据2-28\葛洲坝\引水洞\1#引水洞\1#钢管缝隙计.xls
FILE:2017-03-23 05:24:02,D:\AWORK\苗尾\苗尾监测数据2-28\葛洲坝\引水洞\2#引水洞\2#测缝计.xls
FILE:2017-03-23 05:24:02,D:\AWORK\苗尾\苗尾监测数据2-28\葛洲坝\引水洞\2#引水洞\2#钢管缝隙计.xls
FILE:2017-03-23 05:24:02,D:\AWORK\苗尾\苗尾监测数据2-28\葛洲坝\引水洞\3#引水洞\3#测缝计.xls
FILE:2017-03-23 05:24:02,D:\AWORK\苗尾\苗尾监测数据2-28\葛洲坝\引水洞\3#引水洞\3#钢管缝隙计.xls
FILE:2017-03-23 05:24:02,D:\AWORK\苗尾\苗尾监测数据2-28\葛洲坝\引水洞\4#引水洞\4#测缝计.xls
FILE:2017-03-23 05:24:02,D:\AWORK\苗尾\苗尾监测数据2-28\葛洲坝\引水洞\4#引水洞\4#钢管缝隙计.xls
DATA:GFYD-C4-2,13,测值异常
FILE:2017-03-23 05:24:02,D:\AWORK\苗尾\苗尾监测数据2-28\葛洲坝\引水洞\进水口边坡\测缝计.xls
写入15397行测值
写入15397行成果值
写入15397行测值
写入15397行成果值
