FILE:2017-02-06 10:17:37,D:\AWORK\向家坝\2016.12数据\渗压计、测压管、水文孔、量水堰\水位孔\水位孔（一期）.xlsx
DATA:zOH1-1,37,数据误差超限
DATA:zOH1-1,38,数据误差超限
DATA:zOH1-1,39,数据误差超限
DATA:zOH1-1,40,数据误差超限
DATA:zOH1-1,41,数据误差超限
DATA:zOH1-1,42,数据误差超限
DATA:zOH1-1,43,数据误差超限
DATA:zOH1-1,44,数据误差超限
DATA:zOH1-1,45,数据误差超限
DATA:zOH1-1,46,数据误差超限
DATA:zOH1-1,47,数据误差超限
DATA:zOH1-1,48,数据误差超限
DATA:zOH1-1,49,数据误差超限
DATA:zOH1-1,50,数据误差超限
DATA:zOH1-1,51,数据误差超限
DATA:zOH1-1,52,数据误差超限
DATA:zOH1-1,53,数据误差超限
DATA:zOH1-1,54,数据误差超限
DATA:zOH1-2,39,数据误差超限
DATA:zOH1-2,40,数据误差超限
DATA:zOH1-2,41,数据误差超限
DATA:zOH1-2,42,数据误差超限
DATA:zOH1-2,43,数据误差超限
DATA:zOH1-2,44,数据误差超限
DATA:zOH1-2,45,数据误差超限
DATA:zOH1-2,46,数据误差超限
DATA:zOH1-2,47,数据误差超限
DATA:zOH1-2,48,数据误差超限
DATA:zOH1-2,49,数据误差超限
DATA:zOH1-2,50,数据误差超限
DATA:zOH1-2,51,数据误差超限
DATA:zOH1-2,52,数据误差超限
DATA:zOH1-2,53,数据误差超限
DATA:zOH1-2,54,数据误差超限
DATA:zOH1-2,55,数据误差超限
DATA:zOH1-2,56,数据误差超限
FILE:2017-02-06 10:17:37,D:\AWORK\向家坝\2016.12数据\渗压计、测压管、水文孔、量水堰\水位孔\水位孔（二期）.xlsx
DATA:OH1-1,7,数据误差超限
DATA:OH1-1,8,数据误差超限
DATA:OH1-1,9,数据误差超限
DATA:OH1-1,10,数据误差超限
DATA:OH1-1,11,数据误差超限
DATA:OH1-1,12,数据误差超限
DATA:OH1-1,13,数据误差超限
DATA:OH1-1,14,数据误差超限
DATA:OH1-1,15,数据误差超限
DATA:OH1-1,16,数据误差超限
DATA:OH1-1,17,数据误差超限
DATA:OH1-1,18,数据误差超限
DATA:OH1-1,19,数据误差超限
DATA:OH1-1,20,数据误差超限
DATA:OH1-1,21,数据误差超限
DATA:OH1-1,22,数据误差超限
DATA:OH1-2,7,数据误差超限
DATA:OH1-2,8,数据误差超限
DATA:OH1-2,9,数据误差超限
DATA:OH1-2,10,数据误差超限
DATA:OH1-2,11,数据误差超限
DATA:OH1-2,12,数据误差超限
DATA:OH1-2,13,数据误差超限
DATA:OH1-2,14,数据误差超限
DATA:OH1-2,15,数据误差超限
DATA:OH1-2,16,数据误差超限
DATA:OH1-2,17,数据误差超限
DATA:OH1-2,18,数据误差超限
DATA:OH1-2,19,数据误差超限
DATA:OH1-2,20,数据误差超限
DATA:OH1-3,7,数据误差超限
DATA:OH1-3,8,数据误差超限
DATA:OH1-3,9,数据误差超限
DATA:OH1-3,10,数据误差超限
DATA:OH1-3,11,数据误差超限
DATA:OH1-3,12,数据误差超限
DATA:OH1-3,13,数据误差超限
DATA:OH1-3,14,数据误差超限
DATA:OH1-3,15,数据误差超限
DATA:OH1-3,16,数据误差超限
DATA:OH1-3,17,数据误差超限
DATA:OH1-3,18,数据误差超限
DATA:OH1-3,19,数据误差超限
DATA:OH1-3,20,数据误差超限
DATA:OH1-3,221,数据误差超限
DATA:OH1-3,222,数据误差超限
DATA:OH1-3,223,数据误差超限
DATA:OH1-3,224,数据误差超限
DATA:OH1-3,225,数据误差超限
DATA:OH1-3,226,数据误差超限
DATA:OH1-3,227,数据误差超限
DATA:OH1-3,228,数据误差超限
DATA:OH1-3,229,数据误差超限
DATA:OH1-3,230,数据误差超限
DATA:OH1-4,7,数据误差超限
DATA:OH1-4,8,数据误差超限
DATA:OH1-4,9,数据误差超限
DATA:OH1-4,10,数据误差超限
DATA:OH1-4,11,数据误差超限
DATA:OH1-4,12,数据误差超限
DATA:OH1-4,13,数据误差超限
DATA:OH1-4,14,数据误差超限
DATA:OH1-4,15,数据误差超限
DATA:OH1-4,16,数据误差超限
DATA:OH1-4,17,数据误差超限
DATA:OH1-4,18,数据误差超限
DATA:OH1-4,19,数据误差超限
DATA:OH1-4,20,数据误差超限
DATA:OH1-5,7,数据误差超限
DATA:OH1-5,8,数据误差超限
DATA:OH1-5,9,数据误差超限
DATA:OH1-5,10,数据误差超限
DATA:OH1-5,11,数据误差超限
DATA:OH1-5,12,数据误差超限
DATA:OH1-5,13,数据误差超限
DATA:OH1-5,14,数据误差超限
DATA:OH1-5,15,数据误差超限
DATA:OH1-5,16,数据误差超限
DATA:OH1-5,17,数据误差超限
DATA:OH1-5,18,数据误差超限
DATA:OH1-5,19,数据误差超限
DATA:OH1-5,20,数据误差超限
DATA:OH1-5,21,数据误差超限
DATA:OH1-5,22,数据误差超限
DATA:OH1-6,7,数据误差超限
DATA:OH1-6,8,数据误差超限
DATA:OH1-6,9,数据误差超限
DATA:OH1-6,10,数据误差超限
DATA:OH1-6,11,数据误差超限
DATA:OH1-6,12,数据误差超限
DATA:OH1-6,13,数据误差超限
DATA:OH1-6,14,数据误差超限
DATA:OH1-6,15,数据误差超限
DATA:OH1-6,16,数据误差超限
DATA:OH1-6,17,数据误差超限
DATA:OH1-6,18,数据误差超限
DATA:OH1-6,19,数据误差超限
DATA:OH1-6,20,数据误差超限
DATA:OH1-7,7,数据误差超限
DATA:OH1-7,8,数据误差超限
DATA:OH1-7,9,数据误差超限
DATA:OH1-7,10,数据误差超限
DATA:OH1-7,11,数据误差超限
DATA:OH1-7,12,数据误差超限
DATA:OH1-7,13,数据误差超限
DATA:OH1-7,14,数据误差超限
DATA:OH1-7,15,数据误差超限
DATA:OH1-7,16,数据误差超限
DATA:OH1-7,17,数据误差超限
DATA:OH1-7,18,数据误差超限
DATA:OH1-7,19,数据误差超限
DATA:OH1-7,20,数据误差超限
DATA:OH1-8,7,数据误差超限
DATA:OH1-8,8,数据误差超限
DATA:OH1-8,9,数据误差超限
DATA:OH1-8,10,数据误差超限
DATA:OH1-8,11,数据误差超限
DATA:OH1-8,12,数据误差超限
DATA:OH1-8,13,数据误差超限
DATA:OH1-8,14,数据误差超限
DATA:OH1-8,15,数据误差超限
DATA:OH1-8,16,数据误差超限
DATA:OH1-8,17,数据误差超限
DATA:OH1-8,18,数据误差超限
DATA:OH1-8,19,数据误差超限
DATA:OH1-8,20,数据误差超限
DATA:OH1-8,21,数据误差超限
DATA:OH1-8,22,数据误差超限
DATA:OH1-8,65,数据误差超限
DATA:OH1-9,7,数据误差超限
DATA:OH1-9,8,数据误差超限
DATA:OH1-9,9,数据误差超限
DATA:OH1-9,10,数据误差超限
DATA:OH1-9,11,数据误差超限
DATA:OH1-9,12,数据误差超限
DATA:OH1-9,13,数据误差超限
DATA:OH1-9,14,数据误差超限
DATA:OH1-9,15,数据误差超限
DATA:OH1-9,16,数据误差超限
DATA:OH1-9,17,数据误差超限
DATA:OH1-9,18,数据误差超限
DATA:OH1-9,19,数据误差超限
DATA:OH1-9,20,数据误差超限
DATA:OH2-1,7,数据误差超限
DATA:OH2-1,8,数据误差超限
DATA:OH2-1,9,数据误差超限
DATA:OH2-1,10,数据误差超限
DATA:OH2-1,11,数据误差超限
DATA:OH2-1,12,数据误差超限
DATA:OH2-1,13,数据误差超限
DATA:OH2-1,14,数据误差超限
DATA:OH2-1,15,数据误差超限
DATA:OH2-1,16,数据误差超限
DATA:OH2-1,17,数据误差超限
DATA:OH2-1,18,数据误差超限
DATA:OH2-1,19,数据误差超限
DATA:OH2-1,20,数据误差超限
DATA:OH2-2,7,数据误差超限
DATA:OH2-2,8,数据误差超限
DATA:OH2-2,9,数据误差超限
DATA:OH2-2,10,数据误差超限
DATA:OH2-2,11,数据误差超限
DATA:OH2-2,12,数据误差超限
DATA:OH2-2,13,数据误差超限
DATA:OH2-2,14,数据误差超限
DATA:OH2-2,15,数据误差超限
DATA:OH2-2,16,数据误差超限
DATA:OH2-2,17,数据误差超限
DATA:OH2-2,18,数据误差超限
DATA:OH2-2,19,数据误差超限
DATA:OH2-2,20,数据误差超限
DATA:OH3-1,7,数据误差超限
DATA:OH3-1,8,数据误差超限
DATA:OH3-1,9,数据误差超限
DATA:OH3-1,10,数据误差超限
DATA:OH3-1,11,数据误差超限
DATA:OH3-1,12,数据误差超限
DATA:OH3-1,13,数据误差超限
DATA:OH3-1,14,数据误差超限
DATA:OH3-1,15,数据误差超限
DATA:OH3-1,16,数据误差超限
DATA:OH3-1,17,数据误差超限
DATA:OH3-1,18,数据误差超限
DATA:OH3-1,19,数据误差超限
DATA:OH3-1,20,数据误差超限
DATA:OH3-2,7,数据误差超限
DATA:OH3-2,8,数据误差超限
DATA:OH3-2,9,数据误差超限
DATA:OH3-2,10,数据误差超限
DATA:OH3-2,11,数据误差超限
DATA:OH3-2,12,数据误差超限
DATA:OH3-2,13,数据误差超限
DATA:OH3-2,14,数据误差超限
DATA:OH3-2,15,数据误差超限
DATA:OH3-2,16,数据误差超限
DATA:OH3-2,17,数据误差超限
DATA:OH3-2,18,数据误差超限
DATA:OH3-2,19,数据误差超限
DATA:OH3-2,20,数据误差超限
DATA:OH3-3,7,数据误差超限
DATA:OH3-3,8,数据误差超限
DATA:OH3-3,9,数据误差超限
DATA:OH3-3,10,数据误差超限
DATA:OH3-3,11,数据误差超限
DATA:OH3-3,12,数据误差超限
DATA:OH3-3,13,数据误差超限
DATA:OH3-3,14,数据误差超限
DATA:OH3-3,15,数据误差超限
DATA:OH3-3,16,数据误差超限
DATA:OH3-3,17,数据误差超限
DATA:OH3-3,18,数据误差超限
DATA:OH3-3,19,数据误差超限
DATA:OH3-3,20,数据误差超限
DATA:OH3-4,7,数据误差超限
DATA:OH3-4,8,数据误差超限
DATA:OH3-4,9,数据误差超限
DATA:OH3-4,10,数据误差超限
DATA:OH3-4,11,数据误差超限
DATA:OH3-4,12,数据误差超限
DATA:OH3-4,13,数据误差超限
DATA:OH3-4,14,数据误差超限
DATA:OH3-4,15,数据误差超限
DATA:OH3-4,16,数据误差超限
DATA:OH3-4,17,数据误差超限
DATA:OH3-4,18,数据误差超限
DATA:OH3-4,19,数据误差超限
DATA:OH3-4,20,数据误差超限
DATA:OH3-5,7,数据误差超限
DATA:OH3-5,8,数据误差超限
DATA:OH3-5,9,数据误差超限
DATA:OH3-5,10,数据误差超限
DATA:OH3-5,11,数据误差超限
DATA:OH3-5,12,数据误差超限
DATA:OH3-5,13,数据误差超限
DATA:OH3-5,14,数据误差超限
DATA:OH3-5,15,数据误差超限
DATA:OH3-5,16,数据误差超限
DATA:OH3-5,17,数据误差超限
DATA:OH3-5,18,数据误差超限
DATA:OH3-5,19,数据误差超限
DATA:OH3-5,20,数据误差超限
DATA:OH3-6,7,数据误差超限
DATA:OH3-6,8,数据误差超限
DATA:OH3-6,9,数据误差超限
DATA:OH3-6,10,数据误差超限
DATA:OH3-6,11,数据误差超限
DATA:OH3-6,12,数据误差超限
DATA:OH3-6,13,数据误差超限
DATA:OH3-6,14,数据误差超限
DATA:OH3-6,15,数据误差超限
DATA:OH3-6,16,数据误差超限
DATA:OH3-6,17,数据误差超限
DATA:OH3-6,18,数据误差超限
DATA:OH3-6,19,数据误差超限
DATA:OH3-6,20,数据误差超限
DATA:OH3-7,7,数据误差超限
DATA:OH3-7,8,数据误差超限
DATA:OH3-7,9,数据误差超限
DATA:OH3-7,10,数据误差超限
DATA:OH3-7,11,数据误差超限
DATA:OH3-7,12,数据误差超限
DATA:OH3-7,13,数据误差超限
DATA:OH3-7,14,数据误差超限
DATA:OH3-7,15,数据误差超限
DATA:OH3-7,16,数据误差超限
DATA:OH3-7,17,数据误差超限
DATA:OH3-7,18,数据误差超限
DATA:OH3-7,19,数据误差超限
DATA:OH3-7,20,数据误差超限
DATA:OH3-7,21,数据误差超限
DATA:OH3-8,7,数据误差超限
DATA:OH3-8,8,数据误差超限
DATA:OH3-8,9,数据误差超限
DATA:OH3-8,10,数据误差超限
DATA:OH3-8,11,数据误差超限
DATA:OH3-8,12,数据误差超限
DATA:OH3-8,13,数据误差超限
DATA:OH3-8,14,数据误差超限
DATA:OH3-8,15,数据误差超限
DATA:OH3-8,16,数据误差超限
DATA:OH3-8,17,数据误差超限
DATA:OH3-8,18,数据误差超限
DATA:OH3-8,19,数据误差超限
DATA:OH3-8,20,数据误差超限
DATA:OH3-9,7,数据误差超限
DATA:OH3-9,8,数据误差超限
DATA:OH3-9,9,数据误差超限
DATA:OH3-9,10,数据误差超限
DATA:OH3-9,11,数据误差超限
DATA:OH3-9,12,数据误差超限
DATA:OH3-9,13,数据误差超限
DATA:OH3-9,14,数据误差超限
DATA:OH3-9,15,数据误差超限
DATA:OH3-9,16,数据误差超限
DATA:OH3-9,17,数据误差超限
DATA:OH3-9,18,数据误差超限
DATA:OH3-9,19,数据误差超限
DATA:OH3-9,20,数据误差超限
DATA:OH3-9,230,观测日期有误
DATA:OH3-9,231,观测日期有误
DATA:OH4-2,7,数据误差超限
DATA:OH4-2,8,数据误差超限
DATA:OH4-2,9,数据误差超限
DATA:OH4-2,10,数据误差超限
DATA:OH4-2,11,数据误差超限
DATA:OH4-2,12,数据误差超限
DATA:OH4-2,13,数据误差超限
DATA:OH4-2,14,数据误差超限
DATA:OH4-2,15,数据误差超限
DATA:OH4-2,16,数据误差超限
DATA:OH4-2,17,数据误差超限
DATA:OH4-2,18,数据误差超限
DATA:OH4-2,19,数据误差超限
DATA:OH4-2,20,数据误差超限
DATA:OH4-2,21,数据误差超限
DATA:OH4-2,22,数据误差超限
FILE:2017-02-06 10:17:37,D:\AWORK\向家坝\2016.12数据\渗压计、测压管、水文孔、量水堰\测压管\测压管（一期）.xlsx
FILE:2017-02-06 10:17:37,D:\AWORK\向家坝\2016.12数据\渗压计、测压管、水文孔、量水堰\测压管\测压管（二期）.xlsx
DATA:OHR2-1,7,数据误差超限
DATA:OHR2-1,8,数据误差超限
DATA:OHR2-1,9,数据误差超限
DATA:OHR2-1,10,数据误差超限
DATA:OHR2-1,11,数据误差超限
DATA:OHR2-1,12,数据误差超限
DATA:OHR2-1,13,数据误差超限
DATA:OHR2-1,14,数据误差超限
DATA:OHR2-1,15,数据误差超限
DATA:OHR2-1,16,数据误差超限
DATA:OHR2-1,55,观测日期有误
DATA:OHR2-2,7,数据误差超限
DATA:OHR2-2,8,数据误差超限
DATA:OHR2-2,9,数据误差超限
DATA:OHR2-2,10,数据误差超限
DATA:OHR2-2,11,数据误差超限
DATA:OHR2-2,12,数据误差超限
DATA:OHR2-2,13,数据误差超限
DATA:OHR2-2,14,数据误差超限
DATA:OHR2-2,15,数据误差超限
DATA:OHR2-2,16,数据误差超限
FILE:2017-02-06 10:17:37,D:\AWORK\向家坝\2016.12数据\渗压计、测压管、水文孔、量水堰\渗压计\导流底孔渗压计.xlsx
FILE:2017-02-06 10:17:37,D:\AWORK\向家坝\2016.12数据\渗压计、测压管、水文孔、量水堰\渗压计\渗压计（一期）.xlsx
FILE:2017-02-06 10:17:37,D:\AWORK\向家坝\2016.12数据\渗压计、测压管、水文孔、量水堰\渗压计\渗压计（二期）-1(坝体、坝基).xlsx
DATA:PH-9,9,数据误差超限
DATA:PH-9,10,数据误差超限
DATA:PH-10,8,数据误差超限
DATA:PH-10,9,数据误差超限
DATA:PH-10,10,数据误差超限
DATA:PH-10,11,数据误差超限
DATA:PH-10,12,数据误差超限
DATA:PH-10,13,数据误差超限
DATA:PH-10,14,数据误差超限
DATA:PH-10,15,数据误差超限
DATA:PH-10,16,数据误差超限
DATA:PH-10,17,数据误差超限
DATA:PH-10,18,数据误差超限
DATA:PH-10,19,数据误差超限
DATA:PH-10,20,数据误差超限
DATA:PH-10,21,数据误差超限
DATA:PH-10,22,数据误差超限
DATA:PH-10,23,数据误差超限
DATA:PH-10,24,数据误差超限
DATA:PH-10,25,数据误差超限
DATA:PH-10,26,数据误差超限
DATA:PH-10,27,数据误差超限
DATA:PH-10,431,观测日期有误
DATA:PH-11,8,数据误差超限
DATA:PH-11,9,数据误差超限
DATA:PH-11,10,数据误差超限
DATA:PH-11,11,数据误差超限
DATA:PH-11,12,数据误差超限
DATA:PH-11,13,数据误差超限
DATA:PH-11,14,数据误差超限
DATA:PH-11,15,数据误差超限
DATA:PH-11,16,数据误差超限
DATA:PH-11,17,数据误差超限
DATA:PH-11,18,数据误差超限
DATA:PH-11,19,数据误差超限
DATA:PH-11,20,数据误差超限
DATA:PH-11,21,数据误差超限
DATA:PH-11,22,数据误差超限
DATA:PH-11,23,数据误差超限
DATA:PH-11,24,数据误差超限
DATA:PH-11,25,数据误差超限
DATA:PH-11,26,数据误差超限
DATA:PH-11,27,数据误差超限
DATA:PH-11,35,数据误差超限
DATA:PH-11,36,数据误差超限
DATA:PH-11,37,数据误差超限
DATA:PH-11,38,数据误差超限
DATA:PH-11,39,数据误差超限
DATA:PH-11,40,数据误差超限
DATA:PH-11,41,数据误差超限
DATA:PH-11,42,数据误差超限
DATA:PH-11,43,数据误差超限
DATA:PH-11,44,数据误差超限
DATA:PH-11,45,数据误差超限
DATA:PH-11,46,数据误差超限
DATA:PH-11,47,数据误差超限
DATA:PH-11,48,数据误差超限
DATA:PH-11,49,数据误差超限
DATA:PH-11,50,数据误差超限
DATA:PH-11,51,数据误差超限
DATA:PH-11,52,数据误差超限
DATA:PH-12,8,数据误差超限
DATA:PH-12,9,数据误差超限
DATA:PH-12,10,数据误差超限
DATA:PH-12,11,数据误差超限
DATA:PH-12,12,数据误差超限
DATA:PH-12,13,数据误差超限
DATA:PH-12,14,数据误差超限
DATA:PH-12,15,数据误差超限
DATA:PH-12,16,数据误差超限
DATA:PH-12,17,数据误差超限
DATA:PH-12,18,数据误差超限
DATA:PH-12,19,数据误差超限
DATA:PH-12,20,数据误差超限
DATA:PH-12,21,数据误差超限
DATA:PH-12,22,数据误差超限
DATA:PH-12,23,数据误差超限
DATA:PH-12,24,数据误差超限
DATA:PH-12,25,数据误差超限
DATA:PH-12,26,数据误差超限
DATA:PH-12,27,数据误差超限
DATA:PH-16,8,数据误差超限
DATA:PH-16,9,数据误差超限
DATA:PH-16,10,数据误差超限
DATA:PH-16,11,数据误差超限
DATA:PH-16,12,数据误差超限
DATA:PH-16,13,数据误差超限
DATA:PH-16,14,数据误差超限
DATA:PH-16,15,数据误差超限
DATA:PH-16,16,数据误差超限
DATA:PH-16,17,数据误差超限
DATA:PH-16,18,数据误差超限
DATA:PH-16,19,数据误差超限
DATA:PH-16,20,数据误差超限
DATA:PH-16,21,数据误差超限
DATA:PH-16,22,数据误差超限
DATA:PH-16,23,数据误差超限
DATA:PH-16,24,数据误差超限
DATA:PI-8,8,数据误差超限
DATA:PI-8,9,数据误差超限
DATA:PI-8,10,数据误差超限
DATA:PI-8,11,数据误差超限
DATA:PI-8,12,数据误差超限
DATA:PL-1,432,数据误差超限
DATA:PL-1,433,数据误差超限
DATA:PL-1,434,数据误差超限
DATA:PL-1,435,数据误差超限
DATA:PG-9,9,数据误差超限
DATA:PG-9,10,数据误差超限
DATA:PG-9,11,数据误差超限
DATA:PE-1,8,数据误差超限
DATA:PE-1,9,数据误差超限
DATA:PE-1,10,数据误差超限
DATA:PE-1,11,数据误差超限
DATA:PE-1,12,数据误差超限
DATA:PE-1,13,数据误差超限
DATA:PE-1,14,数据误差超限
DATA:PE-1,15,数据误差超限
DATA:PE-1,16,数据误差超限
DATA:PE-1,17,数据误差超限
DATA:PE-1,18,数据误差超限
DATA:PE-1,19,数据误差超限
DATA:PE-1,20,数据误差超限
DATA:PE-1,21,数据误差超限
DATA:PE-1,22,数据误差超限
DATA:PE-1,23,数据误差超限
DATA:PE-1,24,数据误差超限
DATA:PE-1,25,数据误差超限
DATA:PE-1,26,数据误差超限
DATA:PE-1,27,数据误差超限
DATA:PE-1,28,数据误差超限
DATA:PF-2,8,数据误差超限
DATA:P5-1补,8,数据误差超限
DATA:P5-1补,9,数据误差超限
DATA:P5-1补,10,数据误差超限
DATA:P5-1补,11,数据误差超限
DATA:P5-1补,12,数据误差超限
DATA:P5-1补,13,数据误差超限
DATA:P5-1补,14,数据误差超限
DATA:P5-1补,15,数据误差超限
DATA:P5-1补,16,数据误差超限
DATA:P5-1补,17,数据误差超限
DATA:P5-1补,18,数据误差超限
DATA:P5-1补,19,数据误差超限
DATA:P5-1补,20,数据误差超限
DATA:P5-1补,21,数据误差超限
DATA:P5-1补,22,数据误差超限
DATA:P5-1补,23,数据误差超限
FILE:2017-02-06 10:17:37,D:\AWORK\向家坝\2016.12数据\渗压计、测压管、水文孔、量水堰\渗压计\渗压计（二期）-2(坝基深孔).xlsx
DATA:PFSQ-11,9,数据误差超限
DATA:PFSQ-11,10,数据误差超限
DATA:PFSQ-11,11,数据误差超限
DATA:PFSQ-11,12,数据误差超限
DATA:PFSQ-11,13,数据误差超限
DATA:PFSQ-11,14,数据误差超限
DATA:PFSQ-11,15,数据误差超限
DATA:PFSQ-11,16,数据误差超限
DATA:PFSQ-11,17,数据误差超限
DATA:PFSQ-11,18,数据误差超限
DATA:PFSQ-11,19,数据误差超限
DATA:PFSQ-11,20,数据误差超限
DATA:PFSQ-11,21,数据误差超限
DATA:PFSQ-11,22,数据误差超限
DATA:PFSQ-11,23,数据误差超限
DATA:PFSQ-11,24,数据误差超限
DATA:PFSQ-11,25,数据误差超限
DATA:PFSQ-11,26,数据误差超限
DATA:PFSQ-11,27,数据误差超限
DATA:PFSQ-11,28,数据误差超限
DATA:PFSQ-11,29,数据误差超限
DATA:PFSQ-11,30,数据误差超限
DATA:PFSQ-11,31,数据误差超限
DATA:PFSQ-13,9,数据误差超限
DATA:PFSQ-13,10,数据误差超限
DATA:PFSQ-13,11,数据误差超限
DATA:PFSQ-13,12,数据误差超限
DATA:PFSQ-13,13,数据误差超限
DATA:PFSQ-13,14,数据误差超限
DATA:PFSQ-13,15,数据误差超限
DATA:PFSQ-13,16,数据误差超限
DATA:PFSQ-13,17,数据误差超限
DATA:PFSQ-13,18,数据误差超限
DATA:PFSQ-13,19,数据误差超限
DATA:PFSQ-13,20,数据误差超限
DATA:PFSQ-13,21,数据误差超限
DATA:PFSQ-13,22,数据误差超限
DATA:PFSQ-13,23,数据误差超限
DATA:PFSQ-13,24,数据误差超限
DATA:PFSQ-13,25,数据误差超限
DATA:PFSQ-13,26,数据误差超限
DATA:PFSQ-15,155,数据误差超限
DATA:PFSQ-15,156,数据误差超限
DATA:PFSQ-15,157,数据误差超限
DATA:PFSQ-15,158,数据误差超限
DATA:PFSQ-15,159,数据误差超限
DATA:PFSQ-15,160,数据误差超限
DATA:PFSQ-15,161,数据误差超限
DATA:PFSQ-15,162,数据误差超限
DATA:PFSQ-15,163,数据误差超限
DATA:PFSQ-15,164,数据误差超限
DATA:PFSQ-15,165,数据误差超限
DATA:PFSQ-15,166,数据误差超限
DATA:PFSQ-15,167,数据误差超限
DATA:PFSQ-17,8,数据误差超限
DATA:PFSQ-17,9,数据误差超限
DATA:PFSQ-17,10,数据误差超限
DATA:PFSQ-17,11,数据误差超限
DATA:PFSQ-17,12,数据误差超限
DATA:PFSQ-17,13,数据误差超限
DATA:PFSQ-17,14,数据误差超限
DATA:PFSQ-17,15,数据误差超限
DATA:PFSQ-17,16,数据误差超限
DATA:PFSQ-17,17,数据误差超限
DATA:PFSQ-17,18,数据误差超限
DATA:PFSQ-17,19,数据误差超限
DATA:PFSQ-17,20,数据误差超限
DATA:PFSQ-17,21,数据误差超限
DATA:PFSQ-17,22,数据误差超限
DATA:PFSQ-17,23,数据误差超限
DATA:PFSQ-17,24,数据误差超限
DATA:PFSQ-17,25,数据误差超限
DATA:PFSQ-17,26,数据误差超限
DATA:PFSQ-17,27,数据误差超限
DATA:PFSQ-17,28,数据误差超限
DATA:PFSQ-17,29,数据误差超限
DATA:PFSQ-17,30,数据误差超限
DATA:PFSQ-17,31,数据误差超限
DATA:PFSQ-17,32,数据误差超限
DATA:PFSQ-17,33,数据误差超限
DATA:PFSQ-17,34,数据误差超限
DATA:PFSQ-17,35,数据误差超限
DATA:PFSQ-17,36,数据误差超限
DATA:PFSQ-17新,8,数据误差超限
DATA:PFSQ-17新,9,数据误差超限
DATA:PFSQ-17新,10,数据误差超限
DATA:PFSQ-17新,11,数据误差超限
DATA:PFSQ-17新,12,数据误差超限
DATA:PFSQ-17新,13,数据误差超限
DATA:PFSQ-17新,14,数据误差超限
DATA:PFSQ-17新,15,数据误差超限
DATA:PFSQ-17新,16,数据误差超限
DATA:PFSQ-17新,17,数据误差超限
DATA:PFSQ-18,10,数据误差超限
DATA:PFSQ-18,11,数据误差超限
DATA:PFSQ-18,12,数据误差超限
DATA:PFSQ-18,13,数据误差超限
DATA:PFSQ-18,14,数据误差超限
DATA:PFSQ-18,15,数据误差超限
DATA:PFSQ-18,16,数据误差超限
DATA:PFSQ-18,17,数据误差超限
DATA:PFSQ-18,18,数据误差超限
DATA:PFSQ-18,19,数据误差超限
DATA:PFSQ-18,20,数据误差超限
DATA:PFSQ-18,21,数据误差超限
DATA:PFSQ-18,22,数据误差超限
DATA:PFSQ-18,23,数据误差超限
DATA:PFSQ-18,24,数据误差超限
DATA:PFSQ-18,25,数据误差超限
DATA:PFSQ-18,26,数据误差超限
DATA:PFSQ-18,27,数据误差超限
DATA:PFSQ-20,10,数据误差超限
DATA:PFSQ-20,11,数据误差超限
DATA:PFSQ-20,12,数据误差超限
DATA:PFSQ-20,13,数据误差超限
DATA:PFSQ-20,14,数据误差超限
DATA:PFSQ-20,15,数据误差超限
DATA:PFSQ-20,16,数据误差超限
DATA:PFSQ-20,17,数据误差超限
DATA:PFSQ-20,18,数据误差超限
DATA:PFSQ-20,19,数据误差超限
DATA:PFSQ-20,20,数据误差超限
DATA:PFSQ-20,21,数据误差超限
DATA:PFSQ-20,22,数据误差超限
DATA:PFSQ-20,23,数据误差超限
DATA:PFSQ-20,24,数据误差超限
DATA:PFSQ-20,25,数据误差超限
DATA:PFSQ-20,26,数据误差超限
DATA:PFSQ-20,27,数据误差超限
DATA:PFSQ-22,202,数据误差超限
DATA:PFSQ-22,203,数据误差超限
DATA:PFSQ-22,204,数据误差超限
DATA:PFSQ-22,205,数据误差超限
DATA:PFSQ-22,206,数据误差超限
DATA:PFSQ-22,207,数据误差超限
DATA:PFSQ-22,208,数据误差超限
DATA:PFSQ-22,209,数据误差超限
DATA:PFSQ-22,210,数据误差超限
DATA:PFSQ-22,211,数据误差超限
DATA:PFSQ-22,212,数据误差超限
DATA:PFSQ-22,213,数据误差超限
DATA:PFSQ-24,153,数据误差超限
DATA:PFSQ-24,154,数据误差超限
DATA:PFSQ-24补,8,数据误差超限
DATA:PFSQ-24补,9,数据误差超限
DATA:PFSQ-24补,10,数据误差超限
DATA:PFSQ-24补,11,数据误差超限
DATA:PFSQ-24补,12,数据误差超限
DATA:PFSQ-24补,13,数据误差超限
DATA:PFSQ-24补,14,数据误差超限
DATA:PFSQ-24补,15,数据误差超限
DATA:PFSQ-24补,16,数据误差超限
DATA:PFSQ-24补,17,数据误差超限
DATA:PFSQ-24补,18,数据误差超限
DATA:PFSQ-24补,19,数据误差超限
DATA:PFSQ-24补,20,数据误差超限
DATA:PFSQ-24补,21,数据误差超限
DATA:PFSQ-24补,22,数据误差超限
DATA:PFSQ-24补,23,数据误差超限
DATA:PFSQ-24补,24,数据误差超限
DATA:PFSQ-24补,25,数据误差超限
DATA:PFSQ-28补,8,数据误差超限
DATA:PFSQ-28补,9,数据误差超限
DATA:PFSQ-28补,10,数据误差超限
DATA:PFSQ-28补,11,数据误差超限
DATA:PFSQ-28补,12,数据误差超限
DATA:PFSQ-28补,13,数据误差超限
DATA:PFSQ-28补,14,数据误差超限
DATA:PFSQ-28补,15,数据误差超限
DATA:PFSQ-28补,16,数据误差超限
DATA:PFSQ-28补,17,数据误差超限
DATA:PFSQ-28补,18,数据误差超限
DATA:PFSQ-28补,19,数据误差超限
DATA:PFSQ-28补,20,数据误差超限
DATA:PFSQ-28补,21,数据误差超限
DATA:PFSQ-28补,22,数据误差超限
DATA:PFSQ-28补,23,数据误差超限
DATA:PFS-6,8,数据误差超限
DATA:PFS-6,9,数据误差超限
DATA:PFS-6,10,数据误差超限
DATA:PFS-6,11,数据误差超限
DATA:PFS-6,12,数据误差超限
DATA:PFS-6,13,数据误差超限
DATA:PFS-6,14,数据误差超限
DATA:PFS-6,15,数据误差超限
DATA:PFS-6,16,数据误差超限
DATA:PFS-6,17,数据误差超限
DATA:PFS-6,18,数据误差超限
DATA:PFS-6,19,数据误差超限
DATA:PFS-6,20,数据误差超限
DATA:PFS-6,21,数据误差超限
DATA:PFS-6,22,数据误差超限
DATA:PFS-6,23,数据误差超限
DATA:PFS-6,24,数据误差超限
DATA:PFS-6,25,数据误差超限
DATA:PFS-6,26,数据误差超限
DATA:PFS-6,27,数据误差超限
DATA:PFS-6,28,数据误差超限
DATA:PFS-6,29,数据误差超限
DATA:PFS-6,30,数据误差超限
DATA:PFS-6,31,数据误差超限
DATA:PFS-6,32,数据误差超限
DATA:PFS-6,33,数据误差超限
DATA:PFS-6,34,数据误差超限
DATA:PFS-6,35,数据误差超限
DATA:PFS-6,36,数据误差超限
DATA:PFS-10,8,数据误差超限
DATA:PFS-10,9,数据误差超限
DATA:PFS-10,10,数据误差超限
DATA:PFS-10,11,数据误差超限
DATA:PFS-10,12,数据误差超限
DATA:PFS-10,13,数据误差超限
DATA:PFS-10,14,数据误差超限
DATA:PFS-10,15,数据误差超限
DATA:PFS-10,16,数据误差超限
DATA:PFS-10,17,数据误差超限
DATA:PFS-10,18,数据误差超限
DATA:PFS-10,19,数据误差超限
DATA:PFS-10,20,数据误差超限
DATA:PFS-10,21,数据误差超限
DATA:PFS-10,22,数据误差超限
DATA:PFS-10,23,数据误差超限
DATA:PFS-10,24,数据误差超限
DATA:PFS-10,25,数据误差超限
DATA:PFS-10,26,数据误差超限
DATA:PFS-10,27,数据误差超限
DATA:PFS-10,28,数据误差超限
DATA:PFS-10,29,数据误差超限
DATA:PFS-10,30,数据误差超限
DATA:PFS-10,31,数据误差超限
DATA:PFS-10,32,数据误差超限
DATA:PFS-10,33,数据误差超限
DATA:PFS-10,34,数据误差超限
DATA:PFS-10,35,数据误差超限
DATA:PLS-2,8,数据误差超限
DATA:PLS-2,9,数据误差超限
DATA:PLS-2,10,数据误差超限
DATA:PLS-2,11,数据误差超限
DATA:PLS-2,12,数据误差超限
DATA:PLS-2,13,数据误差超限
DATA:PLS-2,14,数据误差超限
DATA:PLS-2,15,数据误差超限
DATA:PLS-2,16,数据误差超限
DATA:PLS-3,8,数据误差超限
DATA:PLS-3,9,数据误差超限
DATA:PLS-3,10,数据误差超限
DATA:PLS-3,11,数据误差超限
DATA:PLS-3,12,数据误差超限
DATA:PLS-3,13,数据误差超限
DATA:PLS-3,14,数据误差超限
DATA:PLS-3,15,数据误差超限
DATA:PLS-3,16,数据误差超限
DATA:PLS-3,17,数据误差超限
DATA:PLS-3,18,数据误差超限
DATA:PLS-3,19,数据误差超限
DATA:PLS-3,20,数据误差超限
DATA:PLS-3,21,数据误差超限
DATA:PLS-3,22,数据误差超限
DATA:PLS-6,8,数据误差超限
DATA:PLS-6,9,数据误差超限
DATA:PLS-6,10,数据误差超限
DATA:PLS-6,11,数据误差超限
DATA:PLS-6,12,数据误差超限
DATA:PLS-6,13,数据误差超限
DATA:PLS-6,14,数据误差超限
DATA:PLS-6,15,数据误差超限
DATA:PLS-6,16,数据误差超限
DATA:PLS-6,17,数据误差超限
DATA:PLS-7,8,数据误差超限
DATA:PLS-7,9,数据误差超限
DATA:PLS-7,10,数据误差超限
DATA:PLS-7,11,数据误差超限
DATA:PLS-7,12,数据误差超限
DATA:PLS-7,13,数据误差超限
DATA:PLS-7,14,数据误差超限
DATA:PLS-7,15,数据误差超限
DATA:PLS-7,16,数据误差超限
DATA:PLS-7,17,数据误差超限
DATA:PLS-7,18,数据误差超限
DATA:PLS-7,19,数据误差超限
DATA:PLS-7,20,数据误差超限
DATA:PLS-7,21,数据误差超限
DATA:PLS-7,22,数据误差超限
DATA:PLS-7,23,数据误差超限
DATA:PLS-7,24,数据误差超限
DATA:PLS-7,25,数据误差超限
DATA:PLS-9,8,数据误差超限
DATA:PLS-9,9,数据误差超限
DATA:PLS-9,10,数据误差超限
DATA:PLS-9,11,数据误差超限
DATA:PLS-9,12,数据误差超限
DATA:PLS-9,13,数据误差超限
DATA:PLS-9,14,数据误差超限
DATA:PLS-9,15,数据误差超限
DATA:PLS-9,16,数据误差超限
DATA:PLS-9,17,数据误差超限
DATA:PLS-10,8,数据误差超限
DATA:PLS-10,9,数据误差超限
DATA:PLS-10,10,数据误差超限
DATA:PLS-10,11,数据误差超限
DATA:PLS-10,12,数据误差超限
DATA:PLS-10,13,数据误差超限
DATA:PLS-10,14,数据误差超限
DATA:PLS-10,15,数据误差超限
DATA:PLS-10,16,数据误差超限
DATA:PLS-11,8,数据误差超限
DATA:PLS-11,9,数据误差超限
DATA:PLS-11,10,数据误差超限
DATA:PLS-11,11,数据误差超限
DATA:PLS-11,12,数据误差超限
DATA:PLS-11,13,数据误差超限
DATA:PLS-11,14,数据误差超限
DATA:PLS-11,15,数据误差超限
DATA:PLS-11,16,数据误差超限
DATA:PLS-11,17,数据误差超限
DATA:PLS-11,18,数据误差超限
DATA:PLS-11,19,数据误差超限
DATA:PLS-11,20,数据误差超限
DATA:PLS-12,9,数据误差超限
DATA:PLS-12,10,数据误差超限
DATA:PLS-12,11,数据误差超限
DATA:PLS-12,12,数据误差超限
DATA:PLS-12,13,数据误差超限
DATA:PLS-12,14,数据误差超限
DATA:PLS-12,15,数据误差超限
DATA:PLS-12,16,数据误差超限
DATA:PLS-12,17,数据误差超限
DATA:PLS-12,18,数据误差超限
DATA:PLS-12,19,数据误差超限
DATA:PLS-12,20,数据误差超限
DATA:PLS-12,21,数据误差超限
DATA:PLS-12,22,数据误差超限
DATA:PLS-12,23,数据误差超限
DATA:PLS-12,24,数据误差超限
DATA:PLS-12,25,数据误差超限
DATA:PLS-12,26,数据误差超限
DATA:PLS-12,27,数据误差超限
DATA:PLS-12,28,数据误差超限
DATA:PLS-12,29,数据误差超限
DATA:PLS-12,30,数据误差超限
DATA:PLS-12,31,数据误差超限
DATA:PLS-12,32,数据误差超限
DATA:PLS-12,33,数据误差超限
DATA:PLS-12,34,数据误差超限
DATA:PLS-12,35,数据误差超限
DATA:PLS-12,36,数据误差超限
DATA:PLS-17,330,观测日期有误
DATA:PHS-3,9,数据误差超限
DATA:PHS-3,10,数据误差超限
DATA:PHS-3,11,数据误差超限
DATA:PHS-3,12,数据误差超限
DATA:PHS-3,13,数据误差超限
DATA:PHS-3,14,数据误差超限
DATA:PHS-3,15,数据误差超限
DATA:PHS-3,16,数据误差超限
DATA:PHS-3,17,数据误差超限
DATA:PHS-3,18,数据误差超限
DATA:PHS-3,19,数据误差超限
DATA:PHS-3,20,数据误差超限
DATA:PHS-3,21,数据误差超限
DATA:PHS-3,22,数据误差超限
DATA:PHS-3,23,数据误差超限
DATA:PHS-3,24,数据误差超限
DATA:PHS-3,25,数据误差超限
DATA:PHS-3,26,数据误差超限
DATA:PHS-3,27,数据误差超限
DATA:PHS-3,28,数据误差超限
DATA:PHS-3,29,数据误差超限
DATA:PHS-3,30,数据误差超限
DATA:PHS-3,31,数据误差超限
DATA:PHS-3,32,数据误差超限
DATA:PHS-3,33,数据误差超限
DATA:PHS-3,34,数据误差超限
DATA:PHS-3,35,数据误差超限
DATA:PHS-3,36,数据误差超限
DATA:PHS-3,37,数据误差超限
DATA:PHS-3,38,数据误差超限
DATA:PHS-3,39,数据误差超限
DATA:PHS-3,40,数据误差超限
DATA:PHS-3,41,数据误差超限
DATA:PHS-3,42,数据误差超限
DATA:PHS-3,43,数据误差超限
DATA:PHS-3,44,数据误差超限
DATA:PHS-3,45,数据误差超限
DATA:PHS-3,46,数据误差超限
DATA:PHS-3,47,数据误差超限
DATA:PHS-3,48,数据误差超限
DATA:PHS-3,49,数据误差超限
DATA:PHS-3,50,数据误差超限
DATA:PHS-4,9,数据误差超限
DATA:PHS-4,10,数据误差超限
DATA:PHS-4,11,数据误差超限
DATA:PHS-4,12,数据误差超限
DATA:PHS-4,13,数据误差超限
DATA:PHS-4,14,数据误差超限
DATA:PHS-4,15,数据误差超限
DATA:PHS-4,16,数据误差超限
DATA:PHS-4,17,数据误差超限
DATA:PHS-4,18,数据误差超限
DATA:PHS-4,19,数据误差超限
DATA:PHS-4,20,数据误差超限
DATA:PHS-4,21,数据误差超限
DATA:PHS-4,22,数据误差超限
DATA:PHS-4,23,数据误差超限
DATA:PHS-4,24,数据误差超限
DATA:PHS-4,25,数据误差超限
DATA:PHS-4,26,数据误差超限
DATA:PHS-4,27,数据误差超限
DATA:PHS-4,28,数据误差超限
DATA:PHS-4,29,数据误差超限
DATA:PHS-4,30,数据误差超限
DATA:PHS-4,31,数据误差超限
DATA:PHS-4,32,数据误差超限
DATA:PHS-4,33,数据误差超限
DATA:PHS-4,34,数据误差超限
DATA:PHS-4,35,数据误差超限
DATA:PHS-4,36,数据误差超限
DATA:PHS-4,37,数据误差超限
DATA:PHS-4,38,数据误差超限
DATA:PHS-4,39,数据误差超限
DATA:PHS-4,40,数据误差超限
DATA:PHS-4,41,数据误差超限
DATA:PHS-4,42,数据误差超限
DATA:PHS-4,43,数据误差超限
DATA:PHS-4,44,数据误差超限
DATA:PHS-4,45,数据误差超限
DATA:PHS-4,46,数据误差超限
DATA:PHS-4,47,数据误差超限
DATA:PHS-4,48,数据误差超限
DATA:PHS-4,49,数据误差超限
DATA:PHS-4,50,数据误差超限
DATA:PHS-7,8,数据误差超限
DATA:PHS-7,9,数据误差超限
DATA:PHS-7,10,数据误差超限
DATA:PHS-7,11,数据误差超限
DATA:PHS-7,12,数据误差超限
DATA:PHS-7,13,数据误差超限
DATA:PHS-7,14,数据误差超限
DATA:PHS-7,15,数据误差超限
DATA:PHS-9,9,数据误差超限
DATA:PHS-9,10,数据误差超限
DATA:PHS-9,11,数据误差超限
DATA:PHS-9,12,数据误差超限
DATA:PHS-9,13,数据误差超限
DATA:PHS-9,14,数据误差超限
DATA:PHS-9,15,数据误差超限
DATA:PHS-9,16,数据误差超限
DATA:PHS-9,17,数据误差超限
DATA:PHS-9,18,数据误差超限
DATA:PHS-9,19,数据误差超限
DATA:PHS-9,20,数据误差超限
DATA:PHS-9,21,数据误差超限
DATA:PHS-9,22,数据误差超限
DATA:PHS-9,23,数据误差超限
DATA:PHS-9,24,数据误差超限
DATA:PHS-9,25,数据误差超限
DATA:PHS-9,26,数据误差超限
DATA:PHS-9,27,数据误差超限
DATA:PHS-9,28,数据误差超限
DATA:PHS-9,29,数据误差超限
DATA:PHS-9,30,数据误差超限
DATA:PHS-9,31,数据误差超限
DATA:PHS-9,32,数据误差超限
DATA:PHS-9,33,数据误差超限
DATA:PHS-9,34,数据误差超限
DATA:PHS-9,35,数据误差超限
DATA:PHS-9,36,数据误差超限
DATA:PHS-9,37,数据误差超限
DATA:PHS-9,38,数据误差超限
DATA:PHS-9,39,数据误差超限
DATA:PHS-10,9,数据误差超限
DATA:PHS-10,10,数据误差超限
DATA:PHS-10,11,数据误差超限
DATA:PHS-10,12,数据误差超限
DATA:PHS-10,13,数据误差超限
DATA:PHS-10,14,数据误差超限
DATA:PHS-10,15,数据误差超限
DATA:PHS-10,16,数据误差超限
DATA:PHS-10,17,数据误差超限
DATA:PHS-10,18,数据误差超限
DATA:PHS-10,19,数据误差超限
DATA:PHS-10,20,数据误差超限
DATA:PHS-10,21,数据误差超限
DATA:PHS-10,22,数据误差超限
DATA:PHS-10,23,数据误差超限
DATA:PHS-10,24,数据误差超限
DATA:PHS-10,25,数据误差超限
DATA:PHS-10,26,数据误差超限
DATA:PHS-10,27,数据误差超限
DATA:PHS-10,28,数据误差超限
DATA:PHS-10,29,数据误差超限
DATA:PHS-10,30,数据误差超限
DATA:PHS-10,31,数据误差超限
DATA:PHS-10,32,数据误差超限
DATA:PHS-10,33,数据误差超限
DATA:PHS-10,34,数据误差超限
DATA:PHS-10,35,数据误差超限
DATA:PHS-10,36,数据误差超限
DATA:PHS-10,37,数据误差超限
DATA:PHS-10,38,数据误差超限
DATA:PHS-10,39,数据误差超限
DATA:PHS-12,8,数据误差超限
DATA:PHS-12,9,数据误差超限
DATA:PHS-12,10,数据误差超限
DATA:PHS-12,11,数据误差超限
DATA:PHS-12,12,数据误差超限
DATA:PHS-12,13,数据误差超限
DATA:PHS-12,14,数据误差超限
DATA:PHS-12,15,数据误差超限
DATA:PHS-12,16,数据误差超限
DATA:PHS-12,17,数据误差超限
DATA:PHS-12,18,数据误差超限
DATA:PHS-12,19,数据误差超限
DATA:PHS-12,20,数据误差超限
DATA:PHS-12,21,数据误差超限
DATA:PHS-12,22,数据误差超限
DATA:PHS-12,23,数据误差超限
DATA:PHS-12,24,数据误差超限
DATA:PHS-12,25,数据误差超限
DATA:PHS-12,26,数据误差超限
DATA:PHS-12,27,数据误差超限
DATA:PHS-12,28,数据误差超限
DATA:PHS-12,29,数据误差超限
DATA:PHS-12,30,数据误差超限
DATA:PHS-12,31,数据误差超限
DATA:PHS-12,32,数据误差超限
DATA:PHS-12,33,数据误差超限
DATA:PHS-12,34,数据误差超限
DATA:PHS-12,35,数据误差超限
DATA:PHS-12,36,数据误差超限
DATA:PHS-12,37,数据误差超限
DATA:PHS-12,38,数据误差超限
DATA:PHS-12,430,观测日期有误
DATA:PHS-12,431,观测日期有误
DATA:PHS-13,8,数据误差超限
DATA:PHS-13,9,数据误差超限
DATA:PHS-13,10,数据误差超限
DATA:PHS-13,11,数据误差超限
DATA:PHS-13,12,数据误差超限
DATA:PHS-13,13,数据误差超限
DATA:PHS-13,14,数据误差超限
DATA:PHS-13,15,数据误差超限
DATA:PHS-13,16,数据误差超限
DATA:PHS-13,17,数据误差超限
DATA:PHS-13,18,数据误差超限
DATA:PHS-13,19,数据误差超限
DATA:PHS-13,20,数据误差超限
DATA:PHS-13,21,数据误差超限
DATA:PHS-13,22,数据误差超限
DATA:PHS-13,23,数据误差超限
DATA:PHS-13,24,数据误差超限
DATA:PHS-13,25,数据误差超限
DATA:PHS-13,26,数据误差超限
DATA:PHS-13,27,数据误差超限
DATA:PHS-13,28,数据误差超限
DATA:PHS-13,29,数据误差超限
DATA:PHS-13,30,数据误差超限
DATA:PHS-13,31,数据误差超限
DATA:PHS-13,32,数据误差超限
DATA:PHS-13,33,数据误差超限
DATA:PHS-13,34,数据误差超限
DATA:PHS-13,35,数据误差超限
DATA:PHS-13,36,数据误差超限
DATA:PHS-13,37,数据误差超限
DATA:PHS-13,38,数据误差超限
DATA:PHS-13,39,数据误差超限
DATA:PHS-13,40,数据误差超限
FILE:2017-02-06 10:20:02,D:\AWORK\向家坝\2016.12数据\渗压计、测压管、水文孔、量水堰\水位孔\水位孔（一期）.xlsx
FILE:2017-02-06 10:20:02,D:\AWORK\向家坝\2016.12数据\渗压计、测压管、水文孔、量水堰\水位孔\水位孔（二期）.xlsx
DATA:OH1-1,7,数据误差超限
DATA:OH1-1,8,数据误差超限
DATA:OH1-1,9,数据误差超限
DATA:OH1-1,10,数据误差超限
DATA:OH1-1,11,数据误差超限
DATA:OH1-1,12,数据误差超限
DATA:OH1-1,13,数据误差超限
DATA:OH1-1,14,数据误差超限
DATA:OH1-1,15,数据误差超限
DATA:OH1-1,16,数据误差超限
DATA:OH1-1,17,数据误差超限
DATA:OH1-1,18,数据误差超限
DATA:OH1-1,19,数据误差超限
DATA:OH1-1,20,数据误差超限
DATA:OH1-1,21,数据误差超限
DATA:OH1-1,22,数据误差超限
DATA:OH1-3,7,数据误差超限
DATA:OH1-3,8,数据误差超限
DATA:OH1-3,9,数据误差超限
DATA:OH1-3,10,数据误差超限
DATA:OH1-3,11,数据误差超限
DATA:OH1-3,12,数据误差超限
DATA:OH1-3,13,数据误差超限
DATA:OH1-3,14,数据误差超限
DATA:OH1-3,15,数据误差超限
DATA:OH1-3,16,数据误差超限
DATA:OH1-3,17,数据误差超限
DATA:OH1-3,18,数据误差超限
DATA:OH1-3,19,数据误差超限
DATA:OH1-3,20,数据误差超限
DATA:OH1-4,7,数据误差超限
DATA:OH1-4,8,数据误差超限
DATA:OH1-4,9,数据误差超限
DATA:OH1-4,10,数据误差超限
DATA:OH1-4,11,数据误差超限
DATA:OH1-4,12,数据误差超限
DATA:OH1-4,13,数据误差超限
DATA:OH1-4,14,数据误差超限
DATA:OH1-4,15,数据误差超限
DATA:OH1-4,16,数据误差超限
DATA:OH1-4,17,数据误差超限
DATA:OH1-4,18,数据误差超限
DATA:OH1-4,19,数据误差超限
DATA:OH1-4,20,数据误差超限
DATA:OH1-5,7,数据误差超限
DATA:OH1-5,8,数据误差超限
DATA:OH1-5,9,数据误差超限
DATA:OH1-5,10,数据误差超限
DATA:OH1-5,11,数据误差超限
DATA:OH1-5,12,数据误差超限
DATA:OH1-5,13,数据误差超限
DATA:OH1-5,14,数据误差超限
DATA:OH1-5,15,数据误差超限
DATA:OH1-5,16,数据误差超限
DATA:OH1-5,17,数据误差超限
DATA:OH1-5,18,数据误差超限
DATA:OH1-5,19,数据误差超限
DATA:OH1-5,20,数据误差超限
DATA:OH1-5,21,数据误差超限
DATA:OH1-5,22,数据误差超限
DATA:OH1-6,7,数据误差超限
DATA:OH1-6,8,数据误差超限
DATA:OH1-6,9,数据误差超限
DATA:OH1-6,10,数据误差超限
DATA:OH1-6,11,数据误差超限
DATA:OH1-6,12,数据误差超限
DATA:OH1-6,13,数据误差超限
DATA:OH1-6,14,数据误差超限
DATA:OH1-6,15,数据误差超限
DATA:OH1-6,16,数据误差超限
DATA:OH1-6,17,数据误差超限
DATA:OH1-6,18,数据误差超限
DATA:OH1-6,19,数据误差超限
DATA:OH1-6,20,数据误差超限
DATA:OH1-9,7,数据误差超限
DATA:OH1-9,8,数据误差超限
DATA:OH1-9,9,数据误差超限
DATA:OH1-9,10,数据误差超限
DATA:OH1-9,11,数据误差超限
DATA:OH1-9,12,数据误差超限
DATA:OH1-9,13,数据误差超限
DATA:OH1-9,14,数据误差超限
DATA:OH1-9,15,数据误差超限
DATA:OH1-9,16,数据误差超限
DATA:OH1-9,17,数据误差超限
DATA:OH1-9,18,数据误差超限
DATA:OH1-9,19,数据误差超限
DATA:OH1-9,20,数据误差超限
DATA:OH2-1,7,数据误差超限
DATA:OH2-1,8,数据误差超限
DATA:OH2-1,9,数据误差超限
DATA:OH2-1,10,数据误差超限
DATA:OH2-1,11,数据误差超限
DATA:OH2-1,12,数据误差超限
DATA:OH2-1,13,数据误差超限
DATA:OH2-1,14,数据误差超限
DATA:OH2-1,15,数据误差超限
DATA:OH2-1,16,数据误差超限
DATA:OH2-1,17,数据误差超限
DATA:OH2-1,18,数据误差超限
DATA:OH2-1,19,数据误差超限
DATA:OH2-1,20,数据误差超限
DATA:OH2-2,7,数据误差超限
DATA:OH2-2,8,数据误差超限
DATA:OH2-2,9,数据误差超限
DATA:OH2-2,10,数据误差超限
DATA:OH2-2,11,数据误差超限
DATA:OH2-2,12,数据误差超限
DATA:OH2-2,13,数据误差超限
DATA:OH2-2,14,数据误差超限
DATA:OH2-2,15,数据误差超限
DATA:OH2-2,16,数据误差超限
DATA:OH2-2,17,数据误差超限
DATA:OH2-2,18,数据误差超限
DATA:OH2-2,19,数据误差超限
DATA:OH2-2,20,数据误差超限
DATA:OH3-9,230,观测日期有误
DATA:OH3-9,231,观测日期有误
FILE:2017-02-06 10:20:02,D:\AWORK\向家坝\2016.12数据\渗压计、测压管、水文孔、量水堰\测压管\测压管（一期）.xlsx
FILE:2017-02-06 10:20:02,D:\AWORK\向家坝\2016.12数据\渗压计、测压管、水文孔、量水堰\测压管\测压管（二期）.xlsx
DATA:OHR2-1,55,观测日期有误
FILE:2017-02-06 10:20:02,D:\AWORK\向家坝\2016.12数据\渗压计、测压管、水文孔、量水堰\渗压计\导流底孔渗压计.xlsx
FILE:2017-02-06 10:20:02,D:\AWORK\向家坝\2016.12数据\渗压计、测压管、水文孔、量水堰\渗压计\渗压计（一期）.xlsx
FILE:2017-02-06 10:20:02,D:\AWORK\向家坝\2016.12数据\渗压计、测压管、水文孔、量水堰\渗压计\渗压计（二期）-1(坝体、坝基).xlsx
DATA:PH-10,431,观测日期有误
DATA:PL-1,432,数据误差超限
DATA:PL-1,433,数据误差超限
DATA:PL-1,434,数据误差超限
DATA:PL-1,435,数据误差超限
FILE:2017-02-06 10:20:02,D:\AWORK\向家坝\2016.12数据\渗压计、测压管、水文孔、量水堰\渗压计\渗压计（二期）-2(坝基深孔).xlsx
DATA:PFSQ-22,202,数据误差超限
DATA:PFSQ-22,203,数据误差超限
DATA:PFSQ-22,204,数据误差超限
DATA:PFSQ-22,205,数据误差超限
DATA:PFSQ-22,206,数据误差超限
DATA:PFSQ-22,207,数据误差超限
DATA:PFSQ-22,208,数据误差超限
DATA:PFSQ-22,209,数据误差超限
DATA:PFSQ-22,210,数据误差超限
DATA:PFSQ-22,211,数据误差超限
DATA:PFSQ-22,212,数据误差超限
DATA:PFSQ-22,213,数据误差超限
DATA:PFSQ-24,153,数据误差超限
DATA:PFSQ-24,154,数据误差超限
DATA:PLS-17,330,观测日期有误
DATA:PHS-12,430,观测日期有误
DATA:PHS-12,431,观测日期有误
FILE:2017-02-06 10:29:16,D:\AWORK\向家坝\2016.12数据\渗压计、测压管、水文孔、量水堰\水位孔\水位孔（一期）.xlsx
FILE:2017-02-06 10:29:16,D:\AWORK\向家坝\2016.12数据\渗压计、测压管、水文孔、量水堰\水位孔\水位孔（二期）.xlsx
DATA:OH1-1,7,数据误差超限
DATA:OH1-1,8,数据误差超限
DATA:OH1-1,9,数据误差超限
DATA:OH1-1,10,数据误差超限
DATA:OH1-1,11,数据误差超限
DATA:OH1-1,12,数据误差超限
DATA:OH1-1,13,数据误差超限
DATA:OH1-1,14,数据误差超限
DATA:OH1-1,15,数据误差超限
DATA:OH1-1,16,数据误差超限
DATA:OH1-1,17,数据误差超限
DATA:OH1-1,18,数据误差超限
DATA:OH1-1,19,数据误差超限
DATA:OH1-1,20,数据误差超限
DATA:OH1-1,21,数据误差超限
DATA:OH1-1,22,数据误差超限
DATA:OH2-1,7,数据误差超限
DATA:OH2-1,8,数据误差超限
DATA:OH2-1,9,数据误差超限
DATA:OH2-1,10,数据误差超限
DATA:OH2-1,11,数据误差超限
DATA:OH2-1,12,数据误差超限
DATA:OH2-1,13,数据误差超限
DATA:OH2-1,14,数据误差超限
DATA:OH2-1,15,数据误差超限
DATA:OH3-9,230,观测日期有误
DATA:OH3-9,231,观测日期有误
FILE:2017-02-06 10:29:16,D:\AWORK\向家坝\2016.12数据\渗压计、测压管、水文孔、量水堰\测压管\测压管（一期）.xlsx
FILE:2017-02-06 10:29:16,D:\AWORK\向家坝\2016.12数据\渗压计、测压管、水文孔、量水堰\测压管\测压管（二期）.xlsx
DATA:OHR2-1,55,观测日期有误
FILE:2017-02-06 10:29:16,D:\AWORK\向家坝\2016.12数据\渗压计、测压管、水文孔、量水堰\渗压计\导流底孔渗压计.xlsx
FILE:2017-02-06 10:29:16,D:\AWORK\向家坝\2016.12数据\渗压计、测压管、水文孔、量水堰\渗压计\渗压计（一期）.xlsx
FILE:2017-02-06 10:29:16,D:\AWORK\向家坝\2016.12数据\渗压计、测压管、水文孔、量水堰\渗压计\渗压计（二期）-1(坝体、坝基).xlsx
DATA:PH-10,431,观测日期有误
DATA:PL-1,432,数据误差超限
DATA:PL-1,433,数据误差超限
DATA:PL-1,434,数据误差超限
DATA:PL-1,435,数据误差超限
FILE:2017-02-06 10:29:16,D:\AWORK\向家坝\2016.12数据\渗压计、测压管、水文孔、量水堰\渗压计\渗压计（二期）-2(坝基深孔).xlsx
DATA:PFSQ-22,202,数据误差超限
DATA:PFSQ-22,203,数据误差超限
DATA:PFSQ-22,204,数据误差超限
DATA:PFSQ-22,205,数据误差超限
DATA:PFSQ-22,206,数据误差超限
DATA:PFSQ-22,207,数据误差超限
DATA:PFSQ-22,208,数据误差超限
DATA:PFSQ-22,209,数据误差超限
DATA:PFSQ-22,210,数据误差超限
DATA:PFSQ-22,211,数据误差超限
DATA:PFSQ-22,212,数据误差超限
DATA:PFSQ-22,213,数据误差超限
DATA:PLS-17,330,观测日期有误
DATA:PHS-12,430,观测日期有误
DATA:PHS-12,431,观测日期有误
写入0行测值
FILE:2017-02-06 10:37:21,D:\AWORK\向家坝\2016.12数据\渗压计、测压管、水文孔、量水堰\水位孔\水位孔（一期）.xlsx
FILE:2017-02-06 10:37:21,D:\AWORK\向家坝\2016.12数据\渗压计、测压管、水文孔、量水堰\水位孔\水位孔（二期）.xlsx
DATA:OH1-1,7,数据误差超限
DATA:OH1-1,8,数据误差超限
DATA:OH1-1,9,数据误差超限
DATA:OH1-1,10,数据误差超限
DATA:OH1-1,11,数据误差超限
DATA:OH1-1,12,数据误差超限
DATA:OH1-1,13,数据误差超限
DATA:OH1-1,14,数据误差超限
DATA:OH1-1,15,数据误差超限
DATA:OH1-1,16,数据误差超限
DATA:OH1-1,17,数据误差超限
DATA:OH1-1,18,数据误差超限
DATA:OH1-1,19,数据误差超限
DATA:OH1-1,20,数据误差超限
DATA:OH1-1,21,数据误差超限
DATA:OH1-1,22,数据误差超限
DATA:OH2-1,7,数据误差超限
DATA:OH2-1,8,数据误差超限
DATA:OH2-1,9,数据误差超限
DATA:OH2-1,10,数据误差超限
DATA:OH2-1,11,数据误差超限
DATA:OH2-1,12,数据误差超限
DATA:OH2-1,13,数据误差超限
DATA:OH2-1,14,数据误差超限
DATA:OH2-1,15,数据误差超限
DATA:OH3-9,230,观测日期有误
DATA:OH3-9,231,观测日期有误
FILE:2017-02-06 10:37:21,D:\AWORK\向家坝\2016.12数据\渗压计、测压管、水文孔、量水堰\测压管\测压管（一期）.xlsx
FILE:2017-02-06 10:37:21,D:\AWORK\向家坝\2016.12数据\渗压计、测压管、水文孔、量水堰\测压管\测压管（二期）.xlsx
DATA:OHR2-1,55,观测日期有误
FILE:2017-02-06 10:37:21,D:\AWORK\向家坝\2016.12数据\渗压计、测压管、水文孔、量水堰\渗压计\导流底孔渗压计.xlsx
FILE:2017-02-06 10:37:21,D:\AWORK\向家坝\2016.12数据\渗压计、测压管、水文孔、量水堰\渗压计\渗压计（一期）.xlsx
FILE:2017-02-06 10:37:21,D:\AWORK\向家坝\2016.12数据\渗压计、测压管、水文孔、量水堰\渗压计\渗压计（二期）-1(坝体、坝基).xlsx
DATA:PH-10,431,观测日期有误
DATA:PL-1,432,数据误差超限
DATA:PL-1,433,数据误差超限
DATA:PL-1,434,数据误差超限
DATA:PL-1,435,数据误差超限
FILE:2017-02-06 10:37:21,D:\AWORK\向家坝\2016.12数据\渗压计、测压管、水文孔、量水堰\渗压计\渗压计（二期）-2(坝基深孔).xlsx
DATA:PFSQ-22,202,数据误差超限
DATA:PFSQ-22,203,数据误差超限
DATA:PFSQ-22,204,数据误差超限
DATA:PFSQ-22,205,数据误差超限
DATA:PFSQ-22,206,数据误差超限
DATA:PFSQ-22,207,数据误差超限
DATA:PFSQ-22,208,数据误差超限
DATA:PFSQ-22,209,数据误差超限
DATA:PFSQ-22,210,数据误差超限
DATA:PFSQ-22,211,数据误差超限
DATA:PFSQ-22,212,数据误差超限
DATA:PFSQ-22,213,数据误差超限
DATA:PLS-17,330,观测日期有误
DATA:PHS-12,430,观测日期有误
DATA:PHS-12,431,观测日期有误
写入0行测值
写入0行测值
FILE:2017-02-06 10:55:26,D:\AWORK\向家坝\2016.12数据\渗压计、测压管、水文孔、量水堰\水位孔\水位孔（一期）.xlsx
FILE:2017-02-06 10:55:26,D:\AWORK\向家坝\2016.12数据\渗压计、测压管、水文孔、量水堰\水位孔\水位孔（二期）.xlsx
DATA:OH1-1,7,数据误差超限
DATA:OH1-1,8,数据误差超限
DATA:OH1-1,9,数据误差超限
DATA:OH1-1,10,数据误差超限
DATA:OH1-1,11,数据误差超限
DATA:OH1-1,12,数据误差超限
DATA:OH1-1,13,数据误差超限
DATA:OH1-1,14,数据误差超限
DATA:OH1-1,15,数据误差超限
DATA:OH1-1,16,数据误差超限
DATA:OH1-1,17,数据误差超限
DATA:OH1-1,18,数据误差超限
DATA:OH1-1,19,数据误差超限
DATA:OH1-1,20,数据误差超限
DATA:OH1-1,21,数据误差超限
DATA:OH1-1,22,数据误差超限
DATA:OH2-1,7,数据误差超限
DATA:OH2-1,8,数据误差超限
DATA:OH2-1,9,数据误差超限
DATA:OH2-1,10,数据误差超限
DATA:OH2-1,11,数据误差超限
DATA:OH2-1,12,数据误差超限
DATA:OH2-1,13,数据误差超限
DATA:OH2-1,14,数据误差超限
DATA:OH2-1,15,数据误差超限
DATA:OH3-9,230,观测日期有误
DATA:OH3-9,231,观测日期有误
FILE:2017-02-06 10:55:26,D:\AWORK\向家坝\2016.12数据\渗压计、测压管、水文孔、量水堰\测压管\测压管（一期）.xlsx
FILE:2017-02-06 10:55:26,D:\AWORK\向家坝\2016.12数据\渗压计、测压管、水文孔、量水堰\测压管\测压管（二期）.xlsx
DATA:OHR2-1,55,观测日期有误
FILE:2017-02-06 10:55:26,D:\AWORK\向家坝\2016.12数据\渗压计、测压管、水文孔、量水堰\渗压计\导流底孔渗压计.xlsx
FILE:2017-02-06 10:55:26,D:\AWORK\向家坝\2016.12数据\渗压计、测压管、水文孔、量水堰\渗压计\渗压计（一期）.xlsx
FILE:2017-02-06 10:55:26,D:\AWORK\向家坝\2016.12数据\渗压计、测压管、水文孔、量水堰\渗压计\渗压计（二期）-1(坝体、坝基).xlsx
DATA:PH-10,431,观测日期有误
DATA:PL-1,432,数据误差超限
DATA:PL-1,433,数据误差超限
DATA:PL-1,434,数据误差超限
DATA:PL-1,435,数据误差超限
FILE:2017-02-06 10:55:26,D:\AWORK\向家坝\2016.12数据\渗压计、测压管、水文孔、量水堰\渗压计\渗压计（二期）-2(坝基深孔).xlsx
DATA:PFSQ-22,202,数据误差超限
DATA:PFSQ-22,203,数据误差超限
DATA:PFSQ-22,204,数据误差超限
DATA:PFSQ-22,205,数据误差超限
DATA:PFSQ-22,206,数据误差超限
DATA:PFSQ-22,207,数据误差超限
DATA:PFSQ-22,208,数据误差超限
DATA:PFSQ-22,209,数据误差超限
DATA:PFSQ-22,210,数据误差超限
DATA:PFSQ-22,211,数据误差超限
DATA:PFSQ-22,212,数据误差超限
DATA:PFSQ-22,213,数据误差超限
DATA:PLS-17,330,观测日期有误
DATA:PHS-12,430,观测日期有误
DATA:PHS-12,431,观测日期有误
写入0行测值
写入0行测值
写入0行测值
FILE:2017-02-06 10:59:51,D:\AWORK\向家坝\2016.12数据\渗压计、测压管、水文孔、量水堰\水位孔\水位孔（一期）.xlsx
FILE:2017-02-06 10:59:51,D:\AWORK\向家坝\2016.12数据\渗压计、测压管、水文孔、量水堰\水位孔\水位孔（二期）.xlsx
DATA:OH1-1,7,数据误差超限
DATA:OH1-1,8,数据误差超限
DATA:OH1-1,9,数据误差超限
DATA:OH1-1,10,数据误差超限
DATA:OH1-1,11,数据误差超限
DATA:OH1-1,12,数据误差超限
DATA:OH1-1,13,数据误差超限
DATA:OH1-1,14,数据误差超限
DATA:OH1-1,15,数据误差超限
DATA:OH1-1,16,数据误差超限
DATA:OH1-1,17,数据误差超限
DATA:OH1-1,18,数据误差超限
DATA:OH1-1,19,数据误差超限
DATA:OH1-1,20,数据误差超限
DATA:OH1-1,21,数据误差超限
DATA:OH1-1,22,数据误差超限
DATA:OH2-1,7,数据误差超限
DATA:OH2-1,8,数据误差超限
DATA:OH2-1,9,数据误差超限
DATA:OH2-1,10,数据误差超限
DATA:OH2-1,11,数据误差超限
DATA:OH2-1,12,数据误差超限
DATA:OH2-1,13,数据误差超限
DATA:OH2-1,14,数据误差超限
DATA:OH2-1,15,数据误差超限
DATA:OH3-9,230,观测日期有误
DATA:OH3-9,231,观测日期有误
FILE:2017-02-06 10:59:51,D:\AWORK\向家坝\2016.12数据\渗压计、测压管、水文孔、量水堰\测压管\测压管（一期）.xlsx
FILE:2017-02-06 10:59:51,D:\AWORK\向家坝\2016.12数据\渗压计、测压管、水文孔、量水堰\测压管\测压管（二期）.xlsx
DATA:OHR2-1,55,观测日期有误
FILE:2017-02-06 10:59:51,D:\AWORK\向家坝\2016.12数据\渗压计、测压管、水文孔、量水堰\渗压计\导流底孔渗压计.xlsx
FILE:2017-02-06 10:59:51,D:\AWORK\向家坝\2016.12数据\渗压计、测压管、水文孔、量水堰\渗压计\渗压计（一期）.xlsx
FILE:2017-02-06 10:59:51,D:\AWORK\向家坝\2016.12数据\渗压计、测压管、水文孔、量水堰\渗压计\渗压计（二期）-1(坝体、坝基).xlsx
DATA:PH-10,431,观测日期有误
DATA:PL-1,432,数据误差超限
DATA:PL-1,433,数据误差超限
DATA:PL-1,434,数据误差超限
DATA:PL-1,435,数据误差超限
FILE:2017-02-06 10:59:51,D:\AWORK\向家坝\2016.12数据\渗压计、测压管、水文孔、量水堰\渗压计\渗压计（二期）-2(坝基深孔).xlsx
DATA:PFSQ-22,202,数据误差超限
DATA:PFSQ-22,203,数据误差超限
DATA:PFSQ-22,204,数据误差超限
DATA:PFSQ-22,205,数据误差超限
DATA:PFSQ-22,206,数据误差超限
DATA:PFSQ-22,207,数据误差超限
DATA:PFSQ-22,208,数据误差超限
DATA:PFSQ-22,209,数据误差超限
DATA:PFSQ-22,210,数据误差超限
DATA:PFSQ-22,211,数据误差超限
DATA:PFSQ-22,212,数据误差超限
DATA:PFSQ-22,213,数据误差超限
DATA:PLS-17,330,观测日期有误
DATA:PHS-12,430,观测日期有误
DATA:PHS-12,431,观测日期有误
写入0行测值
写入0行测值
写入0行测值
写入0行测值
写入84762行测值
FILE:2017-02-06 02:32:16,D:\AWORK\向家坝\2016.12数据\基岩变位计、回弹仪\回弹仪（一+二期）.xlsx
FILE:2017-02-06 02:32:16,D:\AWORK\向家坝\2016.12数据\多点位移计\多点位移计（一期）.xlsx
FILE:2017-02-06 02:34:31,D:\AWORK\向家坝\向家坝11月数据\11月数据(2016.11)\11月数据\基岩变位计、回弹仪\回弹仪（一+二期）.xlsx
FILE:2017-02-06 02:34:31,D:\AWORK\向家坝\向家坝11月数据\11月数据(2016.11)\11月数据\多点位移计\多点位移计（一期）.xlsx
FILE:2017-02-06 02:34:31,D:\AWORK\向家坝\向家坝11月数据\二标段数据及月报（2016.11）\2016年11月月报及数据\2标段内观\出水口边坡\出水口边坡-多点位移计1.xlsx
FILE:2017-02-06 02:34:31,D:\AWORK\向家坝\向家坝11月数据\二标段数据及月报（2016.11）\2016年11月月报及数据\2标段内观\地下洞室\右岸地下主厂房\主厂房-多点位移计.xlsx
DATA:M44-6,436,观测日期有误
DATA:M44-8,396,观测日期有误
DATA:M45-6（1）,290,观测日期有误
DATA:M45-8,250,观测日期有误
FILE:2017-02-06 02:34:31,D:\AWORK\向家坝\向家坝11月数据\二标段数据及月报（2016.11）\2016年11月月报及数据\2标段内观\地下洞室\右岸地下厂房主变洞\主变洞-多点位移计.xlsx
FILE:2017-02-06 02:34:31,D:\AWORK\向家坝\向家坝11月数据\二标段数据及月报（2016.11）\2016年11月月报及数据\2标段内观\地下洞室\右岸地下厂房尾水主洞(ab-678)\尾水主洞-多点位移计.xlsx
FILE:2017-02-06 02:34:31,D:\AWORK\向家坝\向家坝11月数据\二标段数据及月报（2016.11）\2016年11月月报及数据\2标段内观\地下洞室\右岸地下厂房尾水扩散段(w)\尾水扩散段-多点位移计.xlsx
FILE:2017-02-06 02:34:31,D:\AWORK\向家坝\向家坝11月数据\二标段数据及月报（2016.11）\2016年11月月报及数据\2标段内观\地下洞室\右岸地下厂房尾水支洞(ab-5)\尾水支洞-多点位移计.xlsx
FILE:2017-02-06 02:34:31,D:\AWORK\向家坝\向家坝11月数据\二标段数据及月报（2016.11）\2016年11月月报及数据\2标段内观\地下洞室\右岸地下厂房引水洞(ab-1234)\引水洞-多点位移计.xlsx
FILE:2017-02-06 02:34:31,D:\AWORK\向家坝\向家坝11月数据\二标段数据及月报（2016.11）\2016年11月月报及数据\2标段内观\地下洞室\右岸地下厂房通风洞\通风洞-多点位移计.xlsx
FILE:2017-02-06 02:34:31,D:\AWORK\向家坝\向家坝11月数据\二标段数据及月报（2016.11）\2016年11月月报及数据\2标段内观\地下洞室\右岸进厂交通洞\右岸交通洞-多点位移计.xlsx
FILE:2017-02-06 02:34:31,D:\AWORK\向家坝\向家坝11月数据\二标段数据及月报（2016.11）\2016年11月月报及数据\2标段内观\太平料场边坡\太平料场-多点位移计.xlsx
FILE:2017-02-06 02:34:31,D:\AWORK\向家坝\向家坝11月数据\二标段数据及月报（2016.11）\2016年11月月报及数据\2标段内观\左岸高边坡\多点位移计\交通洞多点位移计.xlsx
FILE:2017-02-06 02:34:31,D:\AWORK\向家坝\向家坝11月数据\二标段数据及月报（2016.11）\2016年11月月报及数据\2标段内观\左岸高边坡\多点位移计\多点位移计.xlsx
FILE:2017-02-06 02:34:31,D:\AWORK\向家坝\向家坝11月数据\二标段数据及月报（2016.11）\2016年11月月报及数据\2标段内观\进水口边坡\进水口边坡-多点位移计.xlsx
FILE:2017-02-06 02:37:43,D:\AWORK\向家坝\向家坝11月数据\11月数据(2016.11)\11月数据\基岩变位计、回弹仪\回弹仪（一+二期）.xlsx
FILE:2017-02-06 02:37:43,D:\AWORK\向家坝\向家坝11月数据\11月数据(2016.11)\11月数据\多点位移计\多点位移计（一期）.xlsx
FILE:2017-02-06 02:37:43,D:\AWORK\向家坝\向家坝11月数据\二标段数据及月报（2016.11）\2016年11月月报及数据\2标段内观\出水口边坡\出水口边坡-多点位移计1.xlsx
FILE:2017-02-06 02:37:43,D:\AWORK\向家坝\向家坝11月数据\二标段数据及月报（2016.11）\2016年11月月报及数据\2标段内观\地下洞室\右岸地下主厂房\主厂房-多点位移计.xlsx
DATA:M44-6,436,观测日期有误
DATA:M44-8,396,观测日期有误
DATA:M45-6（1）,290,观测日期有误
DATA:M45-8,250,观测日期有误
FILE:2017-02-06 02:37:43,D:\AWORK\向家坝\向家坝11月数据\二标段数据及月报（2016.11）\2016年11月月报及数据\2标段内观\地下洞室\右岸地下厂房主变洞\主变洞-多点位移计.xlsx
FILE:2017-02-06 02:37:43,D:\AWORK\向家坝\向家坝11月数据\二标段数据及月报（2016.11）\2016年11月月报及数据\2标段内观\地下洞室\右岸地下厂房尾水主洞(ab-678)\尾水主洞-多点位移计.xlsx
FILE:2017-02-06 02:37:43,D:\AWORK\向家坝\向家坝11月数据\二标段数据及月报（2016.11）\2016年11月月报及数据\2标段内观\地下洞室\右岸地下厂房尾水扩散段(w)\尾水扩散段-多点位移计.xlsx
FILE:2017-02-06 02:37:43,D:\AWORK\向家坝\向家坝11月数据\二标段数据及月报（2016.11）\2016年11月月报及数据\2标段内观\地下洞室\右岸地下厂房尾水支洞(ab-5)\尾水支洞-多点位移计.xlsx
FILE:2017-02-06 02:37:43,D:\AWORK\向家坝\向家坝11月数据\二标段数据及月报（2016.11）\2016年11月月报及数据\2标段内观\地下洞室\右岸地下厂房引水洞(ab-1234)\引水洞-多点位移计.xlsx
FILE:2017-02-06 02:37:43,D:\AWORK\向家坝\向家坝11月数据\二标段数据及月报（2016.11）\2016年11月月报及数据\2标段内观\地下洞室\右岸地下厂房通风洞\通风洞-多点位移计.xlsx
FILE:2017-02-06 02:37:43,D:\AWORK\向家坝\向家坝11月数据\二标段数据及月报（2016.11）\2016年11月月报及数据\2标段内观\地下洞室\右岸进厂交通洞\右岸交通洞-多点位移计.xlsx
FILE:2017-02-06 02:37:43,D:\AWORK\向家坝\向家坝11月数据\二标段数据及月报（2016.11）\2016年11月月报及数据\2标段内观\太平料场边坡\太平料场-多点位移计.xlsx
FILE:2017-02-06 02:37:43,D:\AWORK\向家坝\向家坝11月数据\二标段数据及月报（2016.11）\2016年11月月报及数据\2标段内观\左岸高边坡\多点位移计\交通洞多点位移计.xlsx
FILE:2017-02-06 02:37:43,D:\AWORK\向家坝\向家坝11月数据\二标段数据及月报（2016.11）\2016年11月月报及数据\2标段内观\左岸高边坡\多点位移计\多点位移计.xlsx
FILE:2017-02-06 02:37:43,D:\AWORK\向家坝\向家坝11月数据\二标段数据及月报（2016.11）\2016年11月月报及数据\2标段内观\进水口边坡\进水口边坡-多点位移计.xlsx
FILE:2017-02-06 02:38:47,D:\AWORK\向家坝\向家坝11月数据\11月数据(2016.11)\11月数据\基岩变位计、回弹仪\回弹仪（一+二期）.xlsx
FILE:2017-02-06 02:38:47,D:\AWORK\向家坝\向家坝11月数据\11月数据(2016.11)\11月数据\多点位移计\多点位移计（一期）.xlsx
FILE:2017-02-06 02:38:47,D:\AWORK\向家坝\向家坝11月数据\二标段数据及月报（2016.11）\2016年11月月报及数据\2标段内观\出水口边坡\出水口边坡-多点位移计1.xlsx
FILE:2017-02-06 02:38:47,D:\AWORK\向家坝\向家坝11月数据\二标段数据及月报（2016.11）\2016年11月月报及数据\2标段内观\地下洞室\右岸地下主厂房\主厂房-多点位移计.xlsx
DATA:M44-6,436,观测日期有误
DATA:M44-8,396,观测日期有误
DATA:M45-6（1）,290,观测日期有误
DATA:M45-8,250,观测日期有误
FILE:2017-02-06 02:38:47,D:\AWORK\向家坝\向家坝11月数据\二标段数据及月报（2016.11）\2016年11月月报及数据\2标段内观\地下洞室\右岸地下厂房主变洞\主变洞-多点位移计.xlsx
FILE:2017-02-06 02:38:47,D:\AWORK\向家坝\向家坝11月数据\二标段数据及月报（2016.11）\2016年11月月报及数据\2标段内观\地下洞室\右岸地下厂房尾水主洞(ab-678)\尾水主洞-多点位移计.xlsx
FILE:2017-02-06 02:38:47,D:\AWORK\向家坝\向家坝11月数据\二标段数据及月报（2016.11）\2016年11月月报及数据\2标段内观\地下洞室\右岸地下厂房尾水扩散段(w)\尾水扩散段-多点位移计.xlsx
FILE:2017-02-06 02:38:47,D:\AWORK\向家坝\向家坝11月数据\二标段数据及月报（2016.11）\2016年11月月报及数据\2标段内观\地下洞室\右岸地下厂房尾水支洞(ab-5)\尾水支洞-多点位移计.xlsx
FILE:2017-02-06 02:38:47,D:\AWORK\向家坝\向家坝11月数据\二标段数据及月报（2016.11）\2016年11月月报及数据\2标段内观\地下洞室\右岸地下厂房引水洞(ab-1234)\引水洞-多点位移计.xlsx
FILE:2017-02-06 02:38:47,D:\AWORK\向家坝\向家坝11月数据\二标段数据及月报（2016.11）\2016年11月月报及数据\2标段内观\地下洞室\右岸地下厂房通风洞\通风洞-多点位移计.xlsx
FILE:2017-02-06 02:38:47,D:\AWORK\向家坝\向家坝11月数据\二标段数据及月报（2016.11）\2016年11月月报及数据\2标段内观\地下洞室\右岸进厂交通洞\右岸交通洞-多点位移计.xlsx
FILE:2017-02-06 02:38:47,D:\AWORK\向家坝\向家坝11月数据\二标段数据及月报（2016.11）\2016年11月月报及数据\2标段内观\太平料场边坡\太平料场-多点位移计.xlsx
FILE:2017-02-06 02:38:47,D:\AWORK\向家坝\向家坝11月数据\二标段数据及月报（2016.11）\2016年11月月报及数据\2标段内观\左岸高边坡\多点位移计\交通洞多点位移计.xlsx
FILE:2017-02-06 02:38:47,D:\AWORK\向家坝\向家坝11月数据\二标段数据及月报（2016.11）\2016年11月月报及数据\2标段内观\左岸高边坡\多点位移计\多点位移计.xlsx
FILE:2017-02-06 02:38:47,D:\AWORK\向家坝\向家坝11月数据\二标段数据及月报（2016.11）\2016年11月月报及数据\2标段内观\进水口边坡\进水口边坡-多点位移计.xlsx
写入70343行测值
FILE:2017-02-06 02:59:49,D:\AWORK\向家坝\向家坝11月数据\11月数据(2016.11)\11月数据\钢筋计、钢板计、锚杆应力计、压应力计\钢筋计\11#机钢筋计.xlsx
DATA:R011-1,8,观测日期有误
FILE:2017-02-06 02:59:49,D:\AWORK\向家坝\向家坝11月数据\11月数据(2016.11)\11月数据\钢筋计、钢板计、锚杆应力计、压应力计\钢筋计\二期主体钢筋计(E.F.G.H.L).xlsx
FILE:2017-02-06 02:59:49,D:\AWORK\向家坝\向家坝11月数据\11月数据(2016.11)\11月数据\钢筋计、钢板计、锚杆应力计、压应力计\钢筋计\二期主体钢筋计（0.1.2.3.4.5.6.7.8.9.a.b.c.d）.xlsm
DATA:Rb2-18,91,观测日期有误
DATA:Rd1-16,23,测值异常
DATA:Rd1-16,24,测值异常
FILE:2017-02-06 02:59:49,D:\AWORK\向家坝\向家坝11月数据\11月数据(2016.11)\11月数据\钢筋计、钢板计、锚杆应力计、压应力计\钢筋计\二期主体钢筋计（J.Z.N）.xlsx
DATA:RZ1-8,225,测值异常
DATA:RZ2-3,229,测值异常
DATA:RZ3-22,177,测值异常
FILE:2017-02-06 02:59:49,D:\AWORK\向家坝\向家坝11月数据\11月数据(2016.11)\11月数据\钢筋计、钢板计、锚杆应力计、压应力计\钢筋计\钢筋计（一期）.xlsx
FILE:2017-02-06 02:59:49,D:\AWORK\向家坝\向家坝11月数据\二标段数据及月报（2016.11）\2016年11月月报及数据\2标段内观\出水口边坡\出水口边坡-钢筋桩钢筋计.xlsx
FILE:2017-02-06 02:59:49,D:\AWORK\向家坝\向家坝11月数据\二标段数据及月报（2016.11）\2016年11月月报及数据\2标段内观\右岸马延坡边坡\马延坡-钢筋计.xlsx
DATA:RⅠAa-1,3,测值异常
DATA:RⅠAa-1,4,测值异常
DATA:RⅠAa-2,3,测值异常
DATA:RⅠAa-2,4,测值异常
DATA:RⅠAa-3,3,测值异常
DATA:RⅠAa-4,3,测值异常
DATA:RⅠAa-4,4,测值异常
DATA:RⅠAa-5,3,测值异常
DATA:RⅠAa-5,4,测值异常
DATA:RⅠAa-6,3,测值异常
DATA:RⅠAa-6,4,测值异常
DATA:RⅠAb-1,3,测值异常
DATA:RⅠAb-1,4,测值异常
DATA:RⅠAb-2,3,测值异常
DATA:RⅠAb-2,4,测值异常
DATA:RⅠAb-3,3,测值异常
DATA:RⅠAb-4,3,测值异常
DATA:RⅠAb-5,3,测值异常
DATA:RⅠAb-5,4,测值异常
DATA:RⅠAb-6,3,测值异常
DATA:RⅠAb-6,4,测值异常
DATA:RⅠBa-1,3,测值异常
DATA:RⅠBa-1,4,测值异常
DATA:RⅠBa-2,3,测值异常
DATA:RⅠBa-2,4,测值异常
DATA:RⅠBa-3,3,测值异常
DATA:RⅠBa-3,4,测值异常
DATA:RⅠBa-4,3,测值异常
DATA:RⅠBa-5,3,测值异常
DATA:RⅠBa-5,4,测值异常
DATA:RⅠBa-6,3,测值异常
DATA:RⅠBa-6,4,测值异常
DATA:RⅠBb-1,3,测值异常
DATA:RⅠBb-1,4,测值异常
DATA:RⅠBb-2,3,测值异常
DATA:RⅠBb-3,3,测值异常
DATA:RⅠBb-4,3,测值异常
DATA:RⅠBb-5,3,测值异常
DATA:RⅠBb-5,4,测值异常
DATA:RⅠBb-6,3,测值异常
DATA:RⅠBb-6,4,测值异常
DATA:RⅠBc-1,3,测值异常
DATA:RⅠBc-1,4,测值异常
DATA:RⅠBc-2,3,测值异常
DATA:RⅠBc-2,4,测值异常
DATA:RⅠBc-3,3,测值异常
DATA:RⅠBc-4,3,测值异常
DATA:RⅠBc-5,3,测值异常
DATA:RⅠBc-5,4,测值异常
DATA:RⅠBc-6,3,测值异常
DATA:RⅠBc-6,4,测值异常
DATA:RⅠBd-1,3,测值异常
DATA:RⅠBd-1,4,测值异常
DATA:RⅠBd-2,3,测值异常
DATA:RⅠBd-2,4,测值异常
DATA:RⅠBd-3,3,测值异常
DATA:RⅠBd-4,3,测值异常
DATA:RⅠBd-5,3,测值异常
DATA:RⅠBd-5,4,测值异常
DATA:RⅠBd-6,3,测值异常
DATA:RⅠCa-1,3,测值异常
DATA:RⅠCa-1,4,测值异常
DATA:RⅠCa-2,3,测值异常
DATA:RⅠCa-2,4,测值异常
DATA:RⅠCa-3,3,测值异常
DATA:RⅠCa-3,4,测值异常
DATA:RⅠCa-4,3,测值异常
DATA:RⅠCa-4,4,测值异常
DATA:RⅠCa-5,3,测值异常
DATA:RⅠCa-5,4,测值异常
DATA:RⅠCa-6,3,测值异常
DATA:RⅠCa-6,4,测值异常
DATA:RⅠCb-1,3,测值异常
DATA:RⅠCb-1,4,测值异常
DATA:RⅠCb-2,3,测值异常
DATA:RⅠCb-2,4,测值异常
DATA:RⅠCb-3,3,测值异常
DATA:RⅠCb-3,4,测值异常
DATA:RⅠCb-4,3,测值异常
DATA:RⅠCb-4,4,测值异常
DATA:RⅠCb-5,3,测值异常
DATA:RⅠCb-5,4,测值异常
DATA:RⅠCb-6,3,测值异常
DATA:RⅠCb-6,4,测值异常
DATA:RⅠDa-1,3,测值异常
DATA:RⅠDa-1,4,测值异常
DATA:RⅠDa-2,3,测值异常
DATA:RⅠDa-2,4,测值异常
DATA:RⅠDa-3,3,测值异常
DATA:RⅠDa-3,4,测值异常
DATA:RⅠDb-1,3,测值异常
DATA:RⅠDb-1,4,测值异常
DATA:RⅠDb-2,3,测值异常
DATA:RⅠDb-2,4,测值异常
DATA:RⅠDb-3,3,测值异常
DATA:RⅠDb-3,4,测值异常
DATA:RⅡAa-1,3,测值异常
DATA:RⅡAa-1,4,测值异常
DATA:RⅡAa-2,3,测值异常
DATA:RⅡAa-2,4,测值异常
DATA:RⅡAa-3,3,测值异常
DATA:RⅡAa-4,3,测值异常
DATA:RⅡAa-5,3,测值异常
DATA:RⅡAa-5,4,测值异常
DATA:RⅡAa-6,3,测值异常
DATA:RⅡAa-6,4,测值异常
DATA:RⅡAb-1,3,测值异常
DATA:RⅡAb-1,4,测值异常
DATA:RⅡAb-2,3,测值异常
DATA:RⅡAb-2,4,测值异常
DATA:RⅡAb-3,3,测值异常
DATA:RⅡAb-3,4,测值异常
DATA:RⅡAb-4,3,测值异常
DATA:RⅡAb-4,4,测值异常
DATA:RⅡAb-5,3,测值异常
DATA:RⅡAb-5,4,测值异常
DATA:RⅡAb-6,3,测值异常
DATA:RⅡAb-6,4,测值异常
DATA:RⅡAc-1,3,测值异常
DATA:RⅡAc-1,4,测值异常
DATA:RⅡAc-2,3,测值异常
DATA:RⅡAc-2,4,测值异常
DATA:RⅡAc-3,3,测值异常
DATA:RⅡAc-4,3,测值异常
DATA:RⅡAc-5,3,测值异常
DATA:RⅡAc-5,4,测值异常
DATA:RⅡAc-6,3,测值异常
DATA:RⅡAc-6,4,测值异常
DATA:RⅡBa-1,3,测值异常
DATA:RⅡBa-1,4,测值异常
DATA:RⅡBa-2,3,测值异常
DATA:RⅡBa-2,4,测值异常
DATA:RⅡBa-3,3,测值异常
DATA:RⅡBa-3,4,测值异常
DATA:RⅡBa-4,3,测值异常
DATA:RⅡBa-4,4,测值异常
DATA:RⅡBa-5,3,测值异常
DATA:RⅡBa-5,4,测值异常
DATA:RⅡBa-6,3,测值异常
DATA:RⅡBa-6,4,测值异常
DATA:RⅡBb-1,3,测值异常
DATA:RⅡBb-1,4,测值异常
DATA:RⅡBb-2,3,测值异常
DATA:RⅡBb-2,4,测值异常
DATA:RⅡBb-3,3,测值异常
DATA:RⅡBb-4,3,测值异常
DATA:RⅡBb-5,3,测值异常
DATA:RⅡBb-5,4,测值异常
DATA:RⅡBb-6,3,测值异常
DATA:RⅡBb-6,4,测值异常
DATA:RⅡBc-1,3,测值异常
DATA:RⅡBc-1,4,测值异常
DATA:RⅡBc-2,3,测值异常
DATA:RⅡBc-2,4,测值异常
DATA:RⅡBc-3,3,测值异常
DATA:RⅡBc-3,4,测值异常
DATA:RⅡBc-4,3,测值异常
DATA:RⅡBc-4,4,测值异常
DATA:RⅡBc-5,3,测值异常
DATA:RⅡBc-5,4,测值异常
DATA:RⅡBc-6,3,测值异常
DATA:RⅡBc-6,4,测值异常
DATA:Ra-1G6,3,测值异常
DATA:Ra-1G6,4,测值异常
DATA:Ra-2G6,3,测值异常
DATA:Ra-2G6,4,测值异常
DATA:Ra-3G6,3,测值异常
DATA:Ra-3G6,4,测值异常
DATA:Ra-4G6,3,测值异常
DATA:Ra-4G6,4,测值异常
DATA:Rb-1G6,3,测值异常
DATA:Rb-1G6,4,测值异常
DATA:Rb-2G6,3,测值异常
DATA:Rb-2G6,4,测值异常
DATA:Rb-3G6,3,测值异常
DATA:Rb-4G6,3,测值异常
DATA:Rb-4G6,4,测值异常
DATA:Rc-1G6,3,测值异常
DATA:Rc-3G6,3,测值异常
DATA:Rc-3G6,4,测值异常
DATA:Rc-4G6,3,测值异常
DATA:Rc-4G6,4,测值异常
DATA:Rd-1G6,3,测值异常
DATA:Rd-1G6,4,测值异常
DATA:Rd-2G6,3,测值异常
DATA:Ra-1BD,3,测值异常
DATA:Ra-1BD,4,测值异常
DATA:Ra-2BD,3,测值异常
DATA:Ra-2BD,4,测值异常
DATA:Ra-3BD,3,测值异常
DATA:Ra-3BD,4,测值异常
DATA:Rb-1BD,3,测值异常
DATA:Rb-1BD,4,测值异常
DATA:Rb-2BD,3,测值异常
DATA:Rb-2BD,4,测值异常
DATA:Rb-3BD,3,测值异常
DATA:Rb-3BD,4,测值异常
DATA:Rb-4BD,3,测值异常
DATA:Rb-4BD,4,测值异常
DATA:Rc-1BD ,3,测值异常
DATA:Rc-1BD ,4,测值异常
DATA:Rc-2BD ,3,测值异常
DATA:Rc-2BD ,4,测值异常
DATA:Rc-2BD ,334,观测日期有误
DATA:Rc-4BD ,3,测值异常
DATA:Rc-4BD ,4,测值异常
DATA:Rd-2BD ,3,测值异常
DATA:Rd-2BD ,4,测值异常
DATA:Rd-3BD ,3,测值异常
DATA:Rd-3BD ,4,测值异常
DATA:Rd-4BD ,3,测值异常
DATA:Rd-4BD ,4,测值异常
DATA:Ra-1SC,3,测值异常
DATA:Ra-1SC,4,测值异常
DATA:Ra-2SC,3,测值异常
DATA:Ra-2SC,4,测值异常
DATA:Ra-3SC,3,测值异常
DATA:Ra-4SC,3,测值异常
DATA:Ra-4SC,4,测值异常
DATA:Ra-5SC,3,测值异常
DATA:Ra-6SC,3,测值异常
DATA:Ra-6SC,4,测值异常
DATA:Rb-1SC,3,测值异常
DATA:Rb-2SC,3,测值异常
DATA:Rb-2SC,4,测值异常
DATA:Rb-3SC,3,测值异常
DATA:Rb-3SC,4,测值异常
DATA:Rb-4SC,3,测值异常
DATA:Rb-4SC,4,测值异常
DATA:Rb-5SC,3,测值异常
DATA:Rb-6SC ,3,测值异常
DATA:Rb-6SC ,4,测值异常
DATA:Rb-7SC ,3,测值异常
DATA:Rb-8SC ,3,测值异常
DATA:Rb-8SC ,4,测值异常
DATA:Rc-1SC,3,测值异常
DATA:Rc-2SC,3,测值异常
DATA:Rc-2SC,4,测值异常
DATA:Rc-3SC,3,测值异常
DATA:Rc-3SC,4,测值异常
DATA:Rc-4SC,3,测值异常
DATA:Rc-4SC,4,测值异常
DATA:Rc-5SC,3,测值异常
DATA:Rc-6SC,3,测值异常
DATA:Rc-6SC,4,测值异常
DATA:Rc-7SC,3,测值异常
DATA:Rc-8SC,3,测值异常
DATA:Rd-1SC,3,测值异常
DATA:Rd-2SC,3,测值异常
DATA:Rd-3SC,3,测值异常
DATA:Rd-4SC,3,测值异常
DATA:Rd-5SC,3,测值异常
DATA:Rd-5SC,4,测值异常
DATA:Rd-6SC,3,测值异常
DATA:Rd-6SC,4,测值异常
DATA:Rd-7SC,3,测值异常
DATA:Rd-7SC,4,测值异常
DATA:Rd-8SC,3,测值异常
DATA:Rd-8SC,4,测值异常
FILE:2017-02-06 02:59:49,D:\AWORK\向家坝\向家坝11月数据\二标段数据及月报（2016.11）\2016年11月月报及数据\2标段内观\地下洞室\右岸地下主厂房\主厂房-岩锚梁混凝土钢筋计.xlsx
DATA:Ra-1,3,测值异常
DATA:Ra-1,4,测值异常
DATA:Ra-2,3,测值异常
DATA:Ra-2,4,测值异常
DATA:Ra-3,3,测值异常
DATA:Ra-3,4,测值异常
DATA:Ra-4,3,测值异常
DATA:Ra-4,4,测值异常
DATA:Ra-5,3,测值异常
DATA:Ra-5,4,测值异常
DATA:Ra-6,3,测值异常
DATA:Ra-6,4,测值异常
DATA:Ra-7,3,测值异常
DATA:Ra-7,4,测值异常
DATA:Ra-8,3,测值异常
DATA:Ra-8,4,测值异常
DATA:Rb-1,3,测值异常
DATA:Rb-1,4,测值异常
DATA:Rb-2,3,测值异常
DATA:Rb-2,4,测值异常
DATA:Rb-3,3,测值异常
DATA:Rb-3,4,测值异常
DATA:Rb-4,3,测值异常
DATA:Rb-4,4,测值异常
DATA:Rb-5,3,测值异常
DATA:Rb-6,3,测值异常
DATA:Rb-6,4,测值异常
DATA:Rb-7,3,测值异常
DATA:Rb-7,4,测值异常
DATA:Rb-8,3,测值异常
DATA:Rb-9,3,测值异常
DATA:Rb-9,4,测值异常
FILE:2017-02-06 02:59:49,D:\AWORK\向家坝\向家坝11月数据\二标段数据及月报（2016.11）\2016年11月月报及数据\2标段内观\地下洞室\右岸地下厂房243高程以下(j)\243高程以下-钢筋计.xlsx
DATA:Rj1-1,3,测值异常
DATA:Rj1-2,3,测值异常
DATA:Rj1-3,3,测值异常
DATA:Rj1-3,4,测值异常
DATA:Rj1-4,3,测值异常
DATA:Rj1-4,4,测值异常
DATA:Rj2-1,3,测值异常
DATA:Rj2-1,4,测值异常
DATA:Rj2-2,3,测值异常
DATA:Rj2-2,4,测值异常
DATA:Rj2-3,3,测值异常
DATA:Rj2-3,4,测值异常
DATA:Rj2-4,3,测值异常
DATA:Rj2-4,4,测值异常
FILE:2017-02-06 02:59:49,D:\AWORK\向家坝\向家坝11月数据\二标段数据及月报（2016.11）\2016年11月月报及数据\2标段内观\地下洞室\右岸地下厂房尾水主洞(ab-678)\尾水主洞-钢筋计.xlsx
DATA:Ra6-1,3,测值异常
DATA:Ra6-1,4,测值异常
DATA:Ra6-2,3,测值异常
DATA:Ra6-2,4,测值异常
DATA:Ra6-3,3,测值异常
DATA:Ra6-3,4,测值异常
DATA:Ra6-4,3,测值异常
DATA:Ra6-4,4,测值异常
DATA:Ra6-5,3,测值异常
DATA:Ra6-5,4,测值异常
DATA:Ra6-6,3,测值异常
DATA:Ra6-6,4,测值异常
DATA:Ra6-7,3,测值异常
DATA:Ra6-7,4,测值异常
DATA:Ra6-8,3,测值异常
DATA:Ra6-8,4,测值异常
DATA:Ra6-9,3,测值异常
DATA:Ra7-1,3,测值异常
DATA:Ra7-1,215,数据误差超限
DATA:Ra7-2,3,测值异常
DATA:Ra7-2,4,测值异常
DATA:Ra7-3,3,测值异常
DATA:Ra7-3,4,测值异常
DATA:Ra7-3,265,数据误差超限
DATA:Ra7-3,266,数据误差超限
DATA:Ra7-3,270,数据误差超限
DATA:Ra7-3,271,数据误差超限
DATA:Ra7-3,272,数据误差超限
DATA:Ra7-3,273,数据误差超限
DATA:Ra7-3,274,数据误差超限
DATA:Ra7-4,3,测值异常
DATA:Ra7-4,4,测值异常
DATA:Ra7-6,3,测值异常
DATA:Ra7-6,4,测值异常
DATA:Ra7-5,3,测值异常
DATA:Ra7-5,4,测值异常
DATA:Ra7-7,3,测值异常
DATA:Ra8-1,3,测值异常
DATA:Ra8-2,3,测值异常
DATA:Ra8-2,4,测值异常
DATA:Ra8-3,3,测值异常
DATA:Ra8-3,4,测值异常
DATA:Ra8-4,3,测值异常
DATA:Ra8-4,4,测值异常
DATA:Ra8-5,3,测值异常
DATA:Ra8-5,4,测值异常
DATA:Ra8-6,3,测值异常
DATA:Ra8-6,4,测值异常
DATA:Ra8-7,3,测值异常
DATA:Ra8-7,4,测值异常
DATA:Rb6-1,3,测值异常
DATA:Rb6-1,4,测值异常
DATA:Rb6-2,3,测值异常
DATA:Rb6-2,4,测值异常
DATA:Rb6-3,3,测值异常
DATA:Rb6-3,4,测值异常
DATA:Rb6-4,3,测值异常
DATA:Rb6-4,4,测值异常
DATA:Rb6-5,3,测值异常
DATA:Rb6-5,4,测值异常
DATA:Rb6-6,3,测值异常
DATA:Rb6-6,4,测值异常
DATA:Rb6-7,3,测值异常
DATA:Rb6-7,4,测值异常
DATA:Rb6-8,3,测值异常
DATA:Rb6-8,4,测值异常
DATA:Rb6-9,3,测值异常
DATA:Rb6-9,4,测值异常
DATA:Rb7-1,3,测值异常
DATA:Rb8-1,3,测值异常
DATA:Rb8-1,4,测值异常
DATA:Rb8-3,3,测值异常
DATA:Rb8-2,3,测值异常
DATA:Rb8-2,4,测值异常
DATA:Rb8-4,3,测值异常
DATA:Rb8-4,4,测值异常
DATA:Rb8-5,3,测值异常
DATA:Rb8-5,4,测值异常
DATA:Rb8-6,3,测值异常
DATA:Rb8-6,4,测值异常
DATA:Rb8-7,3,测值异常
DATA:Rb8-7,4,测值异常
FILE:2017-02-06 02:59:49,D:\AWORK\向家坝\向家坝11月数据\二标段数据及月报（2016.11）\2016年11月月报及数据\2标段内观\地下洞室\右岸地下厂房尾水扩散段(w)\尾水扩散段-钢筋计.xlsx
DATA:Rw1-1,3,测值异常
DATA:Rw1-1,4,测值异常
DATA:Rw1-2,3,测值异常
DATA:Rw1-2,4,测值异常
DATA:Rw1-3,3,测值异常
DATA:Rw1-3,4,测值异常
DATA:Rw1-4,3,测值异常
DATA:Rw2-1,3,测值异常
DATA:Rw2-1,4,测值异常
DATA:Rw2-2,3,测值异常
DATA:Rw2-2,4,测值异常
DATA:Rw2-3,3,测值异常
DATA:Rw2-4,3,测值异常
DATA:Rw3-1,3,测值异常
DATA:Rw3-2,3,测值异常
DATA:Rw3-3,3,测值异常
DATA:Rw3-3,4,测值异常
DATA:Rw3-4,3,测值异常
DATA:Rw3-4,4,测值异常
FILE:2017-02-06 02:59:49,D:\AWORK\向家坝\向家坝11月数据\二标段数据及月报（2016.11）\2016年11月月报及数据\2标段内观\地下洞室\右岸地下厂房尾水支洞(ab-5)\尾水支洞-钢筋计.xlsx
DATA:Ra5-1,3,测值异常
DATA:Ra5-1,4,测值异常
DATA:Ra5-2,3,测值异常
DATA:Ra5-2,4,测值异常
DATA:Ra5-3,3,测值异常
DATA:Ra5-3,4,测值异常
DATA:Ra5-4,3,测值异常
DATA:Ra5-5,3,测值异常
DATA:Rb5-1,3,测值异常
DATA:Rb5-1,4,测值异常
DATA:Rb5-2,3,测值异常
DATA:Rb5-3,3,测值异常
DATA:Rb5-4,3,测值异常
DATA:Rb5-4,4,测值异常
DATA:Rb5-5,3,测值异常
DATA:Rb5-5,4,测值异常
DATA:Ra10-1,3,测值异常
DATA:Ra10-1,4,测值异常
DATA:Ra10-2,3,测值异常
DATA:Ra10-2,4,测值异常
FILE:2017-02-06 02:59:49,D:\AWORK\向家坝\向家坝11月数据\二标段数据及月报（2016.11）\2016年11月月报及数据\2标段内观\地下洞室\右岸地下厂房引水洞(ab-1234)\引水洞-钢筋计.xlsx
DATA:Ra1-1,3,测值异常
DATA:Ra1-1,4,测值异常
DATA:Ra3-1,3,测值异常
DATA:Ra3-1,4,测值异常
DATA:Ra3-2,3,测值异常
DATA:Ra3-3,3,测值异常
DATA:Ra3-4,3,测值异常
DATA:Ra3-4,4,测值异常
DATA:Rb3-1,3,测值异常
DATA:Rb3-1,4,测值异常
DATA:Rb3-2,3,测值异常
DATA:Rb3-2,4,测值异常
DATA:Rb3-3,3,测值异常
DATA:Rb3-3,4,测值异常
DATA:Rb3-4,3,测值异常
DATA:Rb3-4,4,测值异常
FILE:2017-02-06 02:59:49,D:\AWORK\向家坝\向家坝11月数据\二标段数据及月报（2016.11）\2016年11月月报及数据\2标段内观\地下洞室\右岸地下厂房水轮机蜗壳(o)\蜗壳-钢筋计.xlsx
DATA:R01-1,3,测值异常
DATA:R01-2,3,测值异常
DATA:R01-2,4,测值异常
DATA:R01-3,3,测值异常
DATA:R01-3,4,测值异常
DATA:R01-4,3,测值异常
DATA:R01-5,3,测值异常
DATA:R01-5,4,测值异常
DATA:R01-6,3,测值异常
DATA:R01-6,4,测值异常
DATA:R01-7,3,测值异常
DATA:R01-7,4,测值异常
DATA:R01-8,3,测值异常
DATA:R01-8,4,测值异常
DATA:R01-9,3,测值异常
DATA:R01-9,4,测值异常
DATA:R01-10,3,测值异常
DATA:R01-10,4,测值异常
DATA:R01-11,3,测值异常
DATA:R01-12,3,测值异常
DATA:R01-12,4,测值异常
DATA:R01-13,3,测值异常
DATA:R01-13,4,测值异常
DATA:R01-14,3,测值异常
DATA:R01-14,4,测值异常
DATA:R01-15,3,测值异常
DATA:R01-15,4,测值异常
DATA:R01-16,3,测值异常
DATA:R01-16,4,测值异常
DATA:R01-17,3,测值异常
DATA:R01-18,3,测值异常
DATA:R01-19,3,测值异常
DATA:R01-19,4,测值异常
DATA:R03-1,3,测值异常
DATA:R03-1,4,测值异常
DATA:R03-2,3,测值异常
DATA:R03-2,4,测值异常
DATA:R03-3,3,测值异常
DATA:R03-3,4,测值异常
DATA:R03-4,3,测值异常
DATA:R03-4,4,测值异常
DATA:R03-5,3,测值异常
DATA:R03-6,3,测值异常
DATA:R03-6,4,测值异常
DATA:R03-7,3,测值异常
DATA:R03-7,4,测值异常
DATA:R03-8,3,测值异常
DATA:R03-9,3,测值异常
DATA:R03-10,3,测值异常
DATA:R03-10,4,测值异常
DATA:R03-11,3,测值异常
DATA:R03-11,4,测值异常
DATA:R03-12,3,测值异常
DATA:R03-12,4,测值异常
DATA:R03-13,3,测值异常
DATA:R03-14,3,测值异常
DATA:R03-14,4,测值异常
DATA:R03-15,3,测值异常
DATA:R03-15,4,测值异常
DATA:R03-16,3,测值异常
DATA:R03-16,4,测值异常
DATA:R03-17,3,测值异常
DATA:R03-17,4,测值异常
DATA:R03-18,3,测值异常
DATA:R03-18,4,测值异常
DATA:R03-19,3,测值异常
DATA:R03-19,4,测值异常
FILE:2017-02-06 02:59:49,D:\AWORK\向家坝\向家坝11月数据\二标段数据及月报（2016.11）\2016年11月月报及数据\2标段内观\地下洞室\右岸进厂交通洞\右岸交通洞-差阻式钢筋计.xlsx
DATA:Re1-1,3,测值异常
DATA:Re1-1,4,测值异常
DATA:Re1-2,3,测值异常
DATA:Re1-3,3,测值异常
DATA:Re1-4,3,测值异常
DATA:Re1-4,4,测值异常
DATA:Re1-5,3,测值异常
DATA:Re2-1,3,测值异常
DATA:Re2-1,4,测值异常
DATA:Re2-2,3,测值异常
DATA:Re2-2,4,测值异常
DATA:Re2-3,3,测值异常
DATA:Re2-4,3,测值异常
DATA:Re2-5,3,测值异常
DATA:Re3-1,3,测值异常
DATA:Re3-1,4,测值异常
DATA:Re3-2,3,测值异常
DATA:Re3-2,4,测值异常
DATA:Re3-3,3,测值异常
DATA:Re3-3,4,测值异常
DATA:Re3-4,3,测值异常
DATA:Re3-4,4,测值异常
DATA:Re3-5,3,测值异常
DATA:Re3-5,4,测值异常
FILE:2017-02-06 02:59:49,D:\AWORK\向家坝\向家坝11月数据\二标段数据及月报（2016.11）\2016年11月月报及数据\2标段内观\太平料场边坡\太平料场-差阻式钢筋计.xlsx
DATA:Rs-1,3,测值异常
DATA:Rs-1,4,测值异常
DATA:Rs-2,3,测值异常
DATA:Rs-2,4,测值异常
DATA:Rs-3,3,测值异常
DATA:Rs-3,4,测值异常
DATA:Rs-4,3,测值异常
DATA:Rs-4,4,测值异常
DATA:Rs-5,3,测值异常
DATA:Rs-5,4,测值异常
DATA:Rs-6,3,测值异常
DATA:Rs-6,4,测值异常
DATA:Rs-7,3,测值异常
DATA:Rs-7,4,测值异常
DATA:Rz-1,3,测值异常
DATA:Rz-1,4,测值异常
DATA:Rz-2,3,测值异常
DATA:Rz-2,4,测值异常
DATA:Rz-3,3,测值异常
DATA:Rz-3,4,测值异常
DATA:Rz-4,3,测值异常
DATA:Rz-4,4,测值异常
FILE:2017-02-06 02:59:49,D:\AWORK\向家坝\向家坝11月数据\二标段数据及月报（2016.11）\2016年11月月报及数据\2标段内观\太平料场边坡\太平料场-振弦式钢筋计.xlsx
DATA:Rz-5,3,测值异常
DATA:Rz-6,3,测值异常
DATA:Rz-7,3,测值异常
DATA:Rz-8,3,测值异常
DATA:Rz-9,3,测值异常
DATA:Rz-10,3,测值异常
DATA:Rz-11,3,测值异常
DATA:Rz-12,3,测值异常
DATA:Rz-13,3,测值异常
DATA:Rz-14,3,测值异常
DATA:Rz-15,3,测值异常
DATA:Rz-16,3,测值异常
DATA:Rz-17,3,测值异常
DATA:Rz-18,3,测值异常
DATA:Rz-19,3,测值异常
DATA:Rz-20,3,测值异常
DATA:Rz-21,3,测值异常
DATA:Rz-22,3,测值异常
DATA:Rz-23,3,测值异常
DATA:Rz-24,3,测值异常
DATA:Rz-25,3,测值异常
DATA:Rz-26,3,测值异常
DATA:Rz-27,3,测值异常
DATA:Rz-27,4,测值异常
DATA:Rz-28,3,测值异常
DATA:Rz-28,4,测值异常
DATA:Rz-29,3,测值异常
DATA:Rz-29,4,测值异常
DATA:Rz-30,3,测值异常
DATA:Rz-30,4,测值异常
DATA:Rz-31,3,测值异常
DATA:Rz-31,4,测值异常
FILE:2017-02-06 02:59:49,D:\AWORK\向家坝\向家坝11月数据\二标段数据及月报（2016.11）\2016年11月月报及数据\2标段内观\尾渣坝-右岸护坡\右岸护坡-钢筋计.xlsx
FILE:2017-02-06 02:59:49,D:\AWORK\向家坝\向家坝11月数据\二标段数据及月报（2016.11）\2016年11月月报及数据\2标段内观\左岸高边坡\钢筋计\交通洞钢筋计.xlsx
FILE:2017-02-06 02:59:49,D:\AWORK\向家坝\向家坝11月数据\二标段数据及月报（2016.11）\2016年11月月报及数据\2标段内观\左岸高边坡\钢筋计\钢筋桩钢筋计.xlsx
DATA:6R-4,7,观测日期有误
DATA:6R-4,8,观测日期有误
DATA:6R-4,9,观测日期有误
DATA:6R-4,10,观测日期有误
DATA:6R-4,11,观测日期有误
DATA:6R-4,12,观测日期有误
DATA:6R-4,13,观测日期有误
DATA:6R-4,14,观测日期有误
DATA:6R-4,15,观测日期有误
DATA:6R-4,16,观测日期有误
DATA:6R-4,17,观测日期有误
DATA:6R-4,18,观测日期有误
DATA:6R-4,19,观测日期有误
DATA:6R-4,20,观测日期有误
DATA:6R-4,21,观测日期有误
DATA:6R-4,22,观测日期有误
DATA:6R-4,23,观测日期有误
DATA:6R-4,24,观测日期有误
DATA:6R-4,26,观测日期有误
DATA:6R-4,27,观测日期有误
DATA:6R-4,28,观测日期有误
DATA:6R-4,29,观测日期有误
DATA:6R-4,30,观测日期有误
DATA:6R-4,31,观测日期有误
DATA:6R-4,32,观测日期有误
DATA:6R-4,33,观测日期有误
DATA:6R-4,34,观测日期有误
DATA:6R-4,35,观测日期有误
DATA:6R-4,36,观测日期有误
DATA:6R-4,37,观测日期有误
DATA:6R-4,38,观测日期有误
DATA:6R-4,39,观测日期有误
DATA:6R-4,40,观测日期有误
DATA:6R-4,41,观测日期有误
DATA:6R-4,42,观测日期有误
DATA:6R-4,43,观测日期有误
DATA:6R-4,44,观测日期有误
DATA:6R-4,45,观测日期有误
DATA:6R-4,46,观测日期有误
DATA:6R-4,47,观测日期有误
DATA:6R-4,48,观测日期有误
DATA:6R-4,49,观测日期有误
DATA:6R-4,50,观测日期有误
DATA:6R-4,51,观测日期有误
DATA:6R-4,52,观测日期有误
DATA:6R-4,53,观测日期有误
DATA:6R-4,54,观测日期有误
DATA:6R-4,55,观测日期有误
DATA:6R-4,56,观测日期有误
DATA:6R-4,57,观测日期有误
DATA:6R-4,58,观测日期有误
DATA:6R-4,59,观测日期有误
DATA:6R-4,60,观测日期有误
DATA:6R-4,61,观测日期有误
DATA:6R-4,62,观测日期有误
DATA:6R-4,63,观测日期有误
DATA:6R-4,64,观测日期有误
DATA:6R-4,65,观测日期有误
DATA:6R-4,66,观测日期有误
DATA:6R-4,67,观测日期有误
DATA:6R-4,68,观测日期有误
DATA:6R-4,69,观测日期有误
DATA:6R-4,70,观测日期有误
DATA:6R-4,71,观测日期有误
DATA:6R-4,72,观测日期有误
DATA:6R-4,73,观测日期有误
DATA:6R-4,74,观测日期有误
DATA:6R-4,75,观测日期有误
DATA:6R-4,76,观测日期有误
DATA:6R-4,77,观测日期有误
DATA:6R-4,78,观测日期有误
DATA:6R-4,79,观测日期有误
DATA:6R-4,80,观测日期有误
DATA:6R-4,81,观测日期有误
DATA:6R-4,82,观测日期有误
DATA:6R-4,83,观测日期有误
DATA:6R-4,84,观测日期有误
DATA:6R-4,85,观测日期有误
DATA:6R-4,86,观测日期有误
DATA:6R-4,87,观测日期有误
DATA:6R-4,88,观测日期有误
DATA:6R-4,89,观测日期有误
DATA:6R-4,90,观测日期有误
DATA:6R-4,91,观测日期有误
DATA:6R-4,95,观测日期有误
DATA:6R-4,96,观测日期有误
DATA:6R-4,97,观测日期有误
DATA:6R-4,98,观测日期有误
DATA:6R-4,99,观测日期有误
DATA:6R-4,100,观测日期有误
DATA:6R-4,101,观测日期有误
DATA:6R-4,102,观测日期有误
DATA:6R-4,103,观测日期有误
DATA:6R-4,104,观测日期有误
DATA:6R-4,105,观测日期有误
DATA:6R-4,106,观测日期有误
DATA:6R-4,107,观测日期有误
DATA:6R-4,108,观测日期有误
DATA:6R-4,109,观测日期有误
DATA:6R-4,110,观测日期有误
DATA:6R-4,111,观测日期有误
DATA:6R-4,112,观测日期有误
DATA:6R-4,113,观测日期有误
DATA:6R-4,114,观测日期有误
DATA:6R-4,115,观测日期有误
DATA:6R-4,116,观测日期有误
DATA:6R-4,117,观测日期有误
DATA:6R-4,118,观测日期有误
DATA:6R-4,119,观测日期有误
DATA:6R-4,120,观测日期有误
DATA:6R-4,121,观测日期有误
DATA:6R-4,122,观测日期有误
DATA:6R-4,123,观测日期有误
DATA:6R-4,124,观测日期有误
DATA:6R-4,125,观测日期有误
DATA:6R-4,126,观测日期有误
DATA:6R-4,127,观测日期有误
DATA:6R-4,128,观测日期有误
DATA:6R-4,129,观测日期有误
DATA:6R-4,130,观测日期有误
DATA:6R-4,131,观测日期有误
DATA:6R-4,132,观测日期有误
DATA:6R-4,133,观测日期有误
DATA:6R-4,134,观测日期有误
DATA:6R-4,135,观测日期有误
DATA:6R-4,136,观测日期有误
DATA:6R-4,137,观测日期有误
FILE:2017-02-06 02:59:49,D:\AWORK\向家坝\向家坝11月数据\二标段数据及月报（2016.11）\2016年11月月报及数据\2标段内观\进水口边坡\进水口边坡-钢筋桩钢筋计.xlsx
写入0行测值
FILE:2017-02-06 03:10:30,D:\AWORK\向家坝\向家坝11月数据\11月数据(2016.11)\11月数据\温度计\导流底孔温度计.xlsx
FILE:2017-02-06 03:10:30,D:\AWORK\向家坝\向家坝11月数据\11月数据(2016.11)\11月数据\温度计\温度计（一期）.xlsx
FILE:2017-02-06 03:10:30,D:\AWORK\向家坝\向家坝11月数据\11月数据(2016.11)\11月数据\温度计\温度计（二期）-1.xlsx
FILE:2017-02-06 03:10:30,D:\AWORK\向家坝\向家坝11月数据\11月数据(2016.11)\11月数据\温度计\温度计（二期）-2.xlsx
写入0行测值
FILE:2017-02-06 03:35:23,D:\AWORK\向家坝\向家坝11月数据\11月数据(2016.11)\11月数据\应变计组\两向应变计.xlsx
DATA:S2a1-1,20,
DATA:S2a1-2,20,
DATA:S2a2-1,20,
DATA:S2a2-2,20,
DATA:S2b1-1,21,
DATA:S2b1-2,16,
DATA:S2b2-1,21,
DATA:S2b2-2,21,
FILE:2017-02-06 03:35:23,D:\AWORK\向家坝\向家坝11月数据\11月数据(2016.11)\11月数据\应变计组\五向应变计组（一期）.xlsx
DATA:zS5h-2,25,
DATA:zNh-4,18,数据误差超限
DATA:zS5C-7,546,测值异常无应力计
DATA:zS5B-3,302,部分数据误差超限
DATA:zS5B-3,303,部分数据误差超限
DATA:zS5B-3,304,部分数据误差超限
DATA:zS5B-3,305,部分数据误差超限
DATA:zS5B-3,306,部分数据误差超限
DATA:zS5B-3,307,部分数据误差超限
DATA:zS5B-3,313,部分数据误差超限
DATA:zS5B-3,314,部分数据误差超限
DATA:zS5B-3,315,部分数据误差超限
DATA:zS5B-3,316,部分数据误差超限
DATA:zS5B-3,350,部分数据误差超限
DATA:zS5B-3,351,部分数据误差超限
DATA:zS5B-3,352,部分数据误差超限
DATA:zS5B-3,353,部分数据误差超限
DATA:zS5B-3,354,部分数据误差超限
DATA:zS5B-3,355,部分数据误差超限
DATA:zS5B-3,356,部分数据误差超限
DATA:zS5B-3,357,部分数据误差超限
DATA:zS5B-3,358,部分数据误差超限
DATA:zS5B-3,359,部分数据误差超限
DATA:zS5B-3,360,部分数据误差超限
DATA:zS5B-3,361,部分数据误差超限
DATA:zS5B-3,362,部分数据误差超限
DATA:zS5B-3,363,部分数据误差超限
DATA:zS5B-3,364,部分数据误差超限
DATA:zS5B-3,377,部分数据误差超限
DATA:zS5B-3,378,部分数据误差超限
DATA:zS5B-3,379,部分数据误差超限
DATA:zS5B-3,380,部分数据误差超限
DATA:zS5B-3,405,部分数据误差超限
DATA:zS5B-3,406,部分数据误差超限
DATA:zS5B-3,407,部分数据误差超限
DATA:zS5B-4,500,部分数据误差超限
DATA:zS5B-8,367,部分数据误差超限
DATA:zS5A-2,467,测值异常无应力计
DATA:zS5A-2,468,测值异常无应力计
DATA:zS5A-2,469,测值异常无应力计
FILE:2017-02-06 03:35:23,D:\AWORK\向家坝\向家坝11月数据\11月数据(2016.11)\11月数据\应变计组\五向应变计组（二期）.xlsx
DATA:S5L-2,384,部分数据误差超限
DATA:S5L-2,385,部分数据误差超限
DATA:S5L-7,292,部分数据误差超限
DATA:NL-12,190,数据误差超限
DATA:S5I-6,282,测值异常无应力计
DATA:S5I-6,307,测值异常无应力计
DATA:S5H-20,132,部分数据误差超限
DATA:S5H-24,248,测值异常无应力计
DATA:S5H-25,251,测值异常无应力计
DATA:S5F-1,336,测值异常无应力计
DATA:S5F-1,337,测值异常无应力计
DATA:S5F-1,16,
DATA:S5E-1,16,
DATA:S5E-2,16,
DATA:S5E-8,16,
DATA:S5E-12,222,部分数据误差超限
DATA:S5E-13,16,
DATA:S51-4,16,
DATA:S51-5,16,
DATA:S52-4,25,
DATA:S54-2,16,
FILE:2017-02-06 03:35:23,D:\AWORK\向家坝\向家坝11月数据\二标段数据及月报（2016.11）\2016年11月月报及数据\2标段内观\右岸马延坡边坡\马延坡-三向应变计与无应力计.xlsx
DATA:Na-1BD,3,测值异常无应力计
DATA:Na-2BD,3,测值异常无应力计
DATA:Nb-1BD,3,测值异常无应力计
DATA:Nb-2BD,3,测值异常无应力计
DATA:Nc-1BD,3,测值异常无应力计
DATA:Nd-1BD,3,测值异常无应力计
DATA:Nd-2BD,3,测值异常无应力计
DATA:Na-1SC,3,测值异常无应力计
DATA:Nb-1SC,3,测值异常无应力计
DATA:Nc-1SC,3,测值异常无应力计
DATA:Nc-2SC,3,测值异常无应力计
DATA:Nd-1SC,3,测值异常无应力计
DATA:Na-1G6,3,测值异常无应力计
DATA:Nb-1G6,3,测值异常无应力计
DATA:Nc-1G6,3,测值异常无应力计
DATA:Nd-1G6,3,测值异常无应力计
DATA:NⅠAa-2,3,测值异常无应力计
DATA:NⅠAb-1,3,测值异常无应力计
DATA:NⅠBa-1,3,测值异常无应力计
DATA:NⅠBb-1 ,3,测值异常无应力计
DATA:NⅠBb-2,3,测值异常无应力计
DATA:NⅠBc-1,3,测值异常无应力计
DATA:NⅠBd-1,3,测值异常无应力计
DATA:NⅠBd-2,3,测值异常无应力计
DATA:NⅠCa-1,3,测值异常无应力计
DATA:NⅠCa-2,3,测值异常无应力计
DATA:NⅠCb-1,3,测值异常无应力计
DATA:NⅠDa-1,3,测值异常无应力计
DATA:NⅠDa-2,3,测值异常无应力计
DATA:NⅠDb-1,3,测值异常无应力计
DATA:NⅡAa-1,3,测值异常无应力计
DATA:NⅡAa-2,3,测值异常无应力计
DATA:NⅡAb-1,3,测值异常无应力计
DATA:NⅡAc-1,3,测值异常无应力计
DATA:NⅡBa-1,3,测值异常无应力计
DATA:NⅡBc-1,3,测值异常无应力计
DATA:S3c-1G6,16,
FILE:2017-02-06 03:35:23,D:\AWORK\向家坝\向家坝11月数据\二标段数据及月报（2016.11）\2016年11月月报及数据\2标段内观\地下洞室\右岸地下主厂房\主厂房-三向应变计与无应力计.xlsx
DATA:Na-1,3,测值异常无应力计
DATA:Nb-2,3,测值异常无应力计
FILE:2017-02-06 03:35:23,D:\AWORK\向家坝\向家坝11月数据\二标段数据及月报（2016.11）\2016年11月月报及数据\2标段内观\地下洞室\右岸地下厂房243高程以下(j)\243高程以下-五向应变计与无应力计.xlsx
DATA:Nj1-1,3,测值异常无应力计
DATA:Nj2-1,3,测值异常无应力计
写入66882行测值
FILE:2017-02-06 04:07:04,D:\AWORK\向家坝\向家坝11月数据\二标段数据及月报（2016.11）\2016年11月月报及数据\2标段内观\地下洞室\右岸地下主厂房\主厂房-岩锚梁混凝土单向应变计与无应力计.xlsx
DATA:Sb-1,3,测值异常
DATA:Nb-1,3,测值异常无应力计
FILE:2017-02-06 04:07:04,D:\AWORK\向家坝\向家坝11月数据\二标段数据及月报（2016.11）\2016年11月月报及数据\2标段内观\地下洞室\右岸地下厂房尾水主洞(ab-678)\尾水主洞-单向应变计与无应力计.xlsx
DATA:Sa6-1,3,测值异常
DATA:Sa7-1,3,测值异常
DATA:Sa8-1,3,测值异常
DATA:Sb6-1,3,测值异常
DATA:Sb7-1,3,测值异常
DATA:Sb8-1,3,测值异常
DATA:Na6-1,3,测值异常无应力计
DATA:Na7-1,3,测值异常无应力计
DATA:Na8-1,3,测值异常无应力计
DATA:Nb6-1,3,测值异常无应力计
DATA:Nb7-1,3,测值异常无应力计
DATA:Nb8-1,3,测值异常无应力计
FILE:2017-02-06 04:07:04,D:\AWORK\向家坝\向家坝11月数据\二标段数据及月报（2016.11）\2016年11月月报及数据\2标段内观\地下洞室\右岸地下厂房尾水扩散段(w)\尾水扩散段-单向应变计与无应力计.xlsx
DATA:Sw1-1,3,测值异常
DATA:Sw2-1,3,测值异常
DATA:Sw3-1,3,测值异常
DATA:Nw1-1,3,测值异常无应力计
DATA:Nw2-1,3,测值异常无应力计
DATA:Nw3-1,3,测值异常无应力计
FILE:2017-02-06 04:07:04,D:\AWORK\向家坝\向家坝11月数据\二标段数据及月报（2016.11）\2016年11月月报及数据\2标段内观\地下洞室\右岸地下厂房尾水支洞(ab-5)\尾水支洞-单向应变计与无应力计.xlsx
DATA:Sa5-1,3,测值异常
DATA:Sb5-1,3,测值异常
DATA:Na5-1,3,测值异常无应力计
DATA:Nb5-1,3,测值异常无应力计
FILE:2017-02-06 04:07:04,D:\AWORK\向家坝\向家坝11月数据\二标段数据及月报（2016.11）\2016年11月月报及数据\2标段内观\地下洞室\右岸地下厂房引水洞(ab-1234)\引水洞-单向应变计与无应力计.xlsx
DATA:Sa1-1,3,测值异常
DATA:Na1-1,3,测值异常无应力计
DATA:Sb2-1与Nb2-1,211,测值异常
DATA:Sb2-1与Nb2-1,235,测值异常
DATA:Sb2-1与Nb2-1,253,测值异常
DATA:Sb2-1与Nb2-1,254,测值异常
DATA:Sb2-1与Nb2-1,270,测值异常
DATA:Sb2-1与Nb2-1,274,测值异常
DATA:Sa4-1,3,测值异常
DATA:Na3-1,3,测值异常无应力计
DATA:Na4-1,3,测值异常无应力计
DATA:Sb3-1,3,测值异常
DATA:Sb4-1,3,测值异常
DATA:Nb3-1,3,测值异常无应力计
DATA:Nb4-1,3,测值异常无应力计
DATA:Sa3-1,3,测值异常
FILE:2017-02-06 04:07:04,D:\AWORK\向家坝\向家坝11月数据\二标段数据及月报（2016.11）\2016年11月月报及数据\2标段内观\地下洞室\右岸进厂交通洞\右岸交通洞-单向应变计与无应力计.xlsx
DATA:Se1-1,3,测值异常
DATA:Se2-1,3,测值异常
DATA:Se3-1,3,测值异常
DATA:Ne1-1,3,测值异常无应力计
DATA:Ne2-1,3,测值异常无应力计
DATA:Ne3-1,3,测值异常无应力计
FILE:2017-02-06 04:07:04,D:\AWORK\向家坝\向家坝11月数据\二标段数据及月报（2016.11）\2016年11月月报及数据\2标段内观\左岸高边坡\左岸边坡-单向应变计与无应力计.xlsx
DATA:9JN-1,3,测值异常无应力计
DATA:9JN-2,3,测值异常无应力计
DATA:9JN-3,3,测值异常无应力计
DATA:9JS-1,3,测值异常
DATA:9JS-1,323,Cannot get a numeric value from a text cell
DATA:9JS-2,3,测值异常
DATA:9JS-3,3,测值异常
DATA:9JS-3,217,Cannot get a numeric value from a text cell
写入9332行测值
FILE:2017-02-06 04:09:13,D:\AWORK\向家坝\向家坝11月数据\11月数据(2016.11)\11月数据\钢筋计、钢板计、锚杆应力计、压应力计\钢板计\11#机钢板计.xlsx
FILE:2017-02-06 04:09:13,D:\AWORK\向家坝\向家坝11月数据\11月数据(2016.11)\11月数据\钢筋计、钢板计、锚杆应力计、压应力计\钢板计\钢板计（一期）.xlsx
FILE:2017-02-06 04:09:13,D:\AWORK\向家坝\向家坝11月数据\11月数据(2016.11)\11月数据\钢筋计、钢板计、锚杆应力计、压应力计\钢板计\钢板计（二期）.xlsx
DATA:PSN-17,47,测值异常
FILE:2017-02-06 04:09:13,D:\AWORK\向家坝\向家坝11月数据\二标段数据及月报（2016.11）\2016年11月月报及数据\2标段内观\地下洞室\右岸地下厂房引水洞(ab-1234)\引水洞-钢板计.xlsx
DATA:PSa4-1,3,测值异常
DATA:PSa4-1,4,测值异常
DATA:PSa4-2,3,测值异常
DATA:PSa4-2,4,测值异常
DATA:PSa4-3,3,测值异常
DATA:PSa4-3,4,测值异常
DATA:PSa4-4,3,测值异常
DATA:PSa4-4,4,测值异常
DATA:PSb4-1,3,测值异常
DATA:PSb4-2,3,测值异常
DATA:PSb4-3,3,测值异常
DATA:PSb4-3,4,测值异常
DATA:PSb4-4,3,测值异常
DATA:PSb4-4,4,测值异常
FILE:2017-02-06 04:09:13,D:\AWORK\向家坝\向家坝11月数据\二标段数据及月报（2016.11）\2016年11月月报及数据\2标段内观\地下洞室\右岸地下厂房水轮机蜗壳(o)\蜗壳-钢板计.xlsx
DATA:PS01-1,3,测值异常
DATA:PS01-2,3,测值异常
DATA:PS01-3,3,测值异常
DATA:PS01-4,3,测值异常
DATA:PS01-5,3,测值异常
DATA:PS01-6,3,测值异常
DATA:PS01-7,3,测值异常
DATA:PS01-8,3,测值异常
DATA:PS01-9,3,测值异常
DATA:PS01-10,3,测值异常
DATA:PS01-11,3,测值异常
DATA:PS01-11,4,测值异常
DATA:PS01-12,3,测值异常
DATA:PS01-12,4,测值异常
DATA:PS01-13,3,测值异常
DATA:PS01-13,4,测值异常
DATA:PS01-14,3,测值异常
DATA:PS01-14,4,测值异常
DATA:PS01-15,3,测值异常
DATA:PS03-1,3,测值异常
DATA:PS03-2,3,测值异常
DATA:PS03-3,3,测值异常
DATA:PS03-4,3,测值异常
DATA:PS03-5,3,测值异常
DATA:PS03-6,3,测值异常
DATA:PS03-7,3,测值异常
DATA:PS03-8,3,测值异常
DATA:PS03-9,3,测值异常
DATA:PS03-10,3,测值异常
DATA:PS03-11,3,测值异常
DATA:PS03-12,3,测值异常
DATA:PS03-13,3,测值异常
DATA:PS03-14,3,测值异常
DATA:PS03-15,3,测值异常
写入27314行测值
FILE:2017-02-06 04:18:44,D:\AWORK\向家坝\向家坝11月数据\二标段数据及月报（2016.11）\2016年11月月报及数据\2标段内观\出水口边坡\出水口边坡-锚索测力计.xlsx
DATA:DPd-4,9,所有数据误差超限
DATA:DPd-4,10,所有数据误差超限
DATA:DPd-4,11,所有数据误差超限
DATA:DPd-4,12,所有数据误差超限
DATA:DPd-4,13,所有数据误差超限
DATA:DPd-4,14,所有数据误差超限
DATA:DPd-4,15,所有数据误差超限
DATA:DPd-4,16,所有数据误差超限
DATA:DPd-4,17,所有数据误差超限
DATA:DPd-4,18,所有数据误差超限
DATA:DPd-4,19,所有数据误差超限
DATA:DPd-4,20,所有数据误差超限
DATA:DPd-4,21,所有数据误差超限
DATA:DPd-4,22,所有数据误差超限
DATA:DPd-4,23,所有数据误差超限
DATA:DPd-4,24,所有数据误差超限
DATA:DPd-4,25,所有数据误差超限
DATA:DPd-4,26,所有数据误差超限
DATA:DPd-4,27,所有数据误差超限
DATA:DPd-4,28,所有数据误差超限
DATA:DPd-4,29,所有数据误差超限
DATA:DPd-4,30,所有数据误差超限
DATA:DPd-4,31,所有数据误差超限
DATA:DPd-4,32,所有数据误差超限
DATA:DPd-4,33,所有数据误差超限
DATA:DPd-4,34,所有数据误差超限
DATA:DPd-4,35,所有数据误差超限
DATA:DPd-4,36,所有数据误差超限
DATA:DPd-4,37,所有数据误差超限
DATA:DPd-4,38,所有数据误差超限
DATA:DPd-4,39,所有数据误差超限
DATA:DPd-4,40,所有数据误差超限
DATA:DPd-4,41,所有数据误差超限
DATA:DPd-4,42,所有数据误差超限
DATA:DPd-4,43,所有数据误差超限
DATA:DPd-4,44,所有数据误差超限
DATA:DPd-4,45,所有数据误差超限
DATA:DPd-4,46,所有数据误差超限
DATA:DPd-4,47,所有数据误差超限
DATA:DPd-4,48,所有数据误差超限
DATA:DPd-4,49,所有数据误差超限
DATA:DPd-4,50,所有数据误差超限
DATA:DPd-4,51,所有数据误差超限
DATA:DPd-4,52,所有数据误差超限
DATA:DPd-4,53,所有数据误差超限
DATA:DPd-4,54,所有数据误差超限
DATA:DPd-4,55,所有数据误差超限
DATA:DPd-4,56,所有数据误差超限
DATA:DPd-4,57,所有数据误差超限
DATA:DPd-4,58,所有数据误差超限
DATA:DPd-4,59,所有数据误差超限
DATA:DPd-4,60,所有数据误差超限
DATA:DPd-4,61,所有数据误差超限
DATA:DPd-4,62,所有数据误差超限
DATA:DPd-4,63,所有数据误差超限
DATA:DPd-4,64,所有数据误差超限
DATA:DPd-4,65,所有数据误差超限
DATA:DPd-4,66,所有数据误差超限
DATA:DPd-4,67,所有数据误差超限
DATA:DPd-4,68,所有数据误差超限
DATA:DPd-4,69,所有数据误差超限
DATA:DPd-4,70,所有数据误差超限
DATA:DPd-4,71,所有数据误差超限
DATA:DPd-4,72,所有数据误差超限
DATA:DPd-4,73,所有数据误差超限
DATA:DPd-4,74,所有数据误差超限
DATA:DPd-4,75,所有数据误差超限
DATA:DPd-4,76,所有数据误差超限
DATA:DPd-4,77,所有数据误差超限
DATA:DPd-4,78,所有数据误差超限
DATA:DPd-4,79,所有数据误差超限
DATA:DPd-4,80,所有数据误差超限
DATA:DPd-4,81,所有数据误差超限
DATA:DPd-4,82,所有数据误差超限
DATA:DPd-4,83,所有数据误差超限
DATA:DPd-4,84,所有数据误差超限
DATA:DPd-4,85,所有数据误差超限
DATA:DPd-4,86,所有数据误差超限
DATA:DPd-4,87,所有数据误差超限
DATA:DPd-4,88,所有数据误差超限
DATA:DPd-4,89,所有数据误差超限
DATA:DPd-4,90,所有数据误差超限
DATA:DPd-4,91,所有数据误差超限
DATA:DPd-4,92,所有数据误差超限
DATA:DPd-4,93,所有数据误差超限
DATA:DPd-4,94,所有数据误差超限
DATA:DPd-4,95,所有数据误差超限
DATA:DPd-4,96,所有数据误差超限
DATA:DPd-4,97,所有数据误差超限
DATA:DPd-4,98,所有数据误差超限
DATA:DPd-4,99,所有数据误差超限
DATA:DPd-4,100,所有数据误差超限
DATA:DPd-4,101,所有数据误差超限
DATA:DPd-4,102,所有数据误差超限
DATA:DPd-4,103,所有数据误差超限
DATA:DPd-4,104,所有数据误差超限
DATA:DPd-4,105,所有数据误差超限
DATA:DPd-4,106,所有数据误差超限
DATA:DPd-4,107,所有数据误差超限
DATA:DPd-4,108,所有数据误差超限
DATA:DPd-4,109,所有数据误差超限
DATA:DPd-4,110,所有数据误差超限
DATA:DPd-4,111,所有数据误差超限
DATA:DPd-4,112,所有数据误差超限
DATA:DPd-4,113,所有数据误差超限
DATA:DPd-4,114,所有数据误差超限
DATA:DPd-4,115,所有数据误差超限
FILE:2017-02-06 04:18:44,D:\AWORK\向家坝\向家坝11月数据\二标段数据及月报（2016.11）\2016年11月月报及数据\2标段内观\右岸马延坡边坡\马延坡-锚索测力计.xlsx
FILE:2017-02-06 04:18:44,D:\AWORK\向家坝\向家坝11月数据\二标段数据及月报（2016.11）\2016年11月月报及数据\2标段内观\地下洞室\右岸地下主厂房\主厂房-锚索测力计.xlsx
FILE:2017-02-06 04:18:44,D:\AWORK\向家坝\向家坝11月数据\二标段数据及月报（2016.11）\2016年11月月报及数据\2标段内观\地下洞室\右岸地下厂房主变洞\主变洞-锚索测力计.xlsx
FILE:2017-02-06 04:18:44,D:\AWORK\向家坝\向家坝11月数据\二标段数据及月报（2016.11）\2016年11月月报及数据\2标段内观\地下洞室\右岸地下厂房尾水主洞(ab-678)\尾水主洞-锚索测力计.xlsx
FILE:2017-02-06 04:18:44,D:\AWORK\向家坝\向家坝11月数据\二标段数据及月报（2016.11）\2016年11月月报及数据\2标段内观\地下洞室\右岸地下厂房尾水扩散段(w)\尾水扩散段-锚索测力计.xlsx
FILE:2017-02-06 04:18:44,D:\AWORK\向家坝\向家坝11月数据\二标段数据及月报（2016.11）\2016年11月月报及数据\2标段内观\太平料场边坡\太平料场-锚索测力计.xlsx
FILE:2017-02-06 04:18:44,D:\AWORK\向家坝\向家坝11月数据\二标段数据及月报（2016.11）\2016年11月月报及数据\2标段内观\尾渣坝-右岸护坡\右岸护坡-锚索测力计.xlsx
FILE:2017-02-06 04:18:44,D:\AWORK\向家坝\向家坝11月数据\二标段数据及月报（2016.11）\2016年11月月报及数据\2标段内观\左岸高边坡\左岸边坡-锚索测力计计算表.xlsx
DATA:2DP-1,384,Cannot get a numeric value from a text cell
DATA:Dp-1,11,Cannot get a numeric value from a text cell
DATA:Dp-1,12,Cannot get a numeric value from a text cell
DATA:Dp-1,13,Cannot get a numeric value from a text cell
DATA:Dp-1,14,Cannot get a numeric value from a text cell
DATA:Dp-1,15,Cannot get a numeric value from a text cell
DATA:Dp-1,16,Cannot get a numeric value from a text cell
DATA:Dp-1,17,Cannot get a numeric value from a text cell
FILE:2017-02-06 04:18:44,D:\AWORK\向家坝\向家坝11月数据\二标段数据及月报（2016.11）\2016年11月月报及数据\2标段内观\进水口边坡\进水口边坡-锚索测力计.xlsx
写入50330行测值
FILE:2017-02-06 04:25:33,D:\AWORK\向家坝\向家坝11月数据\11月数据(2016.11)\11月数据\钢筋计、钢板计、锚杆应力计、压应力计\锚杆应力计（二期）.xlsx
DATA:AS-H-10,220,观测日期有误
FILE:2017-02-06 04:25:33,D:\AWORK\向家坝\向家坝11月数据\二标段数据及月报（2016.11）\2016年11月月报及数据\2标段内观\出水口边坡\出水口边坡-锚杆应力计.xlsx
DATA:ASd1-3,81,观测日期有误
FILE:2017-02-06 04:25:33,D:\AWORK\向家坝\向家坝11月数据\二标段数据及月报（2016.11）\2016年11月月报及数据\2标段内观\地下洞室\右岸地下主厂房\主厂房-岩锚梁锚杆应力计.xlsx
DATA:ASy1-2,3,测值异常
DATA:ASy1-2,4,测值异常
DATA:ASy1-3,3,测值异常
DATA:ASy1-3,4,测值异常
DATA:ASy1-4,3,测值异常
DATA:ASy1-5,3,测值异常
DATA:ASy1-5,4,测值异常
DATA:ASy1-6,3,测值异常
DATA:ASy1-6,4,测值异常
DATA:ASy1-7,3,测值异常
DATA:ASy1-7,4,测值异常
DATA:ASy1-8,3,测值异常
DATA:ASy1-8,4,测值异常
DATA:ASy2-1,3,测值异常
DATA:ASy2-1,4,测值异常
DATA:ASy2-2,3,测值异常
DATA:ASy2-2,4,测值异常
DATA:ASy2-3,3,测值异常
DATA:ASy2-3,4,测值异常
DATA:ASy2-4,3,测值异常
DATA:ASy2-4,4,测值异常
DATA:ASy2-5,3,测值异常
DATA:ASy2-6,3,测值异常
DATA:ASy2-6,4,测值异常
DATA:ASy2-7,3,测值异常
DATA:ASy2-7,4,测值异常
DATA:ASy3-2,3,测值异常
DATA:ASy3-2,4,测值异常
DATA:ASy3-4,3,测值异常
DATA:ASy3-4,4,测值异常
DATA:ASy3-5,3,测值异常
DATA:ASy3-5,4,测值异常
DATA:ASy3-6,3,测值异常
DATA:ASy3-6,4,测值异常
DATA:ASy3-7,3,测值异常
DATA:ASy3-7,4,测值异常
DATA:ASy3-8,3,测值异常
DATA:ASy3-8,4,测值异常
DATA:ASy4-1,3,测值异常
DATA:ASy4-2,3,测值异常
DATA:ASy4-3,3,测值异常
DATA:ASy4-4,3,测值异常
DATA:ASy4-5,3,测值异常
DATA:ASy4-6,3,测值异常
DATA:ASy4-7,3,测值异常
DATA:ASy4-7,4,测值异常
DATA:ASy4-8,3,测值异常
DATA:ASy4-8,4,测值异常
DATA:ASy5-1,3,测值异常
DATA:ASy5-2,3,测值异常
DATA:ASy5-3,3,测值异常
DATA:ASy5-4,3,测值异常
DATA:ASy5-5,3,测值异常
DATA:ASy5-6,3,测值异常
DATA:ASy5-7,3,测值异常
DATA:ASy5-7,4,测值异常
DATA:ASy5-8,3,测值异常
DATA:ASy5-8,4,测值异常
DATA:ASy6-1,3,测值异常
DATA:ASy6-2,3,测值异常
DATA:ASy6-2,4,测值异常
DATA:ASy6-3,3,测值异常
DATA:ASy6-5,3,测值异常
DATA:ASy6-5,4,测值异常
DATA:ASy7-5,3,测值异常
DATA:ASy7-5,4,测值异常
DATA:ASy8-2,3,测值异常
DATA:ASy8-2,4,测值异常
DATA:ASy8-4,3,测值异常
DATA:ASy8-4,4,测值异常
DATA:ASy8-6,3,测值异常
DATA:ASy8-6,4,测值异常
DATA:ASy9-1,3,测值异常
DATA:ASy9-1,4,测值异常
DATA:ASy9-2,3,测值异常
DATA:ASy9-2,4,测值异常
DATA:ASy9-3,3,测值异常
DATA:ASy9-3,4,测值异常
DATA:ASy9-4,3,测值异常
DATA:ASy9-4,4,测值异常
DATA:ASy9-5,3,测值异常
DATA:ASy9-5,4,测值异常
DATA:ASy9-6,3,测值异常
DATA:ASy9-6,4,测值异常
DATA:ASy9-7,3,测值异常
DATA:ASy9-7,4,测值异常
DATA:ASy9-8,3,测值异常
DATA:ASy9-8,4,测值异常
DATA:ASy10-1,3,测值异常
DATA:ASy10-2,3,测值异常
DATA:ASy10-3,3,测值异常
DATA:ASy10-4,3,测值异常
DATA:ASy10-5,3,测值异常
DATA:ASy10-6,3,测值异常
DATA:ASy10-7,3,测值异常
DATA:ASy10-7,4,测值异常
DATA:ASy10-8,3,测值异常
DATA:ASy10-8,4,测值异常
DATA:ASy11-1,3,测值异常
DATA:ASy11-2,3,测值异常
DATA:ASy11-3,3,测值异常
DATA:ASy11-4,3,测值异常
DATA:ASy11-5,3,测值异常
DATA:ASy11-6,3,测值异常
DATA:ASy11-7,3,测值异常
DATA:ASy11-7,4,测值异常
DATA:ASy11-8,3,测值异常
DATA:ASy11-8,4,测值异常
DATA:ASy12-1,3,测值异常
DATA:ASy12-2,3,测值异常
DATA:ASy12-3,3,测值异常
DATA:ASy12-4,3,测值异常
DATA:ASy12-5,3,测值异常
DATA:ASy12-6,3,测值异常
DATA:ASy12-7,3,测值异常
DATA:ASy12-7,4,测值异常
DATA:ASy13-1,3,测值异常
DATA:ASy12-8,3,测值异常
DATA:ASy12-8,4,测值异常
DATA:ASy13-2,3,测值异常
DATA:ASy13-3,3,测值异常
DATA:ASy13-4,3,测值异常
DATA:ASy13-4,4,测值异常
DATA:ASy13-5,3,测值异常
DATA:ASy13-5,4,测值异常
DATA:ASy13-6,3,测值异常
DATA:ASy13-6,4,测值异常
DATA:ASy13-7,3,测值异常
DATA:ASy13-7,4,测值异常
DATA:ASy13-8,3,测值异常
DATA:ASy13-8,4,测值异常
DATA:ASy14-1,3,测值异常
DATA:ASy14-2,3,测值异常
DATA:ASy14-3,3,测值异常
DATA:ASy14-4,3,测值异常
DATA:ASy14-5,3,测值异常
DATA:ASy14-6,3,测值异常
DATA:ASy14-6,219,数据误差超限
DATA:ASy14-7,3,测值异常
DATA:ASy14-7,4,测值异常
DATA:ASy14-8,3,测值异常
DATA:ASy14-8,4,测值异常
FILE:2017-02-06 04:25:33,D:\AWORK\向家坝\向家坝11月数据\二标段数据及月报（2016.11）\2016年11月月报及数据\2标段内观\地下洞室\右岸地下主厂房\主厂房-锚杆应力计.xlsx
DATA:AS1-1,3,测值异常
DATA:AS1-2,3,测值异常
DATA:AS1-3,3,测值异常
DATA:AS1-3,4,测值异常
DATA:AS1-4,3,测值异常
DATA:AS1-4,4,测值异常
DATA:AS1-5,3,测值异常
DATA:AS1-6,3,测值异常
DATA:AS1-7,3,测值异常
DATA:AS1-8,3,测值异常
DATA:AS1-9,3,测值异常
DATA:AS1-9,4,测值异常
DATA:AS1-10,3,测值异常
DATA:AS1-10,4,测值异常
DATA:AS1-11,3,测值异常
DATA:AS1-12,3,测值异常
DATA:AS1-13,3,测值异常
DATA:AS1-14,3,测值异常
DATA:AS1-15,3,测值异常
DATA:AS1-16,3,测值异常
DATA:AS1-17,3,测值异常
DATA:AS1-18,3,测值异常
DATA:AS2-1,3,测值异常
DATA:AS2-2,3,测值异常
DATA:AS2-3,3,测值异常
DATA:AS2-4,3,测值异常
DATA:AS2-5,3,测值异常
DATA:AS2-6,3,测值异常
DATA:AS2-7,3,测值异常
DATA:AS2-8,3,测值异常
DATA:AS2-8,4,测值异常
DATA:AS2-9,3,测值异常
DATA:AS2-9,4,测值异常
DATA:AS2-10,3,测值异常
DATA:AS2-10,4,测值异常
DATA:AS2-11,3,测值异常
DATA:AS2-11,4,测值异常
DATA:AS2-12,3,测值异常
DATA:AS2-12,4,测值异常
DATA:AS2-13,3,测值异常
DATA:AS2-13,4,测值异常
DATA:AS2-14,3,测值异常
DATA:AS2-14,4,测值异常
DATA:AS2-15,3,测值异常
DATA:AS2-15,4,测值异常
DATA:AS3-1  ,3,测值异常
DATA:AS3-2,3,测值异常
DATA:AS3-2,4,测值异常
DATA:AS3-3,3,测值异常
DATA:AS3-3,4,测值异常
DATA:AS3-4,3,测值异常
DATA:AS3-4,4,测值异常
DATA:AS3-5,3,测值异常
DATA:AS3-6,3,测值异常
DATA:AS3-7,3,测值异常
DATA:AS3-8,3,测值异常
DATA:AS3-8,4,测值异常
DATA:AS3-9,3,测值异常
DATA:AS3-10,3,测值异常
DATA:AS3-10,4,测值异常
DATA:AS3-11,3,测值异常
DATA:AS3-12,3,测值异常
DATA:AS3-13,3,测值异常
DATA:AS3-13,4,测值异常
DATA:AS3-14,3,测值异常
DATA:AS3-14,4,测值异常
DATA:AS3-15,3,测值异常
DATA:AS3-15,4,测值异常
DATA:AS3-16,3,测值异常
DATA:AS3-16,4,测值异常
DATA:AS3-17,3,测值异常
DATA:AS3-17,4,测值异常
DATA:AS3-18,3,测值异常
DATA:AS3-18,4,测值异常
DATA:AS3-19,3,测值异常
DATA:AS3-20,3,测值异常
DATA:AS3-20,4,测值异常
DATA:AS3-21,3,测值异常
DATA:AS3-21,4,测值异常
DATA:AS3-22,3,测值异常
DATA:AS3-22,4,测值异常
DATA:AS3-23,3,测值异常
DATA:AS3-23,4,测值异常
DATA:AS3-24,3,测值异常
DATA:AS3-24,4,测值异常
DATA:AS3-25,3,测值异常
DATA:AS3-25,4,测值异常
DATA:AS3-26,3,测值异常
DATA:AS3-26,4,测值异常
DATA:AS3-27,3,测值异常
DATA:AS3-27,4,测值异常
DATA:AS3-28,3,测值异常
DATA:AS3-28,4,测值异常
DATA:AS3-29,3,测值异常
DATA:AS3-29,4,测值异常
DATA:AS3-30,3,测值异常
DATA:AS3-30,4,测值异常
DATA:AS3-31,3,测值异常
DATA:AS3-31,4,测值异常
DATA:AS3-32,3,测值异常
DATA:AS3-32,4,测值异常
DATA:AS3-33,3,测值异常
DATA:AS3-33,4,测值异常
DATA:AS4-1,3,测值异常
DATA:AS4-2,3,测值异常
DATA:AS4-2,4,测值异常
DATA:AS4-3,3,测值异常
DATA:AS4-4,3,测值异常
DATA:AS4-5,3,测值异常
DATA:AS4-6,3,测值异常
DATA:AS4-6,4,测值异常
DATA:AS4-7,3,测值异常
DATA:AS4-7,4,测值异常
DATA:AS4-8,3,测值异常
DATA:AS4-8,4,测值异常
DATA:AS4-9,3,测值异常
DATA:AS4-9,4,测值异常
DATA:AS4-10,3,测值异常
DATA:AS4-10,4,测值异常
DATA:AS4-11,3,测值异常
DATA:AS4-11,4,测值异常
DATA:AS4-12,3,测值异常
DATA:AS4-12,4,测值异常
DATA:AS4-13,3,测值异常
DATA:AS4-13,4,测值异常
DATA:AS4-14,3,测值异常
DATA:AS4-14,4,测值异常
DATA:AS4-15,3,测值异常
DATA:AS4-15,4,测值异常
DATA:AS5-1,3,测值异常
DATA:AS5-2,3,测值异常
DATA:AS5-3,3,测值异常
DATA:AS5-4,3,测值异常
DATA:AS5-4,4,测值异常
DATA:AS5-5,3,测值异常
DATA:AS5-6,3,测值异常
DATA:AS5-7,3,测值异常
DATA:AS5-8,3,测值异常
DATA:AS5-9,3,测值异常
DATA:AS5-9,4,测值异常
DATA:AS5-10,3,测值异常
DATA:AS5-11,3,测值异常
DATA:AS5-12,3,测值异常
DATA:AS5-13,3,测值异常
DATA:AS5-13,4,测值异常
DATA:AS5-14,3,测值异常
DATA:AS5-14,4,测值异常
DATA:AS5-15,3,测值异常
DATA:AS5-16,3,测值异常
DATA:AS5-17,3,测值异常
DATA:AS5-18,3,测值异常
DATA:AS5-18,4,测值异常
DATA:AS5-19,3,测值异常
DATA:AS5-20,3,测值异常
DATA:AS5-21,3,测值异常
DATA:AS5-22,3,测值异常
DATA:AS5-22,4,测值异常
DATA:AS5-23,3,测值异常
DATA:AS5-23,4,测值异常
DATA:AS5-24,3,测值异常
DATA:AS5-24,4,测值异常
DATA:AS5-25,3,测值异常
DATA:AS5-25,4,测值异常
DATA:AS5-26,3,测值异常
DATA:AS5-26,4,测值异常
DATA:AS5-27,3,测值异常
DATA:AS5-27,4,测值异常
DATA:AS5-28,3,测值异常
DATA:AS5-28,4,测值异常
DATA:AS5-29,3,测值异常
DATA:AS5-29,4,测值异常
DATA:AS5-30,3,测值异常
DATA:AS5-30,4,测值异常
DATA:AS5-31,3,测值异常
DATA:AS5-31,4,测值异常
DATA:AS5-32,3,测值异常
DATA:AS5-32,4,测值异常
DATA:AS5-33,3,测值异常
DATA:AS5-33,4,测值异常
DATA:ASA-2,3,测值异常
DATA:ASA-1,3,测值异常
DATA:ASA-3,3,测值异常
DATA:ASA-4,3,测值异常
DATA:ASA-4,4,测值异常
DATA:ASA-5,3,测值异常
DATA:ASA-5,4,测值异常
DATA:ASB-1,3,测值异常
DATA:ASB-2,3,测值异常
DATA:ASB-3,3,测值异常
DATA:ASB-3,4,测值异常
DATA:ASB-4,3,测值异常
FILE:2017-02-06 04:25:33,D:\AWORK\向家坝\向家坝11月数据\二标段数据及月报（2016.11）\2016年11月月报及数据\2标段内观\地下洞室\右岸地下厂房主变洞\主变洞-锚杆应力计.xlsx
DATA:AS7-1,3,测值异常
DATA:AS7-2,3,测值异常
DATA:AS7-2,4,测值异常
DATA:AS7-3,3,测值异常
DATA:AS7-3,4,测值异常
DATA:AS7-4,3,测值异常
DATA:AS7-4,4,测值异常
DATA:AS7-5,3,测值异常
DATA:AS7-5,4,测值异常
DATA:AS7-6,3,测值异常
DATA:AS7-6,4,测值异常
DATA:AS7-7,3,测值异常
DATA:AS7-8,3,测值异常
DATA:AS7-9,3,测值异常
DATA:AS9-1,3,测值异常
DATA:AS9-2,3,测值异常
DATA:AS9-2,4,测值异常
DATA:AS9-4,3,测值异常
DATA:AS9-4,4,测值异常
DATA:AS9-5,3,测值异常
DATA:AS9-5,4,测值异常
DATA:AS9-3,3,测值异常
DATA:AS9-3,4,测值异常
DATA:AS9-6,3,测值异常
DATA:AS9-6,4,测值异常
DATA:AS9-7,3,测值异常
FILE:2017-02-06 04:25:33,D:\AWORK\向家坝\向家坝11月数据\二标段数据及月报（2016.11）\2016年11月月报及数据\2标段内观\地下洞室\右岸地下厂房尾水主洞(ab-678)\尾水主洞-锚杆应力计.xlsx
DATA:ASa6-1,3,测值异常
DATA:ASa6-1,4,测值异常
DATA:ASa6-2,3,测值异常
DATA:ASa6-2,4,测值异常
DATA:ASa6-3,3,测值异常
DATA:ASa6-3,4,测值异常
DATA:ASa6-4,3,测值异常
DATA:ASa6-4,4,测值异常
DATA:ASa6-5,3,测值异常
DATA:ASa6-5,4,测值异常
DATA:ASa6-6,3,测值异常
DATA:ASa6-7,3,测值异常
DATA:ASa6-7,4,测值异常
DATA:ASa6-8,3,测值异常
DATA:ASa6-8,4,测值异常
DATA:ASa6-9,3,测值异常
DATA:ASa6-9,4,测值异常
DATA:ASa6-10,3,测值异常
DATA:ASa6-10,4,测值异常
DATA:ASa6-11,3,测值异常
DATA:ASa6-11,4,测值异常
DATA:ASa6-12,3,测值异常
DATA:ASa6-12,4,测值异常
DATA:ASa6-13,3,测值异常
DATA:ASa7-1,3,测值异常
DATA:ASa7-1,4,测值异常
DATA:ASa7-2,3,测值异常
DATA:ASa7-2,4,测值异常
DATA:ASa7-3,3,测值异常
DATA:ASa7-3,4,测值异常
DATA:ASa7-4,3,测值异常
DATA:ASa7-5,3,测值异常
DATA:ASa7-5,4,测值异常
DATA:ASa7-6,3,测值异常
DATA:ASa7-6,4,测值异常
DATA:ASa7-7,3,测值异常
DATA:ASa7-7,4,测值异常
DATA:ASa8-1,3,测值异常
DATA:ASa8-1,4,测值异常
DATA:ASa8-2,3,测值异常
DATA:ASa8-2,4,测值异常
DATA:ASa8-3,3,测值异常
DATA:ASa8-3,4,测值异常
DATA:ASa8-4,3,测值异常
DATA:ASa8-4,4,测值异常
DATA:ASa8-5,3,测值异常
DATA:ASa8-5,4,测值异常
DATA:ASa8-6,3,测值异常
DATA:ASa8-6,4,测值异常
DATA:ASa8-7,3,测值异常
DATA:ASa8-7,4,测值异常
DATA:ASa8-8,3,测值异常
DATA:ASa8-8,4,测值异常
DATA:ASa8-9,3,测值异常
DATA:ASa8-9,4,测值异常
DATA:ASa8-10,3,测值异常
DATA:ASa8-10,4,测值异常
DATA:ASa8-11,3,测值异常
DATA:ASa8-11,4,测值异常
DATA:ASa8-12,3,测值异常
DATA:ASa8-12,4,测值异常
DATA:ASa8-13,3,测值异常
DATA:ASa8-13,4,测值异常
DATA:ASb6-1,3,测值异常
DATA:ASb6-2,3,测值异常
DATA:ASb6-3,3,测值异常
DATA:ASb6-3,4,测值异常
DATA:ASb6-4,3,测值异常
DATA:ASb6-4,4,测值异常
DATA:ASb6-5,3,测值异常
DATA:ASb6-6,3,测值异常
DATA:ASb6-7,3,测值异常
DATA:ASb6-8,3,测值异常
DATA:ASb6-9,3,测值异常
DATA:ASb6-9,4,测值异常
DATA:ASb6-10,3,测值异常
DATA:ASb6-10,4,测值异常
DATA:ASb6-11,3,测值异常
DATA:ASb6-11,4,测值异常
DATA:ASb6-12,3,测值异常
DATA:ASb6-12,4,测值异常
DATA:ASb6-13,3,测值异常
DATA:ASb6-13,4,测值异常
DATA:ASb7-1,3,测值异常
DATA:ASb7-1,4,测值异常
DATA:ASb7-2,3,测值异常
DATA:ASb7-2,4,测值异常
DATA:ASb7-3,3,测值异常
DATA:ASb7-3,4,测值异常
DATA:ASb7-4,3,测值异常
DATA:ASb7-4,4,测值异常
DATA:ASb7-5,3,测值异常
DATA:ASb7-5,4,测值异常
DATA:ASb7-6,3,测值异常
DATA:ASb7-6,4,测值异常
DATA:ASb7-7,3,测值异常
DATA:ASb7-7,4,测值异常
DATA:ASb8-1,3,测值异常
DATA:ASb8-1,4,测值异常
DATA:ASb8-2,3,测值异常
DATA:ASb8-2,4,测值异常
DATA:ASb8-3,3,测值异常
DATA:ASb8-3,4,测值异常
DATA:ASb8-4,3,测值异常
DATA:ASb8-4,4,测值异常
DATA:ASb8-5,3,测值异常
DATA:ASb8-5,4,测值异常
DATA:ASb8-6,3,测值异常
DATA:ASb8-6,4,测值异常
DATA:ASb8-7,3,测值异常
DATA:ASb8-7,4,测值异常
DATA:ASb8-8,3,测值异常
DATA:ASb8-8,4,测值异常
DATA:ASb8-9,3,测值异常
DATA:ASb8-9,4,测值异常
DATA:ASb8-10,3,测值异常
DATA:ASb8-10,4,测值异常
DATA:ASb8-11,3,测值异常
DATA:ASb8-11,4,测值异常
DATA:ASb8-12,3,测值异常
DATA:ASb8-12,4,测值异常
DATA:ASb8-13,3,测值异常
DATA:ASb8-13,4,测值异常
FILE:2017-02-06 04:25:33,D:\AWORK\向家坝\向家坝11月数据\二标段数据及月报（2016.11）\2016年11月月报及数据\2标段内观\地下洞室\右岸地下厂房尾水扩散段(w)\尾水扩散段-锚杆应力计.xlsx
DATA:ASw1-1,3,测值异常
DATA:ASw1-1,4,测值异常
DATA:ASw1-7,3,测值异常
DATA:ASw1-7,4,测值异常
DATA:ASw2-1,3,测值异常
DATA:ASw2-1,4,测值异常
DATA:ASw2-9,3,测值异常
DATA:ASw2-9,4,测值异常
DATA:ASw3-1,3,测值异常
DATA:ASw3-1,4,测值异常
DATA:ASw3-7,3,测值异常
DATA:ASw3-7,4,测值异常
FILE:2017-02-06 04:25:33,D:\AWORK\向家坝\向家坝11月数据\二标段数据及月报（2016.11）\2016年11月月报及数据\2标段内观\地下洞室\右岸地下厂房尾水支洞(ab-5)\尾水支洞-锚杆应力计.xlsx
DATA:AS1-1,3,测值异常
DATA:AS1-2,3,测值异常
DATA:AS1-3,3,测值异常
DATA:AS1-3,4,测值异常
DATA:AS1-4,3,测值异常
DATA:AS1-4,4,测值异常
DATA:AS1-5,3,测值异常
DATA:AS1-6,3,测值异常
DATA:AS1-7,3,测值异常
DATA:AS1-8,3,测值异常
DATA:AS1-9,3,测值异常
DATA:AS1-9,4,测值异常
DATA:AS1-10,3,测值异常
DATA:AS1-10,4,测值异常
DATA:AS1-11,3,测值异常
DATA:AS1-12,3,测值异常
DATA:AS1-13,3,测值异常
DATA:AS1-14,3,测值异常
DATA:AS1-15,3,测值异常
DATA:AS1-16,3,测值异常
DATA:AS1-17,3,测值异常
DATA:AS1-18,3,测值异常
DATA:AS2-1  ,3,测值异常
DATA:AS2-2 ,3,测值异常
DATA:AS2-3 ,3,测值异常
DATA:AS2-4,3,测值异常
DATA:AS2-5,3,测值异常
DATA:AS2-6,3,测值异常
DATA:AS2-7,3,测值异常
DATA:AS2-8,3,测值异常
DATA:AS2-8,4,测值异常
DATA:AS2-9,3,测值异常
DATA:AS2-9,4,测值异常
DATA:AS2-10,3,测值异常
DATA:AS2-10,4,测值异常
DATA:AS2-11,3,测值异常
DATA:AS2-11,4,测值异常
DATA:AS2-12,3,测值异常
DATA:AS2-12,4,测值异常
DATA:AS2-13,3,测值异常
DATA:AS2-13,4,测值异常
DATA:AS2-14,3,测值异常
DATA:AS2-14,4,测值异常
DATA:AS2-15,3,测值异常
DATA:AS2-15,4,测值异常
DATA:AS3-1  ,3,测值异常
DATA:AS3-2,3,测值异常
DATA:AS3-2,4,测值异常
DATA:AS3-3,3,测值异常
DATA:AS3-3,4,测值异常
DATA:AS3-4,3,测值异常
DATA:AS3-4,4,测值异常
DATA:AS3-5,3,测值异常
DATA:AS3-6,3,测值异常
DATA:AS3-7,3,测值异常
DATA:AS3-8,3,测值异常
DATA:AS3-8,4,测值异常
DATA:AS3-9,3,测值异常
DATA:AS3-10,3,测值异常
DATA:AS3-10,4,测值异常
DATA:AS3-11,3,测值异常
DATA:AS3-12,3,测值异常
DATA:AS3-13,3,测值异常
DATA:AS3-13,4,测值异常
DATA:AS3-14,3,测值异常
DATA:AS3-14,4,测值异常
DATA:AS3-15,3,测值异常
DATA:AS3-15,4,测值异常
DATA:AS3-16,3,测值异常
DATA:AS3-16,4,测值异常
DATA:AS3-17,3,测值异常
DATA:AS3-17,4,测值异常
DATA:AS3-18,3,测值异常
DATA:AS3-18,4,测值异常
DATA:AS3-19,3,测值异常
DATA:AS3-20,3,测值异常
DATA:AS3-20,4,测值异常
DATA:AS3-21,3,测值异常
DATA:AS3-21,4,测值异常
DATA:AS3-22,3,测值异常
DATA:AS3-22,4,测值异常
DATA:AS3-23,3,测值异常
DATA:AS3-23,4,测值异常
DATA:AS3-24,3,测值异常
DATA:AS3-24,4,测值异常
DATA:AS3-25,3,测值异常
DATA:AS3-25,4,测值异常
DATA:AS3-26,3,测值异常
DATA:AS3-26,4,测值异常
DATA:AS3-27,3,测值异常
DATA:AS3-27,4,测值异常
DATA:AS3-28,3,测值异常
DATA:AS3-28,4,测值异常
DATA:AS3-29,3,测值异常
DATA:AS3-29,4,测值异常
DATA:AS3-30,3,测值异常
DATA:AS3-30,4,测值异常
DATA:AS3-31,3,测值异常
DATA:AS3-31,4,测值异常
DATA:AS3-32,3,测值异常
DATA:AS3-32,4,测值异常
DATA:AS3-33,3,测值异常
DATA:AS3-33,4,测值异常
DATA:AS4-1,3,测值异常
DATA:AS4-2,3,测值异常
DATA:AS4-2,4,测值异常
DATA:AS4-3,3,测值异常
DATA:AS4-4,3,测值异常
DATA:AS4-5,3,测值异常
DATA:AS4-6,3,测值异常
DATA:AS4-6,4,测值异常
DATA:AS4-7,3,测值异常
DATA:AS4-7,4,测值异常
DATA:AS4-8,3,测值异常
DATA:AS4-8,4,测值异常
DATA:AS4-9,3,测值异常
DATA:AS4-9,4,测值异常
DATA:AS4-10,3,测值异常
DATA:AS4-10,4,测值异常
DATA:AS4-11,3,测值异常
DATA:AS4-11,4,测值异常
DATA:AS4-12,3,测值异常
DATA:AS4-12,4,测值异常
DATA:AS4-13,3,测值异常
DATA:AS4-13,4,测值异常
DATA:AS4-14,3,测值异常
DATA:AS4-14,4,测值异常
DATA:AS4-15,3,测值异常
DATA:AS4-15,4,测值异常
DATA:AS5-1,3,测值异常
DATA:AS5-2,3,测值异常
DATA:AS5-3,3,测值异常
DATA:AS5-4,3,测值异常
DATA:AS5-4,4,测值异常
DATA:AS5-5,3,测值异常
DATA:AS5-6,3,测值异常
DATA:AS5-7,3,测值异常
DATA:AS5-8,3,测值异常
DATA:AS5-9,3,测值异常
DATA:AS5-9,4,测值异常
DATA:AS5-10,3,测值异常
DATA:AS5-11,3,测值异常
DATA:AS5-12,3,测值异常
DATA:AS5-13,3,测值异常
DATA:AS5-13,4,测值异常
DATA:AS5-14,3,测值异常
DATA:AS5-14,4,测值异常
DATA:AS5-15,3,测值异常
DATA:AS5-16,3,测值异常
DATA:AS5-17,3,测值异常
DATA:AS5-18,3,测值异常
DATA:AS5-18,4,测值异常
DATA:AS5-19,3,测值异常
DATA:AS5-20,3,测值异常
DATA:AS5-21,3,测值异常
DATA:AS5-22,3,测值异常
DATA:AS5-22,4,测值异常
DATA:AS5-23,3,测值异常
DATA:AS5-23,4,测值异常
DATA:AS5-24,3,测值异常
DATA:AS5-24,4,测值异常
DATA:AS5-25,3,测值异常
DATA:AS5-25,4,测值异常
DATA:AS5-26,3,测值异常
DATA:AS5-26,4,测值异常
DATA:AS5-27,3,测值异常
DATA:AS5-27,4,测值异常
DATA:AS5-28,3,测值异常
DATA:AS5-28,4,测值异常
DATA:AS5-29,3,测值异常
DATA:AS5-29,4,测值异常
DATA:AS5-30,3,测值异常
DATA:AS5-30,4,测值异常
DATA:AS5-31,3,测值异常
DATA:AS5-31,4,测值异常
DATA:AS5-32,3,测值异常
DATA:AS5-32,4,测值异常
DATA:ASa5-1,3,测值异常
DATA:ASa5-1,4,测值异常
DATA:ASa5-2,3,测值异常
DATA:ASa5-3,3,测值异常
DATA:ASa5-3,4,测值异常
DATA:ASa5-4,3,测值异常
DATA:ASa5-5,3,测值异常
DATA:ASa5-5,4,测值异常
DATA:ASa5-6,3,测值异常
DATA:ASa5-7,3,测值异常
DATA:ASa5-7,4,测值异常
DATA:ASb5-1,3,测值异常
DATA:ASb5-2,3,测值异常
DATA:ASb5-2,4,测值异常
DATA:ASb5-3,3,测值异常
DATA:ASb5-4,3,测值异常
DATA:ASb5-5,3,测值异常
DATA:ASb5-5,4,测值异常
DATA:ASb5-6,3,测值异常
DATA:ASb5-6,4,测值异常
DATA:ASb5-7,3,测值异常
DATA:ASb5-7,4,测值异常
DATA:ASa-9-1,3,测值异常
DATA:ASa-9-2,3,测值异常
DATA:ASa-9-3,3,测值异常
DATA:ASa-9-4,3,测值异常
DATA:ASb-9-1,3,测值异常
DATA:ASb-9-2,3,测值异常
DATA:ASb-9-3,3,测值异常
DATA:ASb-9-4,3,测值异常
FILE:2017-02-06 04:25:33,D:\AWORK\向家坝\向家坝11月数据\二标段数据及月报（2016.11）\2016年11月月报及数据\2标段内观\地下洞室\右岸地下厂房引水洞(ab-1234)\引水洞-锚杆应力计.xlsx
DATA:ASa3-1,3,测值异常
DATA:ASa3-1,4,测值异常
DATA:ASa1-1,3,测值异常
DATA:ASa1-1,4,测值异常
DATA:ASa3-2,3,测值异常
DATA:ASa3-2,4,测值异常
DATA:ASa3-3,3,测值异常
DATA:ASa3-3,4,测值异常
DATA:ASa3-4,3,测值异常
DATA:ASa3-4,4,测值异常
DATA:ASa3-5,3,测值异常
DATA:ASa4-1,3,测值异常
DATA:ASa4-2,3,测值异常
DATA:ASa4-2,4,测值异常
DATA:ASa4-3,3,测值异常
DATA:ASa4-3,4,测值异常
DATA:ASa4-4,3,测值异常
DATA:ASa4-5,3,测值异常
DATA:ASb3-1,3,测值异常
DATA:ASb3-2,3,测值异常
DATA:ASb3-2,4,测值异常
DATA:ASb3-3,3,测值异常
DATA:ASb3-3,4,测值异常
DATA:ASb3-4,3,测值异常
DATA:ASb3-4,4,测值异常
DATA:ASb3-5,3,测值异常
DATA:ASb4-1,3,测值异常
DATA:ASb4-2,3,测值异常
DATA:ASb4-3,3,测值异常
DATA:ASb4-4,3,测值异常
DATA:ASb4-4,4,测值异常
DATA:ASb4-5,3,测值异常
DATA:ASb4-5,4,测值异常
FILE:2017-02-06 04:25:33,D:\AWORK\向家坝\向家坝11月数据\二标段数据及月报（2016.11）\2016年11月月报及数据\2标段内观\地下洞室\右岸进厂交通洞\右岸交通洞-锚杆应力计.xlsx
DATA:ASe2-1,3,测值异常
DATA:ASe2-1,4,测值异常
DATA:ASe2-2,3,测值异常
DATA:ASe2-2,4,测值异常
DATA:ASe2-3,3,测值异常
DATA:ASe2-3,4,测值异常
DATA:ASe3-1,3,测值异常
DATA:ASe3-2,3,测值异常
DATA:ASe3-3 ,3,测值异常
FILE:2017-02-06 04:25:33,D:\AWORK\向家坝\向家坝11月数据\二标段数据及月报（2016.11）\2016年11月月报及数据\2标段内观\太平料场边坡\太平料场-锚杆应力计.xlsx
DATA:ASc-1,3,测值异常
DATA:ASc-1,4,测值异常
DATA:ASc-2,3,测值异常
DATA:ASc-2,4,测值异常
DATA:ASc-3,3,测值异常
DATA:ASc-3,4,测值异常
DATA:ASe-1,3,测值异常
DATA:ASe-1,4,测值异常
DATA:ASe-2,3,测值异常
DATA:ASe-2,4,测值异常
DATA:ASe-3,3,测值异常
DATA:ASe-3,4,测值异常
DATA:ASf-1,3,测值异常
DATA:ASf-1,4,测值异常
DATA:ASf-2,3,测值异常
DATA:ASf-2,4,测值异常
DATA:ASf-3,3,测值异常
DATA:ASf-3,4,测值异常
DATA:ASL1-1,3,测值异常
DATA:ASL1-1,4,测值异常
DATA:ASL1-2,3,测值异常
DATA:ASL1-2,4,测值异常
DATA:ASL1-3,3,测值异常
DATA:ASL1-4,3,测值异常
DATA:ASL1-4,4,测值异常
DATA:ASL1-5,3,测值异常
DATA:ASL1-5,4,测值异常
DATA:ASL1-6,3,测值异常
DATA:ASL1-6,4,测值异常
DATA:ASL2-1,3,测值异常
DATA:ASL2-1,4,测值异常
DATA:ASL2-2,3,测值异常
DATA:ASL2-2,4,测值异常
DATA:ASL2-3,3,测值异常
DATA:ASL2-3,4,测值异常
DATA:ASL2-4,3,测值异常
DATA:ASL2-4,4,测值异常
DATA:ASL2-6,3,测值异常
DATA:ASL2-6,4,测值异常
DATA:ASL3-1,3,测值异常
DATA:ASL3-1,4,测值异常
DATA:ASL3-2,3,测值异常
DATA:ASL3-2,4,测值异常
DATA:ASL3-3,3,测值异常
DATA:ASL3-3,4,测值异常
DATA:ASL3-4,3,测值异常
DATA:ASL3-4,4,测值异常
DATA:ASL3-5,3,测值异常
DATA:ASL3-5,4,测值异常
DATA:ASL3-6,3,测值异常
DATA:ASL3-6,4,测值异常
DATA:ASL4-1,3,测值异常
DATA:ASL4-1,4,测值异常
DATA:ASL4-2,3,测值异常
DATA:ASL4-2,4,测值异常
DATA:ASL4-3,3,测值异常
DATA:ASL4-3,4,测值异常
DATA:ASL5-1,3,测值异常
DATA:ASL5-1,4,测值异常
DATA:ASL5-2,3,测值异常
DATA:ASL5-2,4,测值异常
DATA:ASL5-3,3,测值异常
DATA:ASZ-1,3,测值异常
DATA:ASZ-1,4,测值异常
DATA:ASZ-2,3,测值异常
DATA:ASZ-2,4,测值异常
DATA:ASZ-3,3,测值异常
DATA:ASZ-3,4,测值异常
DATA:ASZ-4,3,测值异常
DATA:ASZ-4,4,测值异常
DATA:ASZ-5,3,测值异常
DATA:ASZ-5,4,测值异常
DATA:ASZ-6,3,测值异常
DATA:ASZ-6,4,测值异常
DATA:ASZ-7,3,测值异常
DATA:ASZ-7,4,测值异常
DATA:ASZ-8,3,测值异常
DATA:ASZ-8,4,测值异常
DATA:ASZ-9,3,测值异常
DATA:ASZ-9,4,测值异常
DATA:ASZ-10,3,测值异常
DATA:ASZ-10,4,测值异常
DATA:ASZ-11,3,测值异常
DATA:ASZ-11,4,测值异常
DATA:ASZ-12,3,测值异常
DATA:ASZ-13,3,测值异常
DATA:ASZ-13,4,测值异常
DATA:ASZ-14,3,测值异常
DATA:ASZ-14,4,测值异常
DATA:ASZ-15,3,测值异常
DATA:ASZ-15,4,测值异常
DATA:ASZ-16,3,测值异常
DATA:ASZ-16,4,测值异常
FILE:2017-02-06 04:25:33,D:\AWORK\向家坝\向家坝11月数据\二标段数据及月报（2016.11）\2016年11月月报及数据\2标段内观\尾渣坝-右岸护坡\右岸护坡-锚杆应力计.xlsx
DATA:ASh-2,3,测值异常
DATA:ASh-3,3,测值异常
DATA:ASh-4,3,测值异常
DATA:ASh-5 ,3,测值异常
DATA:ASh-6,3,测值异常
DATA:ASh-7 ,3,测值异常
DATA:ASh-8,3,测值异常
DATA:ASh-9,3,测值异常
DATA:ASh-10,3,测值异常
DATA:ASh-11,3,测值异常
DATA:ASh-12,3,测值异常
DATA:ASh-13,3,测值异常
DATA:ASh-14,3,测值异常
DATA:ASh-16,3,测值异常
DATA:ASh-17,3,测值异常
DATA:ASh-18,3,测值异常
DATA:ASh-19,3,测值异常
DATA:ASh-24,3,测值异常
FILE:2017-02-06 04:25:33,D:\AWORK\向家坝\向家坝11月数据\二标段数据及月报（2016.11）\2016年11月月报及数据\2标段内观\左岸高边坡\锚杆应力计\1断面锚杆应力计计算表.xlsx
FILE:2017-02-06 04:25:33,D:\AWORK\向家坝\向家坝11月数据\二标段数据及月报（2016.11）\2016年11月月报及数据\2标段内观\左岸高边坡\锚杆应力计\2断面锚杆应力计计算表.xlsx
FILE:2017-02-06 04:25:33,D:\AWORK\向家坝\向家坝11月数据\二标段数据及月报（2016.11）\2016年11月月报及数据\2标段内观\左岸高边坡\锚杆应力计\3断面锚杆应力计计算表.xlsx
DATA:3AS-22,45,观测日期有误
FILE:2017-02-06 04:25:33,D:\AWORK\向家坝\向家坝11月数据\二标段数据及月报（2016.11）\2016年11月月报及数据\2标段内观\左岸高边坡\锚杆应力计\4断面锚杆应力计计算表.xlsx
FILE:2017-02-06 04:25:33,D:\AWORK\向家坝\向家坝11月数据\二标段数据及月报（2016.11）\2016年11月月报及数据\2标段内观\左岸高边坡\锚杆应力计\5断面锚杆应力计计算表.xlsx
FILE:2017-02-06 04:25:33,D:\AWORK\向家坝\向家坝11月数据\二标段数据及月报（2016.11）\2016年11月月报及数据\2标段内观\左岸高边坡\锚杆应力计\6断面锚杆应力计计算表.xlsx
FILE:2017-02-06 04:25:33,D:\AWORK\向家坝\向家坝11月数据\二标段数据及月报（2016.11）\2016年11月月报及数据\2标段内观\左岸高边坡\锚杆应力计\7断面锚杆应力计计算表.xlsx
FILE:2017-02-06 04:25:33,D:\AWORK\向家坝\向家坝11月数据\二标段数据及月报（2016.11）\2016年11月月报及数据\2标段内观\左岸高边坡\锚杆应力计\8断面锚杆应力计计算表.xlsx
FILE:2017-02-06 04:25:33,D:\AWORK\向家坝\向家坝11月数据\二标段数据及月报（2016.11）\2016年11月月报及数据\2标段内观\左岸高边坡\锚杆应力计\9断面锚杆应力计计算表.xlsx
DATA:9AS-2,82,测值异常
DATA:9AS-8,61,测值异常
FILE:2017-02-06 04:25:33,D:\AWORK\向家坝\向家坝11月数据\二标段数据及月报（2016.11）\2016年11月月报及数据\2标段内观\左岸高边坡\锚杆应力计\交通洞锚杆应力计计算表.xlsx
FILE:2017-02-06 04:25:33,D:\AWORK\向家坝\向家坝11月数据\二标段数据及月报（2016.11）\2016年11月月报及数据\2标段内观\进水口边坡\进水口边坡-锚杆应力计.xlsx
写入304439行测值
FILE:2017-02-06 04:33:09,D:\AWORK\向家坝\向家坝11月数据\11月数据(2016.11)\11月数据\基岩变位计、回弹仪\基岩变位计（一期）.xlsx
DATA:M1c-1,613,观测日期有误
DATA:M1c-2,545,观测日期有误
DATA:M1c-4,563,观测日期有误
FILE:2017-02-06 04:33:09,D:\AWORK\向家坝\向家坝11月数据\11月数据(2016.11)\11月数据\基岩变位计、回弹仪\基岩变位计（二期）.xlsx
FILE:2017-02-06 04:33:09,D:\AWORK\向家坝\向家坝11月数据\二标段数据及月报（2016.11）\2016年11月月报及数据\2标段内观\左岸高边坡\左岸边坡-铟钢丝位移计.xlsx
写入26668行测值
FILE:2017-02-06 04:43:11,D:\AWORK\向家坝\向家坝11月数据\11月数据(2016.11)\11月数据\基岩变位计、回弹仪\基岩变位计（一期）.xlsx
DATA:M1c-1,613,观测日期有误
DATA:M1c-2,545,观测日期有误
DATA:M1c-4,563,观测日期有误
FILE:2017-02-06 04:43:11,D:\AWORK\向家坝\向家坝11月数据\11月数据(2016.11)\11月数据\基岩变位计、回弹仪\基岩变位计（二期）.xlsx
FILE:2017-02-06 04:43:11,D:\AWORK\向家坝\向家坝11月数据\二标段数据及月报（2016.11）\2016年11月月报及数据\2标段内观\左岸高边坡\左岸边坡-铟钢丝位移计.xlsx
FILE:2017-02-06 04:47:27,D:\AWORK\向家坝\向家坝11月数据\11月数据(2016.11)\11月数据\测缝计、裂缝计、位错计\11#机测缝计.xlsx
FILE:2017-02-06 04:47:27,D:\AWORK\向家坝\向家坝11月数据\11月数据(2016.11)\11月数据\测缝计、裂缝计、位错计\位错计（一期+二期）.xls
DATA:WCL-3z,248,测值异常
DATA:WCL-5y,248,测值异常
DATA:WCL-5z,248,测值异常
DATA:WCR-3-x,180,测值异常
DATA:WCR-3-y,180,测值异常
DATA:WCR-3-z,180,测值异常
DATA:WCR-3-x,181,测值异常
DATA:WCR-3-y,181,测值异常
DATA:WCR-3-z,181,测值异常
FILE:2017-02-06 04:47:27,D:\AWORK\向家坝\向家坝11月数据\11月数据(2016.11)\11月数据\测缝计、裂缝计、位错计\导流底孔测缝计.xlsx
FILE:2017-02-06 04:47:27,D:\AWORK\向家坝\向家坝11月数据\11月数据(2016.11)\11月数据\测缝计、裂缝计、位错计\测缝计（一期）.xlsx
DATA:JC-7,390,观测日期有误
FILE:2017-02-06 04:47:27,D:\AWORK\向家坝\向家坝11月数据\11月数据(2016.11)\11月数据\测缝计、裂缝计、位错计\测缝计（二期）.xlsx
DATA:KG-11,236,测值异常
DATA:KG-11,238,测值异常
DATA:KG-11,239,测值异常
DATA:KG-11,240,测值异常
DATA:KG-11,241,测值异常
DATA:KG-11,242,测值异常
DATA:KG-11,243,测值异常
DATA:KG-11,244,测值异常
DATA:KG-11,245,测值异常
DATA:KG-11,246,测值异常
DATA:KG-11,247,测值异常
DATA:KG-11,250,测值异常
DATA:JEY-4,333,数据误差超限
DATA:J3-2,239,测值异常
DATA:J3-2,240,测值异常
DATA:J3-2,241,测值异常
DATA:J3-2,242,测值异常
DATA:J3-2,243,测值异常
DATA:J3-2,244,测值异常
DATA:J3-2,245,测值异常
DATA:J3-2,246,测值异常
DATA:J3-2,247,测值异常
DATA:J3-2,248,测值异常
DATA:J3-2,249,测值异常
DATA:J3-2,250,测值异常
DATA:J3-2,251,测值异常
DATA:J3-2,252,测值异常
DATA:J3-2,253,测值异常
DATA:J3-2,254,测值异常
DATA:J3-2,255,测值异常
DATA:J4-1,336,数据误差超限
DATA:J06-10,219,观测日期有误
FILE:2017-02-06 04:47:27,D:\AWORK\向家坝\向家坝11月数据\11月数据(2016.11)\11月数据\测缝计、裂缝计、位错计\裂缝计（一期）.xlsx
DATA:LF1-1,293,数据误差超限
DATA:LF1-1,294,数据误差超限
DATA:LF1-1,295,数据误差超限
DATA:LF1-1,296,数据误差超限
DATA:LF1-1,297,数据误差超限
FILE:2017-02-06 04:47:27,D:\AWORK\向家坝\向家坝11月数据\二标段数据及月报（2016.11）\2016年11月月报及数据\2标段内观\地下洞室\右岸地下主厂房\主厂房-岩锚梁测缝计.xlsx
DATA:Jy1-1,3,测值异常
DATA:Jy1-1,4,测值异常
DATA:Jy1-2,3,测值异常
DATA:Jy1-2,4,测值异常
DATA:Jy2-1,3,测值异常
DATA:Jy2-1,4,测值异常
DATA:Jy2-2,3,测值异常
DATA:Jy2-2,4,测值异常
DATA:Jy3-1,3,测值异常
DATA:Jy3-1,4,测值异常
DATA:Jy3-2,3,测值异常
DATA:Jy3-2,4,测值异常
DATA:Jy4-1,3,测值异常
DATA:Jy4-1,4,测值异常
DATA:Jy4-2,3,测值异常
DATA:Jy4-2,4,测值异常
DATA:Jy5-1,3,测值异常
DATA:Jy5-1,4,测值异常
DATA:Jy5-2,3,测值异常
DATA:Jy5-2,4,测值异常
DATA:Jy6-1,3,测值异常
DATA:Jy6-1,4,测值异常
DATA:Jy6-2,3,测值异常
DATA:Jy6-2,4,测值异常
DATA:Jy7-1,3,测值异常
DATA:Jy7-1,4,测值异常
DATA:Jy7-2,3,测值异常
DATA:Jy7-2,4,测值异常
DATA:Jy8-1,3,测值异常
DATA:Jy8-1,4,测值异常
DATA:Jy8-2,3,测值异常
DATA:Jy8-2,4,测值异常
DATA:Jy9-1,3,测值异常
DATA:Jy9-1,4,测值异常
DATA:Jy9-2,3,测值异常
DATA:Jy9-2,4,测值异常
DATA:Jy10-1,3,测值异常
DATA:Jy10-1,4,测值异常
DATA:Jy10-2,3,测值异常
DATA:Jy10-2,4,测值异常
DATA:Jy11-1,3,测值异常
DATA:Jy11-1,4,测值异常
DATA:Jy11-2,3,测值异常
DATA:Jy11-2,4,测值异常
DATA:Jy12-1,3,测值异常
DATA:Jy12-1,4,测值异常
DATA:Jy12-2,3,测值异常
DATA:Jy12-2,4,测值异常
DATA:Jy13-1,3,测值异常
DATA:Jy13-1,4,测值异常
DATA:Jy13-2,3,测值异常
DATA:Jy13-2,4,测值异常
DATA:Jy14-1,3,测值异常
DATA:Jy14-1,4,测值异常
DATA:Jy14-2,3,测值异常
DATA:Jy14-2,4,测值异常
DATA:Jy14-2,5,测值异常
FILE:2017-02-06 04:47:27,D:\AWORK\向家坝\向家坝11月数据\二标段数据及月报（2016.11）\2016年11月月报及数据\2标段内观\地下洞室\右岸地下主厂房\主厂房-岩锚梁混凝土测缝计.xlsx
DATA:Ja-1,3,测值异常
DATA:Ja-1,4,测值异常
DATA:Ja-2,3,测值异常
DATA:Ja-2,4,测值异常
DATA:Jb-1,3,测值异常
DATA:Jb-1,4,测值异常
DATA:Jb-2,3,测值异常
DATA:Jb-2,4,测值异常
FILE:2017-02-06 04:47:27,D:\AWORK\向家坝\向家坝11月数据\二标段数据及月报（2016.11）\2016年11月月报及数据\2标段内观\地下洞室\右岸地下主厂房\主厂房-岩锚梁混凝土裂缝计.xlsx
DATA:Ka-1,3,测值异常
DATA:Ka-2,3,测值异常
DATA:Kb-1,3,测值异常
FILE:2017-02-06 04:47:27,D:\AWORK\向家坝\向家坝11月数据\二标段数据及月报（2016.11）\2016年11月月报及数据\2标段内观\地下洞室\右岸地下厂房243高程以下(j)\243高程以下-测缝计.xlsx
DATA:Jj1-1,3,测值异常
DATA:Jj1-1,4,测值异常
DATA:Jj2-1,3,测值异常
DATA:Jj2-1,4,测值异常
FILE:2017-02-06 04:47:27,D:\AWORK\向家坝\向家坝11月数据\二标段数据及月报（2016.11）\2016年11月月报及数据\2标段内观\地下洞室\右岸地下厂房尾水主洞(ab-678)\尾水主洞-测缝计.xlsx
DATA:Ja6-1,3,测值异常
DATA:Ja6-2,3,测值异常
DATA:Ja6-2,4,测值异常
DATA:Ja7-1,3,测值异常
DATA:Ja7-1,4,测值异常
DATA:Ja7-2,3,测值异常
DATA:Ja7-2,4,测值异常
DATA:Ja7-3,3,测值异常
DATA:Ja7-3,4,测值异常
DATA:Ja8-1,3,测值异常
DATA:Ja8-1,4,测值异常
DATA:Ja8-2,3,测值异常
DATA:Ja8-2,4,测值异常
DATA:Ja8-3,3,测值异常
DATA:Ja8-3,4,测值异常
DATA:Ja9-1,3,测值异常
DATA:Ja9-1,4,测值异常
DATA:Ja9-2,3,测值异常
DATA:Ja9-2,4,测值异常
DATA:Ja9-3,3,测值异常
DATA:Ja9-3,4,测值异常
DATA:Jb6-1,3,测值异常
DATA:Jb6-1,4,测值异常
DATA:Jb6-2,3,测值异常
DATA:Jb6-2,4,测值异常
DATA:Jb7-1,3,测值异常
DATA:Jb7-1,4,测值异常
DATA:Jb8-1,3,测值异常
DATA:Jb8-1,4,测值异常
DATA:Jb8-2,3,测值异常
DATA:Jb8-2,4,测值异常
DATA:Jb8-3,3,测值异常
DATA:Jb8-3,4,测值异常
DATA:Jb9-1,3,测值异常
DATA:Jb9-1,4,测值异常
DATA:Jb9-2,3,测值异常
DATA:Jb9-2,4,测值异常
DATA:Jb9-3,3,测值异常
DATA:Jb9-3,4,测值异常
DATA:Jb10-1,3,测值异常
DATA:Jb10-1,4,测值异常
DATA:Jb10-2,3,测值异常
DATA:Jb10-2,4,测值异常
DATA:Jb10-3,3,测值异常
DATA:Jb10-3,4,测值异常
FILE:2017-02-06 04:47:27,D:\AWORK\向家坝\向家坝11月数据\二标段数据及月报（2016.11）\2016年11月月报及数据\2标段内观\地下洞室\右岸地下厂房尾水扩散段(w)\尾水扩散段-测缝计.xlsx
DATA:Jw1-1,3,测值异常
DATA:Jw1-1,4,测值异常
DATA:Jw2-1,3,测值异常
DATA:Jw2-1,4,测值异常
DATA:Jw3-1,3,测值异常
DATA:Jw3-1,4,测值异常
FILE:2017-02-06 04:47:27,D:\AWORK\向家坝\向家坝11月数据\二标段数据及月报（2016.11）\2016年11月月报及数据\2标段内观\地下洞室\右岸地下厂房尾水支洞(ab-5)\尾水支洞-测缝计.xlsx
DATA:Ja5-1,3,测值异常
DATA:Ja5-1,4,测值异常
DATA:Ja5-3,3,测值异常
DATA:Ja5-3,4,测值异常
DATA:Ja5-2,3,测值异常
DATA:Ja5-2,4,测值异常
DATA:Jb5-1,3,测值异常
DATA:Jb5-1,4,测值异常
DATA:Jb5-2,3,测值异常
DATA:Jb5-2,4,测值异常
DATA:Jb5-3,3,测值异常
DATA:Jb5-3,4,测值异常
FILE:2017-02-06 04:47:27,D:\AWORK\向家坝\向家坝11月数据\二标段数据及月报（2016.11）\2016年11月月报及数据\2标段内观\地下洞室\右岸地下厂房引水洞(ab-1234)\引水洞-测缝计.xlsx
DATA:Ja1-1,3,测值异常
DATA:Ja3-1,3,测值异常
DATA:Ja3-1,4,测值异常
DATA:Ja4-1,3,测值异常
DATA:Ja4-1,4,测值异常
DATA:Jb3-1,3,测值异常
DATA:Jb3-1,4,测值异常
DATA:Jb4-1,3,测值异常
DATA:Jb4-1,4,测值异常
FILE:2017-02-06 04:47:27,D:\AWORK\向家坝\向家坝11月数据\二标段数据及月报（2016.11）\2016年11月月报及数据\2标段内观\地下洞室\右岸地下厂房水轮机蜗壳(o)\蜗壳-测缝计.xlsx
DATA:J01-1,3,测值异常
DATA:J01-1,4,测值异常
DATA:J01-2,3,测值异常
DATA:J01-2,4,测值异常
DATA:J01-3,3,测值异常
DATA:J01-3,4,测值异常
DATA:J01-4,3,测值异常
DATA:J01-4,4,测值异常
DATA:J01-5,3,测值异常
DATA:J01-5,4,测值异常
DATA:J01-6,3,测值异常
DATA:J01-6,4,测值异常
DATA:J01-7,3,测值异常
DATA:J01-7,4,测值异常
DATA:J01-8,3,测值异常
DATA:J01-8,4,测值异常
DATA:J01-9,3,测值异常
DATA:J01-9,4,测值异常
DATA:J01-10,3,测值异常
DATA:J01-10,4,测值异常
DATA:J01-11,3,测值异常
DATA:J01-11,4,测值异常
DATA:J01-12,3,测值异常
DATA:J01-12,4,测值异常
DATA:J01-13,3,测值异常
DATA:J01-13,4,测值异常
DATA:J03-1,3,测值异常
DATA:J03-1,4,测值异常
DATA:J03-2,3,测值异常
DATA:J03-2,4,测值异常
DATA:J03-3,3,测值异常
DATA:J03-3,4,测值异常
DATA:J03-4,3,测值异常
DATA:J03-4,4,测值异常
DATA:J03-5,3,测值异常
DATA:J03-5,4,测值异常
DATA:J03-6,3,测值异常
DATA:J03-6,4,测值异常
DATA:J03-7,3,测值异常
DATA:J03-7,4,测值异常
DATA:J03-8,3,测值异常
DATA:J03-8,4,测值异常
DATA:J03-9,3,测值异常
DATA:J03-9,4,测值异常
DATA:J03-10,3,测值异常
DATA:J03-10,4,测值异常
DATA:J03-11,3,测值异常
DATA:J03-11,4,测值异常
DATA:J03-12,3,测值异常
DATA:J03-12,4,测值异常
DATA:J03-13,3,测值异常
DATA:J03-13,4,测值异常
FILE:2017-02-06 04:47:27,D:\AWORK\向家坝\向家坝11月数据\二标段数据及月报（2016.11）\2016年11月月报及数据\2标段内观\左岸高边坡\左岸边坡-测缝计.xlsx
DATA:9JJ-1,3,测值异常
DATA:9JJ-2,3,测值异常
DATA:9JJ-3,3,测值异常
写入118163行测值
