FILE:2017-04-11 08:44:13,D:\AWORK\苗尾\苗尾监测数据2-28\内观资料283期\PD20探洞（测缝计）\PD20探洞测缝计.xls
FILE:2017-04-11 08:44:13,D:\AWORK\苗尾\苗尾监测数据2-28\内观资料283期\大坝\大坝垫层\测缝计.xls
FILE:2017-04-11 08:44:13,D:\AWORK\苗尾\苗尾监测数据2-28\内观资料283期\导流隧洞观测数据第283期\导流洞\导流洞测缝计.xls
DATA:Jds2-12,56,测值异常
FILE:2017-04-11 08:44:13,D:\AWORK\苗尾\苗尾监测数据2-28\内观资料283期\导流隧洞观测数据第283期\导流洞堵头\导流洞堵头测缝计.xls
FILE:2017-04-11 08:44:13,D:\AWORK\苗尾\苗尾监测数据2-28\内观资料283期\溢洪道(已移交)\溢洪道泄槽段底板\溢洪道泄槽段底板测缝计.xls
FILE:2017-04-11 08:44:13,D:\AWORK\苗尾\苗尾监测数据2-28\内观资料283期\鲁羌隧洞（测缝计）\鲁羌隧洞测缝计.xls
FILE:2017-04-11 08:44:13,D:\AWORK\苗尾\苗尾监测数据2-28\葛洲坝\冲沙兼放空洞\冲沙洞0+279.4   A断面\A断面测缝计.xls
FILE:2017-04-11 08:44:13,D:\AWORK\苗尾\苗尾监测数据2-28\葛洲坝\冲沙兼放空洞\冲沙洞0+279.4   A断面\A断面钢管缝隙计 .xls
FILE:2017-04-11 08:44:13,D:\AWORK\苗尾\苗尾监测数据2-28\葛洲坝\冲沙兼放空洞\冲沙洞0+380  B断面\测缝计.xls
FILE:2017-04-11 08:44:13,D:\AWORK\苗尾\苗尾监测数据2-28\葛洲坝\冲沙兼放空洞\冲沙洞0+380  B断面\钢管缝隙计.xls
FILE:2017-04-11 08:44:13,D:\AWORK\苗尾\苗尾监测数据2-28\葛洲坝\厂房蜗壳\2#机蜗壳钢管缝隙计.xls
FILE:2017-04-11 08:44:13,D:\AWORK\苗尾\苗尾监测数据2-28\葛洲坝\厂房蜗壳\4#机蜗壳钢管缝隙计.xls
FILE:2017-04-11 08:44:13,D:\AWORK\苗尾\苗尾监测数据2-28\葛洲坝\引水洞\1#引水洞\1#测缝计.xls
FILE:2017-04-11 08:44:13,D:\AWORK\苗尾\苗尾监测数据2-28\葛洲坝\引水洞\1#引水洞\1#钢管缝隙计.xls
FILE:2017-04-11 08:44:13,D:\AWORK\苗尾\苗尾监测数据2-28\葛洲坝\引水洞\2#引水洞\2#测缝计.xls
FILE:2017-04-11 08:44:13,D:\AWORK\苗尾\苗尾监测数据2-28\葛洲坝\引水洞\2#引水洞\2#钢管缝隙计.xls
FILE:2017-04-11 08:44:13,D:\AWORK\苗尾\苗尾监测数据2-28\葛洲坝\引水洞\3#引水洞\3#测缝计.xls
FILE:2017-04-11 08:44:13,D:\AWORK\苗尾\苗尾监测数据2-28\葛洲坝\引水洞\3#引水洞\3#钢管缝隙计.xls
FILE:2017-04-11 08:44:13,D:\AWORK\苗尾\苗尾监测数据2-28\葛洲坝\引水洞\4#引水洞\4#测缝计.xls
FILE:2017-04-11 08:44:13,D:\AWORK\苗尾\苗尾监测数据2-28\葛洲坝\引水洞\4#引水洞\4#钢管缝隙计.xls
DATA:GFYD-C4-2,13,测值异常
FILE:2017-04-11 08:44:13,D:\AWORK\苗尾\苗尾监测数据2-28\葛洲坝\引水洞\进水口边坡\测缝计.xls
写入15397行测值
写入15397行成果值
FILE:2017-04-11 08:53:11,D:\AWORK\苗尾\苗尾监测数据2-28\内观资料283期\厂前\厂前区钢筋计.xls
FILE:2017-04-11 08:53:11,D:\AWORK\苗尾\苗尾监测数据2-28\内观资料283期\厂后(已移交)\厂后区钢筋计.xls
FILE:2017-04-11 08:53:11,D:\AWORK\苗尾\苗尾监测数据2-28\内观资料283期\右坝基监测\右坝基钢筋计.xls
FILE:2017-04-11 08:53:11,D:\AWORK\苗尾\苗尾监测数据2-28\内观资料283期\右坝头监测\右坝头钢筋计.xls
FILE:2017-04-11 08:53:11,D:\AWORK\苗尾\苗尾监测数据2-28\内观资料283期\大坝\大坝垫层\钢筋计.xls
FILE:2017-04-11 08:53:11,D:\AWORK\苗尾\苗尾监测数据2-28\内观资料283期\导流隧洞观测数据第283期\导流洞\导流洞钢筋计.xls
FILE:2017-04-11 08:53:11,D:\AWORK\苗尾\苗尾监测数据2-28\内观资料283期\左坝基监测（已移交）\左坝基钢筋计.xls
FILE:2017-04-11 08:53:11,D:\AWORK\苗尾\苗尾监测数据2-28\内观资料283期\溢洪道(已移交)\溢洪道泄槽段右侧边坡\溢洪道泄槽段右侧边坡钢筋应力计.xls
FILE:2017-04-11 08:53:11,D:\AWORK\苗尾\苗尾监测数据2-28\内观资料283期\溢洪道(已移交)\溢洪道泄槽段左侧边坡\溢洪道泄槽段左侧边坡钢筋应力计.xls
FILE:2017-04-11 08:53:11,D:\AWORK\苗尾\苗尾监测数据2-28\内观资料283期\溢洪道(已移交)\溢洪道泄槽段底板\溢洪道泄槽段底板钢筋计.xls
FILE:2017-04-11 08:53:11,D:\AWORK\苗尾\苗尾监测数据2-28\内观资料283期\溢洪道(已移交)\溢洪道进水渠边坡\溢洪道边坡钢筋应力计.xls
FILE:2017-04-11 08:53:11,D:\AWORK\苗尾\苗尾监测数据2-28\内观资料283期\溢洪道(已移交)\溢洪道闸墩\溢洪道闸墩钢筋计.xls
FILE:2017-04-11 08:53:11,D:\AWORK\苗尾\苗尾监测数据2-28\内观资料283期\石料场-观测数据\钢筋计.xls
FILE:2017-04-11 08:53:11,D:\AWORK\苗尾\苗尾监测数据2-28\内观资料283期\自动化内观数据\新建文件夹\MWXC09-RBJZ-RJB左坝基进水口钢筋计周报资料.xls
FILE:2017-04-11 08:53:11,D:\AWORK\苗尾\苗尾监测数据2-28\内观资料283期\进水口(已移交)\进水口钢筋计.xls
FILE:2017-04-11 08:53:11,D:\AWORK\苗尾\苗尾监测数据2-28\葛洲坝\2#施工支洞\出口边坡\2#施工支洞边坡钢筋计.xls
FILE:2017-04-11 08:53:11,D:\AWORK\苗尾\苗尾监测数据2-28\葛洲坝\冲沙兼放空洞\冲沙洞出口延伸段\钢筋计.xls
FILE:2017-04-11 08:53:11,D:\AWORK\苗尾\苗尾监测数据2-28\葛洲坝\厂房尾水管\1#机组钢筋计.xls
FILE:2017-04-11 08:53:11,D:\AWORK\苗尾\苗尾监测数据2-28\葛洲坝\厂房尾水管\3#机组钢筋计.xls
FILE:2017-04-11 08:53:11,D:\AWORK\苗尾\苗尾监测数据2-28\葛洲坝\厂房蜗壳\2#机蜗壳钢筋计.xls
FILE:2017-04-11 08:53:11,D:\AWORK\苗尾\苗尾监测数据2-28\葛洲坝\厂房蜗壳\4#机蜗壳钢筋计 .xls
FILE:2017-04-11 08:53:11,D:\AWORK\苗尾\苗尾监测数据2-28\葛洲坝\灌溉取水交通洞\灌溉交通洞0+015\0+15衬砌钢筋计.xls
FILE:2017-04-11 08:53:11,D:\AWORK\苗尾\苗尾监测数据2-28\葛洲坝\灌溉取水交通洞\灌溉交通洞0+015\0+15钢筋计.xls
FILE:2017-04-11 08:53:11,D:\AWORK\苗尾\苗尾监测数据2-28\葛洲坝\灌溉取水交通洞\灌溉交通洞0+058\0+58衬砌钢筋计.xls
FILE:2017-04-11 08:53:11,D:\AWORK\苗尾\苗尾监测数据2-28\葛洲坝\灌溉取水交通洞\灌溉交通洞进口边坡\边坡钢筋计.xls
FILE:2017-04-11 08:54:22,D:\AWORK\苗尾\苗尾监测数据2-28\内观资料283期\PD20探洞（测缝计）\PD20探洞测缝计.xls
FILE:2017-04-11 08:54:22,D:\AWORK\苗尾\苗尾监测数据2-28\内观资料283期\大坝\大坝垫层\测缝计.xls
FILE:2017-04-11 08:54:22,D:\AWORK\苗尾\苗尾监测数据2-28\内观资料283期\导流隧洞观测数据第283期\导流洞\导流洞测缝计.xls
DATA:Jds2-12,56,测值异常
FILE:2017-04-11 08:54:22,D:\AWORK\苗尾\苗尾监测数据2-28\内观资料283期\导流隧洞观测数据第283期\导流洞堵头\导流洞堵头测缝计.xls
FILE:2017-04-11 08:54:22,D:\AWORK\苗尾\苗尾监测数据2-28\内观资料283期\溢洪道(已移交)\溢洪道泄槽段底板\溢洪道泄槽段底板测缝计.xls
FILE:2017-04-11 08:54:22,D:\AWORK\苗尾\苗尾监测数据2-28\内观资料283期\鲁羌隧洞（测缝计）\鲁羌隧洞测缝计.xls
FILE:2017-04-11 08:54:22,D:\AWORK\苗尾\苗尾监测数据2-28\葛洲坝\冲沙兼放空洞\冲沙洞0+279.4   A断面\A断面测缝计.xls
FILE:2017-04-11 08:54:22,D:\AWORK\苗尾\苗尾监测数据2-28\葛洲坝\冲沙兼放空洞\冲沙洞0+279.4   A断面\A断面钢管缝隙计 .xls
FILE:2017-04-11 08:54:22,D:\AWORK\苗尾\苗尾监测数据2-28\葛洲坝\冲沙兼放空洞\冲沙洞0+380  B断面\测缝计.xls
FILE:2017-04-11 08:54:22,D:\AWORK\苗尾\苗尾监测数据2-28\葛洲坝\冲沙兼放空洞\冲沙洞0+380  B断面\钢管缝隙计.xls
FILE:2017-04-11 08:54:22,D:\AWORK\苗尾\苗尾监测数据2-28\葛洲坝\厂房蜗壳\2#机蜗壳钢管缝隙计.xls
FILE:2017-04-11 08:54:22,D:\AWORK\苗尾\苗尾监测数据2-28\葛洲坝\厂房蜗壳\4#机蜗壳钢管缝隙计.xls
FILE:2017-04-11 08:54:22,D:\AWORK\苗尾\苗尾监测数据2-28\葛洲坝\引水洞\1#引水洞\1#测缝计.xls
FILE:2017-04-11 08:54:22,D:\AWORK\苗尾\苗尾监测数据2-28\葛洲坝\引水洞\1#引水洞\1#钢管缝隙计.xls
FILE:2017-04-11 08:54:22,D:\AWORK\苗尾\苗尾监测数据2-28\葛洲坝\引水洞\2#引水洞\2#测缝计.xls
FILE:2017-04-11 08:54:22,D:\AWORK\苗尾\苗尾监测数据2-28\葛洲坝\引水洞\2#引水洞\2#钢管缝隙计.xls
FILE:2017-04-11 08:54:22,D:\AWORK\苗尾\苗尾监测数据2-28\葛洲坝\引水洞\3#引水洞\3#测缝计.xls
FILE:2017-04-11 08:54:22,D:\AWORK\苗尾\苗尾监测数据2-28\葛洲坝\引水洞\3#引水洞\3#钢管缝隙计.xls
FILE:2017-04-11 08:54:22,D:\AWORK\苗尾\苗尾监测数据2-28\葛洲坝\引水洞\4#引水洞\4#测缝计.xls
FILE:2017-04-11 08:54:22,D:\AWORK\苗尾\苗尾监测数据2-28\葛洲坝\引水洞\4#引水洞\4#钢管缝隙计.xls
DATA:GFYD-C4-2,13,测值异常
FILE:2017-04-11 08:54:22,D:\AWORK\苗尾\苗尾监测数据2-28\葛洲坝\引水洞\进水口边坡\测缝计.xls
写入15397行测值
写入15397行成果值
FILE:2017-04-11 08:56:21,D:\AWORK\苗尾\苗尾监测数据2-28\内观资料283期\PD20探洞（测缝计）\PD20探洞测缝计.xls
FILE:2017-04-11 08:56:21,D:\AWORK\苗尾\苗尾监测数据2-28\内观资料283期\大坝\大坝垫层\测缝计.xls
FILE:2017-04-11 08:56:21,D:\AWORK\苗尾\苗尾监测数据2-28\内观资料283期\导流隧洞观测数据第283期\导流洞\导流洞测缝计.xls
DATA:Jds2-12,56,测值异常
FILE:2017-04-11 08:56:21,D:\AWORK\苗尾\苗尾监测数据2-28\内观资料283期\导流隧洞观测数据第283期\导流洞堵头\导流洞堵头测缝计.xls
FILE:2017-04-11 08:56:21,D:\AWORK\苗尾\苗尾监测数据2-28\内观资料283期\溢洪道(已移交)\溢洪道泄槽段底板\溢洪道泄槽段底板测缝计.xls
FILE:2017-04-11 08:56:21,D:\AWORK\苗尾\苗尾监测数据2-28\内观资料283期\鲁羌隧洞（测缝计）\鲁羌隧洞测缝计.xls
FILE:2017-04-11 08:56:21,D:\AWORK\苗尾\苗尾监测数据2-28\葛洲坝\冲沙兼放空洞\冲沙洞0+279.4   A断面\A断面测缝计.xls
FILE:2017-04-11 08:56:21,D:\AWORK\苗尾\苗尾监测数据2-28\葛洲坝\冲沙兼放空洞\冲沙洞0+279.4   A断面\A断面钢管缝隙计 .xls
FILE:2017-04-11 08:56:21,D:\AWORK\苗尾\苗尾监测数据2-28\葛洲坝\冲沙兼放空洞\冲沙洞0+380  B断面\测缝计.xls
FILE:2017-04-11 08:56:21,D:\AWORK\苗尾\苗尾监测数据2-28\葛洲坝\冲沙兼放空洞\冲沙洞0+380  B断面\钢管缝隙计.xls
FILE:2017-04-11 08:56:21,D:\AWORK\苗尾\苗尾监测数据2-28\葛洲坝\厂房蜗壳\2#机蜗壳钢管缝隙计.xls
FILE:2017-04-11 08:56:21,D:\AWORK\苗尾\苗尾监测数据2-28\葛洲坝\厂房蜗壳\4#机蜗壳钢管缝隙计.xls
FILE:2017-04-11 08:56:21,D:\AWORK\苗尾\苗尾监测数据2-28\葛洲坝\引水洞\1#引水洞\1#测缝计.xls
FILE:2017-04-11 08:56:21,D:\AWORK\苗尾\苗尾监测数据2-28\葛洲坝\引水洞\1#引水洞\1#钢管缝隙计.xls
FILE:2017-04-11 08:56:21,D:\AWORK\苗尾\苗尾监测数据2-28\葛洲坝\引水洞\2#引水洞\2#测缝计.xls
FILE:2017-04-11 08:56:21,D:\AWORK\苗尾\苗尾监测数据2-28\葛洲坝\引水洞\2#引水洞\2#钢管缝隙计.xls
FILE:2017-04-11 08:56:21,D:\AWORK\苗尾\苗尾监测数据2-28\葛洲坝\引水洞\3#引水洞\3#测缝计.xls
FILE:2017-04-11 08:56:21,D:\AWORK\苗尾\苗尾监测数据2-28\葛洲坝\引水洞\3#引水洞\3#钢管缝隙计.xls
FILE:2017-04-11 08:56:21,D:\AWORK\苗尾\苗尾监测数据2-28\葛洲坝\引水洞\4#引水洞\4#测缝计.xls
FILE:2017-04-11 08:56:21,D:\AWORK\苗尾\苗尾监测数据2-28\葛洲坝\引水洞\4#引水洞\4#钢管缝隙计.xls
FILE:2017-04-11 08:56:21,D:\AWORK\苗尾\苗尾监测数据2-28\葛洲坝\引水洞\进水口边坡\测缝计.xls
FILE:2017-04-11 08:56:52,D:\AWORK\苗尾\苗尾监测数据2-28\内观资料283期\PD20探洞（测缝计）\PD20探洞测缝计.xls
FILE:2017-04-11 08:56:52,D:\AWORK\苗尾\苗尾监测数据2-28\内观资料283期\大坝\大坝垫层\测缝计.xls
FILE:2017-04-11 08:56:52,D:\AWORK\苗尾\苗尾监测数据2-28\内观资料283期\导流隧洞观测数据第283期\导流洞\导流洞测缝计.xls
DATA:Jds2-12,56,测值异常
FILE:2017-04-11 08:56:52,D:\AWORK\苗尾\苗尾监测数据2-28\内观资料283期\导流隧洞观测数据第283期\导流洞堵头\导流洞堵头测缝计.xls
FILE:2017-04-11 08:56:52,D:\AWORK\苗尾\苗尾监测数据2-28\内观资料283期\溢洪道(已移交)\溢洪道泄槽段底板\溢洪道泄槽段底板测缝计.xls
FILE:2017-04-11 08:56:52,D:\AWORK\苗尾\苗尾监测数据2-28\内观资料283期\鲁羌隧洞（测缝计）\鲁羌隧洞测缝计.xls
FILE:2017-04-11 08:56:52,D:\AWORK\苗尾\苗尾监测数据2-28\葛洲坝\冲沙兼放空洞\冲沙洞0+279.4   A断面\A断面测缝计.xls
FILE:2017-04-11 08:56:52,D:\AWORK\苗尾\苗尾监测数据2-28\葛洲坝\冲沙兼放空洞\冲沙洞0+279.4   A断面\A断面钢管缝隙计 .xls
FILE:2017-04-11 08:56:52,D:\AWORK\苗尾\苗尾监测数据2-28\葛洲坝\冲沙兼放空洞\冲沙洞0+380  B断面\测缝计.xls
FILE:2017-04-11 08:56:52,D:\AWORK\苗尾\苗尾监测数据2-28\葛洲坝\冲沙兼放空洞\冲沙洞0+380  B断面\钢管缝隙计.xls
FILE:2017-04-11 08:56:52,D:\AWORK\苗尾\苗尾监测数据2-28\葛洲坝\厂房蜗壳\2#机蜗壳钢管缝隙计.xls
FILE:2017-04-11 08:56:52,D:\AWORK\苗尾\苗尾监测数据2-28\葛洲坝\厂房蜗壳\4#机蜗壳钢管缝隙计.xls
FILE:2017-04-11 08:56:52,D:\AWORK\苗尾\苗尾监测数据2-28\葛洲坝\引水洞\1#引水洞\1#测缝计.xls
FILE:2017-04-11 08:56:52,D:\AWORK\苗尾\苗尾监测数据2-28\葛洲坝\引水洞\1#引水洞\1#钢管缝隙计.xls
FILE:2017-04-11 08:56:52,D:\AWORK\苗尾\苗尾监测数据2-28\葛洲坝\引水洞\2#引水洞\2#测缝计.xls
FILE:2017-04-11 08:56:52,D:\AWORK\苗尾\苗尾监测数据2-28\葛洲坝\引水洞\2#引水洞\2#钢管缝隙计.xls
FILE:2017-04-11 08:56:52,D:\AWORK\苗尾\苗尾监测数据2-28\葛洲坝\引水洞\3#引水洞\3#测缝计.xls
FILE:2017-04-11 08:56:52,D:\AWORK\苗尾\苗尾监测数据2-28\葛洲坝\引水洞\3#引水洞\3#钢管缝隙计.xls
FILE:2017-04-11 08:56:52,D:\AWORK\苗尾\苗尾监测数据2-28\葛洲坝\引水洞\4#引水洞\4#测缝计.xls
FILE:2017-04-11 08:56:52,D:\AWORK\苗尾\苗尾监测数据2-28\葛洲坝\引水洞\4#引水洞\4#钢管缝隙计.xls
DATA:GFYD-C4-2,13,测值异常
FILE:2017-04-11 08:56:52,D:\AWORK\苗尾\苗尾监测数据2-28\葛洲坝\引水洞\进水口边坡\测缝计.xls
FILE:2017-04-11 09:19:17,D:\AWORK\苗尾\苗尾监测数据2-28\内观资料283期\PD20探洞（测缝计）\PD20探洞测缝计.xls
FILE:2017-04-11 09:19:17,D:\AWORK\苗尾\苗尾监测数据2-28\内观资料283期\大坝\大坝垫层\测缝计.xls
FILE:2017-04-11 09:19:17,D:\AWORK\苗尾\苗尾监测数据2-28\内观资料283期\导流隧洞观测数据第283期\导流洞\导流洞测缝计.xls
DATA:Jds2-12,56,测值异常
FILE:2017-04-11 09:19:17,D:\AWORK\苗尾\苗尾监测数据2-28\内观资料283期\导流隧洞观测数据第283期\导流洞堵头\导流洞堵头测缝计.xls
FILE:2017-04-11 09:19:17,D:\AWORK\苗尾\苗尾监测数据2-28\内观资料283期\溢洪道(已移交)\溢洪道泄槽段底板\溢洪道泄槽段底板测缝计.xls
FILE:2017-04-11 09:19:17,D:\AWORK\苗尾\苗尾监测数据2-28\内观资料283期\鲁羌隧洞（测缝计）\鲁羌隧洞测缝计.xls
FILE:2017-04-11 09:19:17,D:\AWORK\苗尾\苗尾监测数据2-28\葛洲坝\冲沙兼放空洞\冲沙洞0+279.4   A断面\A断面测缝计.xls
FILE:2017-04-11 09:19:17,D:\AWORK\苗尾\苗尾监测数据2-28\葛洲坝\冲沙兼放空洞\冲沙洞0+279.4   A断面\A断面钢管缝隙计 .xls
FILE:2017-04-11 09:19:17,D:\AWORK\苗尾\苗尾监测数据2-28\葛洲坝\冲沙兼放空洞\冲沙洞0+380  B断面\测缝计.xls
FILE:2017-04-11 09:19:17,D:\AWORK\苗尾\苗尾监测数据2-28\葛洲坝\冲沙兼放空洞\冲沙洞0+380  B断面\钢管缝隙计.xls
FILE:2017-04-11 09:19:17,D:\AWORK\苗尾\苗尾监测数据2-28\葛洲坝\厂房蜗壳\2#机蜗壳钢管缝隙计.xls
FILE:2017-04-11 09:19:17,D:\AWORK\苗尾\苗尾监测数据2-28\葛洲坝\厂房蜗壳\4#机蜗壳钢管缝隙计.xls
FILE:2017-04-11 09:19:17,D:\AWORK\苗尾\苗尾监测数据2-28\葛洲坝\引水洞\1#引水洞\1#测缝计.xls
FILE:2017-04-11 09:19:17,D:\AWORK\苗尾\苗尾监测数据2-28\葛洲坝\引水洞\1#引水洞\1#钢管缝隙计.xls
FILE:2017-04-11 09:19:17,D:\AWORK\苗尾\苗尾监测数据2-28\葛洲坝\引水洞\2#引水洞\2#测缝计.xls
FILE:2017-04-11 09:19:17,D:\AWORK\苗尾\苗尾监测数据2-28\葛洲坝\引水洞\2#引水洞\2#钢管缝隙计.xls
FILE:2017-04-11 09:19:17,D:\AWORK\苗尾\苗尾监测数据2-28\葛洲坝\引水洞\3#引水洞\3#测缝计.xls
FILE:2017-04-11 09:19:17,D:\AWORK\苗尾\苗尾监测数据2-28\葛洲坝\引水洞\3#引水洞\3#钢管缝隙计.xls
FILE:2017-04-11 09:19:17,D:\AWORK\苗尾\苗尾监测数据2-28\葛洲坝\引水洞\4#引水洞\4#测缝计.xls
FILE:2017-04-11 09:19:17,D:\AWORK\苗尾\苗尾监测数据2-28\葛洲坝\引水洞\4#引水洞\4#钢管缝隙计.xls
DATA:GFYD-C4-2,13,测值异常
FILE:2017-04-11 09:19:17,D:\AWORK\苗尾\苗尾监测数据2-28\葛洲坝\引水洞\进水口边坡\测缝计.xls
FILE:2017-04-11 09:21:39,D:\AWORK\苗尾\苗尾监测数据2-28\内观资料283期\PD20探洞（测缝计）\PD20探洞测缝计.xls
FILE:2017-04-11 09:21:39,D:\AWORK\苗尾\苗尾监测数据2-28\内观资料283期\大坝\大坝垫层\测缝计.xls
FILE:2017-04-11 09:21:39,D:\AWORK\苗尾\苗尾监测数据2-28\内观资料283期\导流隧洞观测数据第283期\导流洞\导流洞测缝计.xls
DATA:Jds2-12,56,测值异常
FILE:2017-04-11 09:21:39,D:\AWORK\苗尾\苗尾监测数据2-28\内观资料283期\导流隧洞观测数据第283期\导流洞堵头\导流洞堵头测缝计.xls
FILE:2017-04-11 09:21:39,D:\AWORK\苗尾\苗尾监测数据2-28\内观资料283期\溢洪道(已移交)\溢洪道泄槽段底板\溢洪道泄槽段底板测缝计.xls
FILE:2017-04-11 09:21:39,D:\AWORK\苗尾\苗尾监测数据2-28\内观资料283期\鲁羌隧洞（测缝计）\鲁羌隧洞测缝计.xls
FILE:2017-04-11 09:21:39,D:\AWORK\苗尾\苗尾监测数据2-28\葛洲坝\冲沙兼放空洞\冲沙洞0+279.4   A断面\A断面测缝计.xls
FILE:2017-04-11 09:21:39,D:\AWORK\苗尾\苗尾监测数据2-28\葛洲坝\冲沙兼放空洞\冲沙洞0+279.4   A断面\A断面钢管缝隙计 .xls
FILE:2017-04-11 09:21:39,D:\AWORK\苗尾\苗尾监测数据2-28\葛洲坝\冲沙兼放空洞\冲沙洞0+380  B断面\测缝计.xls
FILE:2017-04-11 09:21:39,D:\AWORK\苗尾\苗尾监测数据2-28\葛洲坝\冲沙兼放空洞\冲沙洞0+380  B断面\钢管缝隙计.xls
FILE:2017-04-11 09:21:39,D:\AWORK\苗尾\苗尾监测数据2-28\葛洲坝\厂房蜗壳\2#机蜗壳钢管缝隙计.xls
FILE:2017-04-11 09:21:39,D:\AWORK\苗尾\苗尾监测数据2-28\葛洲坝\厂房蜗壳\4#机蜗壳钢管缝隙计.xls
FILE:2017-04-11 09:21:39,D:\AWORK\苗尾\苗尾监测数据2-28\葛洲坝\引水洞\1#引水洞\1#测缝计.xls
FILE:2017-04-11 09:21:39,D:\AWORK\苗尾\苗尾监测数据2-28\葛洲坝\引水洞\1#引水洞\1#钢管缝隙计.xls
FILE:2017-04-11 09:21:39,D:\AWORK\苗尾\苗尾监测数据2-28\葛洲坝\引水洞\2#引水洞\2#测缝计.xls
FILE:2017-04-11 09:21:39,D:\AWORK\苗尾\苗尾监测数据2-28\葛洲坝\引水洞\2#引水洞\2#钢管缝隙计.xls
FILE:2017-04-11 09:21:39,D:\AWORK\苗尾\苗尾监测数据2-28\葛洲坝\引水洞\3#引水洞\3#测缝计.xls
FILE:2017-04-11 09:21:39,D:\AWORK\苗尾\苗尾监测数据2-28\葛洲坝\引水洞\3#引水洞\3#钢管缝隙计.xls
FILE:2017-04-11 09:21:39,D:\AWORK\苗尾\苗尾监测数据2-28\葛洲坝\引水洞\4#引水洞\4#测缝计.xls
FILE:2017-04-11 09:21:39,D:\AWORK\苗尾\苗尾监测数据2-28\葛洲坝\引水洞\4#引水洞\4#钢管缝隙计.xls
DATA:GFYD-C4-2,13,测值异常
FILE:2017-04-11 09:21:39,D:\AWORK\苗尾\苗尾监测数据2-28\葛洲坝\引水洞\进水口边坡\测缝计.xls
写入15397行测值
写入15397行成果值
FILE:2017-04-11 09:24:01,D:\AWORK\苗尾\苗尾监测数据2-28\内观资料283期\导流隧洞观测数据第283期\导流洞\导流洞洞身段仪器\导流洞应变计.xls
FILE:2017-04-11 09:24:01,D:\AWORK\苗尾\苗尾监测数据2-28\葛洲坝\冲沙兼放空洞\冲沙洞0+279.4   A断面\A断面单向应变计.xls
FILE:2017-04-11 09:24:01,D:\AWORK\苗尾\苗尾监测数据2-28\葛洲坝\冲沙兼放空洞\冲沙洞0+380  B断面\单向应变计.xls
FILE:2017-04-11 09:24:01,D:\AWORK\苗尾\苗尾监测数据2-28\葛洲坝\厂房尾水管\1#机组单向应变计.xls
FILE:2017-04-11 09:24:01,D:\AWORK\苗尾\苗尾监测数据2-28\葛洲坝\厂房尾水管\3#机组单向应变计.xls
FILE:2017-04-11 09:24:01,D:\AWORK\苗尾\苗尾监测数据2-28\葛洲坝\厂房蜗壳\2#机蜗应变计 .xls
FILE:2017-04-11 09:24:01,D:\AWORK\苗尾\苗尾监测数据2-28\葛洲坝\厂房蜗壳\4#机蜗应变计 .xls
FILE:2017-04-11 09:24:01,D:\AWORK\苗尾\苗尾监测数据2-28\葛洲坝\引水洞\1#引水洞\1#单向应变计.xls
FILE:2017-04-11 09:24:01,D:\AWORK\苗尾\苗尾监测数据2-28\葛洲坝\引水洞\2#引水洞\2#单向应变计.xls
FILE:2017-04-11 09:24:01,D:\AWORK\苗尾\苗尾监测数据2-28\葛洲坝\引水洞\3#引水洞\3#单向应变计.xls
FILE:2017-04-11 09:24:01,D:\AWORK\苗尾\苗尾监测数据2-28\葛洲坝\引水洞\4#引水洞\4#单向应变计.xls
FILE:2017-04-11 09:30:12,D:\AWORK\苗尾\苗尾监测数据2-28\内观资料283期\厂前\厂前区钢筋计.xls
FILE:2017-04-11 09:30:12,D:\AWORK\苗尾\苗尾监测数据2-28\内观资料283期\厂后(已移交)\厂后区钢筋计.xls
DATA:RChb2-1,104,数据误差超限
DATA:RChb2-1,105,数据误差超限
DATA:RChb2-1,106,数据误差超限
DATA:RChb2-1,107,数据误差超限
DATA:RChb2-1,108,数据误差超限
DATA:RChb2-1,109,数据误差超限
DATA:RChb2-1,110,数据误差超限
DATA:RChb2-1,111,数据误差超限
DATA:RChb2-1,112,数据误差超限
DATA:RChb2-1,113,数据误差超限
DATA:RChb2-1,114,数据误差超限
DATA:RChb2-1,115,数据误差超限
DATA:RChb2-1,116,数据误差超限
DATA:RChb2-1,117,数据误差超限
DATA:RChb2-1,118,数据误差超限
DATA:RChb2-1,119,数据误差超限
DATA:RChb2-1,120,数据误差超限
DATA:RChb2-1,121,数据误差超限
DATA:RChb2-1,122,数据误差超限
DATA:RChb2-1,123,数据误差超限
DATA:RChb2-1,124,数据误差超限
DATA:RChb2-1,125,数据误差超限
DATA:RChb2-1,126,数据误差超限
DATA:RChb2-1,127,数据误差超限
DATA:RChb2-1,128,数据误差超限
DATA:RChb2-1,129,数据误差超限
DATA:RChb2-1,130,数据误差超限
DATA:RChb2-1,131,数据误差超限
DATA:RChb2-1,132,数据误差超限
DATA:RChb2-1,133,数据误差超限
DATA:RChb2-1,134,数据误差超限
DATA:RChb2-1,135,数据误差超限
DATA:RChb2-1,136,数据误差超限
DATA:RChb2-1,137,数据误差超限
DATA:RChb2-1,138,数据误差超限
DATA:RChb2-1,139,数据误差超限
DATA:RChb2-1,140,数据误差超限
DATA:RChb2-1,141,数据误差超限
DATA:RChb2-1,142,数据误差超限
DATA:RChb2-1,143,数据误差超限
DATA:RChb2-1,144,数据误差超限
DATA:RChb2-1,145,数据误差超限
DATA:RChb2-1,146,数据误差超限
DATA:RChb2-1,147,数据误差超限
DATA:RChb2-1,148,数据误差超限
DATA:RChb2-1,149,数据误差超限
DATA:RChb2-1,150,数据误差超限
DATA:RChb2-1,151,数据误差超限
DATA:RChb2-1,152,数据误差超限
DATA:RChb2-1,153,数据误差超限
DATA:RChb2-1,154,数据误差超限
DATA:RChb2-1,155,数据误差超限
DATA:RChb2-1,156,数据误差超限
DATA:RChb2-1,157,数据误差超限
DATA:RChb2-1,158,数据误差超限
DATA:RChb2-1,159,数据误差超限
DATA:RChb2-1,160,数据误差超限
DATA:RChb2-1,161,数据误差超限
DATA:RChb2-1,162,数据误差超限
DATA:RChb2-1,163,数据误差超限
DATA:RChb2-1,164,数据误差超限
DATA:RChb2-1,165,数据误差超限
DATA:RChb2-1,166,数据误差超限
DATA:RChb2-1,167,数据误差超限
DATA:RChb2-1,168,数据误差超限
DATA:RChb2-1,169,数据误差超限
DATA:RChb2-1,170,数据误差超限
DATA:RChb2-1,171,数据误差超限
DATA:RChb2-1,172,数据误差超限
DATA:RChb2-1,173,数据误差超限
DATA:RChb2-1,174,数据误差超限
DATA:RChb2-1,175,数据误差超限
DATA:RChb2-1,176,数据误差超限
DATA:RChb2-1,177,数据误差超限
DATA:RChb2-1,178,数据误差超限
DATA:RChb2-1,179,数据误差超限
DATA:RChb2-1,180,数据误差超限
DATA:RChb2-1,181,数据误差超限
DATA:RChb2-1,182,数据误差超限
DATA:RChb2-1,183,数据误差超限
DATA:RChb2-1,184,数据误差超限
DATA:RChb2-1,185,数据误差超限
DATA:RChb2-1,186,数据误差超限
DATA:RChb2-1,187,数据误差超限
DATA:RChb2-1,188,数据误差超限
DATA:RChb2-1,189,数据误差超限
DATA:RChb2-1,190,数据误差超限
FILE:2017-04-11 09:30:12,D:\AWORK\苗尾\苗尾监测数据2-28\内观资料283期\右坝基监测\右坝基钢筋计.xls
FILE:2017-04-11 09:30:12,D:\AWORK\苗尾\苗尾监测数据2-28\内观资料283期\右坝头监测\右坝头钢筋计.xls
DATA:RYtb-46,79,观测日期有误
FILE:2017-04-11 09:30:12,D:\AWORK\苗尾\苗尾监测数据2-28\内观资料283期\大坝\大坝垫层\钢筋计.xls
FILE:2017-04-11 09:30:12,D:\AWORK\苗尾\苗尾监测数据2-28\内观资料283期\导流隧洞观测数据第283期\导流洞\导流洞钢筋计.xls
DATA:Rds1-22,9,数据误差超限
DATA:Rds1-22,10,数据误差超限
DATA:Rds1-22,11,数据误差超限
DATA:Rds1-22,12,数据误差超限
DATA:Rds1-22,13,数据误差超限
DATA:Rds1-22,14,数据误差超限
DATA:Rds1-22,15,数据误差超限
DATA:Rds1-22,16,数据误差超限
DATA:Rds1-22,17,数据误差超限
DATA:Rds1-22,18,数据误差超限
DATA:Rds1-22,19,数据误差超限
DATA:Rds1-22,20,数据误差超限
DATA:Rds1-22,22,数据误差超限
DATA:Rds1-22,23,数据误差超限
DATA:Rds1-22,24,数据误差超限
DATA:Rds1-22,25,数据误差超限
DATA:Rds1-22,26,数据误差超限
DATA:Rds1-22,27,数据误差超限
DATA:Rds1-22,28,数据误差超限
DATA:Rds1-22,29,数据误差超限
DATA:Rds1-22,30,数据误差超限
DATA:Rds1-22,31,数据误差超限
DATA:Rds1-22,32,数据误差超限
DATA:Rds1-22,33,数据误差超限
DATA:Rds1-22,34,数据误差超限
DATA:Rds1-22,35,数据误差超限
DATA:Rds1-22,36,数据误差超限
DATA:Rds1-22,37,数据误差超限
DATA:Rds1-22,38,数据误差超限
DATA:Rds1-22,39,数据误差超限
DATA:Rds1-22,40,数据误差超限
DATA:Rds1-22,41,数据误差超限
DATA:Rds1-22,42,数据误差超限
DATA:Rds1-22,43,数据误差超限
DATA:Rds1-22,44,数据误差超限
DATA:Rds2-22,75,数据误差超限
DATA:Rds2-22,89,数据误差超限
DATA:Rds2-22,90,数据误差超限
DATA:Rds2-22,94,数据误差超限
DATA:Rds2-22,95,数据误差超限
DATA:Rds2-22,96,数据误差超限
DATA:Rds2-22,97,数据误差超限
DATA:Rds2-22,98,数据误差超限
DATA:Rds2-22,99,数据误差超限
DATA:Rds2-22,100,数据误差超限
DATA:Rds2-22,101,数据误差超限
DATA:Rds2-22,102,数据误差超限
DATA:Rds2-22,103,数据误差超限
DATA:Rds2-22,104,数据误差超限
FILE:2017-04-11 09:30:12,D:\AWORK\苗尾\苗尾监测数据2-28\内观资料283期\左坝基监测（已移交）\左坝基钢筋计.xls
FILE:2017-04-11 09:30:12,D:\AWORK\苗尾\苗尾监测数据2-28\内观资料283期\溢洪道(已移交)\溢洪道泄槽段右侧边坡\溢洪道泄槽段右侧边坡钢筋应力计.xls
FILE:2017-04-11 09:30:12,D:\AWORK\苗尾\苗尾监测数据2-28\内观资料283期\溢洪道(已移交)\溢洪道泄槽段左侧边坡\溢洪道泄槽段左侧边坡钢筋应力计.xls
FILE:2017-04-11 09:30:12,D:\AWORK\苗尾\苗尾监测数据2-28\内观资料283期\溢洪道(已移交)\溢洪道泄槽段底板\溢洪道泄槽段底板钢筋计.xls
FILE:2017-04-11 09:30:12,D:\AWORK\苗尾\苗尾监测数据2-28\内观资料283期\溢洪道(已移交)\溢洪道进水渠边坡\溢洪道边坡钢筋应力计.xls
FILE:2017-04-11 09:30:12,D:\AWORK\苗尾\苗尾监测数据2-28\内观资料283期\溢洪道(已移交)\溢洪道闸墩\溢洪道闸墩钢筋计.xls
FILE:2017-04-11 09:30:12,D:\AWORK\苗尾\苗尾监测数据2-28\内观资料283期\石料场-观测数据\钢筋计.xls
FILE:2017-04-11 09:30:12,D:\AWORK\苗尾\苗尾监测数据2-28\内观资料283期\自动化内观数据\新建文件夹\MWXC09-RBJZ-RJB左坝基进水口钢筋计周报资料.xls
FILE:2017-04-11 09:30:12,D:\AWORK\苗尾\苗尾监测数据2-28\内观资料283期\进水口(已移交)\进水口钢筋计.xls
FILE:2017-04-11 09:30:12,D:\AWORK\苗尾\苗尾监测数据2-28\葛洲坝\2#施工支洞\出口边坡\2#施工支洞边坡钢筋计.xls
FILE:2017-04-11 09:30:12,D:\AWORK\苗尾\苗尾监测数据2-28\葛洲坝\冲沙兼放空洞\冲沙洞出口延伸段\钢筋计.xls
FILE:2017-04-11 09:30:12,D:\AWORK\苗尾\苗尾监测数据2-28\葛洲坝\厂房尾水管\1#机组钢筋计.xls
FILE:2017-04-11 09:30:12,D:\AWORK\苗尾\苗尾监测数据2-28\葛洲坝\厂房尾水管\3#机组钢筋计.xls
FILE:2017-04-11 09:30:12,D:\AWORK\苗尾\苗尾监测数据2-28\葛洲坝\厂房蜗壳\2#机蜗壳钢筋计.xls
FILE:2017-04-11 09:30:12,D:\AWORK\苗尾\苗尾监测数据2-28\葛洲坝\厂房蜗壳\4#机蜗壳钢筋计 .xls
FILE:2017-04-11 09:30:12,D:\AWORK\苗尾\苗尾监测数据2-28\葛洲坝\灌溉取水交通洞\灌溉交通洞0+015\0+15衬砌钢筋计.xls
FILE:2017-04-11 09:30:12,D:\AWORK\苗尾\苗尾监测数据2-28\葛洲坝\灌溉取水交通洞\灌溉交通洞0+015\0+15钢筋计.xls
FILE:2017-04-11 09:30:12,D:\AWORK\苗尾\苗尾监测数据2-28\葛洲坝\灌溉取水交通洞\灌溉交通洞0+058\0+58衬砌钢筋计.xls
FILE:2017-04-11 09:30:12,D:\AWORK\苗尾\苗尾监测数据2-28\葛洲坝\灌溉取水交通洞\灌溉交通洞进口边坡\边坡钢筋计.xls
FILE:2017-04-11 09:31:49,D:\AWORK\苗尾\苗尾监测数据2-28\内观资料283期\厂前\厂前区钢筋计.xls
FILE:2017-04-11 09:31:49,D:\AWORK\苗尾\苗尾监测数据2-28\内观资料283期\厂后(已移交)\厂后区钢筋计.xls
FILE:2017-04-11 09:31:49,D:\AWORK\苗尾\苗尾监测数据2-28\内观资料283期\右坝基监测\右坝基钢筋计.xls
FILE:2017-04-11 09:31:49,D:\AWORK\苗尾\苗尾监测数据2-28\内观资料283期\右坝头监测\右坝头钢筋计.xls
DATA:RYtb-46,79,观测日期有误
FILE:2017-04-11 09:31:49,D:\AWORK\苗尾\苗尾监测数据2-28\内观资料283期\大坝\大坝垫层\钢筋计.xls
FILE:2017-04-11 09:31:49,D:\AWORK\苗尾\苗尾监测数据2-28\内观资料283期\导流隧洞观测数据第283期\导流洞\导流洞钢筋计.xls
FILE:2017-04-11 09:31:49,D:\AWORK\苗尾\苗尾监测数据2-28\内观资料283期\左坝基监测（已移交）\左坝基钢筋计.xls
FILE:2017-04-11 09:31:49,D:\AWORK\苗尾\苗尾监测数据2-28\内观资料283期\溢洪道(已移交)\溢洪道泄槽段右侧边坡\溢洪道泄槽段右侧边坡钢筋应力计.xls
FILE:2017-04-11 09:31:49,D:\AWORK\苗尾\苗尾监测数据2-28\内观资料283期\溢洪道(已移交)\溢洪道泄槽段左侧边坡\溢洪道泄槽段左侧边坡钢筋应力计.xls
FILE:2017-04-11 09:31:49,D:\AWORK\苗尾\苗尾监测数据2-28\内观资料283期\溢洪道(已移交)\溢洪道泄槽段底板\溢洪道泄槽段底板钢筋计.xls
FILE:2017-04-11 09:31:49,D:\AWORK\苗尾\苗尾监测数据2-28\内观资料283期\溢洪道(已移交)\溢洪道进水渠边坡\溢洪道边坡钢筋应力计.xls
FILE:2017-04-11 09:31:49,D:\AWORK\苗尾\苗尾监测数据2-28\内观资料283期\溢洪道(已移交)\溢洪道闸墩\溢洪道闸墩钢筋计.xls
FILE:2017-04-11 09:31:49,D:\AWORK\苗尾\苗尾监测数据2-28\内观资料283期\石料场-观测数据\钢筋计.xls
FILE:2017-04-11 09:31:49,D:\AWORK\苗尾\苗尾监测数据2-28\内观资料283期\自动化内观数据\新建文件夹\MWXC09-RBJZ-RJB左坝基进水口钢筋计周报资料.xls
FILE:2017-04-11 09:31:49,D:\AWORK\苗尾\苗尾监测数据2-28\内观资料283期\进水口(已移交)\进水口钢筋计.xls
FILE:2017-04-11 09:31:49,D:\AWORK\苗尾\苗尾监测数据2-28\葛洲坝\2#施工支洞\出口边坡\2#施工支洞边坡钢筋计.xls
FILE:2017-04-11 09:31:49,D:\AWORK\苗尾\苗尾监测数据2-28\葛洲坝\冲沙兼放空洞\冲沙洞出口延伸段\钢筋计.xls
FILE:2017-04-11 09:31:49,D:\AWORK\苗尾\苗尾监测数据2-28\葛洲坝\厂房尾水管\1#机组钢筋计.xls
FILE:2017-04-11 09:31:49,D:\AWORK\苗尾\苗尾监测数据2-28\葛洲坝\厂房尾水管\3#机组钢筋计.xls
FILE:2017-04-11 09:31:49,D:\AWORK\苗尾\苗尾监测数据2-28\葛洲坝\厂房蜗壳\2#机蜗壳钢筋计.xls
FILE:2017-04-11 09:31:49,D:\AWORK\苗尾\苗尾监测数据2-28\葛洲坝\厂房蜗壳\4#机蜗壳钢筋计 .xls
FILE:2017-04-11 09:31:49,D:\AWORK\苗尾\苗尾监测数据2-28\葛洲坝\灌溉取水交通洞\灌溉交通洞0+015\0+15衬砌钢筋计.xls
FILE:2017-04-11 09:31:49,D:\AWORK\苗尾\苗尾监测数据2-28\葛洲坝\灌溉取水交通洞\灌溉交通洞0+015\0+15钢筋计.xls
FILE:2017-04-11 09:31:49,D:\AWORK\苗尾\苗尾监测数据2-28\葛洲坝\灌溉取水交通洞\灌溉交通洞0+058\0+58衬砌钢筋计.xls
FILE:2017-04-11 09:31:49,D:\AWORK\苗尾\苗尾监测数据2-28\葛洲坝\灌溉取水交通洞\灌溉交通洞进口边坡\边坡钢筋计.xls
写入74110行测值
写入74110行成果值
写入74110行测值
写入74110行成果值
FILE:2017-04-11 09:36:59,D:\AWORK\苗尾\苗尾监测数据2-28\内观资料283期\下游左岸雾化区\雾化区锚索测力计.xls
FILE:2017-04-11 09:36:59,D:\AWORK\苗尾\苗尾监测数据2-28\内观资料283期\厂后(已移交)\厂后区锚索测力计.xls
DATA:DChb1-1,13,所有数据误差超限
FILE:2017-04-11 09:36:59,D:\AWORK\苗尾\苗尾监测数据2-28\内观资料283期\右坝基监测\右坝基锚索测力计.xls
FILE:2017-04-11 09:36:59,D:\AWORK\苗尾\苗尾监测数据2-28\内观资料283期\右坝头监测\右坝头锚索测力计.xls
FILE:2017-04-11 09:36:59,D:\AWORK\苗尾\苗尾监测数据2-28\内观资料283期\大坝右岸坝前边坡\坝前边坡锚索测力计.xls
FILE:2017-04-11 09:36:59,D:\AWORK\苗尾\苗尾监测数据2-28\内观资料283期\导流隧洞观测数据第283期\出口边坡\出口锚索测力计.xls
FILE:2017-04-11 09:36:59,D:\AWORK\苗尾\苗尾监测数据2-28\内观资料283期\导流隧洞观测数据第283期\进口边坡\进口锚索测力计.xls
FILE:2017-04-11 09:36:59,D:\AWORK\苗尾\苗尾监测数据2-28\内观资料283期\左坝基监测（已移交）\左坝基锚索测力计 .xls
FILE:2017-04-11 09:36:59,D:\AWORK\苗尾\苗尾监测数据2-28\内观资料283期\拦污漂\拦污漂锚索测力计.xls
FILE:2017-04-11 09:36:59,D:\AWORK\苗尾\苗尾监测数据2-28\内观资料283期\溢洪道(已移交)\溢洪道泄槽段右侧边坡\溢洪道泄槽段右侧边坡锚索测力计.xls
FILE:2017-04-11 09:36:59,D:\AWORK\苗尾\苗尾监测数据2-28\内观资料283期\溢洪道(已移交)\溢洪道泄槽段左侧边坡\溢洪道泄槽段左侧边坡锚索测力计.xls
FILE:2017-04-11 09:36:59,D:\AWORK\苗尾\苗尾监测数据2-28\内观资料283期\溢洪道(已移交)\溢洪道进水渠边坡\溢洪道边坡锚索测力计.xls
FILE:2017-04-11 09:36:59,D:\AWORK\苗尾\苗尾监测数据2-28\内观资料283期\溢洪道(已移交)\溢洪道闸墩\溢洪道闸墩锚索测力计.xls
FILE:2017-04-11 09:36:59,D:\AWORK\苗尾\苗尾监测数据2-28\内观资料283期\石料场-观测数据\锚索测力计.xls
FILE:2017-04-11 09:36:59,D:\AWORK\苗尾\苗尾监测数据2-28\内观资料283期\自动化内观数据\新建文件夹\MWXC09-DBJZ左坝基锚索周报资料.xls
FILE:2017-04-11 09:36:59,D:\AWORK\苗尾\苗尾监测数据2-28\内观资料283期\自动化内观数据\新建文件夹\MWXC09-DJB进水口锚索周报资料.xls
FILE:2017-04-11 09:36:59,D:\AWORK\苗尾\苗尾监测数据2-28\内观资料283期\进水口(已移交)\进水口锚索测力计.xls
FILE:2017-04-11 09:36:59,D:\AWORK\苗尾\苗尾监测数据2-28\葛洲坝\2#施工支洞\出口边坡\锚索测力计.xls
FILE:2017-04-11 09:36:59,D:\AWORK\苗尾\苗尾监测数据2-28\葛洲坝\冲沙兼放空洞\冲沙兼放空洞次锚索.xls
FILE:2017-04-11 09:36:59,D:\AWORK\苗尾\苗尾监测数据2-28\葛洲坝\冲沙兼放空洞\冲沙兼防空洞出口弧门闸室主锚索.xls
FILE:2017-04-11 09:36:59,D:\AWORK\苗尾\苗尾监测数据2-28\葛洲坝\尾水渠反坡段\锚索测力计.xls
FILE:2017-04-11 09:36:59,D:\AWORK\苗尾\苗尾监测数据2-28\葛洲坝\引水洞\进水口边坡\锚索测力计.xls
FILE:2017-04-11 09:36:59,D:\AWORK\苗尾\苗尾监测数据2-28\葛洲坝\排导槽\锚索测力计排导槽.xls
FILE:2017-04-11 09:36:59,D:\AWORK\苗尾\苗尾监测数据2-28\葛洲坝\灌溉取水交通洞\灌溉交通洞进口边坡\边坡锚索测力计.xls
FILE:2017-04-11 09:36:59,D:\AWORK\苗尾\苗尾监测数据2-28\葛洲坝\集水井\集水井锚索测力计.xls
写入64786行测值
写入64786行成果值
