FILE:2017-03-31 08:23:22,D:\AWORK\苗尾\苗尾监测数据2-28\内观资料283期\下游左岸雾化区\雾化区锚索测力计.xls
FILE:2017-03-31 08:23:22,D:\AWORK\苗尾\苗尾监测数据2-28\内观资料283期\厂后(已移交)\厂后区锚索测力计.xls
DATA:DChb1-1,13,所有数据误差超限
FILE:2017-03-31 08:23:22,D:\AWORK\苗尾\苗尾监测数据2-28\内观资料283期\右坝基监测\右坝基锚索测力计.xls
FILE:2017-03-31 08:23:22,D:\AWORK\苗尾\苗尾监测数据2-28\内观资料283期\右坝头监测\右坝头锚索测力计.xls
FILE:2017-03-31 08:23:22,D:\AWORK\苗尾\苗尾监测数据2-28\内观资料283期\大坝右岸坝前边坡\坝前边坡锚索测力计.xls
FILE:2017-03-31 08:23:22,D:\AWORK\苗尾\苗尾监测数据2-28\内观资料283期\导流隧洞观测数据第283期\出口边坡\出口锚索测力计.xls
FILE:2017-03-31 08:23:22,D:\AWORK\苗尾\苗尾监测数据2-28\内观资料283期\导流隧洞观测数据第283期\进口边坡\进口锚索测力计.xls
FILE:2017-03-31 08:23:22,D:\AWORK\苗尾\苗尾监测数据2-28\内观资料283期\左坝基监测（已移交）\左坝基锚索测力计 .xls
FILE:2017-03-31 08:23:22,D:\AWORK\苗尾\苗尾监测数据2-28\内观资料283期\拦污漂\拦污漂锚索测力计.xls
FILE:2017-03-31 08:23:22,D:\AWORK\苗尾\苗尾监测数据2-28\内观资料283期\溢洪道(已移交)\溢洪道泄槽段右侧边坡\溢洪道泄槽段右侧边坡锚索测力计.xls
FILE:2017-03-31 08:23:22,D:\AWORK\苗尾\苗尾监测数据2-28\内观资料283期\溢洪道(已移交)\溢洪道泄槽段左侧边坡\溢洪道泄槽段左侧边坡锚索测力计.xls
FILE:2017-03-31 08:23:22,D:\AWORK\苗尾\苗尾监测数据2-28\内观资料283期\溢洪道(已移交)\溢洪道进水渠边坡\溢洪道边坡锚索测力计.xls
FILE:2017-03-31 08:23:22,D:\AWORK\苗尾\苗尾监测数据2-28\内观资料283期\溢洪道(已移交)\溢洪道闸墩\溢洪道闸墩锚索测力计.xls
FILE:2017-03-31 08:23:22,D:\AWORK\苗尾\苗尾监测数据2-28\内观资料283期\石料场-观测数据\锚索测力计.xls
FILE:2017-03-31 08:23:22,D:\AWORK\苗尾\苗尾监测数据2-28\内观资料283期\自动化内观数据\新建文件夹\MWXC09-DBJZ左坝基锚索周报资料.xls
FILE:2017-03-31 08:23:22,D:\AWORK\苗尾\苗尾监测数据2-28\内观资料283期\自动化内观数据\新建文件夹\MWXC09-DJB进水口锚索周报资料.xls
FILE:2017-03-31 08:23:22,D:\AWORK\苗尾\苗尾监测数据2-28\内观资料283期\进水口(已移交)\进水口锚索测力计.xls
FILE:2017-03-31 08:23:22,D:\AWORK\苗尾\苗尾监测数据2-28\葛洲坝\2#施工支洞\出口边坡\锚索测力计.xls
FILE:2017-03-31 08:23:22,D:\AWORK\苗尾\苗尾监测数据2-28\葛洲坝\冲沙兼放空洞\冲沙兼放空洞次锚索.xls
FILE:2017-03-31 08:23:22,D:\AWORK\苗尾\苗尾监测数据2-28\葛洲坝\冲沙兼放空洞\冲沙兼防空洞出口弧门闸室主锚索.xls
FILE:2017-03-31 08:23:22,D:\AWORK\苗尾\苗尾监测数据2-28\葛洲坝\尾水渠反坡段\锚索测力计.xls
FILE:2017-03-31 08:23:22,D:\AWORK\苗尾\苗尾监测数据2-28\葛洲坝\引水洞\进水口边坡\锚索测力计.xls
FILE:2017-03-31 08:23:22,D:\AWORK\苗尾\苗尾监测数据2-28\葛洲坝\排导槽\锚索测力计排导槽.xls
FILE:2017-03-31 08:23:22,D:\AWORK\苗尾\苗尾监测数据2-28\葛洲坝\灌溉取水交通洞\灌溉交通洞进口边坡\边坡锚索测力计.xls
FILE:2017-03-31 08:23:22,D:\AWORK\苗尾\苗尾监测数据2-28\葛洲坝\集水井\集水井锚索测力计.xls
写入64786行测值
写入64786行成果值
FILE:2017-03-31 08:33:15,D:\AWORK\苗尾\苗尾监测数据2-28\内观资料283期\厂前\厂前区钢筋计.xls
FILE:2017-03-31 08:33:15,D:\AWORK\苗尾\苗尾监测数据2-28\内观资料283期\厂后(已移交)\厂后区钢筋计.xls
FILE:2017-03-31 08:33:15,D:\AWORK\苗尾\苗尾监测数据2-28\内观资料283期\右坝基监测\右坝基钢筋计.xls
FILE:2017-03-31 08:33:15,D:\AWORK\苗尾\苗尾监测数据2-28\内观资料283期\右坝头监测\右坝头钢筋计.xls
FILE:2017-03-31 08:33:15,D:\AWORK\苗尾\苗尾监测数据2-28\内观资料283期\大坝\大坝垫层\钢筋计.xls
FILE:2017-03-31 08:33:15,D:\AWORK\苗尾\苗尾监测数据2-28\内观资料283期\导流隧洞观测数据第283期\出口边坡\出口锚杆应力计.xls
FILE:2017-03-31 08:33:15,D:\AWORK\苗尾\苗尾监测数据2-28\内观资料283期\导流隧洞观测数据第283期\导流洞\导流洞钢筋计.xls
FILE:2017-03-31 08:33:15,D:\AWORK\苗尾\苗尾监测数据2-28\内观资料283期\导流隧洞观测数据第283期\导流洞\导流洞锚杆应力计.xls
FILE:2017-03-31 08:33:15,D:\AWORK\苗尾\苗尾监测数据2-28\内观资料283期\导流隧洞观测数据第283期\进口边坡\进口锚杆应力计.xls
FILE:2017-03-31 08:33:15,D:\AWORK\苗尾\苗尾监测数据2-28\内观资料283期\左坝基监测（已移交）\左坝基钢筋计.xls
FILE:2017-03-31 08:33:15,D:\AWORK\苗尾\苗尾监测数据2-28\内观资料283期\溢洪道(已移交)\溢洪道泄槽段右侧边坡\溢洪道泄槽段右侧边坡钢筋应力计.xls
FILE:2017-03-31 08:33:15,D:\AWORK\苗尾\苗尾监测数据2-28\内观资料283期\溢洪道(已移交)\溢洪道泄槽段左侧边坡\溢洪道泄槽段左侧边坡钢筋应力计.xls
FILE:2017-03-31 08:33:15,D:\AWORK\苗尾\苗尾监测数据2-28\内观资料283期\溢洪道(已移交)\溢洪道泄槽段底板\溢洪道泄槽段底板钢筋计.xls
FILE:2017-03-31 08:33:15,D:\AWORK\苗尾\苗尾监测数据2-28\内观资料283期\溢洪道(已移交)\溢洪道进水渠边坡\溢洪道边坡钢筋应力计.xls
FILE:2017-03-31 08:33:15,D:\AWORK\苗尾\苗尾监测数据2-28\内观资料283期\溢洪道(已移交)\溢洪道闸墩\溢洪道闸墩钢筋计.xls
FILE:2017-03-31 08:33:15,D:\AWORK\苗尾\苗尾监测数据2-28\内观资料283期\石料场-观测数据\钢筋计.xls
FILE:2017-03-31 08:33:15,D:\AWORK\苗尾\苗尾监测数据2-28\内观资料283期\石料场-观测数据\锚杆应力计.xls
FILE:2017-03-31 08:33:15,D:\AWORK\苗尾\苗尾监测数据2-28\内观资料283期\自动化内观数据\新建文件夹\MWXC09-RBJZ-RJB左坝基进水口钢筋计周报资料.xls
FILE:2017-03-31 08:33:15,D:\AWORK\苗尾\苗尾监测数据2-28\内观资料283期\进水口(已移交)\进水口钢筋计.xls
FILE:2017-03-31 08:33:15,D:\AWORK\苗尾\苗尾监测数据2-28\内观资料283期\进水口(已移交)\挖出仪器\进水口锚杆应力计（被挖）.xls
FILE:2017-03-31 08:33:15,D:\AWORK\苗尾\苗尾监测数据2-28\葛洲坝\2#施工支洞\2#施工\1\锚杆应力计.xls
FILE:2017-03-31 08:33:15,D:\AWORK\苗尾\苗尾监测数据2-28\葛洲坝\2#施工支洞\2#施工\2\2锚杆应力计.xls
FILE:2017-03-31 08:33:15,D:\AWORK\苗尾\苗尾监测数据2-28\葛洲坝\2#施工支洞\2#施工\3\3锚杆应力计.xls
FILE:2017-03-31 08:33:15,D:\AWORK\苗尾\苗尾监测数据2-28\葛洲坝\2#施工支洞\2#施工\4\4锚杆应力计.xls
FILE:2017-03-31 08:33:15,D:\AWORK\苗尾\苗尾监测数据2-28\葛洲坝\2#施工支洞\出口边坡\2#施工支洞边坡钢筋计.xls
FILE:2017-03-31 08:33:15,D:\AWORK\苗尾\苗尾监测数据2-28\葛洲坝\冲沙兼放空洞\371-E断面\锚杆应力计.xls
FILE:2017-03-31 08:33:15,D:\AWORK\苗尾\苗尾监测数据2-28\葛洲坝\冲沙兼放空洞\A断面\A断面锚杆应力计.xls
FILE:2017-03-31 08:33:15,D:\AWORK\苗尾\苗尾监测数据2-28\葛洲坝\冲沙兼放空洞\B断面138.5\0+138.5断面锚杆应力计.xls
FILE:2017-03-31 08:33:15,D:\AWORK\苗尾\苗尾监测数据2-28\葛洲坝\冲沙兼放空洞\C断面364\0+364断面锚杆应力计.xls
FILE:2017-03-31 08:33:15,D:\AWORK\苗尾\苗尾监测数据2-28\葛洲坝\冲沙兼放空洞\冲沙洞出口延伸段\钢筋计.xls
FILE:2017-03-31 08:33:15,D:\AWORK\苗尾\苗尾监测数据2-28\葛洲坝\厂房尾水管\1#机组钢筋计.xls
FILE:2017-03-31 08:33:15,D:\AWORK\苗尾\苗尾监测数据2-28\葛洲坝\厂房尾水管\3#机组钢筋计.xls
FILE:2017-03-31 08:33:15,D:\AWORK\苗尾\苗尾监测数据2-28\葛洲坝\厂房蜗壳\2#机蜗壳钢筋计.xls
FILE:2017-03-31 08:33:15,D:\AWORK\苗尾\苗尾监测数据2-28\葛洲坝\厂房蜗壳\4#机蜗壳钢筋计 .xls
FILE:2017-03-31 08:33:15,D:\AWORK\苗尾\苗尾监测数据2-28\葛洲坝\引水洞\1#引水洞\1#锚杆应力计.xls
FILE:2017-03-31 08:33:15,D:\AWORK\苗尾\苗尾监测数据2-28\葛洲坝\引水洞\2#引水洞\2#锚杆应力计.xls
FILE:2017-03-31 08:33:15,D:\AWORK\苗尾\苗尾监测数据2-28\葛洲坝\引水洞\3#引水洞\3#引水洞锚杆应力计.xls
FILE:2017-03-31 08:33:15,D:\AWORK\苗尾\苗尾监测数据2-28\葛洲坝\引水洞\4#引水洞\4#引水洞锚杆应力计.xls
FILE:2017-03-31 08:33:15,D:\AWORK\苗尾\苗尾监测数据2-28\葛洲坝\灌溉取水交通洞\灌溉交通洞0+015\0+15两点式锚杆应力计.xls
FILE:2017-03-31 08:33:15,D:\AWORK\苗尾\苗尾监测数据2-28\葛洲坝\灌溉取水交通洞\灌溉交通洞0+015\0+15衬砌钢筋计.xls
FILE:2017-03-31 08:33:15,D:\AWORK\苗尾\苗尾监测数据2-28\葛洲坝\灌溉取水交通洞\灌溉交通洞0+015\0+15钢筋计.xls
FILE:2017-03-31 08:33:15,D:\AWORK\苗尾\苗尾监测数据2-28\葛洲坝\灌溉取水交通洞\灌溉交通洞0+045\0+45两点式锚杆应力计.xls
FILE:2017-03-31 08:33:15,D:\AWORK\苗尾\苗尾监测数据2-28\葛洲坝\灌溉取水交通洞\灌溉交通洞0+058\0+58衬砌钢筋计.xls
FILE:2017-03-31 08:33:15,D:\AWORK\苗尾\苗尾监测数据2-28\葛洲坝\灌溉取水交通洞\灌溉交通洞0+105.47B\0+105.47锚杆应力计.xls
FILE:2017-03-31 08:33:15,D:\AWORK\苗尾\苗尾监测数据2-28\葛洲坝\灌溉取水交通洞\灌溉交通洞0+131.97C\0+131.97锚杆应力计.xls
FILE:2017-03-31 08:33:15,D:\AWORK\苗尾\苗尾监测数据2-28\葛洲坝\灌溉取水交通洞\灌溉交通洞0+158.47D\0+158.47锚杆应力计.xls
FILE:2017-03-31 08:33:15,D:\AWORK\苗尾\苗尾监测数据2-28\葛洲坝\灌溉取水交通洞\灌溉交通洞0+184.97E\0+184.97锚杆应力计.xls
FILE:2017-03-31 08:33:15,D:\AWORK\苗尾\苗尾监测数据2-28\葛洲坝\灌溉取水交通洞\灌溉交通洞进口边坡\边坡钢筋计.xls
写入24237行测值
写入24237行成果值
FILE:2017-03-31 09:00:35,D:\AWORK\苗尾\苗尾监测数据2-28\内观资料283期\下游左岸雾化区\雾化区锚索测力计.xls
FILE:2017-03-31 09:00:35,D:\AWORK\苗尾\苗尾监测数据2-28\内观资料283期\厂后(已移交)\厂后区锚索测力计.xls
DATA:DChb1-1,13,所有数据误差超限
FILE:2017-03-31 09:00:35,D:\AWORK\苗尾\苗尾监测数据2-28\内观资料283期\右坝基监测\右坝基锚索测力计.xls
FILE:2017-03-31 09:00:35,D:\AWORK\苗尾\苗尾监测数据2-28\内观资料283期\右坝头监测\右坝头锚索测力计.xls
FILE:2017-03-31 09:00:35,D:\AWORK\苗尾\苗尾监测数据2-28\内观资料283期\大坝右岸坝前边坡\坝前边坡锚索测力计.xls
FILE:2017-03-31 09:00:35,D:\AWORK\苗尾\苗尾监测数据2-28\内观资料283期\导流隧洞观测数据第283期\出口边坡\出口锚索测力计.xls
FILE:2017-03-31 09:00:35,D:\AWORK\苗尾\苗尾监测数据2-28\内观资料283期\导流隧洞观测数据第283期\进口边坡\进口锚索测力计.xls
FILE:2017-03-31 09:00:35,D:\AWORK\苗尾\苗尾监测数据2-28\内观资料283期\左坝基监测（已移交）\左坝基锚索测力计 .xls
FILE:2017-03-31 09:00:35,D:\AWORK\苗尾\苗尾监测数据2-28\内观资料283期\拦污漂\拦污漂锚索测力计.xls
FILE:2017-03-31 09:00:35,D:\AWORK\苗尾\苗尾监测数据2-28\内观资料283期\溢洪道(已移交)\溢洪道泄槽段右侧边坡\溢洪道泄槽段右侧边坡锚索测力计.xls
FILE:2017-03-31 09:00:35,D:\AWORK\苗尾\苗尾监测数据2-28\内观资料283期\溢洪道(已移交)\溢洪道泄槽段左侧边坡\溢洪道泄槽段左侧边坡锚索测力计.xls
FILE:2017-03-31 09:00:35,D:\AWORK\苗尾\苗尾监测数据2-28\内观资料283期\溢洪道(已移交)\溢洪道进水渠边坡\溢洪道边坡锚索测力计.xls
FILE:2017-03-31 09:00:35,D:\AWORK\苗尾\苗尾监测数据2-28\内观资料283期\溢洪道(已移交)\溢洪道闸墩\溢洪道闸墩锚索测力计.xls
FILE:2017-03-31 09:00:35,D:\AWORK\苗尾\苗尾监测数据2-28\内观资料283期\石料场-观测数据\锚索测力计.xls
FILE:2017-03-31 09:00:35,D:\AWORK\苗尾\苗尾监测数据2-28\内观资料283期\自动化内观数据\新建文件夹\MWXC09-DBJZ左坝基锚索周报资料.xls
FILE:2017-03-31 09:00:35,D:\AWORK\苗尾\苗尾监测数据2-28\内观资料283期\自动化内观数据\新建文件夹\MWXC09-DJB进水口锚索周报资料.xls
FILE:2017-03-31 09:00:35,D:\AWORK\苗尾\苗尾监测数据2-28\内观资料283期\进水口(已移交)\进水口锚索测力计.xls
FILE:2017-03-31 09:00:35,D:\AWORK\苗尾\苗尾监测数据2-28\葛洲坝\2#施工支洞\出口边坡\锚索测力计.xls
FILE:2017-03-31 09:00:35,D:\AWORK\苗尾\苗尾监测数据2-28\葛洲坝\冲沙兼放空洞\冲沙兼放空洞次锚索.xls
FILE:2017-03-31 09:00:35,D:\AWORK\苗尾\苗尾监测数据2-28\葛洲坝\冲沙兼放空洞\冲沙兼防空洞出口弧门闸室主锚索.xls
FILE:2017-03-31 09:00:35,D:\AWORK\苗尾\苗尾监测数据2-28\葛洲坝\尾水渠反坡段\锚索测力计.xls
FILE:2017-03-31 09:00:35,D:\AWORK\苗尾\苗尾监测数据2-28\葛洲坝\引水洞\进水口边坡\锚索测力计.xls
FILE:2017-03-31 09:00:35,D:\AWORK\苗尾\苗尾监测数据2-28\葛洲坝\排导槽\锚索测力计排导槽.xls
FILE:2017-03-31 09:00:35,D:\AWORK\苗尾\苗尾监测数据2-28\葛洲坝\灌溉取水交通洞\灌溉交通洞进口边坡\边坡锚索测力计.xls
FILE:2017-03-31 09:00:35,D:\AWORK\苗尾\苗尾监测数据2-28\葛洲坝\集水井\集水井锚索测力计.xls
FILE:2017-03-31 09:02:37,D:\AWORK\苗尾\苗尾监测数据2-28\内观资料283期\下游左岸雾化区\雾化区锚索测力计.xls
FILE:2017-03-31 09:02:37,D:\AWORK\苗尾\苗尾监测数据2-28\内观资料283期\厂后(已移交)\厂后区锚索测力计.xls
DATA:DChb1-1,13,所有数据误差超限
FILE:2017-03-31 09:02:37,D:\AWORK\苗尾\苗尾监测数据2-28\内观资料283期\右坝基监测\右坝基锚索测力计.xls
FILE:2017-03-31 09:02:37,D:\AWORK\苗尾\苗尾监测数据2-28\内观资料283期\右坝头监测\右坝头锚索测力计.xls
FILE:2017-03-31 09:02:37,D:\AWORK\苗尾\苗尾监测数据2-28\内观资料283期\大坝右岸坝前边坡\坝前边坡锚索测力计.xls
FILE:2017-03-31 09:02:37,D:\AWORK\苗尾\苗尾监测数据2-28\内观资料283期\导流隧洞观测数据第283期\出口边坡\出口锚索测力计.xls
FILE:2017-03-31 09:02:37,D:\AWORK\苗尾\苗尾监测数据2-28\内观资料283期\导流隧洞观测数据第283期\进口边坡\进口锚索测力计.xls
FILE:2017-03-31 09:02:37,D:\AWORK\苗尾\苗尾监测数据2-28\内观资料283期\左坝基监测（已移交）\左坝基锚索测力计 .xls
FILE:2017-03-31 09:02:37,D:\AWORK\苗尾\苗尾监测数据2-28\内观资料283期\拦污漂\拦污漂锚索测力计.xls
FILE:2017-03-31 09:02:37,D:\AWORK\苗尾\苗尾监测数据2-28\内观资料283期\溢洪道(已移交)\溢洪道泄槽段右侧边坡\溢洪道泄槽段右侧边坡锚索测力计.xls
FILE:2017-03-31 09:02:37,D:\AWORK\苗尾\苗尾监测数据2-28\内观资料283期\溢洪道(已移交)\溢洪道泄槽段左侧边坡\溢洪道泄槽段左侧边坡锚索测力计.xls
FILE:2017-03-31 09:02:37,D:\AWORK\苗尾\苗尾监测数据2-28\内观资料283期\溢洪道(已移交)\溢洪道进水渠边坡\溢洪道边坡锚索测力计.xls
FILE:2017-03-31 09:02:37,D:\AWORK\苗尾\苗尾监测数据2-28\内观资料283期\溢洪道(已移交)\溢洪道闸墩\溢洪道闸墩锚索测力计.xls
FILE:2017-03-31 09:02:37,D:\AWORK\苗尾\苗尾监测数据2-28\内观资料283期\石料场-观测数据\锚索测力计.xls
FILE:2017-03-31 09:02:37,D:\AWORK\苗尾\苗尾监测数据2-28\内观资料283期\自动化内观数据\新建文件夹\MWXC09-DBJZ左坝基锚索周报资料.xls
FILE:2017-03-31 09:02:37,D:\AWORK\苗尾\苗尾监测数据2-28\内观资料283期\自动化内观数据\新建文件夹\MWXC09-DJB进水口锚索周报资料.xls
FILE:2017-03-31 09:02:37,D:\AWORK\苗尾\苗尾监测数据2-28\内观资料283期\进水口(已移交)\进水口锚索测力计.xls
FILE:2017-03-31 09:02:37,D:\AWORK\苗尾\苗尾监测数据2-28\葛洲坝\2#施工支洞\出口边坡\锚索测力计.xls
FILE:2017-03-31 09:02:37,D:\AWORK\苗尾\苗尾监测数据2-28\葛洲坝\冲沙兼放空洞\冲沙兼放空洞次锚索.xls
FILE:2017-03-31 09:02:37,D:\AWORK\苗尾\苗尾监测数据2-28\葛洲坝\冲沙兼放空洞\冲沙兼防空洞出口弧门闸室主锚索.xls
FILE:2017-03-31 09:02:37,D:\AWORK\苗尾\苗尾监测数据2-28\葛洲坝\尾水渠反坡段\锚索测力计.xls
FILE:2017-03-31 09:02:37,D:\AWORK\苗尾\苗尾监测数据2-28\葛洲坝\引水洞\进水口边坡\锚索测力计.xls
FILE:2017-03-31 09:02:37,D:\AWORK\苗尾\苗尾监测数据2-28\葛洲坝\排导槽\锚索测力计排导槽.xls
FILE:2017-03-31 09:02:37,D:\AWORK\苗尾\苗尾监测数据2-28\葛洲坝\灌溉取水交通洞\灌溉交通洞进口边坡\边坡锚索测力计.xls
FILE:2017-03-31 09:02:37,D:\AWORK\苗尾\苗尾监测数据2-28\葛洲坝\集水井\集水井锚索测力计.xls
FILE:2017-03-31 09:07:05,D:\AWORK\苗尾\苗尾监测数据2-28\内观资料283期\下游左岸雾化区\雾化区锚索测力计.xls
FILE:2017-03-31 09:07:05,D:\AWORK\苗尾\苗尾监测数据2-28\内观资料283期\厂后(已移交)\厂后区锚索测力计.xls
DATA:DChb1-1,13,所有数据误差超限
DATA:DChb1-1,19,所有数据误差超限
DATA:DChb1-1,20,所有数据误差超限
DATA:DChb1-1,21,所有数据误差超限
DATA:DChb1-1,22,所有数据误差超限
DATA:DChb1-1,23,所有数据误差超限
DATA:DChb1-4,90,所有数据误差超限
DATA:DChb1-4,91,所有数据误差超限
DATA:DChb1-4,92,所有数据误差超限
DATA:DChb1-4,93,所有数据误差超限
DATA:DChb1-4,94,所有数据误差超限
DATA:DChb1-4,95,所有数据误差超限
DATA:DChb1-4,96,所有数据误差超限
DATA:DChb1-4,97,所有数据误差超限
DATA:DChb1-4,98,所有数据误差超限
DATA:DChb1-4,99,所有数据误差超限
DATA:DChb1-4,100,所有数据误差超限
DATA:DChb1-4,101,所有数据误差超限
DATA:DChb1-4,102,所有数据误差超限
DATA:DChb1-4,103,所有数据误差超限
DATA:DChb1-4,104,所有数据误差超限
DATA:DChb1-4,105,所有数据误差超限
DATA:DChb1-4,106,所有数据误差超限
DATA:DChb1-4,107,所有数据误差超限
DATA:DChb1-4,108,所有数据误差超限
DATA:DChb3-2,13,所有数据误差超限
DATA:DChb3-2,18,所有数据误差超限
DATA:DChb3-2,19,所有数据误差超限
DATA:DChb3-2,20,所有数据误差超限
DATA:DChb3-2,21,所有数据误差超限
DATA:DChb3-2,22,所有数据误差超限
FILE:2017-03-31 09:07:05,D:\AWORK\苗尾\苗尾监测数据2-28\内观资料283期\右坝基监测\右坝基锚索测力计.xls
FILE:2017-03-31 09:07:05,D:\AWORK\苗尾\苗尾监测数据2-28\内观资料283期\右坝头监测\右坝头锚索测力计.xls
DATA:DYtb2,16,所有数据误差超限
DATA:DYtb2,17,所有数据误差超限
DATA:DYtb2,18,所有数据误差超限
DATA:DYtb8,13,所有数据误差超限
DATA:DYtb8,19,所有数据误差超限
DATA:DYtb8,20,所有数据误差超限
DATA:DYtb8,21,所有数据误差超限
FILE:2017-03-31 09:07:05,D:\AWORK\苗尾\苗尾监测数据2-28\内观资料283期\大坝右岸坝前边坡\坝前边坡锚索测力计.xls
FILE:2017-03-31 09:07:05,D:\AWORK\苗尾\苗尾监测数据2-28\内观资料283期\导流隧洞观测数据第283期\出口边坡\出口锚索测力计.xls
FILE:2017-03-31 09:07:05,D:\AWORK\苗尾\苗尾监测数据2-28\内观资料283期\导流隧洞观测数据第283期\进口边坡\进口锚索测力计.xls
FILE:2017-03-31 09:07:05,D:\AWORK\苗尾\苗尾监测数据2-28\内观资料283期\左坝基监测（已移交）\左坝基锚索测力计 .xls
DATA:DBJZ-L1394-2,230,所有数据误差超限
DATA:DBJZ-L1394-2,231,所有数据误差超限
FILE:2017-03-31 09:07:05,D:\AWORK\苗尾\苗尾监测数据2-28\内观资料283期\拦污漂\拦污漂锚索测力计.xls
FILE:2017-03-31 09:07:05,D:\AWORK\苗尾\苗尾监测数据2-28\内观资料283期\溢洪道(已移交)\溢洪道泄槽段右侧边坡\溢洪道泄槽段右侧边坡锚索测力计.xls
FILE:2017-03-31 09:07:05,D:\AWORK\苗尾\苗尾监测数据2-28\内观资料283期\溢洪道(已移交)\溢洪道泄槽段左侧边坡\溢洪道泄槽段左侧边坡锚索测力计.xls
FILE:2017-03-31 09:07:05,D:\AWORK\苗尾\苗尾监测数据2-28\内观资料283期\溢洪道(已移交)\溢洪道进水渠边坡\溢洪道边坡锚索测力计.xls
DATA:DYb1-1,16,所有数据误差超限
DATA:DYb1-1,17,所有数据误差超限
DATA:DYb1-1,18,所有数据误差超限
DATA:DYb1-1,19,所有数据误差超限
DATA:DYb1-1,20,所有数据误差超限
DATA:DYb1-2,13,所有数据误差超限
FILE:2017-03-31 09:07:05,D:\AWORK\苗尾\苗尾监测数据2-28\内观资料283期\溢洪道(已移交)\溢洪道闸墩\溢洪道闸墩锚索测力计.xls
FILE:2017-03-31 09:07:05,D:\AWORK\苗尾\苗尾监测数据2-28\内观资料283期\石料场-观测数据\锚索测力计.xls
FILE:2017-03-31 09:07:05,D:\AWORK\苗尾\苗尾监测数据2-28\内观资料283期\自动化内观数据\新建文件夹\MWXC09-DBJZ左坝基锚索周报资料.xls
FILE:2017-03-31 09:07:05,D:\AWORK\苗尾\苗尾监测数据2-28\内观资料283期\自动化内观数据\新建文件夹\MWXC09-DJB进水口锚索周报资料.xls
FILE:2017-03-31 09:07:05,D:\AWORK\苗尾\苗尾监测数据2-28\内观资料283期\进水口(已移交)\进水口锚索测力计.xls
FILE:2017-03-31 09:07:05,D:\AWORK\苗尾\苗尾监测数据2-28\葛洲坝\2#施工支洞\出口边坡\锚索测力计.xls
FILE:2017-03-31 09:07:05,D:\AWORK\苗尾\苗尾监测数据2-28\葛洲坝\冲沙兼放空洞\冲沙兼放空洞次锚索.xls
FILE:2017-03-31 09:07:05,D:\AWORK\苗尾\苗尾监测数据2-28\葛洲坝\冲沙兼放空洞\冲沙兼防空洞出口弧门闸室主锚索.xls
FILE:2017-03-31 09:07:05,D:\AWORK\苗尾\苗尾监测数据2-28\葛洲坝\尾水渠反坡段\锚索测力计.xls
FILE:2017-03-31 09:07:05,D:\AWORK\苗尾\苗尾监测数据2-28\葛洲坝\引水洞\进水口边坡\锚索测力计.xls
FILE:2017-03-31 09:07:05,D:\AWORK\苗尾\苗尾监测数据2-28\葛洲坝\排导槽\锚索测力计排导槽.xls
FILE:2017-03-31 09:07:05,D:\AWORK\苗尾\苗尾监测数据2-28\葛洲坝\灌溉取水交通洞\灌溉交通洞进口边坡\边坡锚索测力计.xls
FILE:2017-03-31 09:07:05,D:\AWORK\苗尾\苗尾监测数据2-28\葛洲坝\集水井\集水井锚索测力计.xls
写入64741行测值
写入64741行成果值
FILE:2017-03-31 09:10:46,D:\AWORK\苗尾\苗尾监测数据2-28\内观资料283期\下游左岸雾化区\雾化区锚索测力计.xls
FILE:2017-03-31 09:10:46,D:\AWORK\苗尾\苗尾监测数据2-28\内观资料283期\厂后(已移交)\厂后区锚索测力计.xls
DATA:DChb1-1,13,所有数据误差超限
DATA:DChb1-1,19,所有数据误差超限
DATA:DChb1-1,20,所有数据误差超限
DATA:DChb1-1,21,所有数据误差超限
DATA:DChb1-1,22,所有数据误差超限
DATA:DChb1-1,23,所有数据误差超限
DATA:DChb1-4,90,所有数据误差超限
DATA:DChb1-4,91,所有数据误差超限
DATA:DChb1-4,92,所有数据误差超限
DATA:DChb1-4,93,所有数据误差超限
DATA:DChb1-4,94,所有数据误差超限
DATA:DChb1-4,95,所有数据误差超限
DATA:DChb1-4,96,所有数据误差超限
DATA:DChb1-4,97,所有数据误差超限
DATA:DChb1-4,98,所有数据误差超限
DATA:DChb1-4,99,所有数据误差超限
DATA:DChb1-4,100,所有数据误差超限
DATA:DChb1-4,101,所有数据误差超限
DATA:DChb1-4,102,所有数据误差超限
DATA:DChb1-4,103,所有数据误差超限
DATA:DChb1-4,104,所有数据误差超限
DATA:DChb1-4,105,所有数据误差超限
DATA:DChb1-4,106,所有数据误差超限
DATA:DChb1-4,107,所有数据误差超限
DATA:DChb1-4,108,所有数据误差超限
DATA:DChb3-2,13,所有数据误差超限
DATA:DChb3-2,18,所有数据误差超限
DATA:DChb3-2,19,所有数据误差超限
DATA:DChb3-2,20,所有数据误差超限
DATA:DChb3-2,21,所有数据误差超限
DATA:DChb3-2,22,所有数据误差超限
FILE:2017-03-31 09:10:46,D:\AWORK\苗尾\苗尾监测数据2-28\内观资料283期\右坝基监测\右坝基锚索测力计.xls
FILE:2017-03-31 09:10:46,D:\AWORK\苗尾\苗尾监测数据2-28\内观资料283期\右坝头监测\右坝头锚索测力计.xls
DATA:DYtb2,16,所有数据误差超限
DATA:DYtb2,17,所有数据误差超限
DATA:DYtb2,18,所有数据误差超限
DATA:DYtb8,13,所有数据误差超限
DATA:DYtb8,19,所有数据误差超限
DATA:DYtb8,20,所有数据误差超限
DATA:DYtb8,21,所有数据误差超限
FILE:2017-03-31 09:10:46,D:\AWORK\苗尾\苗尾监测数据2-28\内观资料283期\大坝右岸坝前边坡\坝前边坡锚索测力计.xls
FILE:2017-03-31 09:10:46,D:\AWORK\苗尾\苗尾监测数据2-28\内观资料283期\导流隧洞观测数据第283期\出口边坡\出口锚索测力计.xls
FILE:2017-03-31 09:10:46,D:\AWORK\苗尾\苗尾监测数据2-28\内观资料283期\导流隧洞观测数据第283期\进口边坡\进口锚索测力计.xls
FILE:2017-03-31 09:10:46,D:\AWORK\苗尾\苗尾监测数据2-28\内观资料283期\左坝基监测（已移交）\左坝基锚索测力计 .xls
DATA:DBJZ-L1394-2,230,所有数据误差超限
DATA:DBJZ-L1394-2,231,所有数据误差超限
FILE:2017-03-31 09:10:46,D:\AWORK\苗尾\苗尾监测数据2-28\内观资料283期\拦污漂\拦污漂锚索测力计.xls
FILE:2017-03-31 09:10:46,D:\AWORK\苗尾\苗尾监测数据2-28\内观资料283期\溢洪道(已移交)\溢洪道泄槽段右侧边坡\溢洪道泄槽段右侧边坡锚索测力计.xls
FILE:2017-03-31 09:10:46,D:\AWORK\苗尾\苗尾监测数据2-28\内观资料283期\溢洪道(已移交)\溢洪道泄槽段左侧边坡\溢洪道泄槽段左侧边坡锚索测力计.xls
FILE:2017-03-31 09:10:46,D:\AWORK\苗尾\苗尾监测数据2-28\内观资料283期\溢洪道(已移交)\溢洪道进水渠边坡\溢洪道边坡锚索测力计.xls
DATA:DYb1-1,16,所有数据误差超限
DATA:DYb1-1,17,所有数据误差超限
DATA:DYb1-1,18,所有数据误差超限
DATA:DYb1-1,19,所有数据误差超限
DATA:DYb1-1,20,所有数据误差超限
DATA:DYb1-2,13,所有数据误差超限
FILE:2017-03-31 09:10:46,D:\AWORK\苗尾\苗尾监测数据2-28\内观资料283期\溢洪道(已移交)\溢洪道闸墩\溢洪道闸墩锚索测力计.xls
FILE:2017-03-31 09:10:46,D:\AWORK\苗尾\苗尾监测数据2-28\内观资料283期\石料场-观测数据\锚索测力计.xls
FILE:2017-03-31 09:10:46,D:\AWORK\苗尾\苗尾监测数据2-28\内观资料283期\自动化内观数据\新建文件夹\MWXC09-DBJZ左坝基锚索周报资料.xls
FILE:2017-03-31 09:10:46,D:\AWORK\苗尾\苗尾监测数据2-28\内观资料283期\自动化内观数据\新建文件夹\MWXC09-DJB进水口锚索周报资料.xls
FILE:2017-03-31 09:10:46,D:\AWORK\苗尾\苗尾监测数据2-28\内观资料283期\进水口(已移交)\进水口锚索测力计.xls
FILE:2017-03-31 09:10:46,D:\AWORK\苗尾\苗尾监测数据2-28\葛洲坝\2#施工支洞\出口边坡\锚索测力计.xls
FILE:2017-03-31 09:10:46,D:\AWORK\苗尾\苗尾监测数据2-28\葛洲坝\冲沙兼放空洞\冲沙兼放空洞次锚索.xls
FILE:2017-03-31 09:10:46,D:\AWORK\苗尾\苗尾监测数据2-28\葛洲坝\冲沙兼放空洞\冲沙兼防空洞出口弧门闸室主锚索.xls
FILE:2017-03-31 09:10:46,D:\AWORK\苗尾\苗尾监测数据2-28\葛洲坝\尾水渠反坡段\锚索测力计.xls
FILE:2017-03-31 09:10:46,D:\AWORK\苗尾\苗尾监测数据2-28\葛洲坝\引水洞\进水口边坡\锚索测力计.xls
FILE:2017-03-31 09:10:46,D:\AWORK\苗尾\苗尾监测数据2-28\葛洲坝\排导槽\锚索测力计排导槽.xls
FILE:2017-03-31 09:10:46,D:\AWORK\苗尾\苗尾监测数据2-28\葛洲坝\灌溉取水交通洞\灌溉交通洞进口边坡\边坡锚索测力计.xls
FILE:2017-03-31 09:10:46,D:\AWORK\苗尾\苗尾监测数据2-28\葛洲坝\集水井\集水井锚索测力计.xls
FILE:2017-03-31 09:11:35,D:\AWORK\苗尾\苗尾监测数据2-28\内观资料283期\下游左岸雾化区\雾化区锚索测力计.xls
FILE:2017-03-31 09:11:35,D:\AWORK\苗尾\苗尾监测数据2-28\内观资料283期\厂后(已移交)\厂后区锚索测力计.xls
DATA:DChb1-1,13,所有数据误差超限
FILE:2017-03-31 09:11:35,D:\AWORK\苗尾\苗尾监测数据2-28\内观资料283期\右坝基监测\右坝基锚索测力计.xls
FILE:2017-03-31 09:11:35,D:\AWORK\苗尾\苗尾监测数据2-28\内观资料283期\右坝头监测\右坝头锚索测力计.xls
FILE:2017-03-31 09:11:35,D:\AWORK\苗尾\苗尾监测数据2-28\内观资料283期\大坝右岸坝前边坡\坝前边坡锚索测力计.xls
FILE:2017-03-31 09:11:35,D:\AWORK\苗尾\苗尾监测数据2-28\内观资料283期\导流隧洞观测数据第283期\出口边坡\出口锚索测力计.xls
FILE:2017-03-31 09:11:35,D:\AWORK\苗尾\苗尾监测数据2-28\内观资料283期\导流隧洞观测数据第283期\进口边坡\进口锚索测力计.xls
FILE:2017-03-31 09:11:35,D:\AWORK\苗尾\苗尾监测数据2-28\内观资料283期\左坝基监测（已移交）\左坝基锚索测力计 .xls
FILE:2017-03-31 09:11:35,D:\AWORK\苗尾\苗尾监测数据2-28\内观资料283期\拦污漂\拦污漂锚索测力计.xls
FILE:2017-03-31 09:11:35,D:\AWORK\苗尾\苗尾监测数据2-28\内观资料283期\溢洪道(已移交)\溢洪道泄槽段右侧边坡\溢洪道泄槽段右侧边坡锚索测力计.xls
FILE:2017-03-31 09:11:35,D:\AWORK\苗尾\苗尾监测数据2-28\内观资料283期\溢洪道(已移交)\溢洪道泄槽段左侧边坡\溢洪道泄槽段左侧边坡锚索测力计.xls
FILE:2017-03-31 09:11:35,D:\AWORK\苗尾\苗尾监测数据2-28\内观资料283期\溢洪道(已移交)\溢洪道进水渠边坡\溢洪道边坡锚索测力计.xls
FILE:2017-03-31 09:11:35,D:\AWORK\苗尾\苗尾监测数据2-28\内观资料283期\溢洪道(已移交)\溢洪道闸墩\溢洪道闸墩锚索测力计.xls
FILE:2017-03-31 09:11:35,D:\AWORK\苗尾\苗尾监测数据2-28\内观资料283期\石料场-观测数据\锚索测力计.xls
FILE:2017-03-31 09:11:35,D:\AWORK\苗尾\苗尾监测数据2-28\内观资料283期\自动化内观数据\新建文件夹\MWXC09-DBJZ左坝基锚索周报资料.xls
FILE:2017-03-31 09:11:35,D:\AWORK\苗尾\苗尾监测数据2-28\内观资料283期\自动化内观数据\新建文件夹\MWXC09-DJB进水口锚索周报资料.xls
FILE:2017-03-31 09:11:35,D:\AWORK\苗尾\苗尾监测数据2-28\内观资料283期\进水口(已移交)\进水口锚索测力计.xls
FILE:2017-03-31 09:11:35,D:\AWORK\苗尾\苗尾监测数据2-28\葛洲坝\2#施工支洞\出口边坡\锚索测力计.xls
FILE:2017-03-31 09:11:35,D:\AWORK\苗尾\苗尾监测数据2-28\葛洲坝\冲沙兼放空洞\冲沙兼放空洞次锚索.xls
FILE:2017-03-31 09:11:35,D:\AWORK\苗尾\苗尾监测数据2-28\葛洲坝\冲沙兼放空洞\冲沙兼防空洞出口弧门闸室主锚索.xls
FILE:2017-03-31 09:11:35,D:\AWORK\苗尾\苗尾监测数据2-28\葛洲坝\尾水渠反坡段\锚索测力计.xls
FILE:2017-03-31 09:11:35,D:\AWORK\苗尾\苗尾监测数据2-28\葛洲坝\引水洞\进水口边坡\锚索测力计.xls
FILE:2017-03-31 09:11:35,D:\AWORK\苗尾\苗尾监测数据2-28\葛洲坝\排导槽\锚索测力计排导槽.xls
FILE:2017-03-31 09:11:35,D:\AWORK\苗尾\苗尾监测数据2-28\葛洲坝\灌溉取水交通洞\灌溉交通洞进口边坡\边坡锚索测力计.xls
FILE:2017-03-31 09:11:35,D:\AWORK\苗尾\苗尾监测数据2-28\葛洲坝\集水井\集水井锚索测力计.xls
写入64786行测值
写入64786行成果值
FILE:2017-03-31 10:37:59,D:\AWORK\苗尾\苗尾监测数据2-28\内观资料283期\厂前\厂前区钢筋计.xls
FILE:2017-03-31 10:37:59,D:\AWORK\苗尾\苗尾监测数据2-28\内观资料283期\厂后(已移交)\厂后区钢筋计.xls
FILE:2017-03-31 10:37:59,D:\AWORK\苗尾\苗尾监测数据2-28\内观资料283期\右坝基监测\右坝基钢筋计.xls
FILE:2017-03-31 10:37:59,D:\AWORK\苗尾\苗尾监测数据2-28\内观资料283期\右坝头监测\右坝头钢筋计.xls
FILE:2017-03-31 10:37:59,D:\AWORK\苗尾\苗尾监测数据2-28\内观资料283期\大坝\大坝垫层\钢筋计.xls
FILE:2017-03-31 10:37:59,D:\AWORK\苗尾\苗尾监测数据2-28\内观资料283期\导流隧洞观测数据第283期\出口边坡\出口锚杆应力计.xls
FILE:2017-03-31 10:37:59,D:\AWORK\苗尾\苗尾监测数据2-28\内观资料283期\导流隧洞观测数据第283期\导流洞\导流洞钢筋计.xls
FILE:2017-03-31 10:37:59,D:\AWORK\苗尾\苗尾监测数据2-28\内观资料283期\导流隧洞观测数据第283期\导流洞\导流洞锚杆应力计.xls
FILE:2017-03-31 10:37:59,D:\AWORK\苗尾\苗尾监测数据2-28\内观资料283期\导流隧洞观测数据第283期\进口边坡\进口锚杆应力计.xls
FILE:2017-03-31 10:37:59,D:\AWORK\苗尾\苗尾监测数据2-28\内观资料283期\左坝基监测（已移交）\左坝基钢筋计.xls
FILE:2017-03-31 10:37:59,D:\AWORK\苗尾\苗尾监测数据2-28\内观资料283期\溢洪道(已移交)\溢洪道泄槽段右侧边坡\溢洪道泄槽段右侧边坡钢筋应力计.xls
FILE:2017-03-31 10:37:59,D:\AWORK\苗尾\苗尾监测数据2-28\内观资料283期\溢洪道(已移交)\溢洪道泄槽段左侧边坡\溢洪道泄槽段左侧边坡钢筋应力计.xls
FILE:2017-03-31 10:37:59,D:\AWORK\苗尾\苗尾监测数据2-28\内观资料283期\溢洪道(已移交)\溢洪道泄槽段底板\溢洪道泄槽段底板钢筋计.xls
FILE:2017-03-31 10:37:59,D:\AWORK\苗尾\苗尾监测数据2-28\内观资料283期\溢洪道(已移交)\溢洪道进水渠边坡\溢洪道边坡钢筋应力计.xls
FILE:2017-03-31 10:37:59,D:\AWORK\苗尾\苗尾监测数据2-28\内观资料283期\溢洪道(已移交)\溢洪道闸墩\溢洪道闸墩钢筋计.xls
FILE:2017-03-31 10:37:59,D:\AWORK\苗尾\苗尾监测数据2-28\内观资料283期\石料场-观测数据\钢筋计.xls
FILE:2017-03-31 10:37:59,D:\AWORK\苗尾\苗尾监测数据2-28\内观资料283期\石料场-观测数据\锚杆应力计.xls
FILE:2017-03-31 10:37:59,D:\AWORK\苗尾\苗尾监测数据2-28\内观资料283期\自动化内观数据\新建文件夹\MWXC09-RBJZ-RJB左坝基进水口钢筋计周报资料.xls
FILE:2017-03-31 10:37:59,D:\AWORK\苗尾\苗尾监测数据2-28\内观资料283期\进水口(已移交)\进水口钢筋计.xls
FILE:2017-03-31 10:37:59,D:\AWORK\苗尾\苗尾监测数据2-28\内观资料283期\进水口(已移交)\挖出仪器\进水口锚杆应力计（被挖）.xls
FILE:2017-03-31 10:37:59,D:\AWORK\苗尾\苗尾监测数据2-28\葛洲坝\2#施工支洞\2#施工\1\锚杆应力计.xls
FILE:2017-03-31 10:37:59,D:\AWORK\苗尾\苗尾监测数据2-28\葛洲坝\2#施工支洞\2#施工\2\2锚杆应力计.xls
FILE:2017-03-31 10:37:59,D:\AWORK\苗尾\苗尾监测数据2-28\葛洲坝\2#施工支洞\2#施工\3\3锚杆应力计.xls
FILE:2017-03-31 10:37:59,D:\AWORK\苗尾\苗尾监测数据2-28\葛洲坝\2#施工支洞\2#施工\4\4锚杆应力计.xls
FILE:2017-03-31 10:37:59,D:\AWORK\苗尾\苗尾监测数据2-28\葛洲坝\2#施工支洞\出口边坡\2#施工支洞边坡钢筋计.xls
FILE:2017-03-31 10:37:59,D:\AWORK\苗尾\苗尾监测数据2-28\葛洲坝\冲沙兼放空洞\371-E断面\锚杆应力计.xls
FILE:2017-03-31 10:37:59,D:\AWORK\苗尾\苗尾监测数据2-28\葛洲坝\冲沙兼放空洞\A断面\A断面锚杆应力计.xls
FILE:2017-03-31 10:37:59,D:\AWORK\苗尾\苗尾监测数据2-28\葛洲坝\冲沙兼放空洞\B断面138.5\0+138.5断面锚杆应力计.xls
FILE:2017-03-31 10:37:59,D:\AWORK\苗尾\苗尾监测数据2-28\葛洲坝\冲沙兼放空洞\C断面364\0+364断面锚杆应力计.xls
FILE:2017-03-31 10:37:59,D:\AWORK\苗尾\苗尾监测数据2-28\葛洲坝\冲沙兼放空洞\冲沙洞出口延伸段\钢筋计.xls
FILE:2017-03-31 10:37:59,D:\AWORK\苗尾\苗尾监测数据2-28\葛洲坝\厂房尾水管\1#机组钢筋计.xls
FILE:2017-03-31 10:37:59,D:\AWORK\苗尾\苗尾监测数据2-28\葛洲坝\厂房尾水管\3#机组钢筋计.xls
FILE:2017-03-31 10:37:59,D:\AWORK\苗尾\苗尾监测数据2-28\葛洲坝\厂房蜗壳\2#机蜗壳钢筋计.xls
FILE:2017-03-31 10:37:59,D:\AWORK\苗尾\苗尾监测数据2-28\葛洲坝\厂房蜗壳\4#机蜗壳钢筋计 .xls
FILE:2017-03-31 10:37:59,D:\AWORK\苗尾\苗尾监测数据2-28\葛洲坝\引水洞\1#引水洞\1#锚杆应力计.xls
FILE:2017-03-31 10:37:59,D:\AWORK\苗尾\苗尾监测数据2-28\葛洲坝\引水洞\2#引水洞\2#锚杆应力计.xls
FILE:2017-03-31 10:37:59,D:\AWORK\苗尾\苗尾监测数据2-28\葛洲坝\引水洞\3#引水洞\3#引水洞锚杆应力计.xls
FILE:2017-03-31 10:37:59,D:\AWORK\苗尾\苗尾监测数据2-28\葛洲坝\引水洞\4#引水洞\4#引水洞锚杆应力计.xls
FILE:2017-03-31 10:37:59,D:\AWORK\苗尾\苗尾监测数据2-28\葛洲坝\灌溉取水交通洞\灌溉交通洞0+015\0+15两点式锚杆应力计.xls
FILE:2017-03-31 10:37:59,D:\AWORK\苗尾\苗尾监测数据2-28\葛洲坝\灌溉取水交通洞\灌溉交通洞0+015\0+15衬砌钢筋计.xls
FILE:2017-03-31 10:37:59,D:\AWORK\苗尾\苗尾监测数据2-28\葛洲坝\灌溉取水交通洞\灌溉交通洞0+015\0+15钢筋计.xls
FILE:2017-03-31 10:37:59,D:\AWORK\苗尾\苗尾监测数据2-28\葛洲坝\灌溉取水交通洞\灌溉交通洞0+045\0+45两点式锚杆应力计.xls
FILE:2017-03-31 10:37:59,D:\AWORK\苗尾\苗尾监测数据2-28\葛洲坝\灌溉取水交通洞\灌溉交通洞0+058\0+58衬砌钢筋计.xls
FILE:2017-03-31 10:37:59,D:\AWORK\苗尾\苗尾监测数据2-28\葛洲坝\灌溉取水交通洞\灌溉交通洞0+105.47B\0+105.47锚杆应力计.xls
FILE:2017-03-31 10:37:59,D:\AWORK\苗尾\苗尾监测数据2-28\葛洲坝\灌溉取水交通洞\灌溉交通洞0+131.97C\0+131.97锚杆应力计.xls
FILE:2017-03-31 10:37:59,D:\AWORK\苗尾\苗尾监测数据2-28\葛洲坝\灌溉取水交通洞\灌溉交通洞0+158.47D\0+158.47锚杆应力计.xls
FILE:2017-03-31 10:37:59,D:\AWORK\苗尾\苗尾监测数据2-28\葛洲坝\灌溉取水交通洞\灌溉交通洞0+184.97E\0+184.97锚杆应力计.xls
FILE:2017-03-31 10:37:59,D:\AWORK\苗尾\苗尾监测数据2-28\葛洲坝\灌溉取水交通洞\灌溉交通洞进口边坡\边坡钢筋计.xls
写入24237行测值
写入24237行成果值
