查找
8月数据
9月数据
周报
月报 (4次)
月报（5次）
简报
历时曲线
历史曲线2
ASh-5 
ASh-7 
公式
图
五期成果表
四期成果表
特征值
ASH-1
ASH-2
ASH-3
ASH-4
ASH-5
ASH-6
ASH-7
ASH-8
ASH-9
ASH-10
ASH-11
ASH-12
图2
公式
图
图1
五期成果表
四期成果表
特征值
图2
公式
五期成果表
四期成果表
图1
图
特征值
图2
公式
五期成果表
四期成果表
图1
图
特征值
公式
图
特征值
Sheet4
Sheet5
五期成果表
四期成果表
1AS－8
1AS－9
PRPR9JAS-12
4AS--7
4AS--8
4AS--9
图2
公式
五期成果表
四期成果表
图
图1
特征值
PRPR9JAS-15
PRPR9JAS-16
PRPR9JAS-17
PRPR9JAS-18
PRPR9JAS-19
PRPR9JAS-20
PRPR9JAS-21
图2
图
五期成果表
四期成果表
公式
PRPR图
特征值
7AS---7
7AS---8
图2
公式
五期成果表
四期成果表
图
特征值
图1
ASe3-3 
特征值
公式
五期成果表
四期成果表
图
五期成果表
四期成果表
公式
图
图2
特征值
图1
计算
公式
图
特征值
五期成果表
四期成果表
图2
公式
图1
图
五期成果表
四期成果表
特征值
图2
公式
五期成果表
四期成果表
图
特征值
图1
料场当月成果表 (2)
皮带洞当月成果表 (2)
公式
特征值
图
五期成果表1
五期成果表2
四期成果表1
四期成果表2
五期成果表
四期成果表
公式
图
图1
图2
特征值
特征值
公式
五期成果表
四期成果表
图
皮带洞及料场图
皮带洞公式
皮带洞及料场图1
五期料场当月成果表
料场公式
四期料场当月成果表
皮带洞当月成果表
特征值
四期皮带洞当月成果表
锚杆计成果
锚杆计成果1
测缝计成果
公式
图
特征值
五期成果表
四期成果表
Sheet1
C4C5锚杆
图
公式
五期成果表
四期成果表
特征值
AS1-5
AS1-6
AS1-7
AS2-1  
AS2-2 
AS2-3 
AS3-1  
AS1-5
AS1-6
AS1-7
AS3-1  
ASa-9-1
ASa-9-2
ASa-9-3
ASa-9-4
ASb-9-1
ASb-9-2
ASb-9-3
ASb-9-4
图
特征值
公式
五期成果表
四期成果表
公式
特征值
图
五期成果表
四期成果表
ASB-5
公式
图
五期成果表
四期成果表
特征值
