FILE:2016-11-02 10:23:12,D:\AWORK\苗尾\苗尾监测数据\昆明院监测\下游左岸雾化区\雾化区多点位移计.xls
M4WH-2-1
M4WH-4-1
M4WH-7-1
FILE:2016-11-02 10:23:12,D:\AWORK\苗尾\苗尾监测数据\昆明院监测\厂前\厂前区多点位移计.xls
MCqb1
MCqb2
FILE:2016-11-02 10:23:12,D:\AWORK\苗尾\苗尾监测数据\昆明院监测\厂后\厂后区多点位移计 .xls
FILE:2016-11-02 10:23:12,D:\AWORK\苗尾\苗尾监测数据\昆明院监测\右坝基监测\右坝基多点位移计.xls
RMPD20
FILE:2016-11-02 10:23:12,D:\AWORK\苗尾\苗尾监测数据\昆明院监测\右坝头监测\右坝头多点位移计.xls
FILE:2016-11-02 10:23:12,D:\AWORK\苗尾\苗尾监测数据\昆明院监测\大坝右岸坝前边坡\坝前边坡多点位移计.xls
M4BQ1-1
M4BQ3-1
FILE:2016-11-02 10:23:12,D:\AWORK\苗尾\苗尾监测数据\昆明院监测\导流隧洞观测数据第265期\出口边坡\出口多点变位计.xls
Mdcp1-1
Mdcp4-1
Mdcp4-2
FILE:2016-11-02 10:23:12,D:\AWORK\苗尾\苗尾监测数据\昆明院监测\导流隧洞观测数据第265期\导流洞\导流洞多点变位计.xls
Mds1-1
Mds1-2
Mds1-3
Mds1-5
Mds1-11
Mds1-4
Mds1-6
Mds1-7
Mds1-8
Mds1-9
Mdsz1-1
Mdsz1-2
Mdsz1-3
Mdsz1-4
Mdsz1-5
Mdsz1-6
Mdsz1-7
Mdsz1-8
Mdsz1-9
Mdsz1-10
Mds2-1
Mds2-2
Mds2-3
Mds2-4
Mds2-5
Mds2-6
Mds2-7
Mds2-8
Mds2-9
Mdsz2-1
Mdsz2-2
Mdsz2-3
Mdsz2-4
Mdsz2-5
Mdsz2-6
Mdsz2-7
Mdsz2-8
FILE:2016-11-02 10:23:12,D:\AWORK\苗尾\苗尾监测数据\昆明院监测\导流隧洞观测数据第265期\进口边坡\进口多点变位计.xls
Mdp1
Mdp2
Mdp3
Mdp4(重新安装)
Mdp3-1
Mdp3-2
Mdpz1-1
Mdpz2-1
Mdp4(损坏)
FILE:2016-11-02 10:23:12,D:\AWORK\苗尾\苗尾监测数据\昆明院监测\左坝基监测\左坝基多点位移计.xls
MBJZ-L1372 附件(2)
MBJZ-L1378
FILE:2016-11-02 10:23:12,D:\AWORK\苗尾\苗尾监测数据\昆明院监测\料场-观测数据\多点变位计.xls
Mlp1
Mlp2
Mlpz1
Mlpz2
Mlpz3
Mlpz4
Mlpz5
FILE:2016-11-02 10:23:12,D:\AWORK\苗尾\苗尾监测数据\昆明院监测\溢洪道\溢洪道泄槽段右侧边坡\溢洪道泄槽段右侧边坡多点位移计.xls
MYbR1-1
MYbR2-1
FILE:2016-11-02 10:23:12,D:\AWORK\苗尾\苗尾监测数据\昆明院监测\溢洪道\溢洪道泄槽段左侧边坡\溢洪道泄槽段左侧边坡多点位移计.xls
FILE:2016-11-02 10:23:12,D:\AWORK\苗尾\苗尾监测数据\昆明院监测\溢洪道\溢洪道进水渠边坡\溢洪道边坡多点位移计.xls
FILE:2016-11-02 10:23:12,D:\AWORK\苗尾\苗尾监测数据\昆明院监测\进水口\进水口多点位移计.xls
MJYb1
FILE:2016-11-02 10:23:12,D:\AWORK\苗尾\苗尾监测数据\葛洲坝安全监测\2#施工支洞\2#施工\1\多点位移计.xls
FILE:2016-11-02 10:23:12,D:\AWORK\苗尾\苗尾监测数据\葛洲坝安全监测\2#施工支洞\2#施工\2\2多点位移计.xls
FILE:2016-11-02 10:23:12,D:\AWORK\苗尾\苗尾监测数据\葛洲坝安全监测\2#施工支洞\2#施工\3\3多点位移计.xls
FILE:2016-11-02 10:23:12,D:\AWORK\苗尾\苗尾监测数据\葛洲坝安全监测\2#施工支洞\2#施工\4\4多点位移计.xls
FILE:2016-11-02 10:23:12,D:\AWORK\苗尾\苗尾监测数据\葛洲坝安全监测\冲沙兼放空洞\371-E断面\多点位移计.xls
FILE:2016-11-02 10:23:12,D:\AWORK\苗尾\苗尾监测数据\葛洲坝安全监测\冲沙兼放空洞\A断面\A断面多点位移计.xls
FILE:2016-11-02 10:23:12,D:\AWORK\苗尾\苗尾监测数据\葛洲坝安全监测\冲沙兼放空洞\B断面138.5\0+138.5断面多点位移计.xls
FILE:2016-11-02 10:23:12,D:\AWORK\苗尾\苗尾监测数据\葛洲坝安全监测\冲沙兼放空洞\C断面364\0+364断面多点位移计.xls
FILE:2016-11-02 10:23:12,D:\AWORK\苗尾\苗尾监测数据\葛洲坝安全监测\引水洞\4点位移计.xls
M4YDZ-2-1
M4YDZ-2-2
M4YDZ-3-1
M4YDZ-3-2
M4YDZ-4-1
M4YDZ-4-2 
FILE:2016-11-02 10:23:12,D:\AWORK\苗尾\苗尾监测数据\葛洲坝安全监测\引水洞\1#引水洞\1#多点位移计.xls
M3YD-Ⅰ
FILE:2016-11-02 10:23:12,D:\AWORK\苗尾\苗尾监测数据\葛洲坝安全监测\引水洞\2#引水洞\2#多点位移计.xls
M3YD-II 
FILE:2016-11-02 10:23:12,D:\AWORK\苗尾\苗尾监测数据\葛洲坝安全监测\引水洞\3#引水洞\3#多点位移计.xls
M3YD-III
FILE:2016-11-02 10:23:12,D:\AWORK\苗尾\苗尾监测数据\葛洲坝安全监测\引水洞\4#引水洞\4#多点位移计.xls
M3YD-IV
M3YD-D4-1 
M3YD-D4-2
FILE:2016-11-02 10:23:12,D:\AWORK\苗尾\苗尾监测数据\葛洲坝安全监测\引水洞\进水口边坡\多点位移计.xls
M4YDZ-1-1
M4YDZ-3-1
FILE:2016-11-02 10:23:12,D:\AWORK\苗尾\苗尾监测数据\葛洲坝安全监测\排水廊道，灌浆廊道\四点式杆式位移计.xls
M4PS-B2
M4PS-B3
FILE:2016-11-02 10:23:12,D:\AWORK\苗尾\苗尾监测数据\葛洲坝安全监测\灌溉取水交通洞\灌溉交通洞0+015\0+15多点位移计.xls
FILE:2016-11-02 10:23:12,D:\AWORK\苗尾\苗尾监测数据\葛洲坝安全监测\灌溉取水交通洞\灌溉交通洞0+045\0+45多点位移计.xls
FILE:2016-11-02 10:23:12,D:\AWORK\苗尾\苗尾监测数据\葛洲坝安全监测\灌溉取水交通洞\灌溉交通洞0+105.47B\0+105.47多点位移计.xls
FILE:2016-11-02 10:23:12,D:\AWORK\苗尾\苗尾监测数据\葛洲坝安全监测\灌溉取水交通洞\灌溉交通洞0+131.97C\0+131.97多点位移计.xls
FILE:2016-11-02 10:23:12,D:\AWORK\苗尾\苗尾监测数据\葛洲坝安全监测\灌溉取水交通洞\灌溉交通洞0+158.47D\0+158.47多点位移计.xls
FILE:2016-11-02 10:23:12,D:\AWORK\苗尾\苗尾监测数据\葛洲坝安全监测\灌溉取水交通洞\灌溉交通洞0+184.97E\0+184.97多点位移计.xls
FILE:2016-11-02 10:23:12,D:\AWORK\苗尾\苗尾监测数据\葛洲坝安全监测\灌溉取水交通洞\灌溉交通洞进口边坡\边坡多点位移计.xls
M4GDK-1
