FILE:2016-11-01 08:15:49,D:\AWORK\苗尾\苗尾监测数据\昆明院监测\导流隧洞观测数据第265期\导流洞\导流洞应变计.xls
Sds2-1
Sds2-2
Sds2-3
Sds2-4
Sds2-5
Sds2-6
Sds2-7
Sds2-8
Sds2-9
Sds2-10
Sds2-11
Sds2-12
Sds2-13
Sds2-14
Sds2-15
Sds2-16
Sds2-17
Sds2-18
Sds2-19
Sds2-20
Sds2-21
Sds2-22
Sds2-23
Sds2-24
FILE:2016-11-01 08:15:49,D:\AWORK\苗尾\苗尾监测数据\葛洲坝安全监测\引水洞\4#引水洞\4#单向应变计.xls
S1YD-C4-1 
S1YD-C4-2 
FILE:2016-11-01 08:15:49,D:\AWORK\苗尾\苗尾监测数据\葛洲坝安全监测\冲沙兼放空洞\冲沙洞0+279.4   A断面\A断面单向应变计.xls
S1YD-A-1
S1YD-A-2
S1YD-A-3
FILE:2016-11-01 08:15:49,D:\AWORK\苗尾\苗尾监测数据\葛洲坝安全监测\冲沙兼放空洞\冲沙洞0+380  B断面\单向应变计.xls
FILE:2016-11-01 08:15:49,D:\AWORK\苗尾\苗尾监测数据\葛洲坝安全监测\引水洞\1#引水洞\1#单向应变计.xls
FILE:2016-11-01 08:15:49,D:\AWORK\苗尾\苗尾监测数据\葛洲坝安全监测\厂房尾水管\1#机组单向应变计.xls
1#机SWS1-1-1
1#机SWS1-1-2
1#机SWS1-1-3
1#机SWS1-2-1
1#机SWS1-2-2
1#机SWS1-2-3
1#机SWS1-3-1
1#机SWS1-3-2
1#机SWS1-3-3
FILE:2016-11-01 08:15:49,D:\AWORK\苗尾\苗尾监测数据\葛洲坝安全监测\厂房蜗壳\4#机蜗应变计 .xls
SWK4#-1-1
SWK4#-1-2
SWK4#-2-1
SWK4#-2-2
SWK4#-2-3
SWK4#-3-1
SWK4#-3-2
SWK4#-3-3
SWK4#-4-1
SWK4#-4-2
SWK4#-4-3
FILE:2016-11-01 08:15:49,D:\AWORK\苗尾\苗尾监测数据\葛洲坝安全监测\引水洞\2#引水洞\2#单向应变计.xls
S1YD-B2-3 
FILE:2016-11-01 08:15:49,D:\AWORK\苗尾\苗尾监测数据\葛洲坝安全监测\厂房尾水管\3#机组单向应变计.xls
3#机SWS3-1-1
3#机SWS3-1-2
3#机SWS3-1-3
3#机SWS3-2-1
3#机SWS3-2-2
3#机SWS3-2-3
3#机SWS3-3-1
3#机SWS3-3-2
3#机SWS3-3-3
FILE:2016-11-01 08:15:49,D:\AWORK\苗尾\苗尾监测数据\葛洲坝安全监测\引水洞\3#引水洞\3#单向应变计.xls
FILE:2016-11-01 08:15:49,D:\AWORK\苗尾\苗尾监测数据\葛洲坝安全监测\厂房蜗壳\2#机蜗应变计 .xls
SWK2#-1-1
SWK2#-1-2
SWK2#-2-1
SWK2#-2-2
SWK2#-2-3
SWK2#-3-1
SWK2#-3-2
SWK2#-3-3
SWK2#-4-1
SWK2#-4-2
SWK2#-4-3
