FILE:2016-11-01 08:33:33,D:\AWORK\苗尾\苗尾监测数据\昆明院监测\大坝\心墙堆石坝（温度计）\温度计（修正后）.xls
LBJT-1
LBJT-2
LBJT-3
LBJT-4
LBJT-5
LBJT-6
LBJT-7
LBJT-8
LBJT-9
LBJT-10
FILE:2016-11-01 08:33:33,D:\AWORK\苗尾\苗尾监测数据\葛洲坝安全监测\厂房基础\温度计\4#机组温度计.xls
tcf4-1~3
tcf4-4~6
tcf4-7~8
tcf4-9~11
tcf4-12~13
tcf-4-14
tcf4-15~17
tcf-18
tcf4-19
tcf-20~22
tcf4-23~25
tcf4-26~28 
tcf4-29
Sheet3
FILE:2016-11-01 08:33:33,D:\AWORK\苗尾\苗尾监测数据\昆明院监测\溢洪道\溢洪道控制段\溢洪道控制段温度计.xls
KZD-T01
KZD-T02
KZD-T03
KZD-T04
FILE:2016-11-01 08:33:33,D:\AWORK\苗尾\苗尾监测数据\昆明院监测\导流隧洞观测数据第265期\导流洞\导流洞温度计.xls
Tds2-1
Tds2-2
Tds2-3
Tds2-4
Tds2-5
Tds2-6
Tds2-7
Tds2-8
Tds2-9
Tds2-10
Tds2-11
Tds2-12
Tds2-13
Tds2-14
Tds2-15
Tds2-16
Tds2-17
Tds2-18
Tds2-19
Tds2-24
Tds2-20
Tds2-21
Tds2-22
Tds2-23
FILE:2016-11-01 08:33:33,D:\AWORK\苗尾\苗尾监测数据\葛洲坝安全监测\厂房基础\温度计\2#机组温度计.xls
Tcf2-1~3
Tcf2-4~6
Tcf2-7~8
Tcf2-9~11
Tcf2-12~13
Tcf2-14
Tcf2-15~17
Tcf2-18
Tcf2-19
Tcf2-20
Tcf2-21~22
Tcf2-23~25
Sheet3
FILE:2016-11-01 08:33:33,D:\AWORK\苗尾\苗尾监测数据\昆明院监测\溢洪道\溢洪道泄槽段底板\溢洪道泄槽段底板温度计.xls
TYX3-1
TYX3-2
TYX3-3
TYX3-4
TYX3-5
TYX3-6
TYX3-13
TYX3-14
TYX3-15
TYX3-16
TYX3-17
TYX3-18
TYX4-1
TYX4-2
TYX4-3
TYX4-4
TYX4-5
TYX4-6
TYX5-1
TYX5-2
TYX5-3
TYX5-4
TYX5-5
TYX5-6
TYT2-1
TYT2-2
TYT2-3
YHDT-1
TYT4-1
TYT4-2
TYT4-3
FILE:2016-11-01 08:33:33,D:\AWORK\苗尾\苗尾监测数据\葛洲坝安全监测\冲沙兼放空洞\冲沙廊道\温度计.xls
Tcd1-1~3
FILE:2016-11-01 08:33:33,D:\AWORK\苗尾\苗尾监测数据\葛洲坝安全监测\厂房基础\温度计\1#机组温度计.xls
Tcf1-1~3
Tcf1-4~6
Tcf1-7~8
Tcf1-9~11
Tcf1-12~13
Tcf1-15~17
Tcf1-14、18
Tcf1-19
Tcf1-20~22
Tcf1-23~25
FILE:2016-11-01 08:33:33,D:\AWORK\苗尾\苗尾监测数据\葛洲坝安全监测\厂房基础\温度计\3#机组温度计.xls
Tcf3-1~3
Tcf3-4~6
Tcf3-7~8
Tcf3-9-11
Tcf3-12~13
Tcf3-14
Tcf3-15~17
Tcf3-18
Tcf3-19
Tcf3-20
tcf-21~22
Tcf3-23~25
