FILE:2016-11-02 10:47:35,D:\AWORK\苗尾\苗尾监测数据\昆明院监测\下游左岸雾化区\雾化区锚索测力计.xls
FILE:2016-11-02 10:47:35,D:\AWORK\苗尾\苗尾监测数据\昆明院监测\厂后\厂后区锚索测力计.xls
FILE:2016-11-02 10:47:35,D:\AWORK\苗尾\苗尾监测数据\昆明院监测\右坝基监测\右坝基锚索测力计.xls
DMS13-3
FILE:2016-11-02 10:47:35,D:\AWORK\苗尾\苗尾监测数据\昆明院监测\右坝头监测\右坝头锚索测力计.xls
DMS13-3
FILE:2016-11-02 10:47:35,D:\AWORK\苗尾\苗尾监测数据\昆明院监测\大坝右岸坝前边坡\坝前边坡锚索测力计.xls
DBQ1-1
DBQ1-2
DBQ2-1
DBQ2-2
DBQ3-1
DBQ3-2
FILE:2016-11-02 10:47:35,D:\AWORK\苗尾\苗尾监测数据\昆明院监测\导流隧洞观测数据第265期\出口边坡\出口锚索测力计.xls
Ddcp1-1
Ddcp3-1
Ddcp4-1
Ddcp5-1
Ddsz5
FILE:2016-11-02 10:47:35,D:\AWORK\苗尾\苗尾监测数据\昆明院监测\导流隧洞观测数据第265期\进口边坡\进口锚索测力计.xls
Ddpz1
Ddpz2
Ddpz3
Ddpz4
Ddpz6
Ddpz7
Ddp3-1
Ddp3-2
Ddp4-1
Ddp4-2
Ddp1
Ddp2
Ddp3
Ddp4
Ddp5
FILE:2016-11-02 10:47:35,D:\AWORK\苗尾\苗尾监测数据\昆明院监测\左坝基监测\左坝基锚索测力计 .xls
DBJZ-1371-1
DBJZ-1371-2
DBJZ-1361-2
FILE:2016-11-02 10:47:35,D:\AWORK\苗尾\苗尾监测数据\昆明院监测\拦污漂\拦污漂锚索测力计.xls
DLWP-1
FILE:2016-11-02 10:47:35,D:\AWORK\苗尾\苗尾监测数据\昆明院监测\料场-观测数据\锚索测力计.xls
Ldcp1-1
DLp2-1
DLp2-2
DLpz1
DLp3-1
DLp1-1
DLpZ-1
FILE:2016-11-02 10:47:35,D:\AWORK\苗尾\苗尾监测数据\昆明院监测\溢洪道\溢洪道泄槽段右侧边坡\溢洪道泄槽段右侧边坡锚索测力计.xls
FILE:2016-11-02 10:47:35,D:\AWORK\苗尾\苗尾监测数据\昆明院监测\溢洪道\溢洪道泄槽段左侧边坡\溢洪道泄槽段左侧边坡锚索测力计.xls
DYb5-9
DYb5-10
FILE:2016-11-02 10:47:35,D:\AWORK\苗尾\苗尾监测数据\昆明院监测\溢洪道\溢洪道进水渠边坡\溢洪道边坡锚索测力计.xls
FILE:2016-11-02 10:47:35,D:\AWORK\苗尾\苗尾监测数据\昆明院监测\溢洪道\溢洪道闸墩\溢洪道闸墩锚索测力计.xls
DRC14
DRC22
DRC31
DMC14
DMC22
DMC31
DMZ13
DMZ14
DMZ32
DMZ35
DMZ51
DMZ55
DLZ11
DLZ32
DLZ34
DLZ53
DLC14
DLC22
DLC31
FILE:2016-11-02 10:47:35,D:\AWORK\苗尾\苗尾监测数据\昆明院监测\进水口\进水口锚索测力计.xls
FILE:2016-11-02 10:47:35,D:\AWORK\苗尾\苗尾监测数据\葛洲坝安全监测\2#施工支洞\出口边坡\锚索测力计.xls
D2ZD-1
D2ZD-2
D2ZD-3
Sheet2
FILE:2016-11-02 10:47:35,D:\AWORK\苗尾\苗尾监测数据\葛洲坝安全监测\尾水渠反坡段\锚索测力计.xls
DYDQ-1
DYDQ-2
FILE:2016-11-02 10:47:35,D:\AWORK\苗尾\苗尾监测数据\葛洲坝安全监测\引水洞\进水口边坡\锚索测力计.xls
Djbz1-1
Djbz2-1
Djbz3-1
Djbz4-1
Djbz-5
Djbz-6
Djbz-7
FILE:2016-11-02 10:47:35,D:\AWORK\苗尾\苗尾监测数据\葛洲坝安全监测\排导槽\锚索测力计排导槽.xls
DLpz-1
DLpz-2
FILE:2016-11-02 10:47:35,D:\AWORK\苗尾\苗尾监测数据\葛洲坝安全监测\灌溉取水交通洞\灌溉交通洞进口边坡\边坡锚索测力计.xls
DGDK-1
DGDK-2
FILE:2016-11-02 10:47:35,D:\AWORK\苗尾\苗尾监测数据\葛洲坝安全监测\集水井\集水井锚索测力计.xls
DCjbz-1
DCjbz-2
