FILE:20160930 105658,D:\WORK\Project\苗尾\昆明院苗尾监测资料\内观资料\PD45探洞（渗压计）\PD45探洞渗压计.xls
FILE:20160930 105658,D:\WORK\Project\苗尾\昆明院苗尾监测资料\内观资料\厂后\厂后区渗压计.xls
FILE:20160930 105658,D:\WORK\Project\苗尾\昆明院苗尾监测资料\内观资料\右坝头\右坝头渗压计.xls
FILE:20160930 105659,D:\WORK\Project\苗尾\昆明院苗尾监测资料\内观资料\大坝\大坝基础（渗压计）\大坝基础渗压计.xls
FILE:20160930 105659,D:\WORK\Project\苗尾\昆明院苗尾监测资料\内观资料\大坝\大坝心墙\渗压计.xls
FILE:20160930 105659,D:\WORK\Project\苗尾\昆明院苗尾监测资料\内观资料\溢洪道\溢洪道泄槽段右侧边坡\溢洪道泄槽段右侧边坡渗压计.xls
FILE:20160930 105659,D:\WORK\Project\苗尾\昆明院苗尾监测资料\内观资料\溢洪道\溢洪道泄槽段左侧边坡\溢洪道泄槽段左侧边坡渗压计.xls
FILE:20160930 105659,D:\WORK\Project\苗尾\昆明院苗尾监测资料\内观资料\溢洪道\溢洪道泄槽段底板\溢洪道泄槽段底板渗压计.xls
FILE:20160930 105659,D:\WORK\Project\苗尾\昆明院苗尾监测资料\内观资料\溢洪道\溢洪道进水渠边坡\溢洪道进水渠边坡渗压计.xls
PARAM:PPD45-1-1
PARAM:PPD45-1-2
PARAM:PPD45-2-1
PARAM:PPD45-2-2
PARAM:PPD45-3-1
PARAM:PPD45-3-2
PARAM:UPChb2-1
PARAM:UPChb4-1
PARAM:UPChb5-1
PARAM:UPChb5-2
PARAM:渗压计UPYtb-1
PARAM:渗压计UPYtb-2
PARAM:PBJ-F119,144+012
PARAM:PBJ-F107,166-012
PARAM:PBJ-F144,120-030
PARAM:渗压计UPYb3-1
PARAM:渗压计UPYb4-1
PARAM:渗压计UPYb9-1
FILE:20160930 110250,D:\WORK\Project\苗尾\昆明院苗尾监测资料\内观资料\PD45探洞（渗压计）\PD45探洞渗压计.xls
FILE:20160930 110250,D:\WORK\Project\苗尾\昆明院苗尾监测资料\内观资料\厂后\厂后区渗压计.xls
FILE:20160930 110250,D:\WORK\Project\苗尾\昆明院苗尾监测资料\内观资料\右坝头\右坝头渗压计.xls
FILE:20160930 110251,D:\WORK\Project\苗尾\昆明院苗尾监测资料\内观资料\大坝\大坝基础（渗压计）\大坝基础渗压计.xls
FILE:20160930 110251,D:\WORK\Project\苗尾\昆明院苗尾监测资料\内观资料\大坝\大坝心墙\渗压计.xls
FILE:20160930 110251,D:\WORK\Project\苗尾\昆明院苗尾监测资料\内观资料\溢洪道\溢洪道泄槽段右侧边坡\溢洪道泄槽段右侧边坡渗压计.xls
FILE:20160930 110251,D:\WORK\Project\苗尾\昆明院苗尾监测资料\内观资料\溢洪道\溢洪道泄槽段左侧边坡\溢洪道泄槽段左侧边坡渗压计.xls
FILE:20160930 110251,D:\WORK\Project\苗尾\昆明院苗尾监测资料\内观资料\溢洪道\溢洪道泄槽段底板\溢洪道泄槽段底板渗压计.xls
FILE:20160930 110251,D:\WORK\Project\苗尾\昆明院苗尾监测资料\内观资料\溢洪道\溢洪道进水渠边坡\溢洪道进水渠边坡渗压计.xls
PARAM:PPD45-1-1
PARAM:PPD45-1-2
PARAM:PPD45-2-1
PARAM:PPD45-2-2
PARAM:PPD45-3-1
PARAM:PPD45-3-2
PARAM:UPChb2-1
PARAM:UPChb4-1
PARAM:UPChb5-1
PARAM:UPChb5-2
PARAM:渗压计UPYtb-1
PARAM:渗压计UPYtb-2
PARAM:PBJ-F119,144+012
PARAM:PBJ-F107,166-012
PARAM:PBJ-F144,120-030
PARAM:渗压计UPYb3-1
PARAM:渗压计UPYb4-1
PARAM:渗压计UPYb9-1
FILE:20160930 110403,D:\WORK\Project\苗尾\昆明院苗尾监测资料\内观资料\PD45探洞（渗压计）\PD45探洞渗压计.xls
FILE:20160930 110403,D:\WORK\Project\苗尾\昆明院苗尾监测资料\内观资料\厂后\厂后区渗压计.xls
FILE:20160930 110403,D:\WORK\Project\苗尾\昆明院苗尾监测资料\内观资料\右坝头\右坝头渗压计.xls
FILE:20160930 110403,D:\WORK\Project\苗尾\昆明院苗尾监测资料\内观资料\大坝\大坝基础（渗压计）\大坝基础渗压计.xls
FILE:20160930 110404,D:\WORK\Project\苗尾\昆明院苗尾监测资料\内观资料\大坝\大坝心墙\渗压计.xls
FILE:20160930 110404,D:\WORK\Project\苗尾\昆明院苗尾监测资料\内观资料\溢洪道\溢洪道泄槽段右侧边坡\溢洪道泄槽段右侧边坡渗压计.xls
FILE:20160930 110404,D:\WORK\Project\苗尾\昆明院苗尾监测资料\内观资料\溢洪道\溢洪道泄槽段左侧边坡\溢洪道泄槽段左侧边坡渗压计.xls
FILE:20160930 110404,D:\WORK\Project\苗尾\昆明院苗尾监测资料\内观资料\溢洪道\溢洪道泄槽段底板\溢洪道泄槽段底板渗压计.xls
FILE:20160930 110404,D:\WORK\Project\苗尾\昆明院苗尾监测资料\内观资料\溢洪道\溢洪道进水渠边坡\溢洪道进水渠边坡渗压计.xls
PARAM:PPD45-1-1
PARAM:PPD45-1-2
PARAM:PPD45-2-1
PARAM:PPD45-2-2
PARAM:PPD45-3-1
PARAM:PPD45-3-2
PARAM:UPChb2-1
PARAM:UPChb4-1
PARAM:UPChb5-1
PARAM:UPChb5-2
PARAM:渗压计UPYtb-1
PARAM:渗压计UPYtb-2
PARAM:PBJ-F119,144+012
PARAM:PBJ-F107,166-012
PARAM:PBJ-F144,120-030
PARAM:渗压计UPYb3-1
PARAM:渗压计UPYb4-1
PARAM:渗压计UPYb9-1
FILE:2016-09-30 11:26:31,D:\WORK\Project\苗尾\昆明院苗尾监测资料\内观资料\PD45探洞（渗压计）\PD45探洞渗压计.xls
FILE:2016-09-30 11:26:32,D:\WORK\Project\苗尾\昆明院苗尾监测资料\内观资料\厂后\厂后区渗压计.xls
FILE:2016-09-30 11:26:32,D:\WORK\Project\苗尾\昆明院苗尾监测资料\内观资料\右坝头\右坝头渗压计.xls
FILE:2016-09-30 11:26:32,D:\WORK\Project\苗尾\昆明院苗尾监测资料\内观资料\大坝\大坝基础（渗压计）\大坝基础渗压计.xls
FILE:2016-09-30 11:26:32,D:\WORK\Project\苗尾\昆明院苗尾监测资料\内观资料\大坝\大坝心墙\渗压计.xls
FILE:2016-09-30 11:26:32,D:\WORK\Project\苗尾\昆明院苗尾监测资料\内观资料\溢洪道\溢洪道泄槽段右侧边坡\溢洪道泄槽段右侧边坡渗压计.xls
FILE:2016-09-30 11:26:32,D:\WORK\Project\苗尾\昆明院苗尾监测资料\内观资料\溢洪道\溢洪道泄槽段左侧边坡\溢洪道泄槽段左侧边坡渗压计.xls
FILE:2016-09-30 11:26:32,D:\WORK\Project\苗尾\昆明院苗尾监测资料\内观资料\溢洪道\溢洪道泄槽段底板\溢洪道泄槽段底板渗压计.xls
FILE:2016-09-30 11:26:32,D:\WORK\Project\苗尾\昆明院苗尾监测资料\内观资料\溢洪道\溢洪道进水渠边坡\溢洪道进水渠边坡渗压计.xls
PARAM:PPD45-1-1
PARAM:PPD45-1-2
PARAM:PPD45-2-1
PARAM:PPD45-2-2
PARAM:PPD45-3-1
PARAM:PPD45-3-2
PARAM:UPChb2-1
PARAM:UPChb4-1
PARAM:UPChb5-1
PARAM:UPChb5-2
PARAM:渗压计UPYtb-1
PARAM:渗压计UPYtb-2
PARAM:PBJ-F119,144+012
PARAM:PBJ-F107,166-012
PARAM:PBJ-F144,120-030
PARAM:渗压计UPYb3-1
PARAM:渗压计UPYb4-1
PARAM:渗压计UPYb9-1
FILE:2016-09-30 02:39:30,D:\WORK\Project\苗尾\昆明院苗尾监测资料\内观资料\PD45探洞（渗压计）\PD45探洞渗压计.xls
FILE:2016-09-30 02:39:30,D:\WORK\Project\苗尾\昆明院苗尾监测资料\内观资料\厂后\厂后区渗压计.xls
FILE:2016-09-30 02:39:30,D:\WORK\Project\苗尾\昆明院苗尾监测资料\内观资料\右坝头\右坝头渗压计.xls
FILE:2016-09-30 02:39:30,D:\WORK\Project\苗尾\昆明院苗尾监测资料\内观资料\大坝\大坝基础（渗压计）\大坝基础渗压计.xls
FILE:2016-09-30 02:39:31,D:\WORK\Project\苗尾\昆明院苗尾监测资料\内观资料\大坝\大坝心墙\渗压计.xls
FILE:2016-09-30 02:39:31,D:\WORK\Project\苗尾\昆明院苗尾监测资料\内观资料\溢洪道\溢洪道泄槽段右侧边坡\溢洪道泄槽段右侧边坡渗压计.xls
FILE:2016-09-30 02:39:31,D:\WORK\Project\苗尾\昆明院苗尾监测资料\内观资料\溢洪道\溢洪道泄槽段左侧边坡\溢洪道泄槽段左侧边坡渗压计.xls
FILE:2016-09-30 02:39:31,D:\WORK\Project\苗尾\昆明院苗尾监测资料\内观资料\溢洪道\溢洪道泄槽段底板\溢洪道泄槽段底板渗压计.xls
FILE:2016-09-30 02:39:31,D:\WORK\Project\苗尾\昆明院苗尾监测资料\内观资料\溢洪道\溢洪道进水渠边坡\溢洪道进水渠边坡渗压计.xls
PARAM:PPD45-1-1
PARAM:PPD45-1-2
PARAM:PPD45-2-1
PARAM:PPD45-2-2
PARAM:PPD45-3-1
PARAM:PPD45-3-2
PARAM:UPChb2-1
PARAM:UPChb4-1
PARAM:UPChb5-1
PARAM:UPChb5-2
PARAM:渗压计UPYtb-1
PARAM:渗压计UPYtb-2
PARAM:PBJ-F119,144+012
PARAM:PBJ-F107,166-012
PARAM:PBJ-F144,120-030
PARAM:渗压计UPYb3-1
PARAM:渗压计UPYb4-1
PARAM:渗压计UPYb9-1
FILE:2016-09-30 02:42:15,D:\WORK\Project\苗尾\昆明院苗尾监测资料\内观资料\PD45探洞（渗压计）\PD45探洞渗压计.xls
FILE:2016-09-30 02:42:15,D:\WORK\Project\苗尾\昆明院苗尾监测资料\内观资料\厂后\厂后区渗压计.xls
FILE:2016-09-30 02:42:15,D:\WORK\Project\苗尾\昆明院苗尾监测资料\内观资料\右坝头\右坝头渗压计.xls
FILE:2016-09-30 02:42:16,D:\WORK\Project\苗尾\昆明院苗尾监测资料\内观资料\大坝\大坝基础（渗压计）\大坝基础渗压计.xls
FILE:2016-09-30 02:42:16,D:\WORK\Project\苗尾\昆明院苗尾监测资料\内观资料\大坝\大坝心墙\渗压计.xls
FILE:2016-09-30 02:42:16,D:\WORK\Project\苗尾\昆明院苗尾监测资料\内观资料\溢洪道\溢洪道泄槽段右侧边坡\溢洪道泄槽段右侧边坡渗压计.xls
FILE:2016-09-30 02:42:16,D:\WORK\Project\苗尾\昆明院苗尾监测资料\内观资料\溢洪道\溢洪道泄槽段左侧边坡\溢洪道泄槽段左侧边坡渗压计.xls
FILE:2016-09-30 02:42:16,D:\WORK\Project\苗尾\昆明院苗尾监测资料\内观资料\溢洪道\溢洪道泄槽段底板\溢洪道泄槽段底板渗压计.xls
FILE:2016-09-30 02:42:16,D:\WORK\Project\苗尾\昆明院苗尾监测资料\内观资料\溢洪道\溢洪道进水渠边坡\溢洪道进水渠边坡渗压计.xls
PARAM:PPD45-1-1
PARAM:PPD45-1-2
PARAM:PPD45-2-1
PARAM:PPD45-2-2
PARAM:PPD45-3-1
PARAM:PPD45-3-2
PARAM:UPChb2-1
PARAM:UPChb4-1
PARAM:UPChb5-1
PARAM:UPChb5-2
PARAM:渗压计UPYtb-1
PARAM:渗压计UPYtb-2
PARAM:PBJ-F119,144+012
PARAM:PBJ-F107,166-012
PARAM:PBJ-F144,120-030
PARAM:渗压计UPYb3-1
PARAM:渗压计UPYb4-1
PARAM:渗压计UPYb9-1
