FILE:2017-01-10 09:16:10,D:\AWORK\向家坝\向家坝11月数据\二标段数据及月报（2016.11）\2016年11月月报及数据\2标段内观\右岸马延坡边坡\马延坡-水位观测孔.xlsx
考证表
OH1
OH2
公式
图
五期成果表
7期成果表
四期成果表
特征值
9期成果表
FILE:2017-01-10 09:16:10,D:\AWORK\向家坝\向家坝11月数据\二标段数据及月报（2016.11）\2016年11月月报及数据\2标段内观\尾渣坝-右岸护坡\尾渣坝右岸护坡-水位观测孔.xlsx
OHw-1
OHw-2
OHw-3
OHw-4
OHw-5
OHw-6
OHw-7
OHw-8
OHw-9
OHh-2
OHh-3
公式
图
五期成果表
7期成果表
四期成果表
特征值
9期成果表
FILE:2017-01-10 09:16:10,D:\AWORK\向家坝\向家坝11月数据\二标段数据及月报（2016.11）\2016年11月月报及数据\2标段内观\左岸高边坡\左岸边坡-水位观测孔.xlsx
UP-1
UP-2
UP-3
UP-4
UP-5
UP-6
UP-7
UP-8
UP-9
UP-10
UP-11
UP-12
UP-13
UP-14
UP-15
UP-16
UP-17
UP-18
UP-19
UP-20
UP-21
UP-22
图2
UP-27
UP-28
UP-29
UP-30
UP-31
UP-32
UP-33
UP-34
UP-35
UP-36
UP-37
UP-38
UP-39
UP-40
公式
四期成果表
五期成果表
图
特征值
